Mplus VERSION 7.3
MUTHEN & MUTHEN
12/17/2016  11:52 AM

INPUT INSTRUCTIONS

  TITLE:
  Script produced from the prototype in ./sandbox/syntax-creator/
  DATA:
  File = wide-dataset.dat ;
  VARIABLE:
  NAMES are
   Case PairID female age_c80 edu_c7 sbp_c167 smoke cardio diabetes dementia_ever
      years_since_bl_01 years_since_bl_02 years_since_bl_03 years_since_bl_04
      years_since_bl_05 pef_01 pef_02 pef_03 pef_04 pef_05 grip_01 grip_02 grip_03
      grip_04 grip_05 gait_01 gait_02 gait_03 gait_04 gait_05 block_01 block_02
      block_03 block_04 block_05 digitspanbackward_01 digitspanbackward_02
      digitspanbackward_03 digitspanbackward_04 digitspanbackward_05
      digitspanforward_01 digitspanforward_02 digitspanforward_03 digitspanforward_04
      digitspanforward_05 symbol_01 symbol_02 symbol_03 symbol_04 symbol_05 prose_01
      prose_02 prose_03 prose_04 prose_05 info_01 info_02 info_03 info_04 info_05
      synonyms_01 synonyms_02 synonyms_03 synonyms_04 synonyms_05 psif_01 psif_02
      psif_03 psif_04 psif_05 figure_01 figure_02 figure_03 figure_04 figure_05
      mirrecall_01 mirrecall_02 mirrecall_03 mirrecall_04 mirrecall_05 mmse_01 mmse_02
      mmse_03 mmse_04 mmse_05 mirnaming_01 mirnaming_02 mirnaming_03 mirnaming_04
      mirnaming_05 mirrecog_01 mirrecog_02 mirrecog_03 mirrecog_04 mirrecog_05
      clock_01 clock_02 clock_03 clock_04 clock_05
  	;
  Missing are all (-9999);
  USEVARIABLES are
  	!define the variables used in the analysis
  	! covariates used in the model
  age_c80
  edu_c7
  female
  sbp_c167	
  	!estimated time points
  time_01
  time_02
  time_03
  time_04
  	!modelled time points of process (A)
  a_01
  a_02
  a_03
  a_04
  ;
  TSCORES are
  	!estimated time points
  time_01
  time_02
  time_03
  time_04;
  CLUSTER = PairID;
  SUBPOPULATION are
  	!select a subset of observations
  dementia_ever NE 1
  ;
  DEFINE:
  	! assign variables to the process (A)
  a_01 = mirrecog_01;
  a_02 = mirrecog_02;
  a_03 = mirrecog_03;
  a_04 = mirrecog_04;
  	!assign variables to time points
  time_01 = years_since_bl_01;
  time_02 = years_since_bl_02;
  time_03 = years_since_bl_03;
  time_04 = years_since_bl_04;
  	
  ANALYSIS: TYPE = RANDOM COMPLEX;
  COVERAGE=.00;
  MODEL:
  	!first-level equation
  	! assign process (A) to time points
  ia sa | a_01 AT time_01 ;
  ia sa | a_02 AT time_02 ;
  ia sa | a_03 AT time_03 ;
  ia sa | a_04 AT time_04 ;
  	!variance of the first-level terms
  ia (v_ia);
  sa (v_sa);
  	!covariance among first-level terms
  ia WITH sa (c_iasa);
  	!second-level equation
  ia sa ON age_c80
  edu_c7
  female
  sbp_c167;
  	!residual covariance of process (A)
  a_01 (res_a);
  a_02 (res_a);
  a_03 (res_a);
  a_04 (res_a);	
  SAVEDATA:
  FILE is   u1_1234_aefb_mirrecog_fscores.dat;
  SAVE = FSCORES;
  RESULTS are   u1_1234_aefb_mirrecog_results.dat;
  	
  OUTPUT: sampstat cinterval;
  PLOT: Type is Plot1 Plot2 Plot3;



*** WARNING
  Data set contains cases with missing on x-variables.
  These cases were not included in the analysis.
  Number of cases with missing on x-variables:  92
*** WARNING
  Data set contains cases with missing on all variables except
  x-variables.  These cases were not included in the analysis.
  Number of cases with missing on all variables except x-variables:  33
   2 WARNING(S) FOUND IN THE INPUT INSTRUCTIONS




Script produced from the prototype in ./sandbox/syntax-creator/

SUMMARY OF ANALYSIS

Number of groups                                                 1
Number of observations                                         417

Number of dependent variables                                    4
Number of independent variables                                  4
Number of continuous latent variables                            2

Observed dependent variables

  Continuous
   A_01        A_02        A_03        A_04

Observed independent variables
   AGE_C80     EDU_C7      FEMALE      SBP_C167

Continuous latent variables
   IA          SA

Variables with special functions

  Cluster variable      PAIRID
  Weight variable       _WEIGHT

  Time scores
   TIME_01     TIME_02     TIME_03     TIME_04


Estimator                                                      MLR
Information matrix                                        OBSERVED
Maximum number of iterations                                   100
Convergence criterion                                    0.100D-05
Maximum number of EM iterations                                500
Convergence criteria for the EM algorithm
  Loglikelihood change                                   0.100D-02
  Relative loglikelihood change                          0.100D-05
  Derivative                                             0.100D-03
Minimum variance                                         0.100D-03
Maximum number of steepest descent iterations                   20
Maximum number of iterations for H1                           2000
Convergence criterion for H1                             0.100D-03
Optimization algorithm                                         EMA

Input data file(s)
  wide-dataset.dat
Input data format  FREE



SAMPLE STATISTICS


     ESTIMATED SAMPLE STATISTICS


           Means
              A_01          A_02          A_03          A_04          AGE_C80
              ________      ________      ________      ________      ________
 1              9.677         9.694         9.640         9.547         3.250


           Means
              EDU_C7        FEMALE        SBP_C167
              ________      ________      ________
 1              0.297         0.652        -5.945


           Covariances
              A_01          A_02          A_03          A_04          AGE_C80
              ________      ________      ________      ________      ________
 A_01           1.511
 A_02           0.574         1.526
 A_03           0.906         0.905         1.768
 A_04           1.105         0.962         1.858         2.346
 AGE_C80       -0.579        -0.755        -0.758        -0.618         7.945
 EDU_C7         0.256         0.389         0.368         0.369        -0.821
 FEMALE         0.059         0.040         0.094         0.148         0.080
 SBP_C167       1.644         2.512         3.016         1.791        -4.597


           Covariances
              EDU_C7        FEMALE        SBP_C167
              ________      ________      ________
 EDU_C7         6.175
 FEMALE        -0.115         0.227
 SBP_C167       0.633         0.691       509.678


           Correlations
              A_01          A_02          A_03          A_04          AGE_C80
              ________      ________      ________      ________      ________
 A_01           1.000
 A_02           0.378         1.000
 A_03           0.554         0.551         1.000
 A_04           0.587         0.509         0.912         1.000
 AGE_C80       -0.167        -0.217        -0.202        -0.143         1.000
 EDU_C7         0.084         0.127         0.111         0.097        -0.117
 FEMALE         0.101         0.068         0.149         0.204         0.059
 SBP_C167       0.059         0.090         0.100         0.052        -0.072


           Correlations
              EDU_C7        FEMALE        SBP_C167
              ________      ________      ________
 EDU_C7         1.000
 FEMALE        -0.097         1.000
 SBP_C167       0.011         0.064         1.000


     MAXIMUM LOG-LIKELIHOOD VALUE FOR THE UNRESTRICTED (H1) MODEL IS -8036.246


UNIVARIATE HIGHER-ORDER MOMENT DESCRIPTIVE STATISTICS


     UNIVARIATE HIGHER-ORDER MOMENT DESCRIPTIVE STATISTICS

         Variable/         Mean/     Skewness/   Minimum/ % with                Percentiles
        Sample Size      Variance    Kurtosis    Maximum  Min/Max      20%/60%    40%/80%    Median

     A_01                  9.684      -4.978       0.000    2.21%      10.000     10.000     10.000
             542.000       1.509      27.702      10.000   81.55%      10.000     10.000
     A_02                  9.732      -5.645       0.000    5.96%       9.000     10.000     10.000
             453.000       1.420      34.130      10.000   78.37%      10.000     10.000
     A_03                  9.754      -6.201       0.000    7.41%       9.000     10.000     10.000
             351.000       1.400      41.928      10.000   76.35%      10.000     10.000
     A_04                  9.710      -5.785       0.000    9.24%       8.000     10.000     10.000
             249.000       1.648      36.636      10.000   73.49%      10.000     10.000
     AGE_C80               3.250       1.048      -0.581    0.17%       0.877      1.811      2.425
             577.000       7.945       0.464      13.313    0.35%       3.194      5.718
     EDU_C7                0.297       2.170      -7.000    0.17%      -1.000     -1.000     -1.000
             577.000       6.175       7.316      16.000    0.17%       0.000      1.000
     FEMALE                0.652      -0.639       0.000   34.66%       0.000      1.000      1.000
             577.000       0.227      -1.591       1.000   65.34%       1.000      1.000
     SBP_C167             -5.945       0.371     -57.000    1.56%     -27.000    -12.000     -7.000
             577.000     509.678       0.689      93.000    0.17%      -7.000     13.000


THE MODEL ESTIMATION TERMINATED NORMALLY



MODEL FIT INFORMATION

Number of Free Parameters                       14

Loglikelihood

          H0 Value                       -1717.526
          H0 Scaling Correction Factor      5.0651
            for MLR

Information Criteria

          Akaike (AIC)                    3463.051
          Bayesian (BIC)                  3519.514
          Sample-Size Adjusted BIC        3475.089
            (n* = (n + 2) / 24)



MODEL RESULTS

                                                    Two-Tailed
                    Estimate       S.E.  Est./S.E.    P-Value

 IA         ON
    AGE_C80           -0.078      0.032     -2.420      0.016
    EDU_C7             0.040      0.018      2.251      0.024
    FEMALE             0.252      0.144      1.756      0.079
    SBP_C167           0.003      0.002      1.254      0.210

 SA         ON
    AGE_C80           -0.002      0.008     -0.279      0.780
    EDU_C7             0.005      0.006      0.884      0.377
    FEMALE             0.049      0.041      1.192      0.233
    SBP_C167           0.000      0.001      0.404      0.686

 IA       WITH
    SA                 0.018      0.071      0.255      0.799

 Intercepts
    A_01               0.000      0.000    999.000    999.000
    A_02               0.000      0.000    999.000    999.000
    A_03               0.000      0.000    999.000    999.000
    A_04               0.000      0.000    999.000    999.000
    IA                 9.791      0.100     98.091      0.000
    SA                -0.044      0.035     -1.245      0.213

 Residual Variances
    A_01               0.629      0.185      3.406      0.001
    A_02               0.629      0.185      3.406      0.001
    A_03               0.629      0.185      3.406      0.001
    A_04               0.629      0.185      3.406      0.001
    IA                 0.672      0.311      2.163      0.031
    SA                 0.019      0.022      0.878      0.380


QUALITY OF NUMERICAL RESULTS

     Condition Number for the Information Matrix              0.125E-02
       (ratio of smallest to largest eigenvalue)


CONFIDENCE INTERVALS OF MODEL RESULTS

                  Lower .5%  Lower 2.5%    Lower 5%    Estimate    Upper 5%  Upper 2.5%   Upper .5%

 IA       ON
    AGE_C80         -0.161      -0.141      -0.131      -0.078      -0.025      -0.015       0.005
    EDU_C7          -0.006       0.005       0.011       0.040       0.070       0.075       0.086
    FEMALE          -0.118      -0.029       0.016       0.252       0.489       0.534       0.623
    SBP_C167        -0.003      -0.001      -0.001       0.003       0.006       0.007       0.008

 SA       ON
    AGE_C80         -0.023      -0.018      -0.015      -0.002       0.011       0.013       0.018
    EDU_C7          -0.009      -0.006      -0.004       0.005       0.014       0.016       0.019
    FEMALE          -0.057      -0.032      -0.019       0.049       0.117       0.130       0.156
    SBP_C167        -0.001      -0.001      -0.001       0.000       0.001       0.001       0.002

 IA       WITH
    SA              -0.164      -0.121      -0.098       0.018       0.134       0.157       0.200

 Intercepts
    A_01             0.000       0.000       0.000       0.000       0.000       0.000       0.000
    A_02             0.000       0.000       0.000       0.000       0.000       0.000       0.000
    A_03             0.000       0.000       0.000       0.000       0.000       0.000       0.000
    A_04             0.000       0.000       0.000       0.000       0.000       0.000       0.000
    IA               9.534       9.595       9.627       9.791       9.955       9.986      10.048
    SA              -0.135      -0.113      -0.102      -0.044       0.014       0.025       0.047

 Residual Variances
    A_01             0.153       0.267       0.325       0.629       0.933       0.991       1.104
    A_02             0.153       0.267       0.325       0.629       0.933       0.991       1.104
    A_03             0.153       0.267       0.325       0.629       0.933       0.991       1.104
    A_04             0.153       0.267       0.325       0.629       0.933       0.991       1.104
    IA              -0.128       0.063       0.161       0.672       1.184       1.282       1.473
    SA              -0.037      -0.024      -0.017       0.019       0.056       0.063       0.076


SAMPLE STATISTICS FOR ESTIMATED FACTOR SCORES


     SAMPLE STATISTICS


           Means
              IA            IA_SE         SA            SA_SE
              ________      ________      ________      ________
 1              9.129         0.465        -0.093         0.115


           Covariances
              IA            IA_SE         SA            SA_SE
              ________      ________      ________      ________
 IA             2.433
 IA_SE         -0.014         0.004
 SA             0.205         0.000         0.034
 SA_SE         -0.005         0.001         0.000         0.000


           Correlations
              IA            IA_SE         SA            SA_SE
              ________      ________      ________      ________
 IA             1.000
 IA_SE         -0.154         1.000
 SA             0.708         0.045         1.000
 SA_SE         -0.184         0.811         0.066         1.000


RESULTS SAVING INFORMATION

  Order of data

    Parameter estimates
     (saved in order shown in Technical 1 output)
    Standard errors
     (saved in order shown in Technical 1 output)
    H0 Loglikelihood
    H0 Scaling Correction Factor for MLR
    Number of Free Parameters
    Akaike (AIC)
    Bayesian (BIC)
    Sample-Size Adjusted BIC

  Save file
    u1_1234_aefb_mirrecog_results.dat

  Save file format           Free


PLOT INFORMATION

The following plots are available:

  Histograms (sample values, estimated factor scores)
  Scatterplots (sample values, estimated factor scores)
  Latent variable distribution plots

SAVEDATA INFORMATION


  Save file
    u1_1234_aefb_mirrecog_fscores.dat

  Order and format of variables

    A_01           F10.3
    A_02           F10.3
    A_03           F10.3
    A_04           F10.3
    AGE_C80        F10.3
    EDU_C7         F10.3
    FEMALE         F10.3
    SBP_C167       F10.3
    TIME_01        F10.3
    TIME_02        F10.3
    TIME_03        F10.3
    TIME_04        F10.3
    _WEIGHT        F10.3
    IA             F10.3
    IA_SE          F10.3
    SA             F10.3
    SA_SE          F10.3
    PAIRID         I6

  Save file format
    17F10.3 I6

  Save file record length    10000


     Beginning Time:  11:52:17
        Ending Time:  11:52:18
       Elapsed Time:  00:00:01



MUTHEN & MUTHEN
3463 Stoner Ave.
Los Angeles, CA  90066

Tel: (310) 391-9971
Fax: (310) 391-8971
Web: www.StatModel.com
Support: Support@StatModel.com

Copyright (c) 1998-2014 Muthen & Muthen
