Mplus VERSION 7.3
MUTHEN & MUTHEN
12/17/2016  11:52 AM

INPUT INSTRUCTIONS

  TITLE:
  Script produced from the prototype in ./sandbox/syntax-creator/
  DATA:
  File = wide-dataset.dat ;
  VARIABLE:
  NAMES are
   Case PairID female age_c80 edu_c7 sbp_c167 smoke cardio diabetes dementia_ever
      years_since_bl_01 years_since_bl_02 years_since_bl_03 years_since_bl_04
      years_since_bl_05 pef_01 pef_02 pef_03 pef_04 pef_05 grip_01 grip_02 grip_03
      grip_04 grip_05 gait_01 gait_02 gait_03 gait_04 gait_05 block_01 block_02
      block_03 block_04 block_05 digitspanbackward_01 digitspanbackward_02
      digitspanbackward_03 digitspanbackward_04 digitspanbackward_05
      digitspanforward_01 digitspanforward_02 digitspanforward_03 digitspanforward_04
      digitspanforward_05 symbol_01 symbol_02 symbol_03 symbol_04 symbol_05 prose_01
      prose_02 prose_03 prose_04 prose_05 info_01 info_02 info_03 info_04 info_05
      synonyms_01 synonyms_02 synonyms_03 synonyms_04 synonyms_05 psif_01 psif_02
      psif_03 psif_04 psif_05 figure_01 figure_02 figure_03 figure_04 figure_05
      mirrecall_01 mirrecall_02 mirrecall_03 mirrecall_04 mirrecall_05 mmse_01 mmse_02
      mmse_03 mmse_04 mmse_05 mirnaming_01 mirnaming_02 mirnaming_03 mirnaming_04
      mirnaming_05 mirrecog_01 mirrecog_02 mirrecog_03 mirrecog_04 mirrecog_05
      clock_01 clock_02 clock_03 clock_04 clock_05
  	;
  Missing are all (-9999);
  USEVARIABLES are
  	!define the variables used in the analysis
  	! covariates used in the model
  age_c80
  edu_c7
  female
  sbp_c167	
  	!estimated time points
  time_01
  time_02
  time_04
  time_05
  	!modelled time points of process (A)
  a_01
  a_02
  a_04
  a_05
  ;
  TSCORES are
  	!estimated time points
  time_01
  time_02
  time_04
  time_05;
  CLUSTER = PairID;
  SUBPOPULATION are
  	!select a subset of observations
  dementia_ever NE 1
  ;
  DEFINE:
  	! assign variables to the process (A)
  a_01 = mirrecog_01;
  a_02 = mirrecog_02;
  a_04 = mirrecog_04;
  a_05 = mirrecog_05;
  	!assign variables to time points
  time_01 = years_since_bl_01;
  time_02 = years_since_bl_02;
  time_04 = years_since_bl_04;
  time_05 = years_since_bl_05;
  	
  ANALYSIS: TYPE = RANDOM COMPLEX;
  COVERAGE=.00;
  MODEL:
  	!first-level equation
  	! assign process (A) to time points
  ia sa | a_01 AT time_01 ;
  ia sa | a_02 AT time_02 ;
  ia sa | a_04 AT time_04 ;
  ia sa | a_05 AT time_05 ;
  	!variance of the first-level terms
  ia (v_ia);
  sa (v_sa);
  	!covariance among first-level terms
  ia WITH sa (c_iasa);
  	!second-level equation
  ia sa ON age_c80
  edu_c7
  female
  sbp_c167;
  	!residual covariance of process (A)
  a_01 (res_a);
  a_02 (res_a);
  a_04 (res_a);
  a_05 (res_a);	
  SAVEDATA:
  FILE is   u1_1245_aefb_mirrecog_fscores.dat;
  SAVE = FSCORES;
  RESULTS are   u1_1245_aefb_mirrecog_results.dat;
  	
  OUTPUT: sampstat cinterval;
  PLOT: Type is Plot1 Plot2 Plot3;



*** WARNING
  Data set contains cases with missing on x-variables.
  These cases were not included in the analysis.
  Number of cases with missing on x-variables:  92
*** WARNING
  Data set contains cases with missing on all variables except
  x-variables.  These cases were not included in the analysis.
  Number of cases with missing on all variables except x-variables:  36
   2 WARNING(S) FOUND IN THE INPUT INSTRUCTIONS




Script produced from the prototype in ./sandbox/syntax-creator/

SUMMARY OF ANALYSIS

Number of groups                                                 1
Number of observations                                         415

Number of dependent variables                                    4
Number of independent variables                                  4
Number of continuous latent variables                            2

Observed dependent variables

  Continuous
   A_01        A_02        A_04        A_05

Observed independent variables
   AGE_C80     EDU_C7      FEMALE      SBP_C167

Continuous latent variables
   IA          SA

Variables with special functions

  Cluster variable      PAIRID
  Weight variable       _WEIGHT

  Time scores
   TIME_01     TIME_02     TIME_04     TIME_05


Estimator                                                      MLR
Information matrix                                        OBSERVED
Maximum number of iterations                                   100
Convergence criterion                                    0.100D-05
Maximum number of EM iterations                                500
Convergence criteria for the EM algorithm
  Loglikelihood change                                   0.100D-02
  Relative loglikelihood change                          0.100D-05
  Derivative                                             0.100D-03
Minimum variance                                         0.100D-03
Maximum number of steepest descent iterations                   20
Maximum number of iterations for H1                           2000
Convergence criterion for H1                             0.100D-03
Optimization algorithm                                         EMA

Input data file(s)
  wide-dataset.dat
Input data format  FREE



SAMPLE STATISTICS


     ESTIMATED SAMPLE STATISTICS


           Means
              A_01          A_02          A_04          A_05          AGE_C80
              ________      ________      ________      ________      ________
 1              9.674         9.686         9.497         9.303         3.253


           Means
              EDU_C7        FEMALE        SBP_C167
              ________      ________      ________
 1              0.301         0.655        -6.036


           Covariances
              A_01          A_02          A_04          A_05          AGE_C80
              ________      ________      ________      ________      ________
 A_01           1.519
 A_02           0.592         1.580
 A_04           1.076         1.190         2.424
 A_05           0.842         2.077         1.703         3.421
 AGE_C80       -0.593        -0.781        -0.890        -1.223         7.977
 EDU_C7         0.263         0.403         0.542         0.220        -0.825
 FEMALE         0.061         0.040         0.127         0.144         0.078
 SBP_C167       1.606         2.776         3.515         5.168        -4.571


           Covariances
              EDU_C7        FEMALE        SBP_C167
              ________      ________      ________
 EDU_C7         6.201
 FEMALE        -0.118         0.226
 SBP_C167       0.710         0.754       510.396


           Correlations
              A_01          A_02          A_04          A_05          AGE_C80
              ________      ________      ________      ________      ________
 A_01           1.000
 A_02           0.382         1.000
 A_04           0.561         0.608         1.000
 A_05           0.369         0.893         0.591         1.000
 AGE_C80       -0.170        -0.220        -0.202        -0.234         1.000
 EDU_C7         0.086         0.129         0.140         0.048        -0.117
 FEMALE         0.104         0.068         0.172         0.164         0.058
 SBP_C167       0.058         0.098         0.100         0.124        -0.072


           Correlations
              EDU_C7        FEMALE        SBP_C167
              ________      ________      ________
 EDU_C7         1.000
 FEMALE        -0.100         1.000
 SBP_C167       0.013         0.070         1.000


     MAXIMUM LOG-LIKELIHOOD VALUE FOR THE UNRESTRICTED (H1) MODEL IS -7892.729


UNIVARIATE HIGHER-ORDER MOMENT DESCRIPTIVE STATISTICS


     UNIVARIATE HIGHER-ORDER MOMENT DESCRIPTIVE STATISTICS

         Variable/         Mean/     Skewness/   Minimum/ % with                Percentiles
        Sample Size      Variance    Kurtosis    Maximum  Min/Max      20%/60%    40%/80%    Median

     A_01                  9.684      -4.978       0.000    2.21%      10.000     10.000     10.000
             542.000       1.509      27.702      10.000   81.55%      10.000     10.000
     A_02                  9.732      -5.645       0.000    5.96%       9.000     10.000     10.000
             453.000       1.420      34.130      10.000   78.37%      10.000     10.000
     A_04                  9.710      -5.785       0.000    9.24%       8.000     10.000     10.000
             249.000       1.648      36.636      10.000   73.49%      10.000     10.000
     A_05                  9.672      -5.301       0.000    8.02%       8.000     10.000     10.000
             162.000       1.411      34.301      10.000   75.93%      10.000     10.000
     AGE_C80               3.253       1.044      -0.581    0.17%       0.877      1.811      2.425
             574.000       7.977       0.448      13.313    0.35%       3.194      5.718
     EDU_C7                0.301       2.162      -7.000    0.17%      -1.000     -1.000     -1.000
             574.000       6.201       7.268      16.000    0.17%       0.000      1.000
     FEMALE                0.655      -0.654       0.000   34.49%       0.000      1.000      1.000
             574.000       0.226      -1.572       1.000   65.51%       1.000      1.000
     SBP_C167             -6.036       0.382     -57.000    1.57%     -27.000    -12.000     -7.000
             574.000     510.396       0.701      93.000    0.17%      -7.000     13.000


THE MODEL ESTIMATION TERMINATED NORMALLY



MODEL FIT INFORMATION

Number of Free Parameters                       14

Loglikelihood

          H0 Value                       -1584.354
          H0 Scaling Correction Factor      4.8463
            for MLR

Information Criteria

          Akaike (AIC)                    3196.709
          Bayesian (BIC)                  3253.105
          Sample-Size Adjusted BIC        3208.679
            (n* = (n + 2) / 24)



MODEL RESULTS

                                                    Two-Tailed
                    Estimate       S.E.  Est./S.E.    P-Value

 IA         ON
    AGE_C80           -0.077      0.032     -2.409      0.016
    EDU_C7             0.045      0.018      2.565      0.010
    FEMALE             0.259      0.144      1.797      0.072
    SBP_C167           0.002      0.002      1.039      0.299

 SA         ON
    AGE_C80           -0.004      0.009     -0.469      0.639
    EDU_C7             0.002      0.006      0.256      0.798
    FEMALE             0.044      0.040      1.097      0.273
    SBP_C167           0.001      0.001      1.162      0.245

 IA       WITH
    SA                 0.032      0.121      0.261      0.794

 Intercepts
    A_01               0.000      0.000    999.000    999.000
    A_02               0.000      0.000    999.000    999.000
    A_04               0.000      0.000    999.000    999.000
    A_05               0.000      0.000    999.000    999.000
    IA                 9.786      0.102     95.784      0.000
    SA                -0.044      0.033     -1.335      0.182

 Residual Variances
    A_01               0.801      0.213      3.760      0.000
    A_02               0.801      0.213      3.760      0.000
    A_04               0.801      0.213      3.760      0.000
    A_05               0.801      0.213      3.760      0.000
    IA                 0.557      0.381      1.462      0.144
    SA                 0.003      0.014      0.233      0.816


QUALITY OF NUMERICAL RESULTS

     Condition Number for the Information Matrix              0.305E-02
       (ratio of smallest to largest eigenvalue)


CONFIDENCE INTERVALS OF MODEL RESULTS

                  Lower .5%  Lower 2.5%    Lower 5%    Estimate    Upper 5%  Upper 2.5%   Upper .5%

 IA       ON
    AGE_C80         -0.159      -0.139      -0.129      -0.077      -0.024      -0.014       0.005
    EDU_C7           0.000       0.011       0.016       0.045       0.074       0.079       0.090
    FEMALE          -0.112      -0.023       0.022       0.259       0.496       0.542       0.631
    SBP_C167        -0.003      -0.002      -0.001       0.002       0.006       0.006       0.007

 SA       ON
    AGE_C80         -0.029      -0.023      -0.020      -0.004       0.011       0.014       0.020
    EDU_C7          -0.014      -0.010      -0.008       0.002       0.012       0.014       0.017
    FEMALE          -0.059      -0.034      -0.022       0.044       0.110       0.122       0.147
    SBP_C167        -0.001       0.000       0.000       0.001       0.002       0.002       0.002

 IA       WITH
    SA              -0.281      -0.206      -0.168       0.032       0.231       0.270       0.345

 Intercepts
    A_01             0.000       0.000       0.000       0.000       0.000       0.000       0.000
    A_02             0.000       0.000       0.000       0.000       0.000       0.000       0.000
    A_04             0.000       0.000       0.000       0.000       0.000       0.000       0.000
    A_05             0.000       0.000       0.000       0.000       0.000       0.000       0.000
    IA               9.522       9.585       9.618       9.786       9.954       9.986      10.049
    SA              -0.129      -0.108      -0.098      -0.044       0.010       0.021       0.041

 Residual Variances
    A_01             0.252       0.383       0.450       0.801       1.151       1.218       1.349
    A_02             0.252       0.383       0.450       0.801       1.151       1.218       1.349
    A_04             0.252       0.383       0.450       0.801       1.151       1.218       1.349
    A_05             0.252       0.383       0.450       0.801       1.151       1.218       1.349
    IA              -0.425      -0.190      -0.070       0.557       1.185       1.305       1.540
    SA              -0.033      -0.025      -0.020       0.003       0.027       0.031       0.040


SAMPLE STATISTICS FOR ESTIMATED FACTOR SCORES


     SAMPLE STATISTICS


           Means
              IA            IA_SE         SA            SA_SE
              ________      ________      ________      ________
 1              9.179         0.445        -0.068         0.043


           Covariances
              IA            IA_SE         SA            SA_SE
              ________      ________      ________      ________
 IA             1.949
 IA_SE         -0.013         0.007
 SA             0.125        -0.001         0.008
 SA_SE         -0.001         0.000         0.000         0.000


           Correlations
              IA            IA_SE         SA            SA_SE
              ________      ________      ________      ________
 IA             1.000
 IA_SE         -0.113         1.000
 SA             0.971        -0.083         1.000
 SA_SE         -0.113         0.986        -0.083         1.000


RESULTS SAVING INFORMATION

  Order of data

    Parameter estimates
     (saved in order shown in Technical 1 output)
    Standard errors
     (saved in order shown in Technical 1 output)
    H0 Loglikelihood
    H0 Scaling Correction Factor for MLR
    Number of Free Parameters
    Akaike (AIC)
    Bayesian (BIC)
    Sample-Size Adjusted BIC

  Save file
    u1_1245_aefb_mirrecog_results.dat

  Save file format           Free


PLOT INFORMATION

The following plots are available:

  Histograms (sample values, estimated factor scores)
  Scatterplots (sample values, estimated factor scores)
  Latent variable distribution plots

SAVEDATA INFORMATION


  Save file
    u1_1245_aefb_mirrecog_fscores.dat

  Order and format of variables

    A_01           F10.3
    A_02           F10.3
    A_04           F10.3
    A_05           F10.3
    AGE_C80        F10.3
    EDU_C7         F10.3
    FEMALE         F10.3
    SBP_C167       F10.3
    TIME_01        F10.3
    TIME_02        F10.3
    TIME_04        F10.3
    TIME_05        F10.3
    _WEIGHT        F10.3
    IA             F10.3
    IA_SE          F10.3
    SA             F10.3
    SA_SE          F10.3
    PAIRID         I6

  Save file format
    17F10.3 I6

  Save file record length    10000


     Beginning Time:  11:52:48
        Ending Time:  11:52:51
       Elapsed Time:  00:00:03



MUTHEN & MUTHEN
3463 Stoner Ave.
Los Angeles, CA  90066

Tel: (310) 391-9971
Fax: (310) 391-8971
Web: www.StatModel.com
Support: Support@StatModel.com

Copyright (c) 1998-2014 Muthen & Muthen
