Mplus VERSION 7.3
MUTHEN & MUTHEN
12/17/2016  11:52 AM

INPUT INSTRUCTIONS

  TITLE:
  Script produced from the prototype in ./sandbox/syntax-creator/
  DATA:
  File = wide-dataset.dat ;
  VARIABLE:
  NAMES are
   Case PairID female age_c80 edu_c7 sbp_c167 smoke cardio diabetes dementia_ever
      years_since_bl_01 years_since_bl_02 years_since_bl_03 years_since_bl_04
      years_since_bl_05 pef_01 pef_02 pef_03 pef_04 pef_05 grip_01 grip_02 grip_03
      grip_04 grip_05 gait_01 gait_02 gait_03 gait_04 gait_05 block_01 block_02
      block_03 block_04 block_05 digitspanbackward_01 digitspanbackward_02
      digitspanbackward_03 digitspanbackward_04 digitspanbackward_05
      digitspanforward_01 digitspanforward_02 digitspanforward_03 digitspanforward_04
      digitspanforward_05 symbol_01 symbol_02 symbol_03 symbol_04 symbol_05 prose_01
      prose_02 prose_03 prose_04 prose_05 info_01 info_02 info_03 info_04 info_05
      synonyms_01 synonyms_02 synonyms_03 synonyms_04 synonyms_05 psif_01 psif_02
      psif_03 psif_04 psif_05 figure_01 figure_02 figure_03 figure_04 figure_05
      mirrecall_01 mirrecall_02 mirrecall_03 mirrecall_04 mirrecall_05 mmse_01 mmse_02
      mmse_03 mmse_04 mmse_05 mirnaming_01 mirnaming_02 mirnaming_03 mirnaming_04
      mirnaming_05 mirrecog_01 mirrecog_02 mirrecog_03 mirrecog_04 mirrecog_05
      clock_01 clock_02 clock_03 clock_04 clock_05
  	;
  Missing are all (-9999);
  USEVARIABLES are
  	!define the variables used in the analysis
  	! covariates used in the model
  age_c80
  edu_c7
  female	
  	!estimated time points
  time_01
  time_02
  time_04
  time_05
  	!modelled time points of process (A)
  a_01
  a_02
  a_04
  a_05
  ;
  TSCORES are
  	!estimated time points
  time_01
  time_02
  time_04
  time_05;
  CLUSTER = PairID;
  SUBPOPULATION are
  	!select a subset of observations
  dementia_ever NE 1
  ;
  DEFINE:
  	! assign variables to the process (A)
  a_01 = mirrecog_01;
  a_02 = mirrecog_02;
  a_04 = mirrecog_04;
  a_05 = mirrecog_05;
  	!assign variables to time points
  time_01 = years_since_bl_01;
  time_02 = years_since_bl_02;
  time_04 = years_since_bl_04;
  time_05 = years_since_bl_05;
  	
  ANALYSIS: TYPE = RANDOM COMPLEX;
  COVERAGE=.00;
  MODEL:
  	!first-level equation
  	! assign process (A) to time points
  ia sa | a_01 AT time_01 ;
  ia sa | a_02 AT time_02 ;
  ia sa | a_04 AT time_04 ;
  ia sa | a_05 AT time_05 ;
  	!variance of the first-level terms
  ia (v_ia);
  sa (v_sa);
  	!covariance among first-level terms
  ia WITH sa (c_iasa);
  	!second-level equation
  ia sa ON age_c80
  edu_c7
  female;
  	!residual covariance of process (A)
  a_01 (res_a);
  a_02 (res_a);
  a_04 (res_a);
  a_05 (res_a);	
  SAVEDATA:
  FILE is   u1_1245_aef_mirrecog_fscores.dat;
  SAVE = FSCORES;
  RESULTS are   u1_1245_aef_mirrecog_results.dat;
  	
  OUTPUT: sampstat cinterval;
  PLOT: Type is Plot1 Plot2 Plot3;



*** WARNING
  Data set contains cases with missing on x-variables.
  These cases were not included in the analysis.
  Number of cases with missing on x-variables:  46
*** WARNING
  Data set contains cases with missing on all variables except
  x-variables.  These cases were not included in the analysis.
  Number of cases with missing on all variables except x-variables:  57
   2 WARNING(S) FOUND IN THE INPUT INSTRUCTIONS




Script produced from the prototype in ./sandbox/syntax-creator/

SUMMARY OF ANALYSIS

Number of groups                                                 1
Number of observations                                         430

Number of dependent variables                                    4
Number of independent variables                                  3
Number of continuous latent variables                            2

Observed dependent variables

  Continuous
   A_01        A_02        A_04        A_05

Observed independent variables
   AGE_C80     EDU_C7      FEMALE

Continuous latent variables
   IA          SA

Variables with special functions

  Cluster variable      PAIRID
  Weight variable       _WEIGHT

  Time scores
   TIME_01     TIME_02     TIME_04     TIME_05


Estimator                                                      MLR
Information matrix                                        OBSERVED
Maximum number of iterations                                   100
Convergence criterion                                    0.100D-05
Maximum number of EM iterations                                500
Convergence criteria for the EM algorithm
  Loglikelihood change                                   0.100D-02
  Relative loglikelihood change                          0.100D-05
  Derivative                                             0.100D-03
Minimum variance                                         0.100D-03
Maximum number of steepest descent iterations                   20
Maximum number of iterations for H1                           2000
Convergence criterion for H1                             0.100D-03
Optimization algorithm                                         EMA

Input data file(s)
  wide-dataset.dat
Input data format  FREE



SAMPLE STATISTICS


     ESTIMATED SAMPLE STATISTICS


           Means
              A_01          A_02          A_04          A_05          AGE_C80
              ________      ________      ________      ________      ________
 1              9.632         9.666         9.397         9.259         3.238


           Means
              EDU_C7        FEMALE
              ________      ________
 1              0.312         0.658


           Covariances
              A_01          A_02          A_04          A_05          AGE_C80
              ________      ________      ________      ________      ________
 A_01           1.755
 A_02           0.719         1.633
 A_04           1.560         1.554         3.303
 A_05           1.058         2.242         2.280         3.762
 AGE_C80       -0.502        -0.736        -0.944        -1.202         7.962
 EDU_C7         0.271         0.414         0.639         0.258        -0.807
 FEMALE         0.074         0.050         0.161         0.158         0.090


           Covariances
              EDU_C7        FEMALE
              ________      ________
 EDU_C7         6.219
 FEMALE        -0.124         0.225


           Correlations
              A_01          A_02          A_04          A_05          AGE_C80
              ________      ________      ________      ________      ________
 A_01           1.000
 A_02           0.425         1.000
 A_04           0.648         0.669         1.000
 A_05           0.412         0.904         0.647         1.000
 AGE_C80       -0.134        -0.204        -0.184        -0.220         1.000
 EDU_C7         0.082         0.130         0.141         0.053        -0.115
 FEMALE         0.117         0.083         0.186         0.172         0.067


           Correlations
              EDU_C7        FEMALE
              ________      ________
 EDU_C7         1.000
 FEMALE        -0.105         1.000


     MAXIMUM LOG-LIKELIHOOD VALUE FOR THE UNRESTRICTED (H1) MODEL IS -5544.040


UNIVARIATE HIGHER-ORDER MOMENT DESCRIPTIVE STATISTICS


     UNIVARIATE HIGHER-ORDER MOMENT DESCRIPTIVE STATISTICS

         Variable/         Mean/     Skewness/   Minimum/ % with                Percentiles
        Sample Size      Variance    Kurtosis    Maximum  Min/Max      20%/60%    40%/80%    Median

     A_01                  9.651      -4.682       0.000    2.33%      10.000     10.000     10.000
             559.000       1.700      23.894      10.000   80.50%      10.000     10.000
     A_02                  9.722      -5.461       0.000    6.82%       9.000     10.000     10.000
             469.000       1.460      31.932      10.000   76.97%      10.000     10.000
     A_04                  9.663      -5.384       0.000    9.80%       7.000     10.000     10.000
             255.000       2.116      30.437      10.000   72.94%      10.000     10.000
     A_05                  9.674      -5.323       0.000    8.54%       8.000     10.000     10.000
             164.000       1.401      34.587      10.000   75.61%      10.000     10.000
     AGE_C80               3.238       1.043      -0.581    0.17%       0.877      1.811      2.425
             599.000       7.962       0.425      13.313    0.33%       3.194      5.784
     EDU_C7                0.312       2.146      -7.000    0.17%      -1.000     -1.000     -1.000
             599.000       6.219       7.059      16.000    0.17%       0.000      1.000
     FEMALE                0.658      -0.667       0.000   34.06%       0.000      1.000      1.000
             599.000       0.225      -1.555       1.000   65.94%       1.000      1.000


THE MODEL ESTIMATION TERMINATED NORMALLY



MODEL FIT INFORMATION

Number of Free Parameters                       12

Loglikelihood

          H0 Value                       -1665.655
          H0 Scaling Correction Factor      5.4237
            for MLR

Information Criteria

          Akaike (AIC)                    3355.310
          Bayesian (BIC)                  3404.076
          Sample-Size Adjusted BIC        3365.995
            (n* = (n + 2) / 24)



MODEL RESULTS

                                                    Two-Tailed
                    Estimate       S.E.  Est./S.E.    P-Value

 IA         ON
    AGE_C80           -0.069      0.031     -2.188      0.029
    EDU_C7             0.049      0.018      2.771      0.006
    FEMALE             0.320      0.161      1.988      0.047

 SA         ON
    AGE_C80           -0.006      0.008     -0.756      0.450
    EDU_C7             0.003      0.006      0.519      0.604
    FEMALE             0.057      0.043      1.325      0.185

 IA       WITH
    SA                 0.048      0.139      0.344      0.731

 Intercepts
    A_01               0.000      0.000    999.000    999.000
    A_02               0.000      0.000    999.000    999.000
    A_04               0.000      0.000    999.000    999.000
    A_05               0.000      0.000    999.000    999.000
    IA                 9.669      0.131     73.819      0.000
    SA                -0.056      0.039     -1.428      0.153

 Residual Variances
    A_01               0.804      0.214      3.751      0.000
    A_02               0.804      0.214      3.751      0.000
    A_04               0.804      0.214      3.751      0.000
    A_05               0.804      0.214      3.751      0.000
    IA                 0.741      0.424      1.750      0.080
    SA                 0.004      0.016      0.275      0.784


QUALITY OF NUMERICAL RESULTS

     Condition Number for the Information Matrix              0.350E-02
       (ratio of smallest to largest eigenvalue)


CONFIDENCE INTERVALS OF MODEL RESULTS

                  Lower .5%  Lower 2.5%    Lower 5%    Estimate    Upper 5%  Upper 2.5%   Upper .5%

 IA       ON
    AGE_C80         -0.149      -0.130      -0.120      -0.069      -0.017      -0.007       0.012
    EDU_C7           0.003       0.014       0.020       0.049       0.078       0.084       0.095
    FEMALE          -0.094       0.005       0.055       0.320       0.584       0.634       0.733

 SA       ON
    AGE_C80         -0.028      -0.023      -0.020      -0.006       0.008       0.010       0.015
    EDU_C7          -0.012      -0.009      -0.007       0.003       0.013       0.015       0.019
    FEMALE          -0.054      -0.027      -0.014       0.057       0.128       0.142       0.168

 IA       WITH
    SA              -0.311      -0.225      -0.181       0.048       0.277       0.321       0.407

 Intercepts
    A_01             0.000       0.000       0.000       0.000       0.000       0.000       0.000
    A_02             0.000       0.000       0.000       0.000       0.000       0.000       0.000
    A_04             0.000       0.000       0.000       0.000       0.000       0.000       0.000
    A_05             0.000       0.000       0.000       0.000       0.000       0.000       0.000
    IA               9.332       9.413       9.454       9.669       9.885       9.926      10.007
    SA              -0.156      -0.132      -0.120      -0.056       0.008       0.021       0.045

 Residual Variances
    A_01             0.252       0.384       0.451       0.804       1.156       1.224       1.356
    A_02             0.252       0.384       0.451       0.804       1.156       1.224       1.356
    A_04             0.252       0.384       0.451       0.804       1.156       1.224       1.356
    A_05             0.252       0.384       0.451       0.804       1.156       1.224       1.356
    IA              -0.350      -0.089       0.044       0.741       1.438       1.571       1.832
    SA              -0.036      -0.027      -0.022       0.004       0.030       0.035       0.045


SAMPLE STATISTICS FOR ESTIMATED FACTOR SCORES


     SAMPLE STATISTICS


           Means
              IA            IA_SE         SA            SA_SE
              ________      ________      ________      ________
 1              9.064         0.467        -0.081         0.044


           Covariances
              IA            IA_SE         SA            SA_SE
              ________      ________      ________      ________
 IA             2.498
 IA_SE         -0.020         0.011
 SA             0.173        -0.001         0.012
 SA_SE         -0.001         0.001         0.000         0.000


           Correlations
              IA            IA_SE         SA            SA_SE
              ________      ________      ________      ________
 IA             1.000
 IA_SE         -0.121         1.000
 SA             0.985        -0.115         1.000
 SA_SE         -0.118         0.993        -0.112         1.000


RESULTS SAVING INFORMATION

  Order of data

    Parameter estimates
     (saved in order shown in Technical 1 output)
    Standard errors
     (saved in order shown in Technical 1 output)
    H0 Loglikelihood
    H0 Scaling Correction Factor for MLR
    Number of Free Parameters
    Akaike (AIC)
    Bayesian (BIC)
    Sample-Size Adjusted BIC

  Save file
    u1_1245_aef_mirrecog_results.dat

  Save file format           Free


PLOT INFORMATION

The following plots are available:

  Histograms (sample values, estimated factor scores)
  Scatterplots (sample values, estimated factor scores)
  Latent variable distribution plots

SAVEDATA INFORMATION


  Save file
    u1_1245_aef_mirrecog_fscores.dat

  Order and format of variables

    A_01           F10.3
    A_02           F10.3
    A_04           F10.3
    A_05           F10.3
    AGE_C80        F10.3
    EDU_C7         F10.3
    FEMALE         F10.3
    TIME_01        F10.3
    TIME_02        F10.3
    TIME_04        F10.3
    TIME_05        F10.3
    _WEIGHT        F10.3
    IA             F10.3
    IA_SE          F10.3
    SA             F10.3
    SA_SE          F10.3
    PAIRID         I6

  Save file format
    16F10.3 I6

  Save file record length    10000


     Beginning Time:  11:52:40
        Ending Time:  11:52:48
       Elapsed Time:  00:00:08



MUTHEN & MUTHEN
3463 Stoner Ave.
Los Angeles, CA  90066

Tel: (310) 391-9971
Fax: (310) 391-8971
Web: www.StatModel.com
Support: Support@StatModel.com

Copyright (c) 1998-2014 Muthen & Muthen
