Mplus VERSION 7.3
MUTHEN & MUTHEN
12/17/2016  11:53 AM

INPUT INSTRUCTIONS

  TITLE:
  Script produced from the prototype in ./sandbox/syntax-creator/
  DATA:
  File = wide-dataset.dat ;
  VARIABLE:
  NAMES are
   Case PairID female age_c80 edu_c7 sbp_c167 smoke cardio diabetes dementia_ever
      years_since_bl_01 years_since_bl_02 years_since_bl_03 years_since_bl_04
      years_since_bl_05 pef_01 pef_02 pef_03 pef_04 pef_05 grip_01 grip_02 grip_03
      grip_04 grip_05 gait_01 gait_02 gait_03 gait_04 gait_05 block_01 block_02
      block_03 block_04 block_05 digitspanbackward_01 digitspanbackward_02
      digitspanbackward_03 digitspanbackward_04 digitspanbackward_05
      digitspanforward_01 digitspanforward_02 digitspanforward_03 digitspanforward_04
      digitspanforward_05 symbol_01 symbol_02 symbol_03 symbol_04 symbol_05 prose_01
      prose_02 prose_03 prose_04 prose_05 info_01 info_02 info_03 info_04 info_05
      synonyms_01 synonyms_02 synonyms_03 synonyms_04 synonyms_05 psif_01 psif_02
      psif_03 psif_04 psif_05 figure_01 figure_02 figure_03 figure_04 figure_05
      mirrecall_01 mirrecall_02 mirrecall_03 mirrecall_04 mirrecall_05 mmse_01 mmse_02
      mmse_03 mmse_04 mmse_05 mirnaming_01 mirnaming_02 mirnaming_03 mirnaming_04
      mirnaming_05 mirrecog_01 mirrecog_02 mirrecog_03 mirrecog_04 mirrecog_05
      clock_01 clock_02 clock_03 clock_04 clock_05
  	;
  Missing are all (-9999);
  USEVARIABLES are
  	!define the variables used in the analysis
  	! covariates used in the model
  age_c80	
  	!estimated time points
  time_01
  time_03
  time_04
  	!modelled time points of process (A)
  a_01
  a_03
  a_04
  ;
  TSCORES are
  	!estimated time points
  time_01
  time_03
  time_04;
  CLUSTER = PairID;
  SUBPOPULATION are
  	!select a subset of observations
  dementia_ever NE 1
  ;
  DEFINE:
  	! assign variables to the process (A)
  a_01 = mirrecog_01;
  a_03 = mirrecog_03;
  a_04 = mirrecog_04;
  	!assign variables to time points
  time_01 = years_since_bl_01;
  time_03 = years_since_bl_03;
  time_04 = years_since_bl_04;
  	
  ANALYSIS: TYPE = RANDOM COMPLEX;
  COVERAGE=.00;
  MODEL:
  	!first-level equation
  	! assign process (A) to time points
  ia sa | a_01 AT time_01 ;
  ia sa | a_03 AT time_03 ;
  ia sa | a_04 AT time_04 ;
  	!variance of the first-level terms
  ia (v_ia);
  sa (v_sa);
  	!covariance among first-level terms
  ia WITH sa (c_iasa);
  	!second-level equation
  ia sa ON age_c80;
  	!residual covariance of process (A)
  a_01 (res_a);
  a_03 (res_a);
  a_04 (res_a);	
  SAVEDATA:
  FILE is   u1_134_a_mirrecog_fscores.dat;
  SAVE = FSCORES;
  RESULTS are   u1_134_a_mirrecog_results.dat;
  	
  OUTPUT: sampstat cinterval;
  PLOT: Type is Plot1 Plot2 Plot3;



*** WARNING
  Data set contains cases with missing on all variables except
  x-variables.  These cases were not included in the analysis.
  Number of cases with missing on all variables except x-variables:  98
   1 WARNING(S) FOUND IN THE INPUT INSTRUCTIONS




Script produced from the prototype in ./sandbox/syntax-creator/

SUMMARY OF ANALYSIS

Number of groups                                                 1
Number of observations                                         424

Number of dependent variables                                    3
Number of independent variables                                  1
Number of continuous latent variables                            2

Observed dependent variables

  Continuous
   A_01        A_03        A_04

Observed independent variables
   AGE_C80

Continuous latent variables
   IA          SA

Variables with special functions

  Cluster variable      PAIRID
  Weight variable       _WEIGHT

  Time scores
   TIME_01     TIME_03     TIME_04


Estimator                                                      MLR
Information matrix                                        OBSERVED
Maximum number of iterations                                   100
Convergence criterion                                    0.100D-05
Maximum number of EM iterations                                500
Convergence criteria for the EM algorithm
  Loglikelihood change                                   0.100D-02
  Relative loglikelihood change                          0.100D-05
  Derivative                                             0.100D-03
Minimum variance                                         0.100D-03
Maximum number of steepest descent iterations                   20
Maximum number of iterations for H1                           2000
Convergence criterion for H1                             0.100D-03
Optimization algorithm                                         EMA

Input data file(s)
  wide-dataset.dat
Input data format  FREE



SAMPLE STATISTICS


     ESTIMATED SAMPLE STATISTICS


           Means
              A_01          A_03          A_04          AGE_C80
              ________      ________      ________      ________
 1              9.606         9.585         9.459         3.199


           Covariances
              A_01          A_03          A_04          AGE_C80
              ________      ________      ________      ________
 A_01           2.048
 A_03           1.353         2.222
 A_04           1.940         2.526         3.526
 AGE_C80       -0.581        -0.700        -0.699         7.713


           Correlations
              A_01          A_03          A_04          AGE_C80
              ________      ________      ________      ________
 A_01           1.000
 A_03           0.634         1.000
 A_04           0.722         0.903         1.000
 AGE_C80       -0.146        -0.169        -0.134         1.000


     MAXIMUM LOG-LIKELIHOOD VALUE FOR THE UNRESTRICTED (H1) MODEL IS -3377.271


UNIVARIATE HIGHER-ORDER MOMENT DESCRIPTIVE STATISTICS


     UNIVARIATE HIGHER-ORDER MOMENT DESCRIPTIVE STATISTICS

         Variable/         Mean/     Skewness/   Minimum/ % with                Percentiles
        Sample Size      Variance    Kurtosis    Maximum  Min/Max      20%/60%    40%/80%    Median

     A_01                  9.628      -4.656       0.000    4.52%       9.000     10.000     10.000
             575.000       1.922      23.387      10.000   78.26%      10.000     10.000
     A_03                  9.686      -5.404       0.000   11.29%       7.000     10.000     10.000
             372.000       1.874      31.159      10.000   72.85%      10.000     10.000
     A_04                  9.663      -5.384       0.000   10.16%       7.000     10.000     10.000
             256.000       2.116      30.437      10.000   72.66%      10.000     10.000
     AGE_C80               3.199       1.059      -0.581    0.17%       0.887      1.827      2.425
             604.000       7.713       0.508      13.313    0.33%       3.216      5.825


THE MODEL ESTIMATION TERMINATED NORMALLY



MODEL FIT INFORMATION

Number of Free Parameters                        8

Loglikelihood

          H0 Value                       -1348.966
          H0 Scaling Correction Factor      6.2171
            for MLR

Information Criteria

          Akaike (AIC)                    2713.931
          Bayesian (BIC)                  2746.329
          Sample-Size Adjusted BIC        2720.942
            (n* = (n + 2) / 24)



MODEL RESULTS

                                                    Two-Tailed
                    Estimate       S.E.  Est./S.E.    P-Value

 IA         ON
    AGE_C80           -0.078      0.038     -2.070      0.038

 SA         ON
    AGE_C80           -0.002      0.008     -0.212      0.832

 IA       WITH
    SA                -0.038      0.098     -0.386      0.699

 Intercepts
    A_01               0.000      0.000    999.000    999.000
    A_03               0.000      0.000    999.000    999.000
    A_04               0.000      0.000    999.000    999.000
    IA                 9.868      0.101     97.985      0.000
    SA                -0.011      0.018     -0.586      0.558

 Residual Variances
    A_01               0.303      0.089      3.389      0.001
    A_03               0.303      0.089      3.389      0.001
    A_04               0.303      0.089      3.389      0.001
    IA                 1.613      0.464      3.473      0.001
    SA                 0.041      0.020      2.017      0.044


QUALITY OF NUMERICAL RESULTS

     Condition Number for the Information Matrix              0.145E-02
       (ratio of smallest to largest eigenvalue)


CONFIDENCE INTERVALS OF MODEL RESULTS

                  Lower .5%  Lower 2.5%    Lower 5%    Estimate    Upper 5%  Upper 2.5%   Upper .5%

 IA       ON
    AGE_C80         -0.175      -0.152      -0.140      -0.078      -0.016      -0.004       0.019

 SA       ON
    AGE_C80         -0.021      -0.017      -0.014      -0.002       0.011       0.013       0.018

 IA       WITH
    SA              -0.291      -0.231      -0.200      -0.038       0.124       0.155       0.215

 Intercepts
    A_01             0.000       0.000       0.000       0.000       0.000       0.000       0.000
    A_03             0.000       0.000       0.000       0.000       0.000       0.000       0.000
    A_04             0.000       0.000       0.000       0.000       0.000       0.000       0.000
    IA               9.609       9.671       9.703       9.868      10.034      10.066      10.128
    SA              -0.058      -0.047      -0.041      -0.011       0.020       0.025       0.037

 Residual Variances
    A_01             0.073       0.128       0.156       0.303       0.450       0.478       0.533
    A_03             0.073       0.128       0.156       0.303       0.450       0.478       0.533
    A_04             0.073       0.128       0.156       0.303       0.450       0.478       0.533
    IA               0.417       0.703       0.849       1.613       2.377       2.523       2.809
    SA              -0.011       0.001       0.008       0.041       0.075       0.081       0.094


SAMPLE STATISTICS FOR ESTIMATED FACTOR SCORES


     SAMPLE STATISTICS


           Means
              IA            IA_SE         SA            SA_SE
              ________      ________      ________      ________
 1              8.800         0.494        -0.104         0.150


           Covariances
              IA            IA_SE         SA            SA_SE
              ________      ________      ________      ________
 IA             5.529
 IA_SE         -0.048         0.007
 SA             0.082        -0.003         0.087
 SA_SE         -0.024         0.001         0.003         0.002


           Correlations
              IA            IA_SE         SA            SA_SE
              ________      ________      ________      ________
 IA             1.000
 IA_SE         -0.251         1.000
 SA             0.119        -0.120         1.000
 SA_SE         -0.236         0.375         0.202         1.000


RESULTS SAVING INFORMATION

  Order of data

    Parameter estimates
     (saved in order shown in Technical 1 output)
    Standard errors
     (saved in order shown in Technical 1 output)
    H0 Loglikelihood
    H0 Scaling Correction Factor for MLR
    Number of Free Parameters
    Akaike (AIC)
    Bayesian (BIC)
    Sample-Size Adjusted BIC

  Save file
    u1_134_a_mirrecog_results.dat

  Save file format           Free


PLOT INFORMATION

The following plots are available:

  Histograms (sample values, estimated factor scores)
  Scatterplots (sample values, estimated factor scores)
  Latent variable distribution plots

SAVEDATA INFORMATION


  Save file
    u1_134_a_mirrecog_fscores.dat

  Order and format of variables

    A_01           F10.3
    A_03           F10.3
    A_04           F10.3
    AGE_C80        F10.3
    TIME_01        F10.3
    TIME_03        F10.3
    TIME_04        F10.3
    _WEIGHT        F10.3
    IA             F10.3
    IA_SE          F10.3
    SA             F10.3
    SA_SE          F10.3
    PAIRID         I6

  Save file format
    12F10.3 I6

  Save file record length    10000


     Beginning Time:  11:53:20
        Ending Time:  11:53:21
       Elapsed Time:  00:00:01



MUTHEN & MUTHEN
3463 Stoner Ave.
Los Angeles, CA  90066

Tel: (310) 391-9971
Fax: (310) 391-8971
Web: www.StatModel.com
Support: Support@StatModel.com

Copyright (c) 1998-2014 Muthen & Muthen
