Mplus VERSION 7.3
MUTHEN & MUTHEN
12/17/2016   6:10 PM

INPUT INSTRUCTIONS

  TITLE:
  Script produced from the prototype in ./sandbox/syntax-creator/
  DATA:
  File = wide-dataset.dat ;
  VARIABLE:
  NAMES are
   Case PairID female age_c80 edu_c7 sbp_c167 smoke cardio diabetes dementia_ever
      years_since_bl_01 years_since_bl_02 years_since_bl_03 years_since_bl_04
      years_since_bl_05 pef_01 pef_02 pef_03 pef_04 pef_05 grip_01 grip_02 grip_03
      grip_04 grip_05 gait_01 gait_02 gait_03 gait_04 gait_05 block_01 block_02
      block_03 block_04 block_05 digitspanbackward_01 digitspanbackward_02
      digitspanbackward_03 digitspanbackward_04 digitspanbackward_05
      digitspanforward_01 digitspanforward_02 digitspanforward_03 digitspanforward_04
      digitspanforward_05 symbol_01 symbol_02 symbol_03 symbol_04 symbol_05 prose_01
      prose_02 prose_03 prose_04 prose_05 info_01 info_02 info_03 info_04 info_05
      synonyms_01 synonyms_02 synonyms_03 synonyms_04 synonyms_05 psif_01 psif_02
      psif_03 psif_04 psif_05 figure_01 figure_02 figure_03 figure_04 figure_05
      mirrecall_01 mirrecall_02 mirrecall_03 mirrecall_04 mirrecall_05 mmse_01 mmse_02
      mmse_03 mmse_04 mmse_05 mirnaming_01 mirnaming_02 mirnaming_03 mirnaming_04
      mirnaming_05 mirrecog_01 mirrecog_02 mirrecog_03 mirrecog_04 mirrecog_05
      clock_01 clock_02 clock_03 clock_04 clock_05
  	;
  Missing are all (-9999);
  USEVARIABLES are
  	!define the variables used in the analysis
  	! covariates used in the model
  age_c80	
  	!estimated time points
  time_01
  time_02
  time_03
  	!modelled time points of process (A)
  a_01
  a_02
  a_03
  ;
  TSCORES are
  	!estimated time points
  time_01
  time_02
  time_03;
  CLUSTER = PairID;
  SUBPOPULATION are
  	!select a subset of observations
  dementia_ever NE 1
  ;
  DEFINE:
  	! assign variables to the process (A)
  a_01 = mirrecog_01;
  a_02 = mirrecog_02;
  a_03 = mirrecog_03;
  	!assign variables to time points
  time_01 = years_since_bl_01;
  time_02 = years_since_bl_02;
  time_03 = years_since_bl_03;
  	
  ANALYSIS: TYPE = RANDOM COMPLEX;
  COVERAGE=.00;
  MODEL:
  	!first-level equation
  	! assign process (A) to time points
  ia sa qa | a_01 AT time_01 ;
  ia sa qa | a_02 AT time_02 ;
  ia sa qa | a_03 AT time_03 ;
  	!variance of the first-level terms
  ia (v_ia);
  sa (v_sa);
  qa (v_qa);
  	!covariance among first-level terms
  ia WITH sa (c_iasa);
  ia WITH qa (c_iaqa);
  sa WITH qa (c_saqa);
  	!second-level equation
  ia sa qa ON age_c80;
  	!residual covariance of process (A)
  a_01 (res_a);
  a_02 (res_a);
  a_03 (res_a);	
  SAVEDATA:
  FILE is   u2_123_a_mirrecog_fscores.dat;
  SAVE = FSCORES;
  RESULTS are   u2_123_a_mirrecog_results.dat;
  	
  OUTPUT: sampstat cinterval;
  PLOT: Type is Plot1 Plot2 Plot3;



*** WARNING
  Data set contains cases with missing on all variables except
  x-variables.  These cases were not included in the analysis.
  Number of cases with missing on all variables except x-variables:  73
   1 WARNING(S) FOUND IN THE INPUT INSTRUCTIONS




Script produced from the prototype in ./sandbox/syntax-creator/

SUMMARY OF ANALYSIS

Number of groups                                                 1
Number of observations                                         436

Number of dependent variables                                    3
Number of independent variables                                  1
Number of continuous latent variables                            3

Observed dependent variables

  Continuous
   A_01        A_02        A_03

Observed independent variables
   AGE_C80

Continuous latent variables
   IA          SA          QA

Variables with special functions

  Cluster variable      PAIRID
  Weight variable       _WEIGHT

  Time scores
   TIME_01     TIME_02     TIME_03


Estimator                                                      MLR
Information matrix                                        OBSERVED
Maximum number of iterations                                   100
Convergence criterion                                    0.100D-05
Maximum number of EM iterations                                500
Convergence criteria for the EM algorithm
  Loglikelihood change                                   0.100D-02
  Relative loglikelihood change                          0.100D-05
  Derivative                                             0.100D-03
Minimum variance                                         0.100D-03
Maximum number of steepest descent iterations                   20
Maximum number of iterations for H1                           2000
Convergence criterion for H1                             0.100D-03
Optimization algorithm                                         EMA

Input data file(s)
  wide-dataset.dat
Input data format  FREE



SAMPLE STATISTICS


     ESTIMATED SAMPLE STATISTICS


           Means
              A_01          A_02          A_03          AGE_C80
              ________      ________      ________      ________
 1              9.581         9.575         9.495         3.260


           Covariances
              A_01          A_02          A_03          AGE_C80
              ________      ________      ________      ________
 A_01           2.116
 A_02           1.256         2.430
 A_03           1.685         1.946         2.911
 AGE_C80       -0.669        -0.958        -0.919         7.950


           Correlations
              A_01          A_02          A_03          AGE_C80
              ________      ________      ________      ________
 A_01           1.000
 A_02           0.554         1.000
 A_03           0.679         0.731         1.000
 AGE_C80       -0.163        -0.218        -0.191         1.000


     MAXIMUM LOG-LIKELIHOOD VALUE FOR THE UNRESTRICTED (H1) MODEL IS -3934.791


UNIVARIATE HIGHER-ORDER MOMENT DESCRIPTIVE STATISTICS


     UNIVARIATE HIGHER-ORDER MOMENT DESCRIPTIVE STATISTICS

         Variable/         Mean/     Skewness/   Minimum/ % with                Percentiles
        Sample Size      Variance    Kurtosis    Maximum  Min/Max      20%/60%    40%/80%    Median

     A_01                  9.628      -4.656       0.000    4.52%       9.000     10.000     10.000
             575.000       1.922      23.387      10.000   78.26%      10.000     10.000
     A_02                  9.642      -4.919       0.000   10.25%       8.000     10.000     10.000
             488.000       2.156      24.868      10.000   73.98%      10.000     10.000
     A_03                  9.686      -5.404       0.000   11.29%       7.000     10.000     10.000
             372.000       1.874      31.159      10.000   72.85%      10.000     10.000
     AGE_C80               3.260       1.026      -0.581    0.16%       0.888      1.845      2.463
             629.000       7.950       0.386      13.313    0.32%       3.334      5.921

     WARNING: THE MODEL ESTIMATION HAS REACHED A SADDLE POINT OR A POINT WHERE THE
     OBSERVED AND THE EXPECTED INFORMATION MATRICES DO NOT MATCH.
     AN ADJUSTMENT TO THE ESTIMATION OF THE INFORMATION MATRIX HAS BEEN MADE.
     THE CONDITION NUMBER IS      -0.710D-01.
     THE PROBLEM MAY ALSO BE RESOLVED BY DECREASING THE VALUE OF THE
     MCONVERGENCE OR LOGCRITERION OPTIONS OR BY CHANGING THE STARTING VALUES
     OR BY USING THE MLF ESTIMATOR.


THE MODEL ESTIMATION TERMINATED NORMALLY



MODEL FIT INFORMATION

Number of Free Parameters                       13

Loglikelihood

          H0 Value                       -1637.609
          H0 Scaling Correction Factor      5.8572
            for MLR

Information Criteria

          Akaike (AIC)                    3301.217
          Bayesian (BIC)                  3354.227
          Sample-Size Adjusted BIC        3312.972
            (n* = (n + 2) / 24)



MODEL RESULTS

                                                    Two-Tailed
                    Estimate       S.E.  Est./S.E.    P-Value

 IA         ON
    AGE_C80           -0.084      0.039     -2.187      0.029

 SA         ON
    AGE_C80           -0.028      0.033     -0.846      0.398

 QA         ON
    AGE_C80            0.005      0.008      0.662      0.508

 IA       WITH
    SA                -0.751      0.302     -2.483      0.013
    QA                 0.155      0.066      2.359      0.018

 SA       WITH
    QA                -0.338      0.130     -2.599      0.009

 Intercepts
    A_01               0.000      0.000    999.000    999.000
    A_02               0.000      0.000    999.000    999.000
    A_03               0.000      0.000    999.000    999.000
    IA                 9.853      0.101     97.083      0.000
    SA                 0.106      0.073      1.453      0.146
    QA                -0.024      0.017     -1.430      0.153

 Residual Variances
    A_01               0.000      0.000     13.333      0.000
    A_02               0.000      0.000     13.333      0.000
    A_03               0.000      0.000     13.333      0.000
    IA                 2.082      0.533      3.907      0.000
    SA                 1.526      0.536      2.846      0.004
    QA                 0.079      0.032      2.471      0.013


QUALITY OF NUMERICAL RESULTS

     Condition Number for the Information Matrix             -0.710E-01
       (ratio of smallest to largest eigenvalue)


CONFIDENCE INTERVALS OF MODEL RESULTS

                  Lower .5%  Lower 2.5%    Lower 5%    Estimate    Upper 5%  Upper 2.5%   Upper .5%

 IA       ON
    AGE_C80         -0.184      -0.160      -0.148      -0.084      -0.021      -0.009       0.015

 SA       ON
    AGE_C80         -0.114      -0.093      -0.083      -0.028       0.027       0.037       0.058

 QA       ON
    AGE_C80         -0.015      -0.010      -0.008       0.005       0.019       0.021       0.026

 IA       WITH
    SA              -1.529      -1.343      -1.248      -0.751      -0.253      -0.158       0.028
    QA              -0.014       0.026       0.047       0.155       0.262       0.283       0.323

 SA       WITH
    QA              -0.674      -0.594      -0.553      -0.338      -0.124      -0.083      -0.003

 Intercepts
    A_01             0.000       0.000       0.000       0.000       0.000       0.000       0.000
    A_02             0.000       0.000       0.000       0.000       0.000       0.000       0.000
    A_03             0.000       0.000       0.000       0.000       0.000       0.000       0.000
    IA               9.592       9.654       9.686       9.853      10.020      10.052      10.115
    SA              -0.082      -0.037      -0.014       0.106       0.226       0.249       0.294
    QA              -0.067      -0.057      -0.052      -0.024       0.004       0.009       0.019

 Residual Variances
    A_01             0.000       0.000       0.000       0.000       0.000       0.000       0.000
    A_02             0.000       0.000       0.000       0.000       0.000       0.000       0.000
    A_03             0.000       0.000       0.000       0.000       0.000       0.000       0.000
    IA               0.709       1.038       1.206       2.082       2.959       3.127       3.455
    SA               0.145       0.475       0.644       1.526       2.408       2.577       2.907
    QA              -0.003       0.016       0.027       0.079       0.132       0.142       0.162


SAMPLE STATISTICS FOR ESTIMATED FACTOR SCORES


     SAMPLE STATISTICS


           Means
              IA            IA_SE         SA            SA_SE         QA
              ________      ________      ________      ________      ________
 1              8.711         0.098        -0.130         0.366        -0.004


           Means
              QA_SE
              ________
 1              0.094


           Covariances
              IA            IA_SE         SA            SA_SE         QA
              ________      ________      ________      ________      ________
 IA             7.200
 IA_SE         -0.188         0.099
 SA            -0.762        -0.108         3.027
 SA_SE         -0.275         0.056         0.006         0.224
 QA             0.172         0.022        -0.669         0.005         0.161
 QA_SE         -0.063         0.010        -0.004         0.050         0.003


           Covariances
              QA_SE
              ________
 QA_SE          0.012


           Correlations
              IA            IA_SE         SA            SA_SE         QA
              ________      ________      ________      ________      ________
 IA             1.000
 IA_SE         -0.223         1.000
 SA            -0.163        -0.197         1.000
 SA_SE         -0.217         0.374         0.007         1.000
 QA             0.160         0.175        -0.959         0.025         1.000
 QA_SE         -0.217         0.293        -0.020         0.972         0.059


           Correlations
              QA_SE
              ________
 QA_SE          1.000


RESULTS SAVING INFORMATION

  Order of data

    Parameter estimates
     (saved in order shown in Technical 1 output)
    Standard errors
     (saved in order shown in Technical 1 output)
    H0 Loglikelihood
    H0 Scaling Correction Factor for MLR
    Number of Free Parameters
    Akaike (AIC)
    Bayesian (BIC)
    Sample-Size Adjusted BIC

  Save file
    u2_123_a_mirrecog_results.dat

  Save file format           Free


PLOT INFORMATION

The following plots are available:

  Histograms (sample values, estimated factor scores)
  Scatterplots (sample values, estimated factor scores)
  Latent variable distribution plots

SAVEDATA INFORMATION


  Save file
    u2_123_a_mirrecog_fscores.dat

  Order and format of variables

    A_01           F10.3
    A_02           F10.3
    A_03           F10.3
    AGE_C80        F10.3
    TIME_01        F10.3
    TIME_02        F10.3
    TIME_03        F10.3
    _WEIGHT        F10.3
    IA             F10.3
    IA_SE          F10.3
    SA             F10.3
    SA_SE          F10.3
    QA             F10.3
    QA_SE          F10.3
    PAIRID         I6

  Save file format
    14F10.3 I6

  Save file record length    10000


     Beginning Time:  18:10:33
        Ending Time:  18:10:36
       Elapsed Time:  00:00:03



MUTHEN & MUTHEN
3463 Stoner Ave.
Los Angeles, CA  90066

Tel: (310) 391-9971
Fax: (310) 391-8971
Web: www.StatModel.com
Support: Support@StatModel.com

Copyright (c) 1998-2014 Muthen & Muthen
