Mplus VERSION 7.3
MUTHEN & MUTHEN
12/17/2016  12:15 PM

INPUT INSTRUCTIONS

  TITLE:
  Script produced from the prototype in ./sandbox/syntax-creator/
  DATA:
  File = wide-dataset.dat ;
  VARIABLE:
  NAMES are
   Case PairID female age_c80 edu_c7 sbp_c167 smoke cardio diabetes dementia_ever
      years_since_bl_01 years_since_bl_02 years_since_bl_03 years_since_bl_04
      years_since_bl_05 pef_01 pef_02 pef_03 pef_04 pef_05 grip_01 grip_02 grip_03
      grip_04 grip_05 gait_01 gait_02 gait_03 gait_04 gait_05 block_01 block_02
      block_03 block_04 block_05 digitspanbackward_01 digitspanbackward_02
      digitspanbackward_03 digitspanbackward_04 digitspanbackward_05
      digitspanforward_01 digitspanforward_02 digitspanforward_03 digitspanforward_04
      digitspanforward_05 symbol_01 symbol_02 symbol_03 symbol_04 symbol_05 prose_01
      prose_02 prose_03 prose_04 prose_05 info_01 info_02 info_03 info_04 info_05
      synonyms_01 synonyms_02 synonyms_03 synonyms_04 synonyms_05 psif_01 psif_02
      psif_03 psif_04 psif_05 figure_01 figure_02 figure_03 figure_04 figure_05
      mirrecall_01 mirrecall_02 mirrecall_03 mirrecall_04 mirrecall_05 mmse_01 mmse_02
      mmse_03 mmse_04 mmse_05 mirnaming_01 mirnaming_02 mirnaming_03 mirnaming_04
      mirnaming_05 mirrecog_01 mirrecog_02 mirrecog_03 mirrecog_04 mirrecog_05
      clock_01 clock_02 clock_03 clock_04 clock_05
  	;
  Missing are all (-9999);
  USEVARIABLES are
  	!define the variables used in the analysis
  	! covariates used in the model
  age_c80
  edu_c7
  female
  sbp_c167	
  	!estimated time points
  time_01
  time_02
  time_03
  time_05
  	!modelled time points of process (A)
  a_01
  a_02
  a_03
  a_05
  ;
  TSCORES are
  	!estimated time points
  time_01
  time_02
  time_03
  time_05;
  CLUSTER = PairID;
  SUBPOPULATION are
  	!select a subset of observations
  dementia_ever NE 1
  ;
  DEFINE:
  	! assign variables to the process (A)
  a_01 = mirrecog_01;
  a_02 = mirrecog_02;
  a_03 = mirrecog_03;
  a_05 = mirrecog_05;
  	!assign variables to time points
  time_01 = years_since_bl_01;
  time_02 = years_since_bl_02;
  time_03 = years_since_bl_03;
  time_05 = years_since_bl_05;
  	
  ANALYSIS: TYPE = RANDOM COMPLEX;
  COVERAGE=.00;
  MODEL:
  	!first-level equation
  	! assign process (A) to time points
  ia sa qa | a_01 AT time_01 ;
  ia sa qa | a_02 AT time_02 ;
  ia sa qa | a_03 AT time_03 ;
  ia sa qa | a_05 AT time_05 ;
  	!variance of the first-level terms
  ia (v_ia);
  sa (v_sa);
  qa (v_qa);
  	!covariance among first-level terms
  ia WITH sa (c_iasa);
  ia WITH qa (c_iaqa);
  sa WITH qa (c_saqa);
  	!second-level equation
  ia sa qa ON age_c80
  edu_c7
  female
  sbp_c167;
  	!residual covariance of process (A)
  a_01 (res_a);
  a_02 (res_a);
  a_03 (res_a);
  a_05 (res_a);	
  SAVEDATA:
  FILE is   u2_1235_aefb_mirrecog_fscores.dat;
  SAVE = FSCORES;
  RESULTS are   u2_1235_aefb_mirrecog_results.dat;
  	
  OUTPUT: sampstat cinterval;
  PLOT: Type is Plot1 Plot2 Plot3;



*** WARNING
  Data set contains cases with missing on x-variables.
  These cases were not included in the analysis.
  Number of cases with missing on x-variables:  92
*** WARNING
  Data set contains cases with missing on all variables except
  x-variables.  These cases were not included in the analysis.
  Number of cases with missing on all variables except x-variables:  33
   2 WARNING(S) FOUND IN THE INPUT INSTRUCTIONS




Script produced from the prototype in ./sandbox/syntax-creator/

SUMMARY OF ANALYSIS

Number of groups                                                 1
Number of observations                                         417

Number of dependent variables                                    4
Number of independent variables                                  4
Number of continuous latent variables                            3

Observed dependent variables

  Continuous
   A_01        A_02        A_03        A_05

Observed independent variables
   AGE_C80     EDU_C7      FEMALE      SBP_C167

Continuous latent variables
   IA          SA          QA

Variables with special functions

  Cluster variable      PAIRID
  Weight variable       _WEIGHT

  Time scores
   TIME_01     TIME_02     TIME_03     TIME_05


Estimator                                                      MLR
Information matrix                                        OBSERVED
Maximum number of iterations                                   100
Convergence criterion                                    0.100D-05
Maximum number of EM iterations                                500
Convergence criteria for the EM algorithm
  Loglikelihood change                                   0.100D-02
  Relative loglikelihood change                          0.100D-05
  Derivative                                             0.100D-03
Minimum variance                                         0.100D-03
Maximum number of steepest descent iterations                   20
Maximum number of iterations for H1                           2000
Convergence criterion for H1                             0.100D-03
Optimization algorithm                                         EMA

Input data file(s)
  wide-dataset.dat
Input data format  FREE



SAMPLE STATISTICS


     ESTIMATED SAMPLE STATISTICS


           Means
              A_01          A_02          A_03          A_05          AGE_C80
              ________      ________      ________      ________      ________
 1              9.677         9.688         9.646         9.343         3.250


           Means
              EDU_C7        FEMALE        SBP_C167
              ________      ________      ________
 1              0.297         0.652        -5.945


           Covariances
              A_01          A_02          A_03          A_05          AGE_C80
              ________      ________      ________      ________      ________
 A_01           1.511
 A_02           0.594         1.590
 A_03           0.913         1.003         1.783
 A_05           0.787         1.931         1.356         3.032
 AGE_C80       -0.579        -0.777        -0.757        -1.140         7.945
 EDU_C7         0.256         0.400         0.360         0.167        -0.821
 FEMALE         0.059         0.039         0.090         0.137         0.080
 SBP_C167       1.646         2.834         2.736         4.862        -4.597


           Covariances
              EDU_C7        FEMALE        SBP_C167
              ________      ________      ________
 EDU_C7         6.175
 FEMALE        -0.115         0.227
 SBP_C167       0.633         0.691       509.678


           Correlations
              A_01          A_02          A_03          A_05          AGE_C80
              ________      ________      ________      ________      ________
 A_01           1.000
 A_02           0.383         1.000
 A_03           0.556         0.596         1.000
 A_05           0.368         0.880         0.583         1.000
 AGE_C80       -0.167        -0.219        -0.201        -0.232         1.000
 EDU_C7         0.084         0.128         0.108         0.038        -0.117
 FEMALE         0.102         0.065         0.141         0.165         0.059
 SBP_C167       0.059         0.100         0.091         0.124        -0.072


           Correlations
              EDU_C7        FEMALE        SBP_C167
              ________      ________      ________
 EDU_C7         1.000
 FEMALE        -0.097         1.000
 SBP_C167       0.011         0.064         1.000


     MAXIMUM LOG-LIKELIHOOD VALUE FOR THE UNRESTRICTED (H1) MODEL IS -8022.294


UNIVARIATE HIGHER-ORDER MOMENT DESCRIPTIVE STATISTICS


     UNIVARIATE HIGHER-ORDER MOMENT DESCRIPTIVE STATISTICS

         Variable/         Mean/     Skewness/   Minimum/ % with                Percentiles
        Sample Size      Variance    Kurtosis    Maximum  Min/Max      20%/60%    40%/80%    Median

     A_01                  9.684      -4.978       0.000    2.21%      10.000     10.000     10.000
             542.000       1.509      27.702      10.000   81.55%      10.000     10.000
     A_02                  9.732      -5.645       0.000    5.96%       9.000     10.000     10.000
             453.000       1.420      34.130      10.000   78.37%      10.000     10.000
     A_03                  9.754      -6.201       0.000    7.41%       9.000     10.000     10.000
             351.000       1.400      41.928      10.000   76.35%      10.000     10.000
     A_05                  9.672      -5.301       0.000    8.02%       8.000     10.000     10.000
             162.000       1.411      34.301      10.000   75.93%      10.000     10.000
     AGE_C80               3.250       1.048      -0.581    0.17%       0.877      1.811      2.425
             577.000       7.945       0.464      13.313    0.35%       3.194      5.718
     EDU_C7                0.297       2.170      -7.000    0.17%      -1.000     -1.000     -1.000
             577.000       6.175       7.316      16.000    0.17%       0.000      1.000
     FEMALE                0.652      -0.639       0.000   34.66%       0.000      1.000      1.000
             577.000       0.227      -1.591       1.000   65.34%       1.000      1.000
     SBP_C167             -5.945       0.371     -57.000    1.56%     -27.000    -12.000     -7.000
             577.000     509.678       0.689      93.000    0.17%      -7.000     13.000

     WARNING: THE MODEL ESTIMATION HAS REACHED A SADDLE POINT OR A POINT WHERE THE
     OBSERVED AND THE EXPECTED INFORMATION MATRICES DO NOT MATCH.
     AN ADJUSTMENT TO THE ESTIMATION OF THE INFORMATION MATRIX HAS BEEN MADE.
     THE CONDITION NUMBER IS      -0.135D-04.
     THE PROBLEM MAY ALSO BE RESOLVED BY DECREASING THE VALUE OF THE
     MCONVERGENCE OR LOGCRITERION OPTIONS OR BY CHANGING THE STARTING VALUES
     OR BY USING THE MLF ESTIMATOR.


THE MODEL ESTIMATION TERMINATED NORMALLY



MODEL FIT INFORMATION

Number of Free Parameters                       22

Loglikelihood

          H0 Value                       -1654.599
          H0 Scaling Correction Factor      5.5505
            for MLR

Information Criteria

          Akaike (AIC)                    3353.198
          Bayesian (BIC)                  3441.926
          Sample-Size Adjusted BIC        3372.114
            (n* = (n + 2) / 24)



MODEL RESULTS

                                                    Two-Tailed
                    Estimate       S.E.  Est./S.E.    P-Value

 IA         ON
    AGE_C80           -0.074      0.034     -2.182      0.029
    EDU_C7             0.039      0.019      1.987      0.047
    FEMALE             0.281      0.153      1.838      0.066
    SBP_C167           0.002      0.002      1.007      0.314

 SA         ON
    AGE_C80           -0.005      0.016     -0.312      0.755
    EDU_C7             0.012      0.010      1.248      0.212
    FEMALE             0.008      0.090      0.085      0.932
    SBP_C167           0.001      0.001      0.428      0.669

 QA         ON
    AGE_C80            0.000      0.004     -0.028      0.977
    EDU_C7            -0.002      0.002     -0.830      0.406
    FEMALE             0.004      0.011      0.337      0.736
    SBP_C167           0.000      0.000      0.012      0.991

 IA       WITH
    SA                -0.040      0.113     -0.353      0.724
    QA                 0.007      0.055      0.132      0.895

 SA       WITH
    QA                -0.005      0.011     -0.503      0.615

 Intercepts
    A_01               0.000      0.000    999.000    999.000
    A_02               0.000      0.000    999.000    999.000
    A_03               0.000      0.000    999.000    999.000
    A_05               0.000      0.000    999.000    999.000
    IA                 9.736      0.103     94.155      0.000
    SA                 0.031      0.070      0.440      0.660
    QA                -0.008      0.010     -0.833      0.405

 Residual Variances
    A_01               0.674      0.220      3.060      0.002
    A_02               0.674      0.220      3.060      0.002
    A_03               0.674      0.220      3.060      0.002
    A_05               0.674      0.220      3.060      0.002
    IA                 0.715      0.384      1.864      0.062
    SA                 0.056      0.105      0.530      0.596
    QA                 0.001      0.002      0.323      0.746


QUALITY OF NUMERICAL RESULTS

     Condition Number for the Information Matrix             -0.135E-04
       (ratio of smallest to largest eigenvalue)


CONFIDENCE INTERVALS OF MODEL RESULTS

                  Lower .5%  Lower 2.5%    Lower 5%    Estimate    Upper 5%  Upper 2.5%   Upper .5%

 IA       ON
    AGE_C80         -0.162      -0.141      -0.130      -0.074      -0.018      -0.008       0.013
    EDU_C7          -0.011       0.001       0.007       0.039       0.071       0.077       0.089
    FEMALE          -0.113      -0.019       0.030       0.281       0.533       0.581       0.676
    SBP_C167        -0.004      -0.002      -0.001       0.002       0.006       0.007       0.008

 SA       ON
    AGE_C80         -0.045      -0.035      -0.030      -0.005       0.021       0.026       0.035
    EDU_C7          -0.013      -0.007      -0.004       0.012       0.028       0.031       0.037
    FEMALE          -0.225      -0.169      -0.141       0.008       0.156       0.185       0.240
    SBP_C167        -0.003      -0.002      -0.002       0.001       0.003       0.003       0.004

 QA       ON
    AGE_C80         -0.009      -0.007      -0.006       0.000       0.006       0.007       0.009
    EDU_C7          -0.008      -0.007      -0.006      -0.002       0.002       0.003       0.004
    FEMALE          -0.026      -0.019      -0.015       0.004       0.023       0.026       0.033
    SBP_C167         0.000       0.000       0.000       0.000       0.000       0.000       0.000

 IA       WITH
    SA              -0.330      -0.260      -0.225      -0.040       0.146       0.181       0.250
    QA              -0.133      -0.100      -0.083       0.007       0.097       0.114       0.148

 SA       WITH
    QA              -0.033      -0.026      -0.023      -0.005       0.012       0.016       0.022

 Intercepts
    A_01             0.000       0.000       0.000       0.000       0.000       0.000       0.000
    A_02             0.000       0.000       0.000       0.000       0.000       0.000       0.000
    A_03             0.000       0.000       0.000       0.000       0.000       0.000       0.000
    A_05             0.000       0.000       0.000       0.000       0.000       0.000       0.000
    IA               9.469       9.533       9.565       9.736       9.906       9.938      10.002
    SA              -0.149      -0.106      -0.084       0.031       0.145       0.167       0.210
    QA              -0.033      -0.027      -0.024      -0.008       0.008       0.011       0.017

 Residual Variances
    A_01             0.107       0.242       0.312       0.674       1.036       1.105       1.241
    A_02             0.107       0.242       0.312       0.674       1.036       1.105       1.241
    A_03             0.107       0.242       0.312       0.674       1.036       1.105       1.241
    A_05             0.107       0.242       0.312       0.674       1.036       1.105       1.241
    IA              -0.273      -0.037       0.084       0.715       1.347       1.467       1.704
    SA              -0.215      -0.150      -0.117       0.056       0.228       0.261       0.326
    QA              -0.004      -0.003      -0.002       0.001       0.003       0.004       0.005


SAMPLE STATISTICS FOR ESTIMATED FACTOR SCORES


     SAMPLE STATISTICS


           Means
              IA            IA_SE         SA            SA_SE         QA
              ________      ________      ________      ________      ________
 1              9.108         0.499        -0.039         0.217        -0.004


           Means
              QA_SE
              ________
 1              0.022


           Covariances
              IA            IA_SE         SA            SA_SE         QA
              ________      ________      ________      ________      ________
 IA             2.409
 IA_SE         -0.017         0.004
 SA             0.143         0.000         0.040
 SA_SE         -0.003         0.001         0.000         0.000
 QA            -0.002         0.000        -0.003         0.000         0.000
 QA_SE          0.000         0.000         0.000         0.000         0.000


           Covariances
              QA_SE
              ________
 QA_SE          0.000


           Correlations
              IA            IA_SE         SA            SA_SE         QA
              ________      ________      ________      ________      ________
 IA             1.000
 IA_SE         -0.186         1.000
 SA             0.459         0.029         1.000
 SA_SE         -0.158         0.901         0.117         1.000
 QA            -0.066        -0.115        -0.900        -0.197         1.000
 QA_SE         -0.200         0.917         0.062         0.958        -0.154


           Correlations
              QA_SE
              ________
 QA_SE          1.000


RESULTS SAVING INFORMATION

  Order of data

    Parameter estimates
     (saved in order shown in Technical 1 output)
    Standard errors
     (saved in order shown in Technical 1 output)
    H0 Loglikelihood
    H0 Scaling Correction Factor for MLR
    Number of Free Parameters
    Akaike (AIC)
    Bayesian (BIC)
    Sample-Size Adjusted BIC

  Save file
    u2_1235_aefb_mirrecog_results.dat

  Save file format           Free


PLOT INFORMATION

The following plots are available:

  Histograms (sample values, estimated factor scores)
  Scatterplots (sample values, estimated factor scores)
  Latent variable distribution plots

SAVEDATA INFORMATION


  Save file
    u2_1235_aefb_mirrecog_fscores.dat

  Order and format of variables

    A_01           F10.3
    A_02           F10.3
    A_03           F10.3
    A_05           F10.3
    AGE_C80        F10.3
    EDU_C7         F10.3
    FEMALE         F10.3
    SBP_C167       F10.3
    TIME_01        F10.3
    TIME_02        F10.3
    TIME_03        F10.3
    TIME_05        F10.3
    _WEIGHT        F10.3
    IA             F10.3
    IA_SE          F10.3
    SA             F10.3
    SA_SE          F10.3
    QA             F10.3
    QA_SE          F10.3
    PAIRID         I6

  Save file format
    19F10.3 I6

  Save file record length    10000


     Beginning Time:  12:15:07
        Ending Time:  12:15:15
       Elapsed Time:  00:00:08



MUTHEN & MUTHEN
3463 Stoner Ave.
Los Angeles, CA  90066

Tel: (310) 391-9971
Fax: (310) 391-8971
Web: www.StatModel.com
Support: Support@StatModel.com

Copyright (c) 1998-2014 Muthen & Muthen
