Mplus VERSION 7.3
MUTHEN & MUTHEN
12/17/2016   6:11 PM

INPUT INSTRUCTIONS

  TITLE:
  Script produced from the prototype in ./sandbox/syntax-creator/
  DATA:
  File = wide-dataset.dat ;
  VARIABLE:
  NAMES are
   Case PairID female age_c80 edu_c7 sbp_c167 smoke cardio diabetes dementia_ever
      years_since_bl_01 years_since_bl_02 years_since_bl_03 years_since_bl_04
      years_since_bl_05 pef_01 pef_02 pef_03 pef_04 pef_05 grip_01 grip_02 grip_03
      grip_04 grip_05 gait_01 gait_02 gait_03 gait_04 gait_05 block_01 block_02
      block_03 block_04 block_05 digitspanbackward_01 digitspanbackward_02
      digitspanbackward_03 digitspanbackward_04 digitspanbackward_05
      digitspanforward_01 digitspanforward_02 digitspanforward_03 digitspanforward_04
      digitspanforward_05 symbol_01 symbol_02 symbol_03 symbol_04 symbol_05 prose_01
      prose_02 prose_03 prose_04 prose_05 info_01 info_02 info_03 info_04 info_05
      synonyms_01 synonyms_02 synonyms_03 synonyms_04 synonyms_05 psif_01 psif_02
      psif_03 psif_04 psif_05 figure_01 figure_02 figure_03 figure_04 figure_05
      mirrecall_01 mirrecall_02 mirrecall_03 mirrecall_04 mirrecall_05 mmse_01 mmse_02
      mmse_03 mmse_04 mmse_05 mirnaming_01 mirnaming_02 mirnaming_03 mirnaming_04
      mirnaming_05 mirrecog_01 mirrecog_02 mirrecog_03 mirrecog_04 mirrecog_05
      clock_01 clock_02 clock_03 clock_04 clock_05
  	;
  Missing are all (-9999);
  USEVARIABLES are
  	!define the variables used in the analysis
  	! covariates used in the model
  age_c80
  edu_c7
  female
  sbp_c167	
  	!estimated time points
  time_01
  time_02
  time_03
  	!modelled time points of process (A)
  a_01
  a_02
  a_03
  ;
  TSCORES are
  	!estimated time points
  time_01
  time_02
  time_03;
  CLUSTER = PairID;
  SUBPOPULATION are
  	!select a subset of observations
  dementia_ever NE 1
  ;
  DEFINE:
  	! assign variables to the process (A)
  a_01 = mirrecog_01;
  a_02 = mirrecog_02;
  a_03 = mirrecog_03;
  	!assign variables to time points
  time_01 = years_since_bl_01;
  time_02 = years_since_bl_02;
  time_03 = years_since_bl_03;
  	
  ANALYSIS: TYPE = RANDOM COMPLEX;
  COVERAGE=.00;
  MODEL:
  	!first-level equation
  	! assign process (A) to time points
  ia sa qa | a_01 AT time_01 ;
  ia sa qa | a_02 AT time_02 ;
  ia sa qa | a_03 AT time_03 ;
  	!variance of the first-level terms
  ia (v_ia);
  sa (v_sa);
  qa (v_qa);
  	!covariance among first-level terms
  ia WITH sa (c_iasa);
  ia WITH qa (c_iaqa);
  sa WITH qa (c_saqa);
  	!second-level equation
  ia sa qa ON age_c80
  edu_c7
  female
  sbp_c167;
  	!residual covariance of process (A)
  a_01 (res_a);
  a_02 (res_a);
  a_03 (res_a);	
  SAVEDATA:
  FILE is   u2_123_aefb_mirrecog_fscores.dat;
  SAVE = FSCORES;
  RESULTS are   u2_123_aefb_mirrecog_results.dat;
  	
  OUTPUT: sampstat cinterval;
  PLOT: Type is Plot1 Plot2 Plot3;



*** WARNING
  Data set contains cases with missing on x-variables.
  These cases were not included in the analysis.
  Number of cases with missing on x-variables:  92
*** WARNING
  Data set contains cases with missing on all variables except
  x-variables.  These cases were not included in the analysis.
  Number of cases with missing on all variables except x-variables:  33
   2 WARNING(S) FOUND IN THE INPUT INSTRUCTIONS




Script produced from the prototype in ./sandbox/syntax-creator/

SUMMARY OF ANALYSIS

Number of groups                                                 1
Number of observations                                         417

Number of dependent variables                                    3
Number of independent variables                                  4
Number of continuous latent variables                            3

Observed dependent variables

  Continuous
   A_01        A_02        A_03

Observed independent variables
   AGE_C80     EDU_C7      FEMALE      SBP_C167

Continuous latent variables
   IA          SA          QA

Variables with special functions

  Cluster variable      PAIRID
  Weight variable       _WEIGHT

  Time scores
   TIME_01     TIME_02     TIME_03


Estimator                                                      MLR
Information matrix                                        OBSERVED
Maximum number of iterations                                   100
Convergence criterion                                    0.100D-05
Maximum number of EM iterations                                500
Convergence criteria for the EM algorithm
  Loglikelihood change                                   0.100D-02
  Relative loglikelihood change                          0.100D-05
  Derivative                                             0.100D-03
Minimum variance                                         0.100D-03
Maximum number of steepest descent iterations                   20
Maximum number of iterations for H1                           2000
Convergence criterion for H1                             0.100D-03
Optimization algorithm                                         EMA

Input data file(s)
  wide-dataset.dat
Input data format  FREE



SAMPLE STATISTICS


     ESTIMATED SAMPLE STATISTICS


           Means
              A_01          A_02          A_03          AGE_C80       EDU_C7
              ________      ________      ________      ________      ________
 1              9.677         9.693         9.648         3.250         0.297


           Means
              FEMALE        SBP_C167
              ________      ________
 1              0.652        -5.945


           Covariances
              A_01          A_02          A_03          AGE_C80       EDU_C7
              ________      ________      ________      ________      ________
 A_01           1.511
 A_02           0.575         1.528
 A_03           0.908         0.912         1.762
 AGE_C80       -0.579        -0.756        -0.758         7.945
 EDU_C7         0.257         0.389         0.357        -0.821         6.175
 FEMALE         0.059         0.040         0.089         0.080        -0.115
 SBP_C167       1.647         2.525         2.785        -4.597         0.633


           Covariances
              FEMALE        SBP_C167
              ________      ________
 FEMALE         0.227
 SBP_C167       0.691       509.678


           Correlations
              A_01          A_02          A_03          AGE_C80       EDU_C7
              ________      ________      ________      ________      ________
 A_01           1.000
 A_02           0.378         1.000
 A_03           0.557         0.556         1.000
 AGE_C80       -0.167        -0.217        -0.203         1.000
 EDU_C7         0.084         0.127         0.108        -0.117         1.000
 FEMALE         0.102         0.068         0.141         0.059        -0.097
 SBP_C167       0.059         0.090         0.093        -0.072         0.011


           Correlations
              FEMALE        SBP_C167
              ________      ________
 FEMALE         1.000
 SBP_C167       0.064         1.000


     MAXIMUM LOG-LIKELIHOOD VALUE FOR THE UNRESTRICTED (H1) MODEL IS -7805.599


UNIVARIATE HIGHER-ORDER MOMENT DESCRIPTIVE STATISTICS


     UNIVARIATE HIGHER-ORDER MOMENT DESCRIPTIVE STATISTICS

         Variable/         Mean/     Skewness/   Minimum/ % with                Percentiles
        Sample Size      Variance    Kurtosis    Maximum  Min/Max      20%/60%    40%/80%    Median

     A_01                  9.684      -4.978       0.000    2.21%      10.000     10.000     10.000
             542.000       1.509      27.702      10.000   81.55%      10.000     10.000
     A_02                  9.732      -5.645       0.000    5.96%       9.000     10.000     10.000
             453.000       1.420      34.130      10.000   78.37%      10.000     10.000
     A_03                  9.754      -6.201       0.000    7.41%       9.000     10.000     10.000
             351.000       1.400      41.928      10.000   76.35%      10.000     10.000
     AGE_C80               3.250       1.048      -0.581    0.17%       0.877      1.811      2.425
             577.000       7.945       0.464      13.313    0.35%       3.194      5.718
     EDU_C7                0.297       2.170      -7.000    0.17%      -1.000     -1.000     -1.000
             577.000       6.175       7.316      16.000    0.17%       0.000      1.000
     FEMALE                0.652      -0.639       0.000   34.66%       0.000      1.000      1.000
             577.000       0.227      -1.591       1.000   65.34%       1.000      1.000
     SBP_C167             -5.945       0.371     -57.000    1.56%     -27.000    -12.000     -7.000
             577.000     509.678       0.689      93.000    0.17%      -7.000     13.000


THE MODEL ESTIMATION TERMINATED NORMALLY



MODEL FIT INFORMATION

Number of Free Parameters                       22

Loglikelihood

          H0 Value                       -1464.857
          H0 Scaling Correction Factor      4.5306
            for MLR

Information Criteria

          Akaike (AIC)                    2973.714
          Bayesian (BIC)                  3062.442
          Sample-Size Adjusted BIC        2992.630
            (n* = (n + 2) / 24)



MODEL RESULTS

                                                    Two-Tailed
                    Estimate       S.E.  Est./S.E.    P-Value

 IA         ON
    AGE_C80           -0.071      0.035     -2.055      0.040
    EDU_C7             0.038      0.020      1.865      0.062
    FEMALE             0.299      0.156      1.915      0.056
    SBP_C167           0.002      0.002      0.906      0.365

 SA         ON
    AGE_C80           -0.013      0.030     -0.437      0.662
    EDU_C7             0.013      0.019      0.688      0.492
    FEMALE            -0.107      0.170     -0.631      0.528
    SBP_C167           0.001      0.002      0.311      0.755

 QA         ON
    AGE_C80            0.002      0.008      0.322      0.747
    EDU_C7            -0.002      0.005     -0.533      0.594
    FEMALE             0.035      0.041      0.848      0.396
    SBP_C167           0.000      0.001     -0.155      0.877

 IA       WITH
    SA                -0.753      0.735     -1.024      0.306
    QA                 0.149      0.117      1.270      0.204

 SA       WITH
    QA                -0.323      0.348     -0.926      0.354

 Intercepts
    A_01               0.000      0.000    999.000    999.000
    A_02               0.000      0.000    999.000    999.000
    A_03               0.000      0.000    999.000    999.000
    IA                 9.714      0.105     92.192      0.000
    SA                 0.139      0.144      0.969      0.332
    QA                -0.037      0.036     -1.034      0.301

 Residual Variances
    A_01               0.039      1.031      0.038      0.970
    A_02               0.039      1.031      0.038      0.970
    A_03               0.039      1.031      0.038      0.970
    IA                 1.399      1.055      1.326      0.185
    SA                 1.423      1.557      0.914      0.361
    QA                 0.077      0.084      0.922      0.356


QUALITY OF NUMERICAL RESULTS

     Condition Number for the Information Matrix              0.189E-06
       (ratio of smallest to largest eigenvalue)


CONFIDENCE INTERVALS OF MODEL RESULTS

                  Lower .5%  Lower 2.5%    Lower 5%    Estimate    Upper 5%  Upper 2.5%   Upper .5%

 IA       ON
    AGE_C80         -0.160      -0.139      -0.128      -0.071      -0.014      -0.003       0.018
    EDU_C7          -0.014      -0.002       0.004       0.038       0.071       0.077       0.090
    FEMALE          -0.103      -0.007       0.042       0.299       0.556       0.605       0.702
    SBP_C167        -0.004      -0.002      -0.002       0.002       0.006       0.007       0.008

 SA       ON
    AGE_C80         -0.092      -0.073      -0.064      -0.013       0.037       0.046       0.065
    EDU_C7          -0.035      -0.024      -0.018       0.013       0.043       0.049       0.061
    FEMALE          -0.546      -0.441      -0.387      -0.107       0.173       0.226       0.331
    SBP_C167        -0.005      -0.004      -0.003       0.001       0.005       0.005       0.007

 QA       ON
    AGE_C80         -0.017      -0.012      -0.010       0.002       0.015       0.017       0.022
    EDU_C7          -0.014      -0.012      -0.010      -0.002       0.005       0.007       0.009
    FEMALE          -0.071      -0.046      -0.033       0.035       0.103       0.116       0.141
    SBP_C167        -0.002      -0.001      -0.001       0.000       0.001       0.001       0.001

 IA       WITH
    SA              -2.647      -2.194      -1.963      -0.753       0.457       0.689       1.141
    QA              -0.153      -0.081      -0.044       0.149       0.341       0.378       0.450

 SA       WITH
    QA              -1.219      -1.005      -0.895      -0.323       0.250       0.360       0.574

 Intercepts
    A_01             0.000       0.000       0.000       0.000       0.000       0.000       0.000
    A_02             0.000       0.000       0.000       0.000       0.000       0.000       0.000
    A_03             0.000       0.000       0.000       0.000       0.000       0.000       0.000
    IA               9.442       9.507       9.540       9.714       9.887       9.920       9.985
    SA              -0.231      -0.142      -0.097       0.139       0.375       0.420       0.509
    QA              -0.130      -0.108      -0.097      -0.037       0.022       0.033       0.056

 Residual Variances
    A_01            -2.617      -1.982      -1.657       0.039       1.736       2.061       2.696
    A_02            -2.617      -1.982      -1.657       0.039       1.736       2.061       2.696
    A_03            -2.617      -1.982      -1.657       0.039       1.736       2.061       2.696
    IA              -1.319      -0.669      -0.337       1.399       3.135       3.468       4.118
    SA              -2.588      -1.629      -1.139       1.423       3.984       4.475       5.434
    QA              -0.138      -0.087      -0.060       0.077       0.215       0.241       0.292


SAMPLE STATISTICS FOR ESTIMATED FACTOR SCORES


     SAMPLE STATISTICS


           Means
              IA            IA_SE         SA            SA_SE         QA
              ________      ________      ________      ________      ________
 1              9.108         0.246        -0.090         0.461        -0.003


           Means
              QA_SE
              ________
 1              0.117


           Covariances
              IA            IA_SE         SA            SA_SE         QA
              ________      ________      ________      ________      ________
 IA             4.509
 IA_SE         -0.053         0.041
 SA            -0.899        -0.074         3.090
 SA_SE         -0.101         0.022         0.014         0.105
 QA             0.175         0.017        -0.702         0.001         0.172
 QA_SE         -0.027         0.004         0.000         0.024         0.001


           Covariances
              QA_SE
              ________
 QA_SE          0.006


           Correlations
              IA            IA_SE         SA            SA_SE         QA
              ________      ________      ________      ________      ________
 IA             1.000
 IA_SE         -0.123         1.000
 SA            -0.241        -0.206         1.000
 SA_SE         -0.147         0.341         0.024         1.000
 QA             0.199         0.202        -0.962         0.010         1.000
 QA_SE         -0.165         0.243         0.001         0.970         0.042


           Correlations
              QA_SE
              ________
 QA_SE          1.000


RESULTS SAVING INFORMATION

  Order of data

    Parameter estimates
     (saved in order shown in Technical 1 output)
    Standard errors
     (saved in order shown in Technical 1 output)
    H0 Loglikelihood
    H0 Scaling Correction Factor for MLR
    Number of Free Parameters
    Akaike (AIC)
    Bayesian (BIC)
    Sample-Size Adjusted BIC

  Save file
    u2_123_aefb_mirrecog_results.dat

  Save file format           Free


PLOT INFORMATION

The following plots are available:

  Histograms (sample values, estimated factor scores)
  Scatterplots (sample values, estimated factor scores)
  Latent variable distribution plots

SAVEDATA INFORMATION


  Save file
    u2_123_aefb_mirrecog_fscores.dat

  Order and format of variables

    A_01           F10.3
    A_02           F10.3
    A_03           F10.3
    AGE_C80        F10.3
    EDU_C7         F10.3
    FEMALE         F10.3
    SBP_C167       F10.3
    TIME_01        F10.3
    TIME_02        F10.3
    TIME_03        F10.3
    _WEIGHT        F10.3
    IA             F10.3
    IA_SE          F10.3
    SA             F10.3
    SA_SE          F10.3
    QA             F10.3
    QA_SE          F10.3
    PAIRID         I6

  Save file format
    17F10.3 I6

  Save file record length    10000


     Beginning Time:  18:11:06
        Ending Time:  18:11:31
       Elapsed Time:  00:00:25



MUTHEN & MUTHEN
3463 Stoner Ave.
Los Angeles, CA  90066

Tel: (310) 391-9971
Fax: (310) 391-8971
Web: www.StatModel.com
Support: Support@StatModel.com

Copyright (c) 1998-2014 Muthen & Muthen
