Mplus VERSION 7.3
MUTHEN & MUTHEN
12/17/2016   6:06 PM

INPUT INSTRUCTIONS

  TITLE:
  Script produced from the prototype in ./sandbox/syntax-creator/
  DATA:
  File = wide-dataset.dat ;
  VARIABLE:
  NAMES are
   Case PairID female age_c80 edu_c7 sbp_c167 smoke cardio diabetes dementia_ever
      years_since_bl_01 years_since_bl_02 years_since_bl_03 years_since_bl_04
      years_since_bl_05 pef_01 pef_02 pef_03 pef_04 pef_05 grip_01 grip_02 grip_03
      grip_04 grip_05 gait_01 gait_02 gait_03 gait_04 gait_05 block_01 block_02
      block_03 block_04 block_05 digitspanbackward_01 digitspanbackward_02
      digitspanbackward_03 digitspanbackward_04 digitspanbackward_05
      digitspanforward_01 digitspanforward_02 digitspanforward_03 digitspanforward_04
      digitspanforward_05 symbol_01 symbol_02 symbol_03 symbol_04 symbol_05 prose_01
      prose_02 prose_03 prose_04 prose_05 info_01 info_02 info_03 info_04 info_05
      synonyms_01 synonyms_02 synonyms_03 synonyms_04 synonyms_05 psif_01 psif_02
      psif_03 psif_04 psif_05 figure_01 figure_02 figure_03 figure_04 figure_05
      mirrecall_01 mirrecall_02 mirrecall_03 mirrecall_04 mirrecall_05 mmse_01 mmse_02
      mmse_03 mmse_04 mmse_05 mirnaming_01 mirnaming_02 mirnaming_03 mirnaming_04
      mirnaming_05 mirrecog_01 mirrecog_02 mirrecog_03 mirrecog_04 mirrecog_05
      clock_01 clock_02 clock_03 clock_04 clock_05
  	;
  Missing are all (-9999);
  USEVARIABLES are
  	!define the variables used in the analysis
  	! covariates used in the model
  age_c80
  edu_c7
  female
  sbp_c167	
  	!estimated time points
  time_01
  time_03
  time_05
  	!modelled time points of process (A)
  a_01
  a_03
  a_05
  ;
  TSCORES are
  	!estimated time points
  time_01
  time_03
  time_05;
  CLUSTER = PairID;
  SUBPOPULATION are
  	!select a subset of observations
  dementia_ever NE 1
  ;
  DEFINE:
  	! assign variables to the process (A)
  a_01 = mirrecog_01;
  a_03 = mirrecog_03;
  a_05 = mirrecog_05;
  	!assign variables to time points
  time_01 = years_since_bl_01;
  time_03 = years_since_bl_03;
  time_05 = years_since_bl_05;
  	
  ANALYSIS: TYPE = RANDOM COMPLEX;
  COVERAGE=.00;
  MODEL:
  	!first-level equation
  	! assign process (A) to time points
  ia sa qa | a_01 AT time_01 ;
  ia sa qa | a_03 AT time_03 ;
  ia sa qa | a_05 AT time_05 ;
  	!variance of the first-level terms
  ia (v_ia);
  sa (v_sa);
  qa (v_qa);
  	!covariance among first-level terms
  ia WITH sa (c_iasa);
  ia WITH qa (c_iaqa);
  sa WITH qa (c_saqa);
  	!second-level equation
  ia sa qa ON age_c80
  edu_c7
  female
  sbp_c167;
  	!residual covariance of process (A)
  a_01 (res_a);
  a_03 (res_a);
  a_05 (res_a);	
  SAVEDATA:
  FILE is   u2_135_aefb_mirrecog_fscores.dat;
  SAVE = FSCORES;
  RESULTS are   u2_135_aefb_mirrecog_results.dat;
  	
  OUTPUT: sampstat cinterval;
  PLOT: Type is Plot1 Plot2 Plot3;



*** WARNING
  Data set contains cases with missing on x-variables.
  These cases were not included in the analysis.
  Number of cases with missing on x-variables:  92
*** WARNING
  Data set contains cases with missing on all variables except
  x-variables.  These cases were not included in the analysis.
  Number of cases with missing on all variables except x-variables:  50
   2 WARNING(S) FOUND IN THE INPUT INSTRUCTIONS




Script produced from the prototype in ./sandbox/syntax-creator/

SUMMARY OF ANALYSIS

Number of groups                                                 1
Number of observations                                         410

Number of dependent variables                                    3
Number of independent variables                                  4
Number of continuous latent variables                            3

Observed dependent variables

  Continuous
   A_01        A_03        A_05

Observed independent variables
   AGE_C80     EDU_C7      FEMALE      SBP_C167

Continuous latent variables
   IA          SA          QA

Variables with special functions

  Cluster variable      PAIRID
  Weight variable       _WEIGHT

  Time scores
   TIME_01     TIME_03     TIME_05


Estimator                                                      MLR
Information matrix                                        OBSERVED
Maximum number of iterations                                   100
Convergence criterion                                    0.100D-05
Maximum number of EM iterations                                500
Convergence criteria for the EM algorithm
  Loglikelihood change                                   0.100D-02
  Relative loglikelihood change                          0.100D-05
  Derivative                                             0.100D-03
Minimum variance                                         0.100D-03
Maximum number of steepest descent iterations                   20
Maximum number of iterations for H1                           2000
Convergence criterion for H1                             0.100D-03
Optimization algorithm                                         EMA

Input data file(s)
  wide-dataset.dat
Input data format  FREE



SAMPLE STATISTICS


     ESTIMATED SAMPLE STATISTICS


           Means
              A_01          A_03          A_05          AGE_C80       EDU_C7
              ________      ________      ________      ________      ________
 1              9.686         9.694         9.499         3.194         0.337


           Means
              FEMALE        SBP_C167
              ________      ________
 1              0.651        -5.695


           Covariances
              A_01          A_03          A_05          AGE_C80       EDU_C7
              ________      ________      ________      ________      ________
 A_01           1.498
 A_03           0.800         1.550
 A_05           0.890         1.122         1.707
 AGE_C80       -0.548        -0.647        -0.762         7.689
 EDU_C7         0.240         0.284        -0.083        -0.636         6.111
 FEMALE         0.058         0.088         0.113         0.070        -0.109
 SBP_C167       1.654         2.846         4.099        -4.324         0.219


           Covariances
              FEMALE        SBP_C167
              ________      ________
 FEMALE         0.227
 SBP_C167       0.711       511.163


           Correlations
              A_01          A_03          A_05          AGE_C80       EDU_C7
              ________      ________      ________      ________      ________
 A_01           1.000
 A_03           0.525         1.000
 A_05           0.556         0.690         1.000
 AGE_C80       -0.161        -0.188        -0.210         1.000
 EDU_C7         0.079         0.092        -0.026        -0.093         1.000
 FEMALE         0.100         0.148         0.181         0.053        -0.093
 SBP_C167       0.060         0.101         0.139        -0.069         0.004


           Correlations
              FEMALE        SBP_C167
              ________      ________
 FEMALE         1.000
 SBP_C167       0.066         1.000


     MAXIMUM LOG-LIKELIHOOD VALUE FOR THE UNRESTRICTED (H1) MODEL IS -7184.266


UNIVARIATE HIGHER-ORDER MOMENT DESCRIPTIVE STATISTICS


     UNIVARIATE HIGHER-ORDER MOMENT DESCRIPTIVE STATISTICS

         Variable/         Mean/     Skewness/   Minimum/ % with                Percentiles
        Sample Size      Variance    Kurtosis    Maximum  Min/Max      20%/60%    40%/80%    Median

     A_01                  9.684      -4.978       0.000    2.21%      10.000     10.000     10.000
             542.000       1.509      27.702      10.000   81.55%      10.000     10.000
     A_03                  9.754      -6.201       0.000    7.41%       9.000     10.000     10.000
             351.000       1.400      41.928      10.000   76.35%      10.000     10.000
     A_05                  9.672      -5.301       0.000    8.02%       8.000     10.000     10.000
             162.000       1.411      34.301      10.000   75.93%      10.000     10.000
     AGE_C80               3.194       1.068      -0.581    0.18%       0.877      1.765      2.325
             560.000       7.689       0.563      13.313    0.36%       3.110      5.696
     EDU_C7                0.337       2.262      -5.000    0.36%      -1.000     -1.000     -1.000
             560.000       6.111       7.380      16.000    0.18%       0.000      1.000
     FEMALE                0.651      -0.635       0.000   34.46%       0.000      1.000      1.000
             560.000       0.227      -1.597       1.000   65.54%       1.000      1.000
     SBP_C167             -5.695       0.362     -57.000    1.61%     -27.000     -7.000     -7.000
             560.000     511.163       0.688      93.000    0.18%      -2.000     13.000

     WARNING: THE MODEL ESTIMATION HAS REACHED A SADDLE POINT OR A POINT WHERE THE
     OBSERVED AND THE EXPECTED INFORMATION MATRICES DO NOT MATCH.
     AN ADJUSTMENT TO THE ESTIMATION OF THE INFORMATION MATRIX HAS BEEN MADE.
     THE CONDITION NUMBER IS      -0.369D-07.
     THE PROBLEM MAY ALSO BE RESOLVED BY DECREASING THE VALUE OF THE
     MCONVERGENCE OR LOGCRITERION OPTIONS OR BY CHANGING THE STARTING VALUES
     OR BY USING THE MLF ESTIMATOR.


THE MODEL ESTIMATION TERMINATED NORMALLY



MODEL FIT INFORMATION

Number of Free Parameters                       22

Loglikelihood

          H0 Value                       -1167.028
          H0 Scaling Correction Factor      3.5248
            for MLR

Information Criteria

          Akaike (AIC)                    2378.057
          Bayesian (BIC)                  2466.412
          Sample-Size Adjusted BIC        2396.602
            (n* = (n + 2) / 24)



MODEL RESULTS

                                                    Two-Tailed
                    Estimate       S.E.  Est./S.E.    P-Value

 IA         ON
    AGE_C80           -0.070      0.035     -2.002      0.045
    EDU_C7             0.037      0.020      1.836      0.066
    FEMALE             0.290      0.154      1.878      0.060
    SBP_C167           0.002      0.002      0.939      0.348

 SA         ON
    AGE_C80           -0.002      0.013     -0.143      0.886
    EDU_C7             0.011      0.010      1.070      0.285
    FEMALE             0.034      0.083      0.414      0.679
    SBP_C167           0.000      0.001      0.356      0.722

 QA         ON
    AGE_C80            0.000      0.001     -0.188      0.851
    EDU_C7            -0.002      0.001     -1.616      0.106
    FEMALE             0.000      0.011     -0.025      0.980
    SBP_C167           0.000      0.000      0.017      0.986

 IA       WITH
    SA                -0.259      0.071     -3.636      0.000
    QA                 0.023      0.011      2.159      0.031

 SA       WITH
    QA                -0.024      0.011     -2.161      0.031

 Intercepts
    A_01               0.000      0.000    999.000    999.000
    A_03               0.000      0.000    999.000    999.000
    A_05               0.000      0.000    999.000    999.000
    IA                 9.720      0.105     92.601      0.000
    SA                 0.012      0.071      0.167      0.868
    QA                -0.005      0.010     -0.512      0.609

 Residual Variances
    A_01               0.045      0.175      0.258      0.796
    A_03               0.045      0.175      0.258      0.796
    A_05               0.045      0.175      0.258      0.796
    IA                 1.386      0.191      7.260      0.000
    SA                 0.233      0.096      2.422      0.015
    QA                 0.003      0.001      2.058      0.040


QUALITY OF NUMERICAL RESULTS

     Condition Number for the Information Matrix             -0.369E-07
       (ratio of smallest to largest eigenvalue)


CONFIDENCE INTERVALS OF MODEL RESULTS

                  Lower .5%  Lower 2.5%    Lower 5%    Estimate    Upper 5%  Upper 2.5%   Upper .5%

 IA       ON
    AGE_C80         -0.159      -0.138      -0.127      -0.070      -0.012      -0.001       0.020
    EDU_C7          -0.015      -0.003       0.004       0.037       0.070       0.077       0.089
    FEMALE          -0.108      -0.013       0.036       0.290       0.544       0.592       0.687
    SBP_C167        -0.004      -0.002      -0.002       0.002       0.006       0.007       0.008

 SA       ON
    AGE_C80         -0.037      -0.028      -0.024      -0.002       0.020       0.024       0.033
    EDU_C7          -0.015      -0.009      -0.006       0.011       0.027       0.030       0.036
    FEMALE          -0.179      -0.128      -0.102       0.034       0.170       0.196       0.247
    SBP_C167        -0.003      -0.002      -0.002       0.000       0.003       0.003       0.004

 QA       ON
    AGE_C80         -0.004      -0.003      -0.003       0.000       0.002       0.003       0.003
    EDU_C7          -0.005      -0.005      -0.004      -0.002       0.000       0.000       0.001
    FEMALE          -0.027      -0.021      -0.018       0.000       0.017       0.020       0.027
    SBP_C167         0.000       0.000       0.000       0.000       0.000       0.000       0.000

 IA       WITH
    SA              -0.443      -0.399      -0.376      -0.259      -0.142      -0.119      -0.075
    QA              -0.004       0.002       0.005       0.023       0.040       0.043       0.050

 SA       WITH
    QA              -0.053      -0.046      -0.042      -0.024      -0.006      -0.002       0.005

 Intercepts
    A_01             0.000       0.000       0.000       0.000       0.000       0.000       0.000
    A_03             0.000       0.000       0.000       0.000       0.000       0.000       0.000
    A_05             0.000       0.000       0.000       0.000       0.000       0.000       0.000
    IA               9.450       9.514       9.547       9.720       9.893       9.926       9.990
    SA              -0.172      -0.128      -0.105       0.012       0.129       0.152       0.196
    QA              -0.029      -0.024      -0.021      -0.005       0.011       0.014       0.020

 Residual Variances
    A_01            -0.406      -0.298      -0.243       0.045       0.333       0.388       0.496
    A_03            -0.406      -0.298      -0.243       0.045       0.333       0.388       0.496
    A_05            -0.406      -0.298      -0.243       0.045       0.333       0.388       0.496
    IA               0.894       1.012       1.072       1.386       1.700       1.760       1.878
    SA              -0.015       0.044       0.075       0.233       0.391       0.421       0.480
    QA              -0.001       0.000       0.001       0.003       0.005       0.005       0.006


SAMPLE STATISTICS FOR ESTIMATED FACTOR SCORES


     SAMPLE STATISTICS


           Means
              IA            IA_SE         SA            SA_SE         QA
              ________      ________      ________      ________      ________
 1              9.147         0.234        -0.092         0.259         0.003


           Means
              QA_SE
              ________
 1              0.032


           Covariances
              IA            IA_SE         SA            SA_SE         QA
              ________      ________      ________      ________      ________
 IA             4.443
 IA_SE         -0.022         0.020
 SA            -0.464        -0.006         0.681
 SA_SE         -0.060         0.004         0.027         0.020
 QA             0.038         0.000        -0.067        -0.002         0.007
 QA_SE         -0.006         0.000         0.002         0.002         0.000


           Covariances
              QA_SE
              ________
 QA_SE          0.000


           Correlations
              IA            IA_SE         SA            SA_SE         QA
              ________      ________      ________      ________      ________
 IA             1.000
 IA_SE         -0.073         1.000
 SA            -0.267        -0.049         1.000
 SA_SE         -0.201         0.204         0.229         1.000
 QA             0.212         0.041        -0.970        -0.192         1.000
 QA_SE         -0.213         0.154         0.158         0.963        -0.112


           Correlations
              QA_SE
              ________
 QA_SE          1.000


RESULTS SAVING INFORMATION

  Order of data

    Parameter estimates
     (saved in order shown in Technical 1 output)
    Standard errors
     (saved in order shown in Technical 1 output)
    H0 Loglikelihood
    H0 Scaling Correction Factor for MLR
    Number of Free Parameters
    Akaike (AIC)
    Bayesian (BIC)
    Sample-Size Adjusted BIC

  Save file
    u2_135_aefb_mirrecog_results.dat

  Save file format           Free


PLOT INFORMATION

The following plots are available:

  Histograms (sample values, estimated factor scores)
  Scatterplots (sample values, estimated factor scores)
  Latent variable distribution plots

SAVEDATA INFORMATION


  Save file
    u2_135_aefb_mirrecog_fscores.dat

  Order and format of variables

    A_01           F10.3
    A_03           F10.3
    A_05           F10.3
    AGE_C80        F10.3
    EDU_C7         F10.3
    FEMALE         F10.3
    SBP_C167       F10.3
    TIME_01        F10.3
    TIME_03        F10.3
    TIME_05        F10.3
    _WEIGHT        F10.3
    IA             F10.3
    IA_SE          F10.3
    SA             F10.3
    SA_SE          F10.3
    QA             F10.3
    QA_SE          F10.3
    PAIRID         I6

  Save file format
    17F10.3 I6

  Save file record length    10000


     Beginning Time:  18:06:46
        Ending Time:  18:06:54
       Elapsed Time:  00:00:08



MUTHEN & MUTHEN
3463 Stoner Ave.
Los Angeles, CA  90066

Tel: (310) 391-9971
Fax: (310) 391-8971
Web: www.StatModel.com
Support: Support@StatModel.com

Copyright (c) 1998-2014 Muthen & Muthen
