Mplus VERSION 7.3
MUTHEN & MUTHEN
12/17/2016   6:10 PM

INPUT INSTRUCTIONS

  TITLE:
  Script produced from the prototype in ./sandbox/syntax-creator/
  DATA:
  File = wide-dataset.dat ;
  VARIABLE:
  NAMES are
   Case PairID female age_c80 edu_c7 sbp_c167 smoke cardio diabetes dementia_ever
      years_since_bl_01 years_since_bl_02 years_since_bl_03 years_since_bl_04
      years_since_bl_05 pef_01 pef_02 pef_03 pef_04 pef_05 grip_01 grip_02 grip_03
      grip_04 grip_05 gait_01 gait_02 gait_03 gait_04 gait_05 block_01 block_02
      block_03 block_04 block_05 digitspanbackward_01 digitspanbackward_02
      digitspanbackward_03 digitspanbackward_04 digitspanbackward_05
      digitspanforward_01 digitspanforward_02 digitspanforward_03 digitspanforward_04
      digitspanforward_05 symbol_01 symbol_02 symbol_03 symbol_04 symbol_05 prose_01
      prose_02 prose_03 prose_04 prose_05 info_01 info_02 info_03 info_04 info_05
      synonyms_01 synonyms_02 synonyms_03 synonyms_04 synonyms_05 psif_01 psif_02
      psif_03 psif_04 psif_05 figure_01 figure_02 figure_03 figure_04 figure_05
      mirrecall_01 mirrecall_02 mirrecall_03 mirrecall_04 mirrecall_05 mmse_01 mmse_02
      mmse_03 mmse_04 mmse_05 mirnaming_01 mirnaming_02 mirnaming_03 mirnaming_04
      mirnaming_05 mirrecog_01 mirrecog_02 mirrecog_03 mirrecog_04 mirrecog_05
      clock_01 clock_02 clock_03 clock_04 clock_05
  	;
  Missing are all (-9999);
  USEVARIABLES are
  	!define the variables used in the analysis
  	! covariates used in the model
  age_c80
  edu_c7	
  	!estimated time points
  time_01
  time_02
  time_03
  	!modelled time points of process (A)
  a_01
  a_02
  a_03
  ;
  TSCORES are
  	!estimated time points
  time_01
  time_02
  time_03;
  CLUSTER = PairID;
  SUBPOPULATION are
  	!select a subset of observations
  dementia_ever NE 1
  ;
  DEFINE:
  	! assign variables to the process (A)
  a_01 = mirrecog_01;
  a_02 = mirrecog_02;
  a_03 = mirrecog_03;
  	!assign variables to time points
  time_01 = years_since_bl_01;
  time_02 = years_since_bl_02;
  time_03 = years_since_bl_03;
  	
  ANALYSIS: TYPE = RANDOM COMPLEX;
  COVERAGE=.00;
  MODEL:
  	!first-level equation
  	! assign process (A) to time points
  ia sa qa | a_01 AT time_01 ;
  ia sa qa | a_02 AT time_02 ;
  ia sa qa | a_03 AT time_03 ;
  	!variance of the first-level terms
  ia (v_ia);
  sa (v_sa);
  qa (v_qa);
  	!covariance among first-level terms
  ia WITH sa (c_iasa);
  ia WITH qa (c_iaqa);
  sa WITH qa (c_saqa);
  	!second-level equation
  ia sa qa ON age_c80
  edu_c7;
  	!residual covariance of process (A)
  a_01 (res_a);
  a_02 (res_a);
  a_03 (res_a);	
  SAVEDATA:
  FILE is   u2_123_ae_mirrecog_fscores.dat;
  SAVE = FSCORES;
  RESULTS are   u2_123_ae_mirrecog_results.dat;
  	
  OUTPUT: sampstat cinterval;
  PLOT: Type is Plot1 Plot2 Plot3;



*** WARNING
  Data set contains cases with missing on x-variables.
  These cases were not included in the analysis.
  Number of cases with missing on x-variables:  46
*** WARNING
  Data set contains cases with missing on all variables except
  x-variables.  These cases were not included in the analysis.
  Number of cases with missing on all variables except x-variables:  53
   2 WARNING(S) FOUND IN THE INPUT INSTRUCTIONS




Script produced from the prototype in ./sandbox/syntax-creator/

SUMMARY OF ANALYSIS

Number of groups                                                 1
Number of observations                                         432

Number of dependent variables                                    3
Number of independent variables                                  2
Number of continuous latent variables                            3

Observed dependent variables

  Continuous
   A_01        A_02        A_03

Observed independent variables
   AGE_C80     EDU_C7

Continuous latent variables
   IA          SA          QA

Variables with special functions

  Cluster variable      PAIRID
  Weight variable       _WEIGHT

  Time scores
   TIME_01     TIME_02     TIME_03


Estimator                                                      MLR
Information matrix                                        OBSERVED
Maximum number of iterations                                   100
Convergence criterion                                    0.100D-05
Maximum number of EM iterations                                500
Convergence criteria for the EM algorithm
  Loglikelihood change                                   0.100D-02
  Relative loglikelihood change                          0.100D-05
  Derivative                                             0.100D-03
Minimum variance                                         0.100D-03
Maximum number of steepest descent iterations                   20
Maximum number of iterations for H1                           2000
Convergence criterion for H1                             0.100D-03
Optimization algorithm                                         EMA

Input data file(s)
  wide-dataset.dat
Input data format  FREE



SAMPLE STATISTICS


     ESTIMATED SAMPLE STATISTICS


           Means
              A_01          A_02          A_03          AGE_C80       EDU_C7
              ________      ________      ________      ________      ________
 1              9.640         9.673         9.603         3.236         0.308


           Covariances
              A_01          A_02          A_03          AGE_C80       EDU_C7
              ________      ________      ________      ________      ________
 A_01           1.717
 A_02           0.670         1.582
 A_03           1.051         1.024         1.948
 AGE_C80       -0.496        -0.704        -0.659         7.930
 EDU_C7         0.259         0.405         0.346        -0.804         6.195


           Correlations
              A_01          A_02          A_03          AGE_C80       EDU_C7
              ________      ________      ________      ________      ________
 A_01           1.000
 A_02           0.407         1.000
 A_03           0.575         0.583         1.000
 AGE_C80       -0.135        -0.199        -0.168         1.000
 EDU_C7         0.079         0.129         0.099        -0.115         1.000


     MAXIMUM LOG-LIKELIHOOD VALUE FOR THE UNRESTRICTED (H1) MODEL IS -5057.385


UNIVARIATE HIGHER-ORDER MOMENT DESCRIPTIVE STATISTICS


     UNIVARIATE HIGHER-ORDER MOMENT DESCRIPTIVE STATISTICS

         Variable/         Mean/     Skewness/   Minimum/ % with                Percentiles
        Sample Size      Variance    Kurtosis    Maximum  Min/Max      20%/60%    40%/80%    Median

     A_01                  9.651      -4.682       0.000    2.33%      10.000     10.000     10.000
             559.000       1.700      23.894      10.000   80.50%      10.000     10.000
     A_02                  9.722      -5.461       0.000    6.82%       9.000     10.000     10.000
             469.000       1.460      31.932      10.000   76.97%      10.000     10.000
     A_03                  9.724      -5.660       0.000    9.09%       8.000     10.000     10.000
             363.000       1.515      35.245      10.000   74.66%      10.000     10.000
     AGE_C80               3.236       1.046      -0.581    0.17%       0.877      1.809      2.425
             603.000       7.930       0.439      13.313    0.33%       3.203      5.718
     EDU_C7                0.308       2.153      -7.000    0.17%      -1.000     -1.000     -1.000
             603.000       6.195       7.105      16.000    0.17%       0.000      1.000


THE MODEL ESTIMATION TERMINATED NORMALLY



MODEL FIT INFORMATION

Number of Free Parameters                       16

Loglikelihood

          H0 Value                       -1538.905
          H0 Scaling Correction Factor      5.5868
            for MLR

Information Criteria

          Akaike (AIC)                    3109.809
          Bayesian (BIC)                  3174.904
          Sample-Size Adjusted BIC        3124.129
            (n* = (n + 2) / 24)



MODEL RESULTS

                                                    Two-Tailed
                    Estimate       S.E.  Est./S.E.    P-Value

 IA         ON
    AGE_C80           -0.059      0.034     -1.720      0.086
    EDU_C7             0.034      0.019      1.787      0.074

 SA         ON
    AGE_C80           -0.018      0.030     -0.617      0.537
    EDU_C7             0.017      0.017      0.992      0.321

 QA         ON
    AGE_C80            0.004      0.007      0.494      0.621
    EDU_C7            -0.004      0.004     -0.884      0.377

 IA       WITH
    SA                -0.850      0.625     -1.362      0.173
    QA                 0.170      0.103      1.651      0.099

 SA       WITH
    QA                -0.324      0.266     -1.222      0.222

 Intercepts
    A_01               0.000      0.000    999.000    999.000
    A_02               0.000      0.000    999.000    999.000
    A_03               0.000      0.000    999.000    999.000
    IA                 9.820      0.098    100.119      0.000
    SA                 0.095      0.081      1.184      0.236
    QA                -0.021      0.018     -1.152      0.249

 Residual Variances
    A_01               0.037      0.843      0.044      0.965
    A_02               0.037      0.843      0.044      0.965
    A_03               0.037      0.843      0.044      0.965
    IA                 1.643      0.916      1.794      0.073
    SA                 1.449      1.206      1.202      0.229
    QA                 0.077      0.063      1.215      0.224


QUALITY OF NUMERICAL RESULTS

     Condition Number for the Information Matrix              0.271E-06
       (ratio of smallest to largest eigenvalue)


CONFIDENCE INTERVALS OF MODEL RESULTS

                  Lower .5%  Lower 2.5%    Lower 5%    Estimate    Upper 5%  Upper 2.5%   Upper .5%

 IA       ON
    AGE_C80         -0.148      -0.127      -0.116      -0.059      -0.003       0.008       0.030
    EDU_C7          -0.015      -0.003       0.003       0.034       0.066       0.072       0.084

 SA       ON
    AGE_C80         -0.095      -0.077      -0.067      -0.018       0.031       0.040       0.058
    EDU_C7          -0.026      -0.016      -0.011       0.017       0.044       0.049       0.060

 QA       ON
    AGE_C80         -0.015      -0.011      -0.008       0.004       0.015       0.018       0.022
    EDU_C7          -0.014      -0.011      -0.010      -0.004       0.003       0.004       0.007

 IA       WITH
    SA              -2.459      -2.075      -1.878      -0.850       0.177       0.374       0.758
    QA              -0.095      -0.032       0.001       0.170       0.339       0.371       0.435

 SA       WITH
    QA              -1.008      -0.845      -0.761      -0.324       0.112       0.196       0.359

 Intercepts
    A_01             0.000       0.000       0.000       0.000       0.000       0.000       0.000
    A_02             0.000       0.000       0.000       0.000       0.000       0.000       0.000
    A_03             0.000       0.000       0.000       0.000       0.000       0.000       0.000
    IA               9.567       9.628       9.659       9.820       9.981      10.012      10.073
    SA              -0.112      -0.063      -0.037       0.095       0.228       0.253       0.303
    QA              -0.068      -0.057      -0.051      -0.021       0.009       0.015       0.026

 Residual Variances
    A_01            -2.134      -1.615      -1.350       0.037       1.424       1.689       2.208
    A_02            -2.134      -1.615      -1.350       0.037       1.424       1.689       2.208
    A_03            -2.134      -1.615      -1.350       0.037       1.424       1.689       2.208
    IA              -0.717      -0.152       0.136       1.643       3.150       3.438       4.002
    SA              -1.657      -0.915      -0.535       1.449       3.434       3.814       4.556
    QA              -0.086      -0.047      -0.027       0.077       0.181       0.200       0.239


SAMPLE STATISTICS FOR ESTIMATED FACTOR SCORES


     SAMPLE STATISTICS


           Means
              IA            IA_SE         SA            SA_SE         QA
              ________      ________      ________      ________      ________
 1              9.006         0.256        -0.076         0.470        -0.009


           Means
              QA_SE
              ________
 1              0.118


           Covariances
              IA            IA_SE         SA            SA_SE         QA
              ________      ________      ________      ________      ________
 IA             5.022
 IA_SE         -0.089         0.057
 SA            -0.934        -0.065         3.031
 SA_SE         -0.132         0.031         0.028         0.112
 QA             0.197         0.014        -0.678        -0.002         0.164
 QA_SE         -0.032         0.005         0.003         0.025         0.001


           Covariances
              QA_SE
              ________
 QA_SE          0.006


           Correlations
              IA            IA_SE         SA            SA_SE         QA
              ________      ________      ________      ________      ________
 IA             1.000
 IA_SE         -0.166         1.000
 SA            -0.239        -0.158         1.000
 SA_SE         -0.176         0.393         0.048         1.000
 QA             0.217         0.147        -0.961        -0.014         1.000
 QA_SE         -0.181         0.289         0.023         0.968         0.021


           Correlations
              QA_SE
              ________
 QA_SE          1.000


RESULTS SAVING INFORMATION

  Order of data

    Parameter estimates
     (saved in order shown in Technical 1 output)
    Standard errors
     (saved in order shown in Technical 1 output)
    H0 Loglikelihood
    H0 Scaling Correction Factor for MLR
    Number of Free Parameters
    Akaike (AIC)
    Bayesian (BIC)
    Sample-Size Adjusted BIC

  Save file
    u2_123_ae_mirrecog_results.dat

  Save file format           Free


PLOT INFORMATION

The following plots are available:

  Histograms (sample values, estimated factor scores)
  Scatterplots (sample values, estimated factor scores)
  Latent variable distribution plots

SAVEDATA INFORMATION


  Save file
    u2_123_ae_mirrecog_fscores.dat

  Order and format of variables

    A_01           F10.3
    A_02           F10.3
    A_03           F10.3
    AGE_C80        F10.3
    EDU_C7         F10.3
    TIME_01        F10.3
    TIME_02        F10.3
    TIME_03        F10.3
    _WEIGHT        F10.3
    IA             F10.3
    IA_SE          F10.3
    SA             F10.3
    SA_SE          F10.3
    QA             F10.3
    QA_SE          F10.3
    PAIRID         I6

  Save file format
    15F10.3 I6

  Save file record length    10000


     Beginning Time:  18:10:36
        Ending Time:  18:10:50
       Elapsed Time:  00:00:14



MUTHEN & MUTHEN
3463 Stoner Ave.
Los Angeles, CA  90066

Tel: (310) 391-9971
Fax: (310) 391-8971
Web: www.StatModel.com
Support: Support@StatModel.com

Copyright (c) 1998-2014 Muthen & Muthen
