Mplus VERSION 7.3
MUTHEN & MUTHEN
12/17/2016   6:26 PM

INPUT INSTRUCTIONS

  TITLE:
  Script produced from the prototype in ./sandbox/syntax-creator/
  DATA:
  File = wide-dataset.dat ;
  VARIABLE:
  NAMES are
   Case PairID female age_c80 edu_c7 sbp_c167 smoke cardio diabetes dementia_ever
      years_since_bl_01 years_since_bl_02 years_since_bl_03 years_since_bl_04
      years_since_bl_05 pef_01 pef_02 pef_03 pef_04 pef_05 grip_01 grip_02 grip_03
      grip_04 grip_05 gait_01 gait_02 gait_03 gait_04 gait_05 block_01 block_02
      block_03 block_04 block_05 digitspanbackward_01 digitspanbackward_02
      digitspanbackward_03 digitspanbackward_04 digitspanbackward_05
      digitspanforward_01 digitspanforward_02 digitspanforward_03 digitspanforward_04
      digitspanforward_05 symbol_01 symbol_02 symbol_03 symbol_04 symbol_05 prose_01
      prose_02 prose_03 prose_04 prose_05 info_01 info_02 info_03 info_04 info_05
      synonyms_01 synonyms_02 synonyms_03 synonyms_04 synonyms_05 psif_01 psif_02
      psif_03 psif_04 psif_05 figure_01 figure_02 figure_03 figure_04 figure_05
      mirrecall_01 mirrecall_02 mirrecall_03 mirrecall_04 mirrecall_05 mmse_01 mmse_02
      mmse_03 mmse_04 mmse_05 mirnaming_01 mirnaming_02 mirnaming_03 mirnaming_04
      mirnaming_05 mirrecog_01 mirrecog_02 mirrecog_03 mirrecog_04 mirrecog_05
      clock_01 clock_02 clock_03 clock_04 clock_05
  	;
  Missing are all (-9999);
  USEVARIABLES are
  	!define the variables used in the analysis
  	! covariates used in the model
  age_c80
  edu_c7
  female	
  	!estimated time points
  time_01
  time_03
  time_04
  	!modelled time points of process (A)
  a_01
  a_03
  a_04
  ;
  TSCORES are
  	!estimated time points
  time_01
  time_03
  time_04;
  CLUSTER = PairID;
  SUBPOPULATION are
  	!select a subset of observations
  dementia_ever NE 1
  ;
  DEFINE:
  	! assign variables to the process (A)
  a_01 = mirrecog_01;
  a_03 = mirrecog_03;
  a_04 = mirrecog_04;
  	!assign variables to time points
  time_01 = years_since_bl_01;
  time_03 = years_since_bl_03;
  time_04 = years_since_bl_04;
  	
  ANALYSIS: TYPE = RANDOM COMPLEX;
  COVERAGE=.00;
  MODEL:
  	!first-level equation
  	! assign process (A) to time points
  ia sa qa | a_01 AT time_01 ;
  ia sa qa | a_03 AT time_03 ;
  ia sa qa | a_04 AT time_04 ;
  	!variance of the first-level terms
  ia (v_ia);
  sa (v_sa);
  qa (v_qa);
  	!covariance among first-level terms
  ia WITH sa (c_iasa);
  ia WITH qa (c_iaqa);
  sa WITH qa (c_saqa);
  	!second-level equation
  ia sa qa ON age_c80
  edu_c7
  female;
  	!residual covariance of process (A)
  a_01 (res_a);
  a_03 (res_a);
  a_04 (res_a);	
  SAVEDATA:
  FILE is   u2_134_aef_mirrecog_fscores.dat;
  SAVE = FSCORES;
  RESULTS are   u2_134_aef_mirrecog_results.dat;
  	
  OUTPUT: sampstat cinterval;
  PLOT: Type is Plot1 Plot2 Plot3;



*** WARNING
  Data set contains cases with missing on x-variables.
  These cases were not included in the analysis.
  Number of cases with missing on x-variables:  46
*** WARNING
  Data set contains cases with missing on all variables except
  x-variables.  These cases were not included in the analysis.
  Number of cases with missing on all variables except x-variables:  73
   2 WARNING(S) FOUND IN THE INPUT INSTRUCTIONS




Script produced from the prototype in ./sandbox/syntax-creator/

SUMMARY OF ANALYSIS

Number of groups                                                 1
Number of observations                                         422

Number of dependent variables                                    3
Number of independent variables                                  3
Number of continuous latent variables                            3

Observed dependent variables

  Continuous
   A_01        A_03        A_04

Observed independent variables
   AGE_C80     EDU_C7      FEMALE

Continuous latent variables
   IA          SA          QA

Variables with special functions

  Cluster variable      PAIRID
  Weight variable       _WEIGHT

  Time scores
   TIME_01     TIME_03     TIME_04


Estimator                                                      MLR
Information matrix                                        OBSERVED
Maximum number of iterations                                   100
Convergence criterion                                    0.100D-05
Maximum number of EM iterations                                500
Convergence criteria for the EM algorithm
  Loglikelihood change                                   0.100D-02
  Relative loglikelihood change                          0.100D-05
  Derivative                                             0.100D-03
Minimum variance                                         0.100D-03
Maximum number of steepest descent iterations                   20
Maximum number of iterations for H1                           2000
Convergence criterion for H1                             0.100D-03
Optimization algorithm                                         EMA

Input data file(s)
  wide-dataset.dat
Input data format  FREE



SAMPLE STATISTICS


     ESTIMATED SAMPLE STATISTICS


           Means
              A_01          A_03          A_04          AGE_C80       EDU_C7
              ________      ________      ________      ________      ________
 1              9.641         9.645         9.503         3.186         0.329


           Means
              FEMALE
              ________
 1              0.656


           Covariances
              A_01          A_03          A_04          AGE_C80       EDU_C7
              ________      ________      ________      ________      ________
 A_01           1.750
 A_03           0.963         1.714
 A_04           1.488         1.935         2.844
 AGE_C80       -0.461        -0.560        -0.589         7.685
 EDU_C7         0.250         0.278         0.421        -0.591         6.031
 FEMALE         0.072         0.097         0.186         0.073        -0.107


           Covariances
              FEMALE
              ________
 FEMALE         0.226


           Correlations
              A_01          A_03          A_04          AGE_C80       EDU_C7
              ________      ________      ________      ________      ________
 A_01           1.000
 A_03           0.556         1.000
 A_04           0.667         0.877         1.000
 AGE_C80       -0.126        -0.154        -0.126         1.000
 EDU_C7         0.077         0.086         0.102        -0.087         1.000
 FEMALE         0.115         0.155         0.232         0.055        -0.092


           Correlations
              FEMALE
              ________
 FEMALE         1.000


     MAXIMUM LOG-LIKELIHOOD VALUE FOR THE UNRESTRICTED (H1) MODEL IS -4922.525


UNIVARIATE HIGHER-ORDER MOMENT DESCRIPTIVE STATISTICS


     UNIVARIATE HIGHER-ORDER MOMENT DESCRIPTIVE STATISTICS

         Variable/         Mean/     Skewness/   Minimum/ % with                Percentiles
        Sample Size      Variance    Kurtosis    Maximum  Min/Max      20%/60%    40%/80%    Median

     A_01                  9.651      -4.682       0.000    2.33%      10.000     10.000     10.000
             559.000       1.700      23.894      10.000   80.50%      10.000     10.000
     A_03                  9.724      -5.660       0.000    9.09%       8.000     10.000     10.000
             363.000       1.515      35.245      10.000   74.66%      10.000     10.000
     A_04                  9.663      -5.384       0.000    9.80%       7.000     10.000     10.000
             255.000       2.116      30.437      10.000   72.94%      10.000     10.000
     AGE_C80               3.186       1.068      -0.581    0.17%       0.877      1.765      2.329
             583.000       7.685       0.541      13.313    0.34%       3.168      5.696
     EDU_C7                0.329       2.263      -5.000    0.34%      -1.000     -1.000     -1.000
             583.000       6.031       7.414      16.000    0.17%       0.000      1.000
     FEMALE                0.656      -0.659       0.000   33.62%       0.000      1.000      1.000
             583.000       0.226      -1.566       1.000   66.38%       1.000      1.000


THE MODEL ESTIMATION TERMINATED NORMALLY



MODEL FIT INFORMATION

Number of Free Parameters                       19

Loglikelihood

          H0 Value                       -1272.729
          H0 Scaling Correction Factor      4.8058
            for MLR

Information Criteria

          Akaike (AIC)                    2583.459
          Bayesian (BIC)                  2660.314
          Sample-Size Adjusted BIC        2600.021
            (n* = (n + 2) / 24)



MODEL RESULTS

                                                    Two-Tailed
                    Estimate       S.E.  Est./S.E.    P-Value

 IA         ON
    AGE_C80           -0.060      0.035     -1.728      0.084
    EDU_C7             0.041      0.021      1.945      0.052
    FEMALE             0.354      0.181      1.953      0.051

 SA         ON
    AGE_C80           -0.008      0.019     -0.402      0.687
    EDU_C7            -0.005      0.017     -0.318      0.750
    FEMALE            -0.065      0.123     -0.525      0.600

 QA         ON
    AGE_C80            0.001      0.003      0.316      0.752
    EDU_C7             0.002      0.003      0.520      0.603
    FEMALE             0.025      0.024      1.044      0.296

 IA       WITH
    SA                -0.373      0.332     -1.124      0.261
    QA                 0.059      0.072      0.818      0.413

 SA       WITH
    QA                -0.022      0.042     -0.527      0.598

 Intercepts
    A_01               0.000      0.000    999.000    999.000
    A_03               0.000      0.000    999.000    999.000
    A_04               0.000      0.000    999.000    999.000
    IA                 9.590      0.147     65.110      0.000
    SA                 0.118      0.112      1.056      0.291
    QA                -0.032      0.022     -1.445      0.148

 Residual Variances
    A_01               0.229      0.133      1.725      0.085
    A_03               0.229      0.133      1.725      0.085
    A_04               0.229      0.133      1.725      0.085
    IA                 1.443      0.433      3.335      0.001
    SA                 0.195      0.234      0.833      0.405
    QA                 0.003      0.008      0.377      0.706


QUALITY OF NUMERICAL RESULTS

     Condition Number for the Information Matrix              0.115E-05
       (ratio of smallest to largest eigenvalue)


CONFIDENCE INTERVALS OF MODEL RESULTS

                  Lower .5%  Lower 2.5%    Lower 5%    Estimate    Upper 5%  Upper 2.5%   Upper .5%

 IA       ON
    AGE_C80         -0.150      -0.129      -0.118      -0.060      -0.003       0.008       0.030
    EDU_C7          -0.013       0.000       0.006       0.041       0.077       0.083       0.096
    FEMALE          -0.113      -0.001       0.056       0.354       0.653       0.710       0.822

 SA       ON
    AGE_C80         -0.057      -0.046      -0.040      -0.008       0.024       0.030       0.042
    EDU_C7          -0.049      -0.038      -0.033      -0.005       0.022       0.028       0.038
    FEMALE          -0.382      -0.306      -0.267      -0.065       0.138       0.177       0.253

 QA       ON
    AGE_C80         -0.007      -0.005      -0.004       0.001       0.006       0.007       0.009
    EDU_C7          -0.007      -0.005      -0.004       0.002       0.007       0.008       0.010
    FEMALE          -0.036      -0.022      -0.014       0.025       0.063       0.071       0.085

 IA       WITH
    SA              -1.227      -1.023      -0.918      -0.373       0.173       0.277       0.481
    QA              -0.126      -0.082      -0.059       0.059       0.176       0.199       0.243

 SA       WITH
    QA              -0.131      -0.105      -0.092      -0.022       0.047       0.061       0.087

 Intercepts
    A_01             0.000       0.000       0.000       0.000       0.000       0.000       0.000
    A_03             0.000       0.000       0.000       0.000       0.000       0.000       0.000
    A_04             0.000       0.000       0.000       0.000       0.000       0.000       0.000
    IA               9.210       9.301       9.347       9.590       9.832       9.878       9.969
    SA              -0.170      -0.101      -0.066       0.118       0.302       0.338       0.406
    QA              -0.089      -0.075      -0.068      -0.032       0.004       0.011       0.025

 Residual Variances
    A_01            -0.113      -0.031       0.011       0.229       0.448       0.490       0.572
    A_03            -0.113      -0.031       0.011       0.229       0.448       0.490       0.572
    A_04            -0.113      -0.031       0.011       0.229       0.448       0.490       0.572
    IA               0.329       0.595       0.731       1.443       2.155       2.291       2.558
    SA              -0.408      -0.264      -0.190       0.195       0.580       0.654       0.798
    QA              -0.017      -0.012      -0.010       0.003       0.016       0.018       0.023


SAMPLE STATISTICS FOR ESTIMATED FACTOR SCORES


     SAMPLE STATISTICS


           Means
              IA            IA_SE         SA            SA_SE         QA
              ________      ________      ________      ________      ________
 1              9.023         0.452         0.019         0.278        -0.024


           Means
              QA_SE
              ________
 1              0.029


           Covariances
              IA            IA_SE         SA            SA_SE         QA
              ________      ________      ________      ________      ________
 IA             4.103
 IA_SE         -0.039         0.010
 SA            -0.673         0.001         0.395
 SA_SE         -0.029         0.004         0.009         0.003
 QA             0.138        -0.001        -0.043        -0.001         0.006
 QA_SE         -0.002         0.000         0.000         0.000         0.000


           Covariances
              QA_SE
              ________
 QA_SE          0.000


           Correlations
              IA            IA_SE         SA            SA_SE         QA
              ________      ________      ________      ________      ________
 IA             1.000
 IA_SE         -0.191         1.000
 SA            -0.529         0.018         1.000
 SA_SE         -0.238         0.641         0.249         1.000
 QA             0.868        -0.116        -0.872        -0.267         1.000
 QA_SE         -0.220         0.970         0.093         0.805        -0.173


           Correlations
              QA_SE
              ________
 QA_SE          1.000


RESULTS SAVING INFORMATION

  Order of data

    Parameter estimates
     (saved in order shown in Technical 1 output)
    Standard errors
     (saved in order shown in Technical 1 output)
    H0 Loglikelihood
    H0 Scaling Correction Factor for MLR
    Number of Free Parameters
    Akaike (AIC)
    Bayesian (BIC)
    Sample-Size Adjusted BIC

  Save file
    u2_134_aef_mirrecog_results.dat

  Save file format           Free


PLOT INFORMATION

The following plots are available:

  Histograms (sample values, estimated factor scores)
  Scatterplots (sample values, estimated factor scores)
  Latent variable distribution plots

SAVEDATA INFORMATION


  Save file
    u2_134_aef_mirrecog_fscores.dat

  Order and format of variables

    A_01           F10.3
    A_03           F10.3
    A_04           F10.3
    AGE_C80        F10.3
    EDU_C7         F10.3
    FEMALE         F10.3
    TIME_01        F10.3
    TIME_03        F10.3
    TIME_04        F10.3
    _WEIGHT        F10.3
    IA             F10.3
    IA_SE          F10.3
    SA             F10.3
    SA_SE          F10.3
    QA             F10.3
    QA_SE          F10.3
    PAIRID         I6

  Save file format
    16F10.3 I6

  Save file record length    10000


     Beginning Time:  18:26:06
        Ending Time:  18:26:11
       Elapsed Time:  00:00:05



MUTHEN & MUTHEN
3463 Stoner Ave.
Los Angeles, CA  90066

Tel: (310) 391-9971
Fax: (310) 391-8971
Web: www.StatModel.com
Support: Support@StatModel.com

Copyright (c) 1998-2014 Muthen & Muthen
