Mplus VERSION 7.3
MUTHEN & MUTHEN
12/17/2016  12:15 PM

INPUT INSTRUCTIONS

  TITLE:
  Script produced from the prototype in ./sandbox/syntax-creator/
  DATA:
  File = wide-dataset.dat ;
  VARIABLE:
  NAMES are
   Case PairID female age_c80 edu_c7 sbp_c167 smoke cardio diabetes dementia_ever
      years_since_bl_01 years_since_bl_02 years_since_bl_03 years_since_bl_04
      years_since_bl_05 pef_01 pef_02 pef_03 pef_04 pef_05 grip_01 grip_02 grip_03
      grip_04 grip_05 gait_01 gait_02 gait_03 gait_04 gait_05 block_01 block_02
      block_03 block_04 block_05 digitspanbackward_01 digitspanbackward_02
      digitspanbackward_03 digitspanbackward_04 digitspanbackward_05
      digitspanforward_01 digitspanforward_02 digitspanforward_03 digitspanforward_04
      digitspanforward_05 symbol_01 symbol_02 symbol_03 symbol_04 symbol_05 prose_01
      prose_02 prose_03 prose_04 prose_05 info_01 info_02 info_03 info_04 info_05
      synonyms_01 synonyms_02 synonyms_03 synonyms_04 synonyms_05 psif_01 psif_02
      psif_03 psif_04 psif_05 figure_01 figure_02 figure_03 figure_04 figure_05
      mirrecall_01 mirrecall_02 mirrecall_03 mirrecall_04 mirrecall_05 mmse_01 mmse_02
      mmse_03 mmse_04 mmse_05 mirnaming_01 mirnaming_02 mirnaming_03 mirnaming_04
      mirnaming_05 mirrecog_01 mirrecog_02 mirrecog_03 mirrecog_04 mirrecog_05
      clock_01 clock_02 clock_03 clock_04 clock_05
  	;
  Missing are all (-9999);
  USEVARIABLES are
  	!define the variables used in the analysis
  	! covariates used in the model
  age_c80
  edu_c7
  female
  sbp_c167	
  	!estimated time points
  time_01
  time_02
  time_04
  time_05
  	!modelled time points of process (A)
  a_01
  a_02
  a_04
  a_05
  ;
  TSCORES are
  	!estimated time points
  time_01
  time_02
  time_04
  time_05;
  CLUSTER = PairID;
  SUBPOPULATION are
  	!select a subset of observations
  dementia_ever NE 1
  ;
  DEFINE:
  	! assign variables to the process (A)
  a_01 = mirrecog_01;
  a_02 = mirrecog_02;
  a_04 = mirrecog_04;
  a_05 = mirrecog_05;
  	!assign variables to time points
  time_01 = years_since_bl_01;
  time_02 = years_since_bl_02;
  time_04 = years_since_bl_04;
  time_05 = years_since_bl_05;
  	
  ANALYSIS: TYPE = RANDOM COMPLEX;
  COVERAGE=.00;
  MODEL:
  	!first-level equation
  	! assign process (A) to time points
  ia sa qa | a_01 AT time_01 ;
  ia sa qa | a_02 AT time_02 ;
  ia sa qa | a_04 AT time_04 ;
  ia sa qa | a_05 AT time_05 ;
  	!variance of the first-level terms
  ia (v_ia);
  sa (v_sa);
  qa (v_qa);
  	!covariance among first-level terms
  ia WITH sa (c_iasa);
  ia WITH qa (c_iaqa);
  sa WITH qa (c_saqa);
  	!second-level equation
  ia sa qa ON age_c80
  edu_c7
  female
  sbp_c167;
  	!residual covariance of process (A)
  a_01 (res_a);
  a_02 (res_a);
  a_04 (res_a);
  a_05 (res_a);	
  SAVEDATA:
  FILE is   u2_1245_aefb_mirrecog_fscores.dat;
  SAVE = FSCORES;
  RESULTS are   u2_1245_aefb_mirrecog_results.dat;
  	
  OUTPUT: sampstat cinterval;
  PLOT: Type is Plot1 Plot2 Plot3;



*** WARNING
  Data set contains cases with missing on x-variables.
  These cases were not included in the analysis.
  Number of cases with missing on x-variables:  92
*** WARNING
  Data set contains cases with missing on all variables except
  x-variables.  These cases were not included in the analysis.
  Number of cases with missing on all variables except x-variables:  36
   2 WARNING(S) FOUND IN THE INPUT INSTRUCTIONS




Script produced from the prototype in ./sandbox/syntax-creator/

SUMMARY OF ANALYSIS

Number of groups                                                 1
Number of observations                                         415

Number of dependent variables                                    4
Number of independent variables                                  4
Number of continuous latent variables                            3

Observed dependent variables

  Continuous
   A_01        A_02        A_04        A_05

Observed independent variables
   AGE_C80     EDU_C7      FEMALE      SBP_C167

Continuous latent variables
   IA          SA          QA

Variables with special functions

  Cluster variable      PAIRID
  Weight variable       _WEIGHT

  Time scores
   TIME_01     TIME_02     TIME_04     TIME_05


Estimator                                                      MLR
Information matrix                                        OBSERVED
Maximum number of iterations                                   100
Convergence criterion                                    0.100D-05
Maximum number of EM iterations                                500
Convergence criteria for the EM algorithm
  Loglikelihood change                                   0.100D-02
  Relative loglikelihood change                          0.100D-05
  Derivative                                             0.100D-03
Minimum variance                                         0.100D-03
Maximum number of steepest descent iterations                   20
Maximum number of iterations for H1                           2000
Convergence criterion for H1                             0.100D-03
Optimization algorithm                                         EMA

Input data file(s)
  wide-dataset.dat
Input data format  FREE



SAMPLE STATISTICS


     ESTIMATED SAMPLE STATISTICS


           Means
              A_01          A_02          A_04          A_05          AGE_C80
              ________      ________      ________      ________      ________
 1              9.674         9.686         9.497         9.303         3.253


           Means
              EDU_C7        FEMALE        SBP_C167
              ________      ________      ________
 1              0.301         0.655        -6.036


           Covariances
              A_01          A_02          A_04          A_05          AGE_C80
              ________      ________      ________      ________      ________
 A_01           1.519
 A_02           0.592         1.580
 A_04           1.076         1.190         2.424
 A_05           0.842         2.077         1.703         3.421
 AGE_C80       -0.593        -0.781        -0.890        -1.223         7.977
 EDU_C7         0.263         0.403         0.542         0.220        -0.825
 FEMALE         0.061         0.040         0.127         0.144         0.078
 SBP_C167       1.606         2.776         3.515         5.168        -4.571


           Covariances
              EDU_C7        FEMALE        SBP_C167
              ________      ________      ________
 EDU_C7         6.201
 FEMALE        -0.118         0.226
 SBP_C167       0.710         0.754       510.396


           Correlations
              A_01          A_02          A_04          A_05          AGE_C80
              ________      ________      ________      ________      ________
 A_01           1.000
 A_02           0.382         1.000
 A_04           0.561         0.608         1.000
 A_05           0.369         0.893         0.591         1.000
 AGE_C80       -0.170        -0.220        -0.202        -0.234         1.000
 EDU_C7         0.086         0.129         0.140         0.048        -0.117
 FEMALE         0.104         0.068         0.172         0.164         0.058
 SBP_C167       0.058         0.098         0.100         0.124        -0.072


           Correlations
              EDU_C7        FEMALE        SBP_C167
              ________      ________      ________
 EDU_C7         1.000
 FEMALE        -0.100         1.000
 SBP_C167       0.013         0.070         1.000


     MAXIMUM LOG-LIKELIHOOD VALUE FOR THE UNRESTRICTED (H1) MODEL IS -7892.729


UNIVARIATE HIGHER-ORDER MOMENT DESCRIPTIVE STATISTICS


     UNIVARIATE HIGHER-ORDER MOMENT DESCRIPTIVE STATISTICS

         Variable/         Mean/     Skewness/   Minimum/ % with                Percentiles
        Sample Size      Variance    Kurtosis    Maximum  Min/Max      20%/60%    40%/80%    Median

     A_01                  9.684      -4.978       0.000    2.21%      10.000     10.000     10.000
             542.000       1.509      27.702      10.000   81.55%      10.000     10.000
     A_02                  9.732      -5.645       0.000    5.96%       9.000     10.000     10.000
             453.000       1.420      34.130      10.000   78.37%      10.000     10.000
     A_04                  9.710      -5.785       0.000    9.24%       8.000     10.000     10.000
             249.000       1.648      36.636      10.000   73.49%      10.000     10.000
     A_05                  9.672      -5.301       0.000    8.02%       8.000     10.000     10.000
             162.000       1.411      34.301      10.000   75.93%      10.000     10.000
     AGE_C80               3.253       1.044      -0.581    0.17%       0.877      1.811      2.425
             574.000       7.977       0.448      13.313    0.35%       3.194      5.718
     EDU_C7                0.301       2.162      -7.000    0.17%      -1.000     -1.000     -1.000
             574.000       6.201       7.268      16.000    0.17%       0.000      1.000
     FEMALE                0.655      -0.654       0.000   34.49%       0.000      1.000      1.000
             574.000       0.226      -1.572       1.000   65.51%       1.000      1.000
     SBP_C167             -6.036       0.382     -57.000    1.57%     -27.000    -12.000     -7.000
             574.000     510.396       0.701      93.000    0.17%      -7.000     13.000


THE MODEL ESTIMATION TERMINATED NORMALLY



MODEL FIT INFORMATION

Number of Free Parameters                       22

Loglikelihood

          H0 Value                       -1578.805
          H0 Scaling Correction Factor      6.6715
            for MLR

Information Criteria

          Akaike (AIC)                    3201.611
          Bayesian (BIC)                  3290.233
          Sample-Size Adjusted BIC        3220.421
            (n* = (n + 2) / 24)



MODEL RESULTS

                                                    Two-Tailed
                    Estimate       S.E.  Est./S.E.    P-Value

 IA         ON
    AGE_C80           -0.075      0.035     -2.162      0.031
    EDU_C7             0.037      0.020      1.819      0.069
    FEMALE             0.292      0.158      1.847      0.065
    SBP_C167           0.002      0.002      0.980      0.327

 SA         ON
    AGE_C80           -0.005      0.021     -0.245      0.806
    EDU_C7             0.017      0.016      1.067      0.286
    FEMALE            -0.030      0.126     -0.235      0.814
    SBP_C167           0.000      0.002      0.268      0.789

 QA         ON
    AGE_C80            0.000      0.004     -0.020      0.984
    EDU_C7            -0.002      0.003     -0.643      0.520
    FEMALE             0.010      0.021      0.497      0.619
    SBP_C167           0.000      0.000      0.114      0.909

 IA       WITH
    SA                -0.128      0.439     -0.291      0.771
    QA                 0.019      0.092      0.205      0.838

 SA       WITH
    QA                -0.015      0.053     -0.281      0.779

 Intercepts
    A_01               0.000      0.000    999.000    999.000
    A_02               0.000      0.000    999.000    999.000
    A_04               0.000      0.000    999.000    999.000
    A_05               0.000      0.000    999.000    999.000
    IA                 9.727      0.108     90.205      0.000
    SA                 0.061      0.112      0.545      0.585
    QA                -0.015      0.018     -0.803      0.422

 Residual Variances
    A_01               0.653      0.387      1.690      0.091
    A_02               0.653      0.387      1.690      0.091
    A_04               0.653      0.387      1.690      0.091
    A_05               0.653      0.387      1.690      0.091
    IA                 0.769      0.507      1.517      0.129
    SA                 0.139      0.377      0.369      0.712
    QA                 0.002      0.007      0.220      0.826


QUALITY OF NUMERICAL RESULTS

     Condition Number for the Information Matrix              0.346E-06
       (ratio of smallest to largest eigenvalue)


CONFIDENCE INTERVALS OF MODEL RESULTS

                  Lower .5%  Lower 2.5%    Lower 5%    Estimate    Upper 5%  Upper 2.5%   Upper .5%

 IA       ON
    AGE_C80         -0.164      -0.143      -0.132      -0.075      -0.018      -0.007       0.014
    EDU_C7          -0.015      -0.003       0.003       0.037       0.070       0.076       0.088
    FEMALE          -0.115      -0.018       0.032       0.292       0.553       0.603       0.700
    SBP_C167        -0.004      -0.002      -0.002       0.002       0.006       0.007       0.008

 SA       ON
    AGE_C80         -0.059      -0.046      -0.039      -0.005       0.029       0.036       0.049
    EDU_C7          -0.024      -0.014      -0.009       0.017       0.044       0.049       0.059
    FEMALE          -0.355      -0.277      -0.238      -0.030       0.178       0.218       0.296
    SBP_C167        -0.004      -0.003      -0.002       0.000       0.003       0.004       0.005

 QA       ON
    AGE_C80         -0.011      -0.008      -0.007       0.000       0.007       0.008       0.011
    EDU_C7          -0.011      -0.009      -0.008      -0.002       0.003       0.005       0.007
    FEMALE          -0.044      -0.031      -0.024       0.010       0.045       0.051       0.064
    SBP_C167        -0.001       0.000       0.000       0.000       0.000       0.000       0.001

 IA       WITH
    SA              -1.259      -0.989      -0.851      -0.128       0.595       0.733       1.004
    QA              -0.219      -0.162      -0.133       0.019       0.170       0.199       0.256

 SA       WITH
    QA              -0.150      -0.118      -0.101      -0.015       0.072       0.088       0.121

 Intercepts
    A_01             0.000       0.000       0.000       0.000       0.000       0.000       0.000
    A_02             0.000       0.000       0.000       0.000       0.000       0.000       0.000
    A_04             0.000       0.000       0.000       0.000       0.000       0.000       0.000
    A_05             0.000       0.000       0.000       0.000       0.000       0.000       0.000
    IA               9.450       9.516       9.550       9.727       9.905       9.939      10.005
    SA              -0.228      -0.159      -0.124       0.061       0.246       0.282       0.351
    QA              -0.061      -0.050      -0.044      -0.015       0.015       0.021       0.032

 Residual Variances
    A_01            -0.343      -0.104       0.017       0.653       1.290       1.411       1.650
    A_02            -0.343      -0.104       0.017       0.653       1.290       1.411       1.650
    A_04            -0.343      -0.104       0.017       0.653       1.290       1.411       1.650
    A_05            -0.343      -0.104       0.017       0.653       1.290       1.411       1.650
    IA              -0.537      -0.225      -0.065       0.769       1.603       1.763       2.075
    SA              -0.833      -0.600      -0.481       0.139       0.760       0.879       1.112
    QA              -0.017      -0.013      -0.010       0.002       0.014       0.016       0.020


SAMPLE STATISTICS FOR ESTIMATED FACTOR SCORES


     SAMPLE STATISTICS


           Means
              IA            IA_SE         SA            SA_SE         QA
              ________      ________      ________      ________      ________
 1              9.151         0.538        -0.040         0.326        -0.007


           Means
              QA_SE
              ________
 1              0.035


           Covariances
              IA            IA_SE         SA            SA_SE         QA
              ________      ________      ________      ________      ________
 IA             2.191
 IA_SE         -0.020         0.004
 SA             0.061        -0.001         0.119
 SA_SE         -0.006         0.001         0.001         0.001
 QA             0.012         0.000        -0.011         0.000         0.001
 QA_SE         -0.001         0.000         0.000         0.000         0.000


           Covariances
              QA_SE
              ________
 QA_SE          0.000


           Correlations
              IA            IA_SE         SA            SA_SE         QA
              ________      ________      ________      ________      ________
 IA             1.000
 IA_SE         -0.223         1.000
 SA             0.119        -0.038         1.000
 SA_SE         -0.188         0.860         0.114         1.000
 QA             0.232        -0.041        -0.933        -0.175         1.000
 QA_SE         -0.227         0.942         0.033         0.961        -0.110


           Correlations
              QA_SE
              ________
 QA_SE          1.000


RESULTS SAVING INFORMATION

  Order of data

    Parameter estimates
     (saved in order shown in Technical 1 output)
    Standard errors
     (saved in order shown in Technical 1 output)
    H0 Loglikelihood
    H0 Scaling Correction Factor for MLR
    Number of Free Parameters
    Akaike (AIC)
    Bayesian (BIC)
    Sample-Size Adjusted BIC

  Save file
    u2_1245_aefb_mirrecog_results.dat

  Save file format           Free


PLOT INFORMATION

The following plots are available:

  Histograms (sample values, estimated factor scores)
  Scatterplots (sample values, estimated factor scores)
  Latent variable distribution plots

SAVEDATA INFORMATION


  Save file
    u2_1245_aefb_mirrecog_fscores.dat

  Order and format of variables

    A_01           F10.3
    A_02           F10.3
    A_04           F10.3
    A_05           F10.3
    AGE_C80        F10.3
    EDU_C7         F10.3
    FEMALE         F10.3
    SBP_C167       F10.3
    TIME_01        F10.3
    TIME_02        F10.3
    TIME_04        F10.3
    TIME_05        F10.3
    _WEIGHT        F10.3
    IA             F10.3
    IA_SE          F10.3
    SA             F10.3
    SA_SE          F10.3
    QA             F10.3
    QA_SE          F10.3
    PAIRID         I6

  Save file format
    19F10.3 I6

  Save file record length    10000


     Beginning Time:  12:15:40
        Ending Time:  12:15:53
       Elapsed Time:  00:00:13



MUTHEN & MUTHEN
3463 Stoner Ave.
Los Angeles, CA  90066

Tel: (310) 391-9971
Fax: (310) 391-8971
Web: www.StatModel.com
Support: Support@StatModel.com

Copyright (c) 1998-2014 Muthen & Muthen
