Mplus VERSION 7.3
MUTHEN & MUTHEN
12/17/2016   6:06 PM

INPUT INSTRUCTIONS

  TITLE:
  Script produced from the prototype in ./sandbox/syntax-creator/
  DATA:
  File = wide-dataset.dat ;
  VARIABLE:
  NAMES are
   Case PairID female age_c80 edu_c7 sbp_c167 smoke cardio diabetes dementia_ever
      years_since_bl_01 years_since_bl_02 years_since_bl_03 years_since_bl_04
      years_since_bl_05 pef_01 pef_02 pef_03 pef_04 pef_05 grip_01 grip_02 grip_03
      grip_04 grip_05 gait_01 gait_02 gait_03 gait_04 gait_05 block_01 block_02
      block_03 block_04 block_05 digitspanbackward_01 digitspanbackward_02
      digitspanbackward_03 digitspanbackward_04 digitspanbackward_05
      digitspanforward_01 digitspanforward_02 digitspanforward_03 digitspanforward_04
      digitspanforward_05 symbol_01 symbol_02 symbol_03 symbol_04 symbol_05 prose_01
      prose_02 prose_03 prose_04 prose_05 info_01 info_02 info_03 info_04 info_05
      synonyms_01 synonyms_02 synonyms_03 synonyms_04 synonyms_05 psif_01 psif_02
      psif_03 psif_04 psif_05 figure_01 figure_02 figure_03 figure_04 figure_05
      mirrecall_01 mirrecall_02 mirrecall_03 mirrecall_04 mirrecall_05 mmse_01 mmse_02
      mmse_03 mmse_04 mmse_05 mirnaming_01 mirnaming_02 mirnaming_03 mirnaming_04
      mirnaming_05 mirrecog_01 mirrecog_02 mirrecog_03 mirrecog_04 mirrecog_05
      clock_01 clock_02 clock_03 clock_04 clock_05
  	;
  Missing are all (-9999);
  USEVARIABLES are
  	!define the variables used in the analysis
  	! covariates used in the model
  age_c80
  edu_c7	
  	!estimated time points
  time_01
  time_03
  time_05
  	!modelled time points of process (A)
  a_01
  a_03
  a_05
  ;
  TSCORES are
  	!estimated time points
  time_01
  time_03
  time_05;
  CLUSTER = PairID;
  SUBPOPULATION are
  	!select a subset of observations
  dementia_ever NE 1
  ;
  DEFINE:
  	! assign variables to the process (A)
  a_01 = mirrecog_01;
  a_03 = mirrecog_03;
  a_05 = mirrecog_05;
  	!assign variables to time points
  time_01 = years_since_bl_01;
  time_03 = years_since_bl_03;
  time_05 = years_since_bl_05;
  	
  ANALYSIS: TYPE = RANDOM COMPLEX;
  COVERAGE=.00;
  MODEL:
  	!first-level equation
  	! assign process (A) to time points
  ia sa qa | a_01 AT time_01 ;
  ia sa qa | a_03 AT time_03 ;
  ia sa qa | a_05 AT time_05 ;
  	!variance of the first-level terms
  ia (v_ia);
  sa (v_sa);
  qa (v_qa);
  	!covariance among first-level terms
  ia WITH sa (c_iasa);
  ia WITH qa (c_iaqa);
  sa WITH qa (c_saqa);
  	!second-level equation
  ia sa qa ON age_c80
  edu_c7;
  	!residual covariance of process (A)
  a_01 (res_a);
  a_03 (res_a);
  a_05 (res_a);	
  SAVEDATA:
  FILE is   u2_135_ae_mirrecog_fscores.dat;
  SAVE = FSCORES;
  RESULTS are   u2_135_ae_mirrecog_results.dat;
  	
  OUTPUT: sampstat cinterval;
  PLOT: Type is Plot1 Plot2 Plot3;



*** WARNING
  Data set contains cases with missing on x-variables.
  These cases were not included in the analysis.
  Number of cases with missing on x-variables:  46
*** WARNING
  Data set contains cases with missing on all variables except
  x-variables.  These cases were not included in the analysis.
  Number of cases with missing on all variables except x-variables:  74
   2 WARNING(S) FOUND IN THE INPUT INSTRUCTIONS




Script produced from the prototype in ./sandbox/syntax-creator/

SUMMARY OF ANALYSIS

Number of groups                                                 1
Number of observations                                         422

Number of dependent variables                                    3
Number of independent variables                                  2
Number of continuous latent variables                            3

Observed dependent variables

  Continuous
   A_01        A_03        A_05

Observed independent variables
   AGE_C80     EDU_C7

Continuous latent variables
   IA          SA          QA

Variables with special functions

  Cluster variable      PAIRID
  Weight variable       _WEIGHT

  Time scores
   TIME_01     TIME_03     TIME_05


Estimator                                                      MLR
Information matrix                                        OBSERVED
Maximum number of iterations                                   100
Convergence criterion                                    0.100D-05
Maximum number of EM iterations                                500
Convergence criteria for the EM algorithm
  Loglikelihood change                                   0.100D-02
  Relative loglikelihood change                          0.100D-05
  Derivative                                             0.100D-03
Minimum variance                                         0.100D-03
Maximum number of steepest descent iterations                   20
Maximum number of iterations for H1                           2000
Convergence criterion for H1                             0.100D-03
Optimization algorithm                                         EMA

Input data file(s)
  wide-dataset.dat
Input data format  FREE



SAMPLE STATISTICS


     ESTIMATED SAMPLE STATISTICS


           Means
              A_01          A_03          A_05          AGE_C80       EDU_C7
              ________      ________      ________      ________      ________
 1              9.649         9.650         9.480         3.186         0.329


           Covariances
              A_01          A_03          A_05          AGE_C80       EDU_C7
              ________      ________      ________      ________      ________
 A_01           1.701
 A_03           0.930         1.714
 A_05           1.025         1.259         1.820
 AGE_C80       -0.466        -0.560        -0.695         7.685
 EDU_C7         0.240         0.270        -0.079        -0.591         6.031


           Correlations
              A_01          A_03          A_05          AGE_C80       EDU_C7
              ________      ________      ________      ________      ________
 A_01           1.000
 A_03           0.545         1.000
 A_05           0.583         0.713         1.000
 AGE_C80       -0.129        -0.154        -0.186         1.000
 EDU_C7         0.075         0.084        -0.024        -0.087         1.000


     MAXIMUM LOG-LIKELIHOOD VALUE FOR THE UNRESTRICTED (H1) MODEL IS -4483.956


UNIVARIATE HIGHER-ORDER MOMENT DESCRIPTIVE STATISTICS


     UNIVARIATE HIGHER-ORDER MOMENT DESCRIPTIVE STATISTICS

         Variable/         Mean/     Skewness/   Minimum/ % with                Percentiles
        Sample Size      Variance    Kurtosis    Maximum  Min/Max      20%/60%    40%/80%    Median

     A_01                  9.651      -4.682       0.000    2.33%      10.000     10.000     10.000
             559.000       1.700      23.894      10.000   80.50%      10.000     10.000
     A_03                  9.724      -5.660       0.000    9.09%       8.000     10.000     10.000
             363.000       1.515      35.245      10.000   74.66%      10.000     10.000
     A_05                  9.674      -5.323       0.000    8.54%       8.000     10.000     10.000
             164.000       1.401      34.587      10.000   75.61%      10.000     10.000
     AGE_C80               3.186       1.068      -0.581    0.17%       0.875      1.765      2.329
             582.000       7.685       0.541      13.313    0.34%       3.115      5.696
     EDU_C7                0.329       2.263      -5.000    0.34%      -1.000     -1.000     -1.000
             582.000       6.031       7.414      16.000    0.17%       0.000      1.000

     WARNING: THE MODEL ESTIMATION HAS REACHED A SADDLE POINT OR A POINT WHERE THE
     OBSERVED AND THE EXPECTED INFORMATION MATRICES DO NOT MATCH.
     AN ADJUSTMENT TO THE ESTIMATION OF THE INFORMATION MATRIX HAS BEEN MADE.
     THE CONDITION NUMBER IS      -0.339D-07.
     THE PROBLEM MAY ALSO BE RESOLVED BY DECREASING THE VALUE OF THE
     MCONVERGENCE OR LOGCRITERION OPTIONS OR BY CHANGING THE STARTING VALUES
     OR BY USING THE MLF ESTIMATOR.


THE MODEL ESTIMATION TERMINATED NORMALLY



MODEL FIT INFORMATION

Number of Free Parameters                       16

Loglikelihood

          H0 Value                       -1237.744
          H0 Scaling Correction Factor      4.1333
            for MLR

Information Criteria

          Akaike (AIC)                    2507.488
          Bayesian (BIC)                  2572.208
          Sample-Size Adjusted BIC        2521.435
            (n* = (n + 2) / 24)



MODEL RESULTS

                                                    Two-Tailed
                    Estimate       S.E.  Est./S.E.    P-Value

 IA         ON
    AGE_C80           -0.058      0.035     -1.665      0.096
    EDU_C7             0.034      0.019      1.759      0.079

 SA         ON
    AGE_C80           -0.002      0.013     -0.158      0.875
    EDU_C7             0.009      0.009      1.012      0.311

 QA         ON
    AGE_C80            0.000      0.001     -0.170      0.865
    EDU_C7            -0.002      0.001     -1.649      0.099

 IA       WITH
    SA                -0.278      0.084     -3.325      0.001
    QA                 0.024      0.012      2.083      0.037

 SA       WITH
    QA                -0.025      0.012     -2.063      0.039

 Intercepts
    A_01               0.000      0.000    999.000    999.000
    A_03               0.000      0.000    999.000    999.000
    A_05               0.000      0.000    999.000    999.000
    IA                 9.822      0.098     99.771      0.000
    SA                 0.027      0.040      0.672      0.502
    QA                -0.004      0.005     -0.888      0.374

 Residual Variances
    A_01               0.049      0.196      0.249      0.803
    A_03               0.049      0.196      0.249      0.803
    A_05               0.049      0.196      0.249      0.803
    IA                 1.620      0.218      7.417      0.000
    SA                 0.245      0.106      2.312      0.021
    QA                 0.003      0.001      1.958      0.050


QUALITY OF NUMERICAL RESULTS

     Condition Number for the Information Matrix             -0.339E-07
       (ratio of smallest to largest eigenvalue)


CONFIDENCE INTERVALS OF MODEL RESULTS

                  Lower .5%  Lower 2.5%    Lower 5%    Estimate    Upper 5%  Upper 2.5%   Upper .5%

 IA       ON
    AGE_C80         -0.148      -0.126      -0.115      -0.058      -0.001       0.010       0.032
    EDU_C7          -0.016      -0.004       0.002       0.034       0.066       0.072       0.084

 SA       ON
    AGE_C80         -0.036      -0.028      -0.024      -0.002       0.020       0.024       0.032
    EDU_C7          -0.014      -0.009      -0.006       0.009       0.024       0.027       0.033

 QA       ON
    AGE_C80         -0.004      -0.003      -0.003       0.000       0.002       0.003       0.003
    EDU_C7          -0.005      -0.004      -0.004      -0.002       0.000       0.000       0.001

 IA       WITH
    SA              -0.494      -0.443      -0.416      -0.278      -0.141      -0.114      -0.063
    QA              -0.006       0.001       0.005       0.024       0.043       0.047       0.054

 SA       WITH
    QA              -0.056      -0.049      -0.045      -0.025      -0.005      -0.001       0.006

 Intercepts
    A_01             0.000       0.000       0.000       0.000       0.000       0.000       0.000
    A_03             0.000       0.000       0.000       0.000       0.000       0.000       0.000
    A_05             0.000       0.000       0.000       0.000       0.000       0.000       0.000
    IA               9.568       9.629       9.660       9.822       9.984      10.015      10.075
    SA              -0.077      -0.052      -0.039       0.027       0.094       0.106       0.131
    QA              -0.016      -0.013      -0.012      -0.004       0.004       0.005       0.008

 Residual Variances
    A_01            -0.456      -0.335      -0.274       0.049       0.371       0.433       0.553
    A_03            -0.456      -0.335      -0.274       0.049       0.371       0.433       0.553
    A_05            -0.456      -0.335      -0.274       0.049       0.371       0.433       0.553
    IA               1.057       1.192       1.261       1.620       1.979       2.048       2.182
    SA              -0.028       0.037       0.071       0.245       0.420       0.453       0.518
    QA              -0.001       0.000       0.000       0.003       0.005       0.006       0.006


SAMPLE STATISTICS FOR ESTIMATED FACTOR SCORES


     SAMPLE STATISTICS


           Means
              IA            IA_SE         SA            SA_SE         QA
              ________      ________      ________      ________      ________
 1              9.050         0.250        -0.113         0.270         0.006


           Means
              QA_SE
              ________
 1              0.033


           Covariances
              IA            IA_SE         SA            SA_SE         QA
              ________      ________      ________      ________      ________
 IA             4.886
 IA_SE         -0.053         0.027
 SA            -0.381        -0.015         0.676
 SA_SE         -0.071         0.006         0.026         0.022
 QA             0.029         0.001        -0.066        -0.002         0.007
 QA_SE         -0.007         0.000         0.002         0.002         0.000


           Covariances
              QA_SE
              ________
 QA_SE          0.000


           Correlations
              IA            IA_SE         SA            SA_SE         QA
              ________      ________      ________      ________      ________
 IA             1.000
 IA_SE         -0.144         1.000
 SA            -0.210        -0.110         1.000
 SA_SE         -0.217         0.228         0.217         1.000
 QA             0.158         0.107        -0.971        -0.178         1.000
 QA_SE         -0.225         0.181         0.150         0.965        -0.101


           Correlations
              QA_SE
              ________
 QA_SE          1.000


RESULTS SAVING INFORMATION

  Order of data

    Parameter estimates
     (saved in order shown in Technical 1 output)
    Standard errors
     (saved in order shown in Technical 1 output)
    H0 Loglikelihood
    H0 Scaling Correction Factor for MLR
    Number of Free Parameters
    Akaike (AIC)
    Bayesian (BIC)
    Sample-Size Adjusted BIC

  Save file
    u2_135_ae_mirrecog_results.dat

  Save file format           Free


PLOT INFORMATION

The following plots are available:

  Histograms (sample values, estimated factor scores)
  Scatterplots (sample values, estimated factor scores)
  Latent variable distribution plots

SAVEDATA INFORMATION


  Save file
    u2_135_ae_mirrecog_fscores.dat

  Order and format of variables

    A_01           F10.3
    A_03           F10.3
    A_05           F10.3
    AGE_C80        F10.3
    EDU_C7         F10.3
    TIME_01        F10.3
    TIME_03        F10.3
    TIME_05        F10.3
    _WEIGHT        F10.3
    IA             F10.3
    IA_SE          F10.3
    SA             F10.3
    SA_SE          F10.3
    QA             F10.3
    QA_SE          F10.3
    PAIRID         I6

  Save file format
    15F10.3 I6

  Save file record length    10000


     Beginning Time:  18:06:12
        Ending Time:  18:06:32
       Elapsed Time:  00:00:20



MUTHEN & MUTHEN
3463 Stoner Ave.
Los Angeles, CA  90066

Tel: (310) 391-9971
Fax: (310) 391-8971
Web: www.StatModel.com
Support: Support@StatModel.com

Copyright (c) 1998-2014 Muthen & Muthen
