Mplus VERSION 7.3
MUTHEN & MUTHEN
12/17/2016  12:14 PM

INPUT INSTRUCTIONS

  TITLE:
  Script produced from the prototype in ./sandbox/syntax-creator/
  DATA:
  File = wide-dataset.dat ;
  VARIABLE:
  NAMES are
   Case PairID female age_c80 edu_c7 sbp_c167 smoke cardio diabetes dementia_ever
      years_since_bl_01 years_since_bl_02 years_since_bl_03 years_since_bl_04
      years_since_bl_05 pef_01 pef_02 pef_03 pef_04 pef_05 grip_01 grip_02 grip_03
      grip_04 grip_05 gait_01 gait_02 gait_03 gait_04 gait_05 block_01 block_02
      block_03 block_04 block_05 digitspanbackward_01 digitspanbackward_02
      digitspanbackward_03 digitspanbackward_04 digitspanbackward_05
      digitspanforward_01 digitspanforward_02 digitspanforward_03 digitspanforward_04
      digitspanforward_05 symbol_01 symbol_02 symbol_03 symbol_04 symbol_05 prose_01
      prose_02 prose_03 prose_04 prose_05 info_01 info_02 info_03 info_04 info_05
      synonyms_01 synonyms_02 synonyms_03 synonyms_04 synonyms_05 psif_01 psif_02
      psif_03 psif_04 psif_05 figure_01 figure_02 figure_03 figure_04 figure_05
      mirrecall_01 mirrecall_02 mirrecall_03 mirrecall_04 mirrecall_05 mmse_01 mmse_02
      mmse_03 mmse_04 mmse_05 mirnaming_01 mirnaming_02 mirnaming_03 mirnaming_04
      mirnaming_05 mirrecog_01 mirrecog_02 mirrecog_03 mirrecog_04 mirrecog_05
      clock_01 clock_02 clock_03 clock_04 clock_05
  	;
  Missing are all (-9999);
  USEVARIABLES are
  	!define the variables used in the analysis
  	! covariates used in the model
  age_c80
  edu_c7	
  	!estimated time points
  time_01
  time_02
  time_03
  time_05
  	!modelled time points of process (A)
  a_01
  a_02
  a_03
  a_05
  ;
  TSCORES are
  	!estimated time points
  time_01
  time_02
  time_03
  time_05;
  CLUSTER = PairID;
  SUBPOPULATION are
  	!select a subset of observations
  dementia_ever NE 1
  ;
  DEFINE:
  	! assign variables to the process (A)
  a_01 = mirrecog_01;
  a_02 = mirrecog_02;
  a_03 = mirrecog_03;
  a_05 = mirrecog_05;
  	!assign variables to time points
  time_01 = years_since_bl_01;
  time_02 = years_since_bl_02;
  time_03 = years_since_bl_03;
  time_05 = years_since_bl_05;
  	
  ANALYSIS: TYPE = RANDOM COMPLEX;
  COVERAGE=.00;
  MODEL:
  	!first-level equation
  	! assign process (A) to time points
  ia sa qa | a_01 AT time_01 ;
  ia sa qa | a_02 AT time_02 ;
  ia sa qa | a_03 AT time_03 ;
  ia sa qa | a_05 AT time_05 ;
  	!variance of the first-level terms
  ia (v_ia);
  sa (v_sa);
  qa (v_qa);
  	!covariance among first-level terms
  ia WITH sa (c_iasa);
  ia WITH qa (c_iaqa);
  sa WITH qa (c_saqa);
  	!second-level equation
  ia sa qa ON age_c80
  edu_c7;
  	!residual covariance of process (A)
  a_01 (res_a);
  a_02 (res_a);
  a_03 (res_a);
  a_05 (res_a);	
  SAVEDATA:
  FILE is   u2_1235_ae_mirrecog_fscores.dat;
  SAVE = FSCORES;
  RESULTS are   u2_1235_ae_mirrecog_results.dat;
  	
  OUTPUT: sampstat cinterval;
  PLOT: Type is Plot1 Plot2 Plot3;



*** WARNING
  Data set contains cases with missing on x-variables.
  These cases were not included in the analysis.
  Number of cases with missing on x-variables:  46
*** WARNING
  Data set contains cases with missing on all variables except
  x-variables.  These cases were not included in the analysis.
  Number of cases with missing on all variables except x-variables:  53
   2 WARNING(S) FOUND IN THE INPUT INSTRUCTIONS




Script produced from the prototype in ./sandbox/syntax-creator/

SUMMARY OF ANALYSIS

Number of groups                                                 1
Number of observations                                         432

Number of dependent variables                                    4
Number of independent variables                                  2
Number of continuous latent variables                            3

Observed dependent variables

  Continuous
   A_01        A_02        A_03        A_05

Observed independent variables
   AGE_C80     EDU_C7

Continuous latent variables
   IA          SA          QA

Variables with special functions

  Cluster variable      PAIRID
  Weight variable       _WEIGHT

  Time scores
   TIME_01     TIME_02     TIME_03     TIME_05


Estimator                                                      MLR
Information matrix                                        OBSERVED
Maximum number of iterations                                   100
Convergence criterion                                    0.100D-05
Maximum number of EM iterations                                500
Convergence criteria for the EM algorithm
  Loglikelihood change                                   0.100D-02
  Relative loglikelihood change                          0.100D-05
  Derivative                                             0.100D-03
Minimum variance                                         0.100D-03
Maximum number of steepest descent iterations                   20
Maximum number of iterations for H1                           2000
Convergence criterion for H1                             0.100D-03
Optimization algorithm                                         EMA

Input data file(s)
  wide-dataset.dat
Input data format  FREE



SAMPLE STATISTICS


     ESTIMATED SAMPLE STATISTICS


           Means
              A_01          A_02          A_03          A_05          AGE_C80
              ________      ________      ________      ________      ________
 1              9.640         9.669         9.602         9.346         3.236


           Means
              EDU_C7
              ________
 1              0.308


           Covariances
              A_01          A_02          A_03          A_05          AGE_C80
              ________      ________      ________      ________      ________
 A_01           1.716
 A_02           0.687         1.635
 A_03           1.052         1.098         1.962
 A_05           0.951         1.965         1.518         3.057
 AGE_C80       -0.496        -0.721        -0.656        -1.058         7.930
 EDU_C7         0.258         0.413         0.347         0.184        -0.804


           Covariances
              EDU_C7
              ________
 EDU_C7         6.195


           Correlations
              A_01          A_02          A_03          A_05          AGE_C80
              ________      ________      ________      ________      ________
 A_01           1.000
 A_02           0.410         1.000
 A_03           0.573         0.613         1.000
 A_05           0.415         0.879         0.620         1.000
 AGE_C80       -0.135        -0.200        -0.166        -0.215         1.000
 EDU_C7         0.079         0.130         0.100         0.042        -0.115


           Correlations
              EDU_C7
              ________
 EDU_C7         1.000


     MAXIMUM LOG-LIKELIHOOD VALUE FOR THE UNRESTRICTED (H1) MODEL IS -5280.425


UNIVARIATE HIGHER-ORDER MOMENT DESCRIPTIVE STATISTICS


     UNIVARIATE HIGHER-ORDER MOMENT DESCRIPTIVE STATISTICS

         Variable/         Mean/     Skewness/   Minimum/ % with                Percentiles
        Sample Size      Variance    Kurtosis    Maximum  Min/Max      20%/60%    40%/80%    Median

     A_01                  9.651      -4.682       0.000    2.33%      10.000     10.000     10.000
             559.000       1.700      23.894      10.000   80.50%      10.000     10.000
     A_02                  9.722      -5.461       0.000    6.82%       9.000     10.000     10.000
             469.000       1.460      31.932      10.000   76.97%      10.000     10.000
     A_03                  9.724      -5.660       0.000    9.09%       8.000     10.000     10.000
             363.000       1.515      35.245      10.000   74.66%      10.000     10.000
     A_05                  9.674      -5.323       0.000    8.54%       8.000     10.000     10.000
             164.000       1.401      34.587      10.000   75.61%      10.000     10.000
     AGE_C80               3.236       1.046      -0.581    0.17%       0.877      1.809      2.425
             603.000       7.930       0.439      13.313    0.33%       3.203      5.718
     EDU_C7                0.308       2.153      -7.000    0.17%      -1.000     -1.000     -1.000
             603.000       6.195       7.105      16.000    0.17%       0.000      1.000

     WARNING: THE MODEL ESTIMATION HAS REACHED A SADDLE POINT OR A POINT WHERE THE
     OBSERVED AND THE EXPECTED INFORMATION MATRICES DO NOT MATCH.
     AN ADJUSTMENT TO THE ESTIMATION OF THE INFORMATION MATRIX HAS BEEN MADE.
     THE CONDITION NUMBER IS      -0.995D-03.
     THE PROBLEM MAY ALSO BE RESOLVED BY DECREASING THE VALUE OF THE
     MCONVERGENCE OR LOGCRITERION OPTIONS OR BY CHANGING THE STARTING VALUES
     OR BY USING THE MLF ESTIMATOR.


THE MODEL ESTIMATION TERMINATED NORMALLY



MODEL FIT INFORMATION

Number of Free Parameters                       16

Loglikelihood

          H0 Value                       -1735.398
          H0 Scaling Correction Factor      7.4039
            for MLR

Information Criteria

          Akaike (AIC)                    3502.796
          Bayesian (BIC)                  3567.891
          Sample-Size Adjusted BIC        3517.116
            (n* = (n + 2) / 24)



MODEL RESULTS

                                                    Two-Tailed
                    Estimate       S.E.  Est./S.E.    P-Value

 IA         ON
    AGE_C80           -0.063      0.034     -1.888      0.059
    EDU_C7             0.037      0.018      1.979      0.048

 SA         ON
    AGE_C80           -0.005      0.015     -0.330      0.742
    EDU_C7             0.012      0.009      1.302      0.193

 QA         ON
    AGE_C80            0.000      0.003     -0.016      0.987
    EDU_C7            -0.002      0.002     -0.890      0.374

 IA       WITH
    SA                -0.088      0.162     -0.541      0.588
    QA                 0.013      0.063      0.205      0.837

 SA       WITH
    QA                -0.008      0.013     -0.588      0.556

 Intercepts
    A_01               0.000      0.000    999.000    999.000
    A_02               0.000      0.000    999.000    999.000
    A_03               0.000      0.000    999.000    999.000
    A_05               0.000      0.000    999.000    999.000
    IA                 9.836      0.096    102.530      0.000
    SA                 0.033      0.041      0.819      0.413
    QA                -0.006      0.006     -0.878      0.380

 Residual Variances
    A_01               0.666      0.217      3.065      0.002
    A_02               0.666      0.217      3.065      0.002
    A_03               0.666      0.217      3.065      0.002
    A_05               0.666      0.217      3.065      0.002
    IA                 0.959      0.428      2.240      0.025
    SA                 0.078      0.115      0.678      0.498
    QA                 0.001      0.002      0.321      0.749


QUALITY OF NUMERICAL RESULTS

     Condition Number for the Information Matrix             -0.995E-03
       (ratio of smallest to largest eigenvalue)


CONFIDENCE INTERVALS OF MODEL RESULTS

                  Lower .5%  Lower 2.5%    Lower 5%    Estimate    Upper 5%  Upper 2.5%   Upper .5%

 IA       ON
    AGE_C80         -0.150      -0.129      -0.119      -0.063      -0.008       0.002       0.023
    EDU_C7          -0.011       0.000       0.006       0.037       0.067       0.073       0.084

 SA       ON
    AGE_C80         -0.044      -0.034      -0.030      -0.005       0.020       0.024       0.034
    EDU_C7          -0.011      -0.006      -0.003       0.012       0.026       0.029       0.035

 QA       ON
    AGE_C80         -0.008      -0.006      -0.005       0.000       0.005       0.006       0.008
    EDU_C7          -0.008      -0.007      -0.006      -0.002       0.002       0.003       0.004

 IA       WITH
    SA              -0.504      -0.404      -0.354      -0.088       0.178       0.229       0.329
    QA              -0.149      -0.110      -0.091       0.013       0.116       0.136       0.175

 SA       WITH
    QA              -0.041      -0.033      -0.029      -0.008       0.014       0.018       0.026

 Intercepts
    A_01             0.000       0.000       0.000       0.000       0.000       0.000       0.000
    A_02             0.000       0.000       0.000       0.000       0.000       0.000       0.000
    A_03             0.000       0.000       0.000       0.000       0.000       0.000       0.000
    A_05             0.000       0.000       0.000       0.000       0.000       0.000       0.000
    IA               9.589       9.648       9.678       9.836       9.994      10.024      10.083
    SA              -0.072      -0.047      -0.034       0.033       0.101       0.114       0.139
    QA              -0.022      -0.018      -0.016      -0.006       0.005       0.007       0.011

 Residual Variances
    A_01             0.106       0.240       0.309       0.666       1.024       1.092       1.226
    A_02             0.106       0.240       0.309       0.666       1.024       1.092       1.226
    A_03             0.106       0.240       0.309       0.666       1.024       1.092       1.226
    A_05             0.106       0.240       0.309       0.666       1.024       1.092       1.226
    IA              -0.144       0.120       0.255       0.959       1.664       1.799       2.062
    SA              -0.219      -0.148      -0.112       0.078       0.268       0.304       0.375
    QA              -0.005      -0.004      -0.003       0.001       0.005       0.005       0.007


SAMPLE STATISTICS FOR ESTIMATED FACTOR SCORES


     SAMPLE STATISTICS


           Means
              IA            IA_SE         SA            SA_SE         QA
              ________      ________      ________      ________      ________
 1              8.993         0.547        -0.039         0.251        -0.004


           Means
              QA_SE
              ________
 1              0.025


           Covariances
              IA            IA_SE         SA            SA_SE         QA
              ________      ________      ________      ________      ________
 IA             3.084
 IA_SE         -0.026         0.004
 SA             0.098         0.001         0.059
 SA_SE         -0.005         0.001         0.001         0.000
 QA             0.006         0.000        -0.005         0.000         0.000
 QA_SE          0.000         0.000         0.000         0.000         0.000


           Covariances
              QA_SE
              ________
 QA_SE          0.000


           Correlations
              IA            IA_SE         SA            SA_SE         QA
              ________      ________      ________      ________      ________
 IA             1.000
 IA_SE         -0.222         1.000
 SA             0.230         0.044         1.000
 SA_SE         -0.199         0.889         0.147         1.000
 QA             0.167        -0.130        -0.914        -0.225         1.000
 QA_SE         -0.239         0.925         0.075         0.948        -0.170


           Correlations
              QA_SE
              ________
 QA_SE          1.000


RESULTS SAVING INFORMATION

  Order of data

    Parameter estimates
     (saved in order shown in Technical 1 output)
    Standard errors
     (saved in order shown in Technical 1 output)
    H0 Loglikelihood
    H0 Scaling Correction Factor for MLR
    Number of Free Parameters
    Akaike (AIC)
    Bayesian (BIC)
    Sample-Size Adjusted BIC

  Save file
    u2_1235_ae_mirrecog_results.dat

  Save file format           Free


PLOT INFORMATION

The following plots are available:

  Histograms (sample values, estimated factor scores)
  Scatterplots (sample values, estimated factor scores)
  Latent variable distribution plots

SAVEDATA INFORMATION


  Save file
    u2_1235_ae_mirrecog_fscores.dat

  Order and format of variables

    A_01           F10.3
    A_02           F10.3
    A_03           F10.3
    A_05           F10.3
    AGE_C80        F10.3
    EDU_C7         F10.3
    TIME_01        F10.3
    TIME_02        F10.3
    TIME_03        F10.3
    TIME_05        F10.3
    _WEIGHT        F10.3
    IA             F10.3
    IA_SE          F10.3
    SA             F10.3
    SA_SE          F10.3
    QA             F10.3
    QA_SE          F10.3
    PAIRID         I6

  Save file format
    17F10.3 I6

  Save file record length    10000


     Beginning Time:  12:14:53
        Ending Time:  12:15:00
       Elapsed Time:  00:00:07



MUTHEN & MUTHEN
3463 Stoner Ave.
Los Angeles, CA  90066

Tel: (310) 391-9971
Fax: (310) 391-8971
Web: www.StatModel.com
Support: Support@StatModel.com

Copyright (c) 1998-2014 Muthen & Muthen
