Mplus VERSION 7.3
MUTHEN & MUTHEN
12/17/2016   6:21 PM

INPUT INSTRUCTIONS

  TITLE:
  Script produced from the prototype in ./sandbox/syntax-creator/
  DATA:
  File = wide-dataset.dat ;
  VARIABLE:
  NAMES are
   Case PairID female age_c80 edu_c7 sbp_c167 smoke cardio diabetes dementia_ever
      years_since_bl_01 years_since_bl_02 years_since_bl_03 years_since_bl_04
      years_since_bl_05 pef_01 pef_02 pef_03 pef_04 pef_05 grip_01 grip_02 grip_03
      grip_04 grip_05 gait_01 gait_02 gait_03 gait_04 gait_05 block_01 block_02
      block_03 block_04 block_05 digitspanbackward_01 digitspanbackward_02
      digitspanbackward_03 digitspanbackward_04 digitspanbackward_05
      digitspanforward_01 digitspanforward_02 digitspanforward_03 digitspanforward_04
      digitspanforward_05 symbol_01 symbol_02 symbol_03 symbol_04 symbol_05 prose_01
      prose_02 prose_03 prose_04 prose_05 info_01 info_02 info_03 info_04 info_05
      synonyms_01 synonyms_02 synonyms_03 synonyms_04 synonyms_05 psif_01 psif_02
      psif_03 psif_04 psif_05 figure_01 figure_02 figure_03 figure_04 figure_05
      mirrecall_01 mirrecall_02 mirrecall_03 mirrecall_04 mirrecall_05 mmse_01 mmse_02
      mmse_03 mmse_04 mmse_05 mirnaming_01 mirnaming_02 mirnaming_03 mirnaming_04
      mirnaming_05 mirrecog_01 mirrecog_02 mirrecog_03 mirrecog_04 mirrecog_05
      clock_01 clock_02 clock_03 clock_04 clock_05
  	;
  Missing are all (-9999);
  USEVARIABLES are
  	!define the variables used in the analysis
  	! covariates used in the model
  age_c80
  edu_c7
  female	
  	!estimated time points
  time_01
  time_04
  time_05
  	!modelled time points of process (A)
  a_01
  a_04
  a_05
  ;
  TSCORES are
  	!estimated time points
  time_01
  time_04
  time_05;
  CLUSTER = PairID;
  SUBPOPULATION are
  	!select a subset of observations
  dementia_ever NE 1
  ;
  DEFINE:
  	! assign variables to the process (A)
  a_01 = mirrecog_01;
  a_04 = mirrecog_04;
  a_05 = mirrecog_05;
  	!assign variables to time points
  time_01 = years_since_bl_01;
  time_04 = years_since_bl_04;
  time_05 = years_since_bl_05;
  	
  ANALYSIS: TYPE = RANDOM COMPLEX;
  COVERAGE=.00;
  MODEL:
  	!first-level equation
  	! assign process (A) to time points
  ia sa qa | a_01 AT time_01 ;
  ia sa qa | a_04 AT time_04 ;
  ia sa qa | a_05 AT time_05 ;
  	!variance of the first-level terms
  ia (v_ia);
  sa (v_sa);
  qa (v_qa);
  	!covariance among first-level terms
  ia WITH sa (c_iasa);
  ia WITH qa (c_iaqa);
  sa WITH qa (c_saqa);
  	!second-level equation
  ia sa qa ON age_c80
  edu_c7
  female;
  	!residual covariance of process (A)
  a_01 (res_a);
  a_04 (res_a);
  a_05 (res_a);	
  SAVEDATA:
  FILE is   u2_145_aef_mirrecog_fscores.dat;
  SAVE = FSCORES;
  RESULTS are   u2_145_aef_mirrecog_results.dat;
  	
  OUTPUT: sampstat cinterval;
  PLOT: Type is Plot1 Plot2 Plot3;



*** WARNING
  Data set contains cases with missing on x-variables.
  These cases were not included in the analysis.
  Number of cases with missing on x-variables:  46
*** WARNING
  Data set contains cases with missing on all variables except
  x-variables.  These cases were not included in the analysis.
  Number of cases with missing on all variables except x-variables:  87
   2 WARNING(S) FOUND IN THE INPUT INSTRUCTIONS




Script produced from the prototype in ./sandbox/syntax-creator/

SUMMARY OF ANALYSIS

Number of groups                                                 1
Number of observations                                         412

Number of dependent variables                                    3
Number of independent variables                                  3
Number of continuous latent variables                            3

Observed dependent variables

  Continuous
   A_01        A_04        A_05

Observed independent variables
   AGE_C80     EDU_C7      FEMALE

Continuous latent variables
   IA          SA          QA

Variables with special functions

  Cluster variable      PAIRID
  Weight variable       _WEIGHT

  Time scores
   TIME_01     TIME_04     TIME_05


Estimator                                                      MLR
Information matrix                                        OBSERVED
Maximum number of iterations                                   100
Convergence criterion                                    0.100D-05
Maximum number of EM iterations                                500
Convergence criteria for the EM algorithm
  Loglikelihood change                                   0.100D-02
  Relative loglikelihood change                          0.100D-05
  Derivative                                             0.100D-03
Minimum variance                                         0.100D-03
Maximum number of steepest descent iterations                   20
Maximum number of iterations for H1                           2000
Convergence criterion for H1                             0.100D-03
Optimization algorithm                                         EMA

Input data file(s)
  wide-dataset.dat
Input data format  FREE



SAMPLE STATISTICS


     ESTIMATED SAMPLE STATISTICS


           Means
              A_01          A_04          A_05          AGE_C80       EDU_C7
              ________      ________      ________      ________      ________
 1              9.640         9.461         9.331         3.167         0.345


           Means
              FEMALE
              ________
 1              0.663


           Covariances
              A_01          A_04          A_05          AGE_C80       EDU_C7
              ________      ________      ________      ________      ________
 A_01           1.752
 A_04           1.459         2.880
 A_05           1.359         2.094         2.418
 AGE_C80       -0.474        -0.797        -0.848         7.534
 EDU_C7         0.253         0.551         0.106        -0.591         6.075
 FEMALE         0.073         0.179         0.173         0.063        -0.124


           Covariances
              FEMALE
              ________
 FEMALE         0.224


           Correlations
              A_01          A_04          A_05          AGE_C80       EDU_C7
              ________      ________      ________      ________      ________
 A_01           1.000
 A_04           0.650         1.000
 A_05           0.660         0.793         1.000
 AGE_C80       -0.130        -0.171        -0.199         1.000
 EDU_C7         0.078         0.132         0.028        -0.087         1.000
 FEMALE         0.117         0.223         0.235         0.048        -0.106


           Correlations
              FEMALE
              ________
 FEMALE         1.000


     MAXIMUM LOG-LIKELIHOOD VALUE FOR THE UNRESTRICTED (H1) MODEL IS -4689.145


UNIVARIATE HIGHER-ORDER MOMENT DESCRIPTIVE STATISTICS


     UNIVARIATE HIGHER-ORDER MOMENT DESCRIPTIVE STATISTICS

         Variable/         Mean/     Skewness/   Minimum/ % with                Percentiles
        Sample Size      Variance    Kurtosis    Maximum  Min/Max      20%/60%    40%/80%    Median

     A_01                  9.651      -4.682       0.000    2.33%      10.000     10.000     10.000
             559.000       1.700      23.894      10.000   80.50%      10.000     10.000
     A_04                  9.663      -5.384       0.000    9.80%       7.000     10.000     10.000
             255.000       2.116      30.437      10.000   72.94%      10.000     10.000
     A_05                  9.674      -5.323       0.000    8.54%       8.000     10.000     10.000
             164.000       1.401      34.587      10.000   75.61%      10.000     10.000
     AGE_C80               3.167       1.031      -0.581    0.18%       0.877      1.798      2.329
             569.000       7.534       0.382      13.313    0.35%       3.110      5.701
     EDU_C7                0.345       2.281      -5.000    0.35%      -1.000     -1.000     -1.000
             569.000       6.075       7.420      16.000    0.18%       0.000      1.000
     FEMALE                0.663      -0.688       0.000   33.39%       0.000      1.000      1.000
             569.000       0.224      -1.527       1.000   66.61%       1.000      1.000

     WARNING: THE MODEL ESTIMATION HAS REACHED A SADDLE POINT OR A POINT WHERE THE
     OBSERVED AND THE EXPECTED INFORMATION MATRICES DO NOT MATCH.
     AN ADJUSTMENT TO THE ESTIMATION OF THE INFORMATION MATRIX HAS BEEN MADE.
     THE CONDITION NUMBER IS      -0.198D-07.
     THE PROBLEM MAY ALSO BE RESOLVED BY DECREASING THE VALUE OF THE
     MCONVERGENCE OR LOGCRITERION OPTIONS OR BY CHANGING THE STARTING VALUES
     OR BY USING THE MLF ESTIMATOR.


THE MODEL ESTIMATION TERMINATED NORMALLY



MODEL FIT INFORMATION

Number of Free Parameters                       19

Loglikelihood

          H0 Value                       -1163.620
          H0 Scaling Correction Factor      3.9246
            for MLR

Information Criteria

          Akaike (AIC)                    2365.240
          Bayesian (BIC)                  2441.639
          Sample-Size Adjusted BIC        2381.348
            (n* = (n + 2) / 24)



MODEL RESULTS

                                                    Two-Tailed
                    Estimate       S.E.  Est./S.E.    P-Value

 IA         ON
    AGE_C80           -0.063      0.036     -1.760      0.078
    EDU_C7             0.043      0.021      2.016      0.044
    FEMALE             0.366      0.182      2.011      0.044

 SA         ON
    AGE_C80           -0.007      0.022     -0.335      0.737
    EDU_C7             0.043      0.023      1.910      0.056
    FEMALE             0.165      0.184      0.899      0.369

 QA         ON
    AGE_C80            0.000      0.003      0.002      0.998
    EDU_C7            -0.006      0.003     -1.968      0.049
    FEMALE            -0.013      0.023     -0.541      0.588

 IA       WITH
    SA                -0.053      0.238     -0.224      0.823
    QA                 0.001      0.031      0.042      0.966

 SA       WITH
    QA                -0.040      0.022     -1.835      0.066

 Intercepts
    A_01               0.000      0.000    999.000    999.000
    A_04               0.000      0.000    999.000    999.000
    A_05               0.000      0.000    999.000    999.000
    IA                 9.582      0.146     65.771      0.000
    SA                -0.100      0.163     -0.611      0.541
    QA                 0.005      0.021      0.235      0.814

 Residual Variances
    A_01               0.103      0.174      0.589      0.556
    A_04               0.103      0.174      0.589      0.556
    A_05               0.103      0.174      0.589      0.556
    IA                 1.576      0.248      6.360      0.000
    SA                 0.348      0.186      1.871      0.061
    QA                 0.005      0.003      1.852      0.064


QUALITY OF NUMERICAL RESULTS

     Condition Number for the Information Matrix             -0.198E-07
       (ratio of smallest to largest eigenvalue)


CONFIDENCE INTERVALS OF MODEL RESULTS

                  Lower .5%  Lower 2.5%    Lower 5%    Estimate    Upper 5%  Upper 2.5%   Upper .5%

 IA       ON
    AGE_C80         -0.154      -0.132      -0.121      -0.063      -0.004       0.007       0.029
    EDU_C7          -0.012       0.001       0.008       0.043       0.078       0.084       0.098
    FEMALE          -0.103       0.009       0.067       0.366       0.666       0.723       0.835

 SA       ON
    AGE_C80         -0.064      -0.051      -0.044      -0.007       0.029       0.036       0.049
    EDU_C7          -0.015      -0.001       0.006       0.043       0.080       0.087       0.101
    FEMALE          -0.309      -0.195      -0.137       0.165       0.468       0.526       0.639

 QA       ON
    AGE_C80         -0.007      -0.005      -0.004       0.000       0.004       0.005       0.007
    EDU_C7          -0.013      -0.011      -0.010      -0.006      -0.001       0.000       0.002
    FEMALE          -0.073      -0.058      -0.051      -0.013       0.026       0.033       0.047

 IA       WITH
    SA              -0.667      -0.521      -0.445      -0.053       0.339       0.414       0.561
    QA              -0.080      -0.060      -0.050       0.001       0.053       0.063       0.082

 SA       WITH
    QA              -0.097      -0.083      -0.077      -0.040      -0.004       0.003       0.016

 Intercepts
    A_01             0.000       0.000       0.000       0.000       0.000       0.000       0.000
    A_04             0.000       0.000       0.000       0.000       0.000       0.000       0.000
    A_05             0.000       0.000       0.000       0.000       0.000       0.000       0.000
    IA               9.207       9.296       9.342       9.582       9.822       9.868       9.957
    SA              -0.520      -0.420      -0.368      -0.100       0.169       0.220       0.321
    QA              -0.050      -0.037      -0.030       0.005       0.040       0.047       0.060

 Residual Variances
    A_01            -0.346      -0.239      -0.184       0.103       0.389       0.444       0.552
    A_04            -0.346      -0.239      -0.184       0.103       0.389       0.444       0.552
    A_05            -0.346      -0.239      -0.184       0.103       0.389       0.444       0.552
    IA               0.937       1.090       1.168       1.576       1.983       2.061       2.214
    SA              -0.131      -0.016       0.042       0.348       0.653       0.711       0.826
    QA              -0.002       0.000       0.001       0.005       0.009       0.010       0.012


SAMPLE STATISTICS FOR ESTIMATED FACTOR SCORES


     SAMPLE STATISTICS


           Means
              IA            IA_SE         SA            SA_SE         QA
              ________      ________      ________      ________      ________
 1              9.063         0.318        -0.132         0.449         0.007


           Means
              QA_SE
              ________
 1              0.056


           Covariances
              IA            IA_SE         SA            SA_SE         QA
              ________      ________      ________      ________      ________
 IA             4.556
 IA_SE         -0.038         0.007
 SA            -0.004        -0.016         0.523
 SA_SE         -0.069         0.000         0.011         0.025
 QA            -0.010         0.002        -0.054        -0.001         0.006
 QA_SE         -0.007         0.000         0.001         0.003         0.000


           Covariances
              QA_SE
              ________
 QA_SE          0.000


           Correlations
              IA            IA_SE         SA            SA_SE         QA
              ________      ________      ________      ________      ________
 IA             1.000
 IA_SE         -0.211         1.000
 SA            -0.003        -0.257         1.000
 SA_SE         -0.203         0.021         0.100         1.000
 QA            -0.060         0.261        -0.969        -0.053         1.000
 QA_SE         -0.194        -0.003         0.040         0.984         0.006


           Correlations
              QA_SE
              ________
 QA_SE          1.000


RESULTS SAVING INFORMATION

  Order of data

    Parameter estimates
     (saved in order shown in Technical 1 output)
    Standard errors
     (saved in order shown in Technical 1 output)
    H0 Loglikelihood
    H0 Scaling Correction Factor for MLR
    Number of Free Parameters
    Akaike (AIC)
    Bayesian (BIC)
    Sample-Size Adjusted BIC

  Save file
    u2_145_aef_mirrecog_results.dat

  Save file format           Free


PLOT INFORMATION

The following plots are available:

  Histograms (sample values, estimated factor scores)
  Scatterplots (sample values, estimated factor scores)
  Latent variable distribution plots

SAVEDATA INFORMATION


  Save file
    u2_145_aef_mirrecog_fscores.dat

  Order and format of variables

    A_01           F10.3
    A_04           F10.3
    A_05           F10.3
    AGE_C80        F10.3
    EDU_C7         F10.3
    FEMALE         F10.3
    TIME_01        F10.3
    TIME_04        F10.3
    TIME_05        F10.3
    _WEIGHT        F10.3
    IA             F10.3
    IA_SE          F10.3
    SA             F10.3
    SA_SE          F10.3
    QA             F10.3
    QA_SE          F10.3
    PAIRID         I6

  Save file format
    16F10.3 I6

  Save file record length    10000


     Beginning Time:  18:21:15
        Ending Time:  18:21:22
       Elapsed Time:  00:00:07



MUTHEN & MUTHEN
3463 Stoner Ave.
Los Angeles, CA  90066

Tel: (310) 391-9971
Fax: (310) 391-8971
Web: www.StatModel.com
Support: Support@StatModel.com

Copyright (c) 1998-2014 Muthen & Muthen
