Mplus VERSION 7.3
MUTHEN & MUTHEN
12/17/2016   6:17 PM

INPUT INSTRUCTIONS

  TITLE:
  Script produced from the prototype in ./sandbox/syntax-creator/
  DATA:
  File = wide-dataset.dat ;
  VARIABLE:
  NAMES are
   Case PairID female age_c80 edu_c7 sbp_c167 smoke cardio diabetes dementia_ever
      years_since_bl_01 years_since_bl_02 years_since_bl_03 years_since_bl_04
      years_since_bl_05 pef_01 pef_02 pef_03 pef_04 pef_05 grip_01 grip_02 grip_03
      grip_04 grip_05 gait_01 gait_02 gait_03 gait_04 gait_05 block_01 block_02
      block_03 block_04 block_05 digitspanbackward_01 digitspanbackward_02
      digitspanbackward_03 digitspanbackward_04 digitspanbackward_05
      digitspanforward_01 digitspanforward_02 digitspanforward_03 digitspanforward_04
      digitspanforward_05 symbol_01 symbol_02 symbol_03 symbol_04 symbol_05 prose_01
      prose_02 prose_03 prose_04 prose_05 info_01 info_02 info_03 info_04 info_05
      synonyms_01 synonyms_02 synonyms_03 synonyms_04 synonyms_05 psif_01 psif_02
      psif_03 psif_04 psif_05 figure_01 figure_02 figure_03 figure_04 figure_05
      mirrecall_01 mirrecall_02 mirrecall_03 mirrecall_04 mirrecall_05 mmse_01 mmse_02
      mmse_03 mmse_04 mmse_05 mirnaming_01 mirnaming_02 mirnaming_03 mirnaming_04
      mirnaming_05 mirrecog_01 mirrecog_02 mirrecog_03 mirrecog_04 mirrecog_05
      clock_01 clock_02 clock_03 clock_04 clock_05
  	;
  Missing are all (-9999);
  USEVARIABLES are
  	!define the variables used in the analysis
  	! covariates used in the model
  age_c80
  edu_c7
  female
  sbp_c167	
  	!estimated time points
  time_01
  time_02
  time_05
  	!modelled time points of process (A)
  a_01
  a_02
  a_05
  ;
  TSCORES are
  	!estimated time points
  time_01
  time_02
  time_05;
  CLUSTER = PairID;
  SUBPOPULATION are
  	!select a subset of observations
  dementia_ever NE 1
  ;
  DEFINE:
  	! assign variables to the process (A)
  a_01 = mirrecog_01;
  a_02 = mirrecog_02;
  a_05 = mirrecog_05;
  	!assign variables to time points
  time_01 = years_since_bl_01;
  time_02 = years_since_bl_02;
  time_05 = years_since_bl_05;
  	
  ANALYSIS: TYPE = RANDOM COMPLEX;
  COVERAGE=.00;
  MODEL:
  	!first-level equation
  	! assign process (A) to time points
  ia sa qa | a_01 AT time_01 ;
  ia sa qa | a_02 AT time_02 ;
  ia sa qa | a_05 AT time_05 ;
  	!variance of the first-level terms
  ia (v_ia);
  sa (v_sa);
  qa (v_qa);
  	!covariance among first-level terms
  ia WITH sa (c_iasa);
  ia WITH qa (c_iaqa);
  sa WITH qa (c_saqa);
  	!second-level equation
  ia sa qa ON age_c80
  edu_c7
  female
  sbp_c167;
  	!residual covariance of process (A)
  a_01 (res_a);
  a_02 (res_a);
  a_05 (res_a);	
  SAVEDATA:
  FILE is   u2_125_aefb_mirrecog_fscores.dat;
  SAVE = FSCORES;
  RESULTS are   u2_125_aefb_mirrecog_results.dat;
  	
  OUTPUT: sampstat cinterval;
  PLOT: Type is Plot1 Plot2 Plot3;



*** WARNING
  Data set contains cases with missing on x-variables.
  These cases were not included in the analysis.
  Number of cases with missing on x-variables:  92
*** WARNING
  Data set contains cases with missing on all variables except
  x-variables.  These cases were not included in the analysis.
  Number of cases with missing on all variables except x-variables:  36
   2 WARNING(S) FOUND IN THE INPUT INSTRUCTIONS




Script produced from the prototype in ./sandbox/syntax-creator/

SUMMARY OF ANALYSIS

Number of groups                                                 1
Number of observations                                         415

Number of dependent variables                                    3
Number of independent variables                                  4
Number of continuous latent variables                            3

Observed dependent variables

  Continuous
   A_01        A_02        A_05

Observed independent variables
   AGE_C80     EDU_C7      FEMALE      SBP_C167

Continuous latent variables
   IA          SA          QA

Variables with special functions

  Cluster variable      PAIRID
  Weight variable       _WEIGHT

  Time scores
   TIME_01     TIME_02     TIME_05


Estimator                                                      MLR
Information matrix                                        OBSERVED
Maximum number of iterations                                   100
Convergence criterion                                    0.100D-05
Maximum number of EM iterations                                500
Convergence criteria for the EM algorithm
  Loglikelihood change                                   0.100D-02
  Relative loglikelihood change                          0.100D-05
  Derivative                                             0.100D-03
Minimum variance                                         0.100D-03
Maximum number of steepest descent iterations                   20
Maximum number of iterations for H1                           2000
Convergence criterion for H1                             0.100D-03
Optimization algorithm                                         EMA

Input data file(s)
  wide-dataset.dat
Input data format  FREE



SAMPLE STATISTICS


     ESTIMATED SAMPLE STATISTICS


           Means
              A_01          A_02          A_05          AGE_C80       EDU_C7
              ________      ________      ________      ________      ________
 1              9.674         9.689         9.230         3.253         0.301


           Means
              FEMALE        SBP_C167
              ________      ________
 1              0.655        -6.036


           Covariances
              A_01          A_02          A_05          AGE_C80       EDU_C7
              ________      ________      ________      ________      ________
 A_01           1.520
 A_02           0.579         1.533
 A_05           0.995         2.485         4.734
 AGE_C80       -0.593        -0.769        -1.439         7.977
 EDU_C7         0.263         0.395         0.320        -0.825         6.201
 FEMALE         0.061         0.041         0.151         0.078        -0.118
 SBP_C167       1.610         2.599         5.674        -4.571         0.710


           Covariances
              FEMALE        SBP_C167
              ________      ________
 FEMALE         0.226
 SBP_C167       0.754       510.396


           Correlations
              A_01          A_02          A_05          AGE_C80       EDU_C7
              ________      ________      ________      ________      ________
 A_01           1.000
 A_02           0.379         1.000
 A_05           0.371         0.923         1.000
 AGE_C80       -0.170        -0.220        -0.234         1.000
 EDU_C7         0.086         0.128         0.059        -0.117         1.000
 FEMALE         0.104         0.070         0.146         0.058        -0.100
 SBP_C167       0.058         0.093         0.115        -0.072         0.013


           Correlations
              FEMALE        SBP_C167
              ________      ________
 FEMALE         1.000
 SBP_C167       0.070         1.000


     MAXIMUM LOG-LIKELIHOOD VALUE FOR THE UNRESTRICTED (H1) MODEL IS -7510.355


UNIVARIATE HIGHER-ORDER MOMENT DESCRIPTIVE STATISTICS


     UNIVARIATE HIGHER-ORDER MOMENT DESCRIPTIVE STATISTICS

         Variable/         Mean/     Skewness/   Minimum/ % with                Percentiles
        Sample Size      Variance    Kurtosis    Maximum  Min/Max      20%/60%    40%/80%    Median

     A_01                  9.684      -4.978       0.000    2.21%      10.000     10.000     10.000
             542.000       1.509      27.702      10.000   81.55%      10.000     10.000
     A_02                  9.732      -5.645       0.000    5.96%       9.000     10.000     10.000
             453.000       1.420      34.130      10.000   78.37%      10.000     10.000
     A_05                  9.672      -5.301       0.000    8.02%       8.000     10.000     10.000
             162.000       1.411      34.301      10.000   75.93%      10.000     10.000
     AGE_C80               3.253       1.044      -0.581    0.17%       0.877      1.811      2.425
             574.000       7.977       0.448      13.313    0.35%       3.194      5.718
     EDU_C7                0.301       2.162      -7.000    0.17%      -1.000     -1.000     -1.000
             574.000       6.201       7.268      16.000    0.17%       0.000      1.000
     FEMALE                0.655      -0.654       0.000   34.49%       0.000      1.000      1.000
             574.000       0.226      -1.572       1.000   65.51%       1.000      1.000
     SBP_C167             -6.036       0.382     -57.000    1.57%     -27.000    -12.000     -7.000
             574.000     510.396       0.701      93.000    0.17%      -7.000     13.000

     WARNING: THE MODEL ESTIMATION HAS REACHED A SADDLE POINT OR A POINT WHERE THE
     OBSERVED AND THE EXPECTED INFORMATION MATRICES DO NOT MATCH.
     AN ADJUSTMENT TO THE ESTIMATION OF THE INFORMATION MATRIX HAS BEEN MADE.
     THE CONDITION NUMBER IS      -0.454D-06.
     THE PROBLEM MAY ALSO BE RESOLVED BY DECREASING THE VALUE OF THE
     MCONVERGENCE OR LOGCRITERION OPTIONS OR BY CHANGING THE STARTING VALUES
     OR BY USING THE MLF ESTIMATOR.


THE MODEL ESTIMATION TERMINATED NORMALLY



MODEL FIT INFORMATION

Number of Free Parameters                       22

Loglikelihood

          H0 Value                       -1281.935
          H0 Scaling Correction Factor      3.0810
            for MLR

Information Criteria

          Akaike (AIC)                    2607.870
          Bayesian (BIC)                  2696.492
          Sample-Size Adjusted BIC        2626.681
            (n* = (n + 2) / 24)



MODEL RESULTS

                                                    Two-Tailed
                    Estimate       S.E.  Est./S.E.    P-Value

 IA         ON
    AGE_C80           -0.073      0.035     -2.079      0.038
    EDU_C7             0.039      0.020      1.896      0.058
    FEMALE             0.309      0.158      1.948      0.051
    SBP_C167           0.002      0.002      0.843      0.399

 SA         ON
    AGE_C80           -0.008      0.021     -0.365      0.715
    EDU_C7             0.011      0.013      0.886      0.376
    FEMALE            -0.071      0.110     -0.649      0.517
    SBP_C167           0.001      0.002      0.562      0.574

 QA         ON
    AGE_C80           -0.001      0.002     -0.370      0.711
    EDU_C7            -0.001      0.001     -0.942      0.346
    FEMALE             0.016      0.011      1.474      0.140
    SBP_C167           0.000      0.000     -0.045      0.964

 IA       WITH
    SA                -0.580      0.104     -5.568      0.000
    QA                 0.063      0.011      5.549      0.000

 SA       WITH
    QA                -0.057      0.013     -4.441      0.000

 Intercepts
    A_01               0.000      0.000    999.000    999.000
    A_02               0.000      0.000    999.000    999.000
    A_05               0.000      0.000    999.000    999.000
    IA                 9.708      0.107     90.388      0.000
    SA                 0.105      0.090      1.172      0.241
    QA                -0.018      0.009     -2.118      0.034

 Residual Variances
    A_01               0.023      0.197      0.116      0.908
    A_02               0.023      0.197      0.116      0.908
    A_05               0.023      0.197      0.116      0.908
    IA                 1.425      0.234      6.087      0.000
    SA                 0.640      0.146      4.380      0.000
    QA                 0.005      0.001      4.890      0.000


QUALITY OF NUMERICAL RESULTS

     Condition Number for the Information Matrix             -0.454E-06
       (ratio of smallest to largest eigenvalue)


CONFIDENCE INTERVALS OF MODEL RESULTS

                  Lower .5%  Lower 2.5%    Lower 5%    Estimate    Upper 5%  Upper 2.5%   Upper .5%

 IA       ON
    AGE_C80         -0.163      -0.141      -0.130      -0.073      -0.015      -0.004       0.017
    EDU_C7          -0.014      -0.001       0.005       0.039       0.072       0.079       0.091
    FEMALE          -0.099      -0.002       0.048       0.309       0.569       0.619       0.716
    SBP_C167        -0.004      -0.003      -0.002       0.002       0.006       0.007       0.008

 SA       ON
    AGE_C80         -0.061      -0.048      -0.042      -0.008       0.027       0.033       0.046
    EDU_C7          -0.021      -0.013      -0.010       0.011       0.032       0.036       0.043
    FEMALE          -0.354      -0.286      -0.252      -0.071       0.109       0.144       0.212
    SBP_C167        -0.003      -0.002      -0.002       0.001       0.004       0.004       0.005

 QA       ON
    AGE_C80         -0.006      -0.005      -0.004      -0.001       0.003       0.003       0.005
    EDU_C7          -0.005      -0.004      -0.004      -0.001       0.001       0.001       0.002
    FEMALE          -0.012      -0.005      -0.002       0.016       0.033       0.037       0.043
    SBP_C167         0.000       0.000       0.000       0.000       0.000       0.000       0.000

 IA       WITH
    SA              -0.848      -0.784      -0.751      -0.580      -0.408      -0.376      -0.312
    QA               0.033       0.040       0.044       0.063       0.081       0.085       0.092

 SA       WITH
    QA              -0.091      -0.083      -0.079      -0.057      -0.036      -0.032      -0.024

 Intercepts
    A_01             0.000       0.000       0.000       0.000       0.000       0.000       0.000
    A_02             0.000       0.000       0.000       0.000       0.000       0.000       0.000
    A_05             0.000       0.000       0.000       0.000       0.000       0.000       0.000
    IA               9.431       9.497       9.531       9.708       9.884       9.918       9.984
    SA              -0.126      -0.071      -0.042       0.105       0.253       0.281       0.336
    QA              -0.041      -0.035      -0.033      -0.018      -0.004      -0.001       0.004

 Residual Variances
    A_01            -0.485      -0.364      -0.302       0.023       0.347       0.409       0.531
    A_02            -0.485      -0.364      -0.302       0.023       0.347       0.409       0.531
    A_05            -0.485      -0.364      -0.302       0.023       0.347       0.409       0.531
    IA               0.822       0.966       1.040       1.425       1.809       1.883       2.027
    SA               0.264       0.354       0.400       0.640       0.880       0.926       1.016
    QA               0.003       0.003       0.004       0.005       0.007       0.008       0.008


SAMPLE STATISTICS FOR ESTIMATED FACTOR SCORES


     SAMPLE STATISTICS


           Means
              IA            IA_SE         SA            SA_SE         QA
              ________      ________      ________      ________      ________
 1              9.136         0.204        -0.084         0.265        -0.010


           Means
              QA_SE
              ________
 1              0.028


           Covariances
              IA            IA_SE         SA            SA_SE         QA
              ________      ________      ________      ________      ________
 IA             4.447
 IA_SE         -0.039         0.050
 SA            -0.781        -0.058         1.414
 SA_SE         -0.061         0.022         0.013         0.051
 QA             0.111         0.004        -0.122        -0.002         0.011
 QA_SE         -0.005         0.002         0.000         0.004         0.000


           Covariances
              QA_SE
              ________
 QA_SE          0.000


           Correlations
              IA            IA_SE         SA            SA_SE         QA
              ________      ________      ________      ________      ________
 IA             1.000
 IA_SE         -0.082         1.000
 SA            -0.312        -0.218         1.000
 SA_SE         -0.128         0.440         0.048         1.000
 QA             0.492         0.174        -0.963        -0.065         1.000
 QA_SE         -0.145         0.570         0.001         0.982        -0.027


           Correlations
              QA_SE
              ________
 QA_SE          1.000


RESULTS SAVING INFORMATION

  Order of data

    Parameter estimates
     (saved in order shown in Technical 1 output)
    Standard errors
     (saved in order shown in Technical 1 output)
    H0 Loglikelihood
    H0 Scaling Correction Factor for MLR
    Number of Free Parameters
    Akaike (AIC)
    Bayesian (BIC)
    Sample-Size Adjusted BIC

  Save file
    u2_125_aefb_mirrecog_results.dat

  Save file format           Free


PLOT INFORMATION

The following plots are available:

  Histograms (sample values, estimated factor scores)
  Scatterplots (sample values, estimated factor scores)
  Latent variable distribution plots

SAVEDATA INFORMATION


  Save file
    u2_125_aefb_mirrecog_fscores.dat

  Order and format of variables

    A_01           F10.3
    A_02           F10.3
    A_05           F10.3
    AGE_C80        F10.3
    EDU_C7         F10.3
    FEMALE         F10.3
    SBP_C167       F10.3
    TIME_01        F10.3
    TIME_02        F10.3
    TIME_05        F10.3
    _WEIGHT        F10.3
    IA             F10.3
    IA_SE          F10.3
    SA             F10.3
    SA_SE          F10.3
    QA             F10.3
    QA_SE          F10.3
    PAIRID         I6

  Save file format
    17F10.3 I6

  Save file record length    10000


     Beginning Time:  18:17:03
        Ending Time:  18:17:22
       Elapsed Time:  00:00:19



MUTHEN & MUTHEN
3463 Stoner Ave.
Los Angeles, CA  90066

Tel: (310) 391-9971
Fax: (310) 391-8971
Web: www.StatModel.com
Support: Support@StatModel.com

Copyright (c) 1998-2014 Muthen & Muthen
