Mplus VERSION 7.3
MUTHEN & MUTHEN
12/17/2016   6:26 PM

INPUT INSTRUCTIONS

  TITLE:
  Script produced from the prototype in ./sandbox/syntax-creator/
  DATA:
  File = wide-dataset.dat ;
  VARIABLE:
  NAMES are
   Case PairID female age_c80 edu_c7 sbp_c167 smoke cardio diabetes dementia_ever
      years_since_bl_01 years_since_bl_02 years_since_bl_03 years_since_bl_04
      years_since_bl_05 pef_01 pef_02 pef_03 pef_04 pef_05 grip_01 grip_02 grip_03
      grip_04 grip_05 gait_01 gait_02 gait_03 gait_04 gait_05 block_01 block_02
      block_03 block_04 block_05 digitspanbackward_01 digitspanbackward_02
      digitspanbackward_03 digitspanbackward_04 digitspanbackward_05
      digitspanforward_01 digitspanforward_02 digitspanforward_03 digitspanforward_04
      digitspanforward_05 symbol_01 symbol_02 symbol_03 symbol_04 symbol_05 prose_01
      prose_02 prose_03 prose_04 prose_05 info_01 info_02 info_03 info_04 info_05
      synonyms_01 synonyms_02 synonyms_03 synonyms_04 synonyms_05 psif_01 psif_02
      psif_03 psif_04 psif_05 figure_01 figure_02 figure_03 figure_04 figure_05
      mirrecall_01 mirrecall_02 mirrecall_03 mirrecall_04 mirrecall_05 mmse_01 mmse_02
      mmse_03 mmse_04 mmse_05 mirnaming_01 mirnaming_02 mirnaming_03 mirnaming_04
      mirnaming_05 mirrecog_01 mirrecog_02 mirrecog_03 mirrecog_04 mirrecog_05
      clock_01 clock_02 clock_03 clock_04 clock_05
  	;
  Missing are all (-9999);
  USEVARIABLES are
  	!define the variables used in the analysis
  	! covariates used in the model
  age_c80
  edu_c7
  female
  sbp_c167	
  	!estimated time points
  time_01
  time_03
  time_04
  	!modelled time points of process (A)
  a_01
  a_03
  a_04
  ;
  TSCORES are
  	!estimated time points
  time_01
  time_03
  time_04;
  CLUSTER = PairID;
  SUBPOPULATION are
  	!select a subset of observations
  dementia_ever NE 1
  ;
  DEFINE:
  	! assign variables to the process (A)
  a_01 = mirrecog_01;
  a_03 = mirrecog_03;
  a_04 = mirrecog_04;
  	!assign variables to time points
  time_01 = years_since_bl_01;
  time_03 = years_since_bl_03;
  time_04 = years_since_bl_04;
  	
  ANALYSIS: TYPE = RANDOM COMPLEX;
  COVERAGE=.00;
  MODEL:
  	!first-level equation
  	! assign process (A) to time points
  ia sa qa | a_01 AT time_01 ;
  ia sa qa | a_03 AT time_03 ;
  ia sa qa | a_04 AT time_04 ;
  	!variance of the first-level terms
  ia (v_ia);
  sa (v_sa);
  qa (v_qa);
  	!covariance among first-level terms
  ia WITH sa (c_iasa);
  ia WITH qa (c_iaqa);
  sa WITH qa (c_saqa);
  	!second-level equation
  ia sa qa ON age_c80
  edu_c7
  female
  sbp_c167;
  	!residual covariance of process (A)
  a_01 (res_a);
  a_03 (res_a);
  a_04 (res_a);	
  SAVEDATA:
  FILE is   u2_134_aefb_mirrecog_fscores.dat;
  SAVE = FSCORES;
  RESULTS are   u2_134_aefb_mirrecog_results.dat;
  	
  OUTPUT: sampstat cinterval;
  PLOT: Type is Plot1 Plot2 Plot3;



*** WARNING
  Data set contains cases with missing on x-variables.
  These cases were not included in the analysis.
  Number of cases with missing on x-variables:  92
*** WARNING
  Data set contains cases with missing on all variables except
  x-variables.  These cases were not included in the analysis.
  Number of cases with missing on all variables except x-variables:  49
   2 WARNING(S) FOUND IN THE INPUT INSTRUCTIONS




Script produced from the prototype in ./sandbox/syntax-creator/

SUMMARY OF ANALYSIS

Number of groups                                                 1
Number of observations                                         410

Number of dependent variables                                    3
Number of independent variables                                  4
Number of continuous latent variables                            3

Observed dependent variables

  Continuous
   A_01        A_03        A_04

Observed independent variables
   AGE_C80     EDU_C7      FEMALE      SBP_C167

Continuous latent variables
   IA          SA          QA

Variables with special functions

  Cluster variable      PAIRID
  Weight variable       _WEIGHT

  Time scores
   TIME_01     TIME_03     TIME_04


Estimator                                                      MLR
Information matrix                                        OBSERVED
Maximum number of iterations                                   100
Convergence criterion                                    0.100D-05
Maximum number of EM iterations                                500
Convergence criteria for the EM algorithm
  Loglikelihood change                                   0.100D-02
  Relative loglikelihood change                          0.100D-05
  Derivative                                             0.100D-03
Minimum variance                                         0.100D-03
Maximum number of steepest descent iterations                   20
Maximum number of iterations for H1                           2000
Convergence criterion for H1                             0.100D-03
Optimization algorithm                                         EMA

Input data file(s)
  wide-dataset.dat
Input data format  FREE



SAMPLE STATISTICS


     ESTIMATED SAMPLE STATISTICS


           Means
              A_01          A_03          A_04          AGE_C80       EDU_C7
              ________      ________      ________      ________      ________
 1              9.686         9.686         9.593         3.194         0.337


           Means
              FEMALE        SBP_C167
              ________      ________
 1              0.651        -5.695


           Covariances
              A_01          A_03          A_04          AGE_C80       EDU_C7
              ________      ________      ________      ________      ________
 A_01           1.499
 A_03           0.798         1.561
 A_04           0.996         1.638         2.113
 AGE_C80       -0.547        -0.647        -0.510         7.689
 EDU_C7         0.240         0.295         0.300        -0.636         6.111
 FEMALE         0.058         0.093         0.146         0.070        -0.109
 SBP_C167       1.654         3.067         1.831        -4.324         0.219


           Covariances
              FEMALE        SBP_C167
              ________      ________
 FEMALE         0.227
 SBP_C167       0.711       511.163


           Correlations
              A_01          A_03          A_04          AGE_C80       EDU_C7
              ________      ________      ________      ________      ________
 A_01           1.000
 A_03           0.522         1.000
 A_04           0.560         0.902         1.000
 AGE_C80       -0.161        -0.187        -0.127         1.000
 EDU_C7         0.079         0.096         0.084        -0.093         1.000
 FEMALE         0.100         0.156         0.211         0.053        -0.093
 SBP_C167       0.060         0.109         0.056        -0.069         0.004


           Correlations
              FEMALE        SBP_C167
              ________      ________
 FEMALE         1.000
 SBP_C167       0.066         1.000


     MAXIMUM LOG-LIKELIHOOD VALUE FOR THE UNRESTRICTED (H1) MODEL IS -7194.234


UNIVARIATE HIGHER-ORDER MOMENT DESCRIPTIVE STATISTICS


     UNIVARIATE HIGHER-ORDER MOMENT DESCRIPTIVE STATISTICS

         Variable/         Mean/     Skewness/   Minimum/ % with                Percentiles
        Sample Size      Variance    Kurtosis    Maximum  Min/Max      20%/60%    40%/80%    Median

     A_01                  9.684      -4.978       0.000    2.21%      10.000     10.000     10.000
             542.000       1.509      27.702      10.000   81.55%      10.000     10.000
     A_03                  9.754      -6.201       0.000    7.41%       9.000     10.000     10.000
             351.000       1.400      41.928      10.000   76.35%      10.000     10.000
     A_04                  9.710      -5.785       0.000    9.24%       8.000     10.000     10.000
             249.000       1.648      36.636      10.000   73.49%      10.000     10.000
     AGE_C80               3.194       1.068      -0.581    0.18%       0.877      1.765      2.329
             561.000       7.689       0.563      13.313    0.36%       3.115      5.696
     EDU_C7                0.337       2.262      -5.000    0.36%      -1.000     -1.000     -1.000
             561.000       6.111       7.380      16.000    0.18%       0.000      1.000
     FEMALE                0.651      -0.635       0.000   34.40%       0.000      1.000      1.000
             561.000       0.227      -1.597       1.000   65.60%       1.000      1.000
     SBP_C167             -5.695       0.362     -57.000    1.60%     -27.000    -12.000     -7.000
             561.000     511.163       0.688      93.000    0.18%      -2.000     13.000


THE MODEL ESTIMATION TERMINATED NORMALLY



MODEL FIT INFORMATION

Number of Free Parameters                       22

Loglikelihood

          H0 Value                       -1169.378
          H0 Scaling Correction Factor      3.8837
            for MLR

Information Criteria

          Akaike (AIC)                    2382.755
          Bayesian (BIC)                  2471.111
          Sample-Size Adjusted BIC        2401.300
            (n* = (n + 2) / 24)



MODEL RESULTS

                                                    Two-Tailed
                    Estimate       S.E.  Est./S.E.    P-Value

 IA         ON
    AGE_C80           -0.070      0.035     -2.001      0.045
    EDU_C7             0.037      0.020      1.828      0.068
    FEMALE             0.288      0.155      1.866      0.062
    SBP_C167           0.002      0.002      0.950      0.342

 SA         ON
    AGE_C80           -0.009      0.017     -0.528      0.598
    EDU_C7             0.001      0.013      0.046      0.964
    FEMALE            -0.020      0.090     -0.221      0.825
    SBP_C167           0.002      0.002      0.952      0.341

 QA         ON
    AGE_C80            0.002      0.002      0.669      0.503
    EDU_C7             0.000      0.002      0.165      0.869
    FEMALE             0.014      0.014      1.035      0.301
    SBP_C167           0.000      0.000     -1.203      0.229

 IA       WITH
    SA                -0.318      0.148     -2.149      0.032
    QA                 0.042      0.020      2.111      0.035

 SA       WITH
    QA                -0.022      0.028     -0.775      0.438

 Intercepts
    A_01               0.000      0.000    999.000    999.000
    A_03               0.000      0.000    999.000    999.000
    A_04               0.000      0.000    999.000    999.000
    IA                 9.721      0.105     92.497      0.000
    SA                 0.085      0.085      0.996      0.319
    QA                -0.024      0.015     -1.645      0.100

 Residual Variances
    A_01               0.138      0.218      0.636      0.525
    A_03               0.138      0.218      0.636      0.525
    A_04               0.138      0.218      0.636      0.525
    IA                 1.294      0.425      3.040      0.002
    SA                 0.203      0.186      1.093      0.275
    QA                 0.003      0.005      0.553      0.580


QUALITY OF NUMERICAL RESULTS

     Condition Number for the Information Matrix              0.736E-06
       (ratio of smallest to largest eigenvalue)


CONFIDENCE INTERVALS OF MODEL RESULTS

                  Lower .5%  Lower 2.5%    Lower 5%    Estimate    Upper 5%  Upper 2.5%   Upper .5%

 IA       ON
    AGE_C80         -0.159      -0.138      -0.127      -0.070      -0.012      -0.001       0.020
    EDU_C7          -0.015      -0.003       0.004       0.037       0.070       0.077       0.089
    FEMALE          -0.110      -0.015       0.034       0.288       0.543       0.592       0.687
    SBP_C167        -0.004      -0.002      -0.002       0.002       0.006       0.007       0.008

 SA       ON
    AGE_C80         -0.052      -0.042      -0.036      -0.009       0.019       0.024       0.034
    EDU_C7          -0.033      -0.025      -0.021       0.001       0.022       0.026       0.035
    FEMALE          -0.252      -0.197      -0.168      -0.020       0.128       0.157       0.212
    SBP_C167        -0.003      -0.002      -0.001       0.002       0.004       0.005       0.006

 QA       ON
    AGE_C80         -0.004      -0.003      -0.002       0.002       0.005       0.006       0.007
    EDU_C7          -0.006      -0.004      -0.004       0.000       0.004       0.005       0.007
    FEMALE          -0.021      -0.013      -0.008       0.014       0.037       0.041       0.050
    SBP_C167        -0.001      -0.001      -0.001       0.000       0.000       0.000       0.000

 IA       WITH
    SA              -0.700      -0.609      -0.562      -0.318      -0.075      -0.028       0.063
    QA              -0.009       0.003       0.009       0.042       0.076       0.082       0.094

 SA       WITH
    QA              -0.093      -0.076      -0.067      -0.022       0.024       0.033       0.050

 Intercepts
    A_01             0.000       0.000       0.000       0.000       0.000       0.000       0.000
    A_03             0.000       0.000       0.000       0.000       0.000       0.000       0.000
    A_04             0.000       0.000       0.000       0.000       0.000       0.000       0.000
    IA               9.450       9.515       9.548       9.721       9.894       9.927       9.992
    SA              -0.135      -0.082      -0.055       0.085       0.225       0.252       0.304
    QA              -0.062      -0.053      -0.048      -0.024       0.000       0.005       0.014

 Residual Variances
    A_01            -0.422      -0.288      -0.220       0.138       0.496       0.565       0.699
    A_03            -0.422      -0.288      -0.220       0.138       0.496       0.565       0.699
    A_04            -0.422      -0.288      -0.220       0.138       0.496       0.565       0.699
    IA               0.198       0.460       0.594       1.294       1.994       2.128       2.390
    SA              -0.276      -0.161      -0.103       0.203       0.509       0.567       0.682
    QA              -0.009      -0.006      -0.005       0.003       0.010       0.012       0.014


SAMPLE STATISTICS FOR ESTIMATED FACTOR SCORES


     SAMPLE STATISTICS


           Means
              IA            IA_SE         SA            SA_SE         QA
              ________      ________      ________      ________      ________
 1              9.136         0.369        -0.039         0.271        -0.011


           Means
              QA_SE
              ________
 1              0.031


           Covariances
              IA            IA_SE         SA            SA_SE         QA
              ________      ________      ________      ________      ________
 IA             3.968
 IA_SE         -0.022         0.012
 SA            -0.619        -0.002         0.507
 SA_SE         -0.032         0.004         0.015         0.006
 QA             0.100         0.000        -0.048        -0.001         0.005
 QA_SE         -0.002         0.000         0.001         0.000         0.000


           Covariances
              QA_SE
              ________
 QA_SE          0.000


           Correlations
              IA            IA_SE         SA            SA_SE         QA
              ________      ________      ________      ________      ________
 IA             1.000
 IA_SE         -0.099         1.000
 SA            -0.436        -0.024         1.000
 SA_SE         -0.200         0.402         0.265         1.000
 QA             0.692        -0.023        -0.933        -0.257         1.000
 QA_SE         -0.192         0.673         0.204         0.947        -0.213


           Correlations
              QA_SE
              ________
 QA_SE          1.000


RESULTS SAVING INFORMATION

  Order of data

    Parameter estimates
     (saved in order shown in Technical 1 output)
    Standard errors
     (saved in order shown in Technical 1 output)
    H0 Loglikelihood
    H0 Scaling Correction Factor for MLR
    Number of Free Parameters
    Akaike (AIC)
    Bayesian (BIC)
    Sample-Size Adjusted BIC

  Save file
    u2_134_aefb_mirrecog_results.dat

  Save file format           Free


PLOT INFORMATION

The following plots are available:

  Histograms (sample values, estimated factor scores)
  Scatterplots (sample values, estimated factor scores)
  Latent variable distribution plots

SAVEDATA INFORMATION


  Save file
    u2_134_aefb_mirrecog_fscores.dat

  Order and format of variables

    A_01           F10.3
    A_03           F10.3
    A_04           F10.3
    AGE_C80        F10.3
    EDU_C7         F10.3
    FEMALE         F10.3
    SBP_C167       F10.3
    TIME_01        F10.3
    TIME_03        F10.3
    TIME_04        F10.3
    _WEIGHT        F10.3
    IA             F10.3
    IA_SE          F10.3
    SA             F10.3
    SA_SE          F10.3
    QA             F10.3
    QA_SE          F10.3
    PAIRID         I6

  Save file format
    17F10.3 I6

  Save file record length    10000


     Beginning Time:  18:26:11
        Ending Time:  18:26:16
       Elapsed Time:  00:00:05



MUTHEN & MUTHEN
3463 Stoner Ave.
Los Angeles, CA  90066

Tel: (310) 391-9971
Fax: (310) 391-8971
Web: www.StatModel.com
Support: Support@StatModel.com

Copyright (c) 1998-2014 Muthen & Muthen
