Mplus VERSION 7.3
MUTHEN & MUTHEN
12/17/2016  12:14 PM

INPUT INSTRUCTIONS

  TITLE:
  Script produced from the prototype in ./sandbox/syntax-creator/
  DATA:
  File = wide-dataset.dat ;
  VARIABLE:
  NAMES are
   Case PairID female age_c80 edu_c7 sbp_c167 smoke cardio diabetes dementia_ever
      years_since_bl_01 years_since_bl_02 years_since_bl_03 years_since_bl_04
      years_since_bl_05 pef_01 pef_02 pef_03 pef_04 pef_05 grip_01 grip_02 grip_03
      grip_04 grip_05 gait_01 gait_02 gait_03 gait_04 gait_05 block_01 block_02
      block_03 block_04 block_05 digitspanbackward_01 digitspanbackward_02
      digitspanbackward_03 digitspanbackward_04 digitspanbackward_05
      digitspanforward_01 digitspanforward_02 digitspanforward_03 digitspanforward_04
      digitspanforward_05 symbol_01 symbol_02 symbol_03 symbol_04 symbol_05 prose_01
      prose_02 prose_03 prose_04 prose_05 info_01 info_02 info_03 info_04 info_05
      synonyms_01 synonyms_02 synonyms_03 synonyms_04 synonyms_05 psif_01 psif_02
      psif_03 psif_04 psif_05 figure_01 figure_02 figure_03 figure_04 figure_05
      mirrecall_01 mirrecall_02 mirrecall_03 mirrecall_04 mirrecall_05 mmse_01 mmse_02
      mmse_03 mmse_04 mmse_05 mirnaming_01 mirnaming_02 mirnaming_03 mirnaming_04
      mirnaming_05 mirrecog_01 mirrecog_02 mirrecog_03 mirrecog_04 mirrecog_05
      clock_01 clock_02 clock_03 clock_04 clock_05
  	;
  Missing are all (-9999);
  USEVARIABLES are
  	!define the variables used in the analysis
  	! covariates used in the model
  age_c80
  edu_c7
  female
  sbp_c167	
  	!estimated time points
  time_01
  time_02
  time_03
  time_04
  time_05
  	!modelled time points of process (A)
  a_01
  a_02
  a_03
  a_04
  a_05
  ;
  TSCORES are
  	!estimated time points
  time_01
  time_02
  time_03
  time_04
  time_05;
  CLUSTER = PairID;
  SUBPOPULATION are
  	!select a subset of observations
  dementia_ever NE 1
  ;
  DEFINE:
  	! assign variables to the process (A)
  a_01 = mirrecog_01;
  a_02 = mirrecog_02;
  a_03 = mirrecog_03;
  a_04 = mirrecog_04;
  a_05 = mirrecog_05;
  	!assign variables to time points
  time_01 = years_since_bl_01;
  time_02 = years_since_bl_02;
  time_03 = years_since_bl_03;
  time_04 = years_since_bl_04;
  time_05 = years_since_bl_05;
  	
  ANALYSIS: TYPE = RANDOM COMPLEX;
  COVERAGE=.00;
  MODEL:
  	!first-level equation
  	! assign process (A) to time points
  ia sa qa | a_01 AT time_01 ;
  ia sa qa | a_02 AT time_02 ;
  ia sa qa | a_03 AT time_03 ;
  ia sa qa | a_04 AT time_04 ;
  ia sa qa | a_05 AT time_05 ;
  	!variance of the first-level terms
  ia (v_ia);
  sa (v_sa);
  qa (v_qa);
  	!covariance among first-level terms
  ia WITH sa (c_iasa);
  ia WITH qa (c_iaqa);
  sa WITH qa (c_saqa);
  	!second-level equation
  ia sa qa ON age_c80
  edu_c7
  female
  sbp_c167;
  	!residual covariance of process (A)
  a_01 (res_a);
  a_02 (res_a);
  a_03 (res_a);
  a_04 (res_a);
  a_05 (res_a);	
  SAVEDATA:
  FILE is   u2_12345_aefb_mirrecog_fscores.dat;
  SAVE = FSCORES;
  RESULTS are   u2_12345_aefb_mirrecog_results.dat;
  	
  OUTPUT: sampstat cinterval;
  PLOT: Type is Plot1 Plot2 Plot3;



*** WARNING
  Data set contains cases with missing on x-variables.
  These cases were not included in the analysis.
  Number of cases with missing on x-variables:  92
*** WARNING
  Data set contains cases with missing on all variables except
  x-variables.  These cases were not included in the analysis.
  Number of cases with missing on all variables except x-variables:  33
   2 WARNING(S) FOUND IN THE INPUT INSTRUCTIONS




Script produced from the prototype in ./sandbox/syntax-creator/

SUMMARY OF ANALYSIS

Number of groups                                                 1
Number of observations                                         417

Number of dependent variables                                    5
Number of independent variables                                  4
Number of continuous latent variables                            3

Observed dependent variables

  Continuous
   A_01        A_02        A_03        A_04        A_05

Observed independent variables
   AGE_C80     EDU_C7      FEMALE      SBP_C167

Continuous latent variables
   IA          SA          QA

Variables with special functions

  Cluster variable      PAIRID
  Weight variable       _WEIGHT

  Time scores
   TIME_01     TIME_02     TIME_03     TIME_04     TIME_05


Estimator                                                      MLR
Information matrix                                        OBSERVED
Maximum number of iterations                                   100
Convergence criterion                                    0.100D-05
Maximum number of EM iterations                                500
Convergence criteria for the EM algorithm
  Loglikelihood change                                   0.100D-02
  Relative loglikelihood change                          0.100D-05
  Derivative                                             0.100D-03
Minimum variance                                         0.100D-03
Maximum number of steepest descent iterations                   20
Maximum number of iterations for H1                           2000
Convergence criterion for H1                             0.100D-03
Optimization algorithm                                         EMA

Input data file(s)
  wide-dataset.dat
Input data format  FREE



SAMPLE STATISTICS


     ESTIMATED SAMPLE STATISTICS


           Means
              A_01          A_02          A_03          A_04          A_05
              ________      ________      ________      ________      ________
 1              9.677         9.689         9.639         9.545         9.350


           Means
              AGE_C80       EDU_C7        FEMALE        SBP_C167
              ________      ________      ________      ________
 1              3.250         0.297         0.652        -5.945


           Covariances
              A_01          A_02          A_03          A_04          A_05
              ________      ________      ________      ________      ________
 A_01           1.511
 A_02           0.594         1.588
 A_03           0.910         0.998         1.790
 A_04           1.109         1.054         1.881         2.369
 A_05           0.766         1.955         1.346         1.391         3.091
 AGE_C80       -0.579        -0.776        -0.757        -0.618        -1.163
 EDU_C7         0.256         0.399         0.370         0.372         0.170
 FEMALE         0.059         0.039         0.095         0.149         0.131
 SBP_C167       1.643         2.827         2.965         1.748         4.953


           Covariances
              AGE_C80       EDU_C7        FEMALE        SBP_C167
              ________      ________      ________      ________
 AGE_C80        7.945
 EDU_C7        -0.821         6.175
 FEMALE         0.080        -0.115         0.227
 SBP_C167      -4.597         0.633         0.691       509.678


           Correlations
              A_01          A_02          A_03          A_04          A_05
              ________      ________      ________      ________      ________
 A_01           1.000
 A_02           0.383         1.000
 A_03           0.554         0.592         1.000
 A_04           0.586         0.544         0.913         1.000
 A_05           0.355         0.883         0.572         0.514         1.000
 AGE_C80       -0.167        -0.219        -0.201        -0.142        -0.235
 EDU_C7         0.084         0.128         0.111         0.097         0.039
 FEMALE         0.101         0.065         0.149         0.203         0.157
 SBP_C167       0.059         0.099         0.098         0.050         0.125


           Correlations
              AGE_C80       EDU_C7        FEMALE        SBP_C167
              ________      ________      ________      ________
 AGE_C80        1.000
 EDU_C7        -0.117         1.000
 FEMALE         0.059        -0.097         1.000
 SBP_C167      -0.072         0.011         0.064         1.000


     MAXIMUM LOG-LIKELIHOOD VALUE FOR THE UNRESTRICTED (H1) MODEL IS -8252.982


UNIVARIATE HIGHER-ORDER MOMENT DESCRIPTIVE STATISTICS


     UNIVARIATE HIGHER-ORDER MOMENT DESCRIPTIVE STATISTICS

         Variable/         Mean/     Skewness/   Minimum/ % with                Percentiles
        Sample Size      Variance    Kurtosis    Maximum  Min/Max      20%/60%    40%/80%    Median

     A_01                  9.684      -4.978       0.000    2.21%      10.000     10.000     10.000
             542.000       1.509      27.702      10.000   81.55%      10.000     10.000
     A_02                  9.732      -5.645       0.000    5.96%       9.000     10.000     10.000
             453.000       1.420      34.130      10.000   78.37%      10.000     10.000
     A_03                  9.754      -6.201       0.000    7.41%       9.000     10.000     10.000
             351.000       1.400      41.928      10.000   76.35%      10.000     10.000
     A_04                  9.710      -5.785       0.000    9.24%       8.000     10.000     10.000
             249.000       1.648      36.636      10.000   73.49%      10.000     10.000
     A_05                  9.672      -5.301       0.000    8.02%       8.000     10.000     10.000
             162.000       1.411      34.301      10.000   75.93%      10.000     10.000
     AGE_C80               3.250       1.048      -0.581    0.17%       0.877      1.811      2.425
             577.000       7.945       0.464      13.313    0.35%       3.194      5.718
     EDU_C7                0.297       2.170      -7.000    0.17%      -1.000     -1.000     -1.000
             577.000       6.175       7.316      16.000    0.17%       0.000      1.000
     FEMALE                0.652      -0.639       0.000   34.66%       0.000      1.000      1.000
             577.000       0.227      -1.591       1.000   65.34%       1.000      1.000
     SBP_C167             -5.945       0.371     -57.000    1.56%     -27.000    -12.000     -7.000
             577.000     509.678       0.689      93.000    0.17%      -7.000     13.000


THE MODEL ESTIMATION TERMINATED NORMALLY



MODEL FIT INFORMATION

Number of Free Parameters                       22

Loglikelihood

          H0 Value                       -1877.901
          H0 Scaling Correction Factor      5.0901
            for MLR

Information Criteria

          Akaike (AIC)                    3799.802
          Bayesian (BIC)                  3888.530
          Sample-Size Adjusted BIC        3818.718
            (n* = (n + 2) / 24)



MODEL RESULTS

                                                    Two-Tailed
                    Estimate       S.E.  Est./S.E.    P-Value

 IA         ON
    AGE_C80           -0.076      0.034     -2.218      0.027
    EDU_C7             0.037      0.019      1.922      0.055
    FEMALE             0.276      0.153      1.804      0.071
    SBP_C167           0.003      0.002      1.126      0.260

 SA         ON
    AGE_C80           -0.003      0.016     -0.213      0.831
    EDU_C7             0.014      0.012      1.190      0.234
    FEMALE             0.006      0.094      0.068      0.946
    SBP_C167           0.000      0.001      0.216      0.829

 QA         ON
    AGE_C80            0.000      0.002     -0.054      0.957
    EDU_C7            -0.002      0.002     -0.932      0.351
    FEMALE             0.007      0.014      0.464      0.643
    SBP_C167           0.000      0.000      0.067      0.947

 IA       WITH
    SA                -0.120      0.227     -0.529      0.597
    QA                 0.018      0.045      0.407      0.684

 SA       WITH
    QA                -0.015      0.020     -0.722      0.471

 Intercepts
    A_01               0.000      0.000    999.000    999.000
    A_02               0.000      0.000    999.000    999.000
    A_03               0.000      0.000    999.000    999.000
    A_04               0.000      0.000    999.000    999.000
    A_05               0.000      0.000    999.000    999.000
    IA                 9.745      0.102     95.109      0.000
    SA                 0.028      0.081      0.348      0.728
    QA                -0.011      0.013     -0.885      0.376

 Residual Variances
    A_01               0.543      0.199      2.730      0.006
    A_02               0.543      0.199      2.730      0.006
    A_03               0.543      0.199      2.730      0.006
    A_04               0.543      0.199      2.730      0.006
    A_05               0.543      0.199      2.730      0.006
    IA                 0.847      0.368      2.301      0.021
    SA                 0.142      0.157      0.906      0.365
    QA                 0.002      0.003      0.571      0.568


QUALITY OF NUMERICAL RESULTS

     Condition Number for the Information Matrix              0.140E-07
       (ratio of smallest to largest eigenvalue)


CONFIDENCE INTERVALS OF MODEL RESULTS

                  Lower .5%  Lower 2.5%    Lower 5%    Estimate    Upper 5%  Upper 2.5%   Upper .5%

 IA       ON
    AGE_C80         -0.163      -0.142      -0.132      -0.076      -0.020      -0.009       0.012
    EDU_C7          -0.013      -0.001       0.005       0.037       0.069       0.076       0.088
    FEMALE          -0.118      -0.024       0.024       0.276       0.528       0.576       0.670
    SBP_C167        -0.003      -0.002      -0.001       0.003       0.006       0.007       0.008

 SA       ON
    AGE_C80         -0.045      -0.035      -0.030      -0.003       0.023       0.028       0.038
    EDU_C7          -0.016      -0.009      -0.005       0.014       0.033       0.036       0.043
    FEMALE          -0.236      -0.178      -0.148       0.006       0.161       0.191       0.248
    SBP_C167        -0.003      -0.002      -0.002       0.000       0.002       0.003       0.004

 QA       ON
    AGE_C80         -0.006      -0.005      -0.004       0.000       0.004       0.005       0.006
    EDU_C7          -0.007      -0.006      -0.005      -0.002       0.001       0.002       0.003
    FEMALE          -0.030      -0.021      -0.017       0.007       0.030       0.035       0.044
    SBP_C167         0.000       0.000       0.000       0.000       0.000       0.000       0.000

 IA       WITH
    SA              -0.705      -0.565      -0.494      -0.120       0.253       0.325       0.465
    QA              -0.098      -0.070      -0.056       0.018       0.092       0.107       0.134

 SA       WITH
    QA              -0.068      -0.055      -0.048      -0.015       0.019       0.025       0.038

 Intercepts
    A_01             0.000       0.000       0.000       0.000       0.000       0.000       0.000
    A_02             0.000       0.000       0.000       0.000       0.000       0.000       0.000
    A_03             0.000       0.000       0.000       0.000       0.000       0.000       0.000
    A_04             0.000       0.000       0.000       0.000       0.000       0.000       0.000
    A_05             0.000       0.000       0.000       0.000       0.000       0.000       0.000
    IA               9.481       9.544       9.576       9.745       9.913       9.945      10.009
    SA              -0.181      -0.131      -0.106       0.028       0.162       0.188       0.238
    QA              -0.045      -0.037      -0.033      -0.011       0.010       0.014       0.022

 Residual Variances
    A_01             0.031       0.153       0.216       0.543       0.871       0.933       1.056
    A_02             0.031       0.153       0.216       0.543       0.871       0.933       1.056
    A_03             0.031       0.153       0.216       0.543       0.871       0.933       1.056
    A_04             0.031       0.153       0.216       0.543       0.871       0.933       1.056
    A_05             0.031       0.153       0.216       0.543       0.871       0.933       1.056
    IA              -0.101       0.126       0.242       0.847       1.452       1.568       1.795
    SA              -0.262      -0.166      -0.116       0.142       0.401       0.450       0.547
    QA              -0.006      -0.004      -0.003       0.002       0.006       0.007       0.009


SAMPLE STATISTICS FOR ESTIMATED FACTOR SCORES


     SAMPLE STATISTICS


           Means
              IA            IA_SE         SA            SA_SE         QA
              ________      ________      ________      ________      ________
 1              9.088         0.519        -0.096         0.305        -0.001


           Means
              QA_SE
              ________
 1              0.032


           Covariances
              IA            IA_SE         SA            SA_SE         QA
              ________      ________      ________      ________      ________
 IA             2.648
 IA_SE         -0.024         0.004
 SA             0.149        -0.002         0.196
 SA_SE         -0.012         0.002         0.002         0.001
 QA             0.006         0.000        -0.018         0.000         0.002
 QA_SE         -0.001         0.000         0.000         0.000         0.000


           Covariances
              QA_SE
              ________
 QA_SE          0.000


           Correlations
              IA            IA_SE         SA            SA_SE         QA
              ________      ________      ________      ________      ________
 IA             1.000
 IA_SE         -0.232         1.000
 SA             0.207        -0.057         1.000
 SA_SE         -0.196         0.780         0.115         1.000
 QA             0.087        -0.009        -0.953        -0.171         1.000
 QA_SE         -0.225         0.876         0.066         0.980        -0.130


           Correlations
              QA_SE
              ________
 QA_SE          1.000


RESULTS SAVING INFORMATION

  Order of data

    Parameter estimates
     (saved in order shown in Technical 1 output)
    Standard errors
     (saved in order shown in Technical 1 output)
    H0 Loglikelihood
    H0 Scaling Correction Factor for MLR
    Number of Free Parameters
    Akaike (AIC)
    Bayesian (BIC)
    Sample-Size Adjusted BIC

  Save file
    u2_12345_aefb_mirrecog_results.dat

  Save file format           Free


PLOT INFORMATION

The following plots are available:

  Histograms (sample values, estimated factor scores)
  Scatterplots (sample values, estimated factor scores)
  Latent variable distribution plots

SAVEDATA INFORMATION


  Save file
    u2_12345_aefb_mirrecog_fscores.dat

  Order and format of variables

    A_01           F10.3
    A_02           F10.3
    A_03           F10.3
    A_04           F10.3
    A_05           F10.3
    AGE_C80        F10.3
    EDU_C7         F10.3
    FEMALE         F10.3
    SBP_C167       F10.3
    TIME_01        F10.3
    TIME_02        F10.3
    TIME_03        F10.3
    TIME_04        F10.3
    TIME_05        F10.3
    _WEIGHT        F10.3
    IA             F10.3
    IA_SE          F10.3
    SA             F10.3
    SA_SE          F10.3
    QA             F10.3
    QA_SE          F10.3
    PAIRID         I6

  Save file format
    21F10.3 I6

  Save file record length    10000


     Beginning Time:  12:14:01
        Ending Time:  12:14:11
       Elapsed Time:  00:00:10



MUTHEN & MUTHEN
3463 Stoner Ave.
Los Angeles, CA  90066

Tel: (310) 391-9971
Fax: (310) 391-8971
Web: www.StatModel.com
Support: Support@StatModel.com

Copyright (c) 1998-2014 Muthen & Muthen
