Mplus VERSION 7.3
MUTHEN & MUTHEN
12/17/2016  11:46 AM

INPUT INSTRUCTIONS

  TITLE:
  Script produced from the prototype in ./sandbox/syntax-creator/
  DATA:
  File = wide-dataset.dat ;
  VARIABLE:
  NAMES are
   Case PairID female age_c80 edu_c7 sbp_c167 smoke cardio diabetes dementia_ever
      years_since_bl_01 years_since_bl_02 years_since_bl_03 years_since_bl_04
      years_since_bl_05 pef_01 pef_02 pef_03 pef_04 pef_05 grip_01 grip_02 grip_03
      grip_04 grip_05 gait_01 gait_02 gait_03 gait_04 gait_05 block_01 block_02
      block_03 block_04 block_05 digitspanbackward_01 digitspanbackward_02
      digitspanbackward_03 digitspanbackward_04 digitspanbackward_05
      digitspanforward_01 digitspanforward_02 digitspanforward_03 digitspanforward_04
      digitspanforward_05 symbol_01 symbol_02 symbol_03 symbol_04 symbol_05 prose_01
      prose_02 prose_03 prose_04 prose_05 info_01 info_02 info_03 info_04 info_05
      synonyms_01 synonyms_02 synonyms_03 synonyms_04 synonyms_05 psif_01 psif_02
      psif_03 psif_04 psif_05 figure_01 figure_02 figure_03 figure_04 figure_05
      mirrecall_01 mirrecall_02 mirrecall_03 mirrecall_04 mirrecall_05 mmse_01 mmse_02
      mmse_03 mmse_04 mmse_05 mirnaming_01 mirnaming_02 mirnaming_03 mirnaming_04
      mirnaming_05 mirrecog_01 mirrecog_02 mirrecog_03 mirrecog_04 mirrecog_05
      clock_01 clock_02 clock_03 clock_04 clock_05
  	;
  Missing are all (-9999);
  USEVARIABLES are
  	!define the variables used in the analysis
  	! covariates used in the model
  age_c80
  edu_c7
  female
  sbp_c167	
  	!estimated time points
  time_01
  time_02
  time_03
  	!modelled time points of process (A)
  a_01
  a_02
  a_03
  ;
  TSCORES are
  	!estimated time points
  time_01
  time_02
  time_03;
  CLUSTER = PairID;
  SUBPOPULATION are
  	!select a subset of observations
  dementia_ever NE 1
  ;
  DEFINE:
  	! assign variables to the process (A)
  a_01 = digitspanbackward_01;
  a_02 = digitspanbackward_02;
  a_03 = digitspanbackward_03;
  	!assign variables to time points
  time_01 = years_since_bl_01;
  time_02 = years_since_bl_02;
  time_03 = years_since_bl_03;
  	
  ANALYSIS: TYPE = RANDOM COMPLEX;
  COVERAGE=.00;
  MODEL:
  	!first-level equation
  	! assign process (A) to time points
  ia sa | a_01 AT time_01 ;
  ia sa | a_02 AT time_02 ;
  ia sa | a_03 AT time_03 ;
  	!variance of the first-level terms
  ia (v_ia);
  sa (v_sa);
  	!covariance among first-level terms
  ia WITH sa (c_iasa);
  	!second-level equation
  ia sa ON age_c80
  edu_c7
  female
  sbp_c167;
  	!residual covariance of process (A)
  a_01 (res_a);
  a_02 (res_a);
  a_03 (res_a);	
  SAVEDATA:
  FILE is   u1_123_aefb_digitspanbackward_fscores.dat;
  SAVE = FSCORES;
  RESULTS are   u1_123_aefb_digitspanbackward_results.dat;
  	
  OUTPUT: sampstat cinterval;
  PLOT: Type is Plot1 Plot2 Plot3;



*** WARNING
  Data set contains cases with missing on x-variables.
  These cases were not included in the analysis.
  Number of cases with missing on x-variables:  92
*** WARNING
  Data set contains cases with missing on all variables except
  x-variables.  These cases were not included in the analysis.
  Number of cases with missing on all variables except x-variables:  9
   2 WARNING(S) FOUND IN THE INPUT INSTRUCTIONS




Script produced from the prototype in ./sandbox/syntax-creator/

SUMMARY OF ANALYSIS

Number of groups                                                 1
Number of observations                                         434

Number of dependent variables                                    3
Number of independent variables                                  4
Number of continuous latent variables                            2

Observed dependent variables

  Continuous
   A_01        A_02        A_03

Observed independent variables
   AGE_C80     EDU_C7      FEMALE      SBP_C167

Continuous latent variables
   IA          SA

Variables with special functions

  Cluster variable      PAIRID
  Weight variable       _WEIGHT

  Time scores
   TIME_01     TIME_02     TIME_03


Estimator                                                      MLR
Information matrix                                        OBSERVED
Maximum number of iterations                                   100
Convergence criterion                                    0.100D-05
Maximum number of EM iterations                                500
Convergence criteria for the EM algorithm
  Loglikelihood change                                   0.100D-02
  Relative loglikelihood change                          0.100D-05
  Derivative                                             0.100D-03
Minimum variance                                         0.100D-03
Maximum number of steepest descent iterations                   20
Maximum number of iterations for H1                           2000
Convergence criterion for H1                             0.100D-03
Optimization algorithm                                         EMA

Input data file(s)
  wide-dataset.dat
Input data format  FREE



SAMPLE STATISTICS


     ESTIMATED SAMPLE STATISTICS


           Means
              A_01          A_02          A_03          AGE_C80       EDU_C7
              ________      ________      ________      ________      ________
 1              3.420         3.405         3.223         3.318         0.313


           Means
              FEMALE        SBP_C167
              ________      ________
 1              0.657        -6.447


           Covariances
              A_01          A_02          A_03          AGE_C80       EDU_C7
              ________      ________      ________      ________      ________
 A_01           2.106
 A_02           0.650         1.714
 A_03           0.709         0.607         1.780
 AGE_C80       -0.782        -0.501        -0.292         8.960
 EDU_C7         0.816         0.590         0.816        -0.457         6.220
 FEMALE         0.032         0.005         0.028         0.096        -0.125
 SBP_C167       1.010         2.037         3.119        -4.618         0.887


           Covariances
              FEMALE        SBP_C167
              ________      ________
 FEMALE         0.225
 SBP_C167       0.674       503.496


           Correlations
              A_01          A_02          A_03          AGE_C80       EDU_C7
              ________      ________      ________      ________      ________
 A_01           1.000
 A_02           0.342         1.000
 A_03           0.366         0.348         1.000
 AGE_C80       -0.180        -0.128        -0.073         1.000
 EDU_C7         0.225         0.181         0.245        -0.061         1.000
 FEMALE         0.047         0.008         0.043         0.068        -0.106
 SBP_C167       0.031         0.069         0.104        -0.069         0.016


           Correlations
              FEMALE        SBP_C167
              ________      ________
 FEMALE         1.000
 SBP_C167       0.063         1.000


     MAXIMUM LOG-LIKELIHOOD VALUE FOR THE UNRESTRICTED (H1) MODEL IS -8412.892


UNIVARIATE HIGHER-ORDER MOMENT DESCRIPTIVE STATISTICS


     UNIVARIATE HIGHER-ORDER MOMENT DESCRIPTIVE STATISTICS

         Variable/         Mean/     Skewness/   Minimum/ % with                Percentiles
        Sample Size      Variance    Kurtosis    Maximum  Min/Max      20%/60%    40%/80%    Median

     A_01                  3.427      -0.888       0.000   13.57%       3.000      3.000      3.000
             582.000       2.109       1.341       8.000    0.17%       4.000      4.000
     A_02                  3.426      -1.021       0.000   15.51%       3.000      3.000      3.000
             490.000       1.720       2.158       7.000    0.82%       4.000      4.000
     A_03                  3.272      -1.283       0.000   20.75%       0.000      3.000      3.000
             371.000       1.798       1.579       7.000    0.27%       4.000      4.000
     AGE_C80               3.318       1.366      -0.630    0.17%       0.877      1.811      2.425
             601.000       8.960       2.346      17.918    0.17%       3.258      5.718
     EDU_C7                0.313       2.187      -7.000    0.17%      -1.000     -1.000     -1.000
             601.000       6.220       7.255      16.000    0.17%       0.000      1.000
     FEMALE                0.657      -0.660       0.000   34.11%       0.000      1.000      1.000
             601.000       0.225      -1.564       1.000   65.89%       1.000      1.000
     SBP_C167             -6.447       0.389     -57.000    1.50%     -27.000    -17.000     -7.000
             601.000     503.496       0.716      93.000    0.17%      -7.000     13.000


THE MODEL ESTIMATION TERMINATED NORMALLY



MODEL FIT INFORMATION

Number of Free Parameters                       14

Loglikelihood

          H0 Value                       -1721.500
          H0 Scaling Correction Factor      1.2456
            for MLR

Information Criteria

          Akaike (AIC)                    3470.999
          Bayesian (BIC)                  3528.022
          Sample-Size Adjusted BIC        3483.594
            (n* = (n + 2) / 24)



MODEL RESULTS

                                                    Two-Tailed
                    Estimate       S.E.  Est./S.E.    P-Value

 IA         ON
    AGE_C80           -0.082      0.026     -3.182      0.001
    EDU_C7             0.121      0.024      5.039      0.000
    FEMALE             0.212      0.152      1.397      0.162
    SBP_C167           0.001      0.003      0.253      0.800

 SA         ON
    AGE_C80            0.014      0.008      1.706      0.088
    EDU_C7            -0.002      0.007     -0.204      0.839
    FEMALE            -0.019      0.045     -0.431      0.667
    SBP_C167           0.001      0.001      1.179      0.238

 IA       WITH
    SA                -0.053      0.048     -1.114      0.265

 Intercepts
    A_01               0.000      0.000    999.000    999.000
    A_02               0.000      0.000    999.000    999.000
    A_03               0.000      0.000    999.000    999.000
    IA                 3.540      0.154     22.957      0.000
    SA                -0.071      0.045     -1.586      0.113

 Residual Variances
    A_01               1.165      0.125      9.329      0.000
    A_02               1.165      0.125      9.329      0.000
    A_03               1.165      0.125      9.329      0.000
    IA                 0.711      0.177      4.018      0.000
    SA                 0.012      0.020      0.598      0.550


QUALITY OF NUMERICAL RESULTS

     Condition Number for the Information Matrix              0.520E-03
       (ratio of smallest to largest eigenvalue)


CONFIDENCE INTERVALS OF MODEL RESULTS

                  Lower .5%  Lower 2.5%    Lower 5%    Estimate    Upper 5%  Upper 2.5%   Upper .5%

 IA       ON
    AGE_C80         -0.149      -0.133      -0.125      -0.082      -0.040      -0.032      -0.016
    EDU_C7           0.059       0.074       0.081       0.121       0.160       0.168       0.183
    FEMALE          -0.179      -0.086      -0.038       0.212       0.462       0.510       0.604
    SBP_C167        -0.007      -0.005      -0.004       0.001       0.005       0.006       0.008

 SA       ON
    AGE_C80         -0.007      -0.002       0.001       0.014       0.028       0.031       0.036
    EDU_C7          -0.021      -0.016      -0.014      -0.002       0.011       0.013       0.018
    FEMALE          -0.136      -0.108      -0.094      -0.019       0.055       0.069       0.097
    SBP_C167        -0.001      -0.001       0.000       0.001       0.003       0.003       0.004

 IA       WITH
    SA              -0.177      -0.147      -0.132      -0.053       0.025       0.040       0.070

 Intercepts
    A_01             0.000       0.000       0.000       0.000       0.000       0.000       0.000
    A_02             0.000       0.000       0.000       0.000       0.000       0.000       0.000
    A_03             0.000       0.000       0.000       0.000       0.000       0.000       0.000
    IA               3.143       3.238       3.286       3.540       3.794       3.842       3.937
    SA              -0.186      -0.158      -0.144      -0.071       0.003       0.017       0.044

 Residual Variances
    A_01             0.843       0.920       0.960       1.165       1.370       1.410       1.487
    A_02             0.843       0.920       0.960       1.165       1.370       1.410       1.487
    A_03             0.843       0.920       0.960       1.165       1.370       1.410       1.487
    IA               0.255       0.364       0.420       0.711       1.002       1.058       1.167
    SA              -0.040      -0.028      -0.021       0.012       0.046       0.052       0.065


SAMPLE STATISTICS FOR ESTIMATED FACTOR SCORES


     SAMPLE STATISTICS


           Means
              IA            IA_SE         SA            SA_SE
              ________      ________      ________      ________
 1              3.288         0.589        -0.040         0.103


           Covariances
              IA            IA_SE         SA            SA_SE
              ________      ________      ________      ________
 IA             0.613
 IA_SE         -0.004         0.002
 SA            -0.035         0.000         0.004
 SA_SE          0.000         0.000         0.000         0.000


           Correlations
              IA            IA_SE         SA            SA_SE
              ________      ________      ________      ________
 IA             1.000
 IA_SE         -0.130         1.000
 SA            -0.696         0.167         1.000
 SA_SE         -0.143         0.688         0.129         1.000


RESULTS SAVING INFORMATION

  Order of data

    Parameter estimates
     (saved in order shown in Technical 1 output)
    Standard errors
     (saved in order shown in Technical 1 output)
    H0 Loglikelihood
    H0 Scaling Correction Factor for MLR
    Number of Free Parameters
    Akaike (AIC)
    Bayesian (BIC)
    Sample-Size Adjusted BIC

  Save file
    u1_123_aefb_digitspanbackward_results.dat

  Save file format           Free


PLOT INFORMATION

The following plots are available:

  Histograms (sample values, estimated factor scores)
  Scatterplots (sample values, estimated factor scores)
  Latent variable distribution plots

SAVEDATA INFORMATION


  Save file
    u1_123_aefb_digitspanbackward_fscores.dat

  Order and format of variables

    A_01           F10.3
    A_02           F10.3
    A_03           F10.3
    AGE_C80        F10.3
    EDU_C7         F10.3
    FEMALE         F10.3
    SBP_C167       F10.3
    TIME_01        F10.3
    TIME_02        F10.3
    TIME_03        F10.3
    _WEIGHT        F10.3
    IA             F10.3
    IA_SE          F10.3
    SA             F10.3
    SA_SE          F10.3
    PAIRID         I6

  Save file format
    15F10.3 I6

  Save file record length    10000


     Beginning Time:  11:46:34
        Ending Time:  11:46:36
       Elapsed Time:  00:00:02



MUTHEN & MUTHEN
3463 Stoner Ave.
Los Angeles, CA  90066

Tel: (310) 391-9971
Fax: (310) 391-8971
Web: www.StatModel.com
Support: Support@StatModel.com

Copyright (c) 1998-2014 Muthen & Muthen
