Mplus VERSION 7.3
MUTHEN & MUTHEN
12/17/2016  11:46 AM

INPUT INSTRUCTIONS

  TITLE:
  Script produced from the prototype in ./sandbox/syntax-creator/
  DATA:
  File = wide-dataset.dat ;
  VARIABLE:
  NAMES are
   Case PairID female age_c80 edu_c7 sbp_c167 smoke cardio diabetes dementia_ever
      years_since_bl_01 years_since_bl_02 years_since_bl_03 years_since_bl_04
      years_since_bl_05 pef_01 pef_02 pef_03 pef_04 pef_05 grip_01 grip_02 grip_03
      grip_04 grip_05 gait_01 gait_02 gait_03 gait_04 gait_05 block_01 block_02
      block_03 block_04 block_05 digitspanbackward_01 digitspanbackward_02
      digitspanbackward_03 digitspanbackward_04 digitspanbackward_05
      digitspanforward_01 digitspanforward_02 digitspanforward_03 digitspanforward_04
      digitspanforward_05 symbol_01 symbol_02 symbol_03 symbol_04 symbol_05 prose_01
      prose_02 prose_03 prose_04 prose_05 info_01 info_02 info_03 info_04 info_05
      synonyms_01 synonyms_02 synonyms_03 synonyms_04 synonyms_05 psif_01 psif_02
      psif_03 psif_04 psif_05 figure_01 figure_02 figure_03 figure_04 figure_05
      mirrecall_01 mirrecall_02 mirrecall_03 mirrecall_04 mirrecall_05 mmse_01 mmse_02
      mmse_03 mmse_04 mmse_05 mirnaming_01 mirnaming_02 mirnaming_03 mirnaming_04
      mirnaming_05 mirrecog_01 mirrecog_02 mirrecog_03 mirrecog_04 mirrecog_05
      clock_01 clock_02 clock_03 clock_04 clock_05
  	;
  Missing are all (-9999);
  USEVARIABLES are
  	!define the variables used in the analysis
  	! covariates used in the model
  age_c80
  edu_c7
  female
  sbp_c167	
  	!estimated time points
  time_01
  time_03
  time_04
  	!modelled time points of process (A)
  a_01
  a_03
  a_04
  ;
  TSCORES are
  	!estimated time points
  time_01
  time_03
  time_04;
  CLUSTER = PairID;
  SUBPOPULATION are
  	!select a subset of observations
  dementia_ever NE 1
  ;
  DEFINE:
  	! assign variables to the process (A)
  a_01 = digitspanbackward_01;
  a_03 = digitspanbackward_03;
  a_04 = digitspanbackward_04;
  	!assign variables to time points
  time_01 = years_since_bl_01;
  time_03 = years_since_bl_03;
  time_04 = years_since_bl_04;
  	
  ANALYSIS: TYPE = RANDOM COMPLEX;
  COVERAGE=.00;
  MODEL:
  	!first-level equation
  	! assign process (A) to time points
  ia sa | a_01 AT time_01 ;
  ia sa | a_03 AT time_03 ;
  ia sa | a_04 AT time_04 ;
  	!variance of the first-level terms
  ia (v_ia);
  sa (v_sa);
  	!covariance among first-level terms
  ia WITH sa (c_iasa);
  	!second-level equation
  ia sa ON age_c80
  edu_c7
  female
  sbp_c167;
  	!residual covariance of process (A)
  a_01 (res_a);
  a_03 (res_a);
  a_04 (res_a);	
  SAVEDATA:
  FILE is   u1_134_aefb_digitspanbackward_fscores.dat;
  SAVE = FSCORES;
  RESULTS are   u1_134_aefb_digitspanbackward_results.dat;
  	
  OUTPUT: sampstat cinterval;
  PLOT: Type is Plot1 Plot2 Plot3;



*** WARNING
  Data set contains cases with missing on x-variables.
  These cases were not included in the analysis.
  Number of cases with missing on x-variables:  92
*** WARNING
  Data set contains cases with missing on all variables except
  x-variables.  These cases were not included in the analysis.
  Number of cases with missing on all variables except x-variables:  18
   2 WARNING(S) FOUND IN THE INPUT INSTRUCTIONS




Script produced from the prototype in ./sandbox/syntax-creator/

SUMMARY OF ANALYSIS

Number of groups                                                 1
Number of observations                                         431

Number of dependent variables                                    3
Number of independent variables                                  4
Number of continuous latent variables                            2

Observed dependent variables

  Continuous
   A_01        A_03        A_04

Observed independent variables
   AGE_C80     EDU_C7      FEMALE      SBP_C167

Continuous latent variables
   IA          SA

Variables with special functions

  Cluster variable      PAIRID
  Weight variable       _WEIGHT

  Time scores
   TIME_01     TIME_03     TIME_04


Estimator                                                      MLR
Information matrix                                        OBSERVED
Maximum number of iterations                                   100
Convergence criterion                                    0.100D-05
Maximum number of EM iterations                                500
Convergence criteria for the EM algorithm
  Loglikelihood change                                   0.100D-02
  Relative loglikelihood change                          0.100D-05
  Derivative                                             0.100D-03
Minimum variance                                         0.100D-03
Maximum number of steepest descent iterations                   20
Maximum number of iterations for H1                           2000
Convergence criterion for H1                             0.100D-03
Optimization algorithm                                         EMA

Input data file(s)
  wide-dataset.dat
Input data format  FREE



SAMPLE STATISTICS


     ESTIMATED SAMPLE STATISTICS


           Means
              A_01          A_03          A_04          AGE_C80       EDU_C7
              ________      ________      ________      ________      ________
 1              3.422         3.236         3.147         3.292         0.323


           Means
              FEMALE        SBP_C167
              ________      ________
 1              0.654        -6.408


           Covariances
              A_01          A_03          A_04          AGE_C80       EDU_C7
              ________      ________      ________      ________      ________
 A_01           2.108
 A_03           0.725         1.784
 A_04           0.634         0.898         1.618
 AGE_C80       -0.768        -0.307        -0.465         8.804
 EDU_C7         0.819         0.828         0.991        -0.403         6.246
 FEMALE         0.034         0.030         0.051         0.088        -0.123
 SBP_C167       1.022         3.184         1.655        -4.614         0.865


           Covariances
              FEMALE        SBP_C167
              ________      ________
 FEMALE         0.226
 SBP_C167       0.692       506.669


           Correlations
              A_01          A_03          A_04          AGE_C80       EDU_C7
              ________      ________      ________      ________      ________
 A_01           1.000
 A_03           0.374         1.000
 A_04           0.344         0.528         1.000
 AGE_C80       -0.178        -0.078        -0.123         1.000
 EDU_C7         0.226         0.248         0.312        -0.054         1.000
 FEMALE         0.049         0.048         0.084         0.062        -0.103
 SBP_C167       0.031         0.106         0.058        -0.069         0.015


           Correlations
              FEMALE        SBP_C167
              ________      ________
 FEMALE         1.000
 SBP_C167       0.065         1.000


     MAXIMUM LOG-LIKELIHOOD VALUE FOR THE UNRESTRICTED (H1) MODEL IS -7959.790


UNIVARIATE HIGHER-ORDER MOMENT DESCRIPTIVE STATISTICS


     UNIVARIATE HIGHER-ORDER MOMENT DESCRIPTIVE STATISTICS

         Variable/         Mean/     Skewness/   Minimum/ % with                Percentiles
        Sample Size      Variance    Kurtosis    Maximum  Min/Max      20%/60%    40%/80%    Median

     A_01                  3.427      -0.888       0.000   13.57%       3.000      3.000      3.000
             582.000       2.109       1.341       8.000    0.17%       4.000      4.000
     A_03                  3.272      -1.283       0.000   20.75%       0.000      3.000      3.000
             371.000       1.798       1.579       7.000    0.27%       4.000      4.000
     A_04                  3.190      -1.336       0.000   20.65%       0.000      3.000      3.000
             276.000       1.608       1.881       6.000    1.45%       3.000      4.000
     AGE_C80               3.292       1.383      -0.630    0.17%       0.877      1.805      2.337
             592.000       8.804       2.489      17.918    0.17%       3.194      5.701
     EDU_C7                0.323       2.179      -7.000    0.17%      -1.000     -1.000     -1.000
             592.000       6.246       7.205      16.000    0.17%       0.000      1.000
     FEMALE                0.654      -0.649       0.000   34.29%       0.000      1.000      1.000
             592.000       0.226      -1.579       1.000   65.71%       1.000      1.000
     SBP_C167             -6.408       0.383     -57.000    1.52%     -27.000    -17.000     -7.000
             592.000     506.669       0.693      93.000    0.17%      -7.000     13.000


THE MODEL ESTIMATION TERMINATED NORMALLY



MODEL FIT INFORMATION

Number of Free Parameters                       14

Loglikelihood

          H0 Value                       -1473.901
          H0 Scaling Correction Factor      1.2232
            for MLR

Information Criteria

          Akaike (AIC)                    2975.802
          Bayesian (BIC)                  3032.728
          Sample-Size Adjusted BIC        2988.300
            (n* = (n + 2) / 24)



MODEL RESULTS

                                                    Two-Tailed
                    Estimate       S.E.  Est./S.E.    P-Value

 IA         ON
    AGE_C80           -0.080      0.026     -3.123      0.002
    EDU_C7             0.128      0.023      5.537      0.000
    FEMALE             0.235      0.157      1.494      0.135
    SBP_C167           0.001      0.003      0.382      0.703

 SA         ON
    AGE_C80            0.009      0.006      1.532      0.126
    EDU_C7             0.004      0.005      0.729      0.466
    FEMALE             0.005      0.035      0.129      0.897
    SBP_C167           0.000      0.001      0.773      0.440

 IA       WITH
    SA                -0.095      0.035     -2.747      0.006

 Intercepts
    A_01               0.000      0.000    999.000    999.000
    A_03               0.000      0.000    999.000    999.000
    A_04               0.000      0.000    999.000    999.000
    IA                 3.497      0.159     22.048      0.000
    SA                -0.074      0.036     -2.067      0.039

 Residual Variances
    A_01               0.882      0.118      7.460      0.000
    A_03               0.882      0.118      7.460      0.000
    A_04               0.882      0.118      7.460      0.000
    IA                 1.027      0.197      5.215      0.000
    SA                 0.023      0.009      2.553      0.011


QUALITY OF NUMERICAL RESULTS

     Condition Number for the Information Matrix              0.227E-04
       (ratio of smallest to largest eigenvalue)


CONFIDENCE INTERVALS OF MODEL RESULTS

                  Lower .5%  Lower 2.5%    Lower 5%    Estimate    Upper 5%  Upper 2.5%   Upper .5%

 IA       ON
    AGE_C80         -0.146      -0.131      -0.123      -0.080      -0.038      -0.030      -0.014
    EDU_C7           0.069       0.083       0.090       0.128       0.166       0.174       0.188
    FEMALE          -0.170      -0.073      -0.024       0.235       0.494       0.543       0.640
    SBP_C167        -0.007      -0.005      -0.004       0.001       0.006       0.007       0.009

 SA       ON
    AGE_C80         -0.006      -0.002      -0.001       0.009       0.018       0.020       0.023
    EDU_C7          -0.010      -0.007      -0.005       0.004       0.013       0.014       0.018
    FEMALE          -0.086      -0.064      -0.053       0.005       0.062       0.073       0.095
    SBP_C167        -0.001      -0.001      -0.001       0.000       0.002       0.002       0.002

 IA       WITH
    SA              -0.184      -0.163      -0.152      -0.095      -0.038      -0.027      -0.006

 Intercepts
    A_01             0.000       0.000       0.000       0.000       0.000       0.000       0.000
    A_03             0.000       0.000       0.000       0.000       0.000       0.000       0.000
    A_04             0.000       0.000       0.000       0.000       0.000       0.000       0.000
    IA               3.088       3.186       3.236       3.497       3.758       3.808       3.905
    SA              -0.166      -0.144      -0.133      -0.074      -0.015      -0.004       0.018

 Residual Variances
    A_01             0.577       0.650       0.687       0.882       1.076       1.114       1.186
    A_03             0.577       0.650       0.687       0.882       1.076       1.114       1.186
    A_04             0.577       0.650       0.687       0.882       1.076       1.114       1.186
    IA               0.520       0.641       0.703       1.027       1.350       1.412       1.534
    SA               0.000       0.005       0.008       0.023       0.038       0.041       0.047


SAMPLE STATISTICS FOR ESTIMATED FACTOR SCORES


     SAMPLE STATISTICS


           Means
              IA            IA_SE         SA            SA_SE
              ________      ________      ________      ________
 1              3.266         0.658        -0.048         0.130


           Covariances
              IA            IA_SE         SA            SA_SE
              ________      ________      ________      ________
 IA             0.854
 IA_SE         -0.004         0.001
 SA            -0.047         0.000         0.008
 SA_SE         -0.001         0.000         0.000         0.000


           Correlations
              IA            IA_SE         SA            SA_SE
              ________      ________      ________      ________
 IA             1.000
 IA_SE         -0.106         1.000
 SA            -0.554         0.118         1.000
 SA_SE         -0.135         0.800         0.172         1.000


RESULTS SAVING INFORMATION

  Order of data

    Parameter estimates
     (saved in order shown in Technical 1 output)
    Standard errors
     (saved in order shown in Technical 1 output)
    H0 Loglikelihood
    H0 Scaling Correction Factor for MLR
    Number of Free Parameters
    Akaike (AIC)
    Bayesian (BIC)
    Sample-Size Adjusted BIC

  Save file
    u1_134_aefb_digitspanbackward_results.dat

  Save file format           Free


PLOT INFORMATION

The following plots are available:

  Histograms (sample values, estimated factor scores)
  Scatterplots (sample values, estimated factor scores)
  Latent variable distribution plots

SAVEDATA INFORMATION


  Save file
    u1_134_aefb_digitspanbackward_fscores.dat

  Order and format of variables

    A_01           F10.3
    A_03           F10.3
    A_04           F10.3
    AGE_C80        F10.3
    EDU_C7         F10.3
    FEMALE         F10.3
    SBP_C167       F10.3
    TIME_01        F10.3
    TIME_03        F10.3
    TIME_04        F10.3
    _WEIGHT        F10.3
    IA             F10.3
    IA_SE          F10.3
    SA             F10.3
    SA_SE          F10.3
    PAIRID         I6

  Save file format
    15F10.3 I6

  Save file record length    10000


     Beginning Time:  11:46:54
        Ending Time:  11:46:56
       Elapsed Time:  00:00:02



MUTHEN & MUTHEN
3463 Stoner Ave.
Los Angeles, CA  90066

Tel: (310) 391-9971
Fax: (310) 391-8971
Web: www.StatModel.com
Support: Support@StatModel.com

Copyright (c) 1998-2014 Muthen & Muthen
