Mplus VERSION 7.3
MUTHEN & MUTHEN
12/17/2016  12:02 PM

INPUT INSTRUCTIONS

  TITLE:
  Script produced from the prototype in ./sandbox/syntax-creator/
  DATA:
  File = wide-dataset.dat ;
  VARIABLE:
  NAMES are
   Case PairID female age_c80 edu_c7 sbp_c167 smoke cardio diabetes dementia_ever
      years_since_bl_01 years_since_bl_02 years_since_bl_03 years_since_bl_04
      years_since_bl_05 pef_01 pef_02 pef_03 pef_04 pef_05 grip_01 grip_02 grip_03
      grip_04 grip_05 gait_01 gait_02 gait_03 gait_04 gait_05 block_01 block_02
      block_03 block_04 block_05 digitspanbackward_01 digitspanbackward_02
      digitspanbackward_03 digitspanbackward_04 digitspanbackward_05
      digitspanforward_01 digitspanforward_02 digitspanforward_03 digitspanforward_04
      digitspanforward_05 symbol_01 symbol_02 symbol_03 symbol_04 symbol_05 prose_01
      prose_02 prose_03 prose_04 prose_05 info_01 info_02 info_03 info_04 info_05
      synonyms_01 synonyms_02 synonyms_03 synonyms_04 synonyms_05 psif_01 psif_02
      psif_03 psif_04 psif_05 figure_01 figure_02 figure_03 figure_04 figure_05
      mirrecall_01 mirrecall_02 mirrecall_03 mirrecall_04 mirrecall_05 mmse_01 mmse_02
      mmse_03 mmse_04 mmse_05 mirnaming_01 mirnaming_02 mirnaming_03 mirnaming_04
      mirnaming_05 mirrecog_01 mirrecog_02 mirrecog_03 mirrecog_04 mirrecog_05
      clock_01 clock_02 clock_03 clock_04 clock_05
  	;
  Missing are all (-9999);
  USEVARIABLES are
  	!define the variables used in the analysis
  	! covariates used in the model
  age_c80	
  	!estimated time points
  time_01
  time_02
  time_03
  time_04
  	!modelled time points of process (A)
  a_01
  a_02
  a_03
  a_04
  ;
  TSCORES are
  	!estimated time points
  time_01
  time_02
  time_03
  time_04;
  CLUSTER = PairID;
  SUBPOPULATION are
  	!select a subset of observations
  dementia_ever NE 1
  ;
  DEFINE:
  	! assign variables to the process (A)
  a_01 = digitspanbackward_01;
  a_02 = digitspanbackward_02;
  a_03 = digitspanbackward_03;
  a_04 = digitspanbackward_04;
  	!assign variables to time points
  time_01 = years_since_bl_01;
  time_02 = years_since_bl_02;
  time_03 = years_since_bl_03;
  time_04 = years_since_bl_04;
  	
  ANALYSIS: TYPE = RANDOM COMPLEX;
  COVERAGE=.00;
  MODEL:
  	!first-level equation
  	! assign process (A) to time points
  ia sa qa | a_01 AT time_01 ;
  ia sa qa | a_02 AT time_02 ;
  ia sa qa | a_03 AT time_03 ;
  ia sa qa | a_04 AT time_04 ;
  	!variance of the first-level terms
  ia (v_ia);
  sa (v_sa);
  qa (v_qa);
  	!covariance among first-level terms
  ia WITH sa (c_iasa);
  ia WITH qa (c_iaqa);
  sa WITH qa (c_saqa);
  	!second-level equation
  ia sa qa ON age_c80;
  	!residual covariance of process (A)
  a_01 (res_a);
  a_02 (res_a);
  a_03 (res_a);
  a_04 (res_a);	
  SAVEDATA:
  FILE is   u2_1234_a_digitspanbackward_fscores.dat;
  SAVE = FSCORES;
  RESULTS are   u2_1234_a_digitspanbackward_results.dat;
  	
  OUTPUT: sampstat cinterval;
  PLOT: Type is Plot1 Plot2 Plot3;



*** WARNING
  Data set contains cases with missing on all variables except
  x-variables.  These cases were not included in the analysis.
  Number of cases with missing on all variables except x-variables:  44
   1 WARNING(S) FOUND IN THE INPUT INSTRUCTIONS




Script produced from the prototype in ./sandbox/syntax-creator/

SUMMARY OF ANALYSIS

Number of groups                                                 1
Number of observations                                         456

Number of dependent variables                                    4
Number of independent variables                                  1
Number of continuous latent variables                            3

Observed dependent variables

  Continuous
   A_01        A_02        A_03        A_04

Observed independent variables
   AGE_C80

Continuous latent variables
   IA          SA          QA

Variables with special functions

  Cluster variable      PAIRID
  Weight variable       _WEIGHT

  Time scores
   TIME_01     TIME_02     TIME_03     TIME_04


Estimator                                                      MLR
Information matrix                                        OBSERVED
Maximum number of iterations                                   100
Convergence criterion                                    0.100D-05
Maximum number of EM iterations                                500
Convergence criteria for the EM algorithm
  Loglikelihood change                                   0.100D-02
  Relative loglikelihood change                          0.100D-05
  Derivative                                             0.100D-03
Minimum variance                                         0.100D-03
Maximum number of steepest descent iterations                   20
Maximum number of iterations for H1                           2000
Convergence criterion for H1                             0.100D-03
Optimization algorithm                                         EMA

Input data file(s)
  wide-dataset.dat
Input data format  FREE



SAMPLE STATISTICS


     ESTIMATED SAMPLE STATISTICS


           Means
              A_01          A_02          A_03          A_04          AGE_C80
              ________      ________      ________      ________      ________
 1              3.395         3.355         3.206         3.125         3.336


           Covariances
              A_01          A_02          A_03          A_04          AGE_C80
              ________      ________      ________      ________      ________
 A_01           2.172
 A_02           0.741         1.856
 A_03           0.725         0.710         1.826
 A_04           0.619         0.497         0.918         1.621
 AGE_C80       -0.730        -0.472        -0.288        -0.522         9.309


           Correlations
              A_01          A_02          A_03          A_04          AGE_C80
              ________      ________      ________      ________      ________
 A_01           1.000
 A_02           0.369         1.000
 A_03           0.364         0.386         1.000
 A_04           0.330         0.286         0.534         1.000
 AGE_C80       -0.162        -0.113        -0.070        -0.134         1.000


     MAXIMUM LOG-LIKELIHOOD VALUE FOR THE UNRESTRICTED (H1) MODEL IS -4737.748


UNIVARIATE HIGHER-ORDER MOMENT DESCRIPTIVE STATISTICS


     UNIVARIATE HIGHER-ORDER MOMENT DESCRIPTIVE STATISTICS

         Variable/         Mean/     Skewness/   Minimum/ % with                Percentiles
        Sample Size      Variance    Kurtosis    Maximum  Min/Max      20%/60%    40%/80%    Median

     A_01                  3.408      -0.892       0.000   16.45%       3.000      3.000      3.000
             626.000       2.164       1.209       8.000    0.16%       4.000      4.000
     A_02                  3.378      -1.020       0.000   18.44%       3.000      3.000      3.000
             526.000       1.865       1.738       7.000    0.76%       4.000      4.000
     A_03                  3.257      -1.264       0.000   23.92%       0.000      3.000      3.000
             393.000       1.846       1.437       7.000    0.25%       3.000      4.000
     A_04                  3.182      -1.334       0.000   21.28%       0.000      3.000      3.000
             282.000       1.632       1.798       6.000    1.42%       3.000      4.000
     AGE_C80               3.336       1.453      -0.630    0.15%       0.899      1.842      2.487
             658.000       9.309       2.828      17.918    0.15%       3.351      5.921


THE MODEL ESTIMATION TERMINATED NORMALLY



MODEL FIT INFORMATION

Number of Free Parameters                       13

Loglikelihood

          H0 Value                       -2135.269
          H0 Scaling Correction Factor      1.3437
            for MLR

Information Criteria

          Akaike (AIC)                    4296.538
          Bayesian (BIC)                  4350.130
          Sample-Size Adjusted BIC        4308.872
            (n* = (n + 2) / 24)



MODEL RESULTS

                                                    Two-Tailed
                    Estimate       S.E.  Est./S.E.    P-Value

 IA         ON
    AGE_C80           -0.079      0.027     -2.890      0.004

 SA         ON
    AGE_C80            0.021      0.016      1.326      0.185

 QA         ON
    AGE_C80           -0.003      0.003     -1.022      0.307

 IA       WITH
    SA                -0.149      0.101     -1.471      0.141
    QA                 0.012      0.014      0.863      0.388

 SA       WITH
    QA                -0.008      0.013     -0.612      0.541

 Intercepts
    A_01               0.000      0.000    999.000    999.000
    A_02               0.000      0.000    999.000    999.000
    A_03               0.000      0.000    999.000    999.000
    A_04               0.000      0.000    999.000    999.000
    IA                 3.663      0.117     31.328      0.000
    SA                -0.091      0.069     -1.316      0.188
    QA                 0.004      0.011      0.345      0.730

 Residual Variances
    A_01               1.048      0.125      8.381      0.000
    A_02               1.048      0.125      8.381      0.000
    A_03               1.048      0.125      8.381      0.000
    A_04               1.048      0.125      8.381      0.000
    IA                 1.033      0.209      4.937      0.000
    SA                 0.084      0.089      0.949      0.343
    QA                 0.001      0.002      0.394      0.693


QUALITY OF NUMERICAL RESULTS

     Condition Number for the Information Matrix              0.215E-04
       (ratio of smallest to largest eigenvalue)


CONFIDENCE INTERVALS OF MODEL RESULTS

                  Lower .5%  Lower 2.5%    Lower 5%    Estimate    Upper 5%  Upper 2.5%   Upper .5%

 IA       ON
    AGE_C80         -0.150      -0.133      -0.124      -0.079      -0.034      -0.026      -0.009

 SA       ON
    AGE_C80         -0.020      -0.010      -0.005       0.021       0.048       0.053       0.062

 QA       ON
    AGE_C80         -0.009      -0.008      -0.007      -0.003       0.002       0.002       0.004

 IA       WITH
    SA              -0.410      -0.347      -0.315      -0.149       0.018       0.049       0.112
    QA              -0.024      -0.015      -0.011       0.012       0.035       0.039       0.048

 SA       WITH
    QA              -0.042      -0.034      -0.030      -0.008       0.014       0.018       0.026

 Intercepts
    A_01             0.000       0.000       0.000       0.000       0.000       0.000       0.000
    A_02             0.000       0.000       0.000       0.000       0.000       0.000       0.000
    A_03             0.000       0.000       0.000       0.000       0.000       0.000       0.000
    A_04             0.000       0.000       0.000       0.000       0.000       0.000       0.000
    IA               3.362       3.434       3.471       3.663       3.855       3.892       3.964
    SA              -0.268      -0.226      -0.204      -0.091       0.023       0.044       0.087
    QA              -0.024      -0.018      -0.014       0.004       0.022       0.025       0.032

 Residual Variances
    A_01             0.726       0.803       0.842       1.048       1.254       1.293       1.370
    A_02             0.726       0.803       0.842       1.048       1.254       1.293       1.370
    A_03             0.726       0.803       0.842       1.048       1.254       1.293       1.370
    A_04             0.726       0.803       0.842       1.048       1.254       1.293       1.370
    IA               0.494       0.623       0.689       1.033       1.377       1.443       1.572
    SA              -0.144      -0.090      -0.062       0.084       0.230       0.258       0.312
    QA              -0.005      -0.003      -0.003       0.001       0.004       0.005       0.006


SAMPLE STATISTICS FOR ESTIMATED FACTOR SCORES


     SAMPLE STATISTICS


           Means
              IA            IA_SE         SA            SA_SE         QA
              ________      ________      ________      ________      ________
 1              3.168         0.655        -0.026         0.261        -0.004


           Means
              QA_SE
              ________
 1              0.026


           Covariances
              IA            IA_SE         SA            SA_SE         QA
              ________      ________      ________      ________      ________
 IA             0.863
 IA_SE         -0.009         0.003
 SA            -0.071         0.001         0.024
 SA_SE         -0.002         0.000         0.000         0.000
 QA             0.006         0.000        -0.002         0.000         0.000
 QA_SE          0.000         0.000         0.000         0.000         0.000


           Covariances
              QA_SE
              ________
 QA_SE          0.000


           Correlations
              IA            IA_SE         SA            SA_SE         QA
              ________      ________      ________      ________      ________
 IA             1.000
 IA_SE         -0.173         1.000
 SA            -0.488         0.178         1.000
 SA_SE         -0.208         0.875         0.196         1.000
 QA             0.395        -0.180        -0.984        -0.193         1.000
 QA_SE         -0.198         0.867         0.209         0.993        -0.206


           Correlations
              QA_SE
              ________
 QA_SE          1.000


RESULTS SAVING INFORMATION

  Order of data

    Parameter estimates
     (saved in order shown in Technical 1 output)
    Standard errors
     (saved in order shown in Technical 1 output)
    H0 Loglikelihood
    H0 Scaling Correction Factor for MLR
    Number of Free Parameters
    Akaike (AIC)
    Bayesian (BIC)
    Sample-Size Adjusted BIC

  Save file
    u2_1234_a_digitspanbackward_results.dat

  Save file format           Free


PLOT INFORMATION

The following plots are available:

  Histograms (sample values, estimated factor scores)
  Scatterplots (sample values, estimated factor scores)
  Latent variable distribution plots

SAVEDATA INFORMATION


  Save file
    u2_1234_a_digitspanbackward_fscores.dat

  Order and format of variables

    A_01           F10.3
    A_02           F10.3
    A_03           F10.3
    A_04           F10.3
    AGE_C80        F10.3
    TIME_01        F10.3
    TIME_02        F10.3
    TIME_03        F10.3
    TIME_04        F10.3
    _WEIGHT        F10.3
    IA             F10.3
    IA_SE          F10.3
    SA             F10.3
    SA_SE          F10.3
    QA             F10.3
    QA_SE          F10.3
    PAIRID         I6

  Save file format
    16F10.3 I6

  Save file record length    10000


     Beginning Time:  12:02:25
        Ending Time:  12:02:27
       Elapsed Time:  00:00:02



MUTHEN & MUTHEN
3463 Stoner Ave.
Los Angeles, CA  90066

Tel: (310) 391-9971
Fax: (310) 391-8971
Web: www.StatModel.com
Support: Support@StatModel.com

Copyright (c) 1998-2014 Muthen & Muthen
