Mplus VERSION 7.3
MUTHEN & MUTHEN
12/17/2016   6:23 PM

INPUT INSTRUCTIONS

  TITLE:
  Script produced from the prototype in ./sandbox/syntax-creator/
  DATA:
  File = wide-dataset.dat ;
  VARIABLE:
  NAMES are
   Case PairID female age_c80 edu_c7 sbp_c167 smoke cardio diabetes dementia_ever
      years_since_bl_01 years_since_bl_02 years_since_bl_03 years_since_bl_04
      years_since_bl_05 pef_01 pef_02 pef_03 pef_04 pef_05 grip_01 grip_02 grip_03
      grip_04 grip_05 gait_01 gait_02 gait_03 gait_04 gait_05 block_01 block_02
      block_03 block_04 block_05 digitspanbackward_01 digitspanbackward_02
      digitspanbackward_03 digitspanbackward_04 digitspanbackward_05
      digitspanforward_01 digitspanforward_02 digitspanforward_03 digitspanforward_04
      digitspanforward_05 symbol_01 symbol_02 symbol_03 symbol_04 symbol_05 prose_01
      prose_02 prose_03 prose_04 prose_05 info_01 info_02 info_03 info_04 info_05
      synonyms_01 synonyms_02 synonyms_03 synonyms_04 synonyms_05 psif_01 psif_02
      psif_03 psif_04 psif_05 figure_01 figure_02 figure_03 figure_04 figure_05
      mirrecall_01 mirrecall_02 mirrecall_03 mirrecall_04 mirrecall_05 mmse_01 mmse_02
      mmse_03 mmse_04 mmse_05 mirnaming_01 mirnaming_02 mirnaming_03 mirnaming_04
      mirnaming_05 mirrecog_01 mirrecog_02 mirrecog_03 mirrecog_04 mirrecog_05
      clock_01 clock_02 clock_03 clock_04 clock_05
  	;
  Missing are all (-9999);
  USEVARIABLES are
  	!define the variables used in the analysis
  	! covariates used in the model
  age_c80
  edu_c7
  female	
  	!estimated time points
  time_01
  time_03
  time_04
  	!modelled time points of process (A)
  a_01
  a_03
  a_04
  ;
  TSCORES are
  	!estimated time points
  time_01
  time_03
  time_04;
  CLUSTER = PairID;
  SUBPOPULATION are
  	!select a subset of observations
  dementia_ever NE 1
  ;
  DEFINE:
  	! assign variables to the process (A)
  a_01 = digitspanbackward_01;
  a_03 = digitspanbackward_03;
  a_04 = digitspanbackward_04;
  	!assign variables to time points
  time_01 = years_since_bl_01;
  time_03 = years_since_bl_03;
  time_04 = years_since_bl_04;
  	
  ANALYSIS: TYPE = RANDOM COMPLEX;
  COVERAGE=.00;
  MODEL:
  	!first-level equation
  	! assign process (A) to time points
  ia sa qa | a_01 AT time_01 ;
  ia sa qa | a_03 AT time_03 ;
  ia sa qa | a_04 AT time_04 ;
  	!variance of the first-level terms
  ia (v_ia);
  sa (v_sa);
  qa (v_qa);
  	!covariance among first-level terms
  ia WITH sa (c_iasa);
  ia WITH qa (c_iaqa);
  sa WITH qa (c_saqa);
  	!second-level equation
  ia sa qa ON age_c80
  edu_c7
  female;
  	!residual covariance of process (A)
  a_01 (res_a);
  a_03 (res_a);
  a_04 (res_a);	
  SAVEDATA:
  FILE is   u2_134_aef_digitspanbackward_fscores.dat;
  SAVE = FSCORES;
  RESULTS are   u2_134_aef_digitspanbackward_results.dat;
  	
  OUTPUT: sampstat cinterval;
  PLOT: Type is Plot1 Plot2 Plot3;



*** WARNING
  Data set contains cases with missing on x-variables.
  These cases were not included in the analysis.
  Number of cases with missing on x-variables:  46
*** WARNING
  Data set contains cases with missing on all variables except
  x-variables.  These cases were not included in the analysis.
  Number of cases with missing on all variables except x-variables:  34
   2 WARNING(S) FOUND IN THE INPUT INSTRUCTIONS




Script produced from the prototype in ./sandbox/syntax-creator/

SUMMARY OF ANALYSIS

Number of groups                                                 1
Number of observations                                         448

Number of dependent variables                                    3
Number of independent variables                                  3
Number of continuous latent variables                            3

Observed dependent variables

  Continuous
   A_01        A_03        A_04

Observed independent variables
   AGE_C80     EDU_C7      FEMALE

Continuous latent variables
   IA          SA          QA

Variables with special functions

  Cluster variable      PAIRID
  Weight variable       _WEIGHT

  Time scores
   TIME_01     TIME_03     TIME_04


Estimator                                                      MLR
Information matrix                                        OBSERVED
Maximum number of iterations                                   100
Convergence criterion                                    0.100D-05
Maximum number of EM iterations                                500
Convergence criteria for the EM algorithm
  Loglikelihood change                                   0.100D-02
  Relative loglikelihood change                          0.100D-05
  Derivative                                             0.100D-03
Minimum variance                                         0.100D-03
Maximum number of steepest descent iterations                   20
Maximum number of iterations for H1                           2000
Convergence criterion for H1                             0.100D-03
Optimization algorithm                                         EMA

Input data file(s)
  wide-dataset.dat
Input data format  FREE



SAMPLE STATISTICS


     ESTIMATED SAMPLE STATISTICS


           Means
              A_01          A_03          A_04          AGE_C80       EDU_C7
              ________      ________      ________      ________      ________
 1              3.401         3.228         3.123         3.293         0.328


           Means
              FEMALE
              ________
 1              0.652


           Covariances
              A_01          A_03          A_04          AGE_C80       EDU_C7
              ________      ________      ________      ________      ________
 A_01           2.168
 A_03           0.739         1.804
 A_04           0.662         0.922         1.647
 AGE_C80       -0.725        -0.307        -0.562         9.175
 EDU_C7         0.841         0.870         1.015        -0.521         6.265
 FEMALE         0.055         0.028         0.059         0.100        -0.134


           Covariances
              FEMALE
              ________
 FEMALE         0.227


           Correlations
              A_01          A_03          A_04          AGE_C80       EDU_C7
              ________      ________      ________      ________      ________
 A_01           1.000
 A_03           0.374         1.000
 A_04           0.351         0.535         1.000
 AGE_C80       -0.162        -0.075        -0.145         1.000
 EDU_C7         0.228         0.259         0.316        -0.069         1.000
 FEMALE         0.079         0.043         0.096         0.069        -0.112


           Correlations
              FEMALE
              ________
 FEMALE         1.000


     MAXIMUM LOG-LIKELIHOOD VALUE FOR THE UNRESTRICTED (H1) MODEL IS -5549.200


UNIVARIATE HIGHER-ORDER MOMENT DESCRIPTIVE STATISTICS


     UNIVARIATE HIGHER-ORDER MOMENT DESCRIPTIVE STATISTICS

         Variable/         Mean/     Skewness/   Minimum/ % with                Percentiles
        Sample Size      Variance    Kurtosis    Maximum  Min/Max      20%/60%    40%/80%    Median

     A_01                  3.408      -0.892       0.000   14.61%       3.000      3.000      3.000
             609.000       2.164       1.209       8.000    0.16%       4.000      4.000
     A_03                  3.269      -1.278       0.000   21.93%       0.000      3.000      3.000
             383.000       1.813       1.534       7.000    0.26%       4.000      4.000
     A_04                  3.182      -1.334       0.000   21.28%       0.000      3.000      3.000
             282.000       1.632       1.798       6.000    1.42%       3.000      4.000
     AGE_C80               3.293       1.495      -0.630    0.16%       0.875      1.805      2.417
             622.000       9.175       3.060      17.918    0.16%       3.216      5.784
     EDU_C7                0.328       2.152      -7.000    0.16%      -1.000     -1.000     -1.000
             622.000       6.265       6.975      16.000    0.16%       0.000      1.000
     FEMALE                0.652      -0.637       0.000   34.24%       0.000      1.000      1.000
             622.000       0.227      -1.594       1.000   65.76%       1.000      1.000


THE MODEL ESTIMATION TERMINATED NORMALLY



MODEL FIT INFORMATION

Number of Free Parameters                       19

Loglikelihood

          H0 Value                       -1519.920
          H0 Scaling Correction Factor      1.2777
            for MLR

Information Criteria

          Akaike (AIC)                    3077.840
          Bayesian (BIC)                  3155.831
          Sample-Size Adjusted BIC        3095.533
            (n* = (n + 2) / 24)



MODEL RESULTS

                                                    Two-Tailed
                    Estimate       S.E.  Est./S.E.    P-Value

 IA         ON
    AGE_C80           -0.075      0.025     -2.988      0.003
    EDU_C7             0.136      0.023      5.783      0.000
    FEMALE             0.354      0.163      2.176      0.030

 SA         ON
    AGE_C80            0.029      0.022      1.321      0.186
    EDU_C7            -0.005      0.018     -0.298      0.766
    FEMALE            -0.119      0.116     -1.019      0.308

 QA         ON
    AGE_C80           -0.004      0.004     -1.186      0.235
    EDU_C7             0.002      0.003      0.558      0.577
    FEMALE             0.021      0.020      1.042      0.297

 IA       WITH
    SA                -0.285      0.268     -1.062      0.288
    QA                 0.021      0.029      0.722      0.470

 SA       WITH
    QA                -0.044      0.089     -0.493      0.622

 Intercepts
    A_01               0.000      0.000    999.000    999.000
    A_03               0.000      0.000    999.000    999.000
    A_04               0.000      0.000    999.000    999.000
    IA                 3.372      0.163     20.637      0.000
    SA                -0.051      0.107     -0.475      0.635
    QA                -0.002      0.018     -0.112      0.911

 Residual Variances
    A_01               0.577      0.622      0.927      0.354
    A_03               0.577      0.622      0.927      0.354
    A_04               0.577      0.622      0.927      0.354
    IA                 1.403      0.628      2.235      0.025
    SA                 0.325      0.543      0.599      0.549
    QA                 0.007      0.016      0.430      0.667


QUALITY OF NUMERICAL RESULTS

     Condition Number for the Information Matrix              0.153E-06
       (ratio of smallest to largest eigenvalue)


CONFIDENCE INTERVALS OF MODEL RESULTS

                  Lower .5%  Lower 2.5%    Lower 5%    Estimate    Upper 5%  Upper 2.5%   Upper .5%

 IA       ON
    AGE_C80         -0.140      -0.124      -0.116      -0.075      -0.034      -0.026      -0.010
    EDU_C7           0.075       0.090       0.097       0.136       0.174       0.182       0.196
    FEMALE          -0.065       0.035       0.086       0.354       0.622       0.674       0.774

 SA       ON
    AGE_C80         -0.027      -0.014      -0.007       0.029       0.065       0.072       0.085
    EDU_C7          -0.053      -0.042      -0.036      -0.005       0.025       0.031       0.042
    FEMALE          -0.418      -0.346      -0.310      -0.119       0.073       0.109       0.181

 QA       ON
    AGE_C80         -0.013      -0.011      -0.010      -0.004       0.002       0.003       0.005
    EDU_C7          -0.006      -0.004      -0.003       0.002       0.007       0.008       0.009
    FEMALE          -0.030      -0.018      -0.012       0.021       0.053       0.059       0.072

 IA       WITH
    SA              -0.975      -0.810      -0.725      -0.285       0.156       0.241       0.406
    QA              -0.054      -0.036      -0.027       0.021       0.069       0.079       0.097

 SA       WITH
    QA              -0.274      -0.219      -0.191      -0.044       0.103       0.131       0.186

 Intercepts
    A_01             0.000       0.000       0.000       0.000       0.000       0.000       0.000
    A_03             0.000       0.000       0.000       0.000       0.000       0.000       0.000
    A_04             0.000       0.000       0.000       0.000       0.000       0.000       0.000
    IA               2.952       3.052       3.104       3.372       3.641       3.693       3.793
    SA              -0.326      -0.260      -0.226      -0.051       0.125       0.159       0.225
    QA              -0.048      -0.037      -0.031      -0.002       0.027       0.033       0.044

 Residual Variances
    A_01            -1.026      -0.643      -0.447       0.577       1.600       1.796       2.179
    A_03            -1.026      -0.643      -0.447       0.577       1.600       1.796       2.179
    A_04            -1.026      -0.643      -0.447       0.577       1.600       1.796       2.179
    IA              -0.214       0.173       0.370       1.403       2.435       2.633       3.019
    SA              -1.073      -0.739      -0.568       0.325       1.219       1.390       1.724
    QA              -0.033      -0.024      -0.019       0.007       0.032       0.037       0.047


SAMPLE STATISTICS FOR ESTIMATED FACTOR SCORES


     SAMPLE STATISTICS


           Means
              IA            IA_SE         SA            SA_SE         QA
              ________      ________      ________      ________      ________
 1              3.232         0.638        -0.069         0.466         0.003


           Means
              QA_SE
              ________
 1              0.071


           Covariances
              IA            IA_SE         SA            SA_SE         QA
              ________      ________      ________      ________      ________
 IA             1.321
 IA_SE         -0.006         0.004
 SA            -0.205         0.001         0.154
 SA_SE         -0.006         0.001         0.004         0.003
 QA             0.016         0.000        -0.018         0.000         0.002
 QA_SE         -0.001         0.000         0.001         0.000         0.000


           Covariances
              QA_SE
              ________
 QA_SE          0.000


           Correlations
              IA            IA_SE         SA            SA_SE         QA
              ________      ________      ________      ________      ________
 IA             1.000
 IA_SE         -0.084         1.000
 SA            -0.455         0.021         1.000
 SA_SE         -0.103         0.270         0.200         1.000
 QA             0.286        -0.032        -0.950        -0.182         1.000
 QA_SE         -0.103         0.151         0.198         0.987        -0.175


           Correlations
              QA_SE
              ________
 QA_SE          1.000


RESULTS SAVING INFORMATION

  Order of data

    Parameter estimates
     (saved in order shown in Technical 1 output)
    Standard errors
     (saved in order shown in Technical 1 output)
    H0 Loglikelihood
    H0 Scaling Correction Factor for MLR
    Number of Free Parameters
    Akaike (AIC)
    Bayesian (BIC)
    Sample-Size Adjusted BIC

  Save file
    u2_134_aef_digitspanbackward_results.dat

  Save file format           Free


PLOT INFORMATION

The following plots are available:

  Histograms (sample values, estimated factor scores)
  Scatterplots (sample values, estimated factor scores)
  Latent variable distribution plots

SAVEDATA INFORMATION


  Save file
    u2_134_aef_digitspanbackward_fscores.dat

  Order and format of variables

    A_01           F10.3
    A_03           F10.3
    A_04           F10.3
    AGE_C80        F10.3
    EDU_C7         F10.3
    FEMALE         F10.3
    TIME_01        F10.3
    TIME_03        F10.3
    TIME_04        F10.3
    _WEIGHT        F10.3
    IA             F10.3
    IA_SE          F10.3
    SA             F10.3
    SA_SE          F10.3
    QA             F10.3
    QA_SE          F10.3
    PAIRID         I6

  Save file format
    16F10.3 I6

  Save file record length    10000


     Beginning Time:  18:23:50
        Ending Time:  18:23:52
       Elapsed Time:  00:00:02



MUTHEN & MUTHEN
3463 Stoner Ave.
Los Angeles, CA  90066

Tel: (310) 391-9971
Fax: (310) 391-8971
Web: www.StatModel.com
Support: Support@StatModel.com

Copyright (c) 1998-2014 Muthen & Muthen
