Mplus VERSION 7.3
MUTHEN & MUTHEN
12/17/2016   6:13 PM

INPUT INSTRUCTIONS

  TITLE:
  Script produced from the prototype in ./sandbox/syntax-creator/
  DATA:
  File = wide-dataset.dat ;
  VARIABLE:
  NAMES are
   Case PairID female age_c80 edu_c7 sbp_c167 smoke cardio diabetes dementia_ever
      years_since_bl_01 years_since_bl_02 years_since_bl_03 years_since_bl_04
      years_since_bl_05 pef_01 pef_02 pef_03 pef_04 pef_05 grip_01 grip_02 grip_03
      grip_04 grip_05 gait_01 gait_02 gait_03 gait_04 gait_05 block_01 block_02
      block_03 block_04 block_05 digitspanbackward_01 digitspanbackward_02
      digitspanbackward_03 digitspanbackward_04 digitspanbackward_05
      digitspanforward_01 digitspanforward_02 digitspanforward_03 digitspanforward_04
      digitspanforward_05 symbol_01 symbol_02 symbol_03 symbol_04 symbol_05 prose_01
      prose_02 prose_03 prose_04 prose_05 info_01 info_02 info_03 info_04 info_05
      synonyms_01 synonyms_02 synonyms_03 synonyms_04 synonyms_05 psif_01 psif_02
      psif_03 psif_04 psif_05 figure_01 figure_02 figure_03 figure_04 figure_05
      mirrecall_01 mirrecall_02 mirrecall_03 mirrecall_04 mirrecall_05 mmse_01 mmse_02
      mmse_03 mmse_04 mmse_05 mirnaming_01 mirnaming_02 mirnaming_03 mirnaming_04
      mirnaming_05 mirrecog_01 mirrecog_02 mirrecog_03 mirrecog_04 mirrecog_05
      clock_01 clock_02 clock_03 clock_04 clock_05
  	;
  Missing are all (-9999);
  USEVARIABLES are
  	!define the variables used in the analysis
  	! covariates used in the model
  age_c80	
  	!estimated time points
  time_01
  time_02
  time_05
  	!modelled time points of process (A)
  a_01
  a_02
  a_05
  ;
  TSCORES are
  	!estimated time points
  time_01
  time_02
  time_05;
  CLUSTER = PairID;
  SUBPOPULATION are
  	!select a subset of observations
  dementia_ever NE 1
  ;
  DEFINE:
  	! assign variables to the process (A)
  a_01 = digitspanbackward_01;
  a_02 = digitspanbackward_02;
  a_05 = digitspanbackward_05;
  	!assign variables to time points
  time_01 = years_since_bl_01;
  time_02 = years_since_bl_02;
  time_05 = years_since_bl_05;
  	
  ANALYSIS: TYPE = RANDOM COMPLEX;
  COVERAGE=.00;
  MODEL:
  	!first-level equation
  	! assign process (A) to time points
  ia sa qa | a_01 AT time_01 ;
  ia sa qa | a_02 AT time_02 ;
  ia sa qa | a_05 AT time_05 ;
  	!variance of the first-level terms
  ia (v_ia);
  sa (v_sa);
  qa (v_qa);
  	!covariance among first-level terms
  ia WITH sa (c_iasa);
  ia WITH qa (c_iaqa);
  sa WITH qa (c_saqa);
  	!second-level equation
  ia sa qa ON age_c80;
  	!residual covariance of process (A)
  a_01 (res_a);
  a_02 (res_a);
  a_05 (res_a);	
  SAVEDATA:
  FILE is   u2_125_a_digitspanbackward_fscores.dat;
  SAVE = FSCORES;
  RESULTS are   u2_125_a_digitspanbackward_results.dat;
  	
  OUTPUT: sampstat cinterval;
  PLOT: Type is Plot1 Plot2 Plot3;



*** WARNING
  Data set contains cases with missing on all variables except
  x-variables.  These cases were not included in the analysis.
  Number of cases with missing on all variables except x-variables:  46
   1 WARNING(S) FOUND IN THE INPUT INSTRUCTIONS




Script produced from the prototype in ./sandbox/syntax-creator/

SUMMARY OF ANALYSIS

Number of groups                                                 1
Number of observations                                         454

Number of dependent variables                                    3
Number of independent variables                                  1
Number of continuous latent variables                            3

Observed dependent variables

  Continuous
   A_01        A_02        A_05

Observed independent variables
   AGE_C80

Continuous latent variables
   IA          SA          QA

Variables with special functions

  Cluster variable      PAIRID
  Weight variable       _WEIGHT

  Time scores
   TIME_01     TIME_02     TIME_05


Estimator                                                      MLR
Information matrix                                        OBSERVED
Maximum number of iterations                                   100
Convergence criterion                                    0.100D-05
Maximum number of EM iterations                                500
Convergence criteria for the EM algorithm
  Loglikelihood change                                   0.100D-02
  Relative loglikelihood change                          0.100D-05
  Derivative                                             0.100D-03
Minimum variance                                         0.100D-03
Maximum number of steepest descent iterations                   20
Maximum number of iterations for H1                           2000
Convergence criterion for H1                             0.100D-03
Optimization algorithm                                         EMA

Input data file(s)
  wide-dataset.dat
Input data format  FREE



SAMPLE STATISTICS


     ESTIMATED SAMPLE STATISTICS


           Means
              A_01          A_02          A_05          AGE_C80
              ________      ________      ________      ________
 1              3.400         3.356         2.883         3.331


           Covariances
              A_01          A_02          A_05          AGE_C80
              ________      ________      ________      ________
 A_01           2.166
 A_02           0.735         1.857
 A_05           0.734         0.453         1.627
 AGE_C80       -0.715        -0.458        -0.741         9.291


           Correlations
              A_01          A_02          A_05          AGE_C80
              ________      ________      ________      ________
 A_01           1.000
 A_02           0.367         1.000
 A_05           0.391         0.261         1.000
 AGE_C80       -0.159        -0.110        -0.190         1.000


     MAXIMUM LOG-LIKELIHOOD VALUE FOR THE UNRESTRICTED (H1) MODEL IS -4015.407


UNIVARIATE HIGHER-ORDER MOMENT DESCRIPTIVE STATISTICS


     UNIVARIATE HIGHER-ORDER MOMENT DESCRIPTIVE STATISTICS

         Variable/         Mean/     Skewness/   Minimum/ % with                Percentiles
        Sample Size      Variance    Kurtosis    Maximum  Min/Max      20%/60%    40%/80%    Median

     A_01                  3.408      -0.892       0.000   16.45%       3.000      3.000      3.000
             626.000       2.164       1.209       8.000    0.16%       4.000      4.000
     A_02                  3.378      -1.020       0.000   18.44%       3.000      3.000      3.000
             526.000       1.865       1.738       7.000    0.76%       4.000      4.000
     A_05                  3.006      -1.345       0.000   17.71%       3.000      3.000      3.000
             192.000       1.614       1.437       6.000    1.56%       3.000      4.000
     AGE_C80               3.331       1.462      -0.630    0.15%       0.888      1.842      2.487
             656.000       9.291       2.875      17.918    0.15%       3.351      5.921


THE MODEL ESTIMATION TERMINATED NORMALLY



MODEL FIT INFORMATION

Number of Free Parameters                       13

Loglikelihood

          H0 Value                       -1629.413
          H0 Scaling Correction Factor      1.3255
            for MLR

Information Criteria

          Akaike (AIC)                    3284.826
          Bayesian (BIC)                  3338.361
          Sample-Size Adjusted BIC        3297.104
            (n* = (n + 2) / 24)



MODEL RESULTS

                                                    Two-Tailed
                    Estimate       S.E.  Est./S.E.    P-Value

 IA         ON
    AGE_C80           -0.078      0.027     -2.843      0.004

 SA         ON
    AGE_C80            0.021      0.016      1.271      0.204

 QA         ON
    AGE_C80           -0.003      0.002     -1.299      0.194

 IA       WITH
    SA                -0.299      0.557     -0.538      0.591
    QA                 0.029      0.056      0.523      0.601

 SA       WITH
    QA                -0.032      0.084     -0.387      0.699

 Intercepts
    A_01               0.000      0.000    999.000    999.000
    A_02               0.000      0.000    999.000    999.000
    A_05               0.000      0.000    999.000    999.000
    IA                 3.659      0.118     31.046      0.000
    SA                -0.075      0.073     -1.026      0.305
    QA                 0.002      0.009      0.181      0.856

 Residual Variances
    A_01               0.928      0.909      1.021      0.307
    A_02               0.928      0.909      1.021      0.307
    A_05               0.928      0.909      1.021      0.307
    IA                 1.192      0.919      1.297      0.195
    SA                 0.279      0.730      0.382      0.702
    QA                 0.004      0.010      0.389      0.698


QUALITY OF NUMERICAL RESULTS

     Condition Number for the Information Matrix              0.158E-07
       (ratio of smallest to largest eigenvalue)


CONFIDENCE INTERVALS OF MODEL RESULTS

                  Lower .5%  Lower 2.5%    Lower 5%    Estimate    Upper 5%  Upper 2.5%   Upper .5%

 IA       ON
    AGE_C80         -0.149      -0.132      -0.123      -0.078      -0.033      -0.024      -0.007

 SA       ON
    AGE_C80         -0.021      -0.011      -0.006       0.021       0.047       0.052       0.062

 QA       ON
    AGE_C80         -0.008      -0.007      -0.006      -0.003       0.001       0.001       0.003

 IA       WITH
    SA              -1.733      -1.390      -1.215      -0.299       0.616       0.792       1.134
    QA              -0.114      -0.080      -0.062       0.029       0.121       0.138       0.172

 SA       WITH
    QA              -0.248      -0.197      -0.170      -0.032       0.105       0.132       0.183

 Intercepts
    A_01             0.000       0.000       0.000       0.000       0.000       0.000       0.000
    A_02             0.000       0.000       0.000       0.000       0.000       0.000       0.000
    A_05             0.000       0.000       0.000       0.000       0.000       0.000       0.000
    IA               3.356       3.428       3.465       3.659       3.853       3.890       3.963
    SA              -0.263      -0.218      -0.195      -0.075       0.045       0.068       0.113
    QA              -0.021      -0.015      -0.013       0.002       0.016       0.019       0.024

 Residual Variances
    A_01            -1.413      -0.853      -0.567       0.928       2.422       2.708       3.268
    A_02            -1.413      -0.853      -0.567       0.928       2.422       2.708       3.268
    A_05            -1.413      -0.853      -0.567       0.928       2.422       2.708       3.268
    IA              -1.175      -0.609      -0.320       1.192       2.703       2.992       3.558
    SA              -1.601      -1.152      -0.922       0.279       1.480       1.710       2.159
    QA              -0.022      -0.016      -0.013       0.004       0.020       0.023       0.030


SAMPLE STATISTICS FOR ESTIMATED FACTOR SCORES


     SAMPLE STATISTICS


           Means
              IA            IA_SE         SA            SA_SE         QA
              ________      ________      ________      ________      ________
 1              3.202         0.691         0.000         0.457        -0.007


           Means
              QA_SE
              ________
 1              0.055


           Covariances
              IA            IA_SE         SA            SA_SE         QA
              ________      ________      ________      ________      ________
 IA             0.952
 IA_SE         -0.010         0.004
 SA            -0.155         0.000         0.085
 SA_SE         -0.004         0.001         0.001         0.000
 QA             0.014         0.000        -0.010         0.000         0.001
 QA_SE          0.000         0.000         0.000         0.000         0.000


           Covariances
              QA_SE
              ________
 QA_SE          0.000


           Correlations
              IA            IA_SE         SA            SA_SE         QA
              ________      ________      ________      ________      ________
 IA             1.000
 IA_SE         -0.157         1.000
 SA            -0.545         0.007         1.000
 SA_SE         -0.175         0.821         0.081         1.000
 QA             0.421         0.015        -0.987        -0.060         1.000
 QA_SE         -0.183         0.707         0.103         0.977        -0.082


           Correlations
              QA_SE
              ________
 QA_SE          1.000


RESULTS SAVING INFORMATION

  Order of data

    Parameter estimates
     (saved in order shown in Technical 1 output)
    Standard errors
     (saved in order shown in Technical 1 output)
    H0 Loglikelihood
    H0 Scaling Correction Factor for MLR
    Number of Free Parameters
    Akaike (AIC)
    Bayesian (BIC)
    Sample-Size Adjusted BIC

  Save file
    u2_125_a_digitspanbackward_results.dat

  Save file format           Free


PLOT INFORMATION

The following plots are available:

  Histograms (sample values, estimated factor scores)
  Scatterplots (sample values, estimated factor scores)
  Latent variable distribution plots

SAVEDATA INFORMATION


  Save file
    u2_125_a_digitspanbackward_fscores.dat

  Order and format of variables

    A_01           F10.3
    A_02           F10.3
    A_05           F10.3
    AGE_C80        F10.3
    TIME_01        F10.3
    TIME_02        F10.3
    TIME_05        F10.3
    _WEIGHT        F10.3
    IA             F10.3
    IA_SE          F10.3
    SA             F10.3
    SA_SE          F10.3
    QA             F10.3
    QA_SE          F10.3
    PAIRID         I6

  Save file format
    14F10.3 I6

  Save file record length    10000


     Beginning Time:  18:13:58
        Ending Time:  18:14:05
       Elapsed Time:  00:00:07



MUTHEN & MUTHEN
3463 Stoner Ave.
Los Angeles, CA  90066

Tel: (310) 391-9971
Fax: (310) 391-8971
Web: www.StatModel.com
Support: Support@StatModel.com

Copyright (c) 1998-2014 Muthen & Muthen
