Mplus VERSION 7.3
MUTHEN & MUTHEN
12/17/2016  12:04 PM

INPUT INSTRUCTIONS

  TITLE:
  Script produced from the prototype in ./sandbox/syntax-creator/
  DATA:
  File = wide-dataset.dat ;
  VARIABLE:
  NAMES are
   Case PairID female age_c80 edu_c7 sbp_c167 smoke cardio diabetes dementia_ever
      years_since_bl_01 years_since_bl_02 years_since_bl_03 years_since_bl_04
      years_since_bl_05 pef_01 pef_02 pef_03 pef_04 pef_05 grip_01 grip_02 grip_03
      grip_04 grip_05 gait_01 gait_02 gait_03 gait_04 gait_05 block_01 block_02
      block_03 block_04 block_05 digitspanbackward_01 digitspanbackward_02
      digitspanbackward_03 digitspanbackward_04 digitspanbackward_05
      digitspanforward_01 digitspanforward_02 digitspanforward_03 digitspanforward_04
      digitspanforward_05 symbol_01 symbol_02 symbol_03 symbol_04 symbol_05 prose_01
      prose_02 prose_03 prose_04 prose_05 info_01 info_02 info_03 info_04 info_05
      synonyms_01 synonyms_02 synonyms_03 synonyms_04 synonyms_05 psif_01 psif_02
      psif_03 psif_04 psif_05 figure_01 figure_02 figure_03 figure_04 figure_05
      mirrecall_01 mirrecall_02 mirrecall_03 mirrecall_04 mirrecall_05 mmse_01 mmse_02
      mmse_03 mmse_04 mmse_05 mirnaming_01 mirnaming_02 mirnaming_03 mirnaming_04
      mirnaming_05 mirrecog_01 mirrecog_02 mirrecog_03 mirrecog_04 mirrecog_05
      clock_01 clock_02 clock_03 clock_04 clock_05
  	;
  Missing are all (-9999);
  USEVARIABLES are
  	!define the variables used in the analysis
  	! covariates used in the model
  age_c80
  edu_c7
  female	
  	!estimated time points
  time_01
  time_03
  time_04
  time_05
  	!modelled time points of process (A)
  a_01
  a_03
  a_04
  a_05
  ;
  TSCORES are
  	!estimated time points
  time_01
  time_03
  time_04
  time_05;
  CLUSTER = PairID;
  SUBPOPULATION are
  	!select a subset of observations
  dementia_ever NE 1
  ;
  DEFINE:
  	! assign variables to the process (A)
  a_01 = digitspanbackward_01;
  a_03 = digitspanbackward_03;
  a_04 = digitspanbackward_04;
  a_05 = digitspanbackward_05;
  	!assign variables to time points
  time_01 = years_since_bl_01;
  time_03 = years_since_bl_03;
  time_04 = years_since_bl_04;
  time_05 = years_since_bl_05;
  	
  ANALYSIS: TYPE = RANDOM COMPLEX;
  COVERAGE=.00;
  MODEL:
  	!first-level equation
  	! assign process (A) to time points
  ia sa qa | a_01 AT time_01 ;
  ia sa qa | a_03 AT time_03 ;
  ia sa qa | a_04 AT time_04 ;
  ia sa qa | a_05 AT time_05 ;
  	!variance of the first-level terms
  ia (v_ia);
  sa (v_sa);
  qa (v_qa);
  	!covariance among first-level terms
  ia WITH sa (c_iasa);
  ia WITH qa (c_iaqa);
  sa WITH qa (c_saqa);
  	!second-level equation
  ia sa qa ON age_c80
  edu_c7
  female;
  	!residual covariance of process (A)
  a_01 (res_a);
  a_03 (res_a);
  a_04 (res_a);
  a_05 (res_a);	
  SAVEDATA:
  FILE is   u2_1345_aef_digitspanbackward_fscores.dat;
  SAVE = FSCORES;
  RESULTS are   u2_1345_aef_digitspanbackward_results.dat;
  	
  OUTPUT: sampstat cinterval;
  PLOT: Type is Plot1 Plot2 Plot3;



*** WARNING
  Data set contains cases with missing on x-variables.
  These cases were not included in the analysis.
  Number of cases with missing on x-variables:  46
*** WARNING
  Data set contains cases with missing on all variables except
  x-variables.  These cases were not included in the analysis.
  Number of cases with missing on all variables except x-variables:  34
   2 WARNING(S) FOUND IN THE INPUT INSTRUCTIONS




Script produced from the prototype in ./sandbox/syntax-creator/

SUMMARY OF ANALYSIS

Number of groups                                                 1
Number of observations                                         448

Number of dependent variables                                    4
Number of independent variables                                  3
Number of continuous latent variables                            3

Observed dependent variables

  Continuous
   A_01        A_03        A_04        A_05

Observed independent variables
   AGE_C80     EDU_C7      FEMALE

Continuous latent variables
   IA          SA          QA

Variables with special functions

  Cluster variable      PAIRID
  Weight variable       _WEIGHT

  Time scores
   TIME_01     TIME_03     TIME_04     TIME_05


Estimator                                                      MLR
Information matrix                                        OBSERVED
Maximum number of iterations                                   100
Convergence criterion                                    0.100D-05
Maximum number of EM iterations                                500
Convergence criteria for the EM algorithm
  Loglikelihood change                                   0.100D-02
  Relative loglikelihood change                          0.100D-05
  Derivative                                             0.100D-03
Minimum variance                                         0.100D-03
Maximum number of steepest descent iterations                   20
Maximum number of iterations for H1                           2000
Convergence criterion for H1                             0.100D-03
Optimization algorithm                                         EMA

Input data file(s)
  wide-dataset.dat
Input data format  FREE



SAMPLE STATISTICS


     ESTIMATED SAMPLE STATISTICS


           Means
              A_01          A_03          A_04          A_05          AGE_C80
              ________      ________      ________      ________      ________
 1              3.401         3.227         3.108         2.862         3.293


           Means
              EDU_C7        FEMALE
              ________      ________
 1              0.328         0.652


           Covariances
              A_01          A_03          A_04          A_05          AGE_C80
              ________      ________      ________      ________      ________
 A_01           2.167
 A_03           0.743         1.806
 A_04           0.677         0.926         1.661
 A_05           0.705         0.544         0.763         1.661
 AGE_C80       -0.725        -0.307        -0.592        -0.765         9.175
 EDU_C7         0.841         0.872         1.012         0.535        -0.521
 FEMALE         0.055         0.027         0.058         0.017         0.100


           Covariances
              EDU_C7        FEMALE
              ________      ________
 EDU_C7         6.265
 FEMALE        -0.134         0.227


           Correlations
              A_01          A_03          A_04          A_05          AGE_C80
              ________      ________      ________      ________      ________
 A_01           1.000
 A_03           0.376         1.000
 A_04           0.357         0.535         1.000
 A_05           0.372         0.314         0.459         1.000
 AGE_C80       -0.162        -0.075        -0.152        -0.196         1.000
 EDU_C7         0.228         0.259         0.314         0.166        -0.069
 FEMALE         0.079         0.043         0.094         0.028         0.069


           Correlations
              EDU_C7        FEMALE
              ________      ________
 EDU_C7         1.000
 FEMALE        -0.112         1.000


     MAXIMUM LOG-LIKELIHOOD VALUE FOR THE UNRESTRICTED (H1) MODEL IS -5882.511


UNIVARIATE HIGHER-ORDER MOMENT DESCRIPTIVE STATISTICS


     UNIVARIATE HIGHER-ORDER MOMENT DESCRIPTIVE STATISTICS

         Variable/         Mean/     Skewness/   Minimum/ % with                Percentiles
        Sample Size      Variance    Kurtosis    Maximum  Min/Max      20%/60%    40%/80%    Median

     A_01                  3.408      -0.892       0.000   14.61%       3.000      3.000      3.000
             609.000       2.164       1.209       8.000    0.16%       4.000      4.000
     A_03                  3.269      -1.278       0.000   21.93%       0.000      3.000      3.000
             383.000       1.813       1.534       7.000    0.26%       4.000      4.000
     A_04                  3.182      -1.334       0.000   21.28%       0.000      3.000      3.000
             282.000       1.632       1.798       6.000    1.42%       3.000      4.000
     A_05                  3.006      -1.345       0.000   17.71%       3.000      3.000      3.000
             192.000       1.614       1.437       6.000    1.56%       3.000      4.000
     AGE_C80               3.293       1.495      -0.630    0.16%       0.875      1.805      2.417
             622.000       9.175       3.060      17.918    0.16%       3.216      5.784
     EDU_C7                0.328       2.152      -7.000    0.16%      -1.000     -1.000     -1.000
             622.000       6.265       6.975      16.000    0.16%       0.000      1.000
     FEMALE                0.652      -0.637       0.000   34.24%       0.000      1.000      1.000
             622.000       0.227      -1.594       1.000   65.76%       1.000      1.000


THE MODEL ESTIMATION TERMINATED NORMALLY



MODEL FIT INFORMATION

Number of Free Parameters                       19

Loglikelihood

          H0 Value                       -1761.823
          H0 Scaling Correction Factor      1.2761
            for MLR

Information Criteria

          Akaike (AIC)                    3561.646
          Bayesian (BIC)                  3639.638
          Sample-Size Adjusted BIC        3579.339
            (n* = (n + 2) / 24)



MODEL RESULTS

                                                    Two-Tailed
                    Estimate       S.E.  Est./S.E.    P-Value

 IA         ON
    AGE_C80           -0.075      0.025     -2.999      0.003
    EDU_C7             0.134      0.023      5.746      0.000
    FEMALE             0.348      0.163      2.130      0.033

 SA         ON
    AGE_C80            0.023      0.015      1.563      0.118
    EDU_C7             0.015      0.015      0.970      0.332
    FEMALE            -0.018      0.088     -0.204      0.838

 QA         ON
    AGE_C80           -0.003      0.002     -1.549      0.121
    EDU_C7            -0.002      0.002     -1.074      0.283
    FEMALE             0.001      0.012      0.046      0.963

 IA       WITH
    SA                -0.235      0.071     -3.313      0.001
    QA                 0.019      0.007      2.546      0.011

 SA       WITH
    QA                -0.021      0.007     -3.052      0.002

 Intercepts
    A_01               0.000      0.000    999.000    999.000
    A_03               0.000      0.000    999.000    999.000
    A_04               0.000      0.000    999.000    999.000
    A_05               0.000      0.000    999.000    999.000
    IA                 3.375      0.164     20.605      0.000
    SA                -0.081      0.089     -0.908      0.364
    QA                 0.004      0.012      0.331      0.740

 Residual Variances
    A_01               0.745      0.119      6.240      0.000
    A_03               0.745      0.119      6.240      0.000
    A_04               0.745      0.119      6.240      0.000
    A_05               0.745      0.119      6.240      0.000
    IA                 1.237      0.199      6.205      0.000
    SA                 0.184      0.055      3.354      0.001
    QA                 0.002      0.001      2.801      0.005


QUALITY OF NUMERICAL RESULTS

     Condition Number for the Information Matrix              0.183E-06
       (ratio of smallest to largest eigenvalue)


CONFIDENCE INTERVALS OF MODEL RESULTS

                  Lower .5%  Lower 2.5%    Lower 5%    Estimate    Upper 5%  Upper 2.5%   Upper .5%

 IA       ON
    AGE_C80         -0.139      -0.124      -0.116      -0.075      -0.034      -0.026      -0.011
    EDU_C7           0.074       0.089       0.096       0.134       0.173       0.180       0.195
    FEMALE          -0.073       0.028       0.079       0.348       0.616       0.668       0.768

 SA       ON
    AGE_C80         -0.015      -0.006      -0.001       0.023       0.048       0.052       0.061
    EDU_C7          -0.024      -0.015      -0.010       0.015       0.039       0.044       0.053
    FEMALE          -0.245      -0.191      -0.163      -0.018       0.127       0.155       0.209

 QA       ON
    AGE_C80         -0.008      -0.007      -0.006      -0.003       0.000       0.001       0.002
    EDU_C7          -0.008      -0.007      -0.006      -0.002       0.001       0.002       0.003
    FEMALE          -0.030      -0.023      -0.019       0.001       0.020       0.024       0.031

 IA       WITH
    SA              -0.419      -0.375      -0.352      -0.235      -0.119      -0.096      -0.052
    QA               0.000       0.004       0.007       0.019       0.031       0.033       0.037

 SA       WITH
    QA              -0.038      -0.034      -0.032      -0.021      -0.009      -0.007      -0.003

 Intercepts
    A_01             0.000       0.000       0.000       0.000       0.000       0.000       0.000
    A_03             0.000       0.000       0.000       0.000       0.000       0.000       0.000
    A_04             0.000       0.000       0.000       0.000       0.000       0.000       0.000
    A_05             0.000       0.000       0.000       0.000       0.000       0.000       0.000
    IA               2.953       3.054       3.106       3.375       3.645       3.696       3.797
    SA              -0.309      -0.254      -0.227      -0.081       0.065       0.093       0.148
    QA              -0.026      -0.019      -0.015       0.004       0.023       0.027       0.034

 Residual Variances
    A_01             0.437       0.511       0.548       0.745       0.941       0.978       1.052
    A_03             0.437       0.511       0.548       0.745       0.941       0.978       1.052
    A_04             0.437       0.511       0.548       0.745       0.941       0.978       1.052
    A_05             0.437       0.511       0.548       0.745       0.941       0.978       1.052
    IA               0.723       0.846       0.909       1.237       1.565       1.628       1.750
    SA               0.043       0.076       0.094       0.184       0.274       0.291       0.325
    QA               0.000       0.001       0.001       0.002       0.004       0.004       0.005


SAMPLE STATISTICS FOR ESTIMATED FACTOR SCORES


     SAMPLE STATISTICS


           Means
              IA            IA_SE         SA            SA_SE         QA
              ________      ________      ________      ________      ________
 1              3.231         0.667        -0.037         0.355        -0.003


           Means
              QA_SE
              ________
 1              0.043


           Covariances
              IA            IA_SE         SA            SA_SE         QA
              ________      ________      ________      ________      ________
 IA             1.092
 IA_SE         -0.006         0.003
 SA            -0.125         0.000         0.081
 SA_SE         -0.004         0.001         0.002         0.001
 QA             0.008         0.000        -0.009         0.000         0.001
 QA_SE         -0.001         0.000         0.000         0.000         0.000


           Covariances
              QA_SE
              ________
 QA_SE          0.000


           Correlations
              IA            IA_SE         SA            SA_SE         QA
              ________      ________      ________      ________      ________
 IA             1.000
 IA_SE         -0.117         1.000
 SA            -0.421         0.024         1.000
 SA_SE         -0.131         0.528         0.174         1.000
 QA             0.259        -0.010        -0.970        -0.160         1.000
 QA_SE         -0.138         0.423         0.157         0.983        -0.142


           Correlations
              QA_SE
              ________
 QA_SE          1.000


RESULTS SAVING INFORMATION

  Order of data

    Parameter estimates
     (saved in order shown in Technical 1 output)
    Standard errors
     (saved in order shown in Technical 1 output)
    H0 Loglikelihood
    H0 Scaling Correction Factor for MLR
    Number of Free Parameters
    Akaike (AIC)
    Bayesian (BIC)
    Sample-Size Adjusted BIC

  Save file
    u2_1345_aef_digitspanbackward_results.dat

  Save file format           Free


PLOT INFORMATION

The following plots are available:

  Histograms (sample values, estimated factor scores)
  Scatterplots (sample values, estimated factor scores)
  Latent variable distribution plots

SAVEDATA INFORMATION


  Save file
    u2_1345_aef_digitspanbackward_fscores.dat

  Order and format of variables

    A_01           F10.3
    A_03           F10.3
    A_04           F10.3
    A_05           F10.3
    AGE_C80        F10.3
    EDU_C7         F10.3
    FEMALE         F10.3
    TIME_01        F10.3
    TIME_03        F10.3
    TIME_04        F10.3
    TIME_05        F10.3
    _WEIGHT        F10.3
    IA             F10.3
    IA_SE          F10.3
    SA             F10.3
    SA_SE          F10.3
    QA             F10.3
    QA_SE          F10.3
    PAIRID         I6

  Save file format
    18F10.3 I6

  Save file record length    10000


     Beginning Time:  12:04:41
        Ending Time:  12:04:43
       Elapsed Time:  00:00:02



MUTHEN & MUTHEN
3463 Stoner Ave.
Los Angeles, CA  90066

Tel: (310) 391-9971
Fax: (310) 391-8971
Web: www.StatModel.com
Support: Support@StatModel.com

Copyright (c) 1998-2014 Muthen & Muthen
