Mplus VERSION 7.3
MUTHEN & MUTHEN
12/17/2016   6:14 PM

INPUT INSTRUCTIONS

  TITLE:
  Script produced from the prototype in ./sandbox/syntax-creator/
  DATA:
  File = wide-dataset.dat ;
  VARIABLE:
  NAMES are
   Case PairID female age_c80 edu_c7 sbp_c167 smoke cardio diabetes dementia_ever
      years_since_bl_01 years_since_bl_02 years_since_bl_03 years_since_bl_04
      years_since_bl_05 pef_01 pef_02 pef_03 pef_04 pef_05 grip_01 grip_02 grip_03
      grip_04 grip_05 gait_01 gait_02 gait_03 gait_04 gait_05 block_01 block_02
      block_03 block_04 block_05 digitspanbackward_01 digitspanbackward_02
      digitspanbackward_03 digitspanbackward_04 digitspanbackward_05
      digitspanforward_01 digitspanforward_02 digitspanforward_03 digitspanforward_04
      digitspanforward_05 symbol_01 symbol_02 symbol_03 symbol_04 symbol_05 prose_01
      prose_02 prose_03 prose_04 prose_05 info_01 info_02 info_03 info_04 info_05
      synonyms_01 synonyms_02 synonyms_03 synonyms_04 synonyms_05 psif_01 psif_02
      psif_03 psif_04 psif_05 figure_01 figure_02 figure_03 figure_04 figure_05
      mirrecall_01 mirrecall_02 mirrecall_03 mirrecall_04 mirrecall_05 mmse_01 mmse_02
      mmse_03 mmse_04 mmse_05 mirnaming_01 mirnaming_02 mirnaming_03 mirnaming_04
      mirnaming_05 mirrecog_01 mirrecog_02 mirrecog_03 mirrecog_04 mirrecog_05
      clock_01 clock_02 clock_03 clock_04 clock_05
  	;
  Missing are all (-9999);
  USEVARIABLES are
  	!define the variables used in the analysis
  	! covariates used in the model
  age_c80
  edu_c7
  female	
  	!estimated time points
  time_01
  time_02
  time_05
  	!modelled time points of process (A)
  a_01
  a_02
  a_05
  ;
  TSCORES are
  	!estimated time points
  time_01
  time_02
  time_05;
  CLUSTER = PairID;
  SUBPOPULATION are
  	!select a subset of observations
  dementia_ever NE 1
  ;
  DEFINE:
  	! assign variables to the process (A)
  a_01 = digitspanbackward_01;
  a_02 = digitspanbackward_02;
  a_05 = digitspanbackward_05;
  	!assign variables to time points
  time_01 = years_since_bl_01;
  time_02 = years_since_bl_02;
  time_05 = years_since_bl_05;
  	
  ANALYSIS: TYPE = RANDOM COMPLEX;
  COVERAGE=.00;
  MODEL:
  	!first-level equation
  	! assign process (A) to time points
  ia sa qa | a_01 AT time_01 ;
  ia sa qa | a_02 AT time_02 ;
  ia sa qa | a_05 AT time_05 ;
  	!variance of the first-level terms
  ia (v_ia);
  sa (v_sa);
  qa (v_qa);
  	!covariance among first-level terms
  ia WITH sa (c_iasa);
  ia WITH qa (c_iaqa);
  sa WITH qa (c_saqa);
  	!second-level equation
  ia sa qa ON age_c80
  edu_c7
  female;
  	!residual covariance of process (A)
  a_01 (res_a);
  a_02 (res_a);
  a_05 (res_a);	
  SAVEDATA:
  FILE is   u2_125_aef_digitspanbackward_fscores.dat;
  SAVE = FSCORES;
  RESULTS are   u2_125_aef_digitspanbackward_results.dat;
  	
  OUTPUT: sampstat cinterval;
  PLOT: Type is Plot1 Plot2 Plot3;



*** WARNING
  Data set contains cases with missing on x-variables.
  These cases were not included in the analysis.
  Number of cases with missing on x-variables:  46
*** WARNING
  Data set contains cases with missing on all variables except
  x-variables.  These cases were not included in the analysis.
  Number of cases with missing on all variables except x-variables:  23
   2 WARNING(S) FOUND IN THE INPUT INSTRUCTIONS




Script produced from the prototype in ./sandbox/syntax-creator/

SUMMARY OF ANALYSIS

Number of groups                                                 1
Number of observations                                         452

Number of dependent variables                                    3
Number of independent variables                                  3
Number of continuous latent variables                            3

Observed dependent variables

  Continuous
   A_01        A_02        A_05

Observed independent variables
   AGE_C80     EDU_C7      FEMALE

Continuous latent variables
   IA          SA          QA

Variables with special functions

  Cluster variable      PAIRID
  Weight variable       _WEIGHT

  Time scores
   TIME_01     TIME_02     TIME_05


Estimator                                                      MLR
Information matrix                                        OBSERVED
Maximum number of iterations                                   100
Convergence criterion                                    0.100D-05
Maximum number of EM iterations                                500
Convergence criteria for the EM algorithm
  Loglikelihood change                                   0.100D-02
  Relative loglikelihood change                          0.100D-05
  Derivative                                             0.100D-03
Minimum variance                                         0.100D-03
Maximum number of steepest descent iterations                   20
Maximum number of iterations for H1                           2000
Convergence criterion for H1                             0.100D-03
Optimization algorithm                                         EMA

Input data file(s)
  wide-dataset.dat
Input data format  FREE



SAMPLE STATISTICS


     ESTIMATED SAMPLE STATISTICS


           Means
              A_01          A_02          A_05          AGE_C80       EDU_C7
              ________      ________      ________      ________      ________
 1              3.399         3.366         2.882         3.323         0.316


           Means
              FEMALE
              ________
 1              0.657


           Covariances
              A_01          A_02          A_05          AGE_C80       EDU_C7
              ________      ________      ________      ________      ________
 A_01           2.165
 A_02           0.730         1.837
 A_05           0.748         0.457         1.639
 AGE_C80       -0.724        -0.444        -0.745         9.308
 EDU_C7         0.834         0.646         0.548        -0.541         6.221
 FEMALE         0.052         0.012         0.016         0.120        -0.133


           Covariances
              FEMALE
              ________
 FEMALE         0.225


           Correlations
              A_01          A_02          A_05          AGE_C80       EDU_C7
              ________      ________      ________      ________      ________
 A_01           1.000
 A_02           0.366         1.000
 A_05           0.397         0.264         1.000
 AGE_C80       -0.161        -0.107        -0.191         1.000
 EDU_C7         0.227         0.191         0.172        -0.071         1.000
 FEMALE         0.075         0.019         0.027         0.083        -0.112


           Correlations
              FEMALE
              ________
 FEMALE         1.000


     MAXIMUM LOG-LIKELIHOOD VALUE FOR THE UNRESTRICTED (H1) MODEL IS -5749.893


UNIVARIATE HIGHER-ORDER MOMENT DESCRIPTIVE STATISTICS


     UNIVARIATE HIGHER-ORDER MOMENT DESCRIPTIVE STATISTICS

         Variable/         Mean/     Skewness/   Minimum/ % with                Percentiles
        Sample Size      Variance    Kurtosis    Maximum  Min/Max      20%/60%    40%/80%    Median

     A_01                  3.408      -0.892       0.000   14.61%       3.000      3.000      3.000
             609.000       2.164       1.209       8.000    0.16%       4.000      4.000
     A_02                  3.389      -1.024       0.000   16.57%       3.000      3.000      3.000
             513.000       1.843       1.803       7.000    0.78%       4.000      4.000
     A_05                  3.006      -1.345       0.000   17.71%       3.000      3.000      3.000
             192.000       1.614       1.437       6.000    1.56%       3.000      4.000
     AGE_C80               3.323       1.469      -0.630    0.16%       0.877      1.811      2.455
             633.000       9.308       2.890      17.918    0.16%       3.277      5.816
     EDU_C7                0.316       2.167      -7.000    0.16%      -1.000     -1.000     -1.000
             633.000       6.221       7.070      16.000    0.16%       0.000      1.000
     FEMALE                0.657      -0.662       0.000   33.81%       0.000      1.000      1.000
             633.000       0.225      -1.562       1.000   66.19%       1.000      1.000


THE MODEL ESTIMATION TERMINATED NORMALLY



MODEL FIT INFORMATION

Number of Free Parameters                       19

Loglikelihood

          H0 Value                       -1607.145
          H0 Scaling Correction Factor      1.2746
            for MLR

Information Criteria

          Akaike (AIC)                    3252.291
          Bayesian (BIC)                  3330.451
          Sample-Size Adjusted BIC        3270.152
            (n* = (n + 2) / 24)



MODEL RESULTS

                                                    Two-Tailed
                    Estimate       S.E.  Est./S.E.    P-Value

 IA         ON
    AGE_C80           -0.076      0.025     -3.004      0.003
    EDU_C7             0.136      0.023      5.796      0.000
    FEMALE             0.349      0.163      2.146      0.032

 SA         ON
    AGE_C80            0.023      0.016      1.435      0.151
    EDU_C7            -0.020      0.021     -0.967      0.334
    FEMALE            -0.132      0.104     -1.267      0.205

 QA         ON
    AGE_C80           -0.003      0.002     -1.455      0.146
    EDU_C7             0.002      0.003      0.632      0.528
    FEMALE             0.014      0.013      1.093      0.275

 IA       WITH
    SA                -0.275      0.541     -0.509      0.611
    QA                 0.027      0.054      0.502      0.615

 SA       WITH
    QA                -0.031      0.081     -0.380      0.704

 Intercepts
    A_01               0.000      0.000    999.000    999.000
    A_02               0.000      0.000    999.000    999.000
    A_05               0.000      0.000    999.000    999.000
    IA                 3.377      0.164     20.644      0.000
    SA                 0.019      0.091      0.205      0.838
    QA                -0.008      0.011     -0.736      0.461

 Residual Variances
    A_01               0.932      0.885      1.053      0.292
    A_02               0.932      0.885      1.053      0.292
    A_05               0.932      0.885      1.053      0.292
    IA                 1.056      0.897      1.178      0.239
    SA                 0.265      0.709      0.374      0.708
    QA                 0.004      0.010      0.383      0.702


QUALITY OF NUMERICAL RESULTS

     Condition Number for the Information Matrix              0.161E-07
       (ratio of smallest to largest eigenvalue)


CONFIDENCE INTERVALS OF MODEL RESULTS

                  Lower .5%  Lower 2.5%    Lower 5%    Estimate    Upper 5%  Upper 2.5%   Upper .5%

 IA       ON
    AGE_C80         -0.140      -0.125      -0.117      -0.076      -0.034      -0.026      -0.011
    EDU_C7           0.075       0.090       0.097       0.136       0.174       0.182       0.196
    FEMALE          -0.070       0.030       0.082       0.349       0.617       0.668       0.769

 SA       ON
    AGE_C80         -0.018      -0.008      -0.003       0.023       0.048       0.053       0.063
    EDU_C7          -0.074      -0.061      -0.054      -0.020       0.014       0.021       0.034
    FEMALE          -0.399      -0.335      -0.303      -0.132       0.039       0.072       0.136

 QA       ON
    AGE_C80         -0.008      -0.007      -0.006      -0.003       0.000       0.001       0.002
    EDU_C7          -0.005      -0.004      -0.003       0.002       0.006       0.007       0.009
    FEMALE          -0.019      -0.011      -0.007       0.014       0.034       0.038       0.046

 IA       WITH
    SA              -1.667      -1.335      -1.164      -0.275       0.614       0.785       1.118
    QA              -0.112      -0.079      -0.062       0.027       0.116       0.133       0.166

 SA       WITH
    QA              -0.240      -0.190      -0.165      -0.031       0.103       0.128       0.178

 Intercepts
    A_01             0.000       0.000       0.000       0.000       0.000       0.000       0.000
    A_02             0.000       0.000       0.000       0.000       0.000       0.000       0.000
    A_05             0.000       0.000       0.000       0.000       0.000       0.000       0.000
    IA               2.955       3.056       3.108       3.377       3.646       3.697       3.798
    SA              -0.216      -0.160      -0.131       0.019       0.169       0.197       0.254
    QA              -0.037      -0.030      -0.026      -0.008       0.010       0.013       0.020

 Residual Variances
    A_01            -1.349      -0.803      -0.524       0.932       2.389       2.668       3.213
    A_02            -1.349      -0.803      -0.524       0.932       2.389       2.668       3.213
    A_05            -1.349      -0.803      -0.524       0.932       2.389       2.668       3.213
    IA              -1.253      -0.701      -0.419       1.056       2.531       2.813       3.365
    SA              -1.560      -1.124      -0.901       0.265       1.431       1.654       2.090
    QA              -0.021      -0.015      -0.012       0.004       0.020       0.023       0.029


SAMPLE STATISTICS FOR ESTIMATED FACTOR SCORES


     SAMPLE STATISTICS


           Means
              IA            IA_SE         SA            SA_SE         QA
              ________      ________      ________      ________      ________
 1              3.250         0.672         0.003         0.448        -0.008


           Means
              QA_SE
              ________
 1              0.054


           Covariances
              IA            IA_SE         SA            SA_SE         QA
              ________      ________      ________      ________      ________
 IA             0.887
 IA_SE         -0.007         0.003
 SA            -0.152         0.001         0.082
 SA_SE         -0.003         0.001         0.000         0.000
 QA             0.014         0.000        -0.009         0.000         0.001
 QA_SE          0.000         0.000         0.000         0.000         0.000


           Covariances
              QA_SE
              ________
 QA_SE          0.000


           Correlations
              IA            IA_SE         SA            SA_SE         QA
              ________      ________      ________      ________      ________
 IA             1.000
 IA_SE         -0.144         1.000
 SA            -0.563         0.049         1.000
 SA_SE         -0.151         0.803         0.092         1.000
 QA             0.450        -0.033        -0.988        -0.077         1.000
 QA_SE         -0.157         0.701         0.103         0.980        -0.087


           Correlations
              QA_SE
              ________
 QA_SE          1.000


RESULTS SAVING INFORMATION

  Order of data

    Parameter estimates
     (saved in order shown in Technical 1 output)
    Standard errors
     (saved in order shown in Technical 1 output)
    H0 Loglikelihood
    H0 Scaling Correction Factor for MLR
    Number of Free Parameters
    Akaike (AIC)
    Bayesian (BIC)
    Sample-Size Adjusted BIC

  Save file
    u2_125_aef_digitspanbackward_results.dat

  Save file format           Free


PLOT INFORMATION

The following plots are available:

  Histograms (sample values, estimated factor scores)
  Scatterplots (sample values, estimated factor scores)
  Latent variable distribution plots

SAVEDATA INFORMATION


  Save file
    u2_125_aef_digitspanbackward_fscores.dat

  Order and format of variables

    A_01           F10.3
    A_02           F10.3
    A_05           F10.3
    AGE_C80        F10.3
    EDU_C7         F10.3
    FEMALE         F10.3
    TIME_01        F10.3
    TIME_02        F10.3
    TIME_05        F10.3
    _WEIGHT        F10.3
    IA             F10.3
    IA_SE          F10.3
    SA             F10.3
    SA_SE          F10.3
    QA             F10.3
    QA_SE          F10.3
    PAIRID         I6

  Save file format
    16F10.3 I6

  Save file record length    10000


     Beginning Time:  18:14:10
        Ending Time:  18:14:15
       Elapsed Time:  00:00:05



MUTHEN & MUTHEN
3463 Stoner Ave.
Los Angeles, CA  90066

Tel: (310) 391-9971
Fax: (310) 391-8971
Web: www.StatModel.com
Support: Support@StatModel.com

Copyright (c) 1998-2014 Muthen & Muthen
