Mplus VERSION 7.3
MUTHEN & MUTHEN
12/17/2016   6:03 PM

INPUT INSTRUCTIONS

  TITLE:
  Script produced from the prototype in ./sandbox/syntax-creator/
  DATA:
  File = wide-dataset.dat ;
  VARIABLE:
  NAMES are
   Case PairID female age_c80 edu_c7 sbp_c167 smoke cardio diabetes dementia_ever
      years_since_bl_01 years_since_bl_02 years_since_bl_03 years_since_bl_04
      years_since_bl_05 pef_01 pef_02 pef_03 pef_04 pef_05 grip_01 grip_02 grip_03
      grip_04 grip_05 gait_01 gait_02 gait_03 gait_04 gait_05 block_01 block_02
      block_03 block_04 block_05 digitspanbackward_01 digitspanbackward_02
      digitspanbackward_03 digitspanbackward_04 digitspanbackward_05
      digitspanforward_01 digitspanforward_02 digitspanforward_03 digitspanforward_04
      digitspanforward_05 symbol_01 symbol_02 symbol_03 symbol_04 symbol_05 prose_01
      prose_02 prose_03 prose_04 prose_05 info_01 info_02 info_03 info_04 info_05
      synonyms_01 synonyms_02 synonyms_03 synonyms_04 synonyms_05 psif_01 psif_02
      psif_03 psif_04 psif_05 figure_01 figure_02 figure_03 figure_04 figure_05
      mirrecall_01 mirrecall_02 mirrecall_03 mirrecall_04 mirrecall_05 mmse_01 mmse_02
      mmse_03 mmse_04 mmse_05 mirnaming_01 mirnaming_02 mirnaming_03 mirnaming_04
      mirnaming_05 mirrecog_01 mirrecog_02 mirrecog_03 mirrecog_04 mirrecog_05
      clock_01 clock_02 clock_03 clock_04 clock_05
  	;
  Missing are all (-9999);
  USEVARIABLES are
  	!define the variables used in the analysis
  	! covariates used in the model
  age_c80
  edu_c7
  female
  sbp_c167	
  	!estimated time points
  time_01
  time_03
  time_05
  	!modelled time points of process (A)
  a_01
  a_03
  a_05
  ;
  TSCORES are
  	!estimated time points
  time_01
  time_03
  time_05;
  CLUSTER = PairID;
  SUBPOPULATION are
  	!select a subset of observations
  dementia_ever NE 1
  ;
  DEFINE:
  	! assign variables to the process (A)
  a_01 = digitspanbackward_01;
  a_03 = digitspanbackward_03;
  a_05 = digitspanbackward_05;
  	!assign variables to time points
  time_01 = years_since_bl_01;
  time_03 = years_since_bl_03;
  time_05 = years_since_bl_05;
  	
  ANALYSIS: TYPE = RANDOM COMPLEX;
  COVERAGE=.00;
  MODEL:
  	!first-level equation
  	! assign process (A) to time points
  ia sa qa | a_01 AT time_01 ;
  ia sa qa | a_03 AT time_03 ;
  ia sa qa | a_05 AT time_05 ;
  	!variance of the first-level terms
  ia (v_ia);
  sa (v_sa);
  qa (v_qa);
  	!covariance among first-level terms
  ia WITH sa (c_iasa);
  ia WITH qa (c_iaqa);
  sa WITH qa (c_saqa);
  	!second-level equation
  ia sa qa ON age_c80
  edu_c7
  female
  sbp_c167;
  	!residual covariance of process (A)
  a_01 (res_a);
  a_03 (res_a);
  a_05 (res_a);	
  SAVEDATA:
  FILE is   u2_135_aefb_digitspanbackward_fscores.dat;
  SAVE = FSCORES;
  RESULTS are   u2_135_aefb_digitspanbackward_results.dat;
  	
  OUTPUT: sampstat cinterval;
  PLOT: Type is Plot1 Plot2 Plot3;



*** WARNING
  Data set contains cases with missing on x-variables.
  These cases were not included in the analysis.
  Number of cases with missing on x-variables:  92
*** WARNING
  Data set contains cases with missing on all variables except
  x-variables.  These cases were not included in the analysis.
  Number of cases with missing on all variables except x-variables:  18
   2 WARNING(S) FOUND IN THE INPUT INSTRUCTIONS




Script produced from the prototype in ./sandbox/syntax-creator/

SUMMARY OF ANALYSIS

Number of groups                                                 1
Number of observations                                         431

Number of dependent variables                                    3
Number of independent variables                                  4
Number of continuous latent variables                            3

Observed dependent variables

  Continuous
   A_01        A_03        A_05

Observed independent variables
   AGE_C80     EDU_C7      FEMALE      SBP_C167

Continuous latent variables
   IA          SA          QA

Variables with special functions

  Cluster variable      PAIRID
  Weight variable       _WEIGHT

  Time scores
   TIME_01     TIME_03     TIME_05


Estimator                                                      MLR
Information matrix                                        OBSERVED
Maximum number of iterations                                   100
Convergence criterion                                    0.100D-05
Maximum number of EM iterations                                500
Convergence criteria for the EM algorithm
  Loglikelihood change                                   0.100D-02
  Relative loglikelihood change                          0.100D-05
  Derivative                                             0.100D-03
Minimum variance                                         0.100D-03
Maximum number of steepest descent iterations                   20
Maximum number of iterations for H1                           2000
Convergence criterion for H1                             0.100D-03
Optimization algorithm                                         EMA

Input data file(s)
  wide-dataset.dat
Input data format  FREE



SAMPLE STATISTICS


     ESTIMATED SAMPLE STATISTICS


           Means
              A_01          A_03          A_05          AGE_C80       EDU_C7
              ________      ________      ________      ________      ________
 1              3.423         3.230         2.904         3.292         0.323


           Means
              FEMALE        SBP_C167
              ________      ________
 1              0.654        -6.408


           Covariances
              A_01          A_03          A_05          AGE_C80       EDU_C7
              ________      ________      ________      ________      ________
 A_01           2.107
 A_03           0.729         1.791
 A_05           0.705         0.480         1.622
 AGE_C80       -0.768        -0.313        -0.747         8.804
 EDU_C7         0.818         0.835         0.514        -0.403         6.246
 FEMALE         0.034         0.032         0.001         0.088        -0.123
 SBP_C167       1.024         3.158         0.891        -4.614         0.865


           Covariances
              FEMALE        SBP_C167
              ________      ________
 FEMALE         0.226
 SBP_C167       0.692       506.669


           Correlations
              A_01          A_03          A_05          AGE_C80       EDU_C7
              ________      ________      ________      ________      ________
 A_01           1.000
 A_03           0.375         1.000
 A_05           0.381         0.282         1.000
 AGE_C80       -0.178        -0.079        -0.198         1.000
 EDU_C7         0.226         0.250         0.162        -0.054         1.000
 FEMALE         0.049         0.050         0.002         0.062        -0.103
 SBP_C167       0.031         0.105         0.031        -0.069         0.015


           Correlations
              FEMALE        SBP_C167
              ________      ________
 FEMALE         1.000
 SBP_C167       0.065         1.000


     MAXIMUM LOG-LIKELIHOOD VALUE FOR THE UNRESTRICTED (H1) MODEL IS -7886.648


UNIVARIATE HIGHER-ORDER MOMENT DESCRIPTIVE STATISTICS


     UNIVARIATE HIGHER-ORDER MOMENT DESCRIPTIVE STATISTICS

         Variable/         Mean/     Skewness/   Minimum/ % with                Percentiles
        Sample Size      Variance    Kurtosis    Maximum  Min/Max      20%/60%    40%/80%    Median

     A_01                  3.427      -0.888       0.000   13.57%       3.000      3.000      3.000
             582.000       2.109       1.341       8.000    0.17%       4.000      4.000
     A_03                  3.272      -1.283       0.000   20.75%       0.000      3.000      3.000
             371.000       1.798       1.579       7.000    0.27%       4.000      4.000
     A_05                  3.006      -1.341       0.000   17.37%       3.000      3.000      3.000
             190.000       1.624       1.409       6.000    1.58%       3.000      4.000
     AGE_C80               3.292       1.383      -0.630    0.17%       0.877      1.805      2.337
             592.000       8.804       2.489      17.918    0.17%       3.194      5.701
     EDU_C7                0.323       2.179      -7.000    0.17%      -1.000     -1.000     -1.000
             592.000       6.246       7.205      16.000    0.17%       0.000      1.000
     FEMALE                0.654      -0.649       0.000   34.29%       0.000      1.000      1.000
             592.000       0.226      -1.579       1.000   65.71%       1.000      1.000
     SBP_C167             -6.408       0.383     -57.000    1.52%     -27.000    -17.000     -7.000
             592.000     506.669       0.693      93.000    0.17%      -7.000     13.000


THE MODEL ESTIMATION TERMINATED NORMALLY



MODEL FIT INFORMATION

Number of Free Parameters                       22

Loglikelihood

          H0 Value                       -1415.757
          H0 Scaling Correction Factor      1.2311
            for MLR

Information Criteria

          Akaike (AIC)                    2875.514
          Bayesian (BIC)                  2964.968
          Sample-Size Adjusted BIC        2895.153
            (n* = (n + 2) / 24)



MODEL RESULTS

                                                    Two-Tailed
                    Estimate       S.E.  Est./S.E.    P-Value

 IA         ON
    AGE_C80           -0.084      0.027     -3.131      0.002
    EDU_C7             0.131      0.024      5.527      0.000
    FEMALE             0.249      0.158      1.575      0.115
    SBP_C167           0.001      0.003      0.209      0.834

 SA         ON
    AGE_C80            0.029      0.016      1.803      0.071
    EDU_C7             0.008      0.015      0.542      0.588
    FEMALE             0.002      0.089      0.022      0.982
    SBP_C167           0.002      0.002      1.275      0.202

 QA         ON
    AGE_C80           -0.004      0.002     -1.754      0.079
    EDU_C7            -0.002      0.002     -0.816      0.415
    FEMALE            -0.003      0.012     -0.231      0.817
    SBP_C167           0.000      0.000     -1.245      0.213

 IA       WITH
    SA                -0.130      0.441     -0.295      0.768
    QA                 0.011      0.037      0.285      0.775

 SA       WITH
    QA                -0.011      0.053     -0.206      0.837

 Intercepts
    A_01               0.000      0.000    999.000    999.000
    A_03               0.000      0.000    999.000    999.000
    A_05               0.000      0.000    999.000    999.000
    IA                 3.498      0.160     21.870      0.000
    SA                -0.115      0.087     -1.322      0.186
    QA                 0.008      0.011      0.731      0.465

 Residual Variances
    A_01               0.987      1.164      0.848      0.396
    A_03               0.987      1.164      0.848      0.396
    A_05               0.987      1.164      0.848      0.396
    IA                 0.940      1.185      0.793      0.428
    SA                 0.093      0.466      0.200      0.841
    QA                 0.001      0.007      0.206      0.836


QUALITY OF NUMERICAL RESULTS

     Condition Number for the Information Matrix              0.554E-08
       (ratio of smallest to largest eigenvalue)


CONFIDENCE INTERVALS OF MODEL RESULTS

                  Lower .5%  Lower 2.5%    Lower 5%    Estimate    Upper 5%  Upper 2.5%   Upper .5%

 IA       ON
    AGE_C80         -0.153      -0.136      -0.128      -0.084      -0.040      -0.031      -0.015
    EDU_C7           0.070       0.084       0.092       0.131       0.170       0.177       0.192
    FEMALE          -0.158      -0.061      -0.011       0.249       0.509       0.559       0.657
    SBP_C167        -0.007      -0.005      -0.004       0.001       0.006       0.007       0.009

 SA       ON
    AGE_C80         -0.012      -0.003       0.003       0.029       0.055       0.060       0.070
    EDU_C7          -0.031      -0.021      -0.017       0.008       0.033       0.038       0.047
    FEMALE          -0.228      -0.173      -0.145       0.002       0.149       0.177       0.232
    SBP_C167        -0.002      -0.001      -0.001       0.002       0.005       0.006       0.007

 QA       ON
    AGE_C80         -0.009      -0.008      -0.007      -0.004       0.000       0.000       0.002
    EDU_C7          -0.008      -0.006      -0.005      -0.002       0.002       0.003       0.004
    FEMALE          -0.033      -0.026      -0.022      -0.003       0.017       0.021       0.028
    SBP_C167        -0.001      -0.001      -0.001       0.000       0.000       0.000       0.000

 IA       WITH
    SA              -1.265      -0.994      -0.855      -0.130       0.595       0.734       1.005
    QA              -0.085      -0.062      -0.050       0.011       0.071       0.083       0.106

 SA       WITH
    QA              -0.149      -0.116      -0.099      -0.011       0.077       0.094       0.127

 Intercepts
    A_01             0.000       0.000       0.000       0.000       0.000       0.000       0.000
    A_03             0.000       0.000       0.000       0.000       0.000       0.000       0.000
    A_05             0.000       0.000       0.000       0.000       0.000       0.000       0.000
    IA               3.086       3.184       3.235       3.498       3.761       3.811       3.910
    SA              -0.339      -0.285      -0.258      -0.115       0.028       0.055       0.109
    QA              -0.021      -0.014      -0.010       0.008       0.027       0.030       0.037

 Residual Variances
    A_01            -2.011      -1.294      -0.928       0.987       2.902       3.269       3.986
    A_03            -2.011      -1.294      -0.928       0.987       2.902       3.269       3.986
    A_05            -2.011      -1.294      -0.928       0.987       2.902       3.269       3.986
    IA              -2.112      -1.383      -1.009       0.940       2.889       3.263       3.992
    SA              -1.107      -0.820      -0.673       0.093       0.860       1.007       1.294
    QA              -0.016      -0.012      -0.010       0.001       0.012       0.014       0.018


SAMPLE STATISTICS FOR ESTIMATED FACTOR SCORES


     SAMPLE STATISTICS


           Means
              IA            IA_SE         SA            SA_SE         QA
              ________      ________      ________      ________      ________
 1              3.283         0.656        -0.038         0.281        -0.003


           Means
              QA_SE
              ________
 1              0.035


           Covariances
              IA            IA_SE         SA            SA_SE         QA
              ________      ________      ________      ________      ________
 IA             0.755
 IA_SE         -0.006         0.002
 SA            -0.067         0.001         0.027
 SA_SE         -0.001         0.000         0.000         0.000
 QA             0.004         0.000        -0.003         0.000         0.000
 QA_SE          0.000         0.000         0.000         0.000         0.000


           Covariances
              QA_SE
              ________
 QA_SE          0.000


           Correlations
              IA            IA_SE         SA            SA_SE         QA
              ________      ________      ________      ________      ________
 IA             1.000
 IA_SE         -0.153         1.000
 SA            -0.464         0.093         1.000
 SA_SE         -0.139         0.922         0.120         1.000
 QA             0.255        -0.062        -0.971        -0.096         1.000
 QA_SE         -0.131         0.854         0.128         0.986        -0.106


           Correlations
              QA_SE
              ________
 QA_SE          1.000


RESULTS SAVING INFORMATION

  Order of data

    Parameter estimates
     (saved in order shown in Technical 1 output)
    Standard errors
     (saved in order shown in Technical 1 output)
    H0 Loglikelihood
    H0 Scaling Correction Factor for MLR
    Number of Free Parameters
    Akaike (AIC)
    Bayesian (BIC)
    Sample-Size Adjusted BIC

  Save file
    u2_135_aefb_digitspanbackward_results.dat

  Save file format           Free


PLOT INFORMATION

The following plots are available:

  Histograms (sample values, estimated factor scores)
  Scatterplots (sample values, estimated factor scores)
  Latent variable distribution plots

SAVEDATA INFORMATION


  Save file
    u2_135_aefb_digitspanbackward_fscores.dat

  Order and format of variables

    A_01           F10.3
    A_03           F10.3
    A_05           F10.3
    AGE_C80        F10.3
    EDU_C7         F10.3
    FEMALE         F10.3
    SBP_C167       F10.3
    TIME_01        F10.3
    TIME_03        F10.3
    TIME_05        F10.3
    _WEIGHT        F10.3
    IA             F10.3
    IA_SE          F10.3
    SA             F10.3
    SA_SE          F10.3
    QA             F10.3
    QA_SE          F10.3
    PAIRID         I6

  Save file format
    17F10.3 I6

  Save file record length    10000


     Beginning Time:  18:03:49
        Ending Time:  18:03:50
       Elapsed Time:  00:00:01



MUTHEN & MUTHEN
3463 Stoner Ave.
Los Angeles, CA  90066

Tel: (310) 391-9971
Fax: (310) 391-8971
Web: www.StatModel.com
Support: Support@StatModel.com

Copyright (c) 1998-2014 Muthen & Muthen
