Mplus VERSION 7.3
MUTHEN & MUTHEN
12/17/2016   6:19 PM

INPUT INSTRUCTIONS

  TITLE:
  Script produced from the prototype in ./sandbox/syntax-creator/
  DATA:
  File = wide-dataset.dat ;
  VARIABLE:
  NAMES are
   Case PairID female age_c80 edu_c7 sbp_c167 smoke cardio diabetes dementia_ever
      years_since_bl_01 years_since_bl_02 years_since_bl_03 years_since_bl_04
      years_since_bl_05 pef_01 pef_02 pef_03 pef_04 pef_05 grip_01 grip_02 grip_03
      grip_04 grip_05 gait_01 gait_02 gait_03 gait_04 gait_05 block_01 block_02
      block_03 block_04 block_05 digitspanbackward_01 digitspanbackward_02
      digitspanbackward_03 digitspanbackward_04 digitspanbackward_05
      digitspanforward_01 digitspanforward_02 digitspanforward_03 digitspanforward_04
      digitspanforward_05 symbol_01 symbol_02 symbol_03 symbol_04 symbol_05 prose_01
      prose_02 prose_03 prose_04 prose_05 info_01 info_02 info_03 info_04 info_05
      synonyms_01 synonyms_02 synonyms_03 synonyms_04 synonyms_05 psif_01 psif_02
      psif_03 psif_04 psif_05 figure_01 figure_02 figure_03 figure_04 figure_05
      mirrecall_01 mirrecall_02 mirrecall_03 mirrecall_04 mirrecall_05 mmse_01 mmse_02
      mmse_03 mmse_04 mmse_05 mirnaming_01 mirnaming_02 mirnaming_03 mirnaming_04
      mirnaming_05 mirrecog_01 mirrecog_02 mirrecog_03 mirrecog_04 mirrecog_05
      clock_01 clock_02 clock_03 clock_04 clock_05
  	;
  Missing are all (-9999);
  USEVARIABLES are
  	!define the variables used in the analysis
  	! covariates used in the model
  age_c80
  edu_c7
  female	
  	!estimated time points
  time_01
  time_04
  time_05
  	!modelled time points of process (A)
  a_01
  a_04
  a_05
  ;
  TSCORES are
  	!estimated time points
  time_01
  time_04
  time_05;
  CLUSTER = PairID;
  SUBPOPULATION are
  	!select a subset of observations
  dementia_ever NE 1
  ;
  DEFINE:
  	! assign variables to the process (A)
  a_01 = digitspanbackward_01;
  a_04 = digitspanbackward_04;
  a_05 = digitspanbackward_05;
  	!assign variables to time points
  time_01 = years_since_bl_01;
  time_04 = years_since_bl_04;
  time_05 = years_since_bl_05;
  	
  ANALYSIS: TYPE = RANDOM COMPLEX;
  COVERAGE=.00;
  MODEL:
  	!first-level equation
  	! assign process (A) to time points
  ia sa qa | a_01 AT time_01 ;
  ia sa qa | a_04 AT time_04 ;
  ia sa qa | a_05 AT time_05 ;
  	!variance of the first-level terms
  ia (v_ia);
  sa (v_sa);
  qa (v_qa);
  	!covariance among first-level terms
  ia WITH sa (c_iasa);
  ia WITH qa (c_iaqa);
  sa WITH qa (c_saqa);
  	!second-level equation
  ia sa qa ON age_c80
  edu_c7
  female;
  	!residual covariance of process (A)
  a_01 (res_a);
  a_04 (res_a);
  a_05 (res_a);	
  SAVEDATA:
  FILE is   u2_145_aef_digitspanbackward_fscores.dat;
  SAVE = FSCORES;
  RESULTS are   u2_145_aef_digitspanbackward_results.dat;
  	
  OUTPUT: sampstat cinterval;
  PLOT: Type is Plot1 Plot2 Plot3;



*** WARNING
  Data set contains cases with missing on x-variables.
  These cases were not included in the analysis.
  Number of cases with missing on x-variables:  46
*** WARNING
  Data set contains cases with missing on all variables except
  x-variables.  These cases were not included in the analysis.
  Number of cases with missing on all variables except x-variables:  39
   2 WARNING(S) FOUND IN THE INPUT INSTRUCTIONS




Script produced from the prototype in ./sandbox/syntax-creator/

SUMMARY OF ANALYSIS

Number of groups                                                 1
Number of observations                                         444

Number of dependent variables                                    3
Number of independent variables                                  3
Number of continuous latent variables                            3

Observed dependent variables

  Continuous
   A_01        A_04        A_05

Observed independent variables
   AGE_C80     EDU_C7      FEMALE

Continuous latent variables
   IA          SA          QA

Variables with special functions

  Cluster variable      PAIRID
  Weight variable       _WEIGHT

  Time scores
   TIME_01     TIME_04     TIME_05


Estimator                                                      MLR
Information matrix                                        OBSERVED
Maximum number of iterations                                   100
Convergence criterion                                    0.100D-05
Maximum number of EM iterations                                500
Convergence criteria for the EM algorithm
  Loglikelihood change                                   0.100D-02
  Relative loglikelihood change                          0.100D-05
  Derivative                                             0.100D-03
Minimum variance                                         0.100D-03
Maximum number of steepest descent iterations                   20
Maximum number of iterations for H1                           2000
Convergence criterion for H1                             0.100D-03
Optimization algorithm                                         EMA

Input data file(s)
  wide-dataset.dat
Input data format  FREE



SAMPLE STATISTICS


     ESTIMATED SAMPLE STATISTICS


           Means
              A_01          A_04          A_05          AGE_C80       EDU_C7
              ________      ________      ________      ________      ________
 1              3.405         3.094         2.854         3.284         0.347


           Means
              FEMALE
              ________
 1              0.658


           Covariances
              A_01          A_04          A_05          AGE_C80       EDU_C7
              ________      ________      ________      ________      ________
 A_01           2.167
 A_04           0.699         1.678
 A_05           0.721         0.780         1.667
 AGE_C80       -0.715        -0.478        -0.718         9.162
 EDU_C7         0.829         1.033         0.538        -0.445         6.227
 FEMALE         0.053         0.051         0.018         0.107        -0.147


           Covariances
              FEMALE
              ________
 FEMALE         0.225


           Correlations
              A_01          A_04          A_05          AGE_C80       EDU_C7
              ________      ________      ________      ________      ________
 A_01           1.000
 A_04           0.366         1.000
 A_05           0.379         0.466         1.000
 AGE_C80       -0.160        -0.122        -0.184         1.000
 EDU_C7         0.226         0.319         0.167        -0.059         1.000
 FEMALE         0.076         0.083         0.030         0.074        -0.124


           Correlations
              FEMALE
              ________
 FEMALE         1.000


     MAXIMUM LOG-LIKELIHOOD VALUE FOR THE UNRESTRICTED (H1) MODEL IS -5272.160


UNIVARIATE HIGHER-ORDER MOMENT DESCRIPTIVE STATISTICS


     UNIVARIATE HIGHER-ORDER MOMENT DESCRIPTIVE STATISTICS

         Variable/         Mean/     Skewness/   Minimum/ % with                Percentiles
        Sample Size      Variance    Kurtosis    Maximum  Min/Max      20%/60%    40%/80%    Median

     A_01                  3.408      -0.892       0.000   14.61%       3.000      3.000      3.000
             609.000       2.164       1.209       8.000    0.16%       4.000      4.000
     A_04                  3.182      -1.334       0.000   21.28%       0.000      3.000      3.000
             282.000       1.632       1.798       6.000    1.42%       3.000      4.000
     A_05                  3.006      -1.345       0.000   17.71%       3.000      3.000      3.000
             192.000       1.614       1.437       6.000    1.56%       3.000      4.000
     AGE_C80               3.284       1.511      -0.630    0.16%       0.874      1.809      2.425
             617.000       9.162       3.133      17.918    0.16%       3.216      5.718
     EDU_C7                0.347       2.192      -7.000    0.16%      -1.000     -1.000     -1.000
             617.000       6.227       7.082      16.000    0.16%       0.000      1.000
     FEMALE                0.658      -0.665       0.000   33.71%       0.000      1.000      1.000
             617.000       0.225      -1.558       1.000   66.29%       1.000      1.000


THE MODEL ESTIMATION TERMINATED NORMALLY



MODEL FIT INFORMATION

Number of Free Parameters                       19

Loglikelihood

          H0 Value                       -1342.941
          H0 Scaling Correction Factor      1.2965
            for MLR

Information Criteria

          Akaike (AIC)                    2723.883
          Bayesian (BIC)                  2801.703
          Sample-Size Adjusted BIC        2741.406
            (n* = (n + 2) / 24)



MODEL RESULTS

                                                    Two-Tailed
                    Estimate       S.E.  Est./S.E.    P-Value

 IA         ON
    AGE_C80           -0.076      0.025     -3.006      0.003
    EDU_C7             0.136      0.024      5.797      0.000
    FEMALE             0.362      0.164      2.212      0.027

 SA         ON
    AGE_C80            0.022      0.021      1.057      0.291
    EDU_C7             0.041      0.023      1.788      0.074
    FEMALE             0.064      0.131      0.489      0.625

 QA         ON
    AGE_C80           -0.003      0.003     -0.963      0.336
    EDU_C7            -0.006      0.003     -1.758      0.079
    FEMALE            -0.011      0.017     -0.613      0.540

 IA       WITH
    SA                -0.244      0.284     -0.859      0.390
    QA                 0.020      0.024      0.824      0.410

 SA       WITH
    QA                -0.017      0.078     -0.216      0.829

 Intercepts
    A_01               0.000      0.000    999.000    999.000
    A_04               0.000      0.000    999.000    999.000
    A_05               0.000      0.000    999.000    999.000
    IA                 3.368      0.164     20.496      0.000
    SA                -0.129      0.130     -0.994      0.320
    QA                 0.010      0.017      0.578      0.563

 Residual Variances
    A_01               0.716      0.834      0.859      0.391
    A_04               0.716      0.834      0.859      0.391
    A_05               0.716      0.834      0.859      0.391
    IA                 1.266      0.862      1.468      0.142
    SA                 0.158      0.613      0.258      0.796
    QA                 0.002      0.010      0.191      0.848


QUALITY OF NUMERICAL RESULTS

     Condition Number for the Information Matrix              0.205E-07
       (ratio of smallest to largest eigenvalue)


CONFIDENCE INTERVALS OF MODEL RESULTS

                  Lower .5%  Lower 2.5%    Lower 5%    Estimate    Upper 5%  Upper 2.5%   Upper .5%

 IA       ON
    AGE_C80         -0.141      -0.125      -0.117      -0.076      -0.034      -0.026      -0.011
    EDU_C7           0.076       0.090       0.098       0.136       0.175       0.182       0.197
    FEMALE          -0.059       0.041       0.093       0.362       0.631       0.683       0.783

 SA       ON
    AGE_C80         -0.031      -0.019      -0.012       0.022       0.056       0.062       0.075
    EDU_C7          -0.018      -0.004       0.003       0.041       0.079       0.086       0.100
    FEMALE          -0.274      -0.193      -0.152       0.064       0.280       0.322       0.402

 QA       ON
    AGE_C80         -0.010      -0.008      -0.007      -0.003       0.002       0.003       0.005
    EDU_C7          -0.015      -0.012      -0.011      -0.006       0.000       0.001       0.003
    FEMALE          -0.056      -0.045      -0.039      -0.011       0.018       0.023       0.034

 IA       WITH
    SA              -0.975      -0.800      -0.711      -0.244       0.223       0.313       0.487
    QA              -0.042      -0.027      -0.020       0.020       0.059       0.066       0.081

 SA       WITH
    QA              -0.217      -0.169      -0.145      -0.017       0.111       0.136       0.183

 Intercepts
    A_01             0.000       0.000       0.000       0.000       0.000       0.000       0.000
    A_04             0.000       0.000       0.000       0.000       0.000       0.000       0.000
    A_05             0.000       0.000       0.000       0.000       0.000       0.000       0.000
    IA               2.945       3.046       3.098       3.368       3.638       3.690       3.791
    SA              -0.464      -0.384      -0.343      -0.129       0.085       0.126       0.206
    QA              -0.034      -0.023      -0.018       0.010       0.038       0.043       0.053

 Residual Variances
    A_01            -1.432      -0.919      -0.656       0.716       2.088       2.351       2.865
    A_04            -1.432      -0.919      -0.656       0.716       2.088       2.351       2.865
    A_05            -1.432      -0.919      -0.656       0.716       2.088       2.351       2.865
    IA              -0.955      -0.424      -0.152       1.266       2.685       2.956       3.488
    SA              -1.421      -1.044      -0.851       0.158       1.167       1.360       1.738
    QA              -0.024      -0.018      -0.015       0.002       0.019       0.022       0.028


SAMPLE STATISTICS FOR ESTIMATED FACTOR SCORES


     SAMPLE STATISTICS


           Means
              IA            IA_SE         SA            SA_SE         QA
              ________      ________      ________      ________      ________
 1              3.258         0.669        -0.004         0.345        -0.008


           Means
              QA_SE
              ________
 1              0.041


           Covariances
              IA            IA_SE         SA            SA_SE         QA
              ________      ________      ________      ________      ________
 IA             1.113
 IA_SE         -0.005         0.002
 SA            -0.138         0.000         0.060
 SA_SE         -0.003         0.000         0.001         0.000
 QA             0.010         0.000        -0.006         0.000         0.001
 QA_SE          0.000         0.000         0.000         0.000         0.000


           Covariances
              QA_SE
              ________
 QA_SE          0.000


           Correlations
              IA            IA_SE         SA            SA_SE         QA
              ________      ________      ________      ________      ________
 IA             1.000
 IA_SE         -0.101         1.000
 SA            -0.532         0.012         1.000
 SA_SE         -0.156         0.573         0.162         1.000
 QA             0.363        -0.005        -0.959        -0.145         1.000
 QA_SE         -0.173         0.447         0.137         0.960        -0.118


           Correlations
              QA_SE
              ________
 QA_SE          1.000


RESULTS SAVING INFORMATION

  Order of data

    Parameter estimates
     (saved in order shown in Technical 1 output)
    Standard errors
     (saved in order shown in Technical 1 output)
    H0 Loglikelihood
    H0 Scaling Correction Factor for MLR
    Number of Free Parameters
    Akaike (AIC)
    Bayesian (BIC)
    Sample-Size Adjusted BIC

  Save file
    u2_145_aef_digitspanbackward_results.dat

  Save file format           Free


PLOT INFORMATION

The following plots are available:

  Histograms (sample values, estimated factor scores)
  Scatterplots (sample values, estimated factor scores)
  Latent variable distribution plots

SAVEDATA INFORMATION


  Save file
    u2_145_aef_digitspanbackward_fscores.dat

  Order and format of variables

    A_01           F10.3
    A_04           F10.3
    A_05           F10.3
    AGE_C80        F10.3
    EDU_C7         F10.3
    FEMALE         F10.3
    TIME_01        F10.3
    TIME_04        F10.3
    TIME_05        F10.3
    _WEIGHT        F10.3
    IA             F10.3
    IA_SE          F10.3
    SA             F10.3
    SA_SE          F10.3
    QA             F10.3
    QA_SE          F10.3
    PAIRID         I6

  Save file format
    16F10.3 I6

  Save file record length    10000


     Beginning Time:  18:19:02
        Ending Time:  18:19:15
       Elapsed Time:  00:00:13



MUTHEN & MUTHEN
3463 Stoner Ave.
Los Angeles, CA  90066

Tel: (310) 391-9971
Fax: (310) 391-8971
Web: www.StatModel.com
Support: Support@StatModel.com

Copyright (c) 1998-2014 Muthen & Muthen
