Mplus VERSION 7.3
MUTHEN & MUTHEN
12/17/2016   5:18 PM

INPUT INSTRUCTIONS

  TITLE:
  Script produced from the prototype in ./sandbox/syntax-creator/
  DATA:
  File = wide-dataset.dat ;
  VARIABLE:
  NAMES are
   Case PairID female age_c80 edu_c7 sbp_c167 smoke cardio diabetes dementia_ever
      years_since_bl_01 years_since_bl_02 years_since_bl_03 years_since_bl_04
      years_since_bl_05 pef_01 pef_02 pef_03 pef_04 pef_05 grip_01 grip_02 grip_03
      grip_04 grip_05 gait_01 gait_02 gait_03 gait_04 gait_05 block_01 block_02
      block_03 block_04 block_05 digitspanbackward_01 digitspanbackward_02
      digitspanbackward_03 digitspanbackward_04 digitspanbackward_05
      digitspanforward_01 digitspanforward_02 digitspanforward_03 digitspanforward_04
      digitspanforward_05 symbol_01 symbol_02 symbol_03 symbol_04 symbol_05 prose_01
      prose_02 prose_03 prose_04 prose_05 info_01 info_02 info_03 info_04 info_05
      synonyms_01 synonyms_02 synonyms_03 synonyms_04 synonyms_05 psif_01 psif_02
      psif_03 psif_04 psif_05 figure_01 figure_02 figure_03 figure_04 figure_05
      mirrecall_01 mirrecall_02 mirrecall_03 mirrecall_04 mirrecall_05 mmse_01 mmse_02
      mmse_03 mmse_04 mmse_05 mirnaming_01 mirnaming_02 mirnaming_03 mirnaming_04
      mirnaming_05 mirrecog_01 mirrecog_02 mirrecog_03 mirrecog_04 mirrecog_05
      clock_01 clock_02 clock_03 clock_04 clock_05
  	;
  Missing are all (-9999);
  USEVARIABLES are
  	!define the variables used in the analysis
  	! covariates used in the model
  age_c80
  edu_c7
  female	
  	!estimated time points
  time_01
  time_03
  time_05
  	!modelled time points of process (A)
  a_01
  a_03
  a_05
  ;
  TSCORES are
  	!estimated time points
  time_01
  time_03
  time_05;
  CLUSTER = PairID;
  SUBPOPULATION are
  	!select a subset of observations
  dementia_ever NE 1
  ;
  DEFINE:
  	! assign variables to the process (A)
  a_01 = figure_01;
  a_03 = figure_03;
  a_05 = figure_05;
  	!assign variables to time points
  time_01 = years_since_bl_01;
  time_03 = years_since_bl_03;
  time_05 = years_since_bl_05;
  	
  ANALYSIS: TYPE = RANDOM COMPLEX;
  COVERAGE=.00;
  MODEL:
  	!first-level equation
  	! assign process (A) to time points
  ia sa | a_01 AT time_01 ;
  ia sa | a_03 AT time_03 ;
  ia sa | a_05 AT time_05 ;
  	!variance of the first-level terms
  ia (v_ia);
  sa (v_sa);
  	!covariance among first-level terms
  ia WITH sa (c_iasa);
  	!second-level equation
  ia sa ON age_c80
  edu_c7
  female;
  	!residual covariance of process (A)
  a_01 (res_a);
  a_03 (res_a);
  a_05 (res_a);	
  SAVEDATA:
  FILE is   u1_135_aef_figure_fscores.dat;
  SAVE = FSCORES;
  RESULTS are   u1_135_aef_figure_results.dat;
  	
  OUTPUT: sampstat cinterval;
  PLOT: Type is Plot1 Plot2 Plot3;



*** WARNING
  Data set contains cases with missing on x-variables.
  These cases were not included in the analysis.
  Number of cases with missing on x-variables:  46
*** WARNING
  Data set contains cases with missing on all variables except
  x-variables.  These cases were not included in the analysis.
  Number of cases with missing on all variables except x-variables:  179
   2 WARNING(S) FOUND IN THE INPUT INSTRUCTIONS




Script produced from the prototype in ./sandbox/syntax-creator/

SUMMARY OF ANALYSIS

Number of groups                                                 1
Number of observations                                         372

Number of dependent variables                                    3
Number of independent variables                                  3
Number of continuous latent variables                            2

Observed dependent variables

  Continuous
   A_01        A_03        A_05

Observed independent variables
   AGE_C80     EDU_C7      FEMALE

Continuous latent variables
   IA          SA

Variables with special functions

  Cluster variable      PAIRID
  Weight variable       _WEIGHT

  Time scores
   TIME_01     TIME_03     TIME_05


Estimator                                                      MLR
Information matrix                                        OBSERVED
Maximum number of iterations                                   100
Convergence criterion                                    0.100D-05
Maximum number of EM iterations                                500
Convergence criteria for the EM algorithm
  Loglikelihood change                                   0.100D-02
  Relative loglikelihood change                          0.100D-05
  Derivative                                             0.100D-03
Minimum variance                                         0.100D-03
Maximum number of steepest descent iterations                   20
Maximum number of iterations for H1                           2000
Convergence criterion for H1                             0.100D-03
Optimization algorithm                                         EMA

Input data file(s)
  wide-dataset.dat
Input data format  FREE



SAMPLE STATISTICS


     ESTIMATED SAMPLE STATISTICS


           Means
              A_01          A_03          A_05          AGE_C80       EDU_C7
              ________      ________      ________      ________      ________
 1             15.645        15.678        15.356         3.024         0.349


           Means
              FEMALE
              ________
 1              0.642


           Covariances
              A_01          A_03          A_05          AGE_C80       EDU_C7
              ________      ________      ________      ________      ________
 A_01          17.300
 A_03           6.947        14.616
 A_05           6.292         5.661        13.479
 AGE_C80       -1.266        -1.245        -0.323         6.590
 EDU_C7         1.528         1.592         0.723        -0.437         5.695
 FEMALE         0.060         0.231        -0.132         0.076        -0.093


           Covariances
              FEMALE
              ________
 FEMALE         0.230


           Correlations
              A_01          A_03          A_05          AGE_C80       EDU_C7
              ________      ________      ________      ________      ________
 A_01           1.000
 A_03           0.437         1.000
 A_05           0.412         0.403         1.000
 AGE_C80       -0.119        -0.127        -0.034         1.000
 EDU_C7         0.154         0.175         0.082        -0.071         1.000
 FEMALE         0.030         0.126        -0.075         0.062        -0.081


           Correlations
              FEMALE
              ________
 FEMALE         1.000


     MAXIMUM LOG-LIKELIHOOD VALUE FOR THE UNRESTRICTED (H1) MODEL IS -4954.206


UNIVARIATE HIGHER-ORDER MOMENT DESCRIPTIVE STATISTICS


     UNIVARIATE HIGHER-ORDER MOMENT DESCRIPTIVE STATISTICS

         Variable/         Mean/     Skewness/   Minimum/ % with                Percentiles
        Sample Size      Variance    Kurtosis    Maximum  Min/Max      20%/60%    40%/80%    Median

     A_01                 15.673      -0.518       2.000    0.23%      12.000     15.000     16.000
             443.000      17.185      -0.239      24.000    0.23%      17.000     19.000
     A_03                 15.942      -0.482       3.000    0.37%      13.000     15.000     16.000
             273.000      14.501       0.281      24.000    1.10%      17.000     19.000
     A_05                 15.628      -0.356       6.000    0.72%      12.000     15.000     15.000
             139.000      13.572      -0.218      24.000    0.72%      16.000     18.000
     AGE_C80               3.024       0.997      -0.581    0.21%       0.875      1.637      2.248
             477.000       6.590       0.282      13.313    0.21%       2.827      5.221
     EDU_C7                0.349       1.843      -7.000    0.21%      -1.000     -1.000      0.000
             477.000       5.695       4.940      13.000    0.21%       0.000      1.000
     FEMALE                0.642      -0.595       0.000   36.06%       0.000      1.000      1.000
             477.000       0.230      -1.647       1.000   63.94%       1.000      1.000


THE MODEL ESTIMATION TERMINATED NORMALLY



MODEL FIT INFORMATION

Number of Free Parameters                       12

Loglikelihood

          H0 Value                       -1885.875
          H0 Scaling Correction Factor      1.0298
            for MLR

Information Criteria

          Akaike (AIC)                    3795.750
          Bayesian (BIC)                  3842.777
          Sample-Size Adjusted BIC        3804.704
            (n* = (n + 2) / 24)



MODEL RESULTS

                                                    Two-Tailed
                    Estimate       S.E.  Est./S.E.    P-Value

 IA         ON
    AGE_C80           -0.195      0.081     -2.400      0.016
    EDU_C7             0.277      0.085      3.243      0.001
    FEMALE             0.684      0.484      1.412      0.158

 SA         ON
    AGE_C80            0.015      0.016      0.920      0.358
    EDU_C7            -0.013      0.020     -0.649      0.516
    FEMALE            -0.070      0.084     -0.827      0.408

 IA       WITH
    SA                -0.252      0.200     -1.260      0.208

 Intercepts
    A_01               0.000      0.000    999.000    999.000
    A_03               0.000      0.000    999.000    999.000
    A_05               0.000      0.000    999.000    999.000
    IA                15.739      0.470     33.504      0.000
    SA                -0.027      0.085     -0.325      0.746

 Residual Variances
    A_01               8.651      1.017      8.509      0.000
    A_03               8.651      1.017      8.509      0.000
    A_05               8.651      1.017      8.509      0.000
    IA                 7.717      1.437      5.369      0.000
    SA                 0.013      0.050      0.252      0.801


QUALITY OF NUMERICAL RESULTS

     Condition Number for the Information Matrix              0.426E-03
       (ratio of smallest to largest eigenvalue)


CONFIDENCE INTERVALS OF MODEL RESULTS

                  Lower .5%  Lower 2.5%    Lower 5%    Estimate    Upper 5%  Upper 2.5%   Upper .5%

 IA       ON
    AGE_C80         -0.405      -0.355      -0.329      -0.195      -0.061      -0.036       0.014
    EDU_C7           0.057       0.109       0.136       0.277       0.417       0.444       0.496
    FEMALE          -0.563      -0.265      -0.113       0.684       1.480       1.632       1.931

 SA       ON
    AGE_C80         -0.026      -0.016      -0.011       0.015       0.041       0.046       0.055
    EDU_C7          -0.064      -0.051      -0.045      -0.013       0.020       0.026       0.038
    FEMALE          -0.287      -0.235      -0.209      -0.070       0.069       0.096       0.148

 IA       WITH
    SA              -0.768      -0.644      -0.581      -0.252       0.077       0.140       0.263

 Intercepts
    A_01             0.000       0.000       0.000       0.000       0.000       0.000       0.000
    A_03             0.000       0.000       0.000       0.000       0.000       0.000       0.000
    A_05             0.000       0.000       0.000       0.000       0.000       0.000       0.000
    IA              14.529      14.818      14.966      15.739      16.512      16.660      16.949
    SA              -0.246      -0.194      -0.167      -0.027       0.112       0.139       0.191

 Residual Variances
    A_01             6.032       6.658       6.978       8.651      10.323      10.643      11.269
    A_03             6.032       6.658       6.978       8.651      10.323      10.643      11.269
    A_05             6.032       6.658       6.978       8.651      10.323      10.643      11.269
    IA               4.015       4.900       5.352       7.717      10.082      10.534      11.420
    SA              -0.116      -0.085      -0.069       0.013       0.094       0.110       0.141


SAMPLE STATISTICS FOR ESTIMATED FACTOR SCORES


     SAMPLE STATISTICS


           Means
              IA            IA_SE         SA            SA_SE
              ________      ________      ________      ________
 1             15.529         1.845        -0.027         0.091


           Covariances
              IA            IA_SE         SA            SA_SE
              ________      ________      ________      ________
 IA             5.011
 IA_SE         -0.091         0.036
 SA            -0.176         0.004         0.007
 SA_SE         -0.001         0.001         0.000         0.000


           Correlations
              IA            IA_SE         SA            SA_SE
              ________      ________      ________      ________
 IA             1.000
 IA_SE         -0.215         1.000
 SA            -0.930         0.256         1.000
 SA_SE         -0.186         0.932         0.213         1.000


RESULTS SAVING INFORMATION

  Order of data

    Parameter estimates
     (saved in order shown in Technical 1 output)
    Standard errors
     (saved in order shown in Technical 1 output)
    H0 Loglikelihood
    H0 Scaling Correction Factor for MLR
    Number of Free Parameters
    Akaike (AIC)
    Bayesian (BIC)
    Sample-Size Adjusted BIC

  Save file
    u1_135_aef_figure_results.dat

  Save file format           Free


PLOT INFORMATION

The following plots are available:

  Histograms (sample values, estimated factor scores)
  Scatterplots (sample values, estimated factor scores)
  Latent variable distribution plots

SAVEDATA INFORMATION


  Save file
    u1_135_aef_figure_fscores.dat

  Order and format of variables

    A_01           F10.3
    A_03           F10.3
    A_05           F10.3
    AGE_C80        F10.3
    EDU_C7         F10.3
    FEMALE         F10.3
    TIME_01        F10.3
    TIME_03        F10.3
    TIME_05        F10.3
    _WEIGHT        F10.3
    IA             F10.3
    IA_SE          F10.3
    SA             F10.3
    SA_SE          F10.3
    PAIRID         I6

  Save file format
    14F10.3 I6

  Save file record length    10000


     Beginning Time:  17:18:07
        Ending Time:  17:18:07
       Elapsed Time:  00:00:00



MUTHEN & MUTHEN
3463 Stoner Ave.
Los Angeles, CA  90066

Tel: (310) 391-9971
Fax: (310) 391-8971
Web: www.StatModel.com
Support: Support@StatModel.com

Copyright (c) 1998-2014 Muthen & Muthen
