Mplus VERSION 7.3
MUTHEN & MUTHEN
12/17/2016  11:49 AM

INPUT INSTRUCTIONS

  TITLE:
  Script produced from the prototype in ./sandbox/syntax-creator/
  DATA:
  File = wide-dataset.dat ;
  VARIABLE:
  NAMES are
   Case PairID female age_c80 edu_c7 sbp_c167 smoke cardio diabetes dementia_ever
      years_since_bl_01 years_since_bl_02 years_since_bl_03 years_since_bl_04
      years_since_bl_05 pef_01 pef_02 pef_03 pef_04 pef_05 grip_01 grip_02 grip_03
      grip_04 grip_05 gait_01 gait_02 gait_03 gait_04 gait_05 block_01 block_02
      block_03 block_04 block_05 digitspanbackward_01 digitspanbackward_02
      digitspanbackward_03 digitspanbackward_04 digitspanbackward_05
      digitspanforward_01 digitspanforward_02 digitspanforward_03 digitspanforward_04
      digitspanforward_05 symbol_01 symbol_02 symbol_03 symbol_04 symbol_05 prose_01
      prose_02 prose_03 prose_04 prose_05 info_01 info_02 info_03 info_04 info_05
      synonyms_01 synonyms_02 synonyms_03 synonyms_04 synonyms_05 psif_01 psif_02
      psif_03 psif_04 psif_05 figure_01 figure_02 figure_03 figure_04 figure_05
      mirrecall_01 mirrecall_02 mirrecall_03 mirrecall_04 mirrecall_05 mmse_01 mmse_02
      mmse_03 mmse_04 mmse_05 mirnaming_01 mirnaming_02 mirnaming_03 mirnaming_04
      mirnaming_05 mirrecog_01 mirrecog_02 mirrecog_03 mirrecog_04 mirrecog_05
      clock_01 clock_02 clock_03 clock_04 clock_05
  	;
  Missing are all (-9999);
  USEVARIABLES are
  	!define the variables used in the analysis
  	! covariates used in the model
  age_c80
  edu_c7	
  	!estimated time points
  time_01
  time_02
  time_03
  time_05
  	!modelled time points of process (A)
  a_01
  a_02
  a_03
  a_05
  ;
  TSCORES are
  	!estimated time points
  time_01
  time_02
  time_03
  time_05;
  CLUSTER = PairID;
  SUBPOPULATION are
  	!select a subset of observations
  dementia_ever NE 1
  ;
  DEFINE:
  	! assign variables to the process (A)
  a_01 = figure_01;
  a_02 = figure_02;
  a_03 = figure_03;
  a_05 = figure_05;
  	!assign variables to time points
  time_01 = years_since_bl_01;
  time_02 = years_since_bl_02;
  time_03 = years_since_bl_03;
  time_05 = years_since_bl_05;
  	
  ANALYSIS: TYPE = RANDOM COMPLEX;
  COVERAGE=.00;
  MODEL:
  	!first-level equation
  	! assign process (A) to time points
  ia sa | a_01 AT time_01 ;
  ia sa | a_02 AT time_02 ;
  ia sa | a_03 AT time_03 ;
  ia sa | a_05 AT time_05 ;
  	!variance of the first-level terms
  ia (v_ia);
  sa (v_sa);
  	!covariance among first-level terms
  ia WITH sa (c_iasa);
  	!second-level equation
  ia sa ON age_c80
  edu_c7;
  	!residual covariance of process (A)
  a_01 (res_a);
  a_02 (res_a);
  a_03 (res_a);
  a_05 (res_a);	
  SAVEDATA:
  FILE is   u1_1235_ae_figure_fscores.dat;
  SAVE = FSCORES;
  RESULTS are   u1_1235_ae_figure_results.dat;
  	
  OUTPUT: sampstat cinterval;
  PLOT: Type is Plot1 Plot2 Plot3;



*** WARNING
  Data set contains cases with missing on x-variables.
  These cases were not included in the analysis.
  Number of cases with missing on x-variables:  46
*** WARNING
  Data set contains cases with missing on all variables except
  x-variables.  These cases were not included in the analysis.
  Number of cases with missing on all variables except x-variables:  147
   2 WARNING(S) FOUND IN THE INPUT INSTRUCTIONS




Script produced from the prototype in ./sandbox/syntax-creator/

SUMMARY OF ANALYSIS

Number of groups                                                 1
Number of observations                                         387

Number of dependent variables                                    4
Number of independent variables                                  2
Number of continuous latent variables                            2

Observed dependent variables

  Continuous
   A_01        A_02        A_03        A_05

Observed independent variables
   AGE_C80     EDU_C7

Continuous latent variables
   IA          SA

Variables with special functions

  Cluster variable      PAIRID
  Weight variable       _WEIGHT

  Time scores
   TIME_01     TIME_02     TIME_03     TIME_05


Estimator                                                      MLR
Information matrix                                        OBSERVED
Maximum number of iterations                                   100
Convergence criterion                                    0.100D-05
Maximum number of EM iterations                                500
Convergence criteria for the EM algorithm
  Loglikelihood change                                   0.100D-02
  Relative loglikelihood change                          0.100D-05
  Derivative                                             0.100D-03
Minimum variance                                         0.100D-03
Maximum number of steepest descent iterations                   20
Maximum number of iterations for H1                           2000
Convergence criterion for H1                             0.100D-03
Optimization algorithm                                         EMA

Input data file(s)
  wide-dataset.dat
Input data format  FREE



SAMPLE STATISTICS


     ESTIMATED SAMPLE STATISTICS


           Means
              A_01          A_02          A_03          A_05          AGE_C80
              ________      ________      ________      ________      ________
 1             15.567        15.602        15.537        15.051         3.073


           Means
              EDU_C7
              ________
 1              0.315


           Covariances
              A_01          A_02          A_03          A_05          AGE_C80
              ________      ________      ________      ________      ________
 A_01          17.496
 A_02           8.318        14.690
 A_03           7.181         8.469        15.075
 A_05           6.638         5.887         6.372        14.032
 AGE_C80       -1.275        -1.597        -1.467        -0.404         6.855
 EDU_C7         1.643         1.212         1.656         0.631        -0.493


           Covariances
              EDU_C7
              ________
 EDU_C7         5.575


           Correlations
              A_01          A_02          A_03          A_05          AGE_C80
              ________      ________      ________      ________      ________
 A_01           1.000
 A_02           0.519         1.000
 A_03           0.442         0.569         1.000
 A_05           0.424         0.410         0.438         1.000
 AGE_C80       -0.116        -0.159        -0.144        -0.041         1.000
 EDU_C7         0.166         0.134         0.181         0.071        -0.080


           Correlations
              EDU_C7
              ________
 EDU_C7         1.000


     MAXIMUM LOG-LIKELIHOOD VALUE FOR THE UNRESTRICTED (H1) MODEL IS -5768.978


UNIVARIATE HIGHER-ORDER MOMENT DESCRIPTIVE STATISTICS


     UNIVARIATE HIGHER-ORDER MOMENT DESCRIPTIVE STATISTICS

         Variable/         Mean/     Skewness/   Minimum/ % with                Percentiles
        Sample Size      Variance    Kurtosis    Maximum  Min/Max      20%/60%    40%/80%    Median

     A_01                 15.673      -0.518       2.000    0.23%      12.000     15.000     16.000
             443.000      17.185      -0.239      24.000    0.23%      17.000     19.000
     A_02                 15.850      -0.447       1.000    0.28%      12.000     15.000     16.000
             362.000      14.069       0.156      24.000    1.38%      17.000     19.000
     A_03                 15.942      -0.482       3.000    0.37%      13.000     15.000     16.000
             273.000      14.501       0.281      24.000    1.10%      17.000     19.000
     A_05                 15.628      -0.356       6.000    0.72%      12.000     15.000     15.000
             139.000      13.572      -0.218      24.000    0.72%      16.000     18.000
     AGE_C80               3.073       1.026      -0.581    0.20%       0.877      1.700      2.262
             509.000       6.855       0.352      13.313    0.20%       2.940      5.310
     EDU_C7                0.315       1.873      -7.000    0.20%      -1.000     -1.000     -1.000
             509.000       5.575       5.094      13.000    0.20%       0.000      1.000


THE MODEL ESTIMATION TERMINATED NORMALLY



MODEL FIT INFORMATION

Number of Free Parameters                       10

Loglikelihood

          H0 Value                       -2589.638
          H0 Scaling Correction Factor      1.0503
            for MLR

Information Criteria

          Akaike (AIC)                    5199.276
          Bayesian (BIC)                  5238.860
          Sample-Size Adjusted BIC        5207.131
            (n* = (n + 2) / 24)



MODEL RESULTS

                                                    Two-Tailed
                    Estimate       S.E.  Est./S.E.    P-Value

 IA         ON
    AGE_C80           -0.200      0.077     -2.615      0.009
    EDU_C7             0.271      0.077      3.537      0.000

 SA         ON
    AGE_C80            0.010      0.016      0.639      0.523
    EDU_C7            -0.015      0.019     -0.797      0.426

 IA       WITH
    SA                -0.355      0.172     -2.065      0.039

 Intercepts
    A_01               0.000      0.000    999.000    999.000
    A_02               0.000      0.000    999.000    999.000
    A_03               0.000      0.000    999.000    999.000
    A_05               0.000      0.000    999.000    999.000
    IA                16.189      0.315     51.337      0.000
    SA                -0.087      0.062     -1.405      0.160

 Residual Variances
    A_01               7.623      0.580     13.146      0.000
    A_02               7.623      0.580     13.146      0.000
    A_03               7.623      0.580     13.146      0.000
    A_05               7.623      0.580     13.146      0.000
    IA                 8.667      1.177      7.365      0.000
    SA                 0.049      0.042      1.157      0.247


QUALITY OF NUMERICAL RESULTS

     Condition Number for the Information Matrix              0.885E-03
       (ratio of smallest to largest eigenvalue)


CONFIDENCE INTERVALS OF MODEL RESULTS

                  Lower .5%  Lower 2.5%    Lower 5%    Estimate    Upper 5%  Upper 2.5%   Upper .5%

 IA       ON
    AGE_C80         -0.397      -0.350      -0.326      -0.200      -0.074      -0.050      -0.003
    EDU_C7           0.074       0.121       0.145       0.271       0.398       0.422       0.469

 SA       ON
    AGE_C80         -0.031      -0.021      -0.016       0.010       0.037       0.042       0.052
    EDU_C7          -0.063      -0.052      -0.046      -0.015       0.016       0.022       0.033

 IA       WITH
    SA              -0.798      -0.692      -0.638      -0.355      -0.072      -0.018       0.088

 Intercepts
    A_01             0.000       0.000       0.000       0.000       0.000       0.000       0.000
    A_02             0.000       0.000       0.000       0.000       0.000       0.000       0.000
    A_03             0.000       0.000       0.000       0.000       0.000       0.000       0.000
    A_05             0.000       0.000       0.000       0.000       0.000       0.000       0.000
    IA              15.377      15.571      15.670      16.189      16.708      16.807      17.001
    SA              -0.246      -0.208      -0.188      -0.087       0.015       0.034       0.072

 Residual Variances
    A_01             6.130       6.487       6.669       7.623       8.577       8.760       9.117
    A_02             6.130       6.487       6.669       7.623       8.577       8.760       9.117
    A_03             6.130       6.487       6.669       7.623       8.577       8.760       9.117
    A_05             6.130       6.487       6.669       7.623       8.577       8.760       9.117
    IA               5.636       6.361       6.731       8.667      10.603      10.973      11.698
    SA              -0.060      -0.034      -0.021       0.049       0.118       0.132       0.158


SAMPLE STATISTICS FOR ESTIMATED FACTOR SCORES


     SAMPLE STATISTICS


           Means
              IA            IA_SE         SA            SA_SE
              ________      ________      ________      ________
 1             15.396         1.720        -0.051         0.201


           Covariances
              IA            IA_SE         SA            SA_SE
              ________      ________      ________      ________
 IA             6.691
 IA_SE         -0.183         0.056
 SA            -0.234         0.007         0.011
 SA_SE         -0.004         0.001         0.000         0.000


           Correlations
              IA            IA_SE         SA            SA_SE
              ________      ________      ________      ________
 IA             1.000
 IA_SE         -0.297         1.000
 SA            -0.874         0.284         1.000
 SA_SE         -0.259         0.781         0.218         1.000


RESULTS SAVING INFORMATION

  Order of data

    Parameter estimates
     (saved in order shown in Technical 1 output)
    Standard errors
     (saved in order shown in Technical 1 output)
    H0 Loglikelihood
    H0 Scaling Correction Factor for MLR
    Number of Free Parameters
    Akaike (AIC)
    Bayesian (BIC)
    Sample-Size Adjusted BIC

  Save file
    u1_1235_ae_figure_results.dat

  Save file format           Free


PLOT INFORMATION

The following plots are available:

  Histograms (sample values, estimated factor scores)
  Scatterplots (sample values, estimated factor scores)
  Latent variable distribution plots

SAVEDATA INFORMATION


  Save file
    u1_1235_ae_figure_fscores.dat

  Order and format of variables

    A_01           F10.3
    A_02           F10.3
    A_03           F10.3
    A_05           F10.3
    AGE_C80        F10.3
    EDU_C7         F10.3
    TIME_01        F10.3
    TIME_02        F10.3
    TIME_03        F10.3
    TIME_05        F10.3
    _WEIGHT        F10.3
    IA             F10.3
    IA_SE          F10.3
    SA             F10.3
    SA_SE          F10.3
    PAIRID         I6

  Save file format
    15F10.3 I6

  Save file record length    10000


     Beginning Time:  11:49:30
        Ending Time:  11:49:30
       Elapsed Time:  00:00:00



MUTHEN & MUTHEN
3463 Stoner Ave.
Los Angeles, CA  90066

Tel: (310) 391-9971
Fax: (310) 391-8971
Web: www.StatModel.com
Support: Support@StatModel.com

Copyright (c) 1998-2014 Muthen & Muthen
