Mplus VERSION 7.3
MUTHEN & MUTHEN
12/17/2016  11:49 AM

INPUT INSTRUCTIONS

  TITLE:
  Script produced from the prototype in ./sandbox/syntax-creator/
  DATA:
  File = wide-dataset.dat ;
  VARIABLE:
  NAMES are
   Case PairID female age_c80 edu_c7 sbp_c167 smoke cardio diabetes dementia_ever
      years_since_bl_01 years_since_bl_02 years_since_bl_03 years_since_bl_04
      years_since_bl_05 pef_01 pef_02 pef_03 pef_04 pef_05 grip_01 grip_02 grip_03
      grip_04 grip_05 gait_01 gait_02 gait_03 gait_04 gait_05 block_01 block_02
      block_03 block_04 block_05 digitspanbackward_01 digitspanbackward_02
      digitspanbackward_03 digitspanbackward_04 digitspanbackward_05
      digitspanforward_01 digitspanforward_02 digitspanforward_03 digitspanforward_04
      digitspanforward_05 symbol_01 symbol_02 symbol_03 symbol_04 symbol_05 prose_01
      prose_02 prose_03 prose_04 prose_05 info_01 info_02 info_03 info_04 info_05
      synonyms_01 synonyms_02 synonyms_03 synonyms_04 synonyms_05 psif_01 psif_02
      psif_03 psif_04 psif_05 figure_01 figure_02 figure_03 figure_04 figure_05
      mirrecall_01 mirrecall_02 mirrecall_03 mirrecall_04 mirrecall_05 mmse_01 mmse_02
      mmse_03 mmse_04 mmse_05 mirnaming_01 mirnaming_02 mirnaming_03 mirnaming_04
      mirnaming_05 mirrecog_01 mirrecog_02 mirrecog_03 mirrecog_04 mirrecog_05
      clock_01 clock_02 clock_03 clock_04 clock_05
  	;
  Missing are all (-9999);
  USEVARIABLES are
  	!define the variables used in the analysis
  	! covariates used in the model
  age_c80
  edu_c7	
  	!estimated time points
  time_01
  time_02
  time_03
  time_04
  	!modelled time points of process (A)
  a_01
  a_02
  a_03
  a_04
  ;
  TSCORES are
  	!estimated time points
  time_01
  time_02
  time_03
  time_04;
  CLUSTER = PairID;
  SUBPOPULATION are
  	!select a subset of observations
  dementia_ever NE 1
  ;
  DEFINE:
  	! assign variables to the process (A)
  a_01 = figure_01;
  a_02 = figure_02;
  a_03 = figure_03;
  a_04 = figure_04;
  	!assign variables to time points
  time_01 = years_since_bl_01;
  time_02 = years_since_bl_02;
  time_03 = years_since_bl_03;
  time_04 = years_since_bl_04;
  	
  ANALYSIS: TYPE = RANDOM COMPLEX;
  COVERAGE=.00;
  MODEL:
  	!first-level equation
  	! assign process (A) to time points
  ia sa | a_01 AT time_01 ;
  ia sa | a_02 AT time_02 ;
  ia sa | a_03 AT time_03 ;
  ia sa | a_04 AT time_04 ;
  	!variance of the first-level terms
  ia (v_ia);
  sa (v_sa);
  	!covariance among first-level terms
  ia WITH sa (c_iasa);
  	!second-level equation
  ia sa ON age_c80
  edu_c7;
  	!residual covariance of process (A)
  a_01 (res_a);
  a_02 (res_a);
  a_03 (res_a);
  a_04 (res_a);	
  SAVEDATA:
  FILE is   u1_1234_ae_figure_fscores.dat;
  SAVE = FSCORES;
  RESULTS are   u1_1234_ae_figure_results.dat;
  	
  OUTPUT: sampstat cinterval;
  PLOT: Type is Plot1 Plot2 Plot3;



*** WARNING
  Data set contains cases with missing on x-variables.
  These cases were not included in the analysis.
  Number of cases with missing on x-variables:  46
*** WARNING
  Data set contains cases with missing on all variables except
  x-variables.  These cases were not included in the analysis.
  Number of cases with missing on all variables except x-variables:  145
   2 WARNING(S) FOUND IN THE INPUT INSTRUCTIONS




Script produced from the prototype in ./sandbox/syntax-creator/

SUMMARY OF ANALYSIS

Number of groups                                                 1
Number of observations                                         387

Number of dependent variables                                    4
Number of independent variables                                  2
Number of continuous latent variables                            2

Observed dependent variables

  Continuous
   A_01        A_02        A_03        A_04

Observed independent variables
   AGE_C80     EDU_C7

Continuous latent variables
   IA          SA

Variables with special functions

  Cluster variable      PAIRID
  Weight variable       _WEIGHT

  Time scores
   TIME_01     TIME_02     TIME_03     TIME_04


Estimator                                                      MLR
Information matrix                                        OBSERVED
Maximum number of iterations                                   100
Convergence criterion                                    0.100D-05
Maximum number of EM iterations                                500
Convergence criteria for the EM algorithm
  Loglikelihood change                                   0.100D-02
  Relative loglikelihood change                          0.100D-05
  Derivative                                             0.100D-03
Minimum variance                                         0.100D-03
Maximum number of steepest descent iterations                   20
Maximum number of iterations for H1                           2000
Convergence criterion for H1                             0.100D-03
Optimization algorithm                                         EMA

Input data file(s)
  wide-dataset.dat
Input data format  FREE



SAMPLE STATISTICS


     ESTIMATED SAMPLE STATISTICS


           Means
              A_01          A_02          A_03          A_04          AGE_C80
              ________      ________      ________      ________      ________
 1             15.569        15.596        15.478        15.310         3.073


           Means
              EDU_C7
              ________
 1              0.315


           Covariances
              A_01          A_02          A_03          A_04          AGE_C80
              ________      ________      ________      ________      ________
 A_01          17.461
 A_02           8.304        14.713
 A_03           7.191         8.579        15.355
 A_04           6.292         6.391         9.173        16.952
 AGE_C80       -1.265        -1.609        -1.445        -2.281         6.855
 EDU_C7         1.655         1.199         1.628         0.319        -0.493


           Covariances
              EDU_C7
              ________
 EDU_C7         5.575


           Correlations
              A_01          A_02          A_03          A_04          AGE_C80
              ________      ________      ________      ________      ________
 A_01           1.000
 A_02           0.518         1.000
 A_03           0.439         0.571         1.000
 A_04           0.366         0.405         0.569         1.000
 AGE_C80       -0.116        -0.160        -0.141        -0.212         1.000
 EDU_C7         0.168         0.132         0.176         0.033        -0.080


           Correlations
              EDU_C7
              ________
 EDU_C7         1.000


     MAXIMUM LOG-LIKELIHOOD VALUE FOR THE UNRESTRICTED (H1) MODEL IS -5943.915


UNIVARIATE HIGHER-ORDER MOMENT DESCRIPTIVE STATISTICS


     UNIVARIATE HIGHER-ORDER MOMENT DESCRIPTIVE STATISTICS

         Variable/         Mean/     Skewness/   Minimum/ % with                Percentiles
        Sample Size      Variance    Kurtosis    Maximum  Min/Max      20%/60%    40%/80%    Median

     A_01                 15.673      -0.518       2.000    0.23%      12.000     15.000     16.000
             443.000      17.185      -0.239      24.000    0.23%      17.000     19.000
     A_02                 15.850      -0.447       1.000    0.28%      12.000     15.000     16.000
             362.000      14.069       0.156      24.000    1.38%      17.000     19.000
     A_03                 15.942      -0.482       3.000    0.37%      13.000     15.000     16.000
             273.000      14.501       0.281      24.000    1.10%      17.000     19.000
     A_04                 15.957      -0.617       2.000    0.50%      12.000     15.000     16.000
             200.000      15.833       0.414      24.000    1.50%      17.000     19.000
     AGE_C80               3.073       1.026      -0.581    0.20%       0.877      1.694      2.262
             511.000       6.855       0.352      13.313    0.20%       2.941      5.334
     EDU_C7                0.315       1.873      -7.000    0.20%      -1.000     -1.000     -1.000
             511.000       5.575       5.094      13.000    0.20%       0.000      1.000


THE MODEL ESTIMATION TERMINATED NORMALLY



MODEL FIT INFORMATION

Number of Free Parameters                       10

Loglikelihood

          H0 Value                       -2704.217
          H0 Scaling Correction Factor      1.0422
            for MLR

Information Criteria

          Akaike (AIC)                    5428.433
          Bayesian (BIC)                  5468.017
          Sample-Size Adjusted BIC        5436.288
            (n* = (n + 2) / 24)



MODEL RESULTS

                                                    Two-Tailed
                    Estimate       S.E.  Est./S.E.    P-Value

 IA         ON
    AGE_C80           -0.166      0.076     -2.169      0.030
    EDU_C7             0.285      0.078      3.662      0.000

 SA         ON
    AGE_C80           -0.020      0.021     -0.934      0.350
    EDU_C7            -0.027      0.022     -1.205      0.228

 IA       WITH
    SA                -0.714      0.245     -2.909      0.004

 Intercepts
    A_01               0.000      0.000    999.000    999.000
    A_02               0.000      0.000    999.000    999.000
    A_03               0.000      0.000    999.000    999.000
    A_04               0.000      0.000    999.000    999.000
    IA                16.031      0.322     49.721      0.000
    SA                 0.029      0.076      0.376      0.707

 Residual Variances
    A_01               6.862      0.468     14.662      0.000
    A_02               6.862      0.468     14.662      0.000
    A_03               6.862      0.468     14.662      0.000
    A_04               6.862      0.468     14.662      0.000
    IA                 9.664      1.255      7.699      0.000
    SA                 0.232      0.065      3.561      0.000


QUALITY OF NUMERICAL RESULTS

     Condition Number for the Information Matrix              0.112E-02
       (ratio of smallest to largest eigenvalue)


CONFIDENCE INTERVALS OF MODEL RESULTS

                  Lower .5%  Lower 2.5%    Lower 5%    Estimate    Upper 5%  Upper 2.5%   Upper .5%

 IA       ON
    AGE_C80         -0.362      -0.315      -0.291      -0.166      -0.040      -0.016       0.031
    EDU_C7           0.084       0.132       0.157       0.285       0.413       0.437       0.485

 SA       ON
    AGE_C80         -0.075      -0.062      -0.055      -0.020       0.015       0.022       0.035
    EDU_C7          -0.084      -0.070      -0.063      -0.027       0.010       0.017       0.031

 IA       WITH
    SA              -1.346      -1.195      -1.117      -0.714      -0.310      -0.233      -0.082

 Intercepts
    A_01             0.000       0.000       0.000       0.000       0.000       0.000       0.000
    A_02             0.000       0.000       0.000       0.000       0.000       0.000       0.000
    A_03             0.000       0.000       0.000       0.000       0.000       0.000       0.000
    A_04             0.000       0.000       0.000       0.000       0.000       0.000       0.000
    IA              15.201      15.399      15.501      16.031      16.562      16.663      16.862
    SA              -0.168      -0.121      -0.097       0.029       0.154       0.178       0.225

 Residual Variances
    A_01             5.656       5.944       6.092       6.862       7.631       7.779       8.067
    A_02             5.656       5.944       6.092       6.862       7.631       7.779       8.067
    A_03             5.656       5.944       6.092       6.862       7.631       7.779       8.067
    A_04             5.656       5.944       6.092       6.862       7.631       7.779       8.067
    IA               6.431       7.204       7.600       9.664      11.729      12.125      12.897
    SA               0.064       0.105       0.125       0.232       0.340       0.360       0.401


SAMPLE STATISTICS FOR ESTIMATED FACTOR SCORES


     SAMPLE STATISTICS


           Means
              IA            IA_SE         SA            SA_SE
              ________      ________      ________      ________
 1             15.325         1.821        -0.041         0.420


           Covariances
              IA            IA_SE         SA            SA_SE
              ________      ________      ________      ________
 IA             7.317
 IA_SE         -0.165         0.058
 SA            -0.319         0.000         0.065
 SA_SE         -0.029         0.006         0.000         0.001


           Correlations
              IA            IA_SE         SA            SA_SE
              ________      ________      ________      ________
 IA             1.000
 IA_SE         -0.253         1.000
 SA            -0.462         0.007         1.000
 SA_SE         -0.289         0.658         0.037         1.000


RESULTS SAVING INFORMATION

  Order of data

    Parameter estimates
     (saved in order shown in Technical 1 output)
    Standard errors
     (saved in order shown in Technical 1 output)
    H0 Loglikelihood
    H0 Scaling Correction Factor for MLR
    Number of Free Parameters
    Akaike (AIC)
    Bayesian (BIC)
    Sample-Size Adjusted BIC

  Save file
    u1_1234_ae_figure_results.dat

  Save file format           Free


PLOT INFORMATION

The following plots are available:

  Histograms (sample values, estimated factor scores)
  Scatterplots (sample values, estimated factor scores)
  Latent variable distribution plots

SAVEDATA INFORMATION


  Save file
    u1_1234_ae_figure_fscores.dat

  Order and format of variables

    A_01           F10.3
    A_02           F10.3
    A_03           F10.3
    A_04           F10.3
    AGE_C80        F10.3
    EDU_C7         F10.3
    TIME_01        F10.3
    TIME_02        F10.3
    TIME_03        F10.3
    TIME_04        F10.3
    _WEIGHT        F10.3
    IA             F10.3
    IA_SE          F10.3
    SA             F10.3
    SA_SE          F10.3
    PAIRID         I6

  Save file format
    15F10.3 I6

  Save file record length    10000


     Beginning Time:  11:49:27
        Ending Time:  11:49:28
       Elapsed Time:  00:00:01



MUTHEN & MUTHEN
3463 Stoner Ave.
Los Angeles, CA  90066

Tel: (310) 391-9971
Fax: (310) 391-8971
Web: www.StatModel.com
Support: Support@StatModel.com

Copyright (c) 1998-2014 Muthen & Muthen
