Mplus VERSION 7.3
MUTHEN & MUTHEN
12/17/2016  11:49 AM

INPUT INSTRUCTIONS

  TITLE:
  Script produced from the prototype in ./sandbox/syntax-creator/
  DATA:
  File = wide-dataset.dat ;
  VARIABLE:
  NAMES are
   Case PairID female age_c80 edu_c7 sbp_c167 smoke cardio diabetes dementia_ever
      years_since_bl_01 years_since_bl_02 years_since_bl_03 years_since_bl_04
      years_since_bl_05 pef_01 pef_02 pef_03 pef_04 pef_05 grip_01 grip_02 grip_03
      grip_04 grip_05 gait_01 gait_02 gait_03 gait_04 gait_05 block_01 block_02
      block_03 block_04 block_05 digitspanbackward_01 digitspanbackward_02
      digitspanbackward_03 digitspanbackward_04 digitspanbackward_05
      digitspanforward_01 digitspanforward_02 digitspanforward_03 digitspanforward_04
      digitspanforward_05 symbol_01 symbol_02 symbol_03 symbol_04 symbol_05 prose_01
      prose_02 prose_03 prose_04 prose_05 info_01 info_02 info_03 info_04 info_05
      synonyms_01 synonyms_02 synonyms_03 synonyms_04 synonyms_05 psif_01 psif_02
      psif_03 psif_04 psif_05 figure_01 figure_02 figure_03 figure_04 figure_05
      mirrecall_01 mirrecall_02 mirrecall_03 mirrecall_04 mirrecall_05 mmse_01 mmse_02
      mmse_03 mmse_04 mmse_05 mirnaming_01 mirnaming_02 mirnaming_03 mirnaming_04
      mirnaming_05 mirrecog_01 mirrecog_02 mirrecog_03 mirrecog_04 mirrecog_05
      clock_01 clock_02 clock_03 clock_04 clock_05
  	;
  Missing are all (-9999);
  USEVARIABLES are
  	!define the variables used in the analysis
  	! covariates used in the model
  age_c80
  edu_c7
  female
  sbp_c167	
  	!estimated time points
  time_01
  time_03
  time_04
  	!modelled time points of process (A)
  a_01
  a_03
  a_04
  ;
  TSCORES are
  	!estimated time points
  time_01
  time_03
  time_04;
  CLUSTER = PairID;
  SUBPOPULATION are
  	!select a subset of observations
  dementia_ever NE 1
  ;
  DEFINE:
  	! assign variables to the process (A)
  a_01 = figure_01;
  a_03 = figure_03;
  a_04 = figure_04;
  	!assign variables to time points
  time_01 = years_since_bl_01;
  time_03 = years_since_bl_03;
  time_04 = years_since_bl_04;
  	
  ANALYSIS: TYPE = RANDOM COMPLEX;
  COVERAGE=.00;
  MODEL:
  	!first-level equation
  	! assign process (A) to time points
  ia sa | a_01 AT time_01 ;
  ia sa | a_03 AT time_03 ;
  ia sa | a_04 AT time_04 ;
  	!variance of the first-level terms
  ia (v_ia);
  sa (v_sa);
  	!covariance among first-level terms
  ia WITH sa (c_iasa);
  	!second-level equation
  ia sa ON age_c80
  edu_c7
  female
  sbp_c167;
  	!residual covariance of process (A)
  a_01 (res_a);
  a_03 (res_a);
  a_04 (res_a);	
  SAVEDATA:
  FILE is   u1_134_aefb_figure_fscores.dat;
  SAVE = FSCORES;
  RESULTS are   u1_134_aefb_figure_results.dat;
  	
  OUTPUT: sampstat cinterval;
  PLOT: Type is Plot1 Plot2 Plot3;



*** WARNING
  Data set contains cases with missing on x-variables.
  These cases were not included in the analysis.
  Number of cases with missing on x-variables:  92
*** WARNING
  Data set contains cases with missing on all variables except
  x-variables.  These cases were not included in the analysis.
  Number of cases with missing on all variables except x-variables:  140
   2 WARNING(S) FOUND IN THE INPUT INSTRUCTIONS




Script produced from the prototype in ./sandbox/syntax-creator/

SUMMARY OF ANALYSIS

Number of groups                                                 1
Number of observations                                         365

Number of dependent variables                                    3
Number of independent variables                                  4
Number of continuous latent variables                            2

Observed dependent variables

  Continuous
   A_01        A_03        A_04

Observed independent variables
   AGE_C80     EDU_C7      FEMALE      SBP_C167

Continuous latent variables
   IA          SA

Variables with special functions

  Cluster variable      PAIRID
  Weight variable       _WEIGHT

  Time scores
   TIME_01     TIME_03     TIME_04


Estimator                                                      MLR
Information matrix                                        OBSERVED
Maximum number of iterations                                   100
Convergence criterion                                    0.100D-05
Maximum number of EM iterations                                500
Convergence criteria for the EM algorithm
  Loglikelihood change                                   0.100D-02
  Relative loglikelihood change                          0.100D-05
  Derivative                                             0.100D-03
Minimum variance                                         0.100D-03
Maximum number of steepest descent iterations                   20
Maximum number of iterations for H1                           2000
Convergence criterion for H1                             0.100D-03
Optimization algorithm                                         EMA

Input data file(s)
  wide-dataset.dat
Input data format  FREE



SAMPLE STATISTICS


     ESTIMATED SAMPLE STATISTICS


           Means
              A_01          A_03          A_04          AGE_C80       EDU_C7
              ________      ________      ________      ________      ________
 1             15.700        15.696        15.481         3.046         0.348


           Means
              FEMALE        SBP_C167
              ________      ________
 1              0.641        -4.822


           Covariances
              A_01          A_03          A_04          AGE_C80       EDU_C7
              ________      ________      ________      ________      ________
 A_01          16.802
 A_03           6.573        14.197
 A_04           5.793         8.444        16.439
 AGE_C80       -1.397        -1.458        -2.378         6.630
 EDU_C7         1.488         1.408         0.064        -0.491         5.706
 FEMALE         0.033         0.212         0.164         0.078        -0.097
 SBP_C167       4.599         6.608        -3.584        -3.525        -0.593


           Covariances
              FEMALE        SBP_C167
              ________      ________
 FEMALE         0.230
 SBP_C167       1.056       493.133


           Correlations
              A_01          A_03          A_04          AGE_C80       EDU_C7
              ________      ________      ________      ________      ________
 A_01           1.000
 A_03           0.426         1.000
 A_04           0.349         0.553         1.000
 AGE_C80       -0.132        -0.150        -0.228         1.000
 EDU_C7         0.152         0.156         0.007        -0.080         1.000
 FEMALE         0.017         0.117         0.084         0.063        -0.085
 SBP_C167       0.051         0.079        -0.040        -0.062        -0.011


           Correlations
              FEMALE        SBP_C167
              ________      ________
 FEMALE         1.000
 SBP_C167       0.099         1.000


     MAXIMUM LOG-LIKELIHOOD VALUE FOR THE UNRESTRICTED (H1) MODEL IS -7134.833


UNIVARIATE HIGHER-ORDER MOMENT DESCRIPTIVE STATISTICS


     UNIVARIATE HIGHER-ORDER MOMENT DESCRIPTIVE STATISTICS

         Variable/         Mean/     Skewness/   Minimum/ % with                Percentiles
        Sample Size      Variance    Kurtosis    Maximum  Min/Max      20%/60%    40%/80%    Median

     A_01                 15.712      -0.483       2.000    0.23%      12.000     15.000     16.000
             433.000      16.811      -0.331      24.000    0.23%      17.000     19.000
     A_03                 16.032      -0.401       4.000    0.37%      13.000     15.000     16.000
             268.000      13.693       0.063      24.000    1.12%      17.000     19.000
     A_04                 15.981      -0.635       2.000    0.51%      12.000     15.000     16.000
             197.000      15.781       0.478      24.000    1.52%      17.000     19.000
     AGE_C80               3.046       0.985      -0.581    0.21%       0.877      1.694      2.253
             470.000       6.630       0.259      13.313    0.21%       2.923      5.221
     EDU_C7                0.348       1.857      -7.000    0.21%      -1.000     -1.000      0.000
             470.000       5.706       5.022      13.000    0.21%       0.000      1.000
     FEMALE                0.641      -0.588       0.000   36.38%       0.000      1.000      1.000
             470.000       0.230      -1.654       1.000   63.62%       1.000      1.000
     SBP_C167             -4.822       0.448     -57.000    0.85%     -27.000     -7.000     -7.000
             470.000     493.133       0.842      93.000    0.21%      -2.000     13.000


THE MODEL ESTIMATION TERMINATED NORMALLY



MODEL FIT INFORMATION

Number of Free Parameters                       14

Loglikelihood

          H0 Value                       -1951.997
          H0 Scaling Correction Factor      1.0340
            for MLR

Information Criteria

          Akaike (AIC)                    3931.995
          Bayesian (BIC)                  3986.593
          Sample-Size Adjusted BIC        3942.177
            (n* = (n + 2) / 24)



MODEL RESULTS

                                                    Two-Tailed
                    Estimate       S.E.  Est./S.E.    P-Value

 IA         ON
    AGE_C80           -0.183      0.081     -2.249      0.025
    EDU_C7             0.265      0.085      3.121      0.002
    FEMALE             0.334      0.478      0.699      0.485
    SBP_C167           0.010      0.009      1.043      0.297

 SA         ON
    AGE_C80           -0.021      0.021     -0.958      0.338
    EDU_C7            -0.026      0.022     -1.175      0.240
    FEMALE             0.118      0.107      1.102      0.270
    SBP_C167          -0.002      0.002     -0.969      0.333

 IA       WITH
    SA                -0.738      0.267     -2.769      0.006

 Intercepts
    A_01               0.000      0.000    999.000    999.000
    A_03               0.000      0.000    999.000    999.000
    A_04               0.000      0.000    999.000    999.000
    IA                16.011      0.452     35.405      0.000
    SA                -0.037      0.107     -0.345      0.730

 Residual Variances
    A_01               6.677      0.760      8.788      0.000
    A_03               6.677      0.760      8.788      0.000
    A_04               6.677      0.760      8.788      0.000
    IA                 9.283      1.345      6.900      0.000
    SA                 0.226      0.075      3.025      0.002


QUALITY OF NUMERICAL RESULTS

     Condition Number for the Information Matrix              0.627E-03
       (ratio of smallest to largest eigenvalue)


CONFIDENCE INTERVALS OF MODEL RESULTS

                  Lower .5%  Lower 2.5%    Lower 5%    Estimate    Upper 5%  Upper 2.5%   Upper .5%

 IA       ON
    AGE_C80         -0.392      -0.342      -0.317      -0.183      -0.049      -0.023       0.027
    EDU_C7           0.046       0.099       0.125       0.265       0.404       0.431       0.483
    FEMALE          -0.898      -0.604      -0.453       0.334       1.121       1.272       1.567
    SBP_C167        -0.014      -0.009      -0.006       0.010       0.025       0.028       0.034

 SA       ON
    AGE_C80         -0.076      -0.063      -0.056      -0.021       0.015       0.021       0.035
    EDU_C7          -0.083      -0.069      -0.062      -0.026       0.010       0.017       0.031
    FEMALE          -0.158      -0.092      -0.058       0.118       0.295       0.328       0.394
    SBP_C167        -0.008      -0.006      -0.006      -0.002       0.001       0.002       0.003

 IA       WITH
    SA              -1.425      -1.261      -1.177      -0.738      -0.300      -0.216      -0.051

 Intercepts
    A_01             0.000       0.000       0.000       0.000       0.000       0.000       0.000
    A_03             0.000       0.000       0.000       0.000       0.000       0.000       0.000
    A_04             0.000       0.000       0.000       0.000       0.000       0.000       0.000
    IA              14.846      15.125      15.267      16.011      16.755      16.898      17.176
    SA              -0.314      -0.247      -0.214      -0.037       0.140       0.173       0.239

 Residual Variances
    A_01             4.720       5.188       5.427       6.677       7.927       8.166       8.634
    A_03             4.720       5.188       5.427       6.677       7.927       8.166       8.634
    A_04             4.720       5.188       5.427       6.677       7.927       8.166       8.634
    IA               5.818       6.646       7.070       9.283      11.496      11.919      12.748
    SA               0.033       0.079       0.103       0.226       0.348       0.372       0.418


SAMPLE STATISTICS FOR ESTIMATED FACTOR SCORES


     SAMPLE STATISTICS


           Means
              IA            IA_SE         SA            SA_SE
              ________      ________      ________      ________
 1             15.535         1.929        -0.024         0.411


           Covariances
              IA            IA_SE         SA            SA_SE
              ________      ________      ________      ________
 IA             6.278
 IA_SE         -0.062         0.044
 SA            -0.328        -0.003         0.071
 SA_SE         -0.013         0.004         0.000         0.001


           Correlations
              IA            IA_SE         SA            SA_SE
              ________      ________      ________      ________
 IA             1.000
 IA_SE         -0.118         1.000
 SA            -0.492        -0.061         1.000
 SA_SE         -0.164         0.656        -0.016         1.000


RESULTS SAVING INFORMATION

  Order of data

    Parameter estimates
     (saved in order shown in Technical 1 output)
    Standard errors
     (saved in order shown in Technical 1 output)
    H0 Loglikelihood
    H0 Scaling Correction Factor for MLR
    Number of Free Parameters
    Akaike (AIC)
    Bayesian (BIC)
    Sample-Size Adjusted BIC

  Save file
    u1_134_aefb_figure_results.dat

  Save file format           Free


PLOT INFORMATION

The following plots are available:

  Histograms (sample values, estimated factor scores)
  Scatterplots (sample values, estimated factor scores)
  Latent variable distribution plots

SAVEDATA INFORMATION


  Save file
    u1_134_aefb_figure_fscores.dat

  Order and format of variables

    A_01           F10.3
    A_03           F10.3
    A_04           F10.3
    AGE_C80        F10.3
    EDU_C7         F10.3
    FEMALE         F10.3
    SBP_C167       F10.3
    TIME_01        F10.3
    TIME_03        F10.3
    TIME_04        F10.3
    _WEIGHT        F10.3
    IA             F10.3
    IA_SE          F10.3
    SA             F10.3
    SA_SE          F10.3
    PAIRID         I6

  Save file format
    15F10.3 I6

  Save file record length    10000


     Beginning Time:  11:49:54
        Ending Time:  11:49:54
       Elapsed Time:  00:00:00



MUTHEN & MUTHEN
3463 Stoner Ave.
Los Angeles, CA  90066

Tel: (310) 391-9971
Fax: (310) 391-8971
Web: www.StatModel.com
Support: Support@StatModel.com

Copyright (c) 1998-2014 Muthen & Muthen
