Mplus VERSION 7.3
MUTHEN & MUTHEN
12/17/2016  11:49 AM

INPUT INSTRUCTIONS

  TITLE:
  Script produced from the prototype in ./sandbox/syntax-creator/
  DATA:
  File = wide-dataset.dat ;
  VARIABLE:
  NAMES are
   Case PairID female age_c80 edu_c7 sbp_c167 smoke cardio diabetes dementia_ever
      years_since_bl_01 years_since_bl_02 years_since_bl_03 years_since_bl_04
      years_since_bl_05 pef_01 pef_02 pef_03 pef_04 pef_05 grip_01 grip_02 grip_03
      grip_04 grip_05 gait_01 gait_02 gait_03 gait_04 gait_05 block_01 block_02
      block_03 block_04 block_05 digitspanbackward_01 digitspanbackward_02
      digitspanbackward_03 digitspanbackward_04 digitspanbackward_05
      digitspanforward_01 digitspanforward_02 digitspanforward_03 digitspanforward_04
      digitspanforward_05 symbol_01 symbol_02 symbol_03 symbol_04 symbol_05 prose_01
      prose_02 prose_03 prose_04 prose_05 info_01 info_02 info_03 info_04 info_05
      synonyms_01 synonyms_02 synonyms_03 synonyms_04 synonyms_05 psif_01 psif_02
      psif_03 psif_04 psif_05 figure_01 figure_02 figure_03 figure_04 figure_05
      mirrecall_01 mirrecall_02 mirrecall_03 mirrecall_04 mirrecall_05 mmse_01 mmse_02
      mmse_03 mmse_04 mmse_05 mirnaming_01 mirnaming_02 mirnaming_03 mirnaming_04
      mirnaming_05 mirrecog_01 mirrecog_02 mirrecog_03 mirrecog_04 mirrecog_05
      clock_01 clock_02 clock_03 clock_04 clock_05
  	;
  Missing are all (-9999);
  USEVARIABLES are
  	!define the variables used in the analysis
  	! covariates used in the model
  age_c80
  edu_c7
  female
  sbp_c167	
  	!estimated time points
  time_01
  time_02
  time_03
  	!modelled time points of process (A)
  a_01
  a_02
  a_03
  ;
  TSCORES are
  	!estimated time points
  time_01
  time_02
  time_03;
  CLUSTER = PairID;
  SUBPOPULATION are
  	!select a subset of observations
  dementia_ever NE 1
  ;
  DEFINE:
  	! assign variables to the process (A)
  a_01 = figure_01;
  a_02 = figure_02;
  a_03 = figure_03;
  	!assign variables to time points
  time_01 = years_since_bl_01;
  time_02 = years_since_bl_02;
  time_03 = years_since_bl_03;
  	
  ANALYSIS: TYPE = RANDOM COMPLEX;
  COVERAGE=.00;
  MODEL:
  	!first-level equation
  	! assign process (A) to time points
  ia sa | a_01 AT time_01 ;
  ia sa | a_02 AT time_02 ;
  ia sa | a_03 AT time_03 ;
  	!variance of the first-level terms
  ia (v_ia);
  sa (v_sa);
  	!covariance among first-level terms
  ia WITH sa (c_iasa);
  	!second-level equation
  ia sa ON age_c80
  edu_c7
  female
  sbp_c167;
  	!residual covariance of process (A)
  a_01 (res_a);
  a_02 (res_a);
  a_03 (res_a);	
  SAVEDATA:
  FILE is   u1_123_aefb_figure_fscores.dat;
  SAVE = FSCORES;
  RESULTS are   u1_123_aefb_figure_results.dat;
  	
  OUTPUT: sampstat cinterval;
  PLOT: Type is Plot1 Plot2 Plot3;



*** WARNING
  Data set contains cases with missing on x-variables.
  These cases were not included in the analysis.
  Number of cases with missing on x-variables:  92
*** WARNING
  Data set contains cases with missing on all variables except
  x-variables.  These cases were not included in the analysis.
  Number of cases with missing on all variables except x-variables:  117
   2 WARNING(S) FOUND IN THE INPUT INSTRUCTIONS




Script produced from the prototype in ./sandbox/syntax-creator/

SUMMARY OF ANALYSIS

Number of groups                                                 1
Number of observations                                         377

Number of dependent variables                                    3
Number of independent variables                                  4
Number of continuous latent variables                            2

Observed dependent variables

  Continuous
   A_01        A_02        A_03

Observed independent variables
   AGE_C80     EDU_C7      FEMALE      SBP_C167

Continuous latent variables
   IA          SA

Variables with special functions

  Cluster variable      PAIRID
  Weight variable       _WEIGHT

  Time scores
   TIME_01     TIME_02     TIME_03


Estimator                                                      MLR
Information matrix                                        OBSERVED
Maximum number of iterations                                   100
Convergence criterion                                    0.100D-05
Maximum number of EM iterations                                500
Convergence criteria for the EM algorithm
  Loglikelihood change                                   0.100D-02
  Relative loglikelihood change                          0.100D-05
  Derivative                                             0.100D-03
Minimum variance                                         0.100D-03
Maximum number of steepest descent iterations                   20
Maximum number of iterations for H1                           2000
Convergence criterion for H1                             0.100D-03
Optimization algorithm                                         EMA

Input data file(s)
  wide-dataset.dat
Input data format  FREE



SAMPLE STATISTICS


     ESTIMATED SAMPLE STATISTICS


           Means
              A_01          A_02          A_03          AGE_C80       EDU_C7
              ________      ________      ________      ________      ________
 1             15.674        15.730        15.652         3.108         0.321


           Means
              FEMALE        SBP_C167
              ________      ________
 1              0.647        -5.276


           Covariances
              A_01          A_02          A_03          AGE_C80       EDU_C7
              ________      ________      ________      ________      ________
 A_01          16.906
 A_02           7.626        13.637
 A_03           6.575         7.461        14.211
 AGE_C80       -1.491        -1.928        -1.744         6.924
 EDU_C7         1.582         1.059         1.568        -0.565         5.618
 FEMALE         0.029         0.053         0.156         0.106        -0.096
 SBP_C167       4.544        12.022         6.936        -3.504        -0.354


           Covariances
              FEMALE        SBP_C167
              ________      ________
 FEMALE         0.228
 SBP_C167       0.953       493.446


           Correlations
              A_01          A_02          A_03          AGE_C80       EDU_C7
              ________      ________      ________      ________      ________
 A_01           1.000
 A_02           0.502         1.000
 A_03           0.424         0.536         1.000
 AGE_C80       -0.138        -0.198        -0.176         1.000
 EDU_C7         0.162         0.121         0.175        -0.091         1.000
 FEMALE         0.015         0.030         0.086         0.084        -0.085
 SBP_C167       0.050         0.147         0.083        -0.060        -0.007


           Correlations
              FEMALE        SBP_C167
              ________      ________
 FEMALE         1.000
 SBP_C167       0.090         1.000


     MAXIMUM LOG-LIKELIHOOD VALUE FOR THE UNRESTRICTED (H1) MODEL IS -7742.721


UNIVARIATE HIGHER-ORDER MOMENT DESCRIPTIVE STATISTICS


     UNIVARIATE HIGHER-ORDER MOMENT DESCRIPTIVE STATISTICS

         Variable/         Mean/     Skewness/   Minimum/ % with                Percentiles
        Sample Size      Variance    Kurtosis    Maximum  Min/Max      20%/60%    40%/80%    Median

     A_01                 15.712      -0.483       2.000    0.23%      12.000     15.000     16.000
             433.000      16.811      -0.331      24.000    0.23%      17.000     19.000
     A_02                 15.974      -0.385       1.000    0.28%      12.000     15.000     16.000
             354.000      13.282      -0.007      24.000    1.41%      17.000     19.000
     A_03                 16.032      -0.401       4.000    0.37%      13.000     15.000     16.000
             268.000      13.693       0.063      24.000    1.12%      17.000     19.000
     AGE_C80               3.108       1.007      -0.581    0.20%       0.887      1.711      2.285
             493.000       6.924       0.306      13.313    0.20%       2.941      5.310
     EDU_C7                0.321       1.876      -7.000    0.20%      -1.000     -1.000     -1.000
             493.000       5.618       5.117      13.000    0.20%       0.000      1.000
     FEMALE                0.647      -0.616       0.000   36.11%       0.000      1.000      1.000
             493.000       0.228      -1.620       1.000   63.89%       1.000      1.000
     SBP_C167             -5.276       0.448     -57.000    0.81%     -27.000     -7.000     -7.000
             493.000     493.446       0.835      93.000    0.20%      -2.000     13.000


THE MODEL ESTIMATION TERMINATED NORMALLY



MODEL FIT INFORMATION

Number of Free Parameters                       14

Loglikelihood

          H0 Value                       -2210.362
          H0 Scaling Correction Factor      1.0271
            for MLR

Information Criteria

          Akaike (AIC)                    4448.723
          Bayesian (BIC)                  4503.775
          Sample-Size Adjusted BIC        4459.356
            (n* = (n + 2) / 24)



MODEL RESULTS

                                                    Two-Tailed
                    Estimate       S.E.  Est./S.E.    P-Value

 IA         ON
    AGE_C80           -0.201      0.078     -2.587      0.010
    EDU_C7             0.244      0.080      3.035      0.002
    FEMALE             0.239      0.464      0.515      0.607
    SBP_C167           0.011      0.009      1.240      0.215

 SA         ON
    AGE_C80           -0.016      0.028     -0.556      0.578
    EDU_C7            -0.004      0.027     -0.161      0.872
    FEMALE             0.125      0.143      0.877      0.381
    SBP_C167           0.001      0.003      0.340      0.734

 IA       WITH
    SA                -0.892      0.321     -2.776      0.006

 Intercepts
    A_01               0.000      0.000    999.000    999.000
    A_02               0.000      0.000    999.000    999.000
    A_03               0.000      0.000    999.000    999.000
    IA                16.140      0.450     35.875      0.000
    SA                -0.029      0.137     -0.210      0.834

 Residual Variances
    A_01               6.507      0.567     11.483      0.000
    A_02               6.507      0.567     11.483      0.000
    A_03               6.507      0.567     11.483      0.000
    IA                 9.189      1.181      7.780      0.000
    SA                 0.299      0.130      2.295      0.022


QUALITY OF NUMERICAL RESULTS

     Condition Number for the Information Matrix              0.172E-03
       (ratio of smallest to largest eigenvalue)


CONFIDENCE INTERVALS OF MODEL RESULTS

                  Lower .5%  Lower 2.5%    Lower 5%    Estimate    Upper 5%  Upper 2.5%   Upper .5%

 IA       ON
    AGE_C80         -0.400      -0.353      -0.328      -0.201      -0.073      -0.049      -0.001
    EDU_C7           0.037       0.086       0.112       0.244       0.376       0.401       0.451
    FEMALE          -0.955      -0.670      -0.524       0.239       1.001       1.147       1.433
    SBP_C167        -0.012      -0.007      -0.004       0.011       0.027       0.029       0.035

 SA       ON
    AGE_C80         -0.088      -0.071      -0.062      -0.016       0.031       0.040       0.057
    EDU_C7          -0.074      -0.057      -0.049      -0.004       0.040       0.048       0.065
    FEMALE          -0.242      -0.154      -0.109       0.125       0.359       0.404       0.492
    SBP_C167        -0.007      -0.005      -0.004       0.001       0.006       0.007       0.009

 IA       WITH
    SA              -1.720      -1.522      -1.421      -0.892      -0.364      -0.262      -0.064

 Intercepts
    A_01             0.000       0.000       0.000       0.000       0.000       0.000       0.000
    A_02             0.000       0.000       0.000       0.000       0.000       0.000       0.000
    A_03             0.000       0.000       0.000       0.000       0.000       0.000       0.000
    IA              14.981      15.258      15.400      16.140      16.880      17.021      17.298
    SA              -0.383      -0.298      -0.255      -0.029       0.197       0.240       0.325

 Residual Variances
    A_01             5.047       5.396       5.575       6.507       7.439       7.617       7.966
    A_02             5.047       5.396       5.575       6.507       7.439       7.617       7.966
    A_03             5.047       5.396       5.575       6.507       7.439       7.617       7.966
    IA               6.147       6.874       7.246       9.189      11.132      11.504      12.232
    SA              -0.037       0.044       0.085       0.299       0.514       0.555       0.635


SAMPLE STATISTICS FOR ESTIMATED FACTOR SCORES


     SAMPLE STATISTICS


           Means
              IA            IA_SE         SA            SA_SE
              ________      ________      ________      ________
 1             15.428         1.811         0.008         0.484


           Covariances
              IA            IA_SE         SA            SA_SE
              ________      ________      ________      ________
 IA             6.968
 IA_SE         -0.115         0.054
 SA            -0.387         0.003         0.071
 SA_SE         -0.016         0.005         0.000         0.001


           Correlations
              IA            IA_SE         SA            SA_SE
              ________      ________      ________      ________
 IA             1.000
 IA_SE         -0.188         1.000
 SA            -0.549         0.043         1.000
 SA_SE         -0.234         0.830         0.060         1.000


RESULTS SAVING INFORMATION

  Order of data

    Parameter estimates
     (saved in order shown in Technical 1 output)
    Standard errors
     (saved in order shown in Technical 1 output)
    H0 Loglikelihood
    H0 Scaling Correction Factor for MLR
    Number of Free Parameters
    Akaike (AIC)
    Bayesian (BIC)
    Sample-Size Adjusted BIC

  Save file
    u1_123_aefb_figure_results.dat

  Save file format           Free


PLOT INFORMATION

The following plots are available:

  Histograms (sample values, estimated factor scores)
  Scatterplots (sample values, estimated factor scores)
  Latent variable distribution plots

SAVEDATA INFORMATION


  Save file
    u1_123_aefb_figure_fscores.dat

  Order and format of variables

    A_01           F10.3
    A_02           F10.3
    A_03           F10.3
    AGE_C80        F10.3
    EDU_C7         F10.3
    FEMALE         F10.3
    SBP_C167       F10.3
    TIME_01        F10.3
    TIME_02        F10.3
    TIME_03        F10.3
    _WEIGHT        F10.3
    IA             F10.3
    IA_SE          F10.3
    SA             F10.3
    SA_SE          F10.3
    PAIRID         I6

  Save file format
    15F10.3 I6

  Save file record length    10000


     Beginning Time:  11:49:40
        Ending Time:  11:49:40
       Elapsed Time:  00:00:00



MUTHEN & MUTHEN
3463 Stoner Ave.
Los Angeles, CA  90066

Tel: (310) 391-9971
Fax: (310) 391-8971
Web: www.StatModel.com
Support: Support@StatModel.com

Copyright (c) 1998-2014 Muthen & Muthen
