Mplus VERSION 7.3
MUTHEN & MUTHEN
12/17/2016  11:49 AM

INPUT INSTRUCTIONS

  TITLE:
  Script produced from the prototype in ./sandbox/syntax-creator/
  DATA:
  File = wide-dataset.dat ;
  VARIABLE:
  NAMES are
   Case PairID female age_c80 edu_c7 sbp_c167 smoke cardio diabetes dementia_ever
      years_since_bl_01 years_since_bl_02 years_since_bl_03 years_since_bl_04
      years_since_bl_05 pef_01 pef_02 pef_03 pef_04 pef_05 grip_01 grip_02 grip_03
      grip_04 grip_05 gait_01 gait_02 gait_03 gait_04 gait_05 block_01 block_02
      block_03 block_04 block_05 digitspanbackward_01 digitspanbackward_02
      digitspanbackward_03 digitspanbackward_04 digitspanbackward_05
      digitspanforward_01 digitspanforward_02 digitspanforward_03 digitspanforward_04
      digitspanforward_05 symbol_01 symbol_02 symbol_03 symbol_04 symbol_05 prose_01
      prose_02 prose_03 prose_04 prose_05 info_01 info_02 info_03 info_04 info_05
      synonyms_01 synonyms_02 synonyms_03 synonyms_04 synonyms_05 psif_01 psif_02
      psif_03 psif_04 psif_05 figure_01 figure_02 figure_03 figure_04 figure_05
      mirrecall_01 mirrecall_02 mirrecall_03 mirrecall_04 mirrecall_05 mmse_01 mmse_02
      mmse_03 mmse_04 mmse_05 mirnaming_01 mirnaming_02 mirnaming_03 mirnaming_04
      mirnaming_05 mirrecog_01 mirrecog_02 mirrecog_03 mirrecog_04 mirrecog_05
      clock_01 clock_02 clock_03 clock_04 clock_05
  	;
  Missing are all (-9999);
  USEVARIABLES are
  	!define the variables used in the analysis
  	! covariates used in the model
  age_c80
  edu_c7
  female
  sbp_c167	
  	!estimated time points
  time_01
  time_02
  time_03
  time_05
  	!modelled time points of process (A)
  a_01
  a_02
  a_03
  a_05
  ;
  TSCORES are
  	!estimated time points
  time_01
  time_02
  time_03
  time_05;
  CLUSTER = PairID;
  SUBPOPULATION are
  	!select a subset of observations
  dementia_ever NE 1
  ;
  DEFINE:
  	! assign variables to the process (A)
  a_01 = figure_01;
  a_02 = figure_02;
  a_03 = figure_03;
  a_05 = figure_05;
  	!assign variables to time points
  time_01 = years_since_bl_01;
  time_02 = years_since_bl_02;
  time_03 = years_since_bl_03;
  time_05 = years_since_bl_05;
  	
  ANALYSIS: TYPE = RANDOM COMPLEX;
  COVERAGE=.00;
  MODEL:
  	!first-level equation
  	! assign process (A) to time points
  ia sa | a_01 AT time_01 ;
  ia sa | a_02 AT time_02 ;
  ia sa | a_03 AT time_03 ;
  ia sa | a_05 AT time_05 ;
  	!variance of the first-level terms
  ia (v_ia);
  sa (v_sa);
  	!covariance among first-level terms
  ia WITH sa (c_iasa);
  	!second-level equation
  ia sa ON age_c80
  edu_c7
  female
  sbp_c167;
  	!residual covariance of process (A)
  a_01 (res_a);
  a_02 (res_a);
  a_03 (res_a);
  a_05 (res_a);	
  SAVEDATA:
  FILE is   u1_1235_aefb_figure_fscores.dat;
  SAVE = FSCORES;
  RESULTS are   u1_1235_aefb_figure_results.dat;
  	
  OUTPUT: sampstat cinterval;
  PLOT: Type is Plot1 Plot2 Plot3;



*** WARNING
  Data set contains cases with missing on x-variables.
  These cases were not included in the analysis.
  Number of cases with missing on x-variables:  92
*** WARNING
  Data set contains cases with missing on all variables except
  x-variables.  These cases were not included in the analysis.
  Number of cases with missing on all variables except x-variables:  117
   2 WARNING(S) FOUND IN THE INPUT INSTRUCTIONS




Script produced from the prototype in ./sandbox/syntax-creator/

SUMMARY OF ANALYSIS

Number of groups                                                 1
Number of observations                                         377

Number of dependent variables                                    4
Number of independent variables                                  4
Number of continuous latent variables                            2

Observed dependent variables

  Continuous
   A_01        A_02        A_03        A_05

Observed independent variables
   AGE_C80     EDU_C7      FEMALE      SBP_C167

Continuous latent variables
   IA          SA

Variables with special functions

  Cluster variable      PAIRID
  Weight variable       _WEIGHT

  Time scores
   TIME_01     TIME_02     TIME_03     TIME_05


Estimator                                                      MLR
Information matrix                                        OBSERVED
Maximum number of iterations                                   100
Convergence criterion                                    0.100D-05
Maximum number of EM iterations                                500
Convergence criteria for the EM algorithm
  Loglikelihood change                                   0.100D-02
  Relative loglikelihood change                          0.100D-05
  Derivative                                             0.100D-03
Minimum variance                                         0.100D-03
Maximum number of steepest descent iterations                   20
Maximum number of iterations for H1                           2000
Convergence criterion for H1                             0.100D-03
Optimization algorithm                                         EMA

Input data file(s)
  wide-dataset.dat
Input data format  FREE



SAMPLE STATISTICS


     ESTIMATED SAMPLE STATISTICS


           Means
              A_01          A_02          A_03          A_05          AGE_C80
              ________      ________      ________      ________      ________
 1             15.661        15.731        15.648        15.228         3.108


           Means
              EDU_C7        FEMALE        SBP_C167
              ________      ________      ________
 1              0.321         0.647        -5.276


           Covariances
              A_01          A_02          A_03          A_05          AGE_C80
              ________      ________      ________      ________      ________
 A_01          16.882
 A_02           7.641        13.693
 A_03           6.592         7.458        14.173
 A_05           6.159         5.402         5.672        13.761
 AGE_C80       -1.501        -1.935        -1.742        -0.612         6.924
 EDU_C7         1.565         1.085         1.566         0.556        -0.565
 FEMALE         0.028         0.051         0.158        -0.183         0.106
 SBP_C167       4.614        11.920         7.199         3.055        -3.504


           Covariances
              EDU_C7        FEMALE        SBP_C167
              ________      ________      ________
 EDU_C7         5.618
 FEMALE        -0.096         0.228
 SBP_C167      -0.354         0.953       493.446


           Correlations
              A_01          A_02          A_03          A_05          AGE_C80
              ________      ________      ________      ________      ________
 A_01           1.000
 A_02           0.503         1.000
 A_03           0.426         0.535         1.000
 A_05           0.404         0.394         0.406         1.000
 AGE_C80       -0.139        -0.199        -0.176        -0.063         1.000
 EDU_C7         0.161         0.124         0.175         0.063        -0.091
 FEMALE         0.014         0.029         0.088        -0.103         0.084
 SBP_C167       0.051         0.145         0.086         0.037        -0.060


           Correlations
              EDU_C7        FEMALE        SBP_C167
              ________      ________      ________
 EDU_C7         1.000
 FEMALE        -0.085         1.000
 SBP_C167      -0.007         0.090         1.000


     MAXIMUM LOG-LIKELIHOOD VALUE FOR THE UNRESTRICTED (H1) MODEL IS -8147.369


UNIVARIATE HIGHER-ORDER MOMENT DESCRIPTIVE STATISTICS


     UNIVARIATE HIGHER-ORDER MOMENT DESCRIPTIVE STATISTICS

         Variable/         Mean/     Skewness/   Minimum/ % with                Percentiles
        Sample Size      Variance    Kurtosis    Maximum  Min/Max      20%/60%    40%/80%    Median

     A_01                 15.712      -0.483       2.000    0.23%      12.000     15.000     16.000
             433.000      16.811      -0.331      24.000    0.23%      17.000     19.000
     A_02                 15.974      -0.385       1.000    0.28%      12.000     15.000     16.000
             354.000      13.282      -0.007      24.000    1.41%      17.000     19.000
     A_03                 16.032      -0.401       4.000    0.37%      13.000     15.000     16.000
             268.000      13.693       0.063      24.000    1.12%      17.000     19.000
     A_05                 15.650      -0.372       6.000    0.72%      12.000     15.000     15.500
             138.000      13.627      -0.211      24.000    0.72%      16.000     18.000
     AGE_C80               3.108       1.007      -0.581    0.20%       0.887      1.711      2.285
             493.000       6.924       0.306      13.313    0.20%       2.941      5.310
     EDU_C7                0.321       1.876      -7.000    0.20%      -1.000     -1.000     -1.000
             493.000       5.618       5.117      13.000    0.20%       0.000      1.000
     FEMALE                0.647      -0.616       0.000   36.11%       0.000      1.000      1.000
             493.000       0.228      -1.620       1.000   63.89%       1.000      1.000
     SBP_C167             -5.276       0.448     -57.000    0.81%     -27.000     -7.000     -7.000
             493.000     493.446       0.835      93.000    0.20%      -2.000     13.000


THE MODEL ESTIMATION TERMINATED NORMALLY



MODEL FIT INFORMATION

Number of Free Parameters                       14

Loglikelihood

          H0 Value                       -2525.700
          H0 Scaling Correction Factor      1.0269
            for MLR

Information Criteria

          Akaike (AIC)                    5079.401
          Bayesian (BIC)                  5134.452
          Sample-Size Adjusted BIC        5090.033
            (n* = (n + 2) / 24)



MODEL RESULTS

                                                    Two-Tailed
                    Estimate       S.E.  Est./S.E.    P-Value

 IA         ON
    AGE_C80           -0.236      0.077     -3.076      0.002
    EDU_C7             0.256      0.077      3.335      0.001
    FEMALE             0.498      0.427      1.167      0.243
    SBP_C167           0.013      0.008      1.530      0.126

 SA         ON
    AGE_C80            0.011      0.017      0.656      0.512
    EDU_C7            -0.017      0.019     -0.884      0.377
    FEMALE            -0.078      0.083     -0.933      0.351
    SBP_C167           0.000      0.002     -0.059      0.953

 IA       WITH
    SA                -0.342      0.161     -2.127      0.033

 Intercepts
    A_01               0.000      0.000    999.000    999.000
    A_02               0.000      0.000    999.000    999.000
    A_03               0.000      0.000    999.000    999.000
    A_05               0.000      0.000    999.000    999.000
    IA                16.157      0.405     39.857      0.000
    SA                -0.037      0.083     -0.449      0.654

 Residual Variances
    A_01               7.523      0.553     13.614      0.000
    A_02               7.523      0.553     13.614      0.000
    A_03               7.523      0.553     13.614      0.000
    A_05               7.523      0.553     13.614      0.000
    IA                 7.778      1.013      7.678      0.000
    SA                 0.052      0.042      1.246      0.213


QUALITY OF NUMERICAL RESULTS

     Condition Number for the Information Matrix              0.274E-03
       (ratio of smallest to largest eigenvalue)


CONFIDENCE INTERVALS OF MODEL RESULTS

                  Lower .5%  Lower 2.5%    Lower 5%    Estimate    Upper 5%  Upper 2.5%   Upper .5%

 IA       ON
    AGE_C80         -0.433      -0.386      -0.362      -0.236      -0.110      -0.086      -0.038
    EDU_C7           0.058       0.106       0.130       0.256       0.383       0.407       0.454
    FEMALE          -0.602      -0.339      -0.204       0.498       1.201       1.336       1.599
    SBP_C167        -0.009      -0.004      -0.001       0.013       0.027       0.029       0.034

 SA       ON
    AGE_C80         -0.033      -0.022      -0.017       0.011       0.039       0.044       0.055
    EDU_C7          -0.066      -0.054      -0.048      -0.017       0.015       0.021       0.032
    FEMALE          -0.292      -0.241      -0.215      -0.078       0.059       0.086       0.137
    SBP_C167        -0.005      -0.004      -0.003       0.000       0.003       0.003       0.004

 IA       WITH
    SA              -0.755      -0.656      -0.606      -0.342      -0.077      -0.027       0.072

 Intercepts
    A_01             0.000       0.000       0.000       0.000       0.000       0.000       0.000
    A_02             0.000       0.000       0.000       0.000       0.000       0.000       0.000
    A_03             0.000       0.000       0.000       0.000       0.000       0.000       0.000
    A_05             0.000       0.000       0.000       0.000       0.000       0.000       0.000
    IA              15.113      15.363      15.490      16.157      16.824      16.952      17.201
    SA              -0.251      -0.200      -0.173      -0.037       0.099       0.125       0.176

 Residual Variances
    A_01             6.100       6.440       6.614       7.523       8.432       8.606       8.946
    A_02             6.100       6.440       6.614       7.523       8.432       8.606       8.946
    A_03             6.100       6.440       6.614       7.523       8.432       8.606       8.946
    A_05             6.100       6.440       6.614       7.523       8.432       8.606       8.946
    IA               5.168       5.792       6.111       7.778       9.444       9.763      10.387
    SA              -0.056      -0.030      -0.017       0.052       0.122       0.135       0.161


SAMPLE STATISTICS FOR ESTIMATED FACTOR SCORES


     SAMPLE STATISTICS


           Means
              IA            IA_SE         SA            SA_SE
              ________      ________      ________      ________
 1             15.508         1.681        -0.049         0.209


           Covariances
              IA            IA_SE         SA            SA_SE
              ________      ________      ________      ________
 IA             6.166
 IA_SE         -0.151         0.048
 SA            -0.227         0.006         0.012
 SA_SE         -0.004         0.001         0.000         0.000


           Correlations
              IA            IA_SE         SA            SA_SE
              ________      ________      ________      ________
 IA             1.000
 IA_SE         -0.278         1.000
 SA            -0.824         0.254         1.000
 SA_SE         -0.248         0.763         0.223         1.000


RESULTS SAVING INFORMATION

  Order of data

    Parameter estimates
     (saved in order shown in Technical 1 output)
    Standard errors
     (saved in order shown in Technical 1 output)
    H0 Loglikelihood
    H0 Scaling Correction Factor for MLR
    Number of Free Parameters
    Akaike (AIC)
    Bayesian (BIC)
    Sample-Size Adjusted BIC

  Save file
    u1_1235_aefb_figure_results.dat

  Save file format           Free


PLOT INFORMATION

The following plots are available:

  Histograms (sample values, estimated factor scores)
  Scatterplots (sample values, estimated factor scores)
  Latent variable distribution plots

SAVEDATA INFORMATION


  Save file
    u1_1235_aefb_figure_fscores.dat

  Order and format of variables

    A_01           F10.3
    A_02           F10.3
    A_03           F10.3
    A_05           F10.3
    AGE_C80        F10.3
    EDU_C7         F10.3
    FEMALE         F10.3
    SBP_C167       F10.3
    TIME_01        F10.3
    TIME_02        F10.3
    TIME_03        F10.3
    TIME_05        F10.3
    _WEIGHT        F10.3
    IA             F10.3
    IA_SE          F10.3
    SA             F10.3
    SA_SE          F10.3
    PAIRID         I6

  Save file format
    17F10.3 I6

  Save file record length    10000


     Beginning Time:  11:49:31
        Ending Time:  11:49:32
       Elapsed Time:  00:00:01



MUTHEN & MUTHEN
3463 Stoner Ave.
Los Angeles, CA  90066

Tel: (310) 391-9971
Fax: (310) 391-8971
Web: www.StatModel.com
Support: Support@StatModel.com

Copyright (c) 1998-2014 Muthen & Muthen
