Mplus VERSION 7.3
MUTHEN & MUTHEN
12/17/2016   5:18 PM

INPUT INSTRUCTIONS

  TITLE:
  Script produced from the prototype in ./sandbox/syntax-creator/
  DATA:
  File = wide-dataset.dat ;
  VARIABLE:
  NAMES are
   Case PairID female age_c80 edu_c7 sbp_c167 smoke cardio diabetes dementia_ever
      years_since_bl_01 years_since_bl_02 years_since_bl_03 years_since_bl_04
      years_since_bl_05 pef_01 pef_02 pef_03 pef_04 pef_05 grip_01 grip_02 grip_03
      grip_04 grip_05 gait_01 gait_02 gait_03 gait_04 gait_05 block_01 block_02
      block_03 block_04 block_05 digitspanbackward_01 digitspanbackward_02
      digitspanbackward_03 digitspanbackward_04 digitspanbackward_05
      digitspanforward_01 digitspanforward_02 digitspanforward_03 digitspanforward_04
      digitspanforward_05 symbol_01 symbol_02 symbol_03 symbol_04 symbol_05 prose_01
      prose_02 prose_03 prose_04 prose_05 info_01 info_02 info_03 info_04 info_05
      synonyms_01 synonyms_02 synonyms_03 synonyms_04 synonyms_05 psif_01 psif_02
      psif_03 psif_04 psif_05 figure_01 figure_02 figure_03 figure_04 figure_05
      mirrecall_01 mirrecall_02 mirrecall_03 mirrecall_04 mirrecall_05 mmse_01 mmse_02
      mmse_03 mmse_04 mmse_05 mirnaming_01 mirnaming_02 mirnaming_03 mirnaming_04
      mirnaming_05 mirrecog_01 mirrecog_02 mirrecog_03 mirrecog_04 mirrecog_05
      clock_01 clock_02 clock_03 clock_04 clock_05
  	;
  Missing are all (-9999);
  USEVARIABLES are
  	!define the variables used in the analysis
  	! covariates used in the model
  age_c80
  edu_c7
  female
  sbp_c167	
  	!estimated time points
  time_01
  time_03
  time_05
  	!modelled time points of process (A)
  a_01
  a_03
  a_05
  ;
  TSCORES are
  	!estimated time points
  time_01
  time_03
  time_05;
  CLUSTER = PairID;
  SUBPOPULATION are
  	!select a subset of observations
  dementia_ever NE 1
  ;
  DEFINE:
  	! assign variables to the process (A)
  a_01 = figure_01;
  a_03 = figure_03;
  a_05 = figure_05;
  	!assign variables to time points
  time_01 = years_since_bl_01;
  time_03 = years_since_bl_03;
  time_05 = years_since_bl_05;
  	
  ANALYSIS: TYPE = RANDOM COMPLEX;
  COVERAGE=.00;
  MODEL:
  	!first-level equation
  	! assign process (A) to time points
  ia sa | a_01 AT time_01 ;
  ia sa | a_03 AT time_03 ;
  ia sa | a_05 AT time_05 ;
  	!variance of the first-level terms
  ia (v_ia);
  sa (v_sa);
  	!covariance among first-level terms
  ia WITH sa (c_iasa);
  	!second-level equation
  ia sa ON age_c80
  edu_c7
  female
  sbp_c167;
  	!residual covariance of process (A)
  a_01 (res_a);
  a_03 (res_a);
  a_05 (res_a);	
  SAVEDATA:
  FILE is   u1_135_aefb_figure_fscores.dat;
  SAVE = FSCORES;
  RESULTS are   u1_135_aefb_figure_results.dat;
  	
  OUTPUT: sampstat cinterval;
  PLOT: Type is Plot1 Plot2 Plot3;



*** WARNING
  Data set contains cases with missing on x-variables.
  These cases were not included in the analysis.
  Number of cases with missing on x-variables:  92
*** WARNING
  Data set contains cases with missing on all variables except
  x-variables.  These cases were not included in the analysis.
  Number of cases with missing on all variables except x-variables:  145
   2 WARNING(S) FOUND IN THE INPUT INSTRUCTIONS




Script produced from the prototype in ./sandbox/syntax-creator/

SUMMARY OF ANALYSIS

Number of groups                                                 1
Number of observations                                         364

Number of dependent variables                                    3
Number of independent variables                                  4
Number of continuous latent variables                            2

Observed dependent variables

  Continuous
   A_01        A_03        A_05

Observed independent variables
   AGE_C80     EDU_C7      FEMALE      SBP_C167

Continuous latent variables
   IA          SA

Variables with special functions

  Cluster variable      PAIRID
  Weight variable       _WEIGHT

  Time scores
   TIME_01     TIME_03     TIME_05


Estimator                                                      MLR
Information matrix                                        OBSERVED
Maximum number of iterations                                   100
Convergence criterion                                    0.100D-05
Maximum number of EM iterations                                500
Convergence criteria for the EM algorithm
  Loglikelihood change                                   0.100D-02
  Relative loglikelihood change                          0.100D-05
  Derivative                                             0.100D-03
Minimum variance                                         0.100D-03
Maximum number of steepest descent iterations                   20
Maximum number of iterations for H1                           2000
Convergence criterion for H1                             0.100D-03
Optimization algorithm                                         EMA

Input data file(s)
  wide-dataset.dat
Input data format  FREE



SAMPLE STATISTICS


     ESTIMATED SAMPLE STATISTICS


           Means
              A_01          A_03          A_05          AGE_C80       EDU_C7
              ________      ________      ________      ________      ________
 1             15.706        15.767        15.408         3.046         0.349


           Means
              FEMALE        SBP_C167
              ________      ________
 1              0.640        -4.816


           Covariances
              A_01          A_03          A_05          AGE_C80       EDU_C7
              ________      ________      ________      ________      ________
 A_01          16.833
 A_03           6.461        13.846
 A_05           6.027         5.319        13.388
 AGE_C80       -1.418        -1.471        -0.435         6.648
 EDU_C7         1.483         1.456         0.660        -0.492         5.722
 FEMALE         0.031         0.204        -0.146         0.079        -0.097
 SBP_C167       4.369         6.411         2.173        -3.535        -0.597


           Covariances
              FEMALE        SBP_C167
              ________      ________
 FEMALE         0.230
 SBP_C167       1.061       494.474


           Correlations
              A_01          A_03          A_05          AGE_C80       EDU_C7
              ________      ________      ________      ________      ________
 A_01           1.000
 A_03           0.423         1.000
 A_05           0.401         0.391         1.000
 AGE_C80       -0.134        -0.153        -0.046         1.000
 EDU_C7         0.151         0.164         0.075        -0.080         1.000
 FEMALE         0.016         0.114        -0.083         0.063        -0.084
 SBP_C167       0.048         0.077         0.027        -0.062        -0.011


           Correlations
              FEMALE        SBP_C167
              ________      ________
 FEMALE         1.000
 SBP_C167       0.099         1.000


     MAXIMUM LOG-LIKELIHOOD VALUE FOR THE UNRESTRICTED (H1) MODEL IS -6929.168


UNIVARIATE HIGHER-ORDER MOMENT DESCRIPTIVE STATISTICS


     UNIVARIATE HIGHER-ORDER MOMENT DESCRIPTIVE STATISTICS

         Variable/         Mean/     Skewness/   Minimum/ % with                Percentiles
        Sample Size      Variance    Kurtosis    Maximum  Min/Max      20%/60%    40%/80%    Median

     A_01                 15.712      -0.483       2.000    0.23%      12.000     15.000     16.000
             433.000      16.811      -0.331      24.000    0.23%      17.000     19.000
     A_03                 16.032      -0.401       4.000    0.37%      13.000     15.000     16.000
             268.000      13.693       0.063      24.000    1.12%      17.000     19.000
     A_05                 15.650      -0.372       6.000    0.72%      12.000     15.000     15.500
             138.000      13.628      -0.211      24.000    0.72%      16.000     18.000
     AGE_C80               3.046       0.984      -0.581    0.22%       0.877      1.694      2.250
             465.000       6.648       0.250      13.313    0.22%       2.923      5.221
     EDU_C7                0.349       1.854      -7.000    0.22%      -1.000     -1.000      0.000
             465.000       5.722       4.998      13.000    0.22%       0.000      1.000
     FEMALE                0.640      -0.584       0.000   36.13%       0.000      1.000      1.000
             465.000       0.230      -1.659       1.000   63.87%       1.000      1.000
     SBP_C167             -4.816       0.447     -57.000    0.86%     -27.000     -7.000     -7.000
             465.000     494.474       0.831      93.000    0.22%      -2.000     13.000


THE MODEL ESTIMATION TERMINATED NORMALLY



MODEL FIT INFORMATION

Number of Free Parameters                       14

Loglikelihood

          H0 Value                       -1843.868
          H0 Scaling Correction Factor      1.0171
            for MLR

Information Criteria

          Akaike (AIC)                    3715.735
          Bayesian (BIC)                  3770.295
          Sample-Size Adjusted BIC        3725.879
            (n* = (n + 2) / 24)



MODEL RESULTS

                                                    Two-Tailed
                    Estimate       S.E.  Est./S.E.    P-Value

 IA         ON
    AGE_C80           -0.211      0.082     -2.580      0.010
    EDU_C7             0.259      0.085      3.042      0.002
    FEMALE             0.510      0.463      1.102      0.271
    SBP_C167           0.008      0.009      0.839      0.401

 SA         ON
    AGE_C80            0.014      0.016      0.845      0.398
    EDU_C7            -0.014      0.020     -0.688      0.492
    FEMALE            -0.060      0.085     -0.707      0.479
    SBP_C167           0.000      0.002      0.023      0.982

 IA       WITH
    SA                -0.256      0.194     -1.316      0.188

 Intercepts
    A_01               0.000      0.000    999.000    999.000
    A_03               0.000      0.000    999.000    999.000
    A_05               0.000      0.000    999.000    999.000
    IA                16.018      0.434     36.945      0.000
    SA                -0.032      0.084     -0.383      0.702

 Residual Variances
    A_01               8.505      0.975      8.722      0.000
    A_03               8.505      0.975      8.722      0.000
    A_05               8.505      0.975      8.722      0.000
    IA                 7.263      1.333      5.448      0.000
    SA                 0.018      0.050      0.373      0.709


QUALITY OF NUMERICAL RESULTS

     Condition Number for the Information Matrix              0.413E-03
       (ratio of smallest to largest eigenvalue)


CONFIDENCE INTERVALS OF MODEL RESULTS

                  Lower .5%  Lower 2.5%    Lower 5%    Estimate    Upper 5%  Upper 2.5%   Upper .5%

 IA       ON
    AGE_C80         -0.422      -0.372      -0.346      -0.211      -0.077      -0.051       0.000
    EDU_C7           0.040       0.092       0.119       0.259       0.399       0.426       0.478
    FEMALE          -0.682      -0.397      -0.251       0.510       1.271       1.417       1.702
    SBP_C167        -0.016      -0.010      -0.007       0.008       0.023       0.026       0.032

 SA       ON
    AGE_C80         -0.029      -0.018      -0.013       0.014       0.041       0.046       0.056
    EDU_C7          -0.065      -0.052      -0.046      -0.014       0.019       0.025       0.037
    FEMALE          -0.279      -0.226      -0.200      -0.060       0.080       0.106       0.159
    SBP_C167        -0.005      -0.003      -0.003       0.000       0.003       0.004       0.005

 IA       WITH
    SA              -0.757      -0.637      -0.576      -0.256       0.064       0.125       0.245

 Intercepts
    A_01             0.000       0.000       0.000       0.000       0.000       0.000       0.000
    A_03             0.000       0.000       0.000       0.000       0.000       0.000       0.000
    A_05             0.000       0.000       0.000       0.000       0.000       0.000       0.000
    IA              14.901      15.168      15.304      16.018      16.731      16.867      17.134
    SA              -0.249      -0.197      -0.171      -0.032       0.106       0.133       0.185

 Residual Variances
    A_01             5.993       6.594       6.901       8.505      10.109      10.416      11.017
    A_03             5.993       6.594       6.901       8.505      10.109      10.416      11.017
    A_05             5.993       6.594       6.901       8.505      10.109      10.416      11.017
    IA               3.829       4.650       5.070       7.263       9.456       9.876      10.697
    SA              -0.109      -0.079      -0.063       0.018       0.100       0.115       0.146


SAMPLE STATISTICS FOR ESTIMATED FACTOR SCORES


     SAMPLE STATISTICS


           Means
              IA            IA_SE         SA            SA_SE
              ________      ________      ________      ________
 1             15.612         1.817        -0.028         0.119


           Covariances
              IA            IA_SE         SA            SA_SE
              ________      ________      ________      ________
 IA             4.688
 IA_SE         -0.072         0.031
 SA            -0.168         0.003         0.007
 SA_SE         -0.001         0.000         0.000         0.000


           Correlations
              IA            IA_SE         SA            SA_SE
              ________      ________      ________      ________
 IA             1.000
 IA_SE         -0.190         1.000
 SA            -0.927         0.230         1.000
 SA_SE         -0.094         0.739         0.106         1.000


RESULTS SAVING INFORMATION

  Order of data

    Parameter estimates
     (saved in order shown in Technical 1 output)
    Standard errors
     (saved in order shown in Technical 1 output)
    H0 Loglikelihood
    H0 Scaling Correction Factor for MLR
    Number of Free Parameters
    Akaike (AIC)
    Bayesian (BIC)
    Sample-Size Adjusted BIC

  Save file
    u1_135_aefb_figure_results.dat

  Save file format           Free


PLOT INFORMATION

The following plots are available:

  Histograms (sample values, estimated factor scores)
  Scatterplots (sample values, estimated factor scores)
  Latent variable distribution plots

SAVEDATA INFORMATION


  Save file
    u1_135_aefb_figure_fscores.dat

  Order and format of variables

    A_01           F10.3
    A_03           F10.3
    A_05           F10.3
    AGE_C80        F10.3
    EDU_C7         F10.3
    FEMALE         F10.3
    SBP_C167       F10.3
    TIME_01        F10.3
    TIME_03        F10.3
    TIME_05        F10.3
    _WEIGHT        F10.3
    IA             F10.3
    IA_SE          F10.3
    SA             F10.3
    SA_SE          F10.3
    PAIRID         I6

  Save file format
    15F10.3 I6

  Save file record length    10000


     Beginning Time:  17:18:07
        Ending Time:  17:18:08
       Elapsed Time:  00:00:01



MUTHEN & MUTHEN
3463 Stoner Ave.
Los Angeles, CA  90066

Tel: (310) 391-9971
Fax: (310) 391-8971
Web: www.StatModel.com
Support: Support@StatModel.com

Copyright (c) 1998-2014 Muthen & Muthen
