Mplus VERSION 7.3
MUTHEN & MUTHEN
12/17/2016  11:49 AM

INPUT INSTRUCTIONS

  TITLE:
  Script produced from the prototype in ./sandbox/syntax-creator/
  DATA:
  File = wide-dataset.dat ;
  VARIABLE:
  NAMES are
   Case PairID female age_c80 edu_c7 sbp_c167 smoke cardio diabetes dementia_ever
      years_since_bl_01 years_since_bl_02 years_since_bl_03 years_since_bl_04
      years_since_bl_05 pef_01 pef_02 pef_03 pef_04 pef_05 grip_01 grip_02 grip_03
      grip_04 grip_05 gait_01 gait_02 gait_03 gait_04 gait_05 block_01 block_02
      block_03 block_04 block_05 digitspanbackward_01 digitspanbackward_02
      digitspanbackward_03 digitspanbackward_04 digitspanbackward_05
      digitspanforward_01 digitspanforward_02 digitspanforward_03 digitspanforward_04
      digitspanforward_05 symbol_01 symbol_02 symbol_03 symbol_04 symbol_05 prose_01
      prose_02 prose_03 prose_04 prose_05 info_01 info_02 info_03 info_04 info_05
      synonyms_01 synonyms_02 synonyms_03 synonyms_04 synonyms_05 psif_01 psif_02
      psif_03 psif_04 psif_05 figure_01 figure_02 figure_03 figure_04 figure_05
      mirrecall_01 mirrecall_02 mirrecall_03 mirrecall_04 mirrecall_05 mmse_01 mmse_02
      mmse_03 mmse_04 mmse_05 mirnaming_01 mirnaming_02 mirnaming_03 mirnaming_04
      mirnaming_05 mirrecog_01 mirrecog_02 mirrecog_03 mirrecog_04 mirrecog_05
      clock_01 clock_02 clock_03 clock_04 clock_05
  	;
  Missing are all (-9999);
  USEVARIABLES are
  	!define the variables used in the analysis
  	! covariates used in the model
  age_c80
  edu_c7
  female	
  	!estimated time points
  time_01
  time_02
  time_03
  time_04
  time_05
  	!modelled time points of process (A)
  a_01
  a_02
  a_03
  a_04
  a_05
  ;
  TSCORES are
  	!estimated time points
  time_01
  time_02
  time_03
  time_04
  time_05;
  CLUSTER = PairID;
  SUBPOPULATION are
  	!select a subset of observations
  dementia_ever NE 1
  ;
  DEFINE:
  	! assign variables to the process (A)
  a_01 = figure_01;
  a_02 = figure_02;
  a_03 = figure_03;
  a_04 = figure_04;
  a_05 = figure_05;
  	!assign variables to time points
  time_01 = years_since_bl_01;
  time_02 = years_since_bl_02;
  time_03 = years_since_bl_03;
  time_04 = years_since_bl_04;
  time_05 = years_since_bl_05;
  	
  ANALYSIS: TYPE = RANDOM COMPLEX;
  COVERAGE=.00;
  MODEL:
  	!first-level equation
  	! assign process (A) to time points
  ia sa | a_01 AT time_01 ;
  ia sa | a_02 AT time_02 ;
  ia sa | a_03 AT time_03 ;
  ia sa | a_04 AT time_04 ;
  ia sa | a_05 AT time_05 ;
  	!variance of the first-level terms
  ia (v_ia);
  sa (v_sa);
  	!covariance among first-level terms
  ia WITH sa (c_iasa);
  	!second-level equation
  ia sa ON age_c80
  edu_c7
  female;
  	!residual covariance of process (A)
  a_01 (res_a);
  a_02 (res_a);
  a_03 (res_a);
  a_04 (res_a);
  a_05 (res_a);	
  SAVEDATA:
  FILE is   u1_12345_aef_figure_fscores.dat;
  SAVE = FSCORES;
  RESULTS are   u1_12345_aef_figure_results.dat;
  	
  OUTPUT: sampstat cinterval;
  PLOT: Type is Plot1 Plot2 Plot3;



*** WARNING
  Data set contains cases with missing on x-variables.
  These cases were not included in the analysis.
  Number of cases with missing on x-variables:  46
*** WARNING
  Data set contains cases with missing on all variables except
  x-variables.  These cases were not included in the analysis.
  Number of cases with missing on all variables except x-variables:  145
   2 WARNING(S) FOUND IN THE INPUT INSTRUCTIONS




Script produced from the prototype in ./sandbox/syntax-creator/

SUMMARY OF ANALYSIS

Number of groups                                                 1
Number of observations                                         387

Number of dependent variables                                    5
Number of independent variables                                  3
Number of continuous latent variables                            2

Observed dependent variables

  Continuous
   A_01        A_02        A_03        A_04        A_05

Observed independent variables
   AGE_C80     EDU_C7      FEMALE

Continuous latent variables
   IA          SA

Variables with special functions

  Cluster variable      PAIRID
  Weight variable       _WEIGHT

  Time scores
   TIME_01     TIME_02     TIME_03     TIME_04     TIME_05


Estimator                                                      MLR
Information matrix                                        OBSERVED
Maximum number of iterations                                   100
Convergence criterion                                    0.100D-05
Maximum number of EM iterations                                500
Convergence criteria for the EM algorithm
  Loglikelihood change                                   0.100D-02
  Relative loglikelihood change                          0.100D-05
  Derivative                                             0.100D-03
Minimum variance                                         0.100D-03
Maximum number of steepest descent iterations                   20
Maximum number of iterations for H1                           2000
Convergence criterion for H1                             0.100D-03
Optimization algorithm                                         EMA

Input data file(s)
  wide-dataset.dat
Input data format  FREE



SAMPLE STATISTICS


     ESTIMATED SAMPLE STATISTICS


           Means
              A_01          A_02          A_03          A_04          A_05
              ________      ________      ________      ________      ________
 1             15.561        15.601        15.477        15.290        15.105


           Means
              AGE_C80       EDU_C7        FEMALE
              ________      ________      ________
 1              3.073         0.315         0.649


           Covariances
              A_01          A_02          A_03          A_04          A_05
              ________      ________      ________      ________      ________
 A_01          17.462
 A_02           8.338        14.747
 A_03           7.306         8.503        15.292
 A_04           6.460         6.330         9.179        17.052
 A_05           6.741         6.049         6.307         6.563        14.134
 AGE_C80       -1.272        -1.609        -1.427        -2.268        -0.506
 EDU_C7         1.642         1.228         1.685         0.345         0.568
 FEMALE         0.058         0.048         0.194         0.148        -0.154


           Covariances
              AGE_C80       EDU_C7        FEMALE
              ________      ________      ________
 AGE_C80        6.855
 EDU_C7        -0.493         5.575
 FEMALE         0.104        -0.091         0.228


           Correlations
              A_01          A_02          A_03          A_04          A_05
              ________      ________      ________      ________      ________
 A_01           1.000
 A_02           0.520         1.000
 A_03           0.447         0.566         1.000
 A_04           0.374         0.399         0.568         1.000
 A_05           0.429         0.419         0.429         0.423         1.000
 AGE_C80       -0.116        -0.160        -0.139        -0.210        -0.051
 EDU_C7         0.166         0.135         0.182         0.035         0.064
 FEMALE         0.029         0.026         0.104         0.075        -0.086


           Correlations
              AGE_C80       EDU_C7        FEMALE
              ________      ________      ________
 AGE_C80        1.000
 EDU_C7        -0.080         1.000
 FEMALE         0.083        -0.081         1.000


     MAXIMUM LOG-LIKELIHOOD VALUE FOR THE UNRESTRICTED (H1) MODEL IS -6693.027


UNIVARIATE HIGHER-ORDER MOMENT DESCRIPTIVE STATISTICS


     UNIVARIATE HIGHER-ORDER MOMENT DESCRIPTIVE STATISTICS

         Variable/         Mean/     Skewness/   Minimum/ % with                Percentiles
        Sample Size      Variance    Kurtosis    Maximum  Min/Max      20%/60%    40%/80%    Median

     A_01                 15.673      -0.518       2.000    0.23%      12.000     15.000     16.000
             443.000      17.185      -0.239      24.000    0.23%      17.000     19.000
     A_02                 15.850      -0.447       1.000    0.28%      12.000     15.000     16.000
             362.000      14.069       0.156      24.000    1.38%      17.000     19.000
     A_03                 15.942      -0.482       3.000    0.37%      13.000     15.000     16.000
             273.000      14.501       0.281      24.000    1.10%      17.000     19.000
     A_04                 15.957      -0.617       2.000    0.50%      12.000     15.000     16.000
             200.000      15.833       0.414      24.000    1.50%      17.000     19.000
     A_05                 15.628      -0.356       6.000    0.72%      12.000     15.000     15.000
             139.000      13.572      -0.218      24.000    0.72%      16.000     18.000
     AGE_C80               3.073       1.026      -0.581    0.20%       0.877      1.694      2.262
             511.000       6.855       0.352      13.313    0.20%       2.941      5.334
     EDU_C7                0.315       1.873      -7.000    0.20%      -1.000     -1.000     -1.000
             511.000       5.575       5.094      13.000    0.20%       0.000      1.000
     FEMALE                0.649      -0.622       0.000   36.01%       0.000      1.000      1.000
             511.000       0.228      -1.613       1.000   63.99%       1.000      1.000


THE MODEL ESTIMATION TERMINATED NORMALLY



MODEL FIT INFORMATION

Number of Free Parameters                       12

Loglikelihood

          H0 Value                       -3021.288
          H0 Scaling Correction Factor      1.0621
            for MLR

Information Criteria

          Akaike (AIC)                    6066.576
          Bayesian (BIC)                  6114.078
          Sample-Size Adjusted BIC        6076.003
            (n* = (n + 2) / 24)



MODEL RESULTS

                                                    Two-Tailed
                    Estimate       S.E.  Est./S.E.    P-Value

 IA         ON
    AGE_C80           -0.201      0.076     -2.633      0.008
    EDU_C7             0.290      0.077      3.771      0.000
    FEMALE             0.622      0.450      1.384      0.166

 SA         ON
    AGE_C80           -0.001      0.016     -0.079      0.937
    EDU_C7            -0.026      0.019     -1.372      0.170
    FEMALE            -0.048      0.079     -0.601      0.548

 IA       WITH
    SA                -0.337      0.163     -2.071      0.038

 Intercepts
    A_01               0.000      0.000    999.000    999.000
    A_02               0.000      0.000    999.000    999.000
    A_03               0.000      0.000    999.000    999.000
    A_04               0.000      0.000    999.000    999.000
    A_05               0.000      0.000    999.000    999.000
    IA                15.779      0.441     35.791      0.000
    SA                -0.020      0.079     -0.255      0.799

 Residual Variances
    A_01               7.812      0.501     15.582      0.000
    A_02               7.812      0.501     15.582      0.000
    A_03               7.812      0.501     15.582      0.000
    A_04               7.812      0.501     15.582      0.000
    A_05               7.812      0.501     15.582      0.000
    IA                 8.427      1.106      7.621      0.000
    SA                 0.068      0.038      1.784      0.075


QUALITY OF NUMERICAL RESULTS

     Condition Number for the Information Matrix              0.101E-02
       (ratio of smallest to largest eigenvalue)


CONFIDENCE INTERVALS OF MODEL RESULTS

                  Lower .5%  Lower 2.5%    Lower 5%    Estimate    Upper 5%  Upper 2.5%   Upper .5%

 IA       ON
    AGE_C80         -0.398      -0.351      -0.327      -0.201      -0.076      -0.052      -0.004
    EDU_C7           0.092       0.139       0.164       0.290       0.417       0.441       0.488
    FEMALE          -0.536      -0.259      -0.117       0.622       1.362       1.504       1.781

 SA       ON
    AGE_C80         -0.043      -0.033      -0.028      -0.001       0.025       0.030       0.040
    EDU_C7          -0.073      -0.062      -0.056      -0.026       0.005       0.011       0.022
    FEMALE          -0.251      -0.203      -0.178      -0.048       0.083       0.108       0.156

 IA       WITH
    SA              -0.756      -0.656      -0.605      -0.337      -0.069      -0.018       0.082

 Intercepts
    A_01             0.000       0.000       0.000       0.000       0.000       0.000       0.000
    A_02             0.000       0.000       0.000       0.000       0.000       0.000       0.000
    A_03             0.000       0.000       0.000       0.000       0.000       0.000       0.000
    A_04             0.000       0.000       0.000       0.000       0.000       0.000       0.000
    A_05             0.000       0.000       0.000       0.000       0.000       0.000       0.000
    IA              14.643      14.915      15.054      15.779      16.504      16.643      16.914
    SA              -0.224      -0.175      -0.150      -0.020       0.110       0.135       0.183

 Residual Variances
    A_01             6.520       6.829       6.987       7.812       8.637       8.794       9.103
    A_02             6.520       6.829       6.987       7.812       8.637       8.794       9.103
    A_03             6.520       6.829       6.987       7.812       8.637       8.794       9.103
    A_04             6.520       6.829       6.987       7.812       8.637       8.794       9.103
    A_05             6.520       6.829       6.987       7.812       8.637       8.794       9.103
    IA               5.579       6.260       6.608       8.427      10.246      10.594      11.275
    SA              -0.030      -0.007       0.005       0.068       0.131       0.143       0.167


SAMPLE STATISTICS FOR ESTIMATED FACTOR SCORES


     SAMPLE STATISTICS


           Means
              IA            IA_SE         SA            SA_SE
              ________      ________      ________      ________
 1             15.353         1.715        -0.058         0.241


           Covariances
              IA            IA_SE         SA            SA_SE
              ________      ________      ________      ________
 IA             6.605
 IA_SE         -0.196         0.058
 SA            -0.189         0.005         0.014
 SA_SE         -0.008         0.002         0.000         0.000


           Correlations
              IA            IA_SE         SA            SA_SE
              ________      ________      ________      ________
 IA             1.000
 IA_SE         -0.318         1.000
 SA            -0.629         0.184         1.000
 SA_SE         -0.305         0.762         0.138         1.000


RESULTS SAVING INFORMATION

  Order of data

    Parameter estimates
     (saved in order shown in Technical 1 output)
    Standard errors
     (saved in order shown in Technical 1 output)
    H0 Loglikelihood
    H0 Scaling Correction Factor for MLR
    Number of Free Parameters
    Akaike (AIC)
    Bayesian (BIC)
    Sample-Size Adjusted BIC

  Save file
    u1_12345_aef_figure_results.dat

  Save file format           Free


PLOT INFORMATION

The following plots are available:

  Histograms (sample values, estimated factor scores)
  Scatterplots (sample values, estimated factor scores)
  Latent variable distribution plots

SAVEDATA INFORMATION


  Save file
    u1_12345_aef_figure_fscores.dat

  Order and format of variables

    A_01           F10.3
    A_02           F10.3
    A_03           F10.3
    A_04           F10.3
    A_05           F10.3
    AGE_C80        F10.3
    EDU_C7         F10.3
    FEMALE         F10.3
    TIME_01        F10.3
    TIME_02        F10.3
    TIME_03        F10.3
    TIME_04        F10.3
    TIME_05        F10.3
    _WEIGHT        F10.3
    IA             F10.3
    IA_SE          F10.3
    SA             F10.3
    SA_SE          F10.3
    PAIRID         I6

  Save file format
    18F10.3 I6

  Save file record length    10000


     Beginning Time:  11:49:25
        Ending Time:  11:49:25
       Elapsed Time:  00:00:00



MUTHEN & MUTHEN
3463 Stoner Ave.
Los Angeles, CA  90066

Tel: (310) 391-9971
Fax: (310) 391-8971
Web: www.StatModel.com
Support: Support@StatModel.com

Copyright (c) 1998-2014 Muthen & Muthen
