Mplus VERSION 7.3
MUTHEN & MUTHEN
12/17/2016  11:49 AM

INPUT INSTRUCTIONS

  TITLE:
  Script produced from the prototype in ./sandbox/syntax-creator/
  DATA:
  File = wide-dataset.dat ;
  VARIABLE:
  NAMES are
   Case PairID female age_c80 edu_c7 sbp_c167 smoke cardio diabetes dementia_ever
      years_since_bl_01 years_since_bl_02 years_since_bl_03 years_since_bl_04
      years_since_bl_05 pef_01 pef_02 pef_03 pef_04 pef_05 grip_01 grip_02 grip_03
      grip_04 grip_05 gait_01 gait_02 gait_03 gait_04 gait_05 block_01 block_02
      block_03 block_04 block_05 digitspanbackward_01 digitspanbackward_02
      digitspanbackward_03 digitspanbackward_04 digitspanbackward_05
      digitspanforward_01 digitspanforward_02 digitspanforward_03 digitspanforward_04
      digitspanforward_05 symbol_01 symbol_02 symbol_03 symbol_04 symbol_05 prose_01
      prose_02 prose_03 prose_04 prose_05 info_01 info_02 info_03 info_04 info_05
      synonyms_01 synonyms_02 synonyms_03 synonyms_04 synonyms_05 psif_01 psif_02
      psif_03 psif_04 psif_05 figure_01 figure_02 figure_03 figure_04 figure_05
      mirrecall_01 mirrecall_02 mirrecall_03 mirrecall_04 mirrecall_05 mmse_01 mmse_02
      mmse_03 mmse_04 mmse_05 mirnaming_01 mirnaming_02 mirnaming_03 mirnaming_04
      mirnaming_05 mirrecog_01 mirrecog_02 mirrecog_03 mirrecog_04 mirrecog_05
      clock_01 clock_02 clock_03 clock_04 clock_05
  	;
  Missing are all (-9999);
  USEVARIABLES are
  	!define the variables used in the analysis
  	! covariates used in the model
  age_c80
  edu_c7
  female
  sbp_c167	
  	!estimated time points
  time_01
  time_03
  time_04
  time_05
  	!modelled time points of process (A)
  a_01
  a_03
  a_04
  a_05
  ;
  TSCORES are
  	!estimated time points
  time_01
  time_03
  time_04
  time_05;
  CLUSTER = PairID;
  SUBPOPULATION are
  	!select a subset of observations
  dementia_ever NE 1
  ;
  DEFINE:
  	! assign variables to the process (A)
  a_01 = figure_01;
  a_03 = figure_03;
  a_04 = figure_04;
  a_05 = figure_05;
  	!assign variables to time points
  time_01 = years_since_bl_01;
  time_03 = years_since_bl_03;
  time_04 = years_since_bl_04;
  time_05 = years_since_bl_05;
  	
  ANALYSIS: TYPE = RANDOM COMPLEX;
  COVERAGE=.00;
  MODEL:
  	!first-level equation
  	! assign process (A) to time points
  ia sa | a_01 AT time_01 ;
  ia sa | a_03 AT time_03 ;
  ia sa | a_04 AT time_04 ;
  ia sa | a_05 AT time_05 ;
  	!variance of the first-level terms
  ia (v_ia);
  sa (v_sa);
  	!covariance among first-level terms
  ia WITH sa (c_iasa);
  	!second-level equation
  ia sa ON age_c80
  edu_c7
  female
  sbp_c167;
  	!residual covariance of process (A)
  a_01 (res_a);
  a_03 (res_a);
  a_04 (res_a);
  a_05 (res_a);	
  SAVEDATA:
  FILE is   u1_1345_aefb_figure_fscores.dat;
  SAVE = FSCORES;
  RESULTS are   u1_1345_aefb_figure_results.dat;
  	
  OUTPUT: sampstat cinterval;
  PLOT: Type is Plot1 Plot2 Plot3;



*** WARNING
  Data set contains cases with missing on x-variables.
  These cases were not included in the analysis.
  Number of cases with missing on x-variables:  92
*** WARNING
  Data set contains cases with missing on all variables except
  x-variables.  These cases were not included in the analysis.
  Number of cases with missing on all variables except x-variables:  140
   2 WARNING(S) FOUND IN THE INPUT INSTRUCTIONS




Script produced from the prototype in ./sandbox/syntax-creator/

SUMMARY OF ANALYSIS

Number of groups                                                 1
Number of observations                                         365

Number of dependent variables                                    4
Number of independent variables                                  4
Number of continuous latent variables                            2

Observed dependent variables

  Continuous
   A_01        A_03        A_04        A_05

Observed independent variables
   AGE_C80     EDU_C7      FEMALE      SBP_C167

Continuous latent variables
   IA          SA

Variables with special functions

  Cluster variable      PAIRID
  Weight variable       _WEIGHT

  Time scores
   TIME_01     TIME_03     TIME_04     TIME_05


Estimator                                                      MLR
Information matrix                                        OBSERVED
Maximum number of iterations                                   100
Convergence criterion                                    0.100D-05
Maximum number of EM iterations                                500
Convergence criteria for the EM algorithm
  Loglikelihood change                                   0.100D-02
  Relative loglikelihood change                          0.100D-05
  Derivative                                             0.100D-03
Minimum variance                                         0.100D-03
Maximum number of steepest descent iterations                   20
Maximum number of iterations for H1                           2000
Convergence criterion for H1                             0.100D-03
Optimization algorithm                                         EMA

Input data file(s)
  wide-dataset.dat
Input data format  FREE



SAMPLE STATISTICS


     ESTIMATED SAMPLE STATISTICS


           Means
              A_01          A_03          A_04          A_05          AGE_C80
              ________      ________      ________      ________      ________
 1             15.694        15.701        15.479        15.338         3.046


           Means
              EDU_C7        FEMALE        SBP_C167
              ________      ________      ________
 1              0.348         0.641        -4.822


           Covariances
              A_01          A_03          A_04          A_05          AGE_C80
              ________      ________      ________      ________      ________
 A_01          16.813
 A_03           6.609        14.134
 A_04           5.857         8.385        16.463
 A_05           6.215         5.466         5.891        13.595
 AGE_C80       -1.409        -1.459        -2.352        -0.514         6.630
 EDU_C7         1.480         1.420         0.057         0.556        -0.491
 FEMALE         0.030         0.213         0.159        -0.136         0.078
 SBP_C167       4.513         6.642        -3.242         0.983        -3.525


           Covariances
              EDU_C7        FEMALE        SBP_C167
              ________      ________      ________
 EDU_C7         5.706
 FEMALE        -0.097         0.230
 SBP_C167      -0.593         1.056       493.133


           Correlations
              A_01          A_03          A_04          A_05          AGE_C80
              ________      ________      ________      ________      ________
 A_01           1.000
 A_03           0.429         1.000
 A_04           0.352         0.550         1.000
 A_05           0.411         0.394         0.394         1.000
 AGE_C80       -0.133        -0.151        -0.225        -0.054         1.000
 EDU_C7         0.151         0.158         0.006         0.063        -0.080
 FEMALE         0.015         0.118         0.082        -0.077         0.063
 SBP_C167       0.050         0.080        -0.036         0.012        -0.062


           Correlations
              EDU_C7        FEMALE        SBP_C167
              ________      ________      ________
 EDU_C7         1.000
 FEMALE        -0.085         1.000
 SBP_C167      -0.011         0.099         1.000


     MAXIMUM LOG-LIKELIHOOD VALUE FOR THE UNRESTRICTED (H1) MODEL IS -7531.439


UNIVARIATE HIGHER-ORDER MOMENT DESCRIPTIVE STATISTICS


     UNIVARIATE HIGHER-ORDER MOMENT DESCRIPTIVE STATISTICS

         Variable/         Mean/     Skewness/   Minimum/ % with                Percentiles
        Sample Size      Variance    Kurtosis    Maximum  Min/Max      20%/60%    40%/80%    Median

     A_01                 15.712      -0.483       2.000    0.23%      12.000     15.000     16.000
             433.000      16.811      -0.331      24.000    0.23%      17.000     19.000
     A_03                 16.032      -0.401       4.000    0.37%      13.000     15.000     16.000
             268.000      13.693       0.063      24.000    1.12%      17.000     19.000
     A_04                 15.981      -0.635       2.000    0.51%      12.000     15.000     16.000
             197.000      15.781       0.478      24.000    1.52%      17.000     19.000
     A_05                 15.650      -0.372       6.000    0.72%      12.000     15.000     15.500
             138.000      13.628      -0.211      24.000    0.72%      16.000     18.000
     AGE_C80               3.046       0.985      -0.581    0.21%       0.877      1.694      2.253
             470.000       6.630       0.259      13.313    0.21%       2.923      5.221
     EDU_C7                0.348       1.857      -7.000    0.21%      -1.000     -1.000      0.000
             470.000       5.706       5.022      13.000    0.21%       0.000      1.000
     FEMALE                0.641      -0.588       0.000   36.38%       0.000      1.000      1.000
             470.000       0.230      -1.654       1.000   63.62%       1.000      1.000
     SBP_C167             -4.822       0.448     -57.000    0.85%     -27.000     -7.000     -7.000
             470.000     493.133       0.842      93.000    0.21%      -2.000     13.000


THE MODEL ESTIMATION TERMINATED NORMALLY



MODEL FIT INFORMATION

Number of Free Parameters                       14

Loglikelihood

          H0 Value                       -2268.458
          H0 Scaling Correction Factor      1.0496
            for MLR

Information Criteria

          Akaike (AIC)                    4564.916
          Bayesian (BIC)                  4619.514
          Sample-Size Adjusted BIC        4575.098
            (n* = (n + 2) / 24)



MODEL RESULTS

                                                    Two-Tailed
                    Estimate       S.E.  Est./S.E.    P-Value

 IA         ON
    AGE_C80           -0.209      0.081     -2.573      0.010
    EDU_C7             0.263      0.084      3.129      0.002
    FEMALE             0.515      0.462      1.114      0.265
    SBP_C167           0.008      0.009      0.916      0.360

 SA         ON
    AGE_C80           -0.001      0.016     -0.038      0.970
    EDU_C7            -0.025      0.019     -1.313      0.189
    FEMALE            -0.027      0.082     -0.331      0.741
    SBP_C167          -0.001      0.002     -0.720      0.472

 IA       WITH
    SA                -0.236      0.177     -1.333      0.183

 Intercepts
    A_01               0.000      0.000    999.000    999.000
    A_03               0.000      0.000    999.000    999.000
    A_04               0.000      0.000    999.000    999.000
    A_05               0.000      0.000    999.000    999.000
    IA                16.006      0.433     36.925      0.000
    SA                -0.019      0.081     -0.239      0.811

 Residual Variances
    A_01               8.371      0.727     11.512      0.000
    A_03               8.371      0.727     11.512      0.000
    A_04               8.371      0.727     11.512      0.000
    A_05               8.371      0.727     11.512      0.000
    IA                 7.334      1.177      6.232      0.000
    SA                 0.041      0.044      0.928      0.353


QUALITY OF NUMERICAL RESULTS

     Condition Number for the Information Matrix              0.921E-03
       (ratio of smallest to largest eigenvalue)


CONFIDENCE INTERVALS OF MODEL RESULTS

                  Lower .5%  Lower 2.5%    Lower 5%    Estimate    Upper 5%  Upper 2.5%   Upper .5%

 IA       ON
    AGE_C80         -0.419      -0.369      -0.343      -0.209      -0.076      -0.050       0.000
    EDU_C7           0.046       0.098       0.125       0.263       0.401       0.427       0.479
    FEMALE          -0.676      -0.391      -0.245       0.515       1.276       1.421       1.706
    SBP_C167        -0.015      -0.010      -0.007       0.008       0.024       0.026       0.032

 SA       ON
    AGE_C80         -0.042      -0.032      -0.027      -0.001       0.026       0.031       0.041
    EDU_C7          -0.074      -0.062      -0.056      -0.025       0.006       0.012       0.024
    FEMALE          -0.238      -0.187      -0.162      -0.027       0.107       0.133       0.183
    SBP_C167        -0.005      -0.004      -0.004      -0.001       0.002       0.002       0.003

 IA       WITH
    SA              -0.692      -0.583      -0.527      -0.236       0.055       0.111       0.220

 Intercepts
    A_01             0.000       0.000       0.000       0.000       0.000       0.000       0.000
    A_03             0.000       0.000       0.000       0.000       0.000       0.000       0.000
    A_04             0.000       0.000       0.000       0.000       0.000       0.000       0.000
    A_05             0.000       0.000       0.000       0.000       0.000       0.000       0.000
    IA              14.890      15.157      15.293      16.006      16.719      16.856      17.123
    SA              -0.228      -0.178      -0.153      -0.019       0.114       0.139       0.189

 Residual Variances
    A_01             6.498       6.946       7.175       8.371       9.567       9.796      10.244
    A_03             6.498       6.946       7.175       8.371       9.567       9.796      10.244
    A_04             6.498       6.946       7.175       8.371       9.567       9.796      10.244
    A_05             6.498       6.946       7.175       8.371       9.567       9.796      10.244
    IA               4.303       5.028       5.398       7.334       9.270       9.641      10.366
    SA              -0.072      -0.045      -0.031       0.041       0.113       0.127       0.154


SAMPLE STATISTICS FOR ESTIMATED FACTOR SCORES


     SAMPLE STATISTICS


           Means
              IA            IA_SE         SA            SA_SE
              ________      ________      ________      ________
 1             15.547         1.783        -0.038         0.191


           Covariances
              IA            IA_SE         SA            SA_SE
              ________      ________      ________      ________
 IA             5.007
 IA_SE         -0.103         0.040
 SA            -0.128         0.002         0.008
 SA_SE         -0.002         0.001         0.000         0.000


           Correlations
              IA            IA_SE         SA            SA_SE
              ________      ________      ________      ________
 IA             1.000
 IA_SE         -0.230         1.000
 SA            -0.641         0.136         1.000
 SA_SE         -0.190         0.787         0.065         1.000


RESULTS SAVING INFORMATION

  Order of data

    Parameter estimates
     (saved in order shown in Technical 1 output)
    Standard errors
     (saved in order shown in Technical 1 output)
    H0 Loglikelihood
    H0 Scaling Correction Factor for MLR
    Number of Free Parameters
    Akaike (AIC)
    Bayesian (BIC)
    Sample-Size Adjusted BIC

  Save file
    u1_1345_aefb_figure_results.dat

  Save file format           Free


PLOT INFORMATION

The following plots are available:

  Histograms (sample values, estimated factor scores)
  Scatterplots (sample values, estimated factor scores)
  Latent variable distribution plots

SAVEDATA INFORMATION


  Save file
    u1_1345_aefb_figure_fscores.dat

  Order and format of variables

    A_01           F10.3
    A_03           F10.3
    A_04           F10.3
    A_05           F10.3
    AGE_C80        F10.3
    EDU_C7         F10.3
    FEMALE         F10.3
    SBP_C167       F10.3
    TIME_01        F10.3
    TIME_03        F10.3
    TIME_04        F10.3
    TIME_05        F10.3
    _WEIGHT        F10.3
    IA             F10.3
    IA_SE          F10.3
    SA             F10.3
    SA_SE          F10.3
    PAIRID         I6

  Save file format
    17F10.3 I6

  Save file record length    10000


     Beginning Time:  11:49:37
        Ending Time:  11:49:38
       Elapsed Time:  00:00:01



MUTHEN & MUTHEN
3463 Stoner Ave.
Los Angeles, CA  90066

Tel: (310) 391-9971
Fax: (310) 391-8971
Web: www.StatModel.com
Support: Support@StatModel.com

Copyright (c) 1998-2014 Muthen & Muthen
