Mplus VERSION 7.3
MUTHEN & MUTHEN
12/17/2016   6:05 PM

INPUT INSTRUCTIONS

  TITLE:
  Script produced from the prototype in ./sandbox/syntax-creator/
  DATA:
  File = wide-dataset.dat ;
  VARIABLE:
  NAMES are
   Case PairID female age_c80 edu_c7 sbp_c167 smoke cardio diabetes dementia_ever
      years_since_bl_01 years_since_bl_02 years_since_bl_03 years_since_bl_04
      years_since_bl_05 pef_01 pef_02 pef_03 pef_04 pef_05 grip_01 grip_02 grip_03
      grip_04 grip_05 gait_01 gait_02 gait_03 gait_04 gait_05 block_01 block_02
      block_03 block_04 block_05 digitspanbackward_01 digitspanbackward_02
      digitspanbackward_03 digitspanbackward_04 digitspanbackward_05
      digitspanforward_01 digitspanforward_02 digitspanforward_03 digitspanforward_04
      digitspanforward_05 symbol_01 symbol_02 symbol_03 symbol_04 symbol_05 prose_01
      prose_02 prose_03 prose_04 prose_05 info_01 info_02 info_03 info_04 info_05
      synonyms_01 synonyms_02 synonyms_03 synonyms_04 synonyms_05 psif_01 psif_02
      psif_03 psif_04 psif_05 figure_01 figure_02 figure_03 figure_04 figure_05
      mirrecall_01 mirrecall_02 mirrecall_03 mirrecall_04 mirrecall_05 mmse_01 mmse_02
      mmse_03 mmse_04 mmse_05 mirnaming_01 mirnaming_02 mirnaming_03 mirnaming_04
      mirnaming_05 mirrecog_01 mirrecog_02 mirrecog_03 mirrecog_04 mirrecog_05
      clock_01 clock_02 clock_03 clock_04 clock_05
  	;
  Missing are all (-9999);
  USEVARIABLES are
  	!define the variables used in the analysis
  	! covariates used in the model
  age_c80
  edu_c7
  female	
  	!estimated time points
  time_01
  time_03
  time_05
  	!modelled time points of process (A)
  a_01
  a_03
  a_05
  ;
  TSCORES are
  	!estimated time points
  time_01
  time_03
  time_05;
  CLUSTER = PairID;
  SUBPOPULATION are
  	!select a subset of observations
  dementia_ever NE 1
  ;
  DEFINE:
  	! assign variables to the process (A)
  a_01 = figure_01;
  a_03 = figure_03;
  a_05 = figure_05;
  	!assign variables to time points
  time_01 = years_since_bl_01;
  time_03 = years_since_bl_03;
  time_05 = years_since_bl_05;
  	
  ANALYSIS: TYPE = RANDOM COMPLEX;
  COVERAGE=.00;
  MODEL:
  	!first-level equation
  	! assign process (A) to time points
  ia sa qa | a_01 AT time_01 ;
  ia sa qa | a_03 AT time_03 ;
  ia sa qa | a_05 AT time_05 ;
  	!variance of the first-level terms
  ia (v_ia);
  sa (v_sa);
  qa (v_qa);
  	!covariance among first-level terms
  ia WITH sa (c_iasa);
  ia WITH qa (c_iaqa);
  sa WITH qa (c_saqa);
  	!second-level equation
  ia sa qa ON age_c80
  edu_c7
  female;
  	!residual covariance of process (A)
  a_01 (res_a);
  a_03 (res_a);
  a_05 (res_a);	
  SAVEDATA:
  FILE is   u2_135_aef_figure_fscores.dat;
  SAVE = FSCORES;
  RESULTS are   u2_135_aef_figure_results.dat;
  	
  OUTPUT: sampstat cinterval;
  PLOT: Type is Plot1 Plot2 Plot3;



*** WARNING
  Data set contains cases with missing on x-variables.
  These cases were not included in the analysis.
  Number of cases with missing on x-variables:  46
*** WARNING
  Data set contains cases with missing on all variables except
  x-variables.  These cases were not included in the analysis.
  Number of cases with missing on all variables except x-variables:  179
   2 WARNING(S) FOUND IN THE INPUT INSTRUCTIONS




Script produced from the prototype in ./sandbox/syntax-creator/

SUMMARY OF ANALYSIS

Number of groups                                                 1
Number of observations                                         372

Number of dependent variables                                    3
Number of independent variables                                  3
Number of continuous latent variables                            3

Observed dependent variables

  Continuous
   A_01        A_03        A_05

Observed independent variables
   AGE_C80     EDU_C7      FEMALE

Continuous latent variables
   IA          SA          QA

Variables with special functions

  Cluster variable      PAIRID
  Weight variable       _WEIGHT

  Time scores
   TIME_01     TIME_03     TIME_05


Estimator                                                      MLR
Information matrix                                        OBSERVED
Maximum number of iterations                                   100
Convergence criterion                                    0.100D-05
Maximum number of EM iterations                                500
Convergence criteria for the EM algorithm
  Loglikelihood change                                   0.100D-02
  Relative loglikelihood change                          0.100D-05
  Derivative                                             0.100D-03
Minimum variance                                         0.100D-03
Maximum number of steepest descent iterations                   20
Maximum number of iterations for H1                           2000
Convergence criterion for H1                             0.100D-03
Optimization algorithm                                         EMA

Input data file(s)
  wide-dataset.dat
Input data format  FREE



SAMPLE STATISTICS


     ESTIMATED SAMPLE STATISTICS


           Means
              A_01          A_03          A_05          AGE_C80       EDU_C7
              ________      ________      ________      ________      ________
 1             15.645        15.678        15.356         3.024         0.349


           Means
              FEMALE
              ________
 1              0.642


           Covariances
              A_01          A_03          A_05          AGE_C80       EDU_C7
              ________      ________      ________      ________      ________
 A_01          17.300
 A_03           6.947        14.616
 A_05           6.292         5.661        13.479
 AGE_C80       -1.266        -1.245        -0.323         6.590
 EDU_C7         1.528         1.592         0.723        -0.437         5.695
 FEMALE         0.060         0.231        -0.132         0.076        -0.093


           Covariances
              FEMALE
              ________
 FEMALE         0.230


           Correlations
              A_01          A_03          A_05          AGE_C80       EDU_C7
              ________      ________      ________      ________      ________
 A_01           1.000
 A_03           0.437         1.000
 A_05           0.412         0.403         1.000
 AGE_C80       -0.119        -0.127        -0.034         1.000
 EDU_C7         0.154         0.175         0.082        -0.071         1.000
 FEMALE         0.030         0.126        -0.075         0.062        -0.081


           Correlations
              FEMALE
              ________
 FEMALE         1.000


     MAXIMUM LOG-LIKELIHOOD VALUE FOR THE UNRESTRICTED (H1) MODEL IS -4954.206


UNIVARIATE HIGHER-ORDER MOMENT DESCRIPTIVE STATISTICS


     UNIVARIATE HIGHER-ORDER MOMENT DESCRIPTIVE STATISTICS

         Variable/         Mean/     Skewness/   Minimum/ % with                Percentiles
        Sample Size      Variance    Kurtosis    Maximum  Min/Max      20%/60%    40%/80%    Median

     A_01                 15.673      -0.518       2.000    0.23%      12.000     15.000     16.000
             443.000      17.185      -0.239      24.000    0.23%      17.000     19.000
     A_03                 15.942      -0.482       3.000    0.37%      13.000     15.000     16.000
             273.000      14.501       0.281      24.000    1.10%      17.000     19.000
     A_05                 15.628      -0.356       6.000    0.72%      12.000     15.000     15.000
             139.000      13.572      -0.218      24.000    0.72%      16.000     18.000
     AGE_C80               3.024       0.997      -0.581    0.21%       0.875      1.637      2.248
             477.000       6.590       0.282      13.313    0.21%       2.827      5.221
     EDU_C7                0.349       1.843      -7.000    0.21%      -1.000     -1.000      0.000
             477.000       5.695       4.940      13.000    0.21%       0.000      1.000
     FEMALE                0.642      -0.595       0.000   36.06%       0.000      1.000      1.000
             477.000       0.230      -1.647       1.000   63.94%       1.000      1.000


THE MODEL ESTIMATION TERMINATED NORMALLY



MODEL FIT INFORMATION

Number of Free Parameters                       19

Loglikelihood

          H0 Value                       -1882.619
          H0 Scaling Correction Factor      0.9424
            for MLR

Information Criteria

          Akaike (AIC)                    3803.237
          Bayesian (BIC)                  3877.696
          Sample-Size Adjusted BIC        3817.415
            (n* = (n + 2) / 24)



MODEL RESULTS

                                                    Two-Tailed
                    Estimate       S.E.  Est./S.E.    P-Value

 IA         ON
    AGE_C80           -0.180      0.081     -2.217      0.027
    EDU_C7             0.262      0.087      3.011      0.003
    FEMALE             0.438      0.503      0.871      0.384

 SA         ON
    AGE_C80           -0.017      0.051     -0.341      0.733
    EDU_C7             0.028      0.045      0.634      0.526
    FEMALE             0.498      0.265      1.884      0.060

 QA         ON
    AGE_C80            0.004      0.007      0.633      0.527
    EDU_C7            -0.006      0.006     -1.036      0.300
    FEMALE            -0.077      0.034     -2.249      0.024

 IA       WITH
    SA                -1.716      0.699     -2.455      0.014
    QA                 0.137      0.079      1.733      0.083

 SA       WITH
    QA                -0.124      0.064     -1.931      0.053

 Intercepts
    A_01               0.000      0.000    999.000    999.000
    A_03               0.000      0.000    999.000    999.000
    A_05               0.000      0.000    999.000    999.000
    IA                15.816      0.494     32.047      0.000
    SA                -0.222      0.258     -0.863      0.388
    QA                 0.027      0.033      0.822      0.411

 Residual Variances
    A_01               5.745      1.086      5.289      0.000
    A_03               5.745      1.086      5.289      0.000
    A_05               5.745      1.086      5.289      0.000
    IA                10.925      1.661      6.577      0.000
    SA                 1.157      0.550      2.101      0.036
    QA                 0.014      0.008      1.880      0.060


QUALITY OF NUMERICAL RESULTS

     Condition Number for the Information Matrix              0.421E-07
       (ratio of smallest to largest eigenvalue)


CONFIDENCE INTERVALS OF MODEL RESULTS

                  Lower .5%  Lower 2.5%    Lower 5%    Estimate    Upper 5%  Upper 2.5%   Upper .5%

 IA       ON
    AGE_C80         -0.390      -0.340      -0.314      -0.180      -0.047      -0.021       0.029
    EDU_C7           0.038       0.092       0.119       0.262       0.406       0.433       0.487
    FEMALE          -0.857      -0.548      -0.389       0.438       1.266       1.424       1.734

 SA       ON
    AGE_C80         -0.149      -0.118      -0.101      -0.017       0.067       0.083       0.114
    EDU_C7          -0.087      -0.059      -0.045       0.028       0.102       0.116       0.143
    FEMALE          -0.183      -0.020       0.063       0.498       0.933       1.017       1.180

 QA       ON
    AGE_C80         -0.013      -0.009      -0.007       0.004       0.016       0.018       0.022
    EDU_C7          -0.020      -0.016      -0.015      -0.006       0.003       0.005       0.008
    FEMALE          -0.166      -0.145      -0.134      -0.077      -0.021      -0.010       0.011

 IA       WITH
    SA              -3.518      -3.087      -2.867      -1.716      -0.566      -0.346       0.085
    QA              -0.067      -0.018       0.007       0.137       0.268       0.293       0.341

 SA       WITH
    QA              -0.289      -0.250      -0.229      -0.124      -0.018       0.002       0.041

 Intercepts
    A_01             0.000       0.000       0.000       0.000       0.000       0.000       0.000
    A_03             0.000       0.000       0.000       0.000       0.000       0.000       0.000
    A_05             0.000       0.000       0.000       0.000       0.000       0.000       0.000
    IA              14.545      14.849      15.004      15.816      16.628      16.783      17.087
    SA              -0.886      -0.727      -0.646      -0.222       0.201       0.283       0.441
    QA              -0.059      -0.038      -0.027       0.027       0.082       0.093       0.113

 Residual Variances
    A_01             2.947       3.616       3.958       5.745       7.532       7.875       8.544
    A_03             2.947       3.616       3.958       5.745       7.532       7.875       8.544
    A_05             2.947       3.616       3.958       5.745       7.532       7.875       8.544
    IA               6.647       7.670       8.193      10.925      13.658      14.181      15.204
    SA              -0.261       0.078       0.251       1.157       2.062       2.235       2.574
    QA              -0.005      -0.001       0.002       0.014       0.027       0.030       0.034


SAMPLE STATISTICS FOR ESTIMATED FACTOR SCORES


     SAMPLE STATISTICS


           Means
              IA            IA_SE         SA            SA_SE         QA
              ________      ________      ________      ________      ________
 1             15.457         1.931         0.075         0.932        -0.013


           Means
              QA_SE
              ________
 1              0.108


           Covariances
              IA            IA_SE         SA            SA_SE         QA
              ________      ________      ________      ________      ________
 IA             7.812
 IA_SE         -0.055         0.061
 SA            -0.842        -0.002         0.353
 SA_SE         -0.034         0.010         0.002         0.004
 QA             0.056         0.001        -0.037         0.000         0.004
 QA_SE         -0.004         0.001         0.000         0.000         0.000


           Covariances
              QA_SE
              ________
 QA_SE          0.000


           Correlations
              IA            IA_SE         SA            SA_SE         QA
              ________      ________      ________      ________      ________
 IA             1.000
 IA_SE         -0.079         1.000
 SA            -0.507        -0.017         1.000
 SA_SE         -0.190         0.661         0.053         1.000
 QA             0.304         0.040        -0.955         0.005         1.000
 QA_SE         -0.205         0.451         0.036         0.954         0.031


           Correlations
              QA_SE
              ________
 QA_SE          1.000


RESULTS SAVING INFORMATION

  Order of data

    Parameter estimates
     (saved in order shown in Technical 1 output)
    Standard errors
     (saved in order shown in Technical 1 output)
    H0 Loglikelihood
    H0 Scaling Correction Factor for MLR
    Number of Free Parameters
    Akaike (AIC)
    Bayesian (BIC)
    Sample-Size Adjusted BIC

  Save file
    u2_135_aef_figure_results.dat

  Save file format           Free


PLOT INFORMATION

The following plots are available:

  Histograms (sample values, estimated factor scores)
  Scatterplots (sample values, estimated factor scores)
  Latent variable distribution plots

SAVEDATA INFORMATION


  Save file
    u2_135_aef_figure_fscores.dat

  Order and format of variables

    A_01           F10.3
    A_03           F10.3
    A_05           F10.3
    AGE_C80        F10.3
    EDU_C7         F10.3
    FEMALE         F10.3
    TIME_01        F10.3
    TIME_03        F10.3
    TIME_05        F10.3
    _WEIGHT        F10.3
    IA             F10.3
    IA_SE          F10.3
    SA             F10.3
    SA_SE          F10.3
    QA             F10.3
    QA_SE          F10.3
    PAIRID         I6

  Save file format
    16F10.3 I6

  Save file record length    10000


     Beginning Time:  18:05:13
        Ending Time:  18:05:16
       Elapsed Time:  00:00:03



MUTHEN & MUTHEN
3463 Stoner Ave.
Los Angeles, CA  90066

Tel: (310) 391-9971
Fax: (310) 391-8971
Web: www.StatModel.com
Support: Support@StatModel.com

Copyright (c) 1998-2014 Muthen & Muthen
