Mplus VERSION 7.3
MUTHEN & MUTHEN
12/17/2016   6:15 PM

INPUT INSTRUCTIONS

  TITLE:
  Script produced from the prototype in ./sandbox/syntax-creator/
  DATA:
  File = wide-dataset.dat ;
  VARIABLE:
  NAMES are
   Case PairID female age_c80 edu_c7 sbp_c167 smoke cardio diabetes dementia_ever
      years_since_bl_01 years_since_bl_02 years_since_bl_03 years_since_bl_04
      years_since_bl_05 pef_01 pef_02 pef_03 pef_04 pef_05 grip_01 grip_02 grip_03
      grip_04 grip_05 gait_01 gait_02 gait_03 gait_04 gait_05 block_01 block_02
      block_03 block_04 block_05 digitspanbackward_01 digitspanbackward_02
      digitspanbackward_03 digitspanbackward_04 digitspanbackward_05
      digitspanforward_01 digitspanforward_02 digitspanforward_03 digitspanforward_04
      digitspanforward_05 symbol_01 symbol_02 symbol_03 symbol_04 symbol_05 prose_01
      prose_02 prose_03 prose_04 prose_05 info_01 info_02 info_03 info_04 info_05
      synonyms_01 synonyms_02 synonyms_03 synonyms_04 synonyms_05 psif_01 psif_02
      psif_03 psif_04 psif_05 figure_01 figure_02 figure_03 figure_04 figure_05
      mirrecall_01 mirrecall_02 mirrecall_03 mirrecall_04 mirrecall_05 mmse_01 mmse_02
      mmse_03 mmse_04 mmse_05 mirnaming_01 mirnaming_02 mirnaming_03 mirnaming_04
      mirnaming_05 mirrecog_01 mirrecog_02 mirrecog_03 mirrecog_04 mirrecog_05
      clock_01 clock_02 clock_03 clock_04 clock_05
  	;
  Missing are all (-9999);
  USEVARIABLES are
  	!define the variables used in the analysis
  	! covariates used in the model
  age_c80	
  	!estimated time points
  time_01
  time_02
  time_05
  	!modelled time points of process (A)
  a_01
  a_02
  a_05
  ;
  TSCORES are
  	!estimated time points
  time_01
  time_02
  time_05;
  CLUSTER = PairID;
  SUBPOPULATION are
  	!select a subset of observations
  dementia_ever NE 1
  ;
  DEFINE:
  	! assign variables to the process (A)
  a_01 = figure_01;
  a_02 = figure_02;
  a_05 = figure_05;
  	!assign variables to time points
  time_01 = years_since_bl_01;
  time_02 = years_since_bl_02;
  time_05 = years_since_bl_05;
  	
  ANALYSIS: TYPE = RANDOM COMPLEX;
  COVERAGE=.00;
  MODEL:
  	!first-level equation
  	! assign process (A) to time points
  ia sa qa | a_01 AT time_01 ;
  ia sa qa | a_02 AT time_02 ;
  ia sa qa | a_05 AT time_05 ;
  	!variance of the first-level terms
  ia (v_ia);
  sa (v_sa);
  qa (v_qa);
  	!covariance among first-level terms
  ia WITH sa (c_iasa);
  ia WITH qa (c_iaqa);
  sa WITH qa (c_saqa);
  	!second-level equation
  ia sa qa ON age_c80;
  	!residual covariance of process (A)
  a_01 (res_a);
  a_02 (res_a);
  a_05 (res_a);	
  SAVEDATA:
  FILE is   u2_125_a_figure_fscores.dat;
  SAVE = FSCORES;
  RESULTS are   u2_125_a_figure_results.dat;
  	
  OUTPUT: sampstat cinterval;
  PLOT: Type is Plot1 Plot2 Plot3;



*** WARNING
  Data set contains cases with missing on all variables except
  x-variables.  These cases were not included in the analysis.
  Number of cases with missing on all variables except x-variables:  202
   1 WARNING(S) FOUND IN THE INPUT INSTRUCTIONS




Script produced from the prototype in ./sandbox/syntax-creator/

SUMMARY OF ANALYSIS

Number of groups                                                 1
Number of observations                                         379

Number of dependent variables                                    3
Number of independent variables                                  1
Number of continuous latent variables                            3

Observed dependent variables

  Continuous
   A_01        A_02        A_05

Observed independent variables
   AGE_C80

Continuous latent variables
   IA          SA          QA

Variables with special functions

  Cluster variable      PAIRID
  Weight variable       _WEIGHT

  Time scores
   TIME_01     TIME_02     TIME_05


Estimator                                                      MLR
Information matrix                                        OBSERVED
Maximum number of iterations                                   100
Convergence criterion                                    0.100D-05
Maximum number of EM iterations                                500
Convergence criteria for the EM algorithm
  Loglikelihood change                                   0.100D-02
  Relative loglikelihood change                          0.100D-05
  Derivative                                             0.100D-03
Minimum variance                                         0.100D-03
Maximum number of steepest descent iterations                   20
Maximum number of iterations for H1                           2000
Convergence criterion for H1                             0.100D-03
Optimization algorithm                                         EMA

Input data file(s)
  wide-dataset.dat
Input data format  FREE



SAMPLE STATISTICS


     ESTIMATED SAMPLE STATISTICS


           Means
              A_01          A_02          A_05          AGE_C80
              ________      ________      ________      ________
 1             15.587        15.598        15.178         3.081


           Covariances
              A_01          A_02          A_05          AGE_C80
              ________      ________      ________      ________
 A_01          17.478
 A_02           8.364        15.061
 A_05           6.695         5.834        13.939
 AGE_C80       -1.246        -1.639        -0.507         6.913


           Correlations
              A_01          A_02          A_05          AGE_C80
              ________      ________      ________      ________
 A_01           1.000
 A_02           0.516         1.000
 A_05           0.429         0.403         1.000
 AGE_C80       -0.113        -0.161        -0.052         1.000


     MAXIMUM LOG-LIKELIHOOD VALUE FOR THE UNRESTRICTED (H1) MODEL IS -3861.850


UNIVARIATE HIGHER-ORDER MOMENT DESCRIPTIVE STATISTICS


     UNIVARIATE HIGHER-ORDER MOMENT DESCRIPTIVE STATISTICS

         Variable/         Mean/     Skewness/   Minimum/ % with                Percentiles
        Sample Size      Variance    Kurtosis    Maximum  Min/Max      20%/60%    40%/80%    Median

     A_01                 15.673      -0.518       2.000    0.23%      12.000     15.000     16.000
             444.000      17.185      -0.239      24.000    0.23%      17.000     19.000
     A_02                 15.804      -0.522       1.000    0.28%      12.000     15.000     16.000
             363.000      14.616       0.351      24.000    1.38%      17.000     19.000
     A_05                 15.628      -0.356       6.000    0.72%      12.000     15.000     15.000
             139.000      13.572      -0.218      24.000    0.72%      16.000     18.000
     AGE_C80               3.081       1.019      -0.581    0.20%       0.877      1.700      2.274
             500.000       6.913       0.331      13.313    0.20%       3.018      5.348


THE MODEL ESTIMATION TERMINATED NORMALLY



MODEL FIT INFORMATION

Number of Free Parameters                       13

Loglikelihood

          H0 Value                       -2023.801
          H0 Scaling Correction Factor      0.9130
            for MLR

Information Criteria

          Akaike (AIC)                    4073.602
          Bayesian (BIC)                  4124.790
          Sample-Size Adjusted BIC        4083.544
            (n* = (n + 2) / 24)



MODEL RESULTS

                                                    Two-Tailed
                    Estimate       S.E.  Est./S.E.    P-Value

 IA         ON
    AGE_C80           -0.178      0.083     -2.145      0.032

 SA         ON
    AGE_C80           -0.043      0.063     -0.694      0.488

 QA         ON
    AGE_C80            0.007      0.008      0.895      0.371

 IA       WITH
    SA                -2.026      0.980     -2.067      0.039
    QA                 0.174      0.112      1.554      0.120

 SA       WITH
    QA                -0.192      0.124     -1.550      0.121

 Intercepts
    A_01               0.000      0.000    999.000    999.000
    A_02               0.000      0.000    999.000    999.000
    A_05               0.000      0.000    999.000    999.000
    IA                16.135      0.351     45.969      0.000
    SA                 0.159      0.219      0.726      0.468
    QA                -0.031      0.026     -1.187      0.235

 Residual Variances
    A_01               5.713      1.176      4.860      0.000
    A_02               5.713      1.176      4.860      0.000
    A_05               5.713      1.176      4.860      0.000
    IA                11.490      1.697      6.773      0.000
    SA                 1.740      1.070      1.626      0.104
    QA                 0.022      0.014      1.548      0.122


QUALITY OF NUMERICAL RESULTS

     Condition Number for the Information Matrix              0.159E-07
       (ratio of smallest to largest eigenvalue)


CONFIDENCE INTERVALS OF MODEL RESULTS

                  Lower .5%  Lower 2.5%    Lower 5%    Estimate    Upper 5%  Upper 2.5%   Upper .5%

 IA       ON
    AGE_C80         -0.391      -0.340      -0.314      -0.178      -0.041      -0.015       0.036

 SA       ON
    AGE_C80         -0.204      -0.166      -0.146      -0.043       0.059       0.079       0.118

 QA       ON
    AGE_C80         -0.013      -0.008      -0.006       0.007       0.020       0.022       0.027

 IA       WITH
    SA              -4.551      -3.948      -3.639      -2.026      -0.414      -0.105       0.498
    QA              -0.115      -0.045      -0.010       0.174       0.359       0.394       0.463

 SA       WITH
    QA              -0.511      -0.434      -0.395      -0.192       0.012       0.051       0.127

 Intercepts
    A_01             0.000       0.000       0.000       0.000       0.000       0.000       0.000
    A_02             0.000       0.000       0.000       0.000       0.000       0.000       0.000
    A_05             0.000       0.000       0.000       0.000       0.000       0.000       0.000
    IA              15.231      15.447      15.558      16.135      16.713      16.823      17.039
    SA              -0.404      -0.270      -0.201       0.159       0.518       0.587       0.721
    QA              -0.098      -0.082      -0.074      -0.031       0.012       0.020       0.036

 Residual Variances
    A_01             2.686       3.409       3.780       5.713       7.647       8.017       8.741
    A_02             2.686       3.409       3.780       5.713       7.647       8.017       8.741
    A_05             2.686       3.409       3.780       5.713       7.647       8.017       8.741
    IA               7.120       8.165       8.699      11.490      14.281      14.816      15.860
    SA              -1.016      -0.357      -0.020       1.740       3.500       3.837       4.496
    QA              -0.015      -0.006      -0.001       0.022       0.046       0.051       0.060


SAMPLE STATISTICS FOR ESTIMATED FACTOR SCORES


     SAMPLE STATISTICS


           Means
              IA            IA_SE         SA            SA_SE         QA
              ________      ________      ________      ________      ________
 1             15.295         1.908         0.029         1.165        -0.009


           Means
              QA_SE
              ________
 1              0.135


           Covariances
              IA            IA_SE         SA            SA_SE         QA
              ________      ________      ________      ________      ________
 IA             8.330
 IA_SE         -0.166         0.078
 SA            -0.814        -0.009         0.419
 SA_SE         -0.045         0.016         0.000         0.005
 QA             0.053         0.002        -0.044         0.000         0.005
 QA_SE         -0.005         0.001         0.000         0.000         0.000


           Covariances
              QA_SE
              ________
 QA_SE          0.000


           Correlations
              IA            IA_SE         SA            SA_SE         QA
              ________      ________      ________      ________      ________
 IA             1.000
 IA_SE         -0.206         1.000
 SA            -0.435        -0.048         1.000
 SA_SE         -0.229         0.864        -0.009         1.000
 QA             0.261         0.090        -0.972         0.058         1.000
 QA_SE         -0.239         0.700        -0.001         0.954         0.056


           Correlations
              QA_SE
              ________
 QA_SE          1.000


RESULTS SAVING INFORMATION

  Order of data

    Parameter estimates
     (saved in order shown in Technical 1 output)
    Standard errors
     (saved in order shown in Technical 1 output)
    H0 Loglikelihood
    H0 Scaling Correction Factor for MLR
    Number of Free Parameters
    Akaike (AIC)
    Bayesian (BIC)
    Sample-Size Adjusted BIC

  Save file
    u2_125_a_figure_results.dat

  Save file format           Free


PLOT INFORMATION

The following plots are available:

  Histograms (sample values, estimated factor scores)
  Scatterplots (sample values, estimated factor scores)
  Latent variable distribution plots

SAVEDATA INFORMATION


  Save file
    u2_125_a_figure_fscores.dat

  Order and format of variables

    A_01           F10.3
    A_02           F10.3
    A_05           F10.3
    AGE_C80        F10.3
    TIME_01        F10.3
    TIME_02        F10.3
    TIME_05        F10.3
    _WEIGHT        F10.3
    IA             F10.3
    IA_SE          F10.3
    SA             F10.3
    SA_SE          F10.3
    QA             F10.3
    QA_SE          F10.3
    PAIRID         I6

  Save file format
    14F10.3 I6

  Save file record length    10000


     Beginning Time:  18:15:21
        Ending Time:  18:15:33
       Elapsed Time:  00:00:12



MUTHEN & MUTHEN
3463 Stoner Ave.
Los Angeles, CA  90066

Tel: (310) 391-9971
Fax: (310) 391-8971
Web: www.StatModel.com
Support: Support@StatModel.com

Copyright (c) 1998-2014 Muthen & Muthen
