Mplus VERSION 7.3
MUTHEN & MUTHEN
12/17/2016  12:10 PM

INPUT INSTRUCTIONS

  TITLE:
  Script produced from the prototype in ./sandbox/syntax-creator/
  DATA:
  File = wide-dataset.dat ;
  VARIABLE:
  NAMES are
   Case PairID female age_c80 edu_c7 sbp_c167 smoke cardio diabetes dementia_ever
      years_since_bl_01 years_since_bl_02 years_since_bl_03 years_since_bl_04
      years_since_bl_05 pef_01 pef_02 pef_03 pef_04 pef_05 grip_01 grip_02 grip_03
      grip_04 grip_05 gait_01 gait_02 gait_03 gait_04 gait_05 block_01 block_02
      block_03 block_04 block_05 digitspanbackward_01 digitspanbackward_02
      digitspanbackward_03 digitspanbackward_04 digitspanbackward_05
      digitspanforward_01 digitspanforward_02 digitspanforward_03 digitspanforward_04
      digitspanforward_05 symbol_01 symbol_02 symbol_03 symbol_04 symbol_05 prose_01
      prose_02 prose_03 prose_04 prose_05 info_01 info_02 info_03 info_04 info_05
      synonyms_01 synonyms_02 synonyms_03 synonyms_04 synonyms_05 psif_01 psif_02
      psif_03 psif_04 psif_05 figure_01 figure_02 figure_03 figure_04 figure_05
      mirrecall_01 mirrecall_02 mirrecall_03 mirrecall_04 mirrecall_05 mmse_01 mmse_02
      mmse_03 mmse_04 mmse_05 mirnaming_01 mirnaming_02 mirnaming_03 mirnaming_04
      mirnaming_05 mirrecog_01 mirrecog_02 mirrecog_03 mirrecog_04 mirrecog_05
      clock_01 clock_02 clock_03 clock_04 clock_05
  	;
  Missing are all (-9999);
  USEVARIABLES are
  	!define the variables used in the analysis
  	! covariates used in the model
  age_c80
  edu_c7	
  	!estimated time points
  time_01
  time_03
  time_04
  time_05
  	!modelled time points of process (A)
  a_01
  a_03
  a_04
  a_05
  ;
  TSCORES are
  	!estimated time points
  time_01
  time_03
  time_04
  time_05;
  CLUSTER = PairID;
  SUBPOPULATION are
  	!select a subset of observations
  dementia_ever NE 1
  ;
  DEFINE:
  	! assign variables to the process (A)
  a_01 = figure_01;
  a_03 = figure_03;
  a_04 = figure_04;
  a_05 = figure_05;
  	!assign variables to time points
  time_01 = years_since_bl_01;
  time_03 = years_since_bl_03;
  time_04 = years_since_bl_04;
  time_05 = years_since_bl_05;
  	
  ANALYSIS: TYPE = RANDOM COMPLEX;
  COVERAGE=.00;
  MODEL:
  	!first-level equation
  	! assign process (A) to time points
  ia sa qa | a_01 AT time_01 ;
  ia sa qa | a_03 AT time_03 ;
  ia sa qa | a_04 AT time_04 ;
  ia sa qa | a_05 AT time_05 ;
  	!variance of the first-level terms
  ia (v_ia);
  sa (v_sa);
  qa (v_qa);
  	!covariance among first-level terms
  ia WITH sa (c_iasa);
  ia WITH qa (c_iaqa);
  sa WITH qa (c_saqa);
  	!second-level equation
  ia sa qa ON age_c80
  edu_c7;
  	!residual covariance of process (A)
  a_01 (res_a);
  a_03 (res_a);
  a_04 (res_a);
  a_05 (res_a);	
  SAVEDATA:
  FILE is   u2_1345_ae_figure_fscores.dat;
  SAVE = FSCORES;
  RESULTS are   u2_1345_ae_figure_results.dat;
  	
  OUTPUT: sampstat cinterval;
  PLOT: Type is Plot1 Plot2 Plot3;



*** WARNING
  Data set contains cases with missing on x-variables.
  These cases were not included in the analysis.
  Number of cases with missing on x-variables:  46
*** WARNING
  Data set contains cases with missing on all variables except
  x-variables.  These cases were not included in the analysis.
  Number of cases with missing on all variables except x-variables:  174
   2 WARNING(S) FOUND IN THE INPUT INSTRUCTIONS




Script produced from the prototype in ./sandbox/syntax-creator/

SUMMARY OF ANALYSIS

Number of groups                                                 1
Number of observations                                         373

Number of dependent variables                                    4
Number of independent variables                                  2
Number of continuous latent variables                            3

Observed dependent variables

  Continuous
   A_01        A_03        A_04        A_05

Observed independent variables
   AGE_C80     EDU_C7

Continuous latent variables
   IA          SA          QA

Variables with special functions

  Cluster variable      PAIRID
  Weight variable       _WEIGHT

  Time scores
   TIME_01     TIME_03     TIME_04     TIME_05


Estimator                                                      MLR
Information matrix                                        OBSERVED
Maximum number of iterations                                   100
Convergence criterion                                    0.100D-05
Maximum number of EM iterations                                500
Convergence criteria for the EM algorithm
  Loglikelihood change                                   0.100D-02
  Relative loglikelihood change                          0.100D-05
  Derivative                                             0.100D-03
Minimum variance                                         0.100D-03
Maximum number of steepest descent iterations                   20
Maximum number of iterations for H1                           2000
Convergence criterion for H1                             0.100D-03
Optimization algorithm                                         EMA

Input data file(s)
  wide-dataset.dat
Input data format  FREE



SAMPLE STATISTICS


     ESTIMATED SAMPLE STATISTICS


           Means
              A_01          A_03          A_04          A_05          AGE_C80
              ________      ________      ________      ________      ________
 1             15.632        15.633        15.452        15.192         3.024


           Means
              EDU_C7
              ________
 1              0.349


           Covariances
              A_01          A_03          A_04          A_05          AGE_C80
              ________      ________      ________      ________      ________
 A_01          17.277
 A_03           6.956        14.755
 A_04           6.246         8.756        16.660
 A_05           6.598         5.988         6.376        13.865
 AGE_C80       -1.255        -1.208        -2.090        -0.385         6.572
 EDU_C7         1.525         1.477         0.242         0.627        -0.435


           Covariances
              EDU_C7
              ________
 EDU_C7         5.680


           Correlations
              A_01          A_03          A_04          A_05          AGE_C80
              ________      ________      ________      ________      ________
 A_01           1.000
 A_03           0.436         1.000
 A_04           0.368         0.558         1.000
 A_05           0.426         0.419         0.419         1.000
 AGE_C80       -0.118        -0.123        -0.200        -0.040         1.000
 EDU_C7         0.154         0.161         0.025         0.071        -0.071


           Correlations
              EDU_C7
              ________
 EDU_C7         1.000


     MAXIMUM LOG-LIKELIHOOD VALUE FOR THE UNRESTRICTED (H1) MODEL IS -5226.018


UNIVARIATE HIGHER-ORDER MOMENT DESCRIPTIVE STATISTICS


     UNIVARIATE HIGHER-ORDER MOMENT DESCRIPTIVE STATISTICS

         Variable/         Mean/     Skewness/   Minimum/ % with                Percentiles
        Sample Size      Variance    Kurtosis    Maximum  Min/Max      20%/60%    40%/80%    Median

     A_01                 15.673      -0.518       2.000    0.23%      12.000     15.000     16.000
             443.000      17.185      -0.239      24.000    0.23%      17.000     19.000
     A_03                 15.942      -0.482       3.000    0.37%      13.000     15.000     16.000
             273.000      14.501       0.281      24.000    1.10%      17.000     19.000
     A_04                 15.957      -0.617       2.000    0.50%      12.000     15.000     16.000
             200.000      15.833       0.414      24.000    1.50%      17.000     19.000
     A_05                 15.628      -0.356       6.000    0.72%      12.000     15.000     15.000
             139.000      13.572      -0.218      24.000    0.72%      16.000     18.000
     AGE_C80               3.024       0.998      -0.581    0.21%       0.875      1.637      2.249
             482.000       6.572       0.291      13.313    0.21%       2.827      5.221
     EDU_C7                0.349       1.846      -7.000    0.21%      -1.000     -1.000      0.000
             482.000       5.680       4.963      13.000    0.21%       0.000      1.000


THE MODEL ESTIMATION TERMINATED NORMALLY



MODEL FIT INFORMATION

Number of Free Parameters                       16

Loglikelihood

          H0 Value                       -2315.383
          H0 Scaling Correction Factor      1.0433
            for MLR

Information Criteria

          Akaike (AIC)                    4662.766
          Bayesian (BIC)                  4725.511
          Sample-Size Adjusted BIC        4674.748
            (n* = (n + 2) / 24)



MODEL RESULTS

                                                    Two-Tailed
                    Estimate       S.E.  Est./S.E.    P-Value

 IA         ON
    AGE_C80           -0.169      0.081     -2.087      0.037
    EDU_C7             0.260      0.085      3.079      0.002

 SA         ON
    AGE_C80           -0.032      0.050     -0.635      0.525
    EDU_C7            -0.004      0.044     -0.088      0.929

 QA         ON
    AGE_C80            0.005      0.007      0.707      0.480
    EDU_C7            -0.003      0.006     -0.499      0.618

 IA       WITH
    SA                -1.200      0.712     -1.685      0.092
    QA                 0.100      0.078      1.276      0.202

 SA       WITH
    QA                -0.085      0.062     -1.361      0.174

 Intercepts
    A_01               0.000      0.000    999.000    999.000
    A_03               0.000      0.000    999.000    999.000
    A_04               0.000      0.000    999.000    999.000
    A_05               0.000      0.000    999.000    999.000
    IA                16.043      0.346     46.324      0.000
    SA                 0.183      0.180      1.015      0.310
    QA                -0.031      0.023     -1.346      0.178

 Residual Variances
    A_01               7.275      1.001      7.271      0.000
    A_03               7.275      1.001      7.271      0.000
    A_04               7.275      1.001      7.271      0.000
    A_05               7.275      1.001      7.271      0.000
    IA                 9.404      1.593      5.904      0.000
    SA                 0.841      0.535      1.571      0.116
    QA                 0.009      0.008      1.152      0.249


QUALITY OF NUMERICAL RESULTS

     Condition Number for the Information Matrix              0.160E-05
       (ratio of smallest to largest eigenvalue)


CONFIDENCE INTERVALS OF MODEL RESULTS

                  Lower .5%  Lower 2.5%    Lower 5%    Estimate    Upper 5%  Upper 2.5%   Upper .5%

 IA       ON
    AGE_C80         -0.378      -0.328      -0.302      -0.169      -0.036      -0.010       0.040
    EDU_C7           0.043       0.095       0.121       0.260       0.400       0.426       0.478

 SA       ON
    AGE_C80         -0.160      -0.129      -0.113      -0.032       0.050       0.066       0.097
    EDU_C7          -0.119      -0.091      -0.077      -0.004       0.069       0.083       0.111

 QA       ON
    AGE_C80         -0.012      -0.008      -0.006       0.005       0.016       0.018       0.022
    EDU_C7          -0.017      -0.014      -0.012      -0.003       0.006       0.008       0.012

 IA       WITH
    SA              -3.033      -2.595      -2.370      -1.200      -0.029       0.196       0.634
    QA              -0.102      -0.054      -0.029       0.100       0.229       0.254       0.302

 SA       WITH
    QA              -0.246      -0.207      -0.188      -0.085       0.018       0.037       0.076

 Intercepts
    A_01             0.000       0.000       0.000       0.000       0.000       0.000       0.000
    A_03             0.000       0.000       0.000       0.000       0.000       0.000       0.000
    A_04             0.000       0.000       0.000       0.000       0.000       0.000       0.000
    A_05             0.000       0.000       0.000       0.000       0.000       0.000       0.000
    IA              15.151      15.364      15.473      16.043      16.613      16.722      16.935
    SA              -0.281      -0.170      -0.113       0.183       0.479       0.535       0.646
    QA              -0.091      -0.076      -0.069      -0.031       0.007       0.014       0.028

 Residual Variances
    A_01             4.698       5.314       5.629       7.275       8.921       9.237       9.853
    A_03             4.698       5.314       5.629       7.275       8.921       9.237       9.853
    A_04             4.698       5.314       5.629       7.275       8.921       9.237       9.853
    A_05             4.698       5.314       5.629       7.275       8.921       9.237       9.853
    IA               5.301       6.282       6.784       9.404      12.025      12.527      13.507
    SA              -0.537      -0.208      -0.039       0.841       1.721       1.889       2.219
    QA              -0.011      -0.006      -0.004       0.009       0.022       0.024       0.029


SAMPLE STATISTICS FOR ESTIMATED FACTOR SCORES


     SAMPLE STATISTICS


           Means
              IA            IA_SE         SA            SA_SE         QA
              ________      ________      ________      ________      ________
 1             15.401         1.953         0.088         0.822        -0.018


           Means
              QA_SE
              ________
 1              0.086


           Covariances
              IA            IA_SE         SA            SA_SE         QA
              ________      ________      ________      ________      ________
 IA             6.266
 IA_SE         -0.097         0.040
 SA            -0.397        -0.004         0.177
 SA_SE         -0.026         0.008         0.000         0.002
 QA             0.023         0.001        -0.017         0.000         0.002
 QA_SE         -0.003         0.001         0.000         0.000         0.000


           Covariances
              QA_SE
              ________
 QA_SE          0.000


           Correlations
              IA            IA_SE         SA            SA_SE         QA
              ________      ________      ________      ________      ________
 IA             1.000
 IA_SE         -0.195         1.000
 SA            -0.377        -0.048         1.000
 SA_SE         -0.213         0.810         0.023         1.000
 QA             0.215         0.089        -0.972         0.025         1.000
 QA_SE         -0.215         0.728         0.032         0.990         0.018


           Correlations
              QA_SE
              ________
 QA_SE          1.000


RESULTS SAVING INFORMATION

  Order of data

    Parameter estimates
     (saved in order shown in Technical 1 output)
    Standard errors
     (saved in order shown in Technical 1 output)
    H0 Loglikelihood
    H0 Scaling Correction Factor for MLR
    Number of Free Parameters
    Akaike (AIC)
    Bayesian (BIC)
    Sample-Size Adjusted BIC

  Save file
    u2_1345_ae_figure_results.dat

  Save file format           Free


PLOT INFORMATION

The following plots are available:

  Histograms (sample values, estimated factor scores)
  Scatterplots (sample values, estimated factor scores)
  Latent variable distribution plots

SAVEDATA INFORMATION


  Save file
    u2_1345_ae_figure_fscores.dat

  Order and format of variables

    A_01           F10.3
    A_03           F10.3
    A_04           F10.3
    A_05           F10.3
    AGE_C80        F10.3
    EDU_C7         F10.3
    TIME_01        F10.3
    TIME_03        F10.3
    TIME_04        F10.3
    TIME_05        F10.3
    _WEIGHT        F10.3
    IA             F10.3
    IA_SE          F10.3
    SA             F10.3
    SA_SE          F10.3
    QA             F10.3
    QA_SE          F10.3
    PAIRID         I6

  Save file format
    17F10.3 I6

  Save file record length    10000


     Beginning Time:  12:10:38
        Ending Time:  12:10:39
       Elapsed Time:  00:00:01



MUTHEN & MUTHEN
3463 Stoner Ave.
Los Angeles, CA  90066

Tel: (310) 391-9971
Fax: (310) 391-8971
Web: www.StatModel.com
Support: Support@StatModel.com

Copyright (c) 1998-2014 Muthen & Muthen
