Mplus VERSION 7.3
MUTHEN & MUTHEN
12/17/2016  12:10 PM

INPUT INSTRUCTIONS

  TITLE:
  Script produced from the prototype in ./sandbox/syntax-creator/
  DATA:
  File = wide-dataset.dat ;
  VARIABLE:
  NAMES are
   Case PairID female age_c80 edu_c7 sbp_c167 smoke cardio diabetes dementia_ever
      years_since_bl_01 years_since_bl_02 years_since_bl_03 years_since_bl_04
      years_since_bl_05 pef_01 pef_02 pef_03 pef_04 pef_05 grip_01 grip_02 grip_03
      grip_04 grip_05 gait_01 gait_02 gait_03 gait_04 gait_05 block_01 block_02
      block_03 block_04 block_05 digitspanbackward_01 digitspanbackward_02
      digitspanbackward_03 digitspanbackward_04 digitspanbackward_05
      digitspanforward_01 digitspanforward_02 digitspanforward_03 digitspanforward_04
      digitspanforward_05 symbol_01 symbol_02 symbol_03 symbol_04 symbol_05 prose_01
      prose_02 prose_03 prose_04 prose_05 info_01 info_02 info_03 info_04 info_05
      synonyms_01 synonyms_02 synonyms_03 synonyms_04 synonyms_05 psif_01 psif_02
      psif_03 psif_04 psif_05 figure_01 figure_02 figure_03 figure_04 figure_05
      mirrecall_01 mirrecall_02 mirrecall_03 mirrecall_04 mirrecall_05 mmse_01 mmse_02
      mmse_03 mmse_04 mmse_05 mirnaming_01 mirnaming_02 mirnaming_03 mirnaming_04
      mirnaming_05 mirrecog_01 mirrecog_02 mirrecog_03 mirrecog_04 mirrecog_05
      clock_01 clock_02 clock_03 clock_04 clock_05
  	;
  Missing are all (-9999);
  USEVARIABLES are
  	!define the variables used in the analysis
  	! covariates used in the model
  age_c80
  edu_c7
  female	
  	!estimated time points
  time_01
  time_03
  time_04
  time_05
  	!modelled time points of process (A)
  a_01
  a_03
  a_04
  a_05
  ;
  TSCORES are
  	!estimated time points
  time_01
  time_03
  time_04
  time_05;
  CLUSTER = PairID;
  SUBPOPULATION are
  	!select a subset of observations
  dementia_ever NE 1
  ;
  DEFINE:
  	! assign variables to the process (A)
  a_01 = figure_01;
  a_03 = figure_03;
  a_04 = figure_04;
  a_05 = figure_05;
  	!assign variables to time points
  time_01 = years_since_bl_01;
  time_03 = years_since_bl_03;
  time_04 = years_since_bl_04;
  time_05 = years_since_bl_05;
  	
  ANALYSIS: TYPE = RANDOM COMPLEX;
  COVERAGE=.00;
  MODEL:
  	!first-level equation
  	! assign process (A) to time points
  ia sa qa | a_01 AT time_01 ;
  ia sa qa | a_03 AT time_03 ;
  ia sa qa | a_04 AT time_04 ;
  ia sa qa | a_05 AT time_05 ;
  	!variance of the first-level terms
  ia (v_ia);
  sa (v_sa);
  qa (v_qa);
  	!covariance among first-level terms
  ia WITH sa (c_iasa);
  ia WITH qa (c_iaqa);
  sa WITH qa (c_saqa);
  	!second-level equation
  ia sa qa ON age_c80
  edu_c7
  female;
  	!residual covariance of process (A)
  a_01 (res_a);
  a_03 (res_a);
  a_04 (res_a);
  a_05 (res_a);	
  SAVEDATA:
  FILE is   u2_1345_aef_figure_fscores.dat;
  SAVE = FSCORES;
  RESULTS are   u2_1345_aef_figure_results.dat;
  	
  OUTPUT: sampstat cinterval;
  PLOT: Type is Plot1 Plot2 Plot3;



*** WARNING
  Data set contains cases with missing on x-variables.
  These cases were not included in the analysis.
  Number of cases with missing on x-variables:  46
*** WARNING
  Data set contains cases with missing on all variables except
  x-variables.  These cases were not included in the analysis.
  Number of cases with missing on all variables except x-variables:  174
   2 WARNING(S) FOUND IN THE INPUT INSTRUCTIONS




Script produced from the prototype in ./sandbox/syntax-creator/

SUMMARY OF ANALYSIS

Number of groups                                                 1
Number of observations                                         373

Number of dependent variables                                    4
Number of independent variables                                  3
Number of continuous latent variables                            3

Observed dependent variables

  Continuous
   A_01        A_03        A_04        A_05

Observed independent variables
   AGE_C80     EDU_C7      FEMALE

Continuous latent variables
   IA          SA          QA

Variables with special functions

  Cluster variable      PAIRID
  Weight variable       _WEIGHT

  Time scores
   TIME_01     TIME_03     TIME_04     TIME_05


Estimator                                                      MLR
Information matrix                                        OBSERVED
Maximum number of iterations                                   100
Convergence criterion                                    0.100D-05
Maximum number of EM iterations                                500
Convergence criteria for the EM algorithm
  Loglikelihood change                                   0.100D-02
  Relative loglikelihood change                          0.100D-05
  Derivative                                             0.100D-03
Minimum variance                                         0.100D-03
Maximum number of steepest descent iterations                   20
Maximum number of iterations for H1                           2000
Convergence criterion for H1                             0.100D-03
Optimization algorithm                                         EMA

Input data file(s)
  wide-dataset.dat
Input data format  FREE



SAMPLE STATISTICS


     ESTIMATED SAMPLE STATISTICS


           Means
              A_01          A_03          A_04          A_05          AGE_C80
              ________      ________      ________      ________      ________
 1             15.633        15.618        15.426        15.293         3.024


           Means
              EDU_C7        FEMALE
              ________      ________
 1              0.349         0.643


           Covariances
              A_01          A_03          A_04          A_05          AGE_C80
              ________      ________      ________      ________      ________
 A_01          17.274
 A_03           7.063        14.884
 A_04           6.328         8.887        16.753
 A_05           6.502         5.793         6.198        13.689
 AGE_C80       -1.258        -1.222        -2.112        -0.396         6.572
 EDU_C7         1.524         1.556         0.289         0.637        -0.435
 FEMALE         0.059         0.241         0.179        -0.119         0.076


           Covariances
              EDU_C7        FEMALE
              ________      ________
 EDU_C7         5.680
 FEMALE        -0.093         0.229


           Correlations
              A_01          A_03          A_04          A_05          AGE_C80
              ________      ________      ________      ________      ________
 A_01           1.000
 A_03           0.440         1.000
 A_04           0.372         0.563         1.000
 A_05           0.423         0.406         0.409         1.000
 AGE_C80       -0.118        -0.124        -0.201        -0.042         1.000
 EDU_C7         0.154         0.169         0.030         0.072        -0.071
 FEMALE         0.030         0.131         0.091        -0.067         0.062


           Correlations
              EDU_C7        FEMALE
              ________      ________
 EDU_C7         1.000
 FEMALE        -0.081         1.000


     MAXIMUM LOG-LIKELIHOOD VALUE FOR THE UNRESTRICTED (H1) MODEL IS -5547.614


UNIVARIATE HIGHER-ORDER MOMENT DESCRIPTIVE STATISTICS


     UNIVARIATE HIGHER-ORDER MOMENT DESCRIPTIVE STATISTICS

         Variable/         Mean/     Skewness/   Minimum/ % with                Percentiles
        Sample Size      Variance    Kurtosis    Maximum  Min/Max      20%/60%    40%/80%    Median

     A_01                 15.673      -0.518       2.000    0.23%      12.000     15.000     16.000
             443.000      17.185      -0.239      24.000    0.23%      17.000     19.000
     A_03                 15.942      -0.482       3.000    0.37%      13.000     15.000     16.000
             273.000      14.501       0.281      24.000    1.10%      17.000     19.000
     A_04                 15.957      -0.617       2.000    0.50%      12.000     15.000     16.000
             200.000      15.833       0.414      24.000    1.50%      17.000     19.000
     A_05                 15.628      -0.356       6.000    0.72%      12.000     15.000     15.000
             139.000      13.572      -0.218      24.000    0.72%      16.000     18.000
     AGE_C80               3.024       0.998      -0.581    0.21%       0.875      1.637      2.249
             482.000       6.572       0.291      13.313    0.21%       2.827      5.221
     EDU_C7                0.349       1.846      -7.000    0.21%      -1.000     -1.000      0.000
             482.000       5.680       4.963      13.000    0.21%       0.000      1.000
     FEMALE                0.643      -0.599       0.000   36.31%       0.000      1.000      1.000
             482.000       0.229      -1.641       1.000   63.69%       1.000      1.000


THE MODEL ESTIMATION TERMINATED NORMALLY



MODEL FIT INFORMATION

Number of Free Parameters                       19

Loglikelihood

          H0 Value                       -2311.285
          H0 Scaling Correction Factor      1.0329
            for MLR

Information Criteria

          Akaike (AIC)                    4660.571
          Bayesian (BIC)                  4735.081
          Sample-Size Adjusted BIC        4674.799
            (n* = (n + 2) / 24)



MODEL RESULTS

                                                    Two-Tailed
                    Estimate       S.E.  Est./S.E.    P-Value

 IA         ON
    AGE_C80           -0.175      0.081     -2.152      0.031
    EDU_C7             0.268      0.086      3.105      0.002
    FEMALE             0.434      0.502      0.865      0.387

 SA         ON
    AGE_C80           -0.036      0.050     -0.721      0.471
    EDU_C7             0.010      0.043      0.222      0.824
    FEMALE             0.524      0.258      2.032      0.042

 QA         ON
    AGE_C80            0.005      0.007      0.790      0.429
    EDU_C7            -0.005      0.005     -0.867      0.386
    FEMALE            -0.079      0.034     -2.334      0.020

 IA       WITH
    SA                -1.219      0.704     -1.731      0.083
    QA                 0.102      0.077      1.322      0.186

 SA       WITH
    QA                -0.081      0.062     -1.316      0.188

 Intercepts
    A_01               0.000      0.000    999.000    999.000
    A_03               0.000      0.000    999.000    999.000
    A_04               0.000      0.000    999.000    999.000
    A_05               0.000      0.000    999.000    999.000
    IA                15.781      0.492     32.067      0.000
    SA                -0.171      0.253     -0.677      0.498
    QA                 0.023      0.033      0.699      0.484

 Residual Variances
    A_01               7.236      0.994      7.277      0.000
    A_03               7.236      0.994      7.277      0.000
    A_04               7.236      0.994      7.277      0.000
    A_05               7.236      0.994      7.277      0.000
    IA                 9.397      1.566      5.999      0.000
    SA                 0.811      0.526      1.540      0.123
    QA                 0.008      0.008      1.095      0.274


QUALITY OF NUMERICAL RESULTS

     Condition Number for the Information Matrix              0.154E-05
       (ratio of smallest to largest eigenvalue)


CONFIDENCE INTERVALS OF MODEL RESULTS

                  Lower .5%  Lower 2.5%    Lower 5%    Estimate    Upper 5%  Upper 2.5%   Upper .5%

 IA       ON
    AGE_C80         -0.384      -0.334      -0.308      -0.175      -0.041      -0.016       0.034
    EDU_C7           0.046       0.099       0.126       0.268       0.410       0.437       0.490
    FEMALE          -0.859      -0.549      -0.391       0.434       1.260       1.418       1.727

 SA       ON
    AGE_C80         -0.165      -0.134      -0.118      -0.036       0.046       0.062       0.093
    EDU_C7          -0.101      -0.075      -0.061       0.010       0.080       0.094       0.120
    FEMALE          -0.140       0.019       0.100       0.524       0.949       1.030       1.189

 QA       ON
    AGE_C80         -0.012      -0.008      -0.006       0.005       0.016       0.018       0.023
    EDU_C7          -0.018      -0.015      -0.013      -0.005       0.004       0.006       0.009
    FEMALE          -0.167      -0.146      -0.135      -0.079      -0.023      -0.013       0.008

 IA       WITH
    SA              -3.033      -2.599      -2.377      -1.219      -0.061       0.161       0.595
    QA              -0.097      -0.049      -0.025       0.102       0.230       0.254       0.302

 SA       WITH
    QA              -0.240      -0.202      -0.182      -0.081       0.020       0.040       0.078

 Intercepts
    A_01             0.000       0.000       0.000       0.000       0.000       0.000       0.000
    A_03             0.000       0.000       0.000       0.000       0.000       0.000       0.000
    A_04             0.000       0.000       0.000       0.000       0.000       0.000       0.000
    A_05             0.000       0.000       0.000       0.000       0.000       0.000       0.000
    IA              14.513      14.816      14.971      15.781      16.591      16.746      17.049
    SA              -0.823      -0.667      -0.587      -0.171       0.245       0.324       0.480
    QA              -0.062      -0.041      -0.031       0.023       0.077       0.087       0.108

 Residual Variances
    A_01             4.675       5.287       5.600       7.236       8.872       9.185       9.797
    A_03             4.675       5.287       5.600       7.236       8.872       9.185       9.797
    A_04             4.675       5.287       5.600       7.236       8.872       9.185       9.797
    A_05             4.675       5.287       5.600       7.236       8.872       9.185       9.797
    IA               5.362       6.327       6.820       9.397      11.974      12.467      13.432
    SA              -0.545      -0.221      -0.055       0.811       1.677       1.843       2.167
    QA              -0.011      -0.007      -0.004       0.008       0.021       0.023       0.028


SAMPLE STATISTICS FOR ESTIMATED FACTOR SCORES


     SAMPLE STATISTICS


           Means
              IA            IA_SE         SA            SA_SE         QA
              ________      ________      ________      ________      ________
 1             15.402         1.950         0.058         0.807        -0.012


           Means
              QA_SE
              ________
 1              0.084


           Covariances
              IA            IA_SE         SA            SA_SE         QA
              ________      ________      ________      ________      ________
 IA             6.315
 IA_SE         -0.097         0.040
 SA            -0.381        -0.010         0.235
 SA_SE         -0.025         0.008        -0.001         0.002
 QA             0.020         0.002        -0.026         0.000         0.003
 QA_SE         -0.002         0.001         0.000         0.000         0.000


           Covariances
              QA_SE
              ________
 QA_SE          0.000


           Correlations
              IA            IA_SE         SA            SA_SE         QA
              ________      ________      ________      ________      ________
 IA             1.000
 IA_SE         -0.194         1.000
 SA            -0.313        -0.102         1.000
 SA_SE         -0.213         0.832        -0.029         1.000
 QA             0.141         0.147        -0.963         0.083         1.000
 QA_SE         -0.215         0.754        -0.019         0.990         0.074


           Correlations
              QA_SE
              ________
 QA_SE          1.000


RESULTS SAVING INFORMATION

  Order of data

    Parameter estimates
     (saved in order shown in Technical 1 output)
    Standard errors
     (saved in order shown in Technical 1 output)
    H0 Loglikelihood
    H0 Scaling Correction Factor for MLR
    Number of Free Parameters
    Akaike (AIC)
    Bayesian (BIC)
    Sample-Size Adjusted BIC

  Save file
    u2_1345_aef_figure_results.dat

  Save file format           Free


PLOT INFORMATION

The following plots are available:

  Histograms (sample values, estimated factor scores)
  Scatterplots (sample values, estimated factor scores)
  Latent variable distribution plots

SAVEDATA INFORMATION


  Save file
    u2_1345_aef_figure_fscores.dat

  Order and format of variables

    A_01           F10.3
    A_03           F10.3
    A_04           F10.3
    A_05           F10.3
    AGE_C80        F10.3
    EDU_C7         F10.3
    FEMALE         F10.3
    TIME_01        F10.3
    TIME_03        F10.3
    TIME_04        F10.3
    TIME_05        F10.3
    _WEIGHT        F10.3
    IA             F10.3
    IA_SE          F10.3
    SA             F10.3
    SA_SE          F10.3
    QA             F10.3
    QA_SE          F10.3
    PAIRID         I6

  Save file format
    18F10.3 I6

  Save file record length    10000


     Beginning Time:  12:10:39
        Ending Time:  12:10:41
       Elapsed Time:  00:00:02



MUTHEN & MUTHEN
3463 Stoner Ave.
Los Angeles, CA  90066

Tel: (310) 391-9971
Fax: (310) 391-8971
Web: www.StatModel.com
Support: Support@StatModel.com

Copyright (c) 1998-2014 Muthen & Muthen
