Mplus VERSION 7.3
MUTHEN & MUTHEN
12/17/2016   6:09 PM

INPUT INSTRUCTIONS

  TITLE:
  Script produced from the prototype in ./sandbox/syntax-creator/
  DATA:
  File = wide-dataset.dat ;
  VARIABLE:
  NAMES are
   Case PairID female age_c80 edu_c7 sbp_c167 smoke cardio diabetes dementia_ever
      years_since_bl_01 years_since_bl_02 years_since_bl_03 years_since_bl_04
      years_since_bl_05 pef_01 pef_02 pef_03 pef_04 pef_05 grip_01 grip_02 grip_03
      grip_04 grip_05 gait_01 gait_02 gait_03 gait_04 gait_05 block_01 block_02
      block_03 block_04 block_05 digitspanbackward_01 digitspanbackward_02
      digitspanbackward_03 digitspanbackward_04 digitspanbackward_05
      digitspanforward_01 digitspanforward_02 digitspanforward_03 digitspanforward_04
      digitspanforward_05 symbol_01 symbol_02 symbol_03 symbol_04 symbol_05 prose_01
      prose_02 prose_03 prose_04 prose_05 info_01 info_02 info_03 info_04 info_05
      synonyms_01 synonyms_02 synonyms_03 synonyms_04 synonyms_05 psif_01 psif_02
      psif_03 psif_04 psif_05 figure_01 figure_02 figure_03 figure_04 figure_05
      mirrecall_01 mirrecall_02 mirrecall_03 mirrecall_04 mirrecall_05 mmse_01 mmse_02
      mmse_03 mmse_04 mmse_05 mirnaming_01 mirnaming_02 mirnaming_03 mirnaming_04
      mirnaming_05 mirrecog_01 mirrecog_02 mirrecog_03 mirrecog_04 mirrecog_05
      clock_01 clock_02 clock_03 clock_04 clock_05
  	;
  Missing are all (-9999);
  USEVARIABLES are
  	!define the variables used in the analysis
  	! covariates used in the model
  age_c80
  edu_c7	
  	!estimated time points
  time_01
  time_02
  time_03
  	!modelled time points of process (A)
  a_01
  a_02
  a_03
  ;
  TSCORES are
  	!estimated time points
  time_01
  time_02
  time_03;
  CLUSTER = PairID;
  SUBPOPULATION are
  	!select a subset of observations
  dementia_ever NE 1
  ;
  DEFINE:
  	! assign variables to the process (A)
  a_01 = figure_01;
  a_02 = figure_02;
  a_03 = figure_03;
  	!assign variables to time points
  time_01 = years_since_bl_01;
  time_02 = years_since_bl_02;
  time_03 = years_since_bl_03;
  	
  ANALYSIS: TYPE = RANDOM COMPLEX;
  COVERAGE=.00;
  MODEL:
  	!first-level equation
  	! assign process (A) to time points
  ia sa qa | a_01 AT time_01 ;
  ia sa qa | a_02 AT time_02 ;
  ia sa qa | a_03 AT time_03 ;
  	!variance of the first-level terms
  ia (v_ia);
  sa (v_sa);
  qa (v_qa);
  	!covariance among first-level terms
  ia WITH sa (c_iasa);
  ia WITH qa (c_iaqa);
  sa WITH qa (c_saqa);
  	!second-level equation
  ia sa qa ON age_c80
  edu_c7;
  	!residual covariance of process (A)
  a_01 (res_a);
  a_02 (res_a);
  a_03 (res_a);	
  SAVEDATA:
  FILE is   u2_123_ae_figure_fscores.dat;
  SAVE = FSCORES;
  RESULTS are   u2_123_ae_figure_results.dat;
  	
  OUTPUT: sampstat cinterval;
  PLOT: Type is Plot1 Plot2 Plot3;



*** WARNING
  Data set contains cases with missing on x-variables.
  These cases were not included in the analysis.
  Number of cases with missing on x-variables:  46
*** WARNING
  Data set contains cases with missing on all variables except
  x-variables.  These cases were not included in the analysis.
  Number of cases with missing on all variables except x-variables:  147
   2 WARNING(S) FOUND IN THE INPUT INSTRUCTIONS




Script produced from the prototype in ./sandbox/syntax-creator/

SUMMARY OF ANALYSIS

Number of groups                                                 1
Number of observations                                         387

Number of dependent variables                                    3
Number of independent variables                                  2
Number of continuous latent variables                            3

Observed dependent variables

  Continuous
   A_01        A_02        A_03

Observed independent variables
   AGE_C80     EDU_C7

Continuous latent variables
   IA          SA          QA

Variables with special functions

  Cluster variable      PAIRID
  Weight variable       _WEIGHT

  Time scores
   TIME_01     TIME_02     TIME_03


Estimator                                                      MLR
Information matrix                                        OBSERVED
Maximum number of iterations                                   100
Convergence criterion                                    0.100D-05
Maximum number of EM iterations                                500
Convergence criteria for the EM algorithm
  Loglikelihood change                                   0.100D-02
  Relative loglikelihood change                          0.100D-05
  Derivative                                             0.100D-03
Minimum variance                                         0.100D-03
Maximum number of steepest descent iterations                   20
Maximum number of iterations for H1                           2000
Convergence criterion for H1                             0.100D-03
Optimization algorithm                                         EMA

Input data file(s)
  wide-dataset.dat
Input data format  FREE



SAMPLE STATISTICS


     ESTIMATED SAMPLE STATISTICS


           Means
              A_01          A_02          A_03          AGE_C80       EDU_C7
              ________      ________      ________      ________      ________
 1             15.580        15.602        15.540         3.073         0.315


           Covariances
              A_01          A_02          A_03          AGE_C80       EDU_C7
              ________      ________      ________      ________      ________
 A_01          17.521
 A_02           8.302        14.628
 A_03           7.163         8.474        15.125
 AGE_C80       -1.269        -1.589        -1.472         6.855
 EDU_C7         1.664         1.185         1.660        -0.493         5.575


           Correlations
              A_01          A_02          A_03          AGE_C80       EDU_C7
              ________      ________      ________      ________      ________
 A_01           1.000
 A_02           0.519         1.000
 A_03           0.440         0.570         1.000
 AGE_C80       -0.116        -0.159        -0.145         1.000
 EDU_C7         0.168         0.131         0.181        -0.080         1.000


     MAXIMUM LOG-LIKELIHOOD VALUE FOR THE UNRESTRICTED (H1) MODEL IS -5357.619


UNIVARIATE HIGHER-ORDER MOMENT DESCRIPTIVE STATISTICS


     UNIVARIATE HIGHER-ORDER MOMENT DESCRIPTIVE STATISTICS

         Variable/         Mean/     Skewness/   Minimum/ % with                Percentiles
        Sample Size      Variance    Kurtosis    Maximum  Min/Max      20%/60%    40%/80%    Median

     A_01                 15.673      -0.518       2.000    0.23%      12.000     15.000     16.000
             443.000      17.185      -0.239      24.000    0.23%      17.000     19.000
     A_02                 15.850      -0.447       1.000    0.28%      12.000     15.000     16.000
             362.000      14.069       0.156      24.000    1.38%      17.000     19.000
     A_03                 15.942      -0.482       3.000    0.37%      13.000     15.000     16.000
             273.000      14.501       0.281      24.000    1.10%      17.000     19.000
     AGE_C80               3.073       1.026      -0.581    0.20%       0.877      1.700      2.262
             509.000       6.855       0.352      13.313    0.20%       2.940      5.310
     EDU_C7                0.315       1.873      -7.000    0.20%      -1.000     -1.000     -1.000
             509.000       5.575       5.094      13.000    0.20%       0.000      1.000


THE MODEL ESTIMATION TERMINATED NORMALLY



MODEL FIT INFORMATION

Number of Free Parameters                       16

Loglikelihood

          H0 Value                       -2271.866
          H0 Scaling Correction Factor      0.9608
            for MLR

Information Criteria

          Akaike (AIC)                    4575.732
          Bayesian (BIC)                  4639.067
          Sample-Size Adjusted BIC        4588.300
            (n* = (n + 2) / 24)



MODEL RESULTS

                                                    Two-Tailed
                    Estimate       S.E.  Est./S.E.    P-Value

 IA         ON
    AGE_C80           -0.163      0.081     -2.005      0.045
    EDU_C7             0.284      0.086      3.320      0.001

 SA         ON
    AGE_C80           -0.040      0.082     -0.492      0.623
    EDU_C7            -0.091      0.100     -0.909      0.364

 QA         ON
    AGE_C80            0.008      0.019      0.401      0.688
    EDU_C7             0.022      0.023      0.977      0.329

 IA       WITH
    SA                -2.166      1.000     -2.166      0.030
    QA                 0.243      0.220      1.106      0.269

 SA       WITH
    QA                -0.349      0.230     -1.519      0.129

 Intercepts
    A_01               0.000      0.000    999.000    999.000
    A_02               0.000      0.000    999.000    999.000
    A_03               0.000      0.000    999.000    999.000
    IA                15.992      0.349     45.864      0.000
    SA                 0.180      0.283      0.637      0.524
    QA                -0.040      0.064     -0.619      0.536

 Residual Variances
    A_01               5.644      0.699      8.075      0.000
    A_02               5.644      0.699      8.075      0.000
    A_03               5.644      0.699      8.075      0.000
    IA                11.151      1.377      8.097      0.000
    SA                 2.182      1.159      1.882      0.060
    QA                 0.066      0.045      1.457      0.145


QUALITY OF NUMERICAL RESULTS

     Condition Number for the Information Matrix              0.385E-05
       (ratio of smallest to largest eigenvalue)


CONFIDENCE INTERVALS OF MODEL RESULTS

                  Lower .5%  Lower 2.5%    Lower 5%    Estimate    Upper 5%  Upper 2.5%   Upper .5%

 IA       ON
    AGE_C80         -0.372      -0.322      -0.297      -0.163      -0.029      -0.004       0.046
    EDU_C7           0.064       0.116       0.143       0.284       0.425       0.452       0.505

 SA       ON
    AGE_C80         -0.251      -0.201      -0.175      -0.040       0.094       0.120       0.171
    EDU_C7          -0.350      -0.288      -0.256      -0.091       0.074       0.105       0.167

 QA       ON
    AGE_C80         -0.041      -0.030      -0.024       0.008       0.039       0.045       0.056
    EDU_C7          -0.037      -0.022      -0.015       0.022       0.060       0.067       0.081

 IA       WITH
    SA              -4.742      -4.126      -3.811      -2.166      -0.521      -0.206       0.410
    QA              -0.323      -0.188      -0.119       0.243       0.605       0.675       0.810

 SA       WITH
    QA              -0.942      -0.800      -0.728      -0.349       0.029       0.101       0.243

 Intercepts
    A_01             0.000       0.000       0.000       0.000       0.000       0.000       0.000
    A_02             0.000       0.000       0.000       0.000       0.000       0.000       0.000
    A_03             0.000       0.000       0.000       0.000       0.000       0.000       0.000
    IA              15.094      15.308      15.418      15.992      16.565      16.675      16.890
    SA              -0.548      -0.374      -0.285       0.180       0.645       0.734       0.909
    QA              -0.204      -0.165      -0.145      -0.040       0.066       0.086       0.125

 Residual Variances
    A_01             3.844       4.274       4.494       5.644       6.793       7.014       7.444
    A_02             3.844       4.274       4.494       5.644       6.793       7.014       7.444
    A_03             3.844       4.274       4.494       5.644       6.793       7.014       7.444
    IA               7.604       8.452       8.885      11.151      13.417      13.850      14.698
    SA              -0.805      -0.091       0.275       2.182       4.089       4.455       5.169
    QA              -0.050      -0.023      -0.008       0.066       0.140       0.154       0.182


SAMPLE STATISTICS FOR ESTIMATED FACTOR SCORES


     SAMPLE STATISTICS


           Means
              IA            IA_SE         SA            SA_SE         QA
              ________      ________      ________      ________      ________
 1             15.307         1.911         0.034         1.297        -0.009


           Means
              QA_SE
              ________
 1              0.237


           Covariances
              IA            IA_SE         SA            SA_SE         QA
              ________      ________      ________      ________      ________
 IA             8.335
 IA_SE         -0.153         0.095
 SA            -0.891        -0.002         0.582
 SA_SE         -0.057         0.023         0.002         0.007
 QA             0.091         0.001        -0.082         0.000         0.013
 QA_SE         -0.006         0.002         0.000         0.001         0.000


           Covariances
              QA_SE
              ________
 QA_SE          0.000


           Correlations
              IA            IA_SE         SA            SA_SE         QA
              ________      ________      ________      ________      ________
 IA             1.000
 IA_SE         -0.171         1.000
 SA            -0.404        -0.008         1.000
 SA_SE         -0.232         0.867         0.029         1.000
 QA             0.281         0.019        -0.951        -0.004         1.000
 QA_SE         -0.219         0.753         0.048         0.951        -0.028


           Correlations
              QA_SE
              ________
 QA_SE          1.000


RESULTS SAVING INFORMATION

  Order of data

    Parameter estimates
     (saved in order shown in Technical 1 output)
    Standard errors
     (saved in order shown in Technical 1 output)
    H0 Loglikelihood
    H0 Scaling Correction Factor for MLR
    Number of Free Parameters
    Akaike (AIC)
    Bayesian (BIC)
    Sample-Size Adjusted BIC

  Save file
    u2_123_ae_figure_results.dat

  Save file format           Free


PLOT INFORMATION

The following plots are available:

  Histograms (sample values, estimated factor scores)
  Scatterplots (sample values, estimated factor scores)
  Latent variable distribution plots

SAVEDATA INFORMATION


  Save file
    u2_123_ae_figure_fscores.dat

  Order and format of variables

    A_01           F10.3
    A_02           F10.3
    A_03           F10.3
    AGE_C80        F10.3
    EDU_C7         F10.3
    TIME_01        F10.3
    TIME_02        F10.3
    TIME_03        F10.3
    _WEIGHT        F10.3
    IA             F10.3
    IA_SE          F10.3
    SA             F10.3
    SA_SE          F10.3
    QA             F10.3
    QA_SE          F10.3
    PAIRID         I6

  Save file format
    15F10.3 I6

  Save file record length    10000


     Beginning Time:  18:09:53
        Ending Time:  18:09:59
       Elapsed Time:  00:00:06



MUTHEN & MUTHEN
3463 Stoner Ave.
Los Angeles, CA  90066

Tel: (310) 391-9971
Fax: (310) 391-8971
Web: www.StatModel.com
Support: Support@StatModel.com

Copyright (c) 1998-2014 Muthen & Muthen
