Mplus VERSION 7.3
MUTHEN & MUTHEN
12/17/2016   6:25 PM

INPUT INSTRUCTIONS

  TITLE:
  Script produced from the prototype in ./sandbox/syntax-creator/
  DATA:
  File = wide-dataset.dat ;
  VARIABLE:
  NAMES are
   Case PairID female age_c80 edu_c7 sbp_c167 smoke cardio diabetes dementia_ever
      years_since_bl_01 years_since_bl_02 years_since_bl_03 years_since_bl_04
      years_since_bl_05 pef_01 pef_02 pef_03 pef_04 pef_05 grip_01 grip_02 grip_03
      grip_04 grip_05 gait_01 gait_02 gait_03 gait_04 gait_05 block_01 block_02
      block_03 block_04 block_05 digitspanbackward_01 digitspanbackward_02
      digitspanbackward_03 digitspanbackward_04 digitspanbackward_05
      digitspanforward_01 digitspanforward_02 digitspanforward_03 digitspanforward_04
      digitspanforward_05 symbol_01 symbol_02 symbol_03 symbol_04 symbol_05 prose_01
      prose_02 prose_03 prose_04 prose_05 info_01 info_02 info_03 info_04 info_05
      synonyms_01 synonyms_02 synonyms_03 synonyms_04 synonyms_05 psif_01 psif_02
      psif_03 psif_04 psif_05 figure_01 figure_02 figure_03 figure_04 figure_05
      mirrecall_01 mirrecall_02 mirrecall_03 mirrecall_04 mirrecall_05 mmse_01 mmse_02
      mmse_03 mmse_04 mmse_05 mirnaming_01 mirnaming_02 mirnaming_03 mirnaming_04
      mirnaming_05 mirrecog_01 mirrecog_02 mirrecog_03 mirrecog_04 mirrecog_05
      clock_01 clock_02 clock_03 clock_04 clock_05
  	;
  Missing are all (-9999);
  USEVARIABLES are
  	!define the variables used in the analysis
  	! covariates used in the model
  age_c80
  edu_c7	
  	!estimated time points
  time_01
  time_03
  time_04
  	!modelled time points of process (A)
  a_01
  a_03
  a_04
  ;
  TSCORES are
  	!estimated time points
  time_01
  time_03
  time_04;
  CLUSTER = PairID;
  SUBPOPULATION are
  	!select a subset of observations
  dementia_ever NE 1
  ;
  DEFINE:
  	! assign variables to the process (A)
  a_01 = figure_01;
  a_03 = figure_03;
  a_04 = figure_04;
  	!assign variables to time points
  time_01 = years_since_bl_01;
  time_03 = years_since_bl_03;
  time_04 = years_since_bl_04;
  	
  ANALYSIS: TYPE = RANDOM COMPLEX;
  COVERAGE=.00;
  MODEL:
  	!first-level equation
  	! assign process (A) to time points
  ia sa qa | a_01 AT time_01 ;
  ia sa qa | a_03 AT time_03 ;
  ia sa qa | a_04 AT time_04 ;
  	!variance of the first-level terms
  ia (v_ia);
  sa (v_sa);
  qa (v_qa);
  	!covariance among first-level terms
  ia WITH sa (c_iasa);
  ia WITH qa (c_iaqa);
  sa WITH qa (c_saqa);
  	!second-level equation
  ia sa qa ON age_c80
  edu_c7;
  	!residual covariance of process (A)
  a_01 (res_a);
  a_03 (res_a);
  a_04 (res_a);	
  SAVEDATA:
  FILE is   u2_134_ae_figure_fscores.dat;
  SAVE = FSCORES;
  RESULTS are   u2_134_ae_figure_results.dat;
  	
  OUTPUT: sampstat cinterval;
  PLOT: Type is Plot1 Plot2 Plot3;



*** WARNING
  Data set contains cases with missing on x-variables.
  These cases were not included in the analysis.
  Number of cases with missing on x-variables:  46
*** WARNING
  Data set contains cases with missing on all variables except
  x-variables.  These cases were not included in the analysis.
  Number of cases with missing on all variables except x-variables:  174
   2 WARNING(S) FOUND IN THE INPUT INSTRUCTIONS




Script produced from the prototype in ./sandbox/syntax-creator/

SUMMARY OF ANALYSIS

Number of groups                                                 1
Number of observations                                         373

Number of dependent variables                                    3
Number of independent variables                                  2
Number of continuous latent variables                            3

Observed dependent variables

  Continuous
   A_01        A_03        A_04

Observed independent variables
   AGE_C80     EDU_C7

Continuous latent variables
   IA          SA          QA

Variables with special functions

  Cluster variable      PAIRID
  Weight variable       _WEIGHT

  Time scores
   TIME_01     TIME_03     TIME_04


Estimator                                                      MLR
Information matrix                                        OBSERVED
Maximum number of iterations                                   100
Convergence criterion                                    0.100D-05
Maximum number of EM iterations                                500
Convergence criteria for the EM algorithm
  Loglikelihood change                                   0.100D-02
  Relative loglikelihood change                          0.100D-05
  Derivative                                             0.100D-03
Minimum variance                                         0.100D-03
Maximum number of steepest descent iterations                   20
Maximum number of iterations for H1                           2000
Convergence criterion for H1                             0.100D-03
Optimization algorithm                                         EMA

Input data file(s)
  wide-dataset.dat
Input data format  FREE



SAMPLE STATISTICS


     ESTIMATED SAMPLE STATISTICS


           Means
              A_01          A_03          A_04          AGE_C80       EDU_C7
              ________      ________      ________      ________      ________
 1             15.638        15.628        15.457         3.024         0.349


           Covariances
              A_01          A_03          A_04          AGE_C80       EDU_C7
              ________      ________      ________      ________      ________
 A_01          17.263
 A_03           6.908        14.825
 A_04           6.180         8.805        16.600
 AGE_C80       -1.247        -1.208        -2.111         6.572
 EDU_C7         1.535         1.468         0.252        -0.435         5.680


           Correlations
              A_01          A_03          A_04          AGE_C80       EDU_C7
              ________      ________      ________      ________      ________
 A_01           1.000
 A_03           0.432         1.000
 A_04           0.365         0.561         1.000
 AGE_C80       -0.117        -0.122        -0.202         1.000
 EDU_C7         0.155         0.160         0.026        -0.071         1.000


     MAXIMUM LOG-LIKELIHOOD VALUE FOR THE UNRESTRICTED (H1) MODEL IS -4824.108


UNIVARIATE HIGHER-ORDER MOMENT DESCRIPTIVE STATISTICS


     UNIVARIATE HIGHER-ORDER MOMENT DESCRIPTIVE STATISTICS

         Variable/         Mean/     Skewness/   Minimum/ % with                Percentiles
        Sample Size      Variance    Kurtosis    Maximum  Min/Max      20%/60%    40%/80%    Median

     A_01                 15.673      -0.518       2.000    0.23%      12.000     15.000     16.000
             443.000      17.185      -0.239      24.000    0.23%      17.000     19.000
     A_03                 15.942      -0.482       3.000    0.37%      13.000     15.000     16.000
             273.000      14.501       0.281      24.000    1.10%      17.000     19.000
     A_04                 15.957      -0.617       2.000    0.50%      12.000     15.000     16.000
             200.000      15.833       0.414      24.000    1.50%      17.000     19.000
     AGE_C80               3.024       0.998      -0.581    0.21%       0.875      1.637      2.249
             482.000       6.572       0.291      13.313    0.21%       2.827      5.221
     EDU_C7                0.349       1.846      -7.000    0.21%      -1.000     -1.000      0.000
             482.000       5.680       4.963      13.000    0.21%       0.000      1.000


THE MODEL ESTIMATION TERMINATED NORMALLY



MODEL FIT INFORMATION

Number of Free Parameters                       16

Loglikelihood

          H0 Value                       -2000.985
          H0 Scaling Correction Factor      1.0145
            for MLR

Information Criteria

          Akaike (AIC)                    4033.970
          Bayesian (BIC)                  4096.715
          Sample-Size Adjusted BIC        4045.952
            (n* = (n + 2) / 24)



MODEL RESULTS

                                                    Two-Tailed
                    Estimate       S.E.  Est./S.E.    P-Value

 IA         ON
    AGE_C80           -0.173      0.081     -2.125      0.034
    EDU_C7             0.258      0.085      3.022      0.003

 SA         ON
    AGE_C80            0.057      0.075      0.763      0.446
    EDU_C7             0.067      0.063      1.054      0.292

 QA         ON
    AGE_C80           -0.014      0.014     -0.984      0.325
    EDU_C7            -0.018      0.011     -1.540      0.124

 IA       WITH
    SA                -2.107      1.263     -1.669      0.095
    QA                 0.175      0.166      1.051      0.293

 SA       WITH
    QA                -0.303      0.312     -0.970      0.332

 Intercepts
    A_01               0.000      0.000    999.000    999.000
    A_03               0.000      0.000    999.000    999.000
    A_04               0.000      0.000    999.000    999.000
    IA                16.068      0.348     46.199      0.000
    SA                -0.129      0.259     -0.499      0.618
    QA                 0.031      0.045      0.705      0.481

 Residual Variances
    A_01               4.651      2.227      2.089      0.037
    A_03               4.651      2.227      2.089      0.037
    A_04               4.651      2.227      2.089      0.037
    IA                12.022      2.637      4.559      0.000
    SA                 2.187      1.947      1.123      0.261
    QA                 0.049      0.053      0.925      0.355


QUALITY OF NUMERICAL RESULTS

     Condition Number for the Information Matrix              0.120E-06
       (ratio of smallest to largest eigenvalue)


CONFIDENCE INTERVALS OF MODEL RESULTS

                  Lower .5%  Lower 2.5%    Lower 5%    Estimate    Upper 5%  Upper 2.5%   Upper .5%

 IA       ON
    AGE_C80         -0.382      -0.332      -0.306      -0.173      -0.039      -0.013       0.037
    EDU_C7           0.038       0.091       0.117       0.258       0.398       0.425       0.477

 SA       ON
    AGE_C80         -0.136      -0.090      -0.066       0.057       0.181       0.204       0.251
    EDU_C7          -0.096      -0.057      -0.037       0.067       0.171       0.191       0.230

 QA       ON
    AGE_C80         -0.049      -0.041      -0.036      -0.014       0.009       0.013       0.022
    EDU_C7          -0.047      -0.040      -0.036      -0.018       0.001       0.005       0.012

 IA       WITH
    SA              -5.360      -4.583      -4.185      -2.107      -0.030       0.368       1.145
    QA              -0.254      -0.151      -0.099       0.175       0.449       0.501       0.604

 SA       WITH
    QA              -1.108      -0.915      -0.817      -0.303       0.211       0.309       0.502

 Intercepts
    A_01             0.000       0.000       0.000       0.000       0.000       0.000       0.000
    A_03             0.000       0.000       0.000       0.000       0.000       0.000       0.000
    A_04             0.000       0.000       0.000       0.000       0.000       0.000       0.000
    IA              15.172      15.386      15.496      16.068      16.640      16.749      16.964
    SA              -0.798      -0.638      -0.556      -0.129       0.297       0.379       0.539
    QA              -0.083      -0.056      -0.042       0.031       0.105       0.119       0.146

 Residual Variances
    A_01            -1.085       0.286       0.988       4.651       8.314       9.015      10.387
    A_03            -1.085       0.286       0.988       4.651       8.314       9.015      10.387
    A_04            -1.085       0.286       0.988       4.651       8.314       9.015      10.387
    IA               5.230       6.854       7.684      12.022      16.359      17.189      18.813
    SA              -2.829      -1.630      -1.016       2.187       5.390       6.004       7.203
    QA              -0.088      -0.055      -0.038       0.049       0.137       0.154       0.187


SAMPLE STATISTICS FOR ESTIMATED FACTOR SCORES


     SAMPLE STATISTICS


           Means
              IA            IA_SE         SA            SA_SE         QA
              ________      ________      ________      ________      ________
 1             15.414         1.887         0.096         1.271        -0.021


           Means
              QA_SE
              ________
 1              0.202


           Covariances
              IA            IA_SE         SA            SA_SE         QA
              ________      ________      ________      ________      ________
 IA             9.061
 IA_SE         -0.082         0.119
 SA            -1.184        -0.002         0.645
 SA_SE         -0.076         0.018         0.009         0.014
 QA             0.093        -0.001        -0.080        -0.001         0.012
 QA_SE         -0.010         0.001         0.001         0.002         0.000


           Covariances
              QA_SE
              ________
 QA_SE          0.000


           Correlations
              IA            IA_SE         SA            SA_SE         QA
              ________      ________      ________      ________      ________
 IA             1.000
 IA_SE         -0.079         1.000
 SA            -0.489        -0.006         1.000
 SA_SE         -0.214         0.439         0.097         1.000
 QA             0.276        -0.026        -0.891        -0.085         1.000
 QA_SE         -0.209         0.175         0.045         0.915        -0.030


           Correlations
              QA_SE
              ________
 QA_SE          1.000


RESULTS SAVING INFORMATION

  Order of data

    Parameter estimates
     (saved in order shown in Technical 1 output)
    Standard errors
     (saved in order shown in Technical 1 output)
    H0 Loglikelihood
    H0 Scaling Correction Factor for MLR
    Number of Free Parameters
    Akaike (AIC)
    Bayesian (BIC)
    Sample-Size Adjusted BIC

  Save file
    u2_134_ae_figure_results.dat

  Save file format           Free


PLOT INFORMATION

The following plots are available:

  Histograms (sample values, estimated factor scores)
  Scatterplots (sample values, estimated factor scores)
  Latent variable distribution plots

SAVEDATA INFORMATION


  Save file
    u2_134_ae_figure_fscores.dat

  Order and format of variables

    A_01           F10.3
    A_03           F10.3
    A_04           F10.3
    AGE_C80        F10.3
    EDU_C7         F10.3
    TIME_01        F10.3
    TIME_03        F10.3
    TIME_04        F10.3
    _WEIGHT        F10.3
    IA             F10.3
    IA_SE          F10.3
    SA             F10.3
    SA_SE          F10.3
    QA             F10.3
    QA_SE          F10.3
    PAIRID         I6

  Save file format
    15F10.3 I6

  Save file record length    10000


     Beginning Time:  18:25:09
        Ending Time:  18:25:11
       Elapsed Time:  00:00:02



MUTHEN & MUTHEN
3463 Stoner Ave.
Los Angeles, CA  90066

Tel: (310) 391-9971
Fax: (310) 391-8971
Web: www.StatModel.com
Support: Support@StatModel.com

Copyright (c) 1998-2014 Muthen & Muthen
