Mplus VERSION 7.3
MUTHEN & MUTHEN
12/17/2016  12:10 PM

INPUT INSTRUCTIONS

  TITLE:
  Script produced from the prototype in ./sandbox/syntax-creator/
  DATA:
  File = wide-dataset.dat ;
  VARIABLE:
  NAMES are
   Case PairID female age_c80 edu_c7 sbp_c167 smoke cardio diabetes dementia_ever
      years_since_bl_01 years_since_bl_02 years_since_bl_03 years_since_bl_04
      years_since_bl_05 pef_01 pef_02 pef_03 pef_04 pef_05 grip_01 grip_02 grip_03
      grip_04 grip_05 gait_01 gait_02 gait_03 gait_04 gait_05 block_01 block_02
      block_03 block_04 block_05 digitspanbackward_01 digitspanbackward_02
      digitspanbackward_03 digitspanbackward_04 digitspanbackward_05
      digitspanforward_01 digitspanforward_02 digitspanforward_03 digitspanforward_04
      digitspanforward_05 symbol_01 symbol_02 symbol_03 symbol_04 symbol_05 prose_01
      prose_02 prose_03 prose_04 prose_05 info_01 info_02 info_03 info_04 info_05
      synonyms_01 synonyms_02 synonyms_03 synonyms_04 synonyms_05 psif_01 psif_02
      psif_03 psif_04 psif_05 figure_01 figure_02 figure_03 figure_04 figure_05
      mirrecall_01 mirrecall_02 mirrecall_03 mirrecall_04 mirrecall_05 mmse_01 mmse_02
      mmse_03 mmse_04 mmse_05 mirnaming_01 mirnaming_02 mirnaming_03 mirnaming_04
      mirnaming_05 mirrecog_01 mirrecog_02 mirrecog_03 mirrecog_04 mirrecog_05
      clock_01 clock_02 clock_03 clock_04 clock_05
  	;
  Missing are all (-9999);
  USEVARIABLES are
  	!define the variables used in the analysis
  	! covariates used in the model
  age_c80	
  	!estimated time points
  time_01
  time_02
  time_04
  time_05
  	!modelled time points of process (A)
  a_01
  a_02
  a_04
  a_05
  ;
  TSCORES are
  	!estimated time points
  time_01
  time_02
  time_04
  time_05;
  CLUSTER = PairID;
  SUBPOPULATION are
  	!select a subset of observations
  dementia_ever NE 1
  ;
  DEFINE:
  	! assign variables to the process (A)
  a_01 = figure_01;
  a_02 = figure_02;
  a_04 = figure_04;
  a_05 = figure_05;
  	!assign variables to time points
  time_01 = years_since_bl_01;
  time_02 = years_since_bl_02;
  time_04 = years_since_bl_04;
  time_05 = years_since_bl_05;
  	
  ANALYSIS: TYPE = RANDOM COMPLEX;
  COVERAGE=.00;
  MODEL:
  	!first-level equation
  	! assign process (A) to time points
  ia sa qa | a_01 AT time_01 ;
  ia sa qa | a_02 AT time_02 ;
  ia sa qa | a_04 AT time_04 ;
  ia sa qa | a_05 AT time_05 ;
  	!variance of the first-level terms
  ia (v_ia);
  sa (v_sa);
  qa (v_qa);
  	!covariance among first-level terms
  ia WITH sa (c_iasa);
  ia WITH qa (c_iaqa);
  sa WITH qa (c_saqa);
  	!second-level equation
  ia sa qa ON age_c80;
  	!residual covariance of process (A)
  a_01 (res_a);
  a_02 (res_a);
  a_04 (res_a);
  a_05 (res_a);	
  SAVEDATA:
  FILE is   u2_1245_a_figure_fscores.dat;
  SAVE = FSCORES;
  RESULTS are   u2_1245_a_figure_results.dat;
  	
  OUTPUT: sampstat cinterval;
  PLOT: Type is Plot1 Plot2 Plot3;



*** WARNING
  Data set contains cases with missing on all variables except
  x-variables.  These cases were not included in the analysis.
  Number of cases with missing on all variables except x-variables:  197
   1 WARNING(S) FOUND IN THE INPUT INSTRUCTIONS




Script produced from the prototype in ./sandbox/syntax-creator/

SUMMARY OF ANALYSIS

Number of groups                                                 1
Number of observations                                         380

Number of dependent variables                                    4
Number of independent variables                                  1
Number of continuous latent variables                            3

Observed dependent variables

  Continuous
   A_01        A_02        A_04        A_05

Observed independent variables
   AGE_C80

Continuous latent variables
   IA          SA          QA

Variables with special functions

  Cluster variable      PAIRID
  Weight variable       _WEIGHT

  Time scores
   TIME_01     TIME_02     TIME_04     TIME_05


Estimator                                                      MLR
Information matrix                                        OBSERVED
Maximum number of iterations                                   100
Convergence criterion                                    0.100D-05
Maximum number of EM iterations                                500
Convergence criteria for the EM algorithm
  Loglikelihood change                                   0.100D-02
  Relative loglikelihood change                          0.100D-05
  Derivative                                             0.100D-03
Minimum variance                                         0.100D-03
Maximum number of steepest descent iterations                   20
Maximum number of iterations for H1                           2000
Convergence criterion for H1                             0.100D-03
Optimization algorithm                                         EMA

Input data file(s)
  wide-dataset.dat
Input data format  FREE



SAMPLE STATISTICS


     ESTIMATED SAMPLE STATISTICS


           Means
              A_01          A_02          A_04          A_05          AGE_C80
              ________      ________      ________      ________      ________
 1             15.578        15.584        15.458        15.100         3.082


           Covariances
              A_01          A_02          A_04          A_05          AGE_C80
              ________      ________      ________      ________      ________
 A_01          17.465
 A_02           8.441        15.181
 A_04           6.212         6.131        16.594
 A_05           6.919         5.916         6.411        14.154
 AGE_C80       -1.241        -1.697        -2.256        -0.566         6.895


           Correlations
              A_01          A_02          A_04          A_05          AGE_C80
              ________      ________      ________      ________      ________
 A_01           1.000
 A_02           0.518         1.000
 A_04           0.365         0.386         1.000
 A_05           0.440         0.404         0.418         1.000
 AGE_C80       -0.113        -0.166        -0.211        -0.057         1.000


     MAXIMUM LOG-LIKELIHOOD VALUE FOR THE UNRESTRICTED (H1) MODEL IS -4474.912


UNIVARIATE HIGHER-ORDER MOMENT DESCRIPTIVE STATISTICS


     UNIVARIATE HIGHER-ORDER MOMENT DESCRIPTIVE STATISTICS

         Variable/         Mean/     Skewness/   Minimum/ % with                Percentiles
        Sample Size      Variance    Kurtosis    Maximum  Min/Max      20%/60%    40%/80%    Median

     A_01                 15.673      -0.518       2.000    0.23%      12.000     15.000     16.000
             444.000      17.185      -0.239      24.000    0.23%      17.000     19.000
     A_02                 15.804      -0.522       1.000    0.28%      12.000     15.000     16.000
             363.000      14.616       0.351      24.000    1.38%      17.000     19.000
     A_04                 15.957      -0.617       2.000    0.50%      12.000     15.000     16.000
             200.000      15.833       0.414      24.000    1.50%      17.000     19.000
     A_05                 15.628      -0.356       6.000    0.72%      12.000     15.000     15.000
             139.000      13.572      -0.218      24.000    0.72%      16.000     18.000
     AGE_C80               3.082       1.019      -0.581    0.20%       0.877      1.694      2.262
             505.000       6.895       0.338      13.313    0.20%       3.018      5.348


THE MODEL ESTIMATION TERMINATED NORMALLY



MODEL FIT INFORMATION

Number of Free Parameters                       13

Loglikelihood

          H0 Value                       -2463.980
          H0 Scaling Correction Factor      1.0318
            for MLR

Information Criteria

          Akaike (AIC)                    4953.961
          Bayesian (BIC)                  5005.183
          Sample-Size Adjusted BIC        4963.937
            (n* = (n + 2) / 24)



MODEL RESULTS

                                                    Two-Tailed
                    Estimate       S.E.  Est./S.E.    P-Value

 IA         ON
    AGE_C80           -0.165      0.081     -2.029      0.042

 SA         ON
    AGE_C80           -0.078      0.057     -1.360      0.174

 QA         ON
    AGE_C80            0.010      0.007      1.407      0.160

 IA       WITH
    SA                -1.133      0.757     -1.497      0.134
    QA                 0.090      0.088      1.019      0.308

 SA       WITH
    QA                -0.061      0.083     -0.736      0.462

 Intercepts
    A_01               0.000      0.000    999.000    999.000
    A_02               0.000      0.000    999.000    999.000
    A_04               0.000      0.000    999.000    999.000
    A_05               0.000      0.000    999.000    999.000
    IA                16.073      0.344     46.792      0.000
    SA                 0.300      0.192      1.563      0.118
    QA                -0.046      0.024     -1.943      0.052

 Residual Variances
    A_01               7.849      0.905      8.676      0.000
    A_02               7.849      0.905      8.676      0.000
    A_04               7.849      0.905      8.676      0.000
    A_05               7.849      0.905      8.676      0.000
    IA                 9.545      1.552      6.150      0.000
    SA                 0.626      0.677      0.925      0.355
    QA                 0.006      0.011      0.603      0.547


QUALITY OF NUMERICAL RESULTS

     Condition Number for the Information Matrix              0.152E-05
       (ratio of smallest to largest eigenvalue)


CONFIDENCE INTERVALS OF MODEL RESULTS

                  Lower .5%  Lower 2.5%    Lower 5%    Estimate    Upper 5%  Upper 2.5%   Upper .5%

 IA       ON
    AGE_C80         -0.375      -0.325      -0.299      -0.165      -0.031      -0.006       0.045

 SA       ON
    AGE_C80         -0.226      -0.191      -0.173      -0.078       0.016       0.034       0.070

 QA       ON
    AGE_C80         -0.008      -0.004      -0.002       0.010       0.022       0.024       0.029

 IA       WITH
    SA              -3.084      -2.617      -2.379      -1.133       0.112       0.350       0.817
    QA              -0.137      -0.083      -0.055       0.090       0.235       0.262       0.317

 SA       WITH
    QA              -0.276      -0.224      -0.198      -0.061       0.076       0.102       0.153

 Intercepts
    A_01             0.000       0.000       0.000       0.000       0.000       0.000       0.000
    A_02             0.000       0.000       0.000       0.000       0.000       0.000       0.000
    A_04             0.000       0.000       0.000       0.000       0.000       0.000       0.000
    A_05             0.000       0.000       0.000       0.000       0.000       0.000       0.000
    IA              15.188      15.400      15.508      16.073      16.638      16.747      16.958
    SA              -0.194      -0.076      -0.016       0.300       0.616       0.676       0.794
    QA              -0.108      -0.093      -0.086      -0.046      -0.007       0.000       0.015

 Residual Variances
    A_01             5.519       6.076       6.361       7.849       9.337       9.622      10.179
    A_02             5.519       6.076       6.361       7.849       9.337       9.622      10.179
    A_04             5.519       6.076       6.361       7.849       9.337       9.622      10.179
    A_05             5.519       6.076       6.361       7.849       9.337       9.622      10.179
    IA               5.547       6.503       6.992       9.545      12.099      12.588      13.544
    SA              -1.117      -0.700      -0.487       0.626       1.740       1.953       2.370
    QA              -0.021      -0.015      -0.011       0.006       0.024       0.028       0.034


SAMPLE STATISTICS FOR ESTIMATED FACTOR SCORES


     SAMPLE STATISTICS


           Means
              IA            IA_SE         SA            SA_SE         QA
              ________      ________      ________      ________      ________
 1             15.262         1.918         0.058         0.733        -0.014


           Means
              QA_SE
              ________
 1              0.076


           Covariances
              IA            IA_SE         SA            SA_SE         QA
              ________      ________      ________      ________      ________
 IA             6.406
 IA_SE         -0.153         0.048
 SA            -0.346        -0.006         0.136
 SA_SE         -0.016         0.005        -0.001         0.001
 QA             0.019         0.001        -0.014         0.000         0.001
 QA_SE         -0.001         0.000         0.000         0.000         0.000


           Covariances
              QA_SE
              ________
 QA_SE          0.000


           Correlations
              IA            IA_SE         SA            SA_SE         QA
              ________      ________      ________      ________      ________
 IA             1.000
 IA_SE         -0.276         1.000
 SA            -0.370        -0.074         1.000
 SA_SE         -0.258         0.910        -0.082         1.000
 QA             0.193         0.136        -0.969         0.140         1.000
 QA_SE         -0.273         0.926        -0.085         0.986         0.150


           Correlations
              QA_SE
              ________
 QA_SE          1.000


RESULTS SAVING INFORMATION

  Order of data

    Parameter estimates
     (saved in order shown in Technical 1 output)
    Standard errors
     (saved in order shown in Technical 1 output)
    H0 Loglikelihood
    H0 Scaling Correction Factor for MLR
    Number of Free Parameters
    Akaike (AIC)
    Bayesian (BIC)
    Sample-Size Adjusted BIC

  Save file
    u2_1245_a_figure_results.dat

  Save file format           Free


PLOT INFORMATION

The following plots are available:

  Histograms (sample values, estimated factor scores)
  Scatterplots (sample values, estimated factor scores)
  Latent variable distribution plots

SAVEDATA INFORMATION


  Save file
    u2_1245_a_figure_fscores.dat

  Order and format of variables

    A_01           F10.3
    A_02           F10.3
    A_04           F10.3
    A_05           F10.3
    AGE_C80        F10.3
    TIME_01        F10.3
    TIME_02        F10.3
    TIME_04        F10.3
    TIME_05        F10.3
    _WEIGHT        F10.3
    IA             F10.3
    IA_SE          F10.3
    SA             F10.3
    SA_SE          F10.3
    QA             F10.3
    QA_SE          F10.3
    PAIRID         I6

  Save file format
    16F10.3 I6

  Save file record length    10000


     Beginning Time:  12:10:13
        Ending Time:  12:10:17
       Elapsed Time:  00:00:04



MUTHEN & MUTHEN
3463 Stoner Ave.
Los Angeles, CA  90066

Tel: (310) 391-9971
Fax: (310) 391-8971
Web: www.StatModel.com
Support: Support@StatModel.com

Copyright (c) 1998-2014 Muthen & Muthen
