Mplus VERSION 7.3
MUTHEN & MUTHEN
12/17/2016  12:09 PM

INPUT INSTRUCTIONS

  TITLE:
  Script produced from the prototype in ./sandbox/syntax-creator/
  DATA:
  File = wide-dataset.dat ;
  VARIABLE:
  NAMES are
   Case PairID female age_c80 edu_c7 sbp_c167 smoke cardio diabetes dementia_ever
      years_since_bl_01 years_since_bl_02 years_since_bl_03 years_since_bl_04
      years_since_bl_05 pef_01 pef_02 pef_03 pef_04 pef_05 grip_01 grip_02 grip_03
      grip_04 grip_05 gait_01 gait_02 gait_03 gait_04 gait_05 block_01 block_02
      block_03 block_04 block_05 digitspanbackward_01 digitspanbackward_02
      digitspanbackward_03 digitspanbackward_04 digitspanbackward_05
      digitspanforward_01 digitspanforward_02 digitspanforward_03 digitspanforward_04
      digitspanforward_05 symbol_01 symbol_02 symbol_03 symbol_04 symbol_05 prose_01
      prose_02 prose_03 prose_04 prose_05 info_01 info_02 info_03 info_04 info_05
      synonyms_01 synonyms_02 synonyms_03 synonyms_04 synonyms_05 psif_01 psif_02
      psif_03 psif_04 psif_05 figure_01 figure_02 figure_03 figure_04 figure_05
      mirrecall_01 mirrecall_02 mirrecall_03 mirrecall_04 mirrecall_05 mmse_01 mmse_02
      mmse_03 mmse_04 mmse_05 mirnaming_01 mirnaming_02 mirnaming_03 mirnaming_04
      mirnaming_05 mirrecog_01 mirrecog_02 mirrecog_03 mirrecog_04 mirrecog_05
      clock_01 clock_02 clock_03 clock_04 clock_05
  	;
  Missing are all (-9999);
  USEVARIABLES are
  	!define the variables used in the analysis
  	! covariates used in the model
  age_c80
  edu_c7
  female
  sbp_c167	
  	!estimated time points
  time_01
  time_02
  time_03
  time_04
  time_05
  	!modelled time points of process (A)
  a_01
  a_02
  a_03
  a_04
  a_05
  ;
  TSCORES are
  	!estimated time points
  time_01
  time_02
  time_03
  time_04
  time_05;
  CLUSTER = PairID;
  SUBPOPULATION are
  	!select a subset of observations
  dementia_ever NE 1
  ;
  DEFINE:
  	! assign variables to the process (A)
  a_01 = figure_01;
  a_02 = figure_02;
  a_03 = figure_03;
  a_04 = figure_04;
  a_05 = figure_05;
  	!assign variables to time points
  time_01 = years_since_bl_01;
  time_02 = years_since_bl_02;
  time_03 = years_since_bl_03;
  time_04 = years_since_bl_04;
  time_05 = years_since_bl_05;
  	
  ANALYSIS: TYPE = RANDOM COMPLEX;
  COVERAGE=.00;
  MODEL:
  	!first-level equation
  	! assign process (A) to time points
  ia sa qa | a_01 AT time_01 ;
  ia sa qa | a_02 AT time_02 ;
  ia sa qa | a_03 AT time_03 ;
  ia sa qa | a_04 AT time_04 ;
  ia sa qa | a_05 AT time_05 ;
  	!variance of the first-level terms
  ia (v_ia);
  sa (v_sa);
  qa (v_qa);
  	!covariance among first-level terms
  ia WITH sa (c_iasa);
  ia WITH qa (c_iaqa);
  sa WITH qa (c_saqa);
  	!second-level equation
  ia sa qa ON age_c80
  edu_c7
  female
  sbp_c167;
  	!residual covariance of process (A)
  a_01 (res_a);
  a_02 (res_a);
  a_03 (res_a);
  a_04 (res_a);
  a_05 (res_a);	
  SAVEDATA:
  FILE is   u2_12345_aefb_figure_fscores.dat;
  SAVE = FSCORES;
  RESULTS are   u2_12345_aefb_figure_results.dat;
  	
  OUTPUT: sampstat cinterval;
  PLOT: Type is Plot1 Plot2 Plot3;



*** WARNING
  Data set contains cases with missing on x-variables.
  These cases were not included in the analysis.
  Number of cases with missing on x-variables:  92
*** WARNING
  Data set contains cases with missing on all variables except
  x-variables.  These cases were not included in the analysis.
  Number of cases with missing on all variables except x-variables:  115
   2 WARNING(S) FOUND IN THE INPUT INSTRUCTIONS




Script produced from the prototype in ./sandbox/syntax-creator/

SUMMARY OF ANALYSIS

Number of groups                                                 1
Number of observations                                         377

Number of dependent variables                                    5
Number of independent variables                                  4
Number of continuous latent variables                            3

Observed dependent variables

  Continuous
   A_01        A_02        A_03        A_04        A_05

Observed independent variables
   AGE_C80     EDU_C7      FEMALE      SBP_C167

Continuous latent variables
   IA          SA          QA

Variables with special functions

  Cluster variable      PAIRID
  Weight variable       _WEIGHT

  Time scores
   TIME_01     TIME_02     TIME_03     TIME_04     TIME_05


Estimator                                                      MLR
Information matrix                                        OBSERVED
Maximum number of iterations                                   100
Convergence criterion                                    0.100D-05
Maximum number of EM iterations                                500
Convergence criteria for the EM algorithm
  Loglikelihood change                                   0.100D-02
  Relative loglikelihood change                          0.100D-05
  Derivative                                             0.100D-03
Minimum variance                                         0.100D-03
Maximum number of steepest descent iterations                   20
Maximum number of iterations for H1                           2000
Convergence criterion for H1                             0.100D-03
Optimization algorithm                                         EMA

Input data file(s)
  wide-dataset.dat
Input data format  FREE



SAMPLE STATISTICS


     ESTIMATED SAMPLE STATISTICS


           Means
              A_01          A_02          A_03          A_04          A_05
              ________      ________      ________      ________      ________
 1             15.654        15.727        15.586        15.363        15.172


           Means
              AGE_C80       EDU_C7        FEMALE        SBP_C167
              ________      ________      ________      ________
 1              3.108         0.321         0.647        -5.276


           Covariances
              A_01          A_02          A_03          A_04          A_05
              ________      ________      ________      ________      ________
 A_01          16.856
 A_02           7.652        13.740
 A_03           6.686         7.554        14.410
 A_04           5.880         5.628         8.588        16.692
 A_05           6.358         5.435         5.841         6.189        13.947
 AGE_C80       -1.495        -1.950        -1.725        -2.573        -0.689
 EDU_C7         1.562         1.091         1.535         0.102         0.477
 FEMALE         0.028         0.048         0.165         0.127        -0.169
 SBP_C167       4.726        12.081         7.560        -2.252         1.863


           Covariances
              AGE_C80       EDU_C7        FEMALE        SBP_C167
              ________      ________      ________      ________
 AGE_C80        6.924
 EDU_C7        -0.565         5.618
 FEMALE         0.106        -0.096         0.228
 SBP_C167      -3.504        -0.354         0.953       493.446


           Correlations
              A_01          A_02          A_03          A_04          A_05
              ________      ________      ________      ________      ________
 A_01           1.000
 A_02           0.503         1.000
 A_03           0.429         0.537         1.000
 A_04           0.351         0.372         0.554         1.000
 A_05           0.415         0.393         0.412         0.406         1.000
 AGE_C80       -0.138        -0.200        -0.173        -0.239        -0.070
 EDU_C7         0.160         0.124         0.171         0.010         0.054
 FEMALE         0.014         0.027         0.091         0.065        -0.095
 SBP_C167       0.052         0.147         0.090        -0.025         0.022


           Correlations
              AGE_C80       EDU_C7        FEMALE        SBP_C167
              ________      ________      ________      ________
 AGE_C80        1.000
 EDU_C7        -0.091         1.000
 FEMALE         0.084        -0.085         1.000
 SBP_C167      -0.060        -0.007         0.090         1.000


     MAXIMUM LOG-LIKELIHOOD VALUE FOR THE UNRESTRICTED (H1) MODEL IS -8727.568


UNIVARIATE HIGHER-ORDER MOMENT DESCRIPTIVE STATISTICS


     UNIVARIATE HIGHER-ORDER MOMENT DESCRIPTIVE STATISTICS

         Variable/         Mean/     Skewness/   Minimum/ % with                Percentiles
        Sample Size      Variance    Kurtosis    Maximum  Min/Max      20%/60%    40%/80%    Median

     A_01                 15.712      -0.483       2.000    0.23%      12.000     15.000     16.000
             433.000      16.811      -0.331      24.000    0.23%      17.000     19.000
     A_02                 15.974      -0.385       1.000    0.28%      12.000     15.000     16.000
             354.000      13.282      -0.007      24.000    1.41%      17.000     19.000
     A_03                 16.032      -0.401       4.000    0.37%      13.000     15.000     16.000
             268.000      13.693       0.063      24.000    1.12%      17.000     19.000
     A_04                 15.981      -0.635       2.000    0.51%      12.000     15.000     16.000
             197.000      15.781       0.478      24.000    1.52%      17.000     19.000
     A_05                 15.650      -0.372       6.000    0.72%      12.000     15.000     15.500
             138.000      13.628      -0.211      24.000    0.72%      16.000     18.000
     AGE_C80               3.108       1.007      -0.581    0.20%       0.877      1.711      2.285
             495.000       6.924       0.306      13.313    0.20%       2.941      5.334
     EDU_C7                0.321       1.876      -7.000    0.20%      -1.000     -1.000     -1.000
             495.000       5.618       5.117      13.000    0.20%       0.000      1.000
     FEMALE                0.647      -0.616       0.000   36.16%       0.000      1.000      1.000
             495.000       0.228      -1.620       1.000   63.84%       1.000      1.000
     SBP_C167             -5.276       0.448     -57.000    0.81%     -27.000     -7.000     -7.000
             495.000     493.446       0.835      93.000    0.20%      -2.000     13.000


THE MODEL ESTIMATION TERMINATED NORMALLY



MODEL FIT INFORMATION

Number of Free Parameters                       22

Loglikelihood

          H0 Value                       -2943.950
          H0 Scaling Correction Factor      1.0384
            for MLR

Information Criteria

          Akaike (AIC)                    5931.900
          Bayesian (BIC)                  6018.410
          Sample-Size Adjusted BIC        5948.609
            (n* = (n + 2) / 24)



MODEL RESULTS

                                                    Two-Tailed
                    Estimate       S.E.  Est./S.E.    P-Value

 IA         ON
    AGE_C80           -0.186      0.079     -2.358      0.018
    EDU_C7             0.257      0.082      3.145      0.002
    FEMALE             0.176      0.475      0.370      0.711
    SBP_C167           0.012      0.009      1.270      0.204

 SA         ON
    AGE_C80           -0.056      0.047     -1.172      0.241
    EDU_C7            -0.014      0.043     -0.324      0.746
    FEMALE             0.335      0.243      1.379      0.168
    SBP_C167           0.002      0.005      0.359      0.720

 QA         ON
    AGE_C80            0.007      0.006      1.191      0.233
    EDU_C7            -0.002      0.005     -0.326      0.744
    FEMALE            -0.051      0.031     -1.656      0.098
    SBP_C167           0.000      0.001     -0.730      0.466

 IA       WITH
    SA                -1.373      0.548     -2.503      0.012
    QA                 0.120      0.063      1.916      0.055

 SA       WITH
    QA                -0.076      0.040     -1.916      0.055

 Intercepts
    A_01               0.000      0.000    999.000    999.000
    A_02               0.000      0.000    999.000    999.000
    A_03               0.000      0.000    999.000    999.000
    A_04               0.000      0.000    999.000    999.000
    A_05               0.000      0.000    999.000    999.000
    IA                16.094      0.460     35.002      0.000
    SA                 0.036      0.234      0.153      0.879
    QA                -0.009      0.030     -0.311      0.756

 Residual Variances
    A_01               6.962      0.541     12.868      0.000
    A_02               6.962      0.541     12.868      0.000
    A_03               6.962      0.541     12.868      0.000
    A_04               6.962      0.541     12.868      0.000
    A_05               6.962      0.541     12.868      0.000
    IA                 9.111      1.240      7.346      0.000
    SA                 0.788      0.340      2.316      0.021
    QA                 0.008      0.005      1.570      0.116


QUALITY OF NUMERICAL RESULTS

     Condition Number for the Information Matrix              0.407E-05
       (ratio of smallest to largest eigenvalue)


CONFIDENCE INTERVALS OF MODEL RESULTS

                  Lower .5%  Lower 2.5%    Lower 5%    Estimate    Upper 5%  Upper 2.5%   Upper .5%

 IA       ON
    AGE_C80         -0.389      -0.341      -0.316      -0.186      -0.056      -0.031       0.017
    EDU_C7           0.046       0.097       0.122       0.257       0.391       0.416       0.467
    FEMALE          -1.049      -0.756      -0.606       0.176       0.958       1.108       1.401
    SBP_C167        -0.012      -0.006      -0.004       0.012       0.027       0.030       0.036

 SA       ON
    AGE_C80         -0.178      -0.148      -0.133      -0.056       0.022       0.037       0.066
    EDU_C7          -0.123      -0.097      -0.084      -0.014       0.056       0.070       0.096
    FEMALE          -0.291      -0.141      -0.065       0.335       0.735       0.811       0.961
    SBP_C167        -0.011      -0.008      -0.006       0.002       0.010       0.012       0.015

 QA       ON
    AGE_C80         -0.008      -0.005      -0.003       0.007       0.017       0.019       0.023
    EDU_C7          -0.016      -0.012      -0.011      -0.002       0.007       0.009       0.012
    FEMALE          -0.131      -0.112      -0.102      -0.051       0.000       0.009       0.028
    SBP_C167        -0.002      -0.002      -0.001       0.000       0.001       0.001       0.001

 IA       WITH
    SA              -2.785      -2.448      -2.275      -1.373      -0.470      -0.298       0.040
    QA              -0.041      -0.003       0.017       0.120       0.223       0.242       0.281

 SA       WITH
    QA              -0.178      -0.153      -0.141      -0.076      -0.011       0.002       0.026

 Intercepts
    A_01             0.000       0.000       0.000       0.000       0.000       0.000       0.000
    A_02             0.000       0.000       0.000       0.000       0.000       0.000       0.000
    A_03             0.000       0.000       0.000       0.000       0.000       0.000       0.000
    A_04             0.000       0.000       0.000       0.000       0.000       0.000       0.000
    A_05             0.000       0.000       0.000       0.000       0.000       0.000       0.000
    IA              14.910      15.193      15.338      16.094      16.851      16.996      17.279
    SA              -0.567      -0.423      -0.349       0.036       0.421       0.494       0.638
    QA              -0.086      -0.068      -0.058      -0.009       0.040       0.049       0.068

 Residual Variances
    A_01             5.569       5.902       6.072       6.962       7.852       8.023       8.356
    A_02             5.569       5.902       6.072       6.962       7.852       8.023       8.356
    A_03             5.569       5.902       6.072       6.962       7.852       8.023       8.356
    A_04             5.569       5.902       6.072       6.962       7.852       8.023       8.356
    A_05             5.569       5.902       6.072       6.962       7.852       8.023       8.356
    IA               5.917       6.680       7.071       9.111      11.151      11.542      12.306
    SA              -0.088       0.121       0.228       0.788       1.348       1.455       1.665
    QA              -0.005      -0.002       0.000       0.008       0.016       0.018       0.021


SAMPLE STATISTICS FOR ESTIMATED FACTOR SCORES


     SAMPLE STATISTICS


           Means
              IA            IA_SE         SA            SA_SE         QA
              ________      ________      ________      ________      ________
 1             15.360         1.862         0.063         0.786        -0.017


           Means
              QA_SE
              ________
 1              0.080


           Covariances
              IA            IA_SE         SA            SA_SE         QA
              ________      ________      ________      ________      ________
 IA             6.700
 IA_SE         -0.139         0.053
 SA            -0.438        -0.006         0.222
 SA_SE         -0.032         0.010        -0.001         0.002
 QA             0.028         0.001        -0.022         0.000         0.002
 QA_SE         -0.003         0.001         0.000         0.000         0.000


           Covariances
              QA_SE
              ________
 QA_SE          0.000


           Correlations
              IA            IA_SE         SA            SA_SE         QA
              ________      ________      ________      ________      ________
 IA             1.000
 IA_SE         -0.234         1.000
 SA            -0.359        -0.051         1.000
 SA_SE         -0.260         0.881        -0.052         1.000
 QA             0.216         0.099        -0.954         0.106         1.000
 QA_SE         -0.269         0.878        -0.053         0.996         0.109


           Correlations
              QA_SE
              ________
 QA_SE          1.000


RESULTS SAVING INFORMATION

  Order of data

    Parameter estimates
     (saved in order shown in Technical 1 output)
    Standard errors
     (saved in order shown in Technical 1 output)
    H0 Loglikelihood
    H0 Scaling Correction Factor for MLR
    Number of Free Parameters
    Akaike (AIC)
    Bayesian (BIC)
    Sample-Size Adjusted BIC

  Save file
    u2_12345_aefb_figure_results.dat

  Save file format           Free


PLOT INFORMATION

The following plots are available:

  Histograms (sample values, estimated factor scores)
  Scatterplots (sample values, estimated factor scores)
  Latent variable distribution plots

SAVEDATA INFORMATION


  Save file
    u2_12345_aefb_figure_fscores.dat

  Order and format of variables

    A_01           F10.3
    A_02           F10.3
    A_03           F10.3
    A_04           F10.3
    A_05           F10.3
    AGE_C80        F10.3
    EDU_C7         F10.3
    FEMALE         F10.3
    SBP_C167       F10.3
    TIME_01        F10.3
    TIME_02        F10.3
    TIME_03        F10.3
    TIME_04        F10.3
    TIME_05        F10.3
    _WEIGHT        F10.3
    IA             F10.3
    IA_SE          F10.3
    SA             F10.3
    SA_SE          F10.3
    QA             F10.3
    QA_SE          F10.3
    PAIRID         I6

  Save file format
    21F10.3 I6

  Save file record length    10000


     Beginning Time:  12:09:59
        Ending Time:  12:10:02
       Elapsed Time:  00:00:03



MUTHEN & MUTHEN
3463 Stoner Ave.
Los Angeles, CA  90066

Tel: (310) 391-9971
Fax: (310) 391-8971
Web: www.StatModel.com
Support: Support@StatModel.com

Copyright (c) 1998-2014 Muthen & Muthen
