Mplus VERSION 7.3
MUTHEN & MUTHEN
12/17/2016  12:10 PM

INPUT INSTRUCTIONS

  TITLE:
  Script produced from the prototype in ./sandbox/syntax-creator/
  DATA:
  File = wide-dataset.dat ;
  VARIABLE:
  NAMES are
   Case PairID female age_c80 edu_c7 sbp_c167 smoke cardio diabetes dementia_ever
      years_since_bl_01 years_since_bl_02 years_since_bl_03 years_since_bl_04
      years_since_bl_05 pef_01 pef_02 pef_03 pef_04 pef_05 grip_01 grip_02 grip_03
      grip_04 grip_05 gait_01 gait_02 gait_03 gait_04 gait_05 block_01 block_02
      block_03 block_04 block_05 digitspanbackward_01 digitspanbackward_02
      digitspanbackward_03 digitspanbackward_04 digitspanbackward_05
      digitspanforward_01 digitspanforward_02 digitspanforward_03 digitspanforward_04
      digitspanforward_05 symbol_01 symbol_02 symbol_03 symbol_04 symbol_05 prose_01
      prose_02 prose_03 prose_04 prose_05 info_01 info_02 info_03 info_04 info_05
      synonyms_01 synonyms_02 synonyms_03 synonyms_04 synonyms_05 psif_01 psif_02
      psif_03 psif_04 psif_05 figure_01 figure_02 figure_03 figure_04 figure_05
      mirrecall_01 mirrecall_02 mirrecall_03 mirrecall_04 mirrecall_05 mmse_01 mmse_02
      mmse_03 mmse_04 mmse_05 mirnaming_01 mirnaming_02 mirnaming_03 mirnaming_04
      mirnaming_05 mirrecog_01 mirrecog_02 mirrecog_03 mirrecog_04 mirrecog_05
      clock_01 clock_02 clock_03 clock_04 clock_05
  	;
  Missing are all (-9999);
  USEVARIABLES are
  	!define the variables used in the analysis
  	! covariates used in the model
  age_c80
  edu_c7
  female
  sbp_c167	
  	!estimated time points
  time_01
  time_02
  time_03
  time_05
  	!modelled time points of process (A)
  a_01
  a_02
  a_03
  a_05
  ;
  TSCORES are
  	!estimated time points
  time_01
  time_02
  time_03
  time_05;
  CLUSTER = PairID;
  SUBPOPULATION are
  	!select a subset of observations
  dementia_ever NE 1
  ;
  DEFINE:
  	! assign variables to the process (A)
  a_01 = figure_01;
  a_02 = figure_02;
  a_03 = figure_03;
  a_05 = figure_05;
  	!assign variables to time points
  time_01 = years_since_bl_01;
  time_02 = years_since_bl_02;
  time_03 = years_since_bl_03;
  time_05 = years_since_bl_05;
  	
  ANALYSIS: TYPE = RANDOM COMPLEX;
  COVERAGE=.00;
  MODEL:
  	!first-level equation
  	! assign process (A) to time points
  ia sa qa | a_01 AT time_01 ;
  ia sa qa | a_02 AT time_02 ;
  ia sa qa | a_03 AT time_03 ;
  ia sa qa | a_05 AT time_05 ;
  	!variance of the first-level terms
  ia (v_ia);
  sa (v_sa);
  qa (v_qa);
  	!covariance among first-level terms
  ia WITH sa (c_iasa);
  ia WITH qa (c_iaqa);
  sa WITH qa (c_saqa);
  	!second-level equation
  ia sa qa ON age_c80
  edu_c7
  female
  sbp_c167;
  	!residual covariance of process (A)
  a_01 (res_a);
  a_02 (res_a);
  a_03 (res_a);
  a_05 (res_a);	
  SAVEDATA:
  FILE is   u2_1235_aefb_figure_fscores.dat;
  SAVE = FSCORES;
  RESULTS are   u2_1235_aefb_figure_results.dat;
  	
  OUTPUT: sampstat cinterval;
  PLOT: Type is Plot1 Plot2 Plot3;



*** WARNING
  Data set contains cases with missing on x-variables.
  These cases were not included in the analysis.
  Number of cases with missing on x-variables:  92
*** WARNING
  Data set contains cases with missing on all variables except
  x-variables.  These cases were not included in the analysis.
  Number of cases with missing on all variables except x-variables:  117
   2 WARNING(S) FOUND IN THE INPUT INSTRUCTIONS




Script produced from the prototype in ./sandbox/syntax-creator/

SUMMARY OF ANALYSIS

Number of groups                                                 1
Number of observations                                         377

Number of dependent variables                                    4
Number of independent variables                                  4
Number of continuous latent variables                            3

Observed dependent variables

  Continuous
   A_01        A_02        A_03        A_05

Observed independent variables
   AGE_C80     EDU_C7      FEMALE      SBP_C167

Continuous latent variables
   IA          SA          QA

Variables with special functions

  Cluster variable      PAIRID
  Weight variable       _WEIGHT

  Time scores
   TIME_01     TIME_02     TIME_03     TIME_05


Estimator                                                      MLR
Information matrix                                        OBSERVED
Maximum number of iterations                                   100
Convergence criterion                                    0.100D-05
Maximum number of EM iterations                                500
Convergence criteria for the EM algorithm
  Loglikelihood change                                   0.100D-02
  Relative loglikelihood change                          0.100D-05
  Derivative                                             0.100D-03
Minimum variance                                         0.100D-03
Maximum number of steepest descent iterations                   20
Maximum number of iterations for H1                           2000
Convergence criterion for H1                             0.100D-03
Optimization algorithm                                         EMA

Input data file(s)
  wide-dataset.dat
Input data format  FREE



SAMPLE STATISTICS


     ESTIMATED SAMPLE STATISTICS


           Means
              A_01          A_02          A_03          A_05          AGE_C80
              ________      ________      ________      ________      ________
 1             15.661        15.731        15.648        15.228         3.108


           Means
              EDU_C7        FEMALE        SBP_C167
              ________      ________      ________
 1              0.321         0.647        -5.276


           Covariances
              A_01          A_02          A_03          A_05          AGE_C80
              ________      ________      ________      ________      ________
 A_01          16.882
 A_02           7.641        13.693
 A_03           6.592         7.458        14.173
 A_05           6.159         5.402         5.672        13.761
 AGE_C80       -1.501        -1.935        -1.742        -0.612         6.924
 EDU_C7         1.565         1.085         1.566         0.556        -0.565
 FEMALE         0.028         0.051         0.158        -0.183         0.106
 SBP_C167       4.614        11.920         7.199         3.055        -3.504


           Covariances
              EDU_C7        FEMALE        SBP_C167
              ________      ________      ________
 EDU_C7         5.618
 FEMALE        -0.096         0.228
 SBP_C167      -0.354         0.953       493.446


           Correlations
              A_01          A_02          A_03          A_05          AGE_C80
              ________      ________      ________      ________      ________
 A_01           1.000
 A_02           0.503         1.000
 A_03           0.426         0.535         1.000
 A_05           0.404         0.394         0.406         1.000
 AGE_C80       -0.139        -0.199        -0.176        -0.063         1.000
 EDU_C7         0.161         0.124         0.175         0.063        -0.091
 FEMALE         0.014         0.029         0.088        -0.103         0.084
 SBP_C167       0.051         0.145         0.086         0.037        -0.060


           Correlations
              EDU_C7        FEMALE        SBP_C167
              ________      ________      ________
 EDU_C7         1.000
 FEMALE        -0.085         1.000
 SBP_C167      -0.007         0.090         1.000


     MAXIMUM LOG-LIKELIHOOD VALUE FOR THE UNRESTRICTED (H1) MODEL IS -8147.369


UNIVARIATE HIGHER-ORDER MOMENT DESCRIPTIVE STATISTICS


     UNIVARIATE HIGHER-ORDER MOMENT DESCRIPTIVE STATISTICS

         Variable/         Mean/     Skewness/   Minimum/ % with                Percentiles
        Sample Size      Variance    Kurtosis    Maximum  Min/Max      20%/60%    40%/80%    Median

     A_01                 15.712      -0.483       2.000    0.23%      12.000     15.000     16.000
             433.000      16.811      -0.331      24.000    0.23%      17.000     19.000
     A_02                 15.974      -0.385       1.000    0.28%      12.000     15.000     16.000
             354.000      13.282      -0.007      24.000    1.41%      17.000     19.000
     A_03                 16.032      -0.401       4.000    0.37%      13.000     15.000     16.000
             268.000      13.693       0.063      24.000    1.12%      17.000     19.000
     A_05                 15.650      -0.372       6.000    0.72%      12.000     15.000     15.500
             138.000      13.627      -0.211      24.000    0.72%      16.000     18.000
     AGE_C80               3.108       1.007      -0.581    0.20%       0.887      1.711      2.285
             493.000       6.924       0.306      13.313    0.20%       2.941      5.310
     EDU_C7                0.321       1.876      -7.000    0.20%      -1.000     -1.000     -1.000
             493.000       5.618       5.117      13.000    0.20%       0.000      1.000
     FEMALE                0.647      -0.616       0.000   36.11%       0.000      1.000      1.000
             493.000       0.228      -1.620       1.000   63.89%       1.000      1.000
     SBP_C167             -5.276       0.448     -57.000    0.81%     -27.000     -7.000     -7.000
             493.000     493.446       0.835      93.000    0.20%      -2.000     13.000


THE MODEL ESTIMATION TERMINATED NORMALLY



MODEL FIT INFORMATION

Number of Free Parameters                       22

Loglikelihood

          H0 Value                       -2519.232
          H0 Scaling Correction Factor      1.0287
            for MLR

Information Criteria

          Akaike (AIC)                    5082.465
          Bayesian (BIC)                  5168.974
          Sample-Size Adjusted BIC        5099.174
            (n* = (n + 2) / 24)



MODEL RESULTS

                                                    Two-Tailed
                    Estimate       S.E.  Est./S.E.    P-Value

 IA         ON
    AGE_C80           -0.196      0.079     -2.472      0.013
    EDU_C7             0.249      0.083      3.007      0.003
    FEMALE             0.215      0.476      0.451      0.652
    SBP_C167           0.010      0.009      1.054      0.292

 SA         ON
    AGE_C80           -0.042      0.049     -0.860      0.390
    EDU_C7            -0.003      0.046     -0.068      0.946
    FEMALE             0.297      0.248      1.194      0.233
    SBP_C167           0.004      0.005      0.769      0.442

 QA         ON
    AGE_C80            0.007      0.006      1.134      0.257
    EDU_C7            -0.002      0.005     -0.305      0.760
    FEMALE            -0.051      0.031     -1.633      0.102
    SBP_C167          -0.001      0.001     -0.892      0.373

 IA       WITH
    SA                -1.501      0.525     -2.861      0.004
    QA                 0.129      0.058      2.213      0.027

 SA       WITH
    QA                -0.092      0.042     -2.161      0.031

 Intercepts
    A_01               0.000      0.000    999.000    999.000
    A_02               0.000      0.000    999.000    999.000
    A_03               0.000      0.000    999.000    999.000
    A_05               0.000      0.000    999.000    999.000
    IA                16.101      0.463     34.785      0.000
    SA                 0.017      0.239      0.071      0.943
    QA                -0.006      0.030     -0.198      0.843

 Residual Variances
    A_01               6.350      0.638      9.953      0.000
    A_02               6.350      0.638      9.953      0.000
    A_03               6.350      0.638      9.953      0.000
    A_05               6.350      0.638      9.953      0.000
    IA                 9.591      1.229      7.802      0.000
    SA                 0.885      0.363      2.441      0.015
    QA                 0.010      0.006      1.868      0.062


QUALITY OF NUMERICAL RESULTS

     Condition Number for the Information Matrix              0.123E-06
       (ratio of smallest to largest eigenvalue)


CONFIDENCE INTERVALS OF MODEL RESULTS

                  Lower .5%  Lower 2.5%    Lower 5%    Estimate    Upper 5%  Upper 2.5%   Upper .5%

 IA       ON
    AGE_C80         -0.399      -0.351      -0.326      -0.196      -0.065      -0.040       0.008
    EDU_C7           0.036       0.087       0.113       0.249       0.385       0.411       0.462
    FEMALE          -1.012      -0.719      -0.569       0.215       0.998       1.148       1.442
    SBP_C167        -0.014      -0.009      -0.006       0.010       0.025       0.028       0.034

 SA       ON
    AGE_C80         -0.169      -0.138      -0.123      -0.042       0.039       0.054       0.084
    EDU_C7          -0.121      -0.093      -0.079      -0.003       0.072       0.087       0.115
    FEMALE          -0.343      -0.190      -0.112       0.297       0.705       0.783       0.936
    SBP_C167        -0.009      -0.006      -0.004       0.004       0.012       0.014       0.017

 QA       ON
    AGE_C80         -0.009      -0.005      -0.003       0.007       0.018       0.020       0.023
    EDU_C7          -0.016      -0.012      -0.011      -0.002       0.007       0.009       0.012
    FEMALE          -0.131      -0.112      -0.102      -0.051       0.000       0.010       0.029
    SBP_C167        -0.002      -0.002      -0.002      -0.001       0.000       0.001       0.001

 IA       WITH
    SA              -2.852      -2.529      -2.364      -1.501      -0.638      -0.472      -0.149
    QA              -0.021       0.015       0.033       0.129       0.225       0.243       0.279

 SA       WITH
    QA              -0.201      -0.175      -0.161      -0.092      -0.022      -0.009       0.018

 Intercepts
    A_01             0.000       0.000       0.000       0.000       0.000       0.000       0.000
    A_02             0.000       0.000       0.000       0.000       0.000       0.000       0.000
    A_03             0.000       0.000       0.000       0.000       0.000       0.000       0.000
    A_05             0.000       0.000       0.000       0.000       0.000       0.000       0.000
    IA              14.909      15.194      15.340      16.101      16.863      17.008      17.293
    SA              -0.597      -0.451      -0.375       0.017       0.409       0.484       0.631
    QA              -0.083      -0.065      -0.055      -0.006       0.043       0.053       0.071

 Residual Variances
    A_01             4.707       5.100       5.301       6.350       7.400       7.601       7.993
    A_02             4.707       5.100       5.301       6.350       7.400       7.601       7.993
    A_03             4.707       5.100       5.301       6.350       7.400       7.601       7.993
    A_05             4.707       5.100       5.301       6.350       7.400       7.601       7.993
    IA               6.424       7.181       7.569       9.591      11.613      12.000      12.757
    SA              -0.049       0.174       0.289       0.885       1.482       1.596       1.820
    QA              -0.004      -0.001       0.001       0.010       0.019       0.021       0.024


SAMPLE STATISTICS FOR ESTIMATED FACTOR SCORES


     SAMPLE STATISTICS


           Means
              IA            IA_SE         SA            SA_SE         QA
              ________      ________      ________      ________      ________
 1             15.390         1.843         0.066         0.833        -0.014


           Means
              QA_SE
              ________
 1              0.092


           Covariances
              IA            IA_SE         SA            SA_SE         QA
              ________      ________      ________      ________      ________
 IA             7.208
 IA_SE         -0.134         0.059
 SA            -0.553        -0.001         0.238
 SA_SE         -0.029         0.010         0.000         0.002
 QA             0.034         0.001        -0.025         0.000         0.003
 QA_SE         -0.003         0.001         0.000         0.000         0.000


           Covariances
              QA_SE
              ________
 QA_SE          0.000


           Correlations
              IA            IA_SE         SA            SA_SE         QA
              ________      ________      ________      ________      ________
 IA             1.000
 IA_SE         -0.204         1.000
 SA            -0.423        -0.010         1.000
 SA_SE         -0.236         0.904         0.002         1.000
 QA             0.231         0.066        -0.955         0.061         1.000
 QA_SE         -0.260         0.833        -0.019         0.966         0.093


           Correlations
              QA_SE
              ________
 QA_SE          1.000


RESULTS SAVING INFORMATION

  Order of data

    Parameter estimates
     (saved in order shown in Technical 1 output)
    Standard errors
     (saved in order shown in Technical 1 output)
    H0 Loglikelihood
    H0 Scaling Correction Factor for MLR
    Number of Free Parameters
    Akaike (AIC)
    Bayesian (BIC)
    Sample-Size Adjusted BIC

  Save file
    u2_1235_aefb_figure_results.dat

  Save file format           Free


PLOT INFORMATION

The following plots are available:

  Histograms (sample values, estimated factor scores)
  Scatterplots (sample values, estimated factor scores)
  Latent variable distribution plots

SAVEDATA INFORMATION


  Save file
    u2_1235_aefb_figure_fscores.dat

  Order and format of variables

    A_01           F10.3
    A_02           F10.3
    A_03           F10.3
    A_05           F10.3
    AGE_C80        F10.3
    EDU_C7         F10.3
    FEMALE         F10.3
    SBP_C167       F10.3
    TIME_01        F10.3
    TIME_02        F10.3
    TIME_03        F10.3
    TIME_05        F10.3
    _WEIGHT        F10.3
    IA             F10.3
    IA_SE          F10.3
    SA             F10.3
    SA_SE          F10.3
    QA             F10.3
    QA_SE          F10.3
    PAIRID         I6

  Save file format
    19F10.3 I6

  Save file record length    10000


     Beginning Time:  12:10:11
        Ending Time:  12:10:13
       Elapsed Time:  00:00:02



MUTHEN & MUTHEN
3463 Stoner Ave.
Los Angeles, CA  90066

Tel: (310) 391-9971
Fax: (310) 391-8971
Web: www.StatModel.com
Support: Support@StatModel.com

Copyright (c) 1998-2014 Muthen & Muthen
