Mplus VERSION 7.3
MUTHEN & MUTHEN
12/17/2016   6:15 PM

INPUT INSTRUCTIONS

  TITLE:
  Script produced from the prototype in ./sandbox/syntax-creator/
  DATA:
  File = wide-dataset.dat ;
  VARIABLE:
  NAMES are
   Case PairID female age_c80 edu_c7 sbp_c167 smoke cardio diabetes dementia_ever
      years_since_bl_01 years_since_bl_02 years_since_bl_03 years_since_bl_04
      years_since_bl_05 pef_01 pef_02 pef_03 pef_04 pef_05 grip_01 grip_02 grip_03
      grip_04 grip_05 gait_01 gait_02 gait_03 gait_04 gait_05 block_01 block_02
      block_03 block_04 block_05 digitspanbackward_01 digitspanbackward_02
      digitspanbackward_03 digitspanbackward_04 digitspanbackward_05
      digitspanforward_01 digitspanforward_02 digitspanforward_03 digitspanforward_04
      digitspanforward_05 symbol_01 symbol_02 symbol_03 symbol_04 symbol_05 prose_01
      prose_02 prose_03 prose_04 prose_05 info_01 info_02 info_03 info_04 info_05
      synonyms_01 synonyms_02 synonyms_03 synonyms_04 synonyms_05 psif_01 psif_02
      psif_03 psif_04 psif_05 figure_01 figure_02 figure_03 figure_04 figure_05
      mirrecall_01 mirrecall_02 mirrecall_03 mirrecall_04 mirrecall_05 mmse_01 mmse_02
      mmse_03 mmse_04 mmse_05 mirnaming_01 mirnaming_02 mirnaming_03 mirnaming_04
      mirnaming_05 mirrecog_01 mirrecog_02 mirrecog_03 mirrecog_04 mirrecog_05
      clock_01 clock_02 clock_03 clock_04 clock_05
  	;
  Missing are all (-9999);
  USEVARIABLES are
  	!define the variables used in the analysis
  	! covariates used in the model
  age_c80
  edu_c7
  female
  sbp_c167	
  	!estimated time points
  time_01
  time_02
  time_05
  	!modelled time points of process (A)
  a_01
  a_02
  a_05
  ;
  TSCORES are
  	!estimated time points
  time_01
  time_02
  time_05;
  CLUSTER = PairID;
  SUBPOPULATION are
  	!select a subset of observations
  dementia_ever NE 1
  ;
  DEFINE:
  	! assign variables to the process (A)
  a_01 = figure_01;
  a_02 = figure_02;
  a_05 = figure_05;
  	!assign variables to time points
  time_01 = years_since_bl_01;
  time_02 = years_since_bl_02;
  time_05 = years_since_bl_05;
  	
  ANALYSIS: TYPE = RANDOM COMPLEX;
  COVERAGE=.00;
  MODEL:
  	!first-level equation
  	! assign process (A) to time points
  ia sa qa | a_01 AT time_01 ;
  ia sa qa | a_02 AT time_02 ;
  ia sa qa | a_05 AT time_05 ;
  	!variance of the first-level terms
  ia (v_ia);
  sa (v_sa);
  qa (v_qa);
  	!covariance among first-level terms
  ia WITH sa (c_iasa);
  ia WITH qa (c_iaqa);
  sa WITH qa (c_saqa);
  	!second-level equation
  ia sa qa ON age_c80
  edu_c7
  female
  sbp_c167;
  	!residual covariance of process (A)
  a_01 (res_a);
  a_02 (res_a);
  a_05 (res_a);	
  SAVEDATA:
  FILE is   u2_125_aefb_figure_fscores.dat;
  SAVE = FSCORES;
  RESULTS are   u2_125_aefb_figure_results.dat;
  	
  OUTPUT: sampstat cinterval;
  PLOT: Type is Plot1 Plot2 Plot3;



*** WARNING
  Data set contains cases with missing on x-variables.
  These cases were not included in the analysis.
  Number of cases with missing on x-variables:  92
*** WARNING
  Data set contains cases with missing on all variables except
  x-variables.  These cases were not included in the analysis.
  Number of cases with missing on all variables except x-variables:  127
   2 WARNING(S) FOUND IN THE INPUT INSTRUCTIONS




Script produced from the prototype in ./sandbox/syntax-creator/

SUMMARY OF ANALYSIS

Number of groups                                                 1
Number of observations                                         369

Number of dependent variables                                    3
Number of independent variables                                  4
Number of continuous latent variables                            3

Observed dependent variables

  Continuous
   A_01        A_02        A_05

Observed independent variables
   AGE_C80     EDU_C7      FEMALE      SBP_C167

Continuous latent variables
   IA          SA          QA

Variables with special functions

  Cluster variable      PAIRID
  Weight variable       _WEIGHT

  Time scores
   TIME_01     TIME_02     TIME_05


Estimator                                                      MLR
Information matrix                                        OBSERVED
Maximum number of iterations                                   100
Convergence criterion                                    0.100D-05
Maximum number of EM iterations                                500
Convergence criteria for the EM algorithm
  Loglikelihood change                                   0.100D-02
  Relative loglikelihood change                          0.100D-05
  Derivative                                             0.100D-03
Minimum variance                                         0.100D-03
Maximum number of steepest descent iterations                   20
Maximum number of iterations for H1                           2000
Convergence criterion for H1                             0.100D-03
Optimization algorithm                                         EMA

Input data file(s)
  wide-dataset.dat
Input data format  FREE



SAMPLE STATISTICS


     ESTIMATED SAMPLE STATISTICS


           Means
              A_01          A_02          A_05          AGE_C80       EDU_C7
              ________      ________      ________      ________      ________
 1             15.674        15.759        15.339         3.114         0.350


           Means
              FEMALE        SBP_C167
              ________      ________
 1              0.656        -5.347


           Covariances
              A_01          A_02          A_05          AGE_C80       EDU_C7
              ________      ________      ________      ________      ________
 A_01          16.873
 A_02           7.555        13.641
 A_05           6.192         5.321        13.873
 AGE_C80       -1.480        -1.924        -0.697         6.984
 EDU_C7         1.548         0.932         0.563        -0.543         5.664
 FEMALE         0.025         0.060        -0.239         0.102        -0.110
 SBP_C167       4.957        12.966         3.442        -3.812        -0.077


           Covariances
              FEMALE        SBP_C167
              ________      ________
 FEMALE         0.226
 SBP_C167       0.975       500.248


           Correlations
              A_01          A_02          A_05          AGE_C80       EDU_C7
              ________      ________      ________      ________      ________
 A_01           1.000
 A_02           0.498         1.000
 A_05           0.405         0.387         1.000
 AGE_C80       -0.136        -0.197        -0.071         1.000
 EDU_C7         0.158         0.106         0.064        -0.086         1.000
 FEMALE         0.013         0.034        -0.135         0.081        -0.097
 SBP_C167       0.054         0.157         0.041        -0.064        -0.001


           Correlations
              FEMALE        SBP_C167
              ________      ________
 FEMALE         1.000
 SBP_C167       0.092         1.000


     MAXIMUM LOG-LIKELIHOOD VALUE FOR THE UNRESTRICTED (H1) MODEL IS -7328.462


UNIVARIATE HIGHER-ORDER MOMENT DESCRIPTIVE STATISTICS


     UNIVARIATE HIGHER-ORDER MOMENT DESCRIPTIVE STATISTICS

         Variable/         Mean/     Skewness/   Minimum/ % with                Percentiles
        Sample Size      Variance    Kurtosis    Maximum  Min/Max      20%/60%    40%/80%    Median

     A_01                 15.712      -0.483       2.000    0.23%      12.000     15.000     16.000
             433.000      16.811      -0.331      24.000    0.23%      17.000     19.000
     A_02                 15.974      -0.385       1.000    0.28%      12.000     15.000     16.000
             354.000      13.282      -0.007      24.000    1.41%      17.000     19.000
     A_05                 15.650      -0.372       6.000    0.72%      12.000     15.000     15.500
             138.000      13.627      -0.211      24.000    0.72%      16.000     18.000
     AGE_C80               3.114       1.002      -0.581    0.21%       0.887      1.711      2.285
             483.000       6.984       0.287      13.313    0.21%       2.991      5.334
     EDU_C7                0.350       1.877      -7.000    0.21%      -1.000     -1.000      0.000
             483.000       5.664       5.040      13.000    0.21%       0.000      1.000
     FEMALE                0.656      -0.656       0.000   35.61%       0.000      1.000      1.000
             483.000       0.226      -1.570       1.000   64.39%       1.000      1.000
     SBP_C167             -5.347       0.455     -57.000    0.83%     -27.000     -7.000     -7.000
             483.000     500.248       0.813      93.000    0.21%      -2.000     13.000


THE MODEL ESTIMATION TERMINATED NORMALLY



MODEL FIT INFORMATION

Number of Free Parameters                       22

Loglikelihood

          H0 Value                       -1961.344
          H0 Scaling Correction Factor      0.9486
            for MLR

Information Criteria

          Akaike (AIC)                    3966.689
          Bayesian (BIC)                  4052.726
          Sample-Size Adjusted BIC        3982.928
            (n* = (n + 2) / 24)



MODEL RESULTS

                                                    Two-Tailed
                    Estimate       S.E.  Est./S.E.    P-Value

 IA         ON
    AGE_C80           -0.190      0.081     -2.334      0.020
    EDU_C7             0.262      0.087      3.013      0.003
    FEMALE             0.294      0.484      0.607      0.544
    SBP_C167           0.008      0.010      0.854      0.393

 SA         ON
    AGE_C80           -0.046      0.061     -0.762      0.446
    EDU_C7            -0.068      0.069     -0.981      0.326
    FEMALE             0.097      0.311      0.311      0.756
    SBP_C167           0.010      0.007      1.459      0.144

 QA         ON
    AGE_C80            0.007      0.007      0.991      0.322
    EDU_C7             0.006      0.008      0.690      0.490
    FEMALE            -0.034      0.038     -0.893      0.372
    SBP_C167          -0.001      0.001     -1.509      0.131

 IA       WITH
    SA                -2.840      0.988     -2.874      0.004
    QA                 0.265      0.110      2.401      0.016

 SA       WITH
    QA                -0.263      0.130     -2.026      0.043

 Intercepts
    A_01               0.000      0.000    999.000    999.000
    A_02               0.000      0.000    999.000    999.000
    A_05               0.000      0.000    999.000    999.000
    IA                16.025      0.465     34.444      0.000
    SA                 0.228      0.280      0.816      0.414
    QA                -0.023      0.034     -0.681      0.496

 Residual Variances
    A_01               4.555      1.297      3.512      0.000
    A_02               4.555      1.297      3.512      0.000
    A_05               4.555      1.297      3.512      0.000
    IA                11.529      1.620      7.117      0.000
    SA                 2.401      1.125      2.133      0.033
    QA                 0.030      0.015      1.992      0.046


QUALITY OF NUMERICAL RESULTS

     Condition Number for the Information Matrix              0.184E-07
       (ratio of smallest to largest eigenvalue)


CONFIDENCE INTERVALS OF MODEL RESULTS

                  Lower .5%  Lower 2.5%    Lower 5%    Estimate    Upper 5%  Upper 2.5%   Upper .5%

 IA       ON
    AGE_C80         -0.400      -0.350      -0.324      -0.190      -0.056      -0.030       0.020
    EDU_C7           0.038       0.092       0.119       0.262       0.405       0.433       0.486
    FEMALE          -0.954      -0.656      -0.503       0.294       1.091       1.243       1.542
    SBP_C167        -0.017      -0.011      -0.008       0.008       0.024       0.027       0.033

 SA       ON
    AGE_C80         -0.203      -0.166      -0.146      -0.046       0.054       0.073       0.110
    EDU_C7          -0.246      -0.204      -0.182      -0.068       0.046       0.068       0.110
    FEMALE          -0.704      -0.513      -0.415       0.097       0.608       0.706       0.898
    SBP_C167        -0.007      -0.003      -0.001       0.010       0.021       0.023       0.027

 QA       ON
    AGE_C80         -0.012      -0.007      -0.005       0.007       0.020       0.022       0.027
    EDU_C7          -0.015      -0.010      -0.008       0.006       0.019       0.021       0.026
    FEMALE          -0.130      -0.107      -0.095      -0.034       0.028       0.040       0.063
    SBP_C167        -0.003      -0.003      -0.003      -0.001       0.000       0.000       0.001

 IA       WITH
    SA              -5.386      -4.777      -4.466      -2.840      -1.215      -0.903      -0.295
    QA              -0.019       0.049       0.083       0.265       0.446       0.481       0.549

 SA       WITH
    QA              -0.598      -0.518      -0.477      -0.263      -0.049      -0.009       0.071

 Intercepts
    A_01             0.000       0.000       0.000       0.000       0.000       0.000       0.000
    A_02             0.000       0.000       0.000       0.000       0.000       0.000       0.000
    A_05             0.000       0.000       0.000       0.000       0.000       0.000       0.000
    IA              14.827      15.113      15.260      16.025      16.790      16.937      17.224
    SA              -0.492      -0.320      -0.232       0.228       0.688       0.776       0.948
    QA              -0.112      -0.091      -0.080      -0.023       0.033       0.044       0.065

 Residual Variances
    A_01             1.215       2.013       2.422       4.555       6.689       7.098       7.896
    A_02             1.215       2.013       2.422       4.555       6.689       7.098       7.896
    A_05             1.215       2.013       2.422       4.555       6.689       7.098       7.896
    IA               7.357       8.354       8.865      11.529      14.194      14.704      15.702
    SA              -0.498       0.195       0.550       2.401       4.252       4.607       5.300
    QA              -0.009       0.000       0.005       0.030       0.056       0.060       0.070


SAMPLE STATISTICS FOR ESTIMATED FACTOR SCORES


     SAMPLE STATISTICS


           Means
              IA            IA_SE         SA            SA_SE         QA
              ________      ________      ________      ________      ________
 1             15.381         1.831         0.074         1.273        -0.013


           Means
              QA_SE
              ________
 1              0.147


           Covariances
              IA            IA_SE         SA            SA_SE         QA
              ________      ________      ________      ________      ________
 IA             9.142
 IA_SE         -0.155         0.111
 SA            -1.422        -0.013         0.912
 SA_SE         -0.070         0.031         0.000         0.013
 QA             0.116         0.002        -0.098         0.000         0.011
 QA_SE         -0.008         0.003         0.000         0.001         0.000


           Covariances
              QA_SE
              ________
 QA_SE          0.000


           Correlations
              IA            IA_SE         SA            SA_SE         QA
              ________      ________      ________      ________      ________
 IA             1.000
 IA_SE         -0.153         1.000
 SA            -0.492        -0.042         1.000
 SA_SE         -0.200         0.798         0.004         1.000
 QA             0.363         0.064        -0.977         0.026         1.000
 QA_SE         -0.213         0.652         0.005         0.969         0.032


           Correlations
              QA_SE
              ________
 QA_SE          1.000


RESULTS SAVING INFORMATION

  Order of data

    Parameter estimates
     (saved in order shown in Technical 1 output)
    Standard errors
     (saved in order shown in Technical 1 output)
    H0 Loglikelihood
    H0 Scaling Correction Factor for MLR
    Number of Free Parameters
    Akaike (AIC)
    Bayesian (BIC)
    Sample-Size Adjusted BIC

  Save file
    u2_125_aefb_figure_results.dat

  Save file format           Free


PLOT INFORMATION

The following plots are available:

  Histograms (sample values, estimated factor scores)
  Scatterplots (sample values, estimated factor scores)
  Latent variable distribution plots

SAVEDATA INFORMATION


  Save file
    u2_125_aefb_figure_fscores.dat

  Order and format of variables

    A_01           F10.3
    A_02           F10.3
    A_05           F10.3
    AGE_C80        F10.3
    EDU_C7         F10.3
    FEMALE         F10.3
    SBP_C167       F10.3
    TIME_01        F10.3
    TIME_02        F10.3
    TIME_05        F10.3
    _WEIGHT        F10.3
    IA             F10.3
    IA_SE          F10.3
    SA             F10.3
    SA_SE          F10.3
    QA             F10.3
    QA_SE          F10.3
    PAIRID         I6

  Save file format
    17F10.3 I6

  Save file record length    10000


     Beginning Time:  18:15:39
        Ending Time:  18:15:41
       Elapsed Time:  00:00:02



MUTHEN & MUTHEN
3463 Stoner Ave.
Los Angeles, CA  90066

Tel: (310) 391-9971
Fax: (310) 391-8971
Web: www.StatModel.com
Support: Support@StatModel.com

Copyright (c) 1998-2014 Muthen & Muthen
