Mplus VERSION 7.3
MUTHEN & MUTHEN
12/17/2016   6:15 PM

INPUT INSTRUCTIONS

  TITLE:
  Script produced from the prototype in ./sandbox/syntax-creator/
  DATA:
  File = wide-dataset.dat ;
  VARIABLE:
  NAMES are
   Case PairID female age_c80 edu_c7 sbp_c167 smoke cardio diabetes dementia_ever
      years_since_bl_01 years_since_bl_02 years_since_bl_03 years_since_bl_04
      years_since_bl_05 pef_01 pef_02 pef_03 pef_04 pef_05 grip_01 grip_02 grip_03
      grip_04 grip_05 gait_01 gait_02 gait_03 gait_04 gait_05 block_01 block_02
      block_03 block_04 block_05 digitspanbackward_01 digitspanbackward_02
      digitspanbackward_03 digitspanbackward_04 digitspanbackward_05
      digitspanforward_01 digitspanforward_02 digitspanforward_03 digitspanforward_04
      digitspanforward_05 symbol_01 symbol_02 symbol_03 symbol_04 symbol_05 prose_01
      prose_02 prose_03 prose_04 prose_05 info_01 info_02 info_03 info_04 info_05
      synonyms_01 synonyms_02 synonyms_03 synonyms_04 synonyms_05 psif_01 psif_02
      psif_03 psif_04 psif_05 figure_01 figure_02 figure_03 figure_04 figure_05
      mirrecall_01 mirrecall_02 mirrecall_03 mirrecall_04 mirrecall_05 mmse_01 mmse_02
      mmse_03 mmse_04 mmse_05 mirnaming_01 mirnaming_02 mirnaming_03 mirnaming_04
      mirnaming_05 mirrecog_01 mirrecog_02 mirrecog_03 mirrecog_04 mirrecog_05
      clock_01 clock_02 clock_03 clock_04 clock_05
  	;
  Missing are all (-9999);
  USEVARIABLES are
  	!define the variables used in the analysis
  	! covariates used in the model
  age_c80
  edu_c7
  female	
  	!estimated time points
  time_01
  time_02
  time_05
  	!modelled time points of process (A)
  a_01
  a_02
  a_05
  ;
  TSCORES are
  	!estimated time points
  time_01
  time_02
  time_05;
  CLUSTER = PairID;
  SUBPOPULATION are
  	!select a subset of observations
  dementia_ever NE 1
  ;
  DEFINE:
  	! assign variables to the process (A)
  a_01 = figure_01;
  a_02 = figure_02;
  a_05 = figure_05;
  	!assign variables to time points
  time_01 = years_since_bl_01;
  time_02 = years_since_bl_02;
  time_05 = years_since_bl_05;
  	
  ANALYSIS: TYPE = RANDOM COMPLEX;
  COVERAGE=.00;
  MODEL:
  	!first-level equation
  	! assign process (A) to time points
  ia sa qa | a_01 AT time_01 ;
  ia sa qa | a_02 AT time_02 ;
  ia sa qa | a_05 AT time_05 ;
  	!variance of the first-level terms
  ia (v_ia);
  sa (v_sa);
  qa (v_qa);
  	!covariance among first-level terms
  ia WITH sa (c_iasa);
  ia WITH qa (c_iaqa);
  sa WITH qa (c_saqa);
  	!second-level equation
  ia sa qa ON age_c80
  edu_c7
  female;
  	!residual covariance of process (A)
  a_01 (res_a);
  a_02 (res_a);
  a_05 (res_a);	
  SAVEDATA:
  FILE is   u2_125_aef_figure_fscores.dat;
  SAVE = FSCORES;
  RESULTS are   u2_125_aef_figure_results.dat;
  	
  OUTPUT: sampstat cinterval;
  PLOT: Type is Plot1 Plot2 Plot3;



*** WARNING
  Data set contains cases with missing on x-variables.
  These cases were not included in the analysis.
  Number of cases with missing on x-variables:  46
*** WARNING
  Data set contains cases with missing on all variables except
  x-variables.  These cases were not included in the analysis.
  Number of cases with missing on all variables except x-variables:  158
   2 WARNING(S) FOUND IN THE INPUT INSTRUCTIONS




Script produced from the prototype in ./sandbox/syntax-creator/

SUMMARY OF ANALYSIS

Number of groups                                                 1
Number of observations                                         378

Number of dependent variables                                    3
Number of independent variables                                  3
Number of continuous latent variables                            3

Observed dependent variables

  Continuous
   A_01        A_02        A_05

Observed independent variables
   AGE_C80     EDU_C7      FEMALE

Continuous latent variables
   IA          SA          QA

Variables with special functions

  Cluster variable      PAIRID
  Weight variable       _WEIGHT

  Time scores
   TIME_01     TIME_02     TIME_05


Estimator                                                      MLR
Information matrix                                        OBSERVED
Maximum number of iterations                                   100
Convergence criterion                                    0.100D-05
Maximum number of EM iterations                                500
Convergence criteria for the EM algorithm
  Loglikelihood change                                   0.100D-02
  Relative loglikelihood change                          0.100D-05
  Derivative                                             0.100D-03
Minimum variance                                         0.100D-03
Maximum number of steepest descent iterations                   20
Maximum number of iterations for H1                           2000
Convergence criterion for H1                             0.100D-03
Optimization algorithm                                         EMA

Input data file(s)
  wide-dataset.dat
Input data format  FREE



SAMPLE STATISTICS


     ESTIMATED SAMPLE STATISTICS


           Means
              A_01          A_02          A_05          AGE_C80       EDU_C7
              ________      ________      ________      ________      ________
 1             15.600        15.650        15.282         3.079         0.347


           Means
              FEMALE
              ________
 1              0.659


           Covariances
              A_01          A_02          A_05          AGE_C80       EDU_C7
              ________      ________      ________      ________      ________
 A_01          17.396
 A_02           8.122        14.506
 A_05           6.430         5.795        13.951
 AGE_C80       -1.264        -1.593        -0.541         6.931
 EDU_C7         1.610         1.023         0.590        -0.472         5.629
 FEMALE         0.046         0.044        -0.238         0.100        -0.107


           Covariances
              FEMALE
              ________
 FEMALE         0.225


           Correlations
              A_01          A_02          A_05          AGE_C80       EDU_C7
              ________      ________      ________      ________      ________
 A_01           1.000
 A_02           0.511         1.000
 A_05           0.413         0.407         1.000
 AGE_C80       -0.115        -0.159        -0.055         1.000
 EDU_C7         0.163         0.113         0.067        -0.076         1.000
 FEMALE         0.023         0.024        -0.135         0.080        -0.095


           Correlations
              FEMALE
              ________
 FEMALE         1.000


     MAXIMUM LOG-LIKELIHOOD VALUE FOR THE UNRESTRICTED (H1) MODEL IS -5302.144


UNIVARIATE HIGHER-ORDER MOMENT DESCRIPTIVE STATISTICS


     UNIVARIATE HIGHER-ORDER MOMENT DESCRIPTIVE STATISTICS

         Variable/         Mean/     Skewness/   Minimum/ % with                Percentiles
        Sample Size      Variance    Kurtosis    Maximum  Min/Max      20%/60%    40%/80%    Median

     A_01                 15.673      -0.518       2.000    0.23%      12.000     15.000     16.000
             443.000      17.185      -0.239      24.000    0.23%      17.000     19.000
     A_02                 15.850      -0.447       1.000    0.28%      12.000     15.000     16.000
             362.000      14.069       0.156      24.000    1.38%      17.000     19.000
     A_05                 15.628      -0.356       6.000    0.72%      12.000     15.000     15.000
             139.000      13.572      -0.218      24.000    0.72%      16.000     18.000
     AGE_C80               3.079       1.019      -0.581    0.20%       0.877      1.694      2.259
             498.000       6.931       0.324      13.313    0.20%       2.991      5.334
     EDU_C7                0.347       1.869      -7.000    0.20%      -1.000     -1.000      0.000
             498.000       5.629       4.999      13.000    0.20%       0.000      1.000
     FEMALE                0.659      -0.670       0.000   35.34%       0.000      1.000      1.000
             498.000       0.225      -1.552       1.000   64.66%       1.000      1.000


THE MODEL ESTIMATION TERMINATED NORMALLY



MODEL FIT INFORMATION

Number of Free Parameters                       19

Loglikelihood

          H0 Value                       -2009.387
          H0 Scaling Correction Factor      0.9325
            for MLR

Information Criteria

          Akaike (AIC)                    4056.774
          Bayesian (BIC)                  4131.537
          Sample-Size Adjusted BIC        4071.254
            (n* = (n + 2) / 24)



MODEL RESULTS

                                                    Two-Tailed
                    Estimate       S.E.  Est./S.E.    P-Value

 IA         ON
    AGE_C80           -0.167      0.081     -2.056      0.040
    EDU_C7             0.282      0.087      3.247      0.001
    FEMALE             0.413      0.494      0.836      0.403

 SA         ON
    AGE_C80           -0.041      0.063     -0.649      0.517
    EDU_C7            -0.066      0.071     -0.924      0.356
    FEMALE             0.039      0.312      0.125      0.901

 QA         ON
    AGE_C80            0.007      0.008      0.852      0.394
    EDU_C7             0.005      0.008      0.621      0.534
    FEMALE            -0.027      0.038     -0.729      0.466

 IA       WITH
    SA                -2.055      0.919     -2.237      0.025
    QA                 0.180      0.104      1.733      0.083

 SA       WITH
    QA                -0.180      0.111     -1.616      0.106

 Intercepts
    A_01               0.000      0.000    999.000    999.000
    A_02               0.000      0.000    999.000    999.000
    A_05               0.000      0.000    999.000    999.000
    IA                15.743      0.487     32.337      0.000
    SA                 0.172      0.285      0.603      0.547
    QA                -0.015      0.035     -0.438      0.662

 Residual Variances
    A_01               5.676      1.099      5.166      0.000
    A_02               5.676      1.099      5.166      0.000
    A_05               5.676      1.099      5.166      0.000
    IA                11.007      1.581      6.962      0.000
    SA                 1.664      0.986      1.688      0.091
    QA                 0.021      0.013      1.621      0.105


QUALITY OF NUMERICAL RESULTS

     Condition Number for the Information Matrix              0.173E-07
       (ratio of smallest to largest eigenvalue)


CONFIDENCE INTERVALS OF MODEL RESULTS

                  Lower .5%  Lower 2.5%    Lower 5%    Estimate    Upper 5%  Upper 2.5%   Upper .5%

 IA       ON
    AGE_C80         -0.377      -0.327      -0.301      -0.167      -0.033      -0.008       0.042
    EDU_C7           0.058       0.112       0.139       0.282       0.424       0.451       0.505
    FEMALE          -0.860      -0.556      -0.400       0.413       1.226       1.382       1.687

 SA       ON
    AGE_C80         -0.202      -0.163      -0.144      -0.041       0.062       0.082       0.121
    EDU_C7          -0.248      -0.205      -0.182      -0.066       0.051       0.073       0.117
    FEMALE          -0.764      -0.572      -0.474       0.039       0.552       0.650       0.842

 QA       ON
    AGE_C80         -0.013      -0.009      -0.006       0.007       0.019       0.022       0.027
    EDU_C7          -0.016      -0.011      -0.008       0.005       0.019       0.021       0.026
    FEMALE          -0.124      -0.101      -0.089      -0.027       0.034       0.046       0.069

 IA       WITH
    SA              -4.421      -3.855      -3.566      -2.055      -0.544      -0.254       0.311
    QA              -0.088      -0.024       0.009       0.180       0.351       0.384       0.448

 SA       WITH
    QA              -0.466      -0.397      -0.362      -0.180       0.003       0.038       0.107

 Intercepts
    A_01             0.000       0.000       0.000       0.000       0.000       0.000       0.000
    A_02             0.000       0.000       0.000       0.000       0.000       0.000       0.000
    A_05             0.000       0.000       0.000       0.000       0.000       0.000       0.000
    IA              14.489      14.789      14.942      15.743      16.544      16.697      16.997
    SA              -0.562      -0.387      -0.297       0.172       0.640       0.730       0.906
    QA              -0.105      -0.083      -0.072      -0.015       0.042       0.053       0.074

 Residual Variances
    A_01             2.846       3.522       3.868       5.676       7.483       7.829       8.506
    A_02             2.846       3.522       3.868       5.676       7.483       7.829       8.506
    A_05             2.846       3.522       3.868       5.676       7.483       7.829       8.506
    IA               6.934       7.908       8.406      11.007      13.608      14.106      15.080
    SA              -0.875      -0.268       0.043       1.664       3.285       3.596       4.203
    QA              -0.012      -0.004       0.000       0.021       0.041       0.045       0.053


SAMPLE STATISTICS FOR ESTIMATED FACTOR SCORES


     SAMPLE STATISTICS


           Means
              IA            IA_SE         SA            SA_SE         QA
              ________      ________      ________      ________      ________
 1             15.298         1.893         0.059         1.137        -0.011


           Means
              QA_SE
              ________
 1              0.129


           Covariances
              IA            IA_SE         SA            SA_SE         QA
              ________      ________      ________      ________      ________
 IA             8.347
 IA_SE         -0.159         0.074
 SA            -0.946        -0.002         0.422
 SA_SE         -0.041         0.016         0.001         0.004
 QA             0.068         0.001        -0.043         0.000         0.005
 QA_SE         -0.004         0.001         0.000         0.000         0.000


           Covariances
              QA_SE
              ________
 QA_SE          0.000


           Correlations
              IA            IA_SE         SA            SA_SE         QA
              ________      ________      ________      ________      ________
 IA             1.000
 IA_SE         -0.202         1.000
 SA            -0.504        -0.012         1.000
 SA_SE         -0.220         0.897         0.021         1.000
 QA             0.338         0.051        -0.963         0.021         1.000
 QA_SE         -0.232         0.761         0.029         0.961         0.019


           Correlations
              QA_SE
              ________
 QA_SE          1.000


RESULTS SAVING INFORMATION

  Order of data

    Parameter estimates
     (saved in order shown in Technical 1 output)
    Standard errors
     (saved in order shown in Technical 1 output)
    H0 Loglikelihood
    H0 Scaling Correction Factor for MLR
    Number of Free Parameters
    Akaike (AIC)
    Bayesian (BIC)
    Sample-Size Adjusted BIC

  Save file
    u2_125_aef_figure_results.dat

  Save file format           Free


PLOT INFORMATION

The following plots are available:

  Histograms (sample values, estimated factor scores)
  Scatterplots (sample values, estimated factor scores)
  Latent variable distribution plots

SAVEDATA INFORMATION


  Save file
    u2_125_aef_figure_fscores.dat

  Order and format of variables

    A_01           F10.3
    A_02           F10.3
    A_05           F10.3
    AGE_C80        F10.3
    EDU_C7         F10.3
    FEMALE         F10.3
    TIME_01        F10.3
    TIME_02        F10.3
    TIME_05        F10.3
    _WEIGHT        F10.3
    IA             F10.3
    IA_SE          F10.3
    SA             F10.3
    SA_SE          F10.3
    QA             F10.3
    QA_SE          F10.3
    PAIRID         I6

  Save file format
    16F10.3 I6

  Save file record length    10000


     Beginning Time:  18:15:36
        Ending Time:  18:15:39
       Elapsed Time:  00:00:03



MUTHEN & MUTHEN
3463 Stoner Ave.
Los Angeles, CA  90066

Tel: (310) 391-9971
Fax: (310) 391-8971
Web: www.StatModel.com
Support: Support@StatModel.com

Copyright (c) 1998-2014 Muthen & Muthen
