Mplus VERSION 7.3
MUTHEN & MUTHEN
12/17/2016  11:48 AM

INPUT INSTRUCTIONS

  TITLE:
  Script produced from the prototype in ./sandbox/syntax-creator/
  DATA:
  File = wide-dataset.dat ;
  VARIABLE:
  NAMES are
   Case PairID female age_c80 edu_c7 sbp_c167 smoke cardio diabetes dementia_ever
      years_since_bl_01 years_since_bl_02 years_since_bl_03 years_since_bl_04
      years_since_bl_05 pef_01 pef_02 pef_03 pef_04 pef_05 grip_01 grip_02 grip_03
      grip_04 grip_05 gait_01 gait_02 gait_03 gait_04 gait_05 block_01 block_02
      block_03 block_04 block_05 digitspanbackward_01 digitspanbackward_02
      digitspanbackward_03 digitspanbackward_04 digitspanbackward_05
      digitspanforward_01 digitspanforward_02 digitspanforward_03 digitspanforward_04
      digitspanforward_05 symbol_01 symbol_02 symbol_03 symbol_04 symbol_05 prose_01
      prose_02 prose_03 prose_04 prose_05 info_01 info_02 info_03 info_04 info_05
      synonyms_01 synonyms_02 synonyms_03 synonyms_04 synonyms_05 psif_01 psif_02
      psif_03 psif_04 psif_05 figure_01 figure_02 figure_03 figure_04 figure_05
      mirrecall_01 mirrecall_02 mirrecall_03 mirrecall_04 mirrecall_05 mmse_01 mmse_02
      mmse_03 mmse_04 mmse_05 mirnaming_01 mirnaming_02 mirnaming_03 mirnaming_04
      mirnaming_05 mirrecog_01 mirrecog_02 mirrecog_03 mirrecog_04 mirrecog_05
      clock_01 clock_02 clock_03 clock_04 clock_05
  	;
  Missing are all (-9999);
  USEVARIABLES are
  	!define the variables used in the analysis
  	! covariates used in the model
  age_c80	
  	!estimated time points
  time_01
  time_02
  time_03
  time_04
  time_05
  	!modelled time points of process (A)
  a_01
  a_02
  a_03
  a_04
  a_05
  ;
  TSCORES are
  	!estimated time points
  time_01
  time_02
  time_03
  time_04
  time_05;
  CLUSTER = PairID;
  SUBPOPULATION are
  	!select a subset of observations
  dementia_ever NE 1
  ;
  DEFINE:
  	! assign variables to the process (A)
  a_01 = synonyms_01;
  a_02 = synonyms_02;
  a_03 = synonyms_03;
  a_04 = synonyms_04;
  a_05 = synonyms_05;
  	!assign variables to time points
  time_01 = years_since_bl_01;
  time_02 = years_since_bl_02;
  time_03 = years_since_bl_03;
  time_04 = years_since_bl_04;
  time_05 = years_since_bl_05;
  	
  ANALYSIS: TYPE = RANDOM COMPLEX;
  COVERAGE=.00;
  MODEL:
  	!first-level equation
  	! assign process (A) to time points
  ia sa | a_01 AT time_01 ;
  ia sa | a_02 AT time_02 ;
  ia sa | a_03 AT time_03 ;
  ia sa | a_04 AT time_04 ;
  ia sa | a_05 AT time_05 ;
  	!variance of the first-level terms
  ia (v_ia);
  sa (v_sa);
  	!covariance among first-level terms
  ia WITH sa (c_iasa);
  	!second-level equation
  ia sa ON age_c80;
  	!residual covariance of process (A)
  a_01 (res_a);
  a_02 (res_a);
  a_03 (res_a);
  a_04 (res_a);
  a_05 (res_a);	
  SAVEDATA:
  FILE is   u1_12345_a_synonyms_fscores.dat;
  SAVE = FSCORES;
  RESULTS are   u1_12345_a_synonyms_results.dat;
  	
  OUTPUT: sampstat cinterval;
  PLOT: Type is Plot1 Plot2 Plot3;



*** WARNING
  Data set contains cases with missing on all variables except
  x-variables.  These cases were not included in the analysis.
  Number of cases with missing on all variables except x-variables:  205
   1 WARNING(S) FOUND IN THE INPUT INSTRUCTIONS




Script produced from the prototype in ./sandbox/syntax-creator/

SUMMARY OF ANALYSIS

Number of groups                                                 1
Number of observations                                         377

Number of dependent variables                                    5
Number of independent variables                                  1
Number of continuous latent variables                            2

Observed dependent variables

  Continuous
   A_01        A_02        A_03        A_04        A_05

Observed independent variables
   AGE_C80

Continuous latent variables
   IA          SA

Variables with special functions

  Cluster variable      PAIRID
  Weight variable       _WEIGHT

  Time scores
   TIME_01     TIME_02     TIME_03     TIME_04     TIME_05


Estimator                                                      MLR
Information matrix                                        OBSERVED
Maximum number of iterations                                   100
Convergence criterion                                    0.100D-05
Maximum number of EM iterations                                500
Convergence criteria for the EM algorithm
  Loglikelihood change                                   0.100D-02
  Relative loglikelihood change                          0.100D-05
  Derivative                                             0.100D-03
Minimum variance                                         0.100D-03
Maximum number of steepest descent iterations                   20
Maximum number of iterations for H1                           2000
Convergence criterion for H1                             0.100D-03
Optimization algorithm                                         EMA

Input data file(s)
  wide-dataset.dat
Input data format  FREE



SAMPLE STATISTICS


     ESTIMATED SAMPLE STATISTICS


           Means
              A_01          A_02          A_03          A_04          A_05
              ________      ________      ________      ________      ________
 1             16.740        16.490        16.273        16.422        15.426


           Means
              AGE_C80
              ________
 1              3.023


           Covariances
              A_01          A_02          A_03          A_04          A_05
              ________      ________      ________      ________      ________
 A_01          36.187
 A_02          30.232        37.469
 A_03          31.239        32.147        39.689
 A_04          28.638        30.504        33.592        40.375
 A_05          26.302        27.640        30.544        31.699        38.914
 AGE_C80       -0.754        -1.254        -0.528        -0.636        -1.275


           Covariances
              AGE_C80
              ________
 AGE_C80        6.926


           Correlations
              A_01          A_02          A_03          A_04          A_05
              ________      ________      ________      ________      ________
 A_01           1.000
 A_02           0.821         1.000
 A_03           0.824         0.834         1.000
 A_04           0.749         0.784         0.839         1.000
 A_05           0.701         0.724         0.777         0.800         1.000
 AGE_C80       -0.048        -0.078        -0.032        -0.038        -0.078


           Correlations
              AGE_C80
              ________
 AGE_C80        1.000


     MAXIMUM LOG-LIKELIHOOD VALUE FOR THE UNRESTRICTED (H1) MODEL IS -5203.989


UNIVARIATE HIGHER-ORDER MOMENT DESCRIPTIVE STATISTICS


     UNIVARIATE HIGHER-ORDER MOMENT DESCRIPTIVE STATISTICS

         Variable/         Mean/     Skewness/   Minimum/ % with                Percentiles
        Sample Size      Variance    Kurtosis    Maximum  Min/Max      20%/60%    40%/80%    Median

     A_01                 17.084       0.010       1.000    0.23%      11.000     15.000     16.000
             430.000      36.294      -0.784      30.000    0.47%      18.000     22.000
     A_02                 17.030      -0.064       3.000    0.56%       9.000     14.000     16.000
             354.000      37.844      -1.034      29.000    0.56%      18.000     22.000
     A_03                 16.819       0.019       4.000    1.17%      10.000     14.000     16.000
             256.000      38.586      -0.981      30.000    0.39%      19.000     22.000
     A_04                 17.327      -0.058       2.000    0.57%      11.000     14.000     17.000
             175.000      36.574      -0.644      30.000    1.71%      18.000     22.000
     A_05                 16.545      -0.061       4.000    0.82%      10.000     14.000     16.000
             122.000      37.866      -0.802      29.000    1.64%      18.000     22.000
     AGE_C80               3.023       1.086      -0.581    0.20%       0.874      1.637      2.226
             497.000       6.926       0.648      12.937    0.20%       2.898      5.286


THE MODEL ESTIMATION TERMINATED NORMALLY



MODEL FIT INFORMATION

Number of Free Parameters                        8

Loglikelihood

          H0 Value                       -3056.493
          H0 Scaling Correction Factor      1.0880
            for MLR

Information Criteria

          Akaike (AIC)                    6128.986
          Bayesian (BIC)                  6160.444
          Sample-Size Adjusted BIC        6135.062
            (n* = (n + 2) / 24)



MODEL RESULTS

                                                    Two-Tailed
                    Estimate       S.E.  Est./S.E.    P-Value

 IA         ON
    AGE_C80           -0.127      0.140     -0.909      0.363

 SA         ON
    AGE_C80           -0.001      0.019     -0.067      0.947

 IA       WITH
    SA                -0.339      0.267     -1.270      0.204

 Intercepts
    A_01               0.000      0.000    999.000    999.000
    A_02               0.000      0.000    999.000    999.000
    A_03               0.000      0.000    999.000    999.000
    A_04               0.000      0.000    999.000    999.000
    A_05               0.000      0.000    999.000    999.000
    IA                17.153      0.559     30.680      0.000
    SA                -0.120      0.065     -1.853      0.064

 Residual Variances
    A_01               6.563      0.472     13.905      0.000
    A_02               6.563      0.472     13.905      0.000
    A_03               6.563      0.472     13.905      0.000
    A_04               6.563      0.472     13.905      0.000
    A_05               6.563      0.472     13.905      0.000
    IA                31.107      2.283     13.625      0.000
    SA                 0.149      0.047      3.200      0.001


QUALITY OF NUMERICAL RESULTS

     Condition Number for the Information Matrix              0.598E-02
       (ratio of smallest to largest eigenvalue)


CONFIDENCE INTERVALS OF MODEL RESULTS

                  Lower .5%  Lower 2.5%    Lower 5%    Estimate    Upper 5%  Upper 2.5%   Upper .5%

 IA       ON
    AGE_C80         -0.489      -0.402      -0.358      -0.127       0.103       0.147       0.234

 SA       ON
    AGE_C80         -0.049      -0.038      -0.032      -0.001       0.029       0.035       0.047

 IA       WITH
    SA              -1.026      -0.862      -0.778      -0.339       0.100       0.184       0.348

 Intercepts
    A_01             0.000       0.000       0.000       0.000       0.000       0.000       0.000
    A_02             0.000       0.000       0.000       0.000       0.000       0.000       0.000
    A_03             0.000       0.000       0.000       0.000       0.000       0.000       0.000
    A_04             0.000       0.000       0.000       0.000       0.000       0.000       0.000
    A_05             0.000       0.000       0.000       0.000       0.000       0.000       0.000
    IA              15.713      16.057      16.234      17.153      18.073      18.249      18.593
    SA              -0.286      -0.246      -0.226      -0.120      -0.013       0.007       0.047

 Residual Variances
    A_01             5.347       5.637       5.786       6.563       7.339       7.488       7.778
    A_02             5.347       5.637       5.786       6.563       7.339       7.488       7.778
    A_03             5.347       5.637       5.786       6.563       7.339       7.488       7.778
    A_04             5.347       5.637       5.786       6.563       7.339       7.488       7.778
    A_05             5.347       5.637       5.786       6.563       7.339       7.488       7.778
    IA              25.226      26.632      27.351      31.107      34.862      35.581      36.987
    SA               0.029       0.058       0.073       0.149       0.226       0.241       0.269


SAMPLE STATISTICS FOR ESTIMATED FACTOR SCORES


     SAMPLE STATISTICS


           Means
              IA            IA_SE         SA            SA_SE
              ________      ________      ________      ________
 1             16.116         1.896        -0.131         0.346


           Covariances
              IA            IA_SE         SA            SA_SE
              ________      ________      ________      ________
 IA            27.840
 IA_SE         -0.509         0.123
 SA            -0.108         0.002         0.028
 SA_SE         -0.045         0.010         0.000         0.002


           Correlations
              IA            IA_SE         SA            SA_SE
              ________      ________      ________      ________
 IA             1.000
 IA_SE         -0.275         1.000
 SA            -0.123         0.042         1.000
 SA_SE         -0.209         0.687        -0.001         1.000


RESULTS SAVING INFORMATION

  Order of data

    Parameter estimates
     (saved in order shown in Technical 1 output)
    Standard errors
     (saved in order shown in Technical 1 output)
    H0 Loglikelihood
    H0 Scaling Correction Factor for MLR
    Number of Free Parameters
    Akaike (AIC)
    Bayesian (BIC)
    Sample-Size Adjusted BIC

  Save file
    u1_12345_a_synonyms_results.dat

  Save file format           Free


PLOT INFORMATION

The following plots are available:

  Histograms (sample values, estimated factor scores)
  Scatterplots (sample values, estimated factor scores)
  Latent variable distribution plots

SAVEDATA INFORMATION


  Save file
    u1_12345_a_synonyms_fscores.dat

  Order and format of variables

    A_01           F10.3
    A_02           F10.3
    A_03           F10.3
    A_04           F10.3
    A_05           F10.3
    AGE_C80        F10.3
    TIME_01        F10.3
    TIME_02        F10.3
    TIME_03        F10.3
    TIME_04        F10.3
    TIME_05        F10.3
    _WEIGHT        F10.3
    IA             F10.3
    IA_SE          F10.3
    SA             F10.3
    SA_SE          F10.3
    PAIRID         I5

  Save file format
    16F10.3 I5

  Save file record length    10000


     Beginning Time:  11:48:58
        Ending Time:  11:48:59
       Elapsed Time:  00:00:01



MUTHEN & MUTHEN
3463 Stoner Ave.
Los Angeles, CA  90066

Tel: (310) 391-9971
Fax: (310) 391-8971
Web: www.StatModel.com
Support: Support@StatModel.com

Copyright (c) 1998-2014 Muthen & Muthen
