Mplus VERSION 7.3
MUTHEN & MUTHEN
12/17/2016   5:18 PM

INPUT INSTRUCTIONS

  TITLE:
  Script produced from the prototype in ./sandbox/syntax-creator/
  DATA:
  File = wide-dataset.dat ;
  VARIABLE:
  NAMES are
   Case PairID female age_c80 edu_c7 sbp_c167 smoke cardio diabetes dementia_ever
      years_since_bl_01 years_since_bl_02 years_since_bl_03 years_since_bl_04
      years_since_bl_05 pef_01 pef_02 pef_03 pef_04 pef_05 grip_01 grip_02 grip_03
      grip_04 grip_05 gait_01 gait_02 gait_03 gait_04 gait_05 block_01 block_02
      block_03 block_04 block_05 digitspanbackward_01 digitspanbackward_02
      digitspanbackward_03 digitspanbackward_04 digitspanbackward_05
      digitspanforward_01 digitspanforward_02 digitspanforward_03 digitspanforward_04
      digitspanforward_05 symbol_01 symbol_02 symbol_03 symbol_04 symbol_05 prose_01
      prose_02 prose_03 prose_04 prose_05 info_01 info_02 info_03 info_04 info_05
      synonyms_01 synonyms_02 synonyms_03 synonyms_04 synonyms_05 psif_01 psif_02
      psif_03 psif_04 psif_05 figure_01 figure_02 figure_03 figure_04 figure_05
      mirrecall_01 mirrecall_02 mirrecall_03 mirrecall_04 mirrecall_05 mmse_01 mmse_02
      mmse_03 mmse_04 mmse_05 mirnaming_01 mirnaming_02 mirnaming_03 mirnaming_04
      mirnaming_05 mirrecog_01 mirrecog_02 mirrecog_03 mirrecog_04 mirrecog_05
      clock_01 clock_02 clock_03 clock_04 clock_05
  	;
  Missing are all (-9999);
  USEVARIABLES are
  	!define the variables used in the analysis
  	! covariates used in the model
  age_c80
  edu_c7
  female
  sbp_c167	
  	!estimated time points
  time_01
  time_03
  time_05
  	!modelled time points of process (A)
  a_01
  a_03
  a_05
  ;
  TSCORES are
  	!estimated time points
  time_01
  time_03
  time_05;
  CLUSTER = PairID;
  SUBPOPULATION are
  	!select a subset of observations
  dementia_ever NE 1
  ;
  DEFINE:
  	! assign variables to the process (A)
  a_01 = synonyms_01;
  a_03 = synonyms_03;
  a_05 = synonyms_05;
  	!assign variables to time points
  time_01 = years_since_bl_01;
  time_03 = years_since_bl_03;
  time_05 = years_since_bl_05;
  	
  ANALYSIS: TYPE = RANDOM COMPLEX;
  COVERAGE=.00;
  MODEL:
  	!first-level equation
  	! assign process (A) to time points
  ia sa | a_01 AT time_01 ;
  ia sa | a_03 AT time_03 ;
  ia sa | a_05 AT time_05 ;
  	!variance of the first-level terms
  ia (v_ia);
  sa (v_sa);
  	!covariance among first-level terms
  ia WITH sa (c_iasa);
  	!second-level equation
  ia sa ON age_c80
  edu_c7
  female
  sbp_c167;
  	!residual covariance of process (A)
  a_01 (res_a);
  a_03 (res_a);
  a_05 (res_a);	
  SAVEDATA:
  FILE is   u1_135_aefb_synonyms_fscores.dat;
  SAVE = FSCORES;
  RESULTS are   u1_135_aefb_synonyms_results.dat;
  	
  OUTPUT: sampstat cinterval;
  PLOT: Type is Plot1 Plot2 Plot3;



*** WARNING
  Data set contains cases with missing on x-variables.
  These cases were not included in the analysis.
  Number of cases with missing on x-variables:  92
*** WARNING
  Data set contains cases with missing on all variables except
  x-variables.  These cases were not included in the analysis.
  Number of cases with missing on all variables except x-variables:  156
   2 WARNING(S) FOUND IN THE INPUT INSTRUCTIONS




Script produced from the prototype in ./sandbox/syntax-creator/

SUMMARY OF ANALYSIS

Number of groups                                                 1
Number of observations                                         355

Number of dependent variables                                    3
Number of independent variables                                  4
Number of continuous latent variables                            2

Observed dependent variables

  Continuous
   A_01        A_03        A_05

Observed independent variables
   AGE_C80     EDU_C7      FEMALE      SBP_C167

Continuous latent variables
   IA          SA

Variables with special functions

  Cluster variable      PAIRID
  Weight variable       _WEIGHT

  Time scores
   TIME_01     TIME_03     TIME_05


Estimator                                                      MLR
Information matrix                                        OBSERVED
Maximum number of iterations                                   100
Convergence criterion                                    0.100D-05
Maximum number of EM iterations                                500
Convergence criteria for the EM algorithm
  Loglikelihood change                                   0.100D-02
  Relative loglikelihood change                          0.100D-05
  Derivative                                             0.100D-03
Minimum variance                                         0.100D-03
Maximum number of steepest descent iterations                   20
Maximum number of iterations for H1                           2000
Convergence criterion for H1                             0.100D-03
Optimization algorithm                                         EMA

Input data file(s)
  wide-dataset.dat
Input data format  FREE



SAMPLE STATISTICS


     ESTIMATED SAMPLE STATISTICS


           Means
              A_01          A_03          A_05          AGE_C80       EDU_C7
              ________      ________      ________      ________      ________
 1             16.916        16.517        15.830         2.935         0.414


           Means
              FEMALE        SBP_C167
              ________      ________
 1              0.651        -4.479


           Covariances
              A_01          A_03          A_05          AGE_C80       EDU_C7
              ________      ________      ________      ________      ________
 A_01          35.287
 A_03          30.624        39.045
 A_05          25.566        30.231        38.595
 AGE_C80       -0.450         0.097        -0.782         6.481
 EDU_C7         7.013         6.934         6.757        -0.275         5.809
 FEMALE         0.106         0.229         0.195         0.089        -0.103
 SBP_C167       2.311         3.777        -3.052        -2.883        -0.227


           Covariances
              FEMALE        SBP_C167
              ________      ________
 FEMALE         0.227
 SBP_C167       0.683       499.348


           Correlations
              A_01          A_03          A_05          AGE_C80       EDU_C7
              ________      ________      ________      ________      ________
 A_01           1.000
 A_03           0.825         1.000
 A_05           0.693         0.779         1.000
 AGE_C80       -0.030         0.006        -0.049         1.000
 EDU_C7         0.490         0.460         0.451        -0.045         1.000
 FEMALE         0.037         0.077         0.066         0.074        -0.090
 SBP_C167       0.017         0.027        -0.022        -0.051        -0.004


           Correlations
              FEMALE        SBP_C167
              ________      ________
 FEMALE         1.000
 SBP_C167       0.064         1.000


     MAXIMUM LOG-LIKELIHOOD VALUE FOR THE UNRESTRICTED (H1) MODEL IS -6869.016


UNIVARIATE HIGHER-ORDER MOMENT DESCRIPTIVE STATISTICS


     UNIVARIATE HIGHER-ORDER MOMENT DESCRIPTIVE STATISTICS

         Variable/         Mean/     Skewness/   Minimum/ % with                Percentiles
        Sample Size      Variance    Kurtosis    Maximum  Min/Max      20%/60%    40%/80%    Median

     A_01                 17.113       0.041       1.000    0.24%      11.000     15.000     16.000
             420.000      35.904      -0.810      30.000    0.48%      18.000     22.000
     A_03                 16.745       0.046       4.000    1.19%      10.000     14.000     16.000
             253.000      38.737      -0.975      30.000    0.40%      18.000     22.000
     A_05                 16.569      -0.072       4.000    0.83%      10.000     14.000     16.000
             121.000      38.154      -0.815      29.000    1.65%      18.000     22.000
     AGE_C80               2.935       1.058      -0.581    0.22%       0.847      1.568      2.116
             454.000       6.481       0.608      12.937    0.22%       2.715      5.146
     EDU_C7                0.414       1.956      -5.000    0.22%      -1.000     -1.000      0.000
             454.000       5.809       4.770      13.000    0.22%       0.000      1.000
     FEMALE                0.651      -0.632       0.000   35.68%       0.000      1.000      1.000
             454.000       0.227      -1.600       1.000   64.32%       1.000      1.000
     SBP_C167             -4.479       0.444     -57.000    0.66%     -27.000     -7.000     -7.000
             454.000     499.348       0.770      93.000    0.22%      -2.000     13.000


THE MODEL ESTIMATION TERMINATED NORMALLY



MODEL FIT INFORMATION

Number of Free Parameters                       14

Loglikelihood

          H0 Value                       -1880.624
          H0 Scaling Correction Factor      1.0409
            for MLR

Information Criteria

          Akaike (AIC)                    3789.247
          Bayesian (BIC)                  3843.457
          Sample-Size Adjusted BIC        3799.043
            (n* = (n + 2) / 24)



MODEL RESULTS

                                                    Two-Tailed
                    Estimate       S.E.  Est./S.E.    P-Value

 IA         ON
    AGE_C80           -0.016      0.120     -0.133      0.895
    EDU_C7             1.225      0.098     12.545      0.000
    FEMALE             1.069      0.684      1.563      0.118
    SBP_C167           0.005      0.012      0.444      0.657

 SA         ON
    AGE_C80            0.001      0.020      0.040      0.968
    EDU_C7            -0.005      0.020     -0.259      0.796
    FEMALE             0.072      0.102      0.708      0.479
    SBP_C167          -0.001      0.002     -0.462      0.644

 IA       WITH
    SA                -0.293      0.255     -1.150      0.250

 Intercepts
    A_01               0.000      0.000    999.000    999.000
    A_03               0.000      0.000    999.000    999.000
    A_05               0.000      0.000    999.000    999.000
    IA                15.816      0.680     23.275      0.000
    SA                -0.182      0.091     -2.005      0.045

 Residual Variances
    A_01               6.094      0.881      6.918      0.000
    A_03               6.094      0.881      6.918      0.000
    A_05               6.094      0.881      6.918      0.000
    IA                21.541      2.010     10.715      0.000
    SA                 0.145      0.058      2.485      0.013


QUALITY OF NUMERICAL RESULTS

     Condition Number for the Information Matrix              0.231E-02
       (ratio of smallest to largest eigenvalue)


CONFIDENCE INTERVALS OF MODEL RESULTS

                  Lower .5%  Lower 2.5%    Lower 5%    Estimate    Upper 5%  Upper 2.5%   Upper .5%

 IA       ON
    AGE_C80         -0.326      -0.252      -0.214      -0.016       0.182       0.220       0.294
    EDU_C7           0.973       1.033       1.064       1.225       1.385       1.416       1.476
    FEMALE          -0.693      -0.272      -0.056       1.069       2.195       2.410       2.832
    SBP_C167        -0.025      -0.018      -0.014       0.005       0.025       0.028       0.035

 SA       ON
    AGE_C80         -0.051      -0.039      -0.033       0.001       0.034       0.041       0.053
    EDU_C7          -0.056      -0.044      -0.037      -0.005       0.027       0.033       0.046
    FEMALE          -0.190      -0.128      -0.096       0.072       0.240       0.272       0.335
    SBP_C167        -0.007      -0.006      -0.005      -0.001       0.003       0.003       0.005

 IA       WITH
    SA              -0.951      -0.794      -0.713      -0.293       0.126       0.207       0.364

 Intercepts
    A_01             0.000       0.000       0.000       0.000       0.000       0.000       0.000
    A_03             0.000       0.000       0.000       0.000       0.000       0.000       0.000
    A_05             0.000       0.000       0.000       0.000       0.000       0.000       0.000
    IA              14.066      14.484      14.698      15.816      16.934      17.148      17.566
    SA              -0.415      -0.359      -0.330      -0.182      -0.033      -0.004       0.052

 Residual Variances
    A_01             3.825       4.367       4.645       6.094       7.543       7.820       8.363
    A_03             3.825       4.367       4.645       6.094       7.543       7.820       8.363
    A_05             3.825       4.367       4.645       6.094       7.543       7.820       8.363
    IA              16.363      17.601      18.234      21.541      24.848      25.481      26.719
    SA              -0.005       0.031       0.049       0.145       0.242       0.260       0.296


SAMPLE STATISTICS FOR ESTIMATED FACTOR SCORES


     SAMPLE STATISTICS


           Means
              IA            IA_SE         SA            SA_SE
              ________      ________      ________      ________
 1             16.530         2.004        -0.132         0.347


           Covariances
              IA            IA_SE         SA            SA_SE
              ________      ________      ________      ________
 IA            25.604
 IA_SE         -0.217         0.068
 SA            -0.119         0.000         0.025
 SA_SE         -0.025         0.006         0.000         0.001


           Correlations
              IA            IA_SE         SA            SA_SE
              ________      ________      ________      ________
 IA             1.000
 IA_SE         -0.165         1.000
 SA            -0.148         0.005         1.000
 SA_SE         -0.136         0.673         0.008         1.000


RESULTS SAVING INFORMATION

  Order of data

    Parameter estimates
     (saved in order shown in Technical 1 output)
    Standard errors
     (saved in order shown in Technical 1 output)
    H0 Loglikelihood
    H0 Scaling Correction Factor for MLR
    Number of Free Parameters
    Akaike (AIC)
    Bayesian (BIC)
    Sample-Size Adjusted BIC

  Save file
    u1_135_aefb_synonyms_results.dat

  Save file format           Free


PLOT INFORMATION

The following plots are available:

  Histograms (sample values, estimated factor scores)
  Scatterplots (sample values, estimated factor scores)
  Latent variable distribution plots

SAVEDATA INFORMATION


  Save file
    u1_135_aefb_synonyms_fscores.dat

  Order and format of variables

    A_01           F10.3
    A_03           F10.3
    A_05           F10.3
    AGE_C80        F10.3
    EDU_C7         F10.3
    FEMALE         F10.3
    SBP_C167       F10.3
    TIME_01        F10.3
    TIME_03        F10.3
    TIME_05        F10.3
    _WEIGHT        F10.3
    IA             F10.3
    IA_SE          F10.3
    SA             F10.3
    SA_SE          F10.3
    PAIRID         I5

  Save file format
    15F10.3 I5

  Save file record length    10000


     Beginning Time:  17:18:05
        Ending Time:  17:18:05
       Elapsed Time:  00:00:00



MUTHEN & MUTHEN
3463 Stoner Ave.
Los Angeles, CA  90066

Tel: (310) 391-9971
Fax: (310) 391-8971
Web: www.StatModel.com
Support: Support@StatModel.com

Copyright (c) 1998-2014 Muthen & Muthen
