Mplus VERSION 7.3
MUTHEN & MUTHEN
12/17/2016  12:09 PM

INPUT INSTRUCTIONS

  TITLE:
  Script produced from the prototype in ./sandbox/syntax-creator/
  DATA:
  File = wide-dataset.dat ;
  VARIABLE:
  NAMES are
   Case PairID female age_c80 edu_c7 sbp_c167 smoke cardio diabetes dementia_ever
      years_since_bl_01 years_since_bl_02 years_since_bl_03 years_since_bl_04
      years_since_bl_05 pef_01 pef_02 pef_03 pef_04 pef_05 grip_01 grip_02 grip_03
      grip_04 grip_05 gait_01 gait_02 gait_03 gait_04 gait_05 block_01 block_02
      block_03 block_04 block_05 digitspanbackward_01 digitspanbackward_02
      digitspanbackward_03 digitspanbackward_04 digitspanbackward_05
      digitspanforward_01 digitspanforward_02 digitspanforward_03 digitspanforward_04
      digitspanforward_05 symbol_01 symbol_02 symbol_03 symbol_04 symbol_05 prose_01
      prose_02 prose_03 prose_04 prose_05 info_01 info_02 info_03 info_04 info_05
      synonyms_01 synonyms_02 synonyms_03 synonyms_04 synonyms_05 psif_01 psif_02
      psif_03 psif_04 psif_05 figure_01 figure_02 figure_03 figure_04 figure_05
      mirrecall_01 mirrecall_02 mirrecall_03 mirrecall_04 mirrecall_05 mmse_01 mmse_02
      mmse_03 mmse_04 mmse_05 mirnaming_01 mirnaming_02 mirnaming_03 mirnaming_04
      mirnaming_05 mirrecog_01 mirrecog_02 mirrecog_03 mirrecog_04 mirrecog_05
      clock_01 clock_02 clock_03 clock_04 clock_05
  	;
  Missing are all (-9999);
  USEVARIABLES are
  	!define the variables used in the analysis
  	! covariates used in the model
  age_c80
  edu_c7	
  	!estimated time points
  time_01
  time_02
  time_04
  time_05
  	!modelled time points of process (A)
  a_01
  a_02
  a_04
  a_05
  ;
  TSCORES are
  	!estimated time points
  time_01
  time_02
  time_04
  time_05;
  CLUSTER = PairID;
  SUBPOPULATION are
  	!select a subset of observations
  dementia_ever NE 1
  ;
  DEFINE:
  	! assign variables to the process (A)
  a_01 = synonyms_01;
  a_02 = synonyms_02;
  a_04 = synonyms_04;
  a_05 = synonyms_05;
  	!assign variables to time points
  time_01 = years_since_bl_01;
  time_02 = years_since_bl_02;
  time_04 = years_since_bl_04;
  time_05 = years_since_bl_05;
  	
  ANALYSIS: TYPE = RANDOM COMPLEX;
  COVERAGE=.00;
  MODEL:
  	!first-level equation
  	! assign process (A) to time points
  ia sa qa | a_01 AT time_01 ;
  ia sa qa | a_02 AT time_02 ;
  ia sa qa | a_04 AT time_04 ;
  ia sa qa | a_05 AT time_05 ;
  	!variance of the first-level terms
  ia (v_ia);
  sa (v_sa);
  qa (v_qa);
  	!covariance among first-level terms
  ia WITH sa (c_iasa);
  ia WITH qa (c_iaqa);
  sa WITH qa (c_saqa);
  	!second-level equation
  ia sa qa ON age_c80
  edu_c7;
  	!residual covariance of process (A)
  a_01 (res_a);
  a_02 (res_a);
  a_04 (res_a);
  a_05 (res_a);	
  SAVEDATA:
  FILE is   u2_1245_ae_synonyms_fscores.dat;
  SAVE = FSCORES;
  RESULTS are   u2_1245_ae_synonyms_results.dat;
  	
  OUTPUT: sampstat cinterval;
  PLOT: Type is Plot1 Plot2 Plot3;



*** WARNING
  Data set contains cases with missing on x-variables.
  These cases were not included in the analysis.
  Number of cases with missing on x-variables:  46
*** WARNING
  Data set contains cases with missing on all variables except
  x-variables.  These cases were not included in the analysis.
  Number of cases with missing on all variables except x-variables:  167
   2 WARNING(S) FOUND IN THE INPUT INSTRUCTIONS




Script produced from the prototype in ./sandbox/syntax-creator/

SUMMARY OF ANALYSIS

Number of groups                                                 1
Number of observations                                         370

Number of dependent variables                                    4
Number of independent variables                                  2
Number of continuous latent variables                            3

Observed dependent variables

  Continuous
   A_01        A_02        A_04        A_05

Observed independent variables
   AGE_C80     EDU_C7

Continuous latent variables
   IA          SA          QA

Variables with special functions

  Cluster variable      PAIRID
  Weight variable       _WEIGHT

  Time scores
   TIME_01     TIME_02     TIME_04     TIME_05


Estimator                                                      MLR
Information matrix                                        OBSERVED
Maximum number of iterations                                   100
Convergence criterion                                    0.100D-05
Maximum number of EM iterations                                500
Convergence criteria for the EM algorithm
  Loglikelihood change                                   0.100D-02
  Relative loglikelihood change                          0.100D-05
  Derivative                                             0.100D-03
Minimum variance                                         0.100D-03
Maximum number of steepest descent iterations                   20
Maximum number of iterations for H1                           2000
Convergence criterion for H1                             0.100D-03
Optimization algorithm                                         EMA

Input data file(s)
  wide-dataset.dat
Input data format  FREE



SAMPLE STATISTICS


     ESTIMATED SAMPLE STATISTICS


           Means
              A_01          A_02          A_04          A_05          AGE_C80
              ________      ________      ________      ________      ________
 1             16.772        16.544        16.473        15.551         2.996


           Means
              EDU_C7
              ________
 1              0.400


           Covariances
              A_01          A_02          A_04          A_05          AGE_C80
              ________      ________      ________      ________      ________
 A_01          36.339
 A_02          30.542        37.713
 A_04          28.814        30.904        40.557
 A_05          26.826        28.070        31.917        39.245
 AGE_C80       -0.670        -1.282        -0.845        -1.383         6.859
 EDU_C7         7.158         7.335         6.532         7.048        -0.323


           Covariances
              EDU_C7
              ________
 EDU_C7         5.732


           Correlations
              A_01          A_02          A_04          A_05          AGE_C80
              ________      ________      ________      ________      ________
 A_01           1.000
 A_02           0.825         1.000
 A_04           0.751         0.790         1.000
 A_05           0.710         0.730         0.800         1.000
 AGE_C80       -0.042        -0.080        -0.051        -0.084         1.000
 EDU_C7         0.496         0.499         0.428         0.470        -0.052


           Correlations
              EDU_C7
              ________
 EDU_C7         1.000


     MAXIMUM LOG-LIKELIHOOD VALUE FOR THE UNRESTRICTED (H1) MODEL IS -5524.633


UNIVARIATE HIGHER-ORDER MOMENT DESCRIPTIVE STATISTICS


     UNIVARIATE HIGHER-ORDER MOMENT DESCRIPTIVE STATISTICS

         Variable/         Mean/     Skewness/   Minimum/ % with                Percentiles
        Sample Size      Variance    Kurtosis    Maximum  Min/Max      20%/60%    40%/80%    Median

     A_01                 17.084       0.010       1.000    0.23%      11.000     15.000     16.000
             429.000      36.294      -0.784      30.000    0.47%      18.000     22.000
     A_02                 17.030      -0.064       3.000    0.56%       9.000     14.000     16.000
             354.000      37.844      -1.034      29.000    0.56%      18.000     22.000
     A_04                 17.327      -0.058       2.000    0.57%      11.000     14.000     17.000
             175.000      36.574      -0.644      30.000    1.71%      18.000     22.000
     A_05                 16.545      -0.061       4.000    0.82%      10.000     14.000     16.000
             122.000      37.866      -0.802      29.000    1.64%      18.000     22.000
     AGE_C80               2.996       1.115      -0.581    0.20%       0.874      1.623      2.148
             489.000       6.859       0.758      12.937    0.20%       2.789      5.204
     EDU_C7                0.400       1.959      -5.000    0.41%      -1.000     -1.000      0.000
             489.000       5.732       4.743      13.000    0.20%       0.000      1.000


THE MODEL ESTIMATION TERMINATED NORMALLY



MODEL FIT INFORMATION

Number of Free Parameters                       16

Loglikelihood

          H0 Value                       -2455.094
          H0 Scaling Correction Factor      1.0479
            for MLR

Information Criteria

          Akaike (AIC)                    4942.189
          Bayesian (BIC)                  5004.805
          Sample-Size Adjusted BIC        4954.042
            (n* = (n + 2) / 24)



MODEL RESULTS

                                                    Two-Tailed
                    Estimate       S.E.  Est./S.E.    P-Value

 IA         ON
    AGE_C80           -0.048      0.118     -0.408      0.683
    EDU_C7             1.261      0.096     13.193      0.000

 SA         ON
    AGE_C80           -0.033      0.055     -0.608      0.543
    EDU_C7            -0.012      0.048     -0.258      0.796

 QA         ON
    AGE_C80            0.003      0.007      0.441      0.659
    EDU_C7             0.000      0.008      0.060      0.952

 IA       WITH
    SA                 0.552      0.791      0.698      0.485
    QA                -0.115      0.096     -1.193      0.233

 SA       WITH
    QA                -0.024      0.076     -0.321      0.748

 Intercepts
    A_01               0.000      0.000    999.000    999.000
    A_02               0.000      0.000    999.000    999.000
    A_04               0.000      0.000    999.000    999.000
    A_05               0.000      0.000    999.000    999.000
    IA                16.356      0.494     33.126      0.000
    SA                 0.135      0.178      0.759      0.448
    QA                -0.029      0.022     -1.325      0.185

 Residual Variances
    A_01               6.591      0.797      8.271      0.000
    A_02               6.591      0.797      8.271      0.000
    A_04               6.591      0.797      8.271      0.000
    A_05               6.591      0.797      8.271      0.000
    IA                20.630      2.177      9.475      0.000
    SA                 0.282      0.643      0.438      0.662
    QA                 0.004      0.010      0.434      0.664


QUALITY OF NUMERICAL RESULTS

     Condition Number for the Information Matrix              0.569E-05
       (ratio of smallest to largest eigenvalue)


CONFIDENCE INTERVALS OF MODEL RESULTS

                  Lower .5%  Lower 2.5%    Lower 5%    Estimate    Upper 5%  Upper 2.5%   Upper .5%

 IA       ON
    AGE_C80         -0.353      -0.280      -0.243      -0.048       0.146       0.184       0.256
    EDU_C7           1.015       1.074       1.104       1.261       1.419       1.449       1.508

 SA       ON
    AGE_C80         -0.174      -0.140      -0.123      -0.033       0.057       0.074       0.107
    EDU_C7          -0.136      -0.106      -0.091      -0.012       0.067       0.082       0.111

 QA       ON
    AGE_C80         -0.015      -0.010      -0.008       0.003       0.014       0.017       0.021
    EDU_C7          -0.019      -0.015      -0.012       0.000       0.013       0.016       0.020

 IA       WITH
    SA              -1.484      -0.998      -0.749       0.552       1.853       2.102       2.588
    QA              -0.362      -0.303      -0.273      -0.115       0.043       0.074       0.133

 SA       WITH
    QA              -0.220      -0.173      -0.149      -0.024       0.101       0.125       0.171

 Intercepts
    A_01             0.000       0.000       0.000       0.000       0.000       0.000       0.000
    A_02             0.000       0.000       0.000       0.000       0.000       0.000       0.000
    A_04             0.000       0.000       0.000       0.000       0.000       0.000       0.000
    A_05             0.000       0.000       0.000       0.000       0.000       0.000       0.000
    IA              15.084      15.389      15.544      16.356      17.169      17.324      17.628
    SA              -0.324      -0.214      -0.158       0.135       0.429       0.485       0.595
    QA              -0.085      -0.072      -0.065      -0.029       0.007       0.014       0.027

 Residual Variances
    A_01             4.538       5.029       5.280       6.591       7.902       8.153       8.644
    A_02             4.538       5.029       5.280       6.591       7.902       8.153       8.644
    A_04             4.538       5.029       5.280       6.591       7.902       8.153       8.644
    A_05             4.538       5.029       5.280       6.591       7.902       8.153       8.644
    IA              15.022      16.363      17.049      20.630      24.212      24.898      26.239
    SA              -1.376      -0.979      -0.777       0.282       1.340       1.543       1.939
    QA              -0.020      -0.015      -0.012       0.004       0.020       0.023       0.029


SAMPLE STATISTICS FOR ESTIMATED FACTOR SCORES


     SAMPLE STATISTICS


           Means
              IA            IA_SE         SA            SA_SE         QA
              ________      ________      ________      ________      ________
 1             16.100         1.874         0.004         0.486        -0.017


           Means
              QA_SE
              ________
 1              0.058


           Covariances
              IA            IA_SE         SA            SA_SE         QA
              ________      ________      ________      ________      ________
 IA            26.184
 IA_SE         -0.400         0.089
 SA             0.637        -0.015         0.054
 SA_SE         -0.022         0.005        -0.001         0.001
 QA            -0.108         0.002        -0.005         0.000         0.001
 QA_SE         -0.001         0.000         0.000         0.000         0.000


           Covariances
              QA_SE
              ________
 QA_SE          0.000


           Correlations
              IA            IA_SE         SA            SA_SE         QA
              ________      ________      ________      ________      ________
 IA             1.000
 IA_SE         -0.262         1.000
 SA             0.536        -0.215         1.000
 SA_SE         -0.170         0.732        -0.184         1.000
 QA            -0.727         0.247        -0.750         0.209         1.000
 QA_SE         -0.168         0.743        -0.178         0.838         0.184


           Correlations
              QA_SE
              ________
 QA_SE          1.000


RESULTS SAVING INFORMATION

  Order of data

    Parameter estimates
     (saved in order shown in Technical 1 output)
    Standard errors
     (saved in order shown in Technical 1 output)
    H0 Loglikelihood
    H0 Scaling Correction Factor for MLR
    Number of Free Parameters
    Akaike (AIC)
    Bayesian (BIC)
    Sample-Size Adjusted BIC

  Save file
    u2_1245_ae_synonyms_results.dat

  Save file format           Free


PLOT INFORMATION

The following plots are available:

  Histograms (sample values, estimated factor scores)
  Scatterplots (sample values, estimated factor scores)
  Latent variable distribution plots

SAVEDATA INFORMATION


  Save file
    u2_1245_ae_synonyms_fscores.dat

  Order and format of variables

    A_01           F10.3
    A_02           F10.3
    A_04           F10.3
    A_05           F10.3
    AGE_C80        F10.3
    EDU_C7         F10.3
    TIME_01        F10.3
    TIME_02        F10.3
    TIME_04        F10.3
    TIME_05        F10.3
    _WEIGHT        F10.3
    IA             F10.3
    IA_SE          F10.3
    SA             F10.3
    SA_SE          F10.3
    QA             F10.3
    QA_SE          F10.3
    PAIRID         I5

  Save file format
    17F10.3 I5

  Save file record length    10000


     Beginning Time:  12:09:43
        Ending Time:  12:09:45
       Elapsed Time:  00:00:02



MUTHEN & MUTHEN
3463 Stoner Ave.
Los Angeles, CA  90066

Tel: (310) 391-9971
Fax: (310) 391-8971
Web: www.StatModel.com
Support: Support@StatModel.com

Copyright (c) 1998-2014 Muthen & Muthen
