Mplus VERSION 7.3
MUTHEN & MUTHEN
12/17/2016   6:09 PM

INPUT INSTRUCTIONS

  TITLE:
  Script produced from the prototype in ./sandbox/syntax-creator/
  DATA:
  File = wide-dataset.dat ;
  VARIABLE:
  NAMES are
   Case PairID female age_c80 edu_c7 sbp_c167 smoke cardio diabetes dementia_ever
      years_since_bl_01 years_since_bl_02 years_since_bl_03 years_since_bl_04
      years_since_bl_05 pef_01 pef_02 pef_03 pef_04 pef_05 grip_01 grip_02 grip_03
      grip_04 grip_05 gait_01 gait_02 gait_03 gait_04 gait_05 block_01 block_02
      block_03 block_04 block_05 digitspanbackward_01 digitspanbackward_02
      digitspanbackward_03 digitspanbackward_04 digitspanbackward_05
      digitspanforward_01 digitspanforward_02 digitspanforward_03 digitspanforward_04
      digitspanforward_05 symbol_01 symbol_02 symbol_03 symbol_04 symbol_05 prose_01
      prose_02 prose_03 prose_04 prose_05 info_01 info_02 info_03 info_04 info_05
      synonyms_01 synonyms_02 synonyms_03 synonyms_04 synonyms_05 psif_01 psif_02
      psif_03 psif_04 psif_05 figure_01 figure_02 figure_03 figure_04 figure_05
      mirrecall_01 mirrecall_02 mirrecall_03 mirrecall_04 mirrecall_05 mmse_01 mmse_02
      mmse_03 mmse_04 mmse_05 mirnaming_01 mirnaming_02 mirnaming_03 mirnaming_04
      mirnaming_05 mirrecog_01 mirrecog_02 mirrecog_03 mirrecog_04 mirrecog_05
      clock_01 clock_02 clock_03 clock_04 clock_05
  	;
  Missing are all (-9999);
  USEVARIABLES are
  	!define the variables used in the analysis
  	! covariates used in the model
  age_c80	
  	!estimated time points
  time_01
  time_02
  time_03
  	!modelled time points of process (A)
  a_01
  a_02
  a_03
  ;
  TSCORES are
  	!estimated time points
  time_01
  time_02
  time_03;
  CLUSTER = PairID;
  SUBPOPULATION are
  	!select a subset of observations
  dementia_ever NE 1
  ;
  DEFINE:
  	! assign variables to the process (A)
  a_01 = synonyms_01;
  a_02 = synonyms_02;
  a_03 = synonyms_03;
  	!assign variables to time points
  time_01 = years_since_bl_01;
  time_02 = years_since_bl_02;
  time_03 = years_since_bl_03;
  	
  ANALYSIS: TYPE = RANDOM COMPLEX;
  COVERAGE=.00;
  MODEL:
  	!first-level equation
  	! assign process (A) to time points
  ia sa qa | a_01 AT time_01 ;
  ia sa qa | a_02 AT time_02 ;
  ia sa qa | a_03 AT time_03 ;
  	!variance of the first-level terms
  ia (v_ia);
  sa (v_sa);
  qa (v_qa);
  	!covariance among first-level terms
  ia WITH sa (c_iasa);
  ia WITH qa (c_iaqa);
  sa WITH qa (c_saqa);
  	!second-level equation
  ia sa qa ON age_c80;
  	!residual covariance of process (A)
  a_01 (res_a);
  a_02 (res_a);
  a_03 (res_a);	
  SAVEDATA:
  FILE is   u2_123_a_synonyms_fscores.dat;
  SAVE = FSCORES;
  RESULTS are   u2_123_a_synonyms_results.dat;
  	
  OUTPUT: sampstat cinterval;
  PLOT: Type is Plot1 Plot2 Plot3;



*** WARNING
  Data set contains cases with missing on all variables except
  x-variables.  These cases were not included in the analysis.
  Number of cases with missing on all variables except x-variables:  206
   1 WARNING(S) FOUND IN THE INPUT INSTRUCTIONS




Script produced from the prototype in ./sandbox/syntax-creator/

SUMMARY OF ANALYSIS

Number of groups                                                 1
Number of observations                                         377

Number of dependent variables                                    3
Number of independent variables                                  1
Number of continuous latent variables                            3

Observed dependent variables

  Continuous
   A_01        A_02        A_03

Observed independent variables
   AGE_C80

Continuous latent variables
   IA          SA          QA

Variables with special functions

  Cluster variable      PAIRID
  Weight variable       _WEIGHT

  Time scores
   TIME_01     TIME_02     TIME_03


Estimator                                                      MLR
Information matrix                                        OBSERVED
Maximum number of iterations                                   100
Convergence criterion                                    0.100D-05
Maximum number of EM iterations                                500
Convergence criteria for the EM algorithm
  Loglikelihood change                                   0.100D-02
  Relative loglikelihood change                          0.100D-05
  Derivative                                             0.100D-03
Minimum variance                                         0.100D-03
Maximum number of steepest descent iterations                   20
Maximum number of iterations for H1                           2000
Convergence criterion for H1                             0.100D-03
Optimization algorithm                                         EMA

Input data file(s)
  wide-dataset.dat
Input data format  FREE



SAMPLE STATISTICS


     ESTIMATED SAMPLE STATISTICS


           Means
              A_01          A_02          A_03          AGE_C80
              ________      ________      ________      ________
 1             16.743        16.487        16.233         3.023


           Covariances
              A_01          A_02          A_03          AGE_C80
              ________      ________      ________      ________
 A_01          36.123
 A_02          30.186        37.484
 A_03          31.461        32.409        40.167
 AGE_C80       -0.756        -1.248        -0.466         6.926


           Correlations
              A_01          A_02          A_03          AGE_C80
              ________      ________      ________      ________
 A_01           1.000
 A_02           0.820         1.000
 A_03           0.826         0.835         1.000
 AGE_C80       -0.048        -0.077        -0.028         1.000


     MAXIMUM LOG-LIKELIHOOD VALUE FOR THE UNRESTRICTED (H1) MODEL IS -4297.941


UNIVARIATE HIGHER-ORDER MOMENT DESCRIPTIVE STATISTICS


     UNIVARIATE HIGHER-ORDER MOMENT DESCRIPTIVE STATISTICS

         Variable/         Mean/     Skewness/   Minimum/ % with                Percentiles
        Sample Size      Variance    Kurtosis    Maximum  Min/Max      20%/60%    40%/80%    Median

     A_01                 17.084       0.010       1.000    0.23%      11.000     15.000     16.000
             430.000      36.294      -0.784      30.000    0.47%      18.000     22.000
     A_02                 17.030      -0.064       3.000    0.56%       9.000     14.000     16.000
             354.000      37.844      -1.034      29.000    0.56%      18.000     22.000
     A_03                 16.819       0.019       4.000    1.17%      10.000     14.000     16.000
             256.000      38.586      -0.981      30.000    0.39%      19.000     22.000
     AGE_C80               3.023       1.086      -0.581    0.20%       0.875      1.637      2.234
             496.000       6.926       0.648      12.937    0.20%       2.923      5.286


THE MODEL ESTIMATION TERMINATED NORMALLY



MODEL FIT INFORMATION

Number of Free Parameters                       13

Loglikelihood

          H0 Value                       -2366.615
          H0 Scaling Correction Factor      0.9836
            for MLR

Information Criteria

          Akaike (AIC)                    4759.230
          Bayesian (BIC)                  4810.349
          Sample-Size Adjusted BIC        4769.103
            (n* = (n + 2) / 24)



MODEL RESULTS

                                                    Two-Tailed
                    Estimate       S.E.  Est./S.E.    P-Value

 IA         ON
    AGE_C80           -0.111      0.143     -0.777      0.437

 SA         ON
    AGE_C80           -0.084      0.077     -1.088      0.277

 QA         ON
    AGE_C80            0.024      0.020      1.194      0.233

 IA       WITH
    SA                -2.798      1.722     -1.625      0.104
    QA                 0.559      0.355      1.572      0.116

 SA       WITH
    QA                -1.457      0.713     -2.042      0.041

 Intercepts
    A_01               0.000      0.000    999.000    999.000
    A_02               0.000      0.000    999.000    999.000
    A_03               0.000      0.000    999.000    999.000
    IA                17.077      0.565     30.247      0.000
    SA                 0.136      0.275      0.494      0.621
    QA                -0.075      0.067     -1.114      0.265

 Residual Variances
    A_01               2.490      1.695      1.469      0.142
    A_02               2.490      1.695      1.469      0.142
    A_03               2.490      1.695      1.469      0.142
    IA                33.545      2.962     11.325      0.000
    SA                 6.383      3.055      2.089      0.037
    QA                 0.360      0.178      2.028      0.043


QUALITY OF NUMERICAL RESULTS

     Condition Number for the Information Matrix              0.183E-05
       (ratio of smallest to largest eigenvalue)


CONFIDENCE INTERVALS OF MODEL RESULTS

                  Lower .5%  Lower 2.5%    Lower 5%    Estimate    Upper 5%  Upper 2.5%   Upper .5%

 IA       ON
    AGE_C80         -0.481      -0.392      -0.347      -0.111       0.124       0.170       0.258

 SA       ON
    AGE_C80         -0.283      -0.236      -0.211      -0.084       0.043       0.067       0.115

 QA       ON
    AGE_C80         -0.028      -0.016      -0.009       0.024       0.058       0.064       0.076

 IA       WITH
    SA              -7.233      -6.173      -5.630      -2.798       0.035       0.577       1.638
    QA              -0.357      -0.138      -0.026       0.559       1.143       1.255       1.474

 SA       WITH
    QA              -3.295      -2.855      -2.630      -1.457      -0.283      -0.058       0.381

 Intercepts
    A_01             0.000       0.000       0.000       0.000       0.000       0.000       0.000
    A_02             0.000       0.000       0.000       0.000       0.000       0.000       0.000
    A_03             0.000       0.000       0.000       0.000       0.000       0.000       0.000
    IA              15.623      15.971      16.149      17.077      18.006      18.184      18.532
    SA              -0.572      -0.403      -0.316       0.136       0.588       0.674       0.844
    QA              -0.247      -0.206      -0.185      -0.075       0.036       0.057       0.098

 Residual Variances
    A_01            -1.876      -0.832      -0.298       2.490       5.279       5.813       6.856
    A_02            -1.876      -0.832      -0.298       2.490       5.279       5.813       6.856
    A_03            -1.876      -0.832      -0.298       2.490       5.279       5.813       6.856
    IA              25.915      27.739      28.672      33.545      38.418      39.351      41.175
    SA              -1.487       0.395       1.357       6.383      11.409      12.372      14.253
    QA              -0.097       0.012       0.068       0.360       0.653       0.708       0.818


SAMPLE STATISTICS FOR ESTIMATED FACTOR SCORES


     SAMPLE STATISTICS


           Means
              IA            IA_SE         SA            SA_SE         QA
              ________      ________      ________      ________      ________
 1             16.149         1.604        -0.209         1.921         0.015


           Means
              QA_SE
              ________
 1              0.465


           Covariances
              IA            IA_SE         SA            SA_SE         QA
              ________      ________      ________      ________      ________
 IA            31.007
 IA_SE         -0.655         0.263
 SA            -1.078        -0.076         2.677
 SA_SE         -0.603         0.109        -0.009         0.179
 QA             0.221         0.018        -0.604         0.005         0.145
 QA_SE         -0.131         0.021        -0.006         0.040         0.002


           Covariances
              QA_SE
              ________
 QA_SE          0.010


           Correlations
              IA            IA_SE         SA            SA_SE         QA
              ________      ________      ________      ________      ________
 IA             1.000
 IA_SE         -0.229         1.000
 SA            -0.118        -0.091         1.000
 SA_SE         -0.256         0.504        -0.013         1.000
 QA             0.104         0.091        -0.969         0.031         1.000
 QA_SE         -0.241         0.424        -0.039         0.967         0.056


           Correlations
              QA_SE
              ________
 QA_SE          1.000


RESULTS SAVING INFORMATION

  Order of data

    Parameter estimates
     (saved in order shown in Technical 1 output)
    Standard errors
     (saved in order shown in Technical 1 output)
    H0 Loglikelihood
    H0 Scaling Correction Factor for MLR
    Number of Free Parameters
    Akaike (AIC)
    Bayesian (BIC)
    Sample-Size Adjusted BIC

  Save file
    u2_123_a_synonyms_results.dat

  Save file format           Free


PLOT INFORMATION

The following plots are available:

  Histograms (sample values, estimated factor scores)
  Scatterplots (sample values, estimated factor scores)
  Latent variable distribution plots

SAVEDATA INFORMATION


  Save file
    u2_123_a_synonyms_fscores.dat

  Order and format of variables

    A_01           F10.3
    A_02           F10.3
    A_03           F10.3
    AGE_C80        F10.3
    TIME_01        F10.3
    TIME_02        F10.3
    TIME_03        F10.3
    _WEIGHT        F10.3
    IA             F10.3
    IA_SE          F10.3
    SA             F10.3
    SA_SE          F10.3
    QA             F10.3
    QA_SE          F10.3
    PAIRID         I5

  Save file format
    14F10.3 I5

  Save file record length    10000


     Beginning Time:  18:09:45
        Ending Time:  18:09:45
       Elapsed Time:  00:00:00



MUTHEN & MUTHEN
3463 Stoner Ave.
Los Angeles, CA  90066

Tel: (310) 391-9971
Fax: (310) 391-8971
Web: www.StatModel.com
Support: Support@StatModel.com

Copyright (c) 1998-2014 Muthen & Muthen
