Mplus VERSION 7.3
MUTHEN & MUTHEN
12/17/2016  12:08 PM

INPUT INSTRUCTIONS

  TITLE:
  Script produced from the prototype in ./sandbox/syntax-creator/
  DATA:
  File = wide-dataset.dat ;
  VARIABLE:
  NAMES are
   Case PairID female age_c80 edu_c7 sbp_c167 smoke cardio diabetes dementia_ever
      years_since_bl_01 years_since_bl_02 years_since_bl_03 years_since_bl_04
      years_since_bl_05 pef_01 pef_02 pef_03 pef_04 pef_05 grip_01 grip_02 grip_03
      grip_04 grip_05 gait_01 gait_02 gait_03 gait_04 gait_05 block_01 block_02
      block_03 block_04 block_05 digitspanbackward_01 digitspanbackward_02
      digitspanbackward_03 digitspanbackward_04 digitspanbackward_05
      digitspanforward_01 digitspanforward_02 digitspanforward_03 digitspanforward_04
      digitspanforward_05 symbol_01 symbol_02 symbol_03 symbol_04 symbol_05 prose_01
      prose_02 prose_03 prose_04 prose_05 info_01 info_02 info_03 info_04 info_05
      synonyms_01 synonyms_02 synonyms_03 synonyms_04 synonyms_05 psif_01 psif_02
      psif_03 psif_04 psif_05 figure_01 figure_02 figure_03 figure_04 figure_05
      mirrecall_01 mirrecall_02 mirrecall_03 mirrecall_04 mirrecall_05 mmse_01 mmse_02
      mmse_03 mmse_04 mmse_05 mirnaming_01 mirnaming_02 mirnaming_03 mirnaming_04
      mirnaming_05 mirrecog_01 mirrecog_02 mirrecog_03 mirrecog_04 mirrecog_05
      clock_01 clock_02 clock_03 clock_04 clock_05
  	;
  Missing are all (-9999);
  USEVARIABLES are
  	!define the variables used in the analysis
  	! covariates used in the model
  age_c80
  edu_c7
  female
  sbp_c167	
  	!estimated time points
  time_01
  time_02
  time_03
  time_04
  time_05
  	!modelled time points of process (A)
  a_01
  a_02
  a_03
  a_04
  a_05
  ;
  TSCORES are
  	!estimated time points
  time_01
  time_02
  time_03
  time_04
  time_05;
  CLUSTER = PairID;
  SUBPOPULATION are
  	!select a subset of observations
  dementia_ever NE 1
  ;
  DEFINE:
  	! assign variables to the process (A)
  a_01 = synonyms_01;
  a_02 = synonyms_02;
  a_03 = synonyms_03;
  a_04 = synonyms_04;
  a_05 = synonyms_05;
  	!assign variables to time points
  time_01 = years_since_bl_01;
  time_02 = years_since_bl_02;
  time_03 = years_since_bl_03;
  time_04 = years_since_bl_04;
  time_05 = years_since_bl_05;
  	
  ANALYSIS: TYPE = RANDOM COMPLEX;
  COVERAGE=.00;
  MODEL:
  	!first-level equation
  	! assign process (A) to time points
  ia sa qa | a_01 AT time_01 ;
  ia sa qa | a_02 AT time_02 ;
  ia sa qa | a_03 AT time_03 ;
  ia sa qa | a_04 AT time_04 ;
  ia sa qa | a_05 AT time_05 ;
  	!variance of the first-level terms
  ia (v_ia);
  sa (v_sa);
  qa (v_qa);
  	!covariance among first-level terms
  ia WITH sa (c_iasa);
  ia WITH qa (c_iaqa);
  sa WITH qa (c_saqa);
  	!second-level equation
  ia sa qa ON age_c80
  edu_c7
  female
  sbp_c167;
  	!residual covariance of process (A)
  a_01 (res_a);
  a_02 (res_a);
  a_03 (res_a);
  a_04 (res_a);
  a_05 (res_a);	
  SAVEDATA:
  FILE is   u2_12345_aefb_synonyms_fscores.dat;
  SAVE = FSCORES;
  RESULTS are   u2_12345_aefb_synonyms_results.dat;
  	
  OUTPUT: sampstat cinterval;
  PLOT: Type is Plot1 Plot2 Plot3;



*** WARNING
  Data set contains cases with missing on x-variables.
  These cases were not included in the analysis.
  Number of cases with missing on x-variables:  92
*** WARNING
  Data set contains cases with missing on all variables except
  x-variables.  These cases were not included in the analysis.
  Number of cases with missing on all variables except x-variables:  125
   2 WARNING(S) FOUND IN THE INPUT INSTRUCTIONS




Script produced from the prototype in ./sandbox/syntax-creator/

SUMMARY OF ANALYSIS

Number of groups                                                 1
Number of observations                                         371

Number of dependent variables                                    5
Number of independent variables                                  4
Number of continuous latent variables                            3

Observed dependent variables

  Continuous
   A_01        A_02        A_03        A_04        A_05

Observed independent variables
   AGE_C80     EDU_C7      FEMALE      SBP_C167

Continuous latent variables
   IA          SA          QA

Variables with special functions

  Cluster variable      PAIRID
  Weight variable       _WEIGHT

  Time scores
   TIME_01     TIME_02     TIME_03     TIME_04     TIME_05


Estimator                                                      MLR
Information matrix                                        OBSERVED
Maximum number of iterations                                   100
Convergence criterion                                    0.100D-05
Maximum number of EM iterations                                500
Convergence criteria for the EM algorithm
  Loglikelihood change                                   0.100D-02
  Relative loglikelihood change                          0.100D-05
  Derivative                                             0.100D-03
Minimum variance                                         0.100D-03
Maximum number of steepest descent iterations                   20
Maximum number of iterations for H1                           2000
Convergence criterion for H1                             0.100D-03
Optimization algorithm                                         EMA

Input data file(s)
  wide-dataset.dat
Input data format  FREE



SAMPLE STATISTICS


     ESTIMATED SAMPLE STATISTICS


           Means
              A_01          A_02          A_03          A_04          A_05
              ________      ________      ________      ________      ________
 1             16.751        16.510        16.282        16.473        15.447


           Means
              AGE_C80       EDU_C7        FEMALE        SBP_C167
              ________      ________      ________      ________
 1              3.021         0.367         0.652        -5.046


           Covariances
              A_01          A_02          A_03          A_04          A_05
              ________      ________      ________      ________      ________
 A_01          35.662
 A_02          29.787        37.181
 A_03          30.730        31.951        39.485
 A_04          28.412        30.335        33.904        40.637
 A_05          26.299        28.247        31.087        32.103        39.723
 AGE_C80       -0.897        -1.403        -0.413        -0.820        -1.313
 EDU_C7         6.994         7.153         7.174         6.205         6.814
 FEMALE         0.091         0.070         0.248         0.228         0.312
 SBP_C167       3.237         4.600         4.791         6.794        -3.437


           Covariances
              AGE_C80       EDU_C7        FEMALE        SBP_C167
              ________      ________      ________      ________
 AGE_C80        6.933
 EDU_C7        -0.407         5.704
 FEMALE         0.088        -0.102         0.227
 SBP_C167      -3.066         0.308         0.747       502.044


           Correlations
              A_01          A_02          A_03          A_04          A_05
              ________      ________      ________      ________      ________
 A_01           1.000
 A_02           0.818         1.000
 A_03           0.819         0.834         1.000
 A_04           0.746         0.780         0.846         1.000
 A_05           0.699         0.735         0.785         0.799         1.000
 AGE_C80       -0.057        -0.087        -0.025        -0.049        -0.079
 EDU_C7         0.490         0.491         0.478         0.408         0.453
 FEMALE         0.032         0.024         0.083         0.075         0.104
 SBP_C167       0.024         0.034         0.034         0.048        -0.024


           Correlations
              AGE_C80       EDU_C7        FEMALE        SBP_C167
              ________      ________      ________      ________
 AGE_C80        1.000
 EDU_C7        -0.065         1.000
 FEMALE         0.070        -0.089         1.000
 SBP_C167      -0.052         0.006         0.070         1.000


     MAXIMUM LOG-LIKELIHOOD VALUE FOR THE UNRESTRICTED (H1) MODEL IS -8628.610


UNIVARIATE HIGHER-ORDER MOMENT DESCRIPTIVE STATISTICS


     UNIVARIATE HIGHER-ORDER MOMENT DESCRIPTIVE STATISTICS

         Variable/         Mean/     Skewness/   Minimum/ % with                Percentiles
        Sample Size      Variance    Kurtosis    Maximum  Min/Max      20%/60%    40%/80%    Median

     A_01                 17.113       0.041       1.000    0.24%      11.000     15.000     16.000
             420.000      35.904      -0.810      30.000    0.48%      18.000     22.000
     A_02                 17.000      -0.055       3.000    0.57%      10.000     14.000     16.000
             348.000      38.082      -1.044      29.000    0.57%      18.000     22.000
     A_03                 16.745       0.046       4.000    1.19%      10.000     14.000     16.000
             253.000      38.737      -0.975      30.000    0.40%      18.000     22.000
     A_04                 17.333      -0.061       2.000    0.58%      11.000     14.000     17.000
             172.000      37.153      -0.671      30.000    1.74%      18.000     22.000
     A_05                 16.569      -0.072       4.000    0.83%      10.000     14.000     16.000
             121.000      38.154      -0.815      29.000    1.65%      18.000     22.000
     AGE_C80               3.021       1.095      -0.581    0.21%       0.866      1.623      2.148
             485.000       6.933       0.679      12.937    0.21%       2.789      5.204
     EDU_C7                0.367       1.974      -5.000    0.41%      -1.000     -1.000     -1.000
             485.000       5.704       4.899      13.000    0.21%       0.000      1.000
     FEMALE                0.652      -0.640       0.000   35.67%       0.000      1.000      1.000
             485.000       0.227      -1.591       1.000   64.33%       1.000      1.000
     SBP_C167             -5.046       0.423     -57.000    0.82%     -27.000     -7.000     -7.000
             485.000     502.044       0.757      93.000    0.21%      -2.000     13.000


THE MODEL ESTIMATION TERMINATED NORMALLY



MODEL FIT INFORMATION

Number of Free Parameters                       22

Loglikelihood

          H0 Value                       -2946.350
          H0 Scaling Correction Factor      1.0247
            for MLR

Information Criteria

          Akaike (AIC)                    5936.700
          Bayesian (BIC)                  6022.857
          Sample-Size Adjusted BIC        5953.058
            (n* = (n + 2) / 24)



MODEL RESULTS

                                                    Two-Tailed
                    Estimate       S.E.  Est./S.E.    P-Value

 IA         ON
    AGE_C80           -0.086      0.117     -0.734      0.463
    EDU_C7             1.249      0.097     12.874      0.000
    FEMALE             0.912      0.673      1.355      0.175
    SBP_C167           0.003      0.011      0.279      0.780

 SA         ON
    AGE_C80            0.012      0.039      0.310      0.757
    EDU_C7             0.007      0.036      0.183      0.855
    FEMALE             0.111      0.210      0.531      0.596
    SBP_C167           0.004      0.004      0.825      0.409

 QA         ON
    AGE_C80           -0.002      0.005     -0.429      0.668
    EDU_C7            -0.002      0.006     -0.354      0.723
    FEMALE             0.004      0.028      0.149      0.881
    SBP_C167          -0.001      0.001     -1.062      0.288

 IA       WITH
    SA                 0.766      0.596      1.285      0.199
    QA                -0.141      0.078     -1.811      0.070

 SA       WITH
    QA                -0.010      0.042     -0.227      0.821

 Intercepts
    A_01               0.000      0.000    999.000    999.000
    A_02               0.000      0.000    999.000    999.000
    A_03               0.000      0.000    999.000    999.000
    A_04               0.000      0.000    999.000    999.000
    A_05               0.000      0.000    999.000    999.000
    IA                15.928      0.682     23.361      0.000
    SA                -0.121      0.178     -0.677      0.498
    QA                -0.012      0.024     -0.500      0.617

 Residual Variances
    A_01               6.369      0.569     11.191      0.000
    A_02               6.369      0.569     11.191      0.000
    A_03               6.369      0.569     11.191      0.000
    A_04               6.369      0.569     11.191      0.000
    A_05               6.369      0.569     11.191      0.000
    IA                20.177      2.080      9.699      0.000
    SA                 0.170      0.343      0.498      0.619
    QA                 0.002      0.006      0.408      0.684


QUALITY OF NUMERICAL RESULTS

     Condition Number for the Information Matrix              0.253E-04
       (ratio of smallest to largest eigenvalue)


CONFIDENCE INTERVALS OF MODEL RESULTS

                  Lower .5%  Lower 2.5%    Lower 5%    Estimate    Upper 5%  Upper 2.5%   Upper .5%

 IA       ON
    AGE_C80         -0.387      -0.315      -0.278      -0.086       0.106       0.143       0.215
    EDU_C7           0.999       1.059       1.089       1.249       1.409       1.439       1.499
    FEMALE          -0.822      -0.407      -0.195       0.912       2.019       2.231       2.645
    SBP_C167        -0.026      -0.019      -0.016       0.003       0.022       0.026       0.033

 SA       ON
    AGE_C80         -0.089      -0.065      -0.052       0.012       0.077       0.089       0.113
    EDU_C7          -0.085      -0.063      -0.052       0.007       0.065       0.076       0.098
    FEMALE          -0.429      -0.300      -0.234       0.111       0.456       0.522       0.651
    SBP_C167        -0.007      -0.005      -0.003       0.004       0.011       0.012       0.014

 QA       ON
    AGE_C80         -0.015      -0.012      -0.010      -0.002       0.006       0.008       0.011
    EDU_C7          -0.017      -0.014      -0.012      -0.002       0.008       0.009       0.013
    FEMALE          -0.069      -0.051      -0.042       0.004       0.051       0.060       0.077
    SBP_C167        -0.002      -0.002      -0.002      -0.001       0.000       0.001       0.001

 IA       WITH
    SA              -0.769      -0.402      -0.214       0.766       1.746       1.934       2.301
    QA              -0.342      -0.294      -0.269      -0.141      -0.013       0.012       0.060

 SA       WITH
    QA              -0.119      -0.093      -0.079      -0.010       0.060       0.074       0.100

 Intercepts
    A_01             0.000       0.000       0.000       0.000       0.000       0.000       0.000
    A_02             0.000       0.000       0.000       0.000       0.000       0.000       0.000
    A_03             0.000       0.000       0.000       0.000       0.000       0.000       0.000
    A_04             0.000       0.000       0.000       0.000       0.000       0.000       0.000
    A_05             0.000       0.000       0.000       0.000       0.000       0.000       0.000
    IA              14.172      14.592      14.806      15.928      17.049      17.264      17.684
    SA              -0.579      -0.469      -0.413      -0.121       0.172       0.228       0.338
    QA              -0.073      -0.059      -0.051      -0.012       0.027       0.035       0.049

 Residual Variances
    A_01             4.903       5.254       5.433       6.369       7.305       7.484       7.835
    A_02             4.903       5.254       5.433       6.369       7.305       7.484       7.835
    A_03             4.903       5.254       5.433       6.369       7.305       7.484       7.835
    A_04             4.903       5.254       5.433       6.369       7.305       7.484       7.835
    A_05             4.903       5.254       5.433       6.369       7.305       7.484       7.835
    IA              14.819      16.100      16.755      20.177      23.600      24.255      25.536
    SA              -0.712      -0.501      -0.393       0.170       0.734       0.842       1.053
    QA              -0.012      -0.009      -0.007       0.002       0.012       0.013       0.017


SAMPLE STATISTICS FOR ESTIMATED FACTOR SCORES


     SAMPLE STATISTICS


           Means
              IA            IA_SE         SA            SA_SE         QA
              ________      ________      ________      ________      ________
 1             16.107         1.747        -0.058         0.338        -0.010


           Means
              QA_SE
              ________
 1              0.038


           Covariances
              IA            IA_SE         SA            SA_SE         QA
              ________      ________      ________      ________      ________
 IA            25.930
 IA_SE         -0.409         0.104
 SA             0.897        -0.011         0.069
 SA_SE         -0.030         0.009        -0.001         0.001
 QA            -0.138         0.002        -0.007         0.000         0.001
 QA_SE         -0.002         0.000         0.000         0.000         0.000


           Covariances
              QA_SE
              ________
 QA_SE          0.000


           Correlations
              IA            IA_SE         SA            SA_SE         QA
              ________      ________      ________      ________      ________
 IA             1.000
 IA_SE         -0.249         1.000
 SA             0.672        -0.126         1.000
 SA_SE         -0.164         0.756        -0.109         1.000
 QA            -0.788         0.159        -0.741         0.112         1.000
 QA_SE         -0.221         0.846        -0.148         0.839         0.139


           Correlations
              QA_SE
              ________
 QA_SE          1.000


RESULTS SAVING INFORMATION

  Order of data

    Parameter estimates
     (saved in order shown in Technical 1 output)
    Standard errors
     (saved in order shown in Technical 1 output)
    H0 Loglikelihood
    H0 Scaling Correction Factor for MLR
    Number of Free Parameters
    Akaike (AIC)
    Bayesian (BIC)
    Sample-Size Adjusted BIC

  Save file
    u2_12345_aefb_synonyms_results.dat

  Save file format           Free


PLOT INFORMATION

The following plots are available:

  Histograms (sample values, estimated factor scores)
  Scatterplots (sample values, estimated factor scores)
  Latent variable distribution plots

SAVEDATA INFORMATION


  Save file
    u2_12345_aefb_synonyms_fscores.dat

  Order and format of variables

    A_01           F10.3
    A_02           F10.3
    A_03           F10.3
    A_04           F10.3
    A_05           F10.3
    AGE_C80        F10.3
    EDU_C7         F10.3
    FEMALE         F10.3
    SBP_C167       F10.3
    TIME_01        F10.3
    TIME_02        F10.3
    TIME_03        F10.3
    TIME_04        F10.3
    TIME_05        F10.3
    _WEIGHT        F10.3
    IA             F10.3
    IA_SE          F10.3
    SA             F10.3
    SA_SE          F10.3
    QA             F10.3
    QA_SE          F10.3
    PAIRID         I5

  Save file format
    21F10.3 I5

  Save file record length    10000


     Beginning Time:  12:08:56
        Ending Time:  12:08:58
       Elapsed Time:  00:00:02



MUTHEN & MUTHEN
3463 Stoner Ave.
Los Angeles, CA  90066

Tel: (310) 391-9971
Fax: (310) 391-8971
Web: www.StatModel.com
Support: Support@StatModel.com

Copyright (c) 1998-2014 Muthen & Muthen
