Mplus VERSION 7.3
MUTHEN & MUTHEN
12/17/2016  12:09 PM

INPUT INSTRUCTIONS

  TITLE:
  Script produced from the prototype in ./sandbox/syntax-creator/
  DATA:
  File = wide-dataset.dat ;
  VARIABLE:
  NAMES are
   Case PairID female age_c80 edu_c7 sbp_c167 smoke cardio diabetes dementia_ever
      years_since_bl_01 years_since_bl_02 years_since_bl_03 years_since_bl_04
      years_since_bl_05 pef_01 pef_02 pef_03 pef_04 pef_05 grip_01 grip_02 grip_03
      grip_04 grip_05 gait_01 gait_02 gait_03 gait_04 gait_05 block_01 block_02
      block_03 block_04 block_05 digitspanbackward_01 digitspanbackward_02
      digitspanbackward_03 digitspanbackward_04 digitspanbackward_05
      digitspanforward_01 digitspanforward_02 digitspanforward_03 digitspanforward_04
      digitspanforward_05 symbol_01 symbol_02 symbol_03 symbol_04 symbol_05 prose_01
      prose_02 prose_03 prose_04 prose_05 info_01 info_02 info_03 info_04 info_05
      synonyms_01 synonyms_02 synonyms_03 synonyms_04 synonyms_05 psif_01 psif_02
      psif_03 psif_04 psif_05 figure_01 figure_02 figure_03 figure_04 figure_05
      mirrecall_01 mirrecall_02 mirrecall_03 mirrecall_04 mirrecall_05 mmse_01 mmse_02
      mmse_03 mmse_04 mmse_05 mirnaming_01 mirnaming_02 mirnaming_03 mirnaming_04
      mirnaming_05 mirrecog_01 mirrecog_02 mirrecog_03 mirrecog_04 mirrecog_05
      clock_01 clock_02 clock_03 clock_04 clock_05
  	;
  Missing are all (-9999);
  USEVARIABLES are
  	!define the variables used in the analysis
  	! covariates used in the model
  age_c80
  edu_c7
  female
  sbp_c167	
  	!estimated time points
  time_01
  time_02
  time_04
  time_05
  	!modelled time points of process (A)
  a_01
  a_02
  a_04
  a_05
  ;
  TSCORES are
  	!estimated time points
  time_01
  time_02
  time_04
  time_05;
  CLUSTER = PairID;
  SUBPOPULATION are
  	!select a subset of observations
  dementia_ever NE 1
  ;
  DEFINE:
  	! assign variables to the process (A)
  a_01 = synonyms_01;
  a_02 = synonyms_02;
  a_04 = synonyms_04;
  a_05 = synonyms_05;
  	!assign variables to time points
  time_01 = years_since_bl_01;
  time_02 = years_since_bl_02;
  time_04 = years_since_bl_04;
  time_05 = years_since_bl_05;
  	
  ANALYSIS: TYPE = RANDOM COMPLEX;
  COVERAGE=.00;
  MODEL:
  	!first-level equation
  	! assign process (A) to time points
  ia sa qa | a_01 AT time_01 ;
  ia sa qa | a_02 AT time_02 ;
  ia sa qa | a_04 AT time_04 ;
  ia sa qa | a_05 AT time_05 ;
  	!variance of the first-level terms
  ia (v_ia);
  sa (v_sa);
  qa (v_qa);
  	!covariance among first-level terms
  ia WITH sa (c_iasa);
  ia WITH qa (c_iaqa);
  sa WITH qa (c_saqa);
  	!second-level equation
  ia sa qa ON age_c80
  edu_c7
  female
  sbp_c167;
  	!residual covariance of process (A)
  a_01 (res_a);
  a_02 (res_a);
  a_04 (res_a);
  a_05 (res_a);	
  SAVEDATA:
  FILE is   u2_1245_aefb_synonyms_fscores.dat;
  SAVE = FSCORES;
  RESULTS are   u2_1245_aefb_synonyms_results.dat;
  	
  OUTPUT: sampstat cinterval;
  PLOT: Type is Plot1 Plot2 Plot3;



*** WARNING
  Data set contains cases with missing on x-variables.
  These cases were not included in the analysis.
  Number of cases with missing on x-variables:  92
*** WARNING
  Data set contains cases with missing on all variables except
  x-variables.  These cases were not included in the analysis.
  Number of cases with missing on all variables except x-variables:  132
   2 WARNING(S) FOUND IN THE INPUT INSTRUCTIONS




Script produced from the prototype in ./sandbox/syntax-creator/

SUMMARY OF ANALYSIS

Number of groups                                                 1
Number of observations                                         364

Number of dependent variables                                    4
Number of independent variables                                  4
Number of continuous latent variables                            3

Observed dependent variables

  Continuous
   A_01        A_02        A_04        A_05

Observed independent variables
   AGE_C80     EDU_C7      FEMALE      SBP_C167

Continuous latent variables
   IA          SA          QA

Variables with special functions

  Cluster variable      PAIRID
  Weight variable       _WEIGHT

  Time scores
   TIME_01     TIME_02     TIME_04     TIME_05


Estimator                                                      MLR
Information matrix                                        OBSERVED
Maximum number of iterations                                   100
Convergence criterion                                    0.100D-05
Maximum number of EM iterations                                500
Convergence criteria for the EM algorithm
  Loglikelihood change                                   0.100D-02
  Relative loglikelihood change                          0.100D-05
  Derivative                                             0.100D-03
Minimum variance                                         0.100D-03
Maximum number of steepest descent iterations                   20
Maximum number of iterations for H1                           2000
Convergence criterion for H1                             0.100D-03
Optimization algorithm                                         EMA

Input data file(s)
  wide-dataset.dat
Input data format  FREE



SAMPLE STATISTICS


     ESTIMATED SAMPLE STATISTICS


           Means
              A_01          A_02          A_04          A_05          AGE_C80
              ________      ________      ________      ________      ________
 1             16.796        16.563        16.468        15.457         2.993


           Means
              EDU_C7        FEMALE        SBP_C167
              ________      ________      ________
 1              0.396         0.659        -5.214


           Covariances
              A_01          A_02          A_04          A_05          AGE_C80
              ________      ________      ________      ________      ________
 A_01          35.940
 A_02          30.257        37.669
 A_04          28.662        31.079        40.908
 A_05          26.881        28.943        32.736        40.483
 AGE_C80       -0.794        -1.412        -0.978        -1.499         6.864
 EDU_C7         7.087         7.274         6.574         7.102        -0.365
 FEMALE         0.072         0.028         0.257         0.345         0.092
 SBP_C167       3.810         4.456         1.983        -5.546        -3.673


           Covariances
              EDU_C7        FEMALE        SBP_C167
              ________      ________      ________
 EDU_C7         5.739
 FEMALE        -0.118         0.225
 SBP_C167       0.653         0.773       507.663


           Correlations
              A_01          A_02          A_04          A_05          AGE_C80
              ________      ________      ________      ________      ________
 A_01           1.000
 A_02           0.822         1.000
 A_04           0.748         0.792         1.000
 A_05           0.705         0.741         0.804         1.000
 AGE_C80       -0.051        -0.088        -0.058        -0.090         1.000
 EDU_C7         0.493         0.495         0.429         0.466        -0.058
 FEMALE         0.025         0.010         0.085         0.114         0.074
 SBP_C167       0.028         0.032         0.014        -0.039        -0.062


           Correlations
              EDU_C7        FEMALE        SBP_C167
              ________      ________      ________
 EDU_C7         1.000
 FEMALE        -0.104         1.000
 SBP_C167       0.012         0.072         1.000


     MAXIMUM LOG-LIKELIHOOD VALUE FOR THE UNRESTRICTED (H1) MODEL IS -7882.147


UNIVARIATE HIGHER-ORDER MOMENT DESCRIPTIVE STATISTICS


     UNIVARIATE HIGHER-ORDER MOMENT DESCRIPTIVE STATISTICS

         Variable/         Mean/     Skewness/   Minimum/ % with                Percentiles
        Sample Size      Variance    Kurtosis    Maximum  Min/Max      20%/60%    40%/80%    Median

     A_01                 17.113       0.041       1.000    0.24%      11.000     15.000     16.000
             420.000      35.904      -0.810      30.000    0.48%      18.000     22.000
     A_02                 17.000      -0.055       3.000    0.57%      10.000     14.000     16.000
             348.000      38.082      -1.044      29.000    0.57%      18.000     22.000
     A_04                 17.333      -0.061       2.000    0.58%      11.000     14.000     17.000
             172.000      37.153      -0.671      30.000    1.74%      18.000     22.000
     A_05                 16.569      -0.072       4.000    0.83%      10.000     14.000     16.000
             121.000      38.154      -0.815      29.000    1.65%      18.000     22.000
     AGE_C80               2.993       1.125      -0.581    0.21%       0.866      1.618      2.128
             478.000       6.864       0.793      12.937    0.21%       2.768      5.146
     EDU_C7                0.396       1.976      -5.000    0.42%      -1.000     -1.000      0.000
             478.000       5.739       4.825      13.000    0.21%       0.000      1.000
     FEMALE                0.659      -0.672       0.000   35.15%       0.000      1.000      1.000
             478.000       0.225      -1.548       1.000   64.85%       1.000      1.000
     SBP_C167             -5.214       0.441     -57.000    0.84%     -27.000     -7.000     -7.000
             478.000     507.663       0.753      93.000    0.21%      -2.000     13.000


THE MODEL ESTIMATION TERMINATED NORMALLY



MODEL FIT INFORMATION

Number of Free Parameters                       22

Loglikelihood

          H0 Value                       -2414.541
          H0 Scaling Correction Factor      1.0289
            for MLR

Information Criteria

          Akaike (AIC)                    4873.081
          Bayesian (BIC)                  4958.818
          Sample-Size Adjusted BIC        4889.022
            (n* = (n + 2) / 24)



MODEL RESULTS

                                                    Two-Tailed
                    Estimate       S.E.  Est./S.E.    P-Value

 IA         ON
    AGE_C80           -0.069      0.120     -0.578      0.563
    EDU_C7             1.264      0.097     13.012      0.000
    FEMALE             0.951      0.680      1.398      0.162
    SBP_C167           0.003      0.012      0.294      0.769

 SA         ON
    AGE_C80           -0.031      0.055     -0.554      0.579
    EDU_C7            -0.012      0.048     -0.252      0.801
    FEMALE            -0.056      0.264     -0.213      0.831
    SBP_C167           0.003      0.005      0.648      0.517

 QA         ON
    AGE_C80            0.002      0.007      0.326      0.744
    EDU_C7             0.001      0.008      0.151      0.880
    FEMALE             0.030      0.034      0.872      0.383
    SBP_C167          -0.001      0.001     -1.071      0.284

 IA       WITH
    SA                 0.641      0.791      0.810      0.418
    QA                -0.124      0.095     -1.306      0.191

 SA       WITH
    QA                -0.012      0.077     -0.158      0.875

 Intercepts
    A_01               0.000      0.000    999.000    999.000
    A_02               0.000      0.000    999.000    999.000
    A_04               0.000      0.000    999.000    999.000
    A_05               0.000      0.000    999.000    999.000
    IA                15.834      0.686     23.094      0.000
    SA                 0.191      0.237      0.807      0.420
    QA                -0.053      0.031     -1.731      0.083

 Residual Variances
    A_01               6.685      0.818      8.170      0.000
    A_02               6.685      0.818      8.170      0.000
    A_04               6.685      0.818      8.170      0.000
    A_05               6.685      0.818      8.170      0.000
    IA                20.159      2.178      9.256      0.000
    SA                 0.208      0.657      0.316      0.752
    QA                 0.002      0.009      0.222      0.824


QUALITY OF NUMERICAL RESULTS

     Condition Number for the Information Matrix              0.549E-05
       (ratio of smallest to largest eigenvalue)


CONFIDENCE INTERVALS OF MODEL RESULTS

                  Lower .5%  Lower 2.5%    Lower 5%    Estimate    Upper 5%  Upper 2.5%   Upper .5%

 IA       ON
    AGE_C80         -0.378      -0.304      -0.267      -0.069       0.128       0.166       0.240
    EDU_C7           1.014       1.074       1.105       1.264       1.424       1.455       1.515
    FEMALE          -0.801      -0.382      -0.168       0.951       2.070       2.284       2.703
    SBP_C167        -0.026      -0.019      -0.016       0.003       0.022       0.026       0.033

 SA       ON
    AGE_C80         -0.174      -0.139      -0.122      -0.031       0.061       0.078       0.112
    EDU_C7          -0.134      -0.105      -0.090      -0.012       0.066       0.081       0.110
    FEMALE          -0.736      -0.574      -0.490      -0.056       0.378       0.461       0.624
    SBP_C167        -0.009      -0.006      -0.005       0.003       0.011       0.013       0.016

 QA       ON
    AGE_C80         -0.016      -0.011      -0.009       0.002       0.014       0.016       0.020
    EDU_C7          -0.018      -0.014      -0.011       0.001       0.013       0.016       0.020
    FEMALE          -0.058      -0.037      -0.027       0.030       0.086       0.097       0.118
    SBP_C167        -0.002      -0.002      -0.002      -0.001       0.000       0.001       0.001

 IA       WITH
    SA              -1.397      -0.909      -0.660       0.641       1.943       2.192       2.679
    QA              -0.369      -0.310      -0.280      -0.124       0.032       0.062       0.121

 SA       WITH
    QA              -0.211      -0.163      -0.139      -0.012       0.115       0.139       0.186

 Intercepts
    A_01             0.000       0.000       0.000       0.000       0.000       0.000       0.000
    A_02             0.000       0.000       0.000       0.000       0.000       0.000       0.000
    A_04             0.000       0.000       0.000       0.000       0.000       0.000       0.000
    A_05             0.000       0.000       0.000       0.000       0.000       0.000       0.000
    IA              14.068      14.490      14.706      15.834      16.962      17.178      17.600
    SA              -0.419      -0.273      -0.199       0.191       0.581       0.656       0.802
    QA              -0.132      -0.113      -0.103      -0.053      -0.003       0.007       0.026

 Residual Variances
    A_01             4.577       5.081       5.339       6.685       8.031       8.288       8.792
    A_02             4.577       5.081       5.339       6.685       8.031       8.288       8.792
    A_04             4.577       5.081       5.339       6.685       8.031       8.288       8.792
    A_05             4.577       5.081       5.339       6.685       8.031       8.288       8.792
    IA              14.549      15.890      16.577      20.159      23.742      24.428      25.769
    SA              -1.485      -1.080      -0.873       0.208       1.289       1.496       1.901
    QA              -0.022      -0.017      -0.014       0.002       0.018       0.021       0.027


SAMPLE STATISTICS FOR ESTIMATED FACTOR SCORES


     SAMPLE STATISTICS


           Means
              IA            IA_SE         SA            SA_SE         QA
              ________      ________      ________      ________      ________
 1             16.126         1.867         0.018         0.396        -0.020


           Means
              QA_SE
              ________
 1              0.038


           Covariances
              IA            IA_SE         SA            SA_SE         QA
              ________      ________      ________      ________      ________
 IA            25.781
 IA_SE         -0.383         0.088
 SA             0.686        -0.015         0.064
 SA_SE         -0.029         0.007        -0.001         0.001
 QA            -0.105         0.002        -0.007         0.000         0.001
 QA_SE         -0.001         0.000         0.000         0.000         0.000


           Covariances
              QA_SE
              ________
 QA_SE          0.000


           Correlations
              IA            IA_SE         SA            SA_SE         QA
              ________      ________      ________      ________      ________
 IA             1.000
 IA_SE         -0.254         1.000
 SA             0.535        -0.202         1.000
 SA_SE         -0.151         0.632        -0.156         1.000
 QA            -0.599         0.196        -0.755         0.108         1.000
 QA_SE         -0.188         0.911        -0.160         0.674         0.152


           Correlations
              QA_SE
              ________
 QA_SE          1.000


RESULTS SAVING INFORMATION

  Order of data

    Parameter estimates
     (saved in order shown in Technical 1 output)
    Standard errors
     (saved in order shown in Technical 1 output)
    H0 Loglikelihood
    H0 Scaling Correction Factor for MLR
    Number of Free Parameters
    Akaike (AIC)
    Bayesian (BIC)
    Sample-Size Adjusted BIC

  Save file
    u2_1245_aefb_synonyms_results.dat

  Save file format           Free


PLOT INFORMATION

The following plots are available:

  Histograms (sample values, estimated factor scores)
  Scatterplots (sample values, estimated factor scores)
  Latent variable distribution plots

SAVEDATA INFORMATION


  Save file
    u2_1245_aefb_synonyms_fscores.dat

  Order and format of variables

    A_01           F10.3
    A_02           F10.3
    A_04           F10.3
    A_05           F10.3
    AGE_C80        F10.3
    EDU_C7         F10.3
    FEMALE         F10.3
    SBP_C167       F10.3
    TIME_01        F10.3
    TIME_02        F10.3
    TIME_04        F10.3
    TIME_05        F10.3
    _WEIGHT        F10.3
    IA             F10.3
    IA_SE          F10.3
    SA             F10.3
    SA_SE          F10.3
    QA             F10.3
    QA_SE          F10.3
    PAIRID         I5

  Save file format
    19F10.3 I5

  Save file record length    10000


     Beginning Time:  12:09:47
        Ending Time:  12:09:48
       Elapsed Time:  00:00:01



MUTHEN & MUTHEN
3463 Stoner Ave.
Los Angeles, CA  90066

Tel: (310) 391-9971
Fax: (310) 391-8971
Web: www.StatModel.com
Support: Support@StatModel.com

Copyright (c) 1998-2014 Muthen & Muthen
