Mplus VERSION 7.3
MUTHEN & MUTHEN
12/17/2016   6:24 PM

INPUT INSTRUCTIONS

  TITLE:
  Script produced from the prototype in ./sandbox/syntax-creator/
  DATA:
  File = wide-dataset.dat ;
  VARIABLE:
  NAMES are
   Case PairID female age_c80 edu_c7 sbp_c167 smoke cardio diabetes dementia_ever
      years_since_bl_01 years_since_bl_02 years_since_bl_03 years_since_bl_04
      years_since_bl_05 pef_01 pef_02 pef_03 pef_04 pef_05 grip_01 grip_02 grip_03
      grip_04 grip_05 gait_01 gait_02 gait_03 gait_04 gait_05 block_01 block_02
      block_03 block_04 block_05 digitspanbackward_01 digitspanbackward_02
      digitspanbackward_03 digitspanbackward_04 digitspanbackward_05
      digitspanforward_01 digitspanforward_02 digitspanforward_03 digitspanforward_04
      digitspanforward_05 symbol_01 symbol_02 symbol_03 symbol_04 symbol_05 prose_01
      prose_02 prose_03 prose_04 prose_05 info_01 info_02 info_03 info_04 info_05
      synonyms_01 synonyms_02 synonyms_03 synonyms_04 synonyms_05 psif_01 psif_02
      psif_03 psif_04 psif_05 figure_01 figure_02 figure_03 figure_04 figure_05
      mirrecall_01 mirrecall_02 mirrecall_03 mirrecall_04 mirrecall_05 mmse_01 mmse_02
      mmse_03 mmse_04 mmse_05 mirnaming_01 mirnaming_02 mirnaming_03 mirnaming_04
      mirnaming_05 mirrecog_01 mirrecog_02 mirrecog_03 mirrecog_04 mirrecog_05
      clock_01 clock_02 clock_03 clock_04 clock_05
  	;
  Missing are all (-9999);
  USEVARIABLES are
  	!define the variables used in the analysis
  	! covariates used in the model
  age_c80
  edu_c7
  female	
  	!estimated time points
  time_01
  time_03
  time_04
  	!modelled time points of process (A)
  a_01
  a_03
  a_04
  ;
  TSCORES are
  	!estimated time points
  time_01
  time_03
  time_04;
  CLUSTER = PairID;
  SUBPOPULATION are
  	!select a subset of observations
  dementia_ever NE 1
  ;
  DEFINE:
  	! assign variables to the process (A)
  a_01 = synonyms_01;
  a_03 = synonyms_03;
  a_04 = synonyms_04;
  	!assign variables to time points
  time_01 = years_since_bl_01;
  time_03 = years_since_bl_03;
  time_04 = years_since_bl_04;
  	
  ANALYSIS: TYPE = RANDOM COMPLEX;
  COVERAGE=.00;
  MODEL:
  	!first-level equation
  	! assign process (A) to time points
  ia sa qa | a_01 AT time_01 ;
  ia sa qa | a_03 AT time_03 ;
  ia sa qa | a_04 AT time_04 ;
  	!variance of the first-level terms
  ia (v_ia);
  sa (v_sa);
  qa (v_qa);
  	!covariance among first-level terms
  ia WITH sa (c_iasa);
  ia WITH qa (c_iaqa);
  sa WITH qa (c_saqa);
  	!second-level equation
  ia sa qa ON age_c80
  edu_c7
  female;
  	!residual covariance of process (A)
  a_01 (res_a);
  a_03 (res_a);
  a_04 (res_a);	
  SAVEDATA:
  FILE is   u2_134_aef_synonyms_fscores.dat;
  SAVE = FSCORES;
  RESULTS are   u2_134_aef_synonyms_results.dat;
  	
  OUTPUT: sampstat cinterval;
  PLOT: Type is Plot1 Plot2 Plot3;



*** WARNING
  Data set contains cases with missing on x-variables.
  These cases were not included in the analysis.
  Number of cases with missing on x-variables:  46
*** WARNING
  Data set contains cases with missing on all variables except
  x-variables.  These cases were not included in the analysis.
  Number of cases with missing on all variables except x-variables:  193
   2 WARNING(S) FOUND IN THE INPUT INSTRUCTIONS




Script produced from the prototype in ./sandbox/syntax-creator/

SUMMARY OF ANALYSIS

Number of groups                                                 1
Number of observations                                         360

Number of dependent variables                                    3
Number of independent variables                                  3
Number of continuous latent variables                            3

Observed dependent variables

  Continuous
   A_01        A_03        A_04

Observed independent variables
   AGE_C80     EDU_C7      FEMALE

Continuous latent variables
   IA          SA          QA

Variables with special functions

  Cluster variable      PAIRID
  Weight variable       _WEIGHT

  Time scores
   TIME_01     TIME_03     TIME_04


Estimator                                                      MLR
Information matrix                                        OBSERVED
Maximum number of iterations                                   100
Convergence criterion                                    0.100D-05
Maximum number of EM iterations                                500
Convergence criteria for the EM algorithm
  Loglikelihood change                                   0.100D-02
  Relative loglikelihood change                          0.100D-05
  Derivative                                             0.100D-03
Minimum variance                                         0.100D-03
Maximum number of steepest descent iterations                   20
Maximum number of iterations for H1                           2000
Convergence criterion for H1                             0.100D-03
Optimization algorithm                                         EMA

Input data file(s)
  wide-dataset.dat
Input data format  FREE



SAMPLE STATISTICS


     ESTIMATED SAMPLE STATISTICS


           Means
              A_01          A_03          A_04          AGE_C80       EDU_C7
              ________      ________      ________      ________      ________
 1             16.901        16.594        16.781         2.934         0.422


           Means
              FEMALE
              ________
 1              0.656


           Covariances
              A_01          A_03          A_04          AGE_C80       EDU_C7
              ________      ________      ________      ________      ________
 A_01          35.743
 A_03          30.774        38.939
 A_04          27.699        32.465        38.753
 AGE_C80       -0.293        -0.034        -0.253         6.494
 EDU_C7         7.085         6.927         5.851        -0.228         5.811
 FEMALE         0.101         0.243         0.185         0.088        -0.099


           Covariances
              FEMALE
              ________
 FEMALE         0.226


           Correlations
              A_01          A_03          A_04          AGE_C80       EDU_C7
              ________      ________      ________      ________      ________
 A_01           1.000
 A_03           0.825         1.000
 A_04           0.744         0.836         1.000
 AGE_C80       -0.019        -0.002        -0.016         1.000
 EDU_C7         0.492         0.461         0.390        -0.037         1.000
 FEMALE         0.036         0.082         0.063         0.073        -0.086


           Correlations
              FEMALE
              ________
 FEMALE         1.000


     MAXIMUM LOG-LIKELIHOOD VALUE FOR THE UNRESTRICTED (H1) MODEL IS -5025.579


UNIVARIATE HIGHER-ORDER MOMENT DESCRIPTIVE STATISTICS


     UNIVARIATE HIGHER-ORDER MOMENT DESCRIPTIVE STATISTICS

         Variable/         Mean/     Skewness/   Minimum/ % with                Percentiles
        Sample Size      Variance    Kurtosis    Maximum  Min/Max      20%/60%    40%/80%    Median

     A_01                 17.084       0.010       1.000    0.23%      11.000     15.000     16.000
             429.000      36.294      -0.784      30.000    0.47%      18.000     22.000
     A_03                 16.819       0.019       4.000    1.17%      10.000     14.000     16.000
             256.000      38.586      -0.981      30.000    0.39%      19.000     22.000
     A_04                 17.327      -0.058       2.000    0.57%      11.000     14.000     17.000
             175.000      36.574      -0.644      30.000    1.71%      18.000     22.000
     AGE_C80               2.934       1.053      -0.581    0.22%       0.847      1.531      2.112
             463.000       6.494       0.576      12.937    0.22%       2.726      5.153
     EDU_C7                0.422       1.935      -5.000    0.22%      -1.000     -1.000      0.000
             463.000       5.811       4.671      13.000    0.22%       0.000      1.000
     FEMALE                0.656      -0.655       0.000   35.64%       0.000      1.000      1.000
             463.000       0.226      -1.571       1.000   64.36%       1.000      1.000


THE MODEL ESTIMATION TERMINATED NORMALLY



MODEL FIT INFORMATION

Number of Free Parameters                       19

Loglikelihood

          H0 Value                       -1991.977
          H0 Scaling Correction Factor      0.9706
            for MLR

Information Criteria

          Akaike (AIC)                    4021.953
          Bayesian (BIC)                  4095.789
          Sample-Size Adjusted BIC        4035.511
            (n* = (n + 2) / 24)



MODEL RESULTS

                                                    Two-Tailed
                    Estimate       S.E.  Est./S.E.    P-Value

 IA         ON
    AGE_C80           -0.015      0.118     -0.124      0.901
    EDU_C7             1.236      0.096     12.818      0.000
    FEMALE             0.998      0.677      1.474      0.140

 SA         ON
    AGE_C80            0.016      0.085      0.193      0.847
    EDU_C7             0.061      0.045      1.353      0.176
    FEMALE             0.358      0.309      1.158      0.247

 QA         ON
    AGE_C80           -0.003      0.017     -0.168      0.866
    EDU_C7            -0.016      0.008     -1.923      0.054
    FEMALE            -0.051      0.055     -0.932      0.351

 IA       WITH
    SA                 0.411      1.356      0.303      0.762
    QA                -0.126      0.188     -0.670      0.503

 SA       WITH
    QA                -0.108      0.369     -0.293      0.769

 Intercepts
    A_01               0.000      0.000    999.000    999.000
    A_03               0.000      0.000    999.000    999.000
    A_04               0.000      0.000    999.000    999.000
    IA                15.768      0.680     23.196      0.000
    SA                -0.508      0.308     -1.651      0.099
    QA                 0.078      0.055      1.416      0.157

 Residual Variances
    A_01               4.534      2.576      1.760      0.078
    A_03               4.534      2.576      1.760      0.078
    A_04               4.534      2.576      1.760      0.078
    IA                22.357      2.966      7.539      0.000
    SA                 0.749      2.240      0.334      0.738
    QA                 0.023      0.065      0.348      0.728


QUALITY OF NUMERICAL RESULTS

     Condition Number for the Information Matrix              0.272E-06
       (ratio of smallest to largest eigenvalue)


CONFIDENCE INTERVALS OF MODEL RESULTS

                  Lower .5%  Lower 2.5%    Lower 5%    Estimate    Upper 5%  Upper 2.5%   Upper .5%

 IA       ON
    AGE_C80         -0.318      -0.246      -0.208      -0.015       0.179       0.216       0.289
    EDU_C7           0.988       1.047       1.077       1.236       1.395       1.425       1.484
    FEMALE          -0.746      -0.329      -0.116       0.998       2.112       2.325       2.742

 SA       ON
    AGE_C80         -0.204      -0.151      -0.124       0.016       0.157       0.184       0.237
    EDU_C7          -0.055      -0.027      -0.013       0.061       0.135       0.150       0.178
    FEMALE          -0.439      -0.248      -0.151       0.358       0.867       0.964       1.155

 QA       ON
    AGE_C80         -0.045      -0.035      -0.030      -0.003       0.024       0.030       0.040
    EDU_C7          -0.037      -0.032      -0.029      -0.016      -0.002       0.000       0.005
    FEMALE          -0.192      -0.158      -0.141      -0.051       0.039       0.056       0.090

 IA       WITH
    SA              -3.083      -2.248      -1.821       0.411       2.642       3.069       3.905
    QA              -0.611      -0.495      -0.436      -0.126       0.184       0.243       0.359

 SA       WITH
    QA              -1.059      -0.832      -0.715      -0.108       0.499       0.615       0.843

 Intercepts
    A_01             0.000       0.000       0.000       0.000       0.000       0.000       0.000
    A_03             0.000       0.000       0.000       0.000       0.000       0.000       0.000
    A_04             0.000       0.000       0.000       0.000       0.000       0.000       0.000
    IA              14.017      14.436      14.650      15.768      16.886      17.101      17.519
    SA              -1.300      -1.111      -1.014      -0.508      -0.002       0.095       0.284
    QA              -0.064      -0.030      -0.013       0.078       0.169       0.187       0.221

 Residual Variances
    A_01            -2.101      -0.515       0.296       4.534       8.771       9.582      11.168
    A_03            -2.101      -0.515       0.296       4.534       8.771       9.582      11.168
    A_04            -2.101      -0.515       0.296       4.534       8.771       9.582      11.168
    IA              14.719      16.545      17.479      22.357      27.236      28.170      29.996
    SA              -5.021      -3.642      -2.936       0.749       4.434       5.140       6.519
    QA              -0.145      -0.105      -0.084       0.023       0.130       0.150       0.190


SAMPLE STATISTICS FOR ESTIMATED FACTOR SCORES


     SAMPLE STATISTICS


           Means
              IA            IA_SE         SA            SA_SE         QA
              ________      ________      ________      ________      ________
 1             16.449         1.823        -0.229         0.813         0.032


           Means
              QA_SE
              ________
 1              0.143


           Covariances
              IA            IA_SE         SA            SA_SE         QA
              ________      ________      ________      ________      ________
 IA            27.367
 IA_SE         -0.225         0.067
 SA             1.037        -0.008         0.136
 SA_SE         -0.025         0.007         0.000         0.002
 QA            -0.219         0.002        -0.018         0.000         0.004
 QA_SE         -0.004         0.001         0.000         0.000         0.000


           Covariances
              QA_SE
              ________
 QA_SE          0.000


           Correlations
              IA            IA_SE         SA            SA_SE         QA
              ________      ________      ________      ________      ________
 IA             1.000
 IA_SE         -0.167         1.000
 SA             0.538        -0.089         1.000
 SA_SE         -0.110         0.591        -0.007         1.000
 QA            -0.649         0.096        -0.750         0.080         1.000
 QA_SE         -0.107         0.438        -0.058         0.766         0.124


           Correlations
              QA_SE
              ________
 QA_SE          1.000


RESULTS SAVING INFORMATION

  Order of data

    Parameter estimates
     (saved in order shown in Technical 1 output)
    Standard errors
     (saved in order shown in Technical 1 output)
    H0 Loglikelihood
    H0 Scaling Correction Factor for MLR
    Number of Free Parameters
    Akaike (AIC)
    Bayesian (BIC)
    Sample-Size Adjusted BIC

  Save file
    u2_134_aef_synonyms_results.dat

  Save file format           Free


PLOT INFORMATION

The following plots are available:

  Histograms (sample values, estimated factor scores)
  Scatterplots (sample values, estimated factor scores)
  Latent variable distribution plots

SAVEDATA INFORMATION


  Save file
    u2_134_aef_synonyms_fscores.dat

  Order and format of variables

    A_01           F10.3
    A_03           F10.3
    A_04           F10.3
    AGE_C80        F10.3
    EDU_C7         F10.3
    FEMALE         F10.3
    TIME_01        F10.3
    TIME_03        F10.3
    TIME_04        F10.3
    _WEIGHT        F10.3
    IA             F10.3
    IA_SE          F10.3
    SA             F10.3
    SA_SE          F10.3
    QA             F10.3
    QA_SE          F10.3
    PAIRID         I5

  Save file format
    16F10.3 I5

  Save file record length    10000


     Beginning Time:  18:24:53
        Ending Time:  18:24:55
       Elapsed Time:  00:00:02



MUTHEN & MUTHEN
3463 Stoner Ave.
Los Angeles, CA  90066

Tel: (310) 391-9971
Fax: (310) 391-8971
Web: www.StatModel.com
Support: Support@StatModel.com

Copyright (c) 1998-2014 Muthen & Muthen
