Mplus VERSION 7.3
MUTHEN & MUTHEN
12/17/2016   6:09 PM

INPUT INSTRUCTIONS

  TITLE:
  Script produced from the prototype in ./sandbox/syntax-creator/
  DATA:
  File = wide-dataset.dat ;
  VARIABLE:
  NAMES are
   Case PairID female age_c80 edu_c7 sbp_c167 smoke cardio diabetes dementia_ever
      years_since_bl_01 years_since_bl_02 years_since_bl_03 years_since_bl_04
      years_since_bl_05 pef_01 pef_02 pef_03 pef_04 pef_05 grip_01 grip_02 grip_03
      grip_04 grip_05 gait_01 gait_02 gait_03 gait_04 gait_05 block_01 block_02
      block_03 block_04 block_05 digitspanbackward_01 digitspanbackward_02
      digitspanbackward_03 digitspanbackward_04 digitspanbackward_05
      digitspanforward_01 digitspanforward_02 digitspanforward_03 digitspanforward_04
      digitspanforward_05 symbol_01 symbol_02 symbol_03 symbol_04 symbol_05 prose_01
      prose_02 prose_03 prose_04 prose_05 info_01 info_02 info_03 info_04 info_05
      synonyms_01 synonyms_02 synonyms_03 synonyms_04 synonyms_05 psif_01 psif_02
      psif_03 psif_04 psif_05 figure_01 figure_02 figure_03 figure_04 figure_05
      mirrecall_01 mirrecall_02 mirrecall_03 mirrecall_04 mirrecall_05 mmse_01 mmse_02
      mmse_03 mmse_04 mmse_05 mirnaming_01 mirnaming_02 mirnaming_03 mirnaming_04
      mirnaming_05 mirrecog_01 mirrecog_02 mirrecog_03 mirrecog_04 mirrecog_05
      clock_01 clock_02 clock_03 clock_04 clock_05
  	;
  Missing are all (-9999);
  USEVARIABLES are
  	!define the variables used in the analysis
  	! covariates used in the model
  age_c80
  edu_c7
  female	
  	!estimated time points
  time_01
  time_02
  time_03
  	!modelled time points of process (A)
  a_01
  a_02
  a_03
  ;
  TSCORES are
  	!estimated time points
  time_01
  time_02
  time_03;
  CLUSTER = PairID;
  SUBPOPULATION are
  	!select a subset of observations
  dementia_ever NE 1
  ;
  DEFINE:
  	! assign variables to the process (A)
  a_01 = synonyms_01;
  a_02 = synonyms_02;
  a_03 = synonyms_03;
  	!assign variables to time points
  time_01 = years_since_bl_01;
  time_02 = years_since_bl_02;
  time_03 = years_since_bl_03;
  	
  ANALYSIS: TYPE = RANDOM COMPLEX;
  COVERAGE=.00;
  MODEL:
  	!first-level equation
  	! assign process (A) to time points
  ia sa qa | a_01 AT time_01 ;
  ia sa qa | a_02 AT time_02 ;
  ia sa qa | a_03 AT time_03 ;
  	!variance of the first-level terms
  ia (v_ia);
  sa (v_sa);
  qa (v_qa);
  	!covariance among first-level terms
  ia WITH sa (c_iasa);
  ia WITH qa (c_iaqa);
  sa WITH qa (c_saqa);
  	!second-level equation
  ia sa qa ON age_c80
  edu_c7
  female;
  	!residual covariance of process (A)
  a_01 (res_a);
  a_02 (res_a);
  a_03 (res_a);	
  SAVEDATA:
  FILE is   u2_123_aef_synonyms_fscores.dat;
  SAVE = FSCORES;
  RESULTS are   u2_123_aef_synonyms_results.dat;
  	
  OUTPUT: sampstat cinterval;
  PLOT: Type is Plot1 Plot2 Plot3;



*** WARNING
  Data set contains cases with missing on x-variables.
  These cases were not included in the analysis.
  Number of cases with missing on x-variables:  46
*** WARNING
  Data set contains cases with missing on all variables except
  x-variables.  These cases were not included in the analysis.
  Number of cases with missing on all variables except x-variables:  161
   2 WARNING(S) FOUND IN THE INPUT INSTRUCTIONS




Script produced from the prototype in ./sandbox/syntax-creator/

SUMMARY OF ANALYSIS

Number of groups                                                 1
Number of observations                                         377

Number of dependent variables                                    3
Number of independent variables                                  3
Number of continuous latent variables                            3

Observed dependent variables

  Continuous
   A_01        A_02        A_03

Observed independent variables
   AGE_C80     EDU_C7      FEMALE

Continuous latent variables
   IA          SA          QA

Variables with special functions

  Cluster variable      PAIRID
  Weight variable       _WEIGHT

  Time scores
   TIME_01     TIME_02     TIME_03


Estimator                                                      MLR
Information matrix                                        OBSERVED
Maximum number of iterations                                   100
Convergence criterion                                    0.100D-05
Maximum number of EM iterations                                500
Convergence criteria for the EM algorithm
  Loglikelihood change                                   0.100D-02
  Relative loglikelihood change                          0.100D-05
  Derivative                                             0.100D-03
Minimum variance                                         0.100D-03
Maximum number of steepest descent iterations                   20
Maximum number of iterations for H1                           2000
Convergence criterion for H1                             0.100D-03
Optimization algorithm                                         EMA

Input data file(s)
  wide-dataset.dat
Input data format  FREE



SAMPLE STATISTICS


     ESTIMATED SAMPLE STATISTICS


           Means
              A_01          A_02          A_03          AGE_C80       EDU_C7
              ________      ________      ________      ________      ________
 1             16.729        16.490        16.256         3.023         0.371


           Means
              FEMALE
              ________
 1              0.658


           Covariances
              A_01          A_02          A_03          AGE_C80       EDU_C7
              ________      ________      ________      ________      ________
 A_01          35.972
 A_02          30.006        37.246
 A_03          31.280        32.246        40.102
 AGE_C80       -0.782        -1.254        -0.374         6.926
 EDU_C7         7.065         7.245         7.186        -0.365         5.698
 FEMALE         0.081         0.068         0.236         0.087        -0.098


           Covariances
              FEMALE
              ________
 FEMALE         0.225


           Correlations
              A_01          A_02          A_03          AGE_C80       EDU_C7
              ________      ________      ________      ________      ________
 A_01           1.000
 A_02           0.820         1.000
 A_03           0.824         0.834         1.000
 AGE_C80       -0.050        -0.078        -0.022         1.000
 EDU_C7         0.493         0.497         0.475        -0.058         1.000
 FEMALE         0.029         0.023         0.078         0.070        -0.087


           Correlations
              FEMALE
              ________
 FEMALE         1.000


     MAXIMUM LOG-LIKELIHOOD VALUE FOR THE UNRESTRICTED (H1) MODEL IS -5672.777


UNIVARIATE HIGHER-ORDER MOMENT DESCRIPTIVE STATISTICS


     UNIVARIATE HIGHER-ORDER MOMENT DESCRIPTIVE STATISTICS

         Variable/         Mean/     Skewness/   Minimum/ % with                Percentiles
        Sample Size      Variance    Kurtosis    Maximum  Min/Max      20%/60%    40%/80%    Median

     A_01                 17.084       0.010       1.000    0.23%      11.000     15.000     16.000
             429.000      36.294      -0.784      30.000    0.47%      18.000     22.000
     A_02                 17.030      -0.064       3.000    0.56%       9.000     14.000     16.000
             354.000      37.844      -1.034      29.000    0.56%      18.000     22.000
     A_03                 16.819       0.019       4.000    1.17%      10.000     14.000     16.000
             256.000      38.586      -0.981      30.000    0.39%      19.000     22.000
     AGE_C80               3.023       1.086      -0.581    0.20%       0.875      1.637      2.226
             495.000       6.926       0.648      12.937    0.20%       2.898      5.286
     EDU_C7                0.371       1.957      -5.000    0.40%      -1.000     -1.000      0.000
             495.000       5.698       4.816      13.000    0.20%       0.000      1.000
     FEMALE                0.658      -0.665       0.000   35.15%       0.000      1.000      1.000
             495.000       0.225      -1.557       1.000   64.85%       1.000      1.000


THE MODEL ESTIMATION TERMINATED NORMALLY



MODEL FIT INFORMATION

Number of Free Parameters                       19

Loglikelihood

          H0 Value                       -2306.300
          H0 Scaling Correction Factor      0.9573
            for MLR

Information Criteria

          Akaike (AIC)                    4650.600
          Bayesian (BIC)                  4725.312
          Sample-Size Adjusted BIC        4665.030
            (n* = (n + 2) / 24)



MODEL RESULTS

                                                    Two-Tailed
                    Estimate       S.E.  Est./S.E.    P-Value

 IA         ON
    AGE_C80           -0.061      0.118     -0.514      0.608
    EDU_C7             1.254      0.097     12.971      0.000
    FEMALE             0.939      0.670      1.401      0.161

 SA         ON
    AGE_C80           -0.085      0.076     -1.129      0.259
    EDU_C7             0.025      0.066      0.378      0.705
    FEMALE            -0.194      0.402     -0.482      0.630

 QA         ON
    AGE_C80            0.025      0.020      1.271      0.204
    EDU_C7            -0.005      0.017     -0.270      0.787
    FEMALE             0.087      0.100      0.869      0.385

 IA       WITH
    SA                -3.296      1.894     -1.741      0.082
    QA                 0.639      0.373      1.712      0.087

 SA       WITH
    QA                -1.607      0.827     -1.942      0.052

 Intercepts
    A_01               0.000      0.000    999.000    999.000
    A_02               0.000      0.000    999.000    999.000
    A_03               0.000      0.000    999.000    999.000
    IA                15.827      0.678     23.337      0.000
    SA                 0.258      0.356      0.726      0.468
    QA                -0.131      0.093     -1.411      0.158

 Residual Variances
    A_01               2.051      2.006      1.023      0.306
    A_02               2.051      2.006      1.023      0.306
    A_03               2.051      2.006      1.023      0.306
    IA                24.915      2.763      9.018      0.000
    SA                 7.047      3.551      1.984      0.047
    QA                 0.397      0.206      1.926      0.054


QUALITY OF NUMERICAL RESULTS

     Condition Number for the Information Matrix              0.142E-05
       (ratio of smallest to largest eigenvalue)


CONFIDENCE INTERVALS OF MODEL RESULTS

                  Lower .5%  Lower 2.5%    Lower 5%    Estimate    Upper 5%  Upper 2.5%   Upper .5%

 IA       ON
    AGE_C80         -0.365      -0.292      -0.255      -0.061       0.134       0.171       0.243
    EDU_C7           1.005       1.065       1.095       1.254       1.413       1.444       1.503
    FEMALE          -0.788      -0.375      -0.164       0.939       2.042       2.253       2.666

 SA       ON
    AGE_C80         -0.281      -0.234      -0.210      -0.085       0.039       0.063       0.110
    EDU_C7          -0.145      -0.105      -0.084       0.025       0.134       0.155       0.195
    FEMALE          -1.230      -0.983      -0.856      -0.194       0.468       0.595       0.843

 QA       ON
    AGE_C80         -0.026      -0.014      -0.007       0.025       0.058       0.064       0.076
    EDU_C7          -0.048      -0.037      -0.032      -0.005       0.023       0.028       0.038
    FEMALE          -0.171      -0.109      -0.078       0.087       0.252       0.284       0.346

 IA       WITH
    SA              -8.174      -7.008      -6.412      -3.296      -0.181       0.415       1.581
    QA              -0.323      -0.093       0.025       0.639       1.253       1.371       1.601

 SA       WITH
    QA              -3.737      -3.228      -2.967      -1.607      -0.246       0.015       0.524

 Intercepts
    A_01             0.000       0.000       0.000       0.000       0.000       0.000       0.000
    A_02             0.000       0.000       0.000       0.000       0.000       0.000       0.000
    A_03             0.000       0.000       0.000       0.000       0.000       0.000       0.000
    IA              14.080      14.498      14.711      15.827      16.943      17.156      17.574
    SA              -0.658      -0.439      -0.327       0.258       0.843       0.955       1.174
    QA              -0.370      -0.313      -0.284      -0.131       0.022       0.051       0.108

 Residual Variances
    A_01            -3.115      -1.880      -1.248       2.051       5.351       5.983       7.218
    A_02            -3.115      -1.880      -1.248       2.051       5.351       5.983       7.218
    A_03            -3.115      -1.880      -1.248       2.051       5.351       5.983       7.218
    IA              17.798      19.500      20.370      24.915      29.460      30.330      32.032
    SA              -2.100       0.087       1.205       7.047      12.888      14.007      16.193
    QA              -0.134      -0.007       0.058       0.397       0.736       0.801       0.928


SAMPLE STATISTICS FOR ESTIMATED FACTOR SCORES


     SAMPLE STATISTICS


           Means
              IA            IA_SE         SA            SA_SE         QA
              ________      ________      ________      ________      ________
 1             16.175         1.515        -0.223         1.917         0.020


           Means
              QA_SE
              ________
 1              0.467


           Covariances
              IA            IA_SE         SA            SA_SE         QA
              ________      ________      ________      ________      ________
 IA            31.103
 IA_SE         -0.693         0.307
 SA            -1.351        -0.099         3.340
 SA_SE         -0.703         0.129        -0.013         0.248
 QA             0.264         0.024        -0.754         0.008         0.182
 QA_SE         -0.152         0.024        -0.009         0.055         0.003


           Covariances
              QA_SE
              ________
 QA_SE          0.013


           Correlations
              IA            IA_SE         SA            SA_SE         QA
              ________      ________      ________      ________      ________
 IA             1.000
 IA_SE         -0.224         1.000
 SA            -0.133        -0.098         1.000
 SA_SE         -0.253         0.469        -0.014         1.000
 QA             0.111         0.101        -0.967         0.036         1.000
 QA_SE         -0.236         0.377        -0.041         0.965         0.061


           Correlations
              QA_SE
              ________
 QA_SE          1.000


RESULTS SAVING INFORMATION

  Order of data

    Parameter estimates
     (saved in order shown in Technical 1 output)
    Standard errors
     (saved in order shown in Technical 1 output)
    H0 Loglikelihood
    H0 Scaling Correction Factor for MLR
    Number of Free Parameters
    Akaike (AIC)
    Bayesian (BIC)
    Sample-Size Adjusted BIC

  Save file
    u2_123_aef_synonyms_results.dat

  Save file format           Free


PLOT INFORMATION

The following plots are available:

  Histograms (sample values, estimated factor scores)
  Scatterplots (sample values, estimated factor scores)
  Latent variable distribution plots

SAVEDATA INFORMATION


  Save file
    u2_123_aef_synonyms_fscores.dat

  Order and format of variables

    A_01           F10.3
    A_02           F10.3
    A_03           F10.3
    AGE_C80        F10.3
    EDU_C7         F10.3
    FEMALE         F10.3
    TIME_01        F10.3
    TIME_02        F10.3
    TIME_03        F10.3
    _WEIGHT        F10.3
    IA             F10.3
    IA_SE          F10.3
    SA             F10.3
    SA_SE          F10.3
    QA             F10.3
    QA_SE          F10.3
    PAIRID         I5

  Save file format
    16F10.3 I5

  Save file record length    10000


     Beginning Time:  18:09:46
        Ending Time:  18:09:48
       Elapsed Time:  00:00:02



MUTHEN & MUTHEN
3463 Stoner Ave.
Los Angeles, CA  90066

Tel: (310) 391-9971
Fax: (310) 391-8971
Web: www.StatModel.com
Support: Support@StatModel.com

Copyright (c) 1998-2014 Muthen & Muthen
