Mplus VERSION 7.3
MUTHEN & MUTHEN
12/17/2016   6:05 PM

INPUT INSTRUCTIONS

  TITLE:
  Script produced from the prototype in ./sandbox/syntax-creator/
  DATA:
  File = wide-dataset.dat ;
  VARIABLE:
  NAMES are
   Case PairID female age_c80 edu_c7 sbp_c167 smoke cardio diabetes dementia_ever
      years_since_bl_01 years_since_bl_02 years_since_bl_03 years_since_bl_04
      years_since_bl_05 pef_01 pef_02 pef_03 pef_04 pef_05 grip_01 grip_02 grip_03
      grip_04 grip_05 gait_01 gait_02 gait_03 gait_04 gait_05 block_01 block_02
      block_03 block_04 block_05 digitspanbackward_01 digitspanbackward_02
      digitspanbackward_03 digitspanbackward_04 digitspanbackward_05
      digitspanforward_01 digitspanforward_02 digitspanforward_03 digitspanforward_04
      digitspanforward_05 symbol_01 symbol_02 symbol_03 symbol_04 symbol_05 prose_01
      prose_02 prose_03 prose_04 prose_05 info_01 info_02 info_03 info_04 info_05
      synonyms_01 synonyms_02 synonyms_03 synonyms_04 synonyms_05 psif_01 psif_02
      psif_03 psif_04 psif_05 figure_01 figure_02 figure_03 figure_04 figure_05
      mirrecall_01 mirrecall_02 mirrecall_03 mirrecall_04 mirrecall_05 mmse_01 mmse_02
      mmse_03 mmse_04 mmse_05 mirnaming_01 mirnaming_02 mirnaming_03 mirnaming_04
      mirnaming_05 mirrecog_01 mirrecog_02 mirrecog_03 mirrecog_04 mirrecog_05
      clock_01 clock_02 clock_03 clock_04 clock_05
  	;
  Missing are all (-9999);
  USEVARIABLES are
  	!define the variables used in the analysis
  	! covariates used in the model
  age_c80
  edu_c7
  female
  sbp_c167	
  	!estimated time points
  time_01
  time_03
  time_05
  	!modelled time points of process (A)
  a_01
  a_03
  a_05
  ;
  TSCORES are
  	!estimated time points
  time_01
  time_03
  time_05;
  CLUSTER = PairID;
  SUBPOPULATION are
  	!select a subset of observations
  dementia_ever NE 1
  ;
  DEFINE:
  	! assign variables to the process (A)
  a_01 = synonyms_01;
  a_03 = synonyms_03;
  a_05 = synonyms_05;
  	!assign variables to time points
  time_01 = years_since_bl_01;
  time_03 = years_since_bl_03;
  time_05 = years_since_bl_05;
  	
  ANALYSIS: TYPE = RANDOM COMPLEX;
  COVERAGE=.00;
  MODEL:
  	!first-level equation
  	! assign process (A) to time points
  ia sa qa | a_01 AT time_01 ;
  ia sa qa | a_03 AT time_03 ;
  ia sa qa | a_05 AT time_05 ;
  	!variance of the first-level terms
  ia (v_ia);
  sa (v_sa);
  qa (v_qa);
  	!covariance among first-level terms
  ia WITH sa (c_iasa);
  ia WITH qa (c_iaqa);
  sa WITH qa (c_saqa);
  	!second-level equation
  ia sa qa ON age_c80
  edu_c7
  female
  sbp_c167;
  	!residual covariance of process (A)
  a_01 (res_a);
  a_03 (res_a);
  a_05 (res_a);	
  SAVEDATA:
  FILE is   u2_135_aefb_synonyms_fscores.dat;
  SAVE = FSCORES;
  RESULTS are   u2_135_aefb_synonyms_results.dat;
  	
  OUTPUT: sampstat cinterval;
  PLOT: Type is Plot1 Plot2 Plot3;



*** WARNING
  Data set contains cases with missing on x-variables.
  These cases were not included in the analysis.
  Number of cases with missing on x-variables:  92
*** WARNING
  Data set contains cases with missing on all variables except
  x-variables.  These cases were not included in the analysis.
  Number of cases with missing on all variables except x-variables:  156
   2 WARNING(S) FOUND IN THE INPUT INSTRUCTIONS




Script produced from the prototype in ./sandbox/syntax-creator/

SUMMARY OF ANALYSIS

Number of groups                                                 1
Number of observations                                         355

Number of dependent variables                                    3
Number of independent variables                                  4
Number of continuous latent variables                            3

Observed dependent variables

  Continuous
   A_01        A_03        A_05

Observed independent variables
   AGE_C80     EDU_C7      FEMALE      SBP_C167

Continuous latent variables
   IA          SA          QA

Variables with special functions

  Cluster variable      PAIRID
  Weight variable       _WEIGHT

  Time scores
   TIME_01     TIME_03     TIME_05


Estimator                                                      MLR
Information matrix                                        OBSERVED
Maximum number of iterations                                   100
Convergence criterion                                    0.100D-05
Maximum number of EM iterations                                500
Convergence criteria for the EM algorithm
  Loglikelihood change                                   0.100D-02
  Relative loglikelihood change                          0.100D-05
  Derivative                                             0.100D-03
Minimum variance                                         0.100D-03
Maximum number of steepest descent iterations                   20
Maximum number of iterations for H1                           2000
Convergence criterion for H1                             0.100D-03
Optimization algorithm                                         EMA

Input data file(s)
  wide-dataset.dat
Input data format  FREE



SAMPLE STATISTICS


     ESTIMATED SAMPLE STATISTICS


           Means
              A_01          A_03          A_05          AGE_C80       EDU_C7
              ________      ________      ________      ________      ________
 1             16.916        16.517        15.830         2.935         0.414


           Means
              FEMALE        SBP_C167
              ________      ________
 1              0.651        -4.479


           Covariances
              A_01          A_03          A_05          AGE_C80       EDU_C7
              ________      ________      ________      ________      ________
 A_01          35.287
 A_03          30.624        39.045
 A_05          25.566        30.231        38.595
 AGE_C80       -0.450         0.097        -0.782         6.481
 EDU_C7         7.013         6.934         6.757        -0.275         5.809
 FEMALE         0.106         0.229         0.195         0.089        -0.103
 SBP_C167       2.311         3.777        -3.052        -2.883        -0.227


           Covariances
              FEMALE        SBP_C167
              ________      ________
 FEMALE         0.227
 SBP_C167       0.683       499.348


           Correlations
              A_01          A_03          A_05          AGE_C80       EDU_C7
              ________      ________      ________      ________      ________
 A_01           1.000
 A_03           0.825         1.000
 A_05           0.693         0.779         1.000
 AGE_C80       -0.030         0.006        -0.049         1.000
 EDU_C7         0.490         0.460         0.451        -0.045         1.000
 FEMALE         0.037         0.077         0.066         0.074        -0.090
 SBP_C167       0.017         0.027        -0.022        -0.051        -0.004


           Correlations
              FEMALE        SBP_C167
              ________      ________
 FEMALE         1.000
 SBP_C167       0.064         1.000


     MAXIMUM LOG-LIKELIHOOD VALUE FOR THE UNRESTRICTED (H1) MODEL IS -6869.016


UNIVARIATE HIGHER-ORDER MOMENT DESCRIPTIVE STATISTICS


     UNIVARIATE HIGHER-ORDER MOMENT DESCRIPTIVE STATISTICS

         Variable/         Mean/     Skewness/   Minimum/ % with                Percentiles
        Sample Size      Variance    Kurtosis    Maximum  Min/Max      20%/60%    40%/80%    Median

     A_01                 17.113       0.041       1.000    0.24%      11.000     15.000     16.000
             420.000      35.904      -0.810      30.000    0.48%      18.000     22.000
     A_03                 16.745       0.046       4.000    1.19%      10.000     14.000     16.000
             253.000      38.737      -0.975      30.000    0.40%      18.000     22.000
     A_05                 16.569      -0.072       4.000    0.83%      10.000     14.000     16.000
             121.000      38.154      -0.815      29.000    1.65%      18.000     22.000
     AGE_C80               2.935       1.058      -0.581    0.22%       0.847      1.568      2.116
             454.000       6.481       0.608      12.937    0.22%       2.715      5.146
     EDU_C7                0.414       1.956      -5.000    0.22%      -1.000     -1.000      0.000
             454.000       5.809       4.770      13.000    0.22%       0.000      1.000
     FEMALE                0.651      -0.632       0.000   35.68%       0.000      1.000      1.000
             454.000       0.227      -1.600       1.000   64.32%       1.000      1.000
     SBP_C167             -4.479       0.444     -57.000    0.66%     -27.000     -7.000     -7.000
             454.000     499.348       0.770      93.000    0.22%      -2.000     13.000


THE MODEL ESTIMATION TERMINATED NORMALLY



MODEL FIT INFORMATION

Number of Free Parameters                       22

Loglikelihood

          H0 Value                       -1876.216
          H0 Scaling Correction Factor      1.0156
            for MLR

Information Criteria

          Akaike (AIC)                    3796.432
          Bayesian (BIC)                  3881.618
          Sample-Size Adjusted BIC        3811.825
            (n* = (n + 2) / 24)



MODEL RESULTS

                                                    Two-Tailed
                    Estimate       S.E.  Est./S.E.    P-Value

 IA         ON
    AGE_C80           -0.030      0.120     -0.249      0.803
    EDU_C7             1.224      0.097     12.646      0.000
    FEMALE             1.020      0.684      1.490      0.136
    SBP_C167           0.004      0.011      0.320      0.749

 SA         ON
    AGE_C80            0.046      0.049      0.942      0.346
    EDU_C7             0.005      0.033      0.140      0.889
    FEMALE             0.206      0.236      0.871      0.384
    SBP_C167           0.003      0.006      0.483      0.629

 QA         ON
    AGE_C80           -0.007      0.006     -1.049      0.294
    EDU_C7            -0.001      0.005     -0.236      0.813
    FEMALE            -0.019      0.034     -0.565      0.572
    SBP_C167          -0.001      0.001     -0.658      0.511

 IA       WITH
    SA                 0.535      4.387      0.122      0.903
    QA                -0.144      0.375     -0.383      0.702

 SA       WITH
    QA                -0.066      0.534     -0.124      0.902

 Intercepts
    A_01               0.000      0.000    999.000    999.000
    A_03               0.000      0.000    999.000    999.000
    A_05               0.000      0.000    999.000    999.000
    IA                15.852      0.680     23.298      0.000
    SA                -0.322      0.215     -1.496      0.135
    QA                 0.021      0.030      0.712      0.476

 Residual Variances
    A_01               4.482     11.510      0.389      0.697
    A_03               4.482     11.510      0.389      0.697
    A_05               4.482     11.510      0.389      0.697
    IA                22.086     11.684      1.890      0.059
    SA                 0.608      4.658      0.130      0.896
    QA                 0.010      0.066      0.155      0.877


QUALITY OF NUMERICAL RESULTS

     Condition Number for the Information Matrix              0.523E-08
       (ratio of smallest to largest eigenvalue)


CONFIDENCE INTERVALS OF MODEL RESULTS

                  Lower .5%  Lower 2.5%    Lower 5%    Estimate    Upper 5%  Upper 2.5%   Upper .5%

 IA       ON
    AGE_C80         -0.338      -0.265      -0.227      -0.030       0.167       0.205       0.279
    EDU_C7           0.975       1.035       1.065       1.224       1.384       1.414       1.474
    FEMALE          -0.743      -0.321      -0.106       1.020       2.146       2.362       2.783
    SBP_C167        -0.026      -0.019      -0.015       0.004       0.023       0.026       0.033

 SA       ON
    AGE_C80         -0.080      -0.050      -0.034       0.046       0.127       0.142       0.172
    EDU_C7          -0.081      -0.061      -0.050       0.005       0.060       0.070       0.091
    FEMALE          -0.403      -0.257      -0.183       0.206       0.595       0.669       0.815
    SBP_C167        -0.012      -0.008      -0.006       0.003       0.012       0.014       0.017

 QA       ON
    AGE_C80         -0.023      -0.019      -0.017      -0.007       0.004       0.006       0.010
    EDU_C7          -0.015      -0.012      -0.010      -0.001       0.008       0.009       0.012
    FEMALE          -0.106      -0.085      -0.075      -0.019       0.037       0.047       0.068
    SBP_C167        -0.003      -0.002      -0.002      -0.001       0.001       0.001       0.002

 IA       WITH
    SA             -10.766      -8.064      -6.682       0.535       7.752       9.134      11.836
    QA              -1.111      -0.879      -0.761      -0.144       0.474       0.592       0.823

 SA       WITH
    QA              -1.442      -1.113      -0.945      -0.066       0.813       0.981       1.310

 Intercepts
    A_01             0.000       0.000       0.000       0.000       0.000       0.000       0.000
    A_03             0.000       0.000       0.000       0.000       0.000       0.000       0.000
    A_05             0.000       0.000       0.000       0.000       0.000       0.000       0.000
    IA              14.099      14.518      14.733      15.852      16.971      17.186      17.605
    SA              -0.876      -0.743      -0.676      -0.322       0.032       0.100       0.232
    QA              -0.055      -0.037      -0.028       0.021       0.070       0.079       0.097

 Residual Variances
    A_01           -25.166     -18.078     -14.453       4.482      23.416      27.042      34.130
    A_03           -25.166     -18.078     -14.453       4.482      23.416      27.042      34.130
    A_05           -25.166     -18.078     -14.453       4.482      23.416      27.042      34.130
    IA              -8.009      -0.814       2.866      22.086      41.306      44.986      52.181
    SA             -11.390      -8.522      -7.055       0.608       8.270       9.737      12.606
    QA              -0.161      -0.120      -0.099       0.010       0.120       0.141       0.182


SAMPLE STATISTICS FOR ESTIMATED FACTOR SCORES


     SAMPLE STATISTICS


           Means
              IA            IA_SE         SA            SA_SE         QA
              ________      ________      ________      ________      ________
 1             16.500         1.818        -0.088         0.706        -0.006


           Means
              QA_SE
              ________
 1              0.091


           Covariances
              IA            IA_SE         SA            SA_SE         QA
              ________      ________      ________      ________      ________
 IA            26.890
 IA_SE         -0.215         0.071
 SA             0.784        -0.004         0.140
 SA_SE         -0.033         0.009         0.001         0.004
 QA            -0.152         0.001        -0.016         0.000         0.003
 QA_SE         -0.004         0.001         0.000         0.000         0.000


           Covariances
              QA_SE
              ________
 QA_SE          0.000


           Correlations
              IA            IA_SE         SA            SA_SE         QA
              ________      ________      ________      ________      ________
 IA             1.000
 IA_SE         -0.156         1.000
 SA             0.404        -0.040         1.000
 SA_SE         -0.106         0.570         0.026         1.000
 QA            -0.582         0.040        -0.840         0.003         1.000
 QA_SE         -0.099         0.408        -0.019         0.817         0.029


           Correlations
              QA_SE
              ________
 QA_SE          1.000


RESULTS SAVING INFORMATION

  Order of data

    Parameter estimates
     (saved in order shown in Technical 1 output)
    Standard errors
     (saved in order shown in Technical 1 output)
    H0 Loglikelihood
    H0 Scaling Correction Factor for MLR
    Number of Free Parameters
    Akaike (AIC)
    Bayesian (BIC)
    Sample-Size Adjusted BIC

  Save file
    u2_135_aefb_synonyms_results.dat

  Save file format           Free


PLOT INFORMATION

The following plots are available:

  Histograms (sample values, estimated factor scores)
  Scatterplots (sample values, estimated factor scores)
  Latent variable distribution plots

SAVEDATA INFORMATION


  Save file
    u2_135_aefb_synonyms_fscores.dat

  Order and format of variables

    A_01           F10.3
    A_03           F10.3
    A_05           F10.3
    AGE_C80        F10.3
    EDU_C7         F10.3
    FEMALE         F10.3
    SBP_C167       F10.3
    TIME_01        F10.3
    TIME_03        F10.3
    TIME_05        F10.3
    _WEIGHT        F10.3
    IA             F10.3
    IA_SE          F10.3
    SA             F10.3
    SA_SE          F10.3
    QA             F10.3
    QA_SE          F10.3
    PAIRID         I5

  Save file format
    17F10.3 I5

  Save file record length    10000


     Beginning Time:  18:05:04
        Ending Time:  18:05:07
       Elapsed Time:  00:00:03



MUTHEN & MUTHEN
3463 Stoner Ave.
Los Angeles, CA  90066

Tel: (310) 391-9971
Fax: (310) 391-8971
Web: www.StatModel.com
Support: Support@StatModel.com

Copyright (c) 1998-2014 Muthen & Muthen
