Mplus VERSION 7.3
MUTHEN & MUTHEN
12/17/2016  12:09 PM

INPUT INSTRUCTIONS

  TITLE:
  Script produced from the prototype in ./sandbox/syntax-creator/
  DATA:
  File = wide-dataset.dat ;
  VARIABLE:
  NAMES are
   Case PairID female age_c80 edu_c7 sbp_c167 smoke cardio diabetes dementia_ever
      years_since_bl_01 years_since_bl_02 years_since_bl_03 years_since_bl_04
      years_since_bl_05 pef_01 pef_02 pef_03 pef_04 pef_05 grip_01 grip_02 grip_03
      grip_04 grip_05 gait_01 gait_02 gait_03 gait_04 gait_05 block_01 block_02
      block_03 block_04 block_05 digitspanbackward_01 digitspanbackward_02
      digitspanbackward_03 digitspanbackward_04 digitspanbackward_05
      digitspanforward_01 digitspanforward_02 digitspanforward_03 digitspanforward_04
      digitspanforward_05 symbol_01 symbol_02 symbol_03 symbol_04 symbol_05 prose_01
      prose_02 prose_03 prose_04 prose_05 info_01 info_02 info_03 info_04 info_05
      synonyms_01 synonyms_02 synonyms_03 synonyms_04 synonyms_05 psif_01 psif_02
      psif_03 psif_04 psif_05 figure_01 figure_02 figure_03 figure_04 figure_05
      mirrecall_01 mirrecall_02 mirrecall_03 mirrecall_04 mirrecall_05 mmse_01 mmse_02
      mmse_03 mmse_04 mmse_05 mirnaming_01 mirnaming_02 mirnaming_03 mirnaming_04
      mirnaming_05 mirrecog_01 mirrecog_02 mirrecog_03 mirrecog_04 mirrecog_05
      clock_01 clock_02 clock_03 clock_04 clock_05
  	;
  Missing are all (-9999);
  USEVARIABLES are
  	!define the variables used in the analysis
  	! covariates used in the model
  age_c80
  edu_c7
  female	
  	!estimated time points
  time_01
  time_02
  time_04
  time_05
  	!modelled time points of process (A)
  a_01
  a_02
  a_04
  a_05
  ;
  TSCORES are
  	!estimated time points
  time_01
  time_02
  time_04
  time_05;
  CLUSTER = PairID;
  SUBPOPULATION are
  	!select a subset of observations
  dementia_ever NE 1
  ;
  DEFINE:
  	! assign variables to the process (A)
  a_01 = synonyms_01;
  a_02 = synonyms_02;
  a_04 = synonyms_04;
  a_05 = synonyms_05;
  	!assign variables to time points
  time_01 = years_since_bl_01;
  time_02 = years_since_bl_02;
  time_04 = years_since_bl_04;
  time_05 = years_since_bl_05;
  	
  ANALYSIS: TYPE = RANDOM COMPLEX;
  COVERAGE=.00;
  MODEL:
  	!first-level equation
  	! assign process (A) to time points
  ia sa qa | a_01 AT time_01 ;
  ia sa qa | a_02 AT time_02 ;
  ia sa qa | a_04 AT time_04 ;
  ia sa qa | a_05 AT time_05 ;
  	!variance of the first-level terms
  ia (v_ia);
  sa (v_sa);
  qa (v_qa);
  	!covariance among first-level terms
  ia WITH sa (c_iasa);
  ia WITH qa (c_iaqa);
  sa WITH qa (c_saqa);
  	!second-level equation
  ia sa qa ON age_c80
  edu_c7
  female;
  	!residual covariance of process (A)
  a_01 (res_a);
  a_02 (res_a);
  a_04 (res_a);
  a_05 (res_a);	
  SAVEDATA:
  FILE is   u2_1245_aef_synonyms_fscores.dat;
  SAVE = FSCORES;
  RESULTS are   u2_1245_aef_synonyms_results.dat;
  	
  OUTPUT: sampstat cinterval;
  PLOT: Type is Plot1 Plot2 Plot3;



*** WARNING
  Data set contains cases with missing on x-variables.
  These cases were not included in the analysis.
  Number of cases with missing on x-variables:  46
*** WARNING
  Data set contains cases with missing on all variables except
  x-variables.  These cases were not included in the analysis.
  Number of cases with missing on all variables except x-variables:  167
   2 WARNING(S) FOUND IN THE INPUT INSTRUCTIONS




Script produced from the prototype in ./sandbox/syntax-creator/

SUMMARY OF ANALYSIS

Number of groups                                                 1
Number of observations                                         370

Number of dependent variables                                    4
Number of independent variables                                  3
Number of continuous latent variables                            3

Observed dependent variables

  Continuous
   A_01        A_02        A_04        A_05

Observed independent variables
   AGE_C80     EDU_C7      FEMALE

Continuous latent variables
   IA          SA          QA

Variables with special functions

  Cluster variable      PAIRID
  Weight variable       _WEIGHT

  Time scores
   TIME_01     TIME_02     TIME_04     TIME_05


Estimator                                                      MLR
Information matrix                                        OBSERVED
Maximum number of iterations                                   100
Convergence criterion                                    0.100D-05
Maximum number of EM iterations                                500
Convergence criteria for the EM algorithm
  Loglikelihood change                                   0.100D-02
  Relative loglikelihood change                          0.100D-05
  Derivative                                             0.100D-03
Minimum variance                                         0.100D-03
Maximum number of steepest descent iterations                   20
Maximum number of iterations for H1                           2000
Convergence criterion for H1                             0.100D-03
Optimization algorithm                                         EMA

Input data file(s)
  wide-dataset.dat
Input data format  FREE



SAMPLE STATISTICS


     ESTIMATED SAMPLE STATISTICS


           Means
              A_01          A_02          A_04          A_05          AGE_C80
              ________      ________      ________      ________      ________
 1             16.773        16.544        16.404        15.405         2.996


           Means
              EDU_C7        FEMALE
              ________      ________
 1              0.400         0.665


           Covariances
              A_01          A_02          A_04          A_05          AGE_C80
              ________      ________      ________      ________      ________
 A_01          36.317
 A_02          30.541        37.744
 A_04          28.747        31.050        40.666
 A_05          26.922        28.610        32.408        40.005
 AGE_C80       -0.684        -1.272        -0.863        -1.412         6.859
 EDU_C7         7.159         7.339         6.534         7.129        -0.323
 FEMALE         0.063         0.021         0.231         0.338         0.092


           Covariances
              EDU_C7        FEMALE
              ________      ________
 EDU_C7         5.732
 FEMALE        -0.115         0.223


           Correlations
              A_01          A_02          A_04          A_05          AGE_C80
              ________      ________      ________      ________      ________
 A_01           1.000
 A_02           0.825         1.000
 A_04           0.748         0.793         1.000
 A_05           0.706         0.736         0.803         1.000
 AGE_C80       -0.043        -0.079        -0.052        -0.085         1.000
 EDU_C7         0.496         0.499         0.428         0.471        -0.052
 FEMALE         0.022         0.007         0.077         0.113         0.074


           Correlations
              EDU_C7        FEMALE
              ________      ________
 EDU_C7         1.000
 FEMALE        -0.101         1.000


     MAXIMUM LOG-LIKELIHOOD VALUE FOR THE UNRESTRICTED (H1) MODEL IS -5843.452


UNIVARIATE HIGHER-ORDER MOMENT DESCRIPTIVE STATISTICS


     UNIVARIATE HIGHER-ORDER MOMENT DESCRIPTIVE STATISTICS

         Variable/         Mean/     Skewness/   Minimum/ % with                Percentiles
        Sample Size      Variance    Kurtosis    Maximum  Min/Max      20%/60%    40%/80%    Median

     A_01                 17.084       0.010       1.000    0.23%      11.000     15.000     16.000
             429.000      36.294      -0.784      30.000    0.47%      18.000     22.000
     A_02                 17.030      -0.064       3.000    0.56%       9.000     14.000     16.000
             354.000      37.844      -1.034      29.000    0.56%      18.000     22.000
     A_04                 17.327      -0.058       2.000    0.57%      11.000     14.000     17.000
             175.000      36.574      -0.644      30.000    1.71%      18.000     22.000
     A_05                 16.545      -0.061       4.000    0.82%      10.000     14.000     16.000
             122.000      37.866      -0.802      29.000    1.64%      18.000     22.000
     AGE_C80               2.996       1.115      -0.581    0.20%       0.874      1.623      2.148
             489.000       6.859       0.758      12.937    0.20%       2.789      5.204
     EDU_C7                0.400       1.959      -5.000    0.41%      -1.000     -1.000      0.000
             489.000       5.732       4.743      13.000    0.20%       0.000      1.000
     FEMALE                0.665      -0.699       0.000   34.76%       0.000      1.000      1.000
             489.000       0.223      -1.512       1.000   65.24%       1.000      1.000


THE MODEL ESTIMATION TERMINATED NORMALLY



MODEL FIT INFORMATION

Number of Free Parameters                       19

Loglikelihood

          H0 Value                       -2451.809
          H0 Scaling Correction Factor      1.0553
            for MLR

Information Criteria

          Akaike (AIC)                    4941.619
          Bayesian (BIC)                  5015.975
          Sample-Size Adjusted BIC        4955.695
            (n* = (n + 2) / 24)



MODEL RESULTS

                                                    Two-Tailed
                    Estimate       S.E.  Est./S.E.    P-Value

 IA         ON
    AGE_C80           -0.061      0.118     -0.519      0.604
    EDU_C7             1.280      0.097     13.215      0.000
    FEMALE             0.930      0.674      1.379      0.168

 SA         ON
    AGE_C80           -0.031      0.055     -0.558      0.577
    EDU_C7            -0.014      0.048     -0.303      0.762
    FEMALE            -0.068      0.263     -0.258      0.796

 QA         ON
    AGE_C80            0.002      0.007      0.351      0.726
    EDU_C7             0.001      0.008      0.160      0.873
    FEMALE             0.030      0.034      0.881      0.378

 IA       WITH
    SA                 0.554      0.790      0.702      0.483
    QA                -0.119      0.095     -1.252      0.211

 SA       WITH
    QA                -0.020      0.075     -0.270      0.787

 Intercepts
    A_01               0.000      0.000    999.000    999.000
    A_02               0.000      0.000    999.000    999.000
    A_04               0.000      0.000    999.000    999.000
    A_05               0.000      0.000    999.000    999.000
    IA                15.769      0.687     22.958      0.000
    SA                 0.181      0.231      0.785      0.432
    QA                -0.051      0.030     -1.671      0.095

 Residual Variances
    A_01               6.572      0.803      8.186      0.000
    A_02               6.572      0.803      8.186      0.000
    A_04               6.572      0.803      8.186      0.000
    A_05               6.572      0.803      8.186      0.000
    IA                20.456      2.179      9.387      0.000
    SA                 0.268      0.643      0.417      0.677
    QA                 0.003      0.009      0.353      0.724


QUALITY OF NUMERICAL RESULTS

     Condition Number for the Information Matrix              0.553E-05
       (ratio of smallest to largest eigenvalue)


CONFIDENCE INTERVALS OF MODEL RESULTS

                  Lower .5%  Lower 2.5%    Lower 5%    Estimate    Upper 5%  Upper 2.5%   Upper .5%

 IA       ON
    AGE_C80         -0.365      -0.293      -0.255      -0.061       0.133       0.170       0.243
    EDU_C7           1.030       1.090       1.120       1.280       1.439       1.470       1.529
    FEMALE          -0.807      -0.392      -0.179       0.930       2.039       2.252       2.667

 SA       ON
    AGE_C80         -0.172      -0.138      -0.121      -0.031       0.060       0.077       0.111
    EDU_C7          -0.137      -0.108      -0.093      -0.014       0.064       0.079       0.108
    FEMALE          -0.745      -0.583      -0.500      -0.068       0.364       0.447       0.609

 QA       ON
    AGE_C80         -0.015      -0.011      -0.009       0.002       0.014       0.016       0.020
    EDU_C7          -0.019      -0.014      -0.011       0.001       0.014       0.016       0.021
    FEMALE          -0.058      -0.037      -0.026       0.030       0.086       0.097       0.118

 IA       WITH
    SA              -1.480      -0.994      -0.745       0.554       1.854       2.103       2.589
    QA              -0.364      -0.306      -0.276      -0.119       0.037       0.067       0.126

 SA       WITH
    QA              -0.215      -0.168      -0.145      -0.020       0.104       0.128       0.174

 Intercepts
    A_01             0.000       0.000       0.000       0.000       0.000       0.000       0.000
    A_02             0.000       0.000       0.000       0.000       0.000       0.000       0.000
    A_04             0.000       0.000       0.000       0.000       0.000       0.000       0.000
    A_05             0.000       0.000       0.000       0.000       0.000       0.000       0.000
    IA              14.000      14.422      14.639      15.769      16.899      17.115      17.538
    SA              -0.413      -0.271      -0.198       0.181       0.561       0.633       0.776
    QA              -0.128      -0.110      -0.100      -0.051      -0.001       0.009       0.027

 Residual Variances
    A_01             4.504       4.998       5.251       6.572       7.893       8.145       8.640
    A_02             4.504       4.998       5.251       6.572       7.893       8.145       8.640
    A_04             4.504       4.998       5.251       6.572       7.893       8.145       8.640
    A_05             4.504       4.998       5.251       6.572       7.893       8.145       8.640
    IA              14.843      16.185      16.871      20.456      24.040      24.727      26.069
    SA              -1.388      -0.992      -0.790       0.268       1.326       1.529       1.925
    QA              -0.021      -0.015      -0.012       0.003       0.019       0.022       0.028


SAMPLE STATISTICS FOR ESTIMATED FACTOR SCORES


     SAMPLE STATISTICS


           Means
              IA            IA_SE         SA            SA_SE         QA
              ________      ________      ________      ________      ________
 1             16.098         1.875         0.013         0.468        -0.020


           Means
              QA_SE
              ________
 1              0.051


           Covariances
              IA            IA_SE         SA            SA_SE         QA
              ________      ________      ________      ________      ________
 IA            26.197
 IA_SE         -0.398         0.088
 SA             0.617        -0.015         0.059
 SA_SE         -0.027         0.006        -0.001         0.001
 QA            -0.102         0.002        -0.006         0.000         0.001
 QA_SE         -0.001         0.000         0.000         0.000         0.000


           Covariances
              QA_SE
              ________
 QA_SE          0.000


           Correlations
              IA            IA_SE         SA            SA_SE         QA
              ________      ________      ________      ________      ________
 IA             1.000
 IA_SE         -0.263         1.000
 SA             0.498        -0.204         1.000
 SA_SE         -0.168         0.681        -0.161         1.000
 QA            -0.624         0.217        -0.729         0.133         1.000
 QA_SE         -0.168         0.799        -0.147         0.801         0.140


           Correlations
              QA_SE
              ________
 QA_SE          1.000


RESULTS SAVING INFORMATION

  Order of data

    Parameter estimates
     (saved in order shown in Technical 1 output)
    Standard errors
     (saved in order shown in Technical 1 output)
    H0 Loglikelihood
    H0 Scaling Correction Factor for MLR
    Number of Free Parameters
    Akaike (AIC)
    Bayesian (BIC)
    Sample-Size Adjusted BIC

  Save file
    u2_1245_aef_synonyms_results.dat

  Save file format           Free


PLOT INFORMATION

The following plots are available:

  Histograms (sample values, estimated factor scores)
  Scatterplots (sample values, estimated factor scores)
  Latent variable distribution plots

SAVEDATA INFORMATION


  Save file
    u2_1245_aef_synonyms_fscores.dat

  Order and format of variables

    A_01           F10.3
    A_02           F10.3
    A_04           F10.3
    A_05           F10.3
    AGE_C80        F10.3
    EDU_C7         F10.3
    FEMALE         F10.3
    TIME_01        F10.3
    TIME_02        F10.3
    TIME_04        F10.3
    TIME_05        F10.3
    _WEIGHT        F10.3
    IA             F10.3
    IA_SE          F10.3
    SA             F10.3
    SA_SE          F10.3
    QA             F10.3
    QA_SE          F10.3
    PAIRID         I5

  Save file format
    18F10.3 I5

  Save file record length    10000


     Beginning Time:  12:09:45
        Ending Time:  12:09:47
       Elapsed Time:  00:00:02



MUTHEN & MUTHEN
3463 Stoner Ave.
Los Angeles, CA  90066

Tel: (310) 391-9971
Fax: (310) 391-8971
Web: www.StatModel.com
Support: Support@StatModel.com

Copyright (c) 1998-2014 Muthen & Muthen
