Mplus VERSION 7.3
MUTHEN & MUTHEN
12/17/2016   6:15 PM

INPUT INSTRUCTIONS

  TITLE:
  Script produced from the prototype in ./sandbox/syntax-creator/
  DATA:
  File = wide-dataset.dat ;
  VARIABLE:
  NAMES are
   Case PairID female age_c80 edu_c7 sbp_c167 smoke cardio diabetes dementia_ever
      years_since_bl_01 years_since_bl_02 years_since_bl_03 years_since_bl_04
      years_since_bl_05 pef_01 pef_02 pef_03 pef_04 pef_05 grip_01 grip_02 grip_03
      grip_04 grip_05 gait_01 gait_02 gait_03 gait_04 gait_05 block_01 block_02
      block_03 block_04 block_05 digitspanbackward_01 digitspanbackward_02
      digitspanbackward_03 digitspanbackward_04 digitspanbackward_05
      digitspanforward_01 digitspanforward_02 digitspanforward_03 digitspanforward_04
      digitspanforward_05 symbol_01 symbol_02 symbol_03 symbol_04 symbol_05 prose_01
      prose_02 prose_03 prose_04 prose_05 info_01 info_02 info_03 info_04 info_05
      synonyms_01 synonyms_02 synonyms_03 synonyms_04 synonyms_05 psif_01 psif_02
      psif_03 psif_04 psif_05 figure_01 figure_02 figure_03 figure_04 figure_05
      mirrecall_01 mirrecall_02 mirrecall_03 mirrecall_04 mirrecall_05 mmse_01 mmse_02
      mmse_03 mmse_04 mmse_05 mirnaming_01 mirnaming_02 mirnaming_03 mirnaming_04
      mirnaming_05 mirrecog_01 mirrecog_02 mirrecog_03 mirrecog_04 mirrecog_05
      clock_01 clock_02 clock_03 clock_04 clock_05
  	;
  Missing are all (-9999);
  USEVARIABLES are
  	!define the variables used in the analysis
  	! covariates used in the model
  age_c80
  edu_c7
  female	
  	!estimated time points
  time_01
  time_02
  time_05
  	!modelled time points of process (A)
  a_01
  a_02
  a_05
  ;
  TSCORES are
  	!estimated time points
  time_01
  time_02
  time_05;
  CLUSTER = PairID;
  SUBPOPULATION are
  	!select a subset of observations
  dementia_ever NE 1
  ;
  DEFINE:
  	! assign variables to the process (A)
  a_01 = synonyms_01;
  a_02 = synonyms_02;
  a_05 = synonyms_05;
  	!assign variables to time points
  time_01 = years_since_bl_01;
  time_02 = years_since_bl_02;
  time_05 = years_since_bl_05;
  	
  ANALYSIS: TYPE = RANDOM COMPLEX;
  COVERAGE=.00;
  MODEL:
  	!first-level equation
  	! assign process (A) to time points
  ia sa qa | a_01 AT time_01 ;
  ia sa qa | a_02 AT time_02 ;
  ia sa qa | a_05 AT time_05 ;
  	!variance of the first-level terms
  ia (v_ia);
  sa (v_sa);
  qa (v_qa);
  	!covariance among first-level terms
  ia WITH sa (c_iasa);
  ia WITH qa (c_iaqa);
  sa WITH qa (c_saqa);
  	!second-level equation
  ia sa qa ON age_c80
  edu_c7
  female;
  	!residual covariance of process (A)
  a_01 (res_a);
  a_02 (res_a);
  a_05 (res_a);	
  SAVEDATA:
  FILE is   u2_125_aef_synonyms_fscores.dat;
  SAVE = FSCORES;
  RESULTS are   u2_125_aef_synonyms_results.dat;
  	
  OUTPUT: sampstat cinterval;
  PLOT: Type is Plot1 Plot2 Plot3;



*** WARNING
  Data set contains cases with missing on x-variables.
  These cases were not included in the analysis.
  Number of cases with missing on x-variables:  46
*** WARNING
  Data set contains cases with missing on all variables except
  x-variables.  These cases were not included in the analysis.
  Number of cases with missing on all variables except x-variables:  169
   2 WARNING(S) FOUND IN THE INPUT INSTRUCTIONS




Script produced from the prototype in ./sandbox/syntax-creator/

SUMMARY OF ANALYSIS

Number of groups                                                 1
Number of observations                                         370

Number of dependent variables                                    3
Number of independent variables                                  3
Number of continuous latent variables                            3

Observed dependent variables

  Continuous
   A_01        A_02        A_05

Observed independent variables
   AGE_C80     EDU_C7      FEMALE

Continuous latent variables
   IA          SA          QA

Variables with special functions

  Cluster variable      PAIRID
  Weight variable       _WEIGHT

  Time scores
   TIME_01     TIME_02     TIME_05


Estimator                                                      MLR
Information matrix                                        OBSERVED
Maximum number of iterations                                   100
Convergence criterion                                    0.100D-05
Maximum number of EM iterations                                500
Convergence criteria for the EM algorithm
  Loglikelihood change                                   0.100D-02
  Relative loglikelihood change                          0.100D-05
  Derivative                                             0.100D-03
Minimum variance                                         0.100D-03
Maximum number of steepest descent iterations                   20
Maximum number of iterations for H1                           2000
Convergence criterion for H1                             0.100D-03
Optimization algorithm                                         EMA

Input data file(s)
  wide-dataset.dat
Input data format  FREE



SAMPLE STATISTICS


     ESTIMATED SAMPLE STATISTICS


           Means
              A_01          A_02          A_05          AGE_C80       EDU_C7
              ________      ________      ________      ________      ________
 1             16.778        16.539        15.537         2.996         0.400


           Means
              FEMALE
              ________
 1              0.665


           Covariances
              A_01          A_02          A_05          AGE_C80       EDU_C7
              ________      ________      ________      ________      ________
 A_01          36.250
 A_02          30.659        37.991
 A_05          28.072        29.499        41.774
 AGE_C80       -0.722        -1.227        -1.077         6.859
 EDU_C7         7.162         7.416         7.630        -0.323         5.732
 FEMALE         0.062         0.023         0.280         0.092        -0.115


           Covariances
              FEMALE
              ________
 FEMALE         0.223


           Correlations
              A_01          A_02          A_05          AGE_C80       EDU_C7
              ________      ________      ________      ________      ________
 A_01           1.000
 A_02           0.826         1.000
 A_05           0.721         0.740         1.000
 AGE_C80       -0.046        -0.076        -0.064         1.000
 EDU_C7         0.497         0.503         0.493        -0.052         1.000
 FEMALE         0.022         0.008         0.092         0.074        -0.101


           Correlations
              FEMALE
              ________
 FEMALE         1.000


     MAXIMUM LOG-LIKELIHOOD VALUE FOR THE UNRESTRICTED (H1) MODEL IS -5308.405


UNIVARIATE HIGHER-ORDER MOMENT DESCRIPTIVE STATISTICS


     UNIVARIATE HIGHER-ORDER MOMENT DESCRIPTIVE STATISTICS

         Variable/         Mean/     Skewness/   Minimum/ % with                Percentiles
        Sample Size      Variance    Kurtosis    Maximum  Min/Max      20%/60%    40%/80%    Median

     A_01                 17.084       0.010       1.000    0.23%      11.000     15.000     16.000
             429.000      36.294      -0.784      30.000    0.47%      18.000     22.000
     A_02                 17.030      -0.064       3.000    0.56%       9.000     14.000     16.000
             354.000      37.844      -1.034      29.000    0.56%      18.000     22.000
     A_05                 16.545      -0.061       4.000    0.82%      10.000     14.000     16.000
             122.000      37.866      -0.802      29.000    1.64%      18.000     22.000
     AGE_C80               2.996       1.115      -0.581    0.21%       0.874      1.623      2.148
             487.000       6.859       0.758      12.937    0.21%       2.789      5.221
     EDU_C7                0.400       1.959      -5.000    0.41%      -1.000     -1.000      0.000
             487.000       5.732       4.743      13.000    0.21%       0.000      1.000
     FEMALE                0.665      -0.699       0.000   34.70%       0.000      1.000      1.000
             487.000       0.223      -1.512       1.000   65.30%       1.000      1.000


THE MODEL ESTIMATION TERMINATED NORMALLY



MODEL FIT INFORMATION

Number of Free Parameters                       19

Loglikelihood

          H0 Value                       -2060.380
          H0 Scaling Correction Factor      0.9968
            for MLR

Information Criteria

          Akaike (AIC)                    4158.759
          Bayesian (BIC)                  4233.116
          Sample-Size Adjusted BIC        4172.835
            (n* = (n + 2) / 24)



MODEL RESULTS

                                                    Two-Tailed
                    Estimate       S.E.  Est./S.E.    P-Value

 IA         ON
    AGE_C80           -0.060      0.119     -0.508      0.612
    EDU_C7             1.267      0.097     13.100      0.000
    FEMALE             0.952      0.677      1.406      0.160

 SA         ON
    AGE_C80           -0.041      0.053     -0.770      0.441
    EDU_C7             0.018      0.047      0.390      0.697
    FEMALE            -0.121      0.287     -0.422      0.673

 QA         ON
    AGE_C80            0.004      0.007      0.644      0.520
    EDU_C7            -0.001      0.007     -0.115      0.908
    FEMALE             0.031      0.037      0.846      0.398

 IA       WITH
    SA                -0.419      1.600     -0.262      0.793
    QA                -0.011      0.178     -0.063      0.950

 SA       WITH
    QA                -0.133      0.234     -0.566      0.571

 Intercepts
    A_01               0.000      0.000    999.000    999.000
    A_02               0.000      0.000    999.000    999.000
    A_05               0.000      0.000    999.000    999.000
    IA                15.819      0.686     23.044      0.000
    SA                 0.093      0.244      0.383      0.702
    QA                -0.040      0.031     -1.272      0.203

 Residual Variances
    A_01               4.981      2.270      2.195      0.028
    A_02               4.981      2.270      2.195      0.028
    A_05               4.981      2.270      2.195      0.028
    IA                22.099      2.987      7.399      0.000
    SA                 1.165      1.987      0.586      0.558
    QA                 0.018      0.028      0.626      0.532


QUALITY OF NUMERICAL RESULTS

     Condition Number for the Information Matrix              0.176E-07
       (ratio of smallest to largest eigenvalue)


CONFIDENCE INTERVALS OF MODEL RESULTS

                  Lower .5%  Lower 2.5%    Lower 5%    Estimate    Upper 5%  Upper 2.5%   Upper .5%

 IA       ON
    AGE_C80         -0.367      -0.294      -0.256      -0.060       0.135       0.173       0.246
    EDU_C7           1.018       1.078       1.108       1.267       1.427       1.457       1.517
    FEMALE          -0.792      -0.375      -0.162       0.952       2.066       2.280       2.697

 SA       ON
    AGE_C80         -0.177      -0.144      -0.128      -0.041       0.046       0.063       0.095
    EDU_C7          -0.103      -0.074      -0.059       0.018       0.096       0.111       0.140
    FEMALE          -0.860      -0.684      -0.593      -0.121       0.351       0.441       0.618

 QA       ON
    AGE_C80         -0.013      -0.009      -0.007       0.004       0.015       0.017       0.021
    EDU_C7          -0.020      -0.015      -0.013      -0.001       0.011       0.013       0.018
    FEMALE          -0.064      -0.041      -0.030       0.031       0.092       0.104       0.127

 IA       WITH
    SA              -4.540      -3.554      -3.051      -0.419       2.212       2.716       3.701
    QA              -0.469      -0.360      -0.304      -0.011       0.281       0.337       0.446

 SA       WITH
    QA              -0.735      -0.591      -0.517      -0.133       0.252       0.326       0.470

 Intercepts
    A_01             0.000       0.000       0.000       0.000       0.000       0.000       0.000
    A_02             0.000       0.000       0.000       0.000       0.000       0.000       0.000
    A_05             0.000       0.000       0.000       0.000       0.000       0.000       0.000
    IA              14.051      14.473      14.690      15.819      16.948      17.164      17.587
    SA              -0.535      -0.385      -0.308       0.093       0.494       0.571       0.721
    QA              -0.120      -0.101      -0.091      -0.040       0.012       0.021       0.041

 Residual Variances
    A_01            -0.865       0.533       1.248       4.981       8.715       9.430      10.828
    A_02            -0.865       0.533       1.248       4.981       8.715       9.430      10.828
    A_05            -0.865       0.533       1.248       4.981       8.715       9.430      10.828
    IA              14.405      16.244      17.185      22.099      27.012      27.953      29.792
    SA              -3.953      -2.729      -2.103       1.165       4.433       5.059       6.283
    QA              -0.055      -0.038      -0.029       0.018       0.065       0.073       0.091


SAMPLE STATISTICS FOR ESTIMATED FACTOR SCORES


     SAMPLE STATISTICS


           Means
              IA            IA_SE         SA            SA_SE         QA
              ________      ________      ________      ________      ________
 1             16.203         1.843        -0.139         0.993        -0.002


           Means
              QA_SE
              ________
 1              0.123


           Covariances
              IA            IA_SE         SA            SA_SE         QA
              ________      ________      ________      ________      ________
 IA            27.647
 IA_SE         -0.419         0.087
 SA             0.389        -0.017         0.202
 SA_SE         -0.075         0.013        -0.001         0.004
 QA            -0.079         0.002        -0.023         0.000         0.003
 QA_SE         -0.009         0.001         0.000         0.000         0.000


           Covariances
              QA_SE
              ________
 QA_SE          0.000


           Correlations
              IA            IA_SE         SA            SA_SE         QA
              ________      ________      ________      ________      ________
 IA             1.000
 IA_SE         -0.271         1.000
 SA             0.165        -0.127         1.000
 SA_SE         -0.240         0.768        -0.054         1.000
 QA            -0.265         0.148        -0.913         0.087         1.000
 QA_SE         -0.220         0.636        -0.075         0.908         0.094


           Correlations
              QA_SE
              ________
 QA_SE          1.000


RESULTS SAVING INFORMATION

  Order of data

    Parameter estimates
     (saved in order shown in Technical 1 output)
    Standard errors
     (saved in order shown in Technical 1 output)
    H0 Loglikelihood
    H0 Scaling Correction Factor for MLR
    Number of Free Parameters
    Akaike (AIC)
    Bayesian (BIC)
    Sample-Size Adjusted BIC

  Save file
    u2_125_aef_synonyms_results.dat

  Save file format           Free


PLOT INFORMATION

The following plots are available:

  Histograms (sample values, estimated factor scores)
  Scatterplots (sample values, estimated factor scores)
  Latent variable distribution plots

SAVEDATA INFORMATION


  Save file
    u2_125_aef_synonyms_fscores.dat

  Order and format of variables

    A_01           F10.3
    A_02           F10.3
    A_05           F10.3
    AGE_C80        F10.3
    EDU_C7         F10.3
    FEMALE         F10.3
    TIME_01        F10.3
    TIME_02        F10.3
    TIME_05        F10.3
    _WEIGHT        F10.3
    IA             F10.3
    IA_SE          F10.3
    SA             F10.3
    SA_SE          F10.3
    QA             F10.3
    QA_SE          F10.3
    PAIRID         I5

  Save file format
    16F10.3 I5

  Save file record length    10000


     Beginning Time:  18:15:12
        Ending Time:  18:15:17
       Elapsed Time:  00:00:05



MUTHEN & MUTHEN
3463 Stoner Ave.
Los Angeles, CA  90066

Tel: (310) 391-9971
Fax: (310) 391-8971
Web: www.StatModel.com
Support: Support@StatModel.com

Copyright (c) 1998-2014 Muthen & Muthen
