Mplus VERSION 7.3
MUTHEN & MUTHEN
12/17/2016  12:09 PM

INPUT INSTRUCTIONS

  TITLE:
  Script produced from the prototype in ./sandbox/syntax-creator/
  DATA:
  File = wide-dataset.dat ;
  VARIABLE:
  NAMES are
   Case PairID female age_c80 edu_c7 sbp_c167 smoke cardio diabetes dementia_ever
      years_since_bl_01 years_since_bl_02 years_since_bl_03 years_since_bl_04
      years_since_bl_05 pef_01 pef_02 pef_03 pef_04 pef_05 grip_01 grip_02 grip_03
      grip_04 grip_05 gait_01 gait_02 gait_03 gait_04 gait_05 block_01 block_02
      block_03 block_04 block_05 digitspanbackward_01 digitspanbackward_02
      digitspanbackward_03 digitspanbackward_04 digitspanbackward_05
      digitspanforward_01 digitspanforward_02 digitspanforward_03 digitspanforward_04
      digitspanforward_05 symbol_01 symbol_02 symbol_03 symbol_04 symbol_05 prose_01
      prose_02 prose_03 prose_04 prose_05 info_01 info_02 info_03 info_04 info_05
      synonyms_01 synonyms_02 synonyms_03 synonyms_04 synonyms_05 psif_01 psif_02
      psif_03 psif_04 psif_05 figure_01 figure_02 figure_03 figure_04 figure_05
      mirrecall_01 mirrecall_02 mirrecall_03 mirrecall_04 mirrecall_05 mmse_01 mmse_02
      mmse_03 mmse_04 mmse_05 mirnaming_01 mirnaming_02 mirnaming_03 mirnaming_04
      mirnaming_05 mirrecog_01 mirrecog_02 mirrecog_03 mirrecog_04 mirrecog_05
      clock_01 clock_02 clock_03 clock_04 clock_05
  	;
  Missing are all (-9999);
  USEVARIABLES are
  	!define the variables used in the analysis
  	! covariates used in the model
  age_c80
  edu_c7
  female	
  	!estimated time points
  time_01
  time_02
  time_03
  time_04
  	!modelled time points of process (A)
  a_01
  a_02
  a_03
  a_04
  ;
  TSCORES are
  	!estimated time points
  time_01
  time_02
  time_03
  time_04;
  CLUSTER = PairID;
  SUBPOPULATION are
  	!select a subset of observations
  dementia_ever NE 1
  ;
  DEFINE:
  	! assign variables to the process (A)
  a_01 = synonyms_01;
  a_02 = synonyms_02;
  a_03 = synonyms_03;
  a_04 = synonyms_04;
  	!assign variables to time points
  time_01 = years_since_bl_01;
  time_02 = years_since_bl_02;
  time_03 = years_since_bl_03;
  time_04 = years_since_bl_04;
  	
  ANALYSIS: TYPE = RANDOM COMPLEX;
  COVERAGE=.00;
  MODEL:
  	!first-level equation
  	! assign process (A) to time points
  ia sa qa | a_01 AT time_01 ;
  ia sa qa | a_02 AT time_02 ;
  ia sa qa | a_03 AT time_03 ;
  ia sa qa | a_04 AT time_04 ;
  	!variance of the first-level terms
  ia (v_ia);
  sa (v_sa);
  qa (v_qa);
  	!covariance among first-level terms
  ia WITH sa (c_iasa);
  ia WITH qa (c_iaqa);
  sa WITH qa (c_saqa);
  	!second-level equation
  ia sa qa ON age_c80
  edu_c7
  female;
  	!residual covariance of process (A)
  a_01 (res_a);
  a_02 (res_a);
  a_03 (res_a);
  a_04 (res_a);	
  SAVEDATA:
  FILE is   u2_1234_aef_synonyms_fscores.dat;
  SAVE = FSCORES;
  RESULTS are   u2_1234_aef_synonyms_results.dat;
  	
  OUTPUT: sampstat cinterval;
  PLOT: Type is Plot1 Plot2 Plot3;



*** WARNING
  Data set contains cases with missing on x-variables.
  These cases were not included in the analysis.
  Number of cases with missing on x-variables:  46
*** WARNING
  Data set contains cases with missing on all variables except
  x-variables.  These cases were not included in the analysis.
  Number of cases with missing on all variables except x-variables:  160
   2 WARNING(S) FOUND IN THE INPUT INSTRUCTIONS




Script produced from the prototype in ./sandbox/syntax-creator/

SUMMARY OF ANALYSIS

Number of groups                                                 1
Number of observations                                         377

Number of dependent variables                                    4
Number of independent variables                                  3
Number of continuous latent variables                            3

Observed dependent variables

  Continuous
   A_01        A_02        A_03        A_04

Observed independent variables
   AGE_C80     EDU_C7      FEMALE

Continuous latent variables
   IA          SA          QA

Variables with special functions

  Cluster variable      PAIRID
  Weight variable       _WEIGHT

  Time scores
   TIME_01     TIME_02     TIME_03     TIME_04


Estimator                                                      MLR
Information matrix                                        OBSERVED
Maximum number of iterations                                   100
Convergence criterion                                    0.100D-05
Maximum number of EM iterations                                500
Convergence criteria for the EM algorithm
  Loglikelihood change                                   0.100D-02
  Relative loglikelihood change                          0.100D-05
  Derivative                                             0.100D-03
Minimum variance                                         0.100D-03
Maximum number of steepest descent iterations                   20
Maximum number of iterations for H1                           2000
Convergence criterion for H1                             0.100D-03
Optimization algorithm                                         EMA

Input data file(s)
  wide-dataset.dat
Input data format  FREE



SAMPLE STATISTICS


     ESTIMATED SAMPLE STATISTICS


           Means
              A_01          A_02          A_03          A_04          AGE_C80
              ________      ________      ________      ________      ________
 1             16.729        16.496        16.295        16.471         3.023


           Means
              EDU_C7        FEMALE
              ________      ________
 1              0.371         0.658


           Covariances
              A_01          A_02          A_03          A_04          AGE_C80
              ________      ________      ________      ________      ________
 A_01          36.014
 A_02          30.006        37.185
 A_03          31.092        32.025        39.758
 A_04          28.303        30.019        33.403        39.873
 AGE_C80       -0.774        -1.261        -0.456        -0.610         6.926
 EDU_C7         7.063         7.218         7.179         6.146        -0.365
 FEMALE         0.082         0.063         0.246         0.217         0.087


           Covariances
              EDU_C7        FEMALE
              ________      ________
 EDU_C7         5.698
 FEMALE        -0.098         0.225


           Correlations
              A_01          A_02          A_03          A_04          AGE_C80
              ________      ________      ________      ________      ________
 A_01           1.000
 A_02           0.820         1.000
 A_03           0.822         0.833         1.000
 A_04           0.747         0.780         0.839         1.000
 AGE_C80       -0.049        -0.079        -0.027        -0.037         1.000
 EDU_C7         0.493         0.496         0.477         0.408        -0.058
 FEMALE         0.029         0.022         0.082         0.072         0.070


           Correlations
              EDU_C7        FEMALE
              ________      ________
 EDU_C7         1.000
 FEMALE        -0.087         1.000


     MAXIMUM LOG-LIKELIHOOD VALUE FOR THE UNRESTRICTED (H1) MODEL IS -6191.227


UNIVARIATE HIGHER-ORDER MOMENT DESCRIPTIVE STATISTICS


     UNIVARIATE HIGHER-ORDER MOMENT DESCRIPTIVE STATISTICS

         Variable/         Mean/     Skewness/   Minimum/ % with                Percentiles
        Sample Size      Variance    Kurtosis    Maximum  Min/Max      20%/60%    40%/80%    Median

     A_01                 17.084       0.010       1.000    0.23%      11.000     15.000     16.000
             429.000      36.294      -0.784      30.000    0.47%      18.000     22.000
     A_02                 17.030      -0.064       3.000    0.56%       9.000     14.000     16.000
             354.000      37.844      -1.034      29.000    0.56%      18.000     22.000
     A_03                 16.819       0.019       4.000    1.17%      10.000     14.000     16.000
             256.000      38.586      -0.981      30.000    0.39%      19.000     22.000
     A_04                 17.327      -0.058       2.000    0.57%      11.000     14.000     17.000
             175.000      36.574      -0.644      30.000    1.71%      18.000     22.000
     AGE_C80               3.023       1.086      -0.581    0.20%       0.874      1.623      2.195
             496.000       6.926       0.648      12.937    0.20%       2.898      5.286
     EDU_C7                0.371       1.957      -5.000    0.40%      -1.000     -1.000      0.000
             496.000       5.698       4.816      13.000    0.20%       0.000      1.000
     FEMALE                0.658      -0.665       0.000   35.28%       0.000      1.000      1.000
             496.000       0.225      -1.557       1.000   64.72%       1.000      1.000


THE MODEL ESTIMATION TERMINATED NORMALLY



MODEL FIT INFORMATION

Number of Free Parameters                       19

Loglikelihood

          H0 Value                       -2694.315
          H0 Scaling Correction Factor      0.9889
            for MLR

Information Criteria

          Akaike (AIC)                    5426.631
          Bayesian (BIC)                  5501.344
          Sample-Size Adjusted BIC        5441.061
            (n* = (n + 2) / 24)



MODEL RESULTS

                                                    Two-Tailed
                    Estimate       S.E.  Est./S.E.    P-Value

 IA         ON
    AGE_C80           -0.067      0.116     -0.578      0.563
    EDU_C7             1.250      0.097     12.882      0.000
    FEMALE             0.890      0.670      1.329      0.184

 SA         ON
    AGE_C80           -0.018      0.052     -0.352      0.724
    EDU_C7             0.046      0.041      1.113      0.266
    FEMALE             0.096      0.256      0.377      0.707

 QA         ON
    AGE_C80            0.004      0.010      0.442      0.658
    EDU_C7            -0.011      0.008     -1.412      0.158
    FEMALE             0.006      0.045      0.128      0.898

 IA       WITH
    SA                 0.227      0.865      0.263      0.793
    QA                -0.048      0.138     -0.350      0.726

 SA       WITH
    QA                -0.033      0.120     -0.273      0.785

 Intercepts
    A_01               0.000      0.000    999.000    999.000
    A_02               0.000      0.000    999.000    999.000
    A_03               0.000      0.000    999.000    999.000
    A_04               0.000      0.000    999.000    999.000
    IA                15.892      0.682     23.291      0.000
    SA                -0.219      0.225     -0.975      0.330
    QA                 0.011      0.041      0.281      0.779

 Residual Variances
    A_01               5.879      0.726      8.100      0.000
    A_02               5.879      0.726      8.100      0.000
    A_03               5.879      0.726      8.100      0.000
    A_04               5.879      0.726      8.100      0.000
    IA                21.031      2.103     10.001      0.000
    SA                 0.281      0.753      0.374      0.709
    QA                 0.008      0.020      0.418      0.676


QUALITY OF NUMERICAL RESULTS

     Condition Number for the Information Matrix              0.114E-04
       (ratio of smallest to largest eigenvalue)


CONFIDENCE INTERVALS OF MODEL RESULTS

                  Lower .5%  Lower 2.5%    Lower 5%    Estimate    Upper 5%  Upper 2.5%   Upper .5%

 IA       ON
    AGE_C80         -0.366      -0.295      -0.258      -0.067       0.124       0.161       0.232
    EDU_C7           1.000       1.060       1.091       1.250       1.410       1.441       1.500
    FEMALE          -0.835      -0.423      -0.212       0.890       1.991       2.202       2.614

 SA       ON
    AGE_C80         -0.151      -0.120      -0.103      -0.018       0.067       0.083       0.115
    EDU_C7          -0.061      -0.035      -0.022       0.046       0.114       0.127       0.153
    FEMALE          -0.562      -0.405      -0.324       0.096       0.517       0.597       0.755

 QA       ON
    AGE_C80         -0.020      -0.014      -0.011       0.004       0.020       0.023       0.029
    EDU_C7          -0.032      -0.027      -0.024      -0.011       0.002       0.004       0.009
    FEMALE          -0.111      -0.083      -0.069       0.006       0.080       0.095       0.123

 IA       WITH
    SA              -2.000      -1.467      -1.195       0.227       1.650       1.922       2.455
    QA              -0.404      -0.319      -0.275      -0.048       0.179       0.222       0.307

 SA       WITH
    QA              -0.340      -0.267      -0.229      -0.033       0.164       0.202       0.275

 Intercepts
    A_01             0.000       0.000       0.000       0.000       0.000       0.000       0.000
    A_02             0.000       0.000       0.000       0.000       0.000       0.000       0.000
    A_03             0.000       0.000       0.000       0.000       0.000       0.000       0.000
    A_04             0.000       0.000       0.000       0.000       0.000       0.000       0.000
    IA              14.135      14.555      14.770      15.892      17.015      17.229      17.650
    SA              -0.799      -0.660      -0.590      -0.219       0.151       0.222       0.360
    QA              -0.094      -0.069      -0.056       0.011       0.079       0.092       0.117

 Residual Variances
    A_01             4.010       4.457       4.685       5.879       7.073       7.302       7.749
    A_02             4.010       4.457       4.685       5.879       7.073       7.302       7.749
    A_03             4.010       4.457       4.685       5.879       7.073       7.302       7.749
    A_04             4.010       4.457       4.685       5.879       7.073       7.302       7.749
    IA              15.615      16.909      17.572      21.031      24.491      25.153      26.448
    SA              -1.658      -1.195      -0.958       0.281       1.520       1.757       2.221
    QA              -0.043      -0.031      -0.025       0.008       0.042       0.048       0.060


SAMPLE STATISTICS FOR ESTIMATED FACTOR SCORES


     SAMPLE STATISTICS


           Means
              IA            IA_SE         SA            SA_SE         QA
              ________      ________      ________      ________      ________
 1             16.131         1.750        -0.221         0.506         0.026


           Means
              QA_SE
              ________
 1              0.088


           Covariances
              IA            IA_SE         SA            SA_SE         QA
              ________      ________      ________      ________      ________
 IA            26.748
 IA_SE         -0.430         0.097
 SA             0.739        -0.013         0.041
 SA_SE         -0.016         0.004         0.000         0.000
 QA            -0.121         0.003        -0.004         0.000         0.001
 QA_SE         -0.003         0.001         0.000         0.000         0.000


           Covariances
              QA_SE
              ________
 QA_SE          0.000


           Correlations
              IA            IA_SE         SA            SA_SE         QA
              ________      ________      ________      ________      ________
 IA             1.000
 IA_SE         -0.267         1.000
 SA             0.709        -0.213         1.000
 SA_SE         -0.211         0.874        -0.159         1.000
 QA            -0.623         0.252        -0.538         0.210         1.000
 QA_SE         -0.162         0.615        -0.180         0.679         0.190


           Correlations
              QA_SE
              ________
 QA_SE          1.000


RESULTS SAVING INFORMATION

  Order of data

    Parameter estimates
     (saved in order shown in Technical 1 output)
    Standard errors
     (saved in order shown in Technical 1 output)
    H0 Loglikelihood
    H0 Scaling Correction Factor for MLR
    Number of Free Parameters
    Akaike (AIC)
    Bayesian (BIC)
    Sample-Size Adjusted BIC

  Save file
    u2_1234_aef_synonyms_results.dat

  Save file format           Free


PLOT INFORMATION

The following plots are available:

  Histograms (sample values, estimated factor scores)
  Scatterplots (sample values, estimated factor scores)
  Latent variable distribution plots

SAVEDATA INFORMATION


  Save file
    u2_1234_aef_synonyms_fscores.dat

  Order and format of variables

    A_01           F10.3
    A_02           F10.3
    A_03           F10.3
    A_04           F10.3
    AGE_C80        F10.3
    EDU_C7         F10.3
    FEMALE         F10.3
    TIME_01        F10.3
    TIME_02        F10.3
    TIME_03        F10.3
    TIME_04        F10.3
    _WEIGHT        F10.3
    IA             F10.3
    IA_SE          F10.3
    SA             F10.3
    SA_SE          F10.3
    QA             F10.3
    QA_SE          F10.3
    PAIRID         I5

  Save file format
    18F10.3 I5

  Save file record length    10000


     Beginning Time:  12:09:11
        Ending Time:  12:09:15
       Elapsed Time:  00:00:04



MUTHEN & MUTHEN
3463 Stoner Ave.
Los Angeles, CA  90066

Tel: (310) 391-9971
Fax: (310) 391-8971
Web: www.StatModel.com
Support: Support@StatModel.com

Copyright (c) 1998-2014 Muthen & Muthen
