Mplus VERSION 7.3
MUTHEN & MUTHEN
12/17/2016  11:51 AM

INPUT INSTRUCTIONS

  TITLE:
  Script produced from the prototype in ./sandbox/syntax-creator/
  DATA:
  File = wide-dataset.dat ;
  VARIABLE:
  NAMES are
   Case PairID female age_c80 edu_c7 sbp_c167 smoke cardio diabetes dementia_ever
      years_since_bl_01 years_since_bl_02 years_since_bl_03 years_since_bl_04
      years_since_bl_05 pef_01 pef_02 pef_03 pef_04 pef_05 grip_01 grip_02 grip_03
      grip_04 grip_05 gait_01 gait_02 gait_03 gait_04 gait_05 block_01 block_02
      block_03 block_04 block_05 digitspanbackward_01 digitspanbackward_02
      digitspanbackward_03 digitspanbackward_04 digitspanbackward_05
      digitspanforward_01 digitspanforward_02 digitspanforward_03 digitspanforward_04
      digitspanforward_05 symbol_01 symbol_02 symbol_03 symbol_04 symbol_05 prose_01
      prose_02 prose_03 prose_04 prose_05 info_01 info_02 info_03 info_04 info_05
      synonyms_01 synonyms_02 synonyms_03 synonyms_04 synonyms_05 psif_01 psif_02
      psif_03 psif_04 psif_05 figure_01 figure_02 figure_03 figure_04 figure_05
      mirrecall_01 mirrecall_02 mirrecall_03 mirrecall_04 mirrecall_05 mmse_01 mmse_02
      mmse_03 mmse_04 mmse_05 mirnaming_01 mirnaming_02 mirnaming_03 mirnaming_04
      mirnaming_05 mirrecog_01 mirrecog_02 mirrecog_03 mirrecog_04 mirrecog_05
      clock_01 clock_02 clock_03 clock_04 clock_05
  	;
  Missing are all (-9999);
  USEVARIABLES are
  	!define the variables used in the analysis
  	! covariates used in the model
  age_c80
  edu_c7
  female
  sbp_c167	
  	!estimated time points
  time_01
  time_02
  time_03
  	!modelled time points of process (A)
  a_01
  a_02
  a_03
  ;
  TSCORES are
  	!estimated time points
  time_01
  time_02
  time_03;
  CLUSTER = PairID;
  SUBPOPULATION are
  	!select a subset of observations
  dementia_ever NE 1
  ;
  DEFINE:
  	! assign variables to the process (A)
  a_01 = mmse_01;
  a_02 = mmse_02;
  a_03 = mmse_03;
  	!assign variables to time points
  time_01 = years_since_bl_01;
  time_02 = years_since_bl_02;
  time_03 = years_since_bl_03;
  	
  ANALYSIS: TYPE = RANDOM COMPLEX;
  COVERAGE=.00;
  MODEL:
  	!first-level equation
  	! assign process (A) to time points
  ia sa | a_01 AT time_01 ;
  ia sa | a_02 AT time_02 ;
  ia sa | a_03 AT time_03 ;
  	!variance of the first-level terms
  ia (v_ia);
  sa (v_sa);
  	!covariance among first-level terms
  ia WITH sa (c_iasa);
  	!second-level equation
  ia sa ON age_c80
  edu_c7
  female
  sbp_c167;
  	!residual covariance of process (A)
  a_01 (res_a);
  a_02 (res_a);
  a_03 (res_a);	
  SAVEDATA:
  FILE is   u1_123_aefb_mmse_fscores.dat;
  SAVE = FSCORES;
  RESULTS are   u1_123_aefb_mmse_results.dat;
  	
  OUTPUT: sampstat cinterval;
  PLOT: Type is Plot1 Plot2 Plot3;



*** WARNING
  Data set contains cases with missing on x-variables.
  These cases were not included in the analysis.
  Number of cases with missing on x-variables:  92
   1 WARNING(S) FOUND IN THE INPUT INSTRUCTIONS




Script produced from the prototype in ./sandbox/syntax-creator/

SUMMARY OF ANALYSIS

Number of groups                                                 1
Number of observations                                         442

Number of dependent variables                                    3
Number of independent variables                                  4
Number of continuous latent variables                            2

Observed dependent variables

  Continuous
   A_01        A_02        A_03

Observed independent variables
   AGE_C80     EDU_C7      FEMALE      SBP_C167

Continuous latent variables
   IA          SA

Variables with special functions

  Cluster variable      PAIRID
  Weight variable       _WEIGHT

  Time scores
   TIME_01     TIME_02     TIME_03


Estimator                                                      MLR
Information matrix                                        OBSERVED
Maximum number of iterations                                   100
Convergence criterion                                    0.100D-05
Maximum number of EM iterations                                500
Convergence criteria for the EM algorithm
  Loglikelihood change                                   0.100D-02
  Relative loglikelihood change                          0.100D-05
  Derivative                                             0.100D-03
Minimum variance                                         0.100D-03
Maximum number of steepest descent iterations                   20
Maximum number of iterations for H1                           2000
Convergence criterion for H1                             0.100D-03
Optimization algorithm                                         EMA

Input data file(s)
  wide-dataset.dat
Input data format  FREE



SAMPLE STATISTICS


     ESTIMATED SAMPLE STATISTICS


           Means
              A_01          A_02          A_03          AGE_C80       EDU_C7
              ________      ________      ________      ________      ________
 1             27.346        26.810        26.773         3.383         0.296


           Means
              FEMALE        SBP_C167
              ________      ________
 1              0.649        -6.627


           Covariances
              A_01          A_02          A_03          AGE_C80       EDU_C7
              ________      ________      ________      ________      ________
 A_01           8.905
 A_02           7.438        15.922
 A_03           7.734        11.154        16.095
 AGE_C80       -2.744        -3.454        -4.071         9.281
 EDU_C7         1.158         1.553         1.805        -0.551         6.145
 FEMALE         0.176         0.236         0.119         0.081        -0.116
 SBP_C167      10.188        10.173         4.944        -6.491         1.292


           Covariances
              FEMALE        SBP_C167
              ________      ________
 FEMALE         0.228
 SBP_C167       0.708       505.913


           Correlations
              A_01          A_02          A_03          AGE_C80       EDU_C7
              ________      ________      ________      ________      ________
 A_01           1.000
 A_02           0.625         1.000
 A_03           0.646         0.697         1.000
 AGE_C80       -0.302        -0.284        -0.333         1.000
 EDU_C7         0.156         0.157         0.181        -0.073         1.000
 FEMALE         0.123         0.124         0.062         0.056        -0.098
 SBP_C167       0.152         0.113         0.055        -0.095         0.023


           Correlations
              FEMALE        SBP_C167
              ________      ________
 FEMALE         1.000
 SBP_C167       0.066         1.000


     MAXIMUM LOG-LIKELIHOOD VALUE FOR THE UNRESTRICTED (H1) MODEL IS -9807.227


UNIVARIATE HIGHER-ORDER MOMENT DESCRIPTIVE STATISTICS


     UNIVARIATE HIGHER-ORDER MOMENT DESCRIPTIVE STATISTICS

         Variable/         Mean/     Skewness/   Minimum/ % with                Percentiles
        Sample Size      Variance    Kurtosis    Maximum  Min/Max      20%/60%    40%/80%    Median

     A_01                 27.346      -2.655       1.000    0.16%      24.000     27.000     28.000
             610.000       8.905      13.320      30.000   14.10%      28.000     29.000
     A_02                 27.033      -2.726       0.000    1.36%      22.000     26.000     27.000
             513.000      14.478      10.035      30.000   16.57%      28.000     29.000
     A_03                 27.276      -2.267       0.000    1.75%      21.000     26.000     28.000
             399.000      12.560       6.627      30.000   21.05%      28.000     30.000
     AGE_C80               3.383       1.313      -0.630    0.16%       0.887      1.827      2.454
             610.000       9.281       2.031      17.918    0.16%       3.269      5.825
     EDU_C7                0.296       2.204      -7.000    0.16%      -1.000     -1.000     -1.000
             610.000       6.145       7.378      16.000    0.16%       0.000      1.000
     FEMALE                0.649      -0.626       0.000   34.59%       0.000      1.000      1.000
             610.000       0.228      -1.608       1.000   65.41%       1.000      1.000
     SBP_C167             -6.627       0.388     -67.000    0.16%     -27.000    -17.000     -7.000
             610.000     505.913       0.671      93.000    0.16%      -7.000     13.000


THE MODEL ESTIMATION TERMINATED NORMALLY



MODEL FIT INFORMATION

Number of Free Parameters                       14

Loglikelihood

          H0 Value                       -2670.333
          H0 Scaling Correction Factor      2.3154
            for MLR

Information Criteria

          Akaike (AIC)                    5368.666
          Bayesian (BIC)                  5425.944
          Sample-Size Adjusted BIC        5381.515
            (n* = (n + 2) / 24)



MODEL RESULTS

                                                    Two-Tailed
                    Estimate       S.E.  Est./S.E.    P-Value

 IA         ON
    AGE_C80           -0.280      0.050     -5.613      0.000
    EDU_C7             0.183      0.042      4.334      0.000
    FEMALE             1.003      0.327      3.066      0.002
    SBP_C167           0.016      0.006      2.700      0.007

 SA         ON
    AGE_C80           -0.037      0.019     -1.952      0.051
    EDU_C7             0.023      0.017      1.342      0.179
    FEMALE            -0.004      0.096     -0.043      0.966
    SBP_C167          -0.003      0.001     -1.881      0.060

 IA       WITH
    SA                 0.679      0.364      1.868      0.062

 Intercepts
    A_01               0.000      0.000    999.000    999.000
    A_02               0.000      0.000    999.000    999.000
    A_03               0.000      0.000    999.000    999.000
    IA                27.644      0.290     95.291      0.000
    SA                -0.060      0.096     -0.628      0.530

 Residual Variances
    A_01               4.303      0.856      5.028      0.000
    A_02               4.303      0.856      5.028      0.000
    A_03               4.303      0.856      5.028      0.000
    IA                 3.965      1.518      2.611      0.009
    SA                 0.142      0.179      0.790      0.430


QUALITY OF NUMERICAL RESULTS

     Condition Number for the Information Matrix              0.753E-05
       (ratio of smallest to largest eigenvalue)


CONFIDENCE INTERVALS OF MODEL RESULTS

                  Lower .5%  Lower 2.5%    Lower 5%    Estimate    Upper 5%  Upper 2.5%   Upper .5%

 IA       ON
    AGE_C80         -0.408      -0.377      -0.362      -0.280      -0.198      -0.182      -0.151
    EDU_C7           0.074       0.100       0.114       0.183       0.253       0.266       0.292
    FEMALE           0.161       0.362       0.465       1.003       1.542       1.645       1.846
    SBP_C167         0.001       0.004       0.006       0.016       0.025       0.027       0.031

 SA       ON
    AGE_C80         -0.085      -0.073      -0.067      -0.037      -0.006       0.000       0.012
    EDU_C7          -0.021      -0.011      -0.005       0.023       0.051       0.056       0.067
    FEMALE          -0.252      -0.193      -0.162      -0.004       0.154       0.184       0.243
    SBP_C167        -0.006      -0.006      -0.005      -0.003       0.000       0.000       0.001

 IA       WITH
    SA              -0.257      -0.033       0.081       0.679       1.278       1.392       1.616

 Intercepts
    A_01             0.000       0.000       0.000       0.000       0.000       0.000       0.000
    A_02             0.000       0.000       0.000       0.000       0.000       0.000       0.000
    A_03             0.000       0.000       0.000       0.000       0.000       0.000       0.000
    IA              26.897      27.075      27.167      27.644      28.121      28.212      28.391
    SA              -0.307      -0.248      -0.218      -0.060       0.098       0.128       0.187

 Residual Variances
    A_01             2.098       2.626       2.895       4.303       5.711       5.981       6.508
    A_02             2.098       2.626       2.895       4.303       5.711       5.981       6.508
    A_03             2.098       2.626       2.895       4.303       5.711       5.981       6.508
    IA               0.054       0.989       1.467       3.965       6.462       6.941       7.875
    SA              -0.320      -0.210      -0.153       0.142       0.437       0.493       0.604


SAMPLE STATISTICS FOR ESTIMATED FACTOR SCORES


     SAMPLE STATISTICS


           Means
              IA            IA_SE         SA            SA_SE
              ________      ________      ________      ________
 1             26.103         0.966        -0.380         0.207


           Covariances
              IA            IA_SE         SA            SA_SE
              ________      ________      ________      ________
 IA            11.236
 IA_SE         -0.063         0.049
 SA             1.920        -0.007         0.356
 SA_SE         -0.013         0.009        -0.001         0.002


           Correlations
              IA            IA_SE         SA            SA_SE
              ________      ________      ________      ________
 IA             1.000
 IA_SE         -0.085         1.000
 SA             0.960        -0.050         1.000
 SA_SE         -0.093         0.999        -0.059         1.000


RESULTS SAVING INFORMATION

  Order of data

    Parameter estimates
     (saved in order shown in Technical 1 output)
    Standard errors
     (saved in order shown in Technical 1 output)
    H0 Loglikelihood
    H0 Scaling Correction Factor for MLR
    Number of Free Parameters
    Akaike (AIC)
    Bayesian (BIC)
    Sample-Size Adjusted BIC

  Save file
    u1_123_aefb_mmse_results.dat

  Save file format           Free


PLOT INFORMATION

The following plots are available:

  Histograms (sample values, estimated factor scores)
  Scatterplots (sample values, estimated factor scores)
  Latent variable distribution plots

SAVEDATA INFORMATION


  Save file
    u1_123_aefb_mmse_fscores.dat

  Order and format of variables

    A_01           F10.3
    A_02           F10.3
    A_03           F10.3
    AGE_C80        F10.3
    EDU_C7         F10.3
    FEMALE         F10.3
    SBP_C167       F10.3
    TIME_01        F10.3
    TIME_02        F10.3
    TIME_03        F10.3
    _WEIGHT        F10.3
    IA             F10.3
    IA_SE          F10.3
    SA             F10.3
    SA_SE          F10.3
    PAIRID         I6

  Save file format
    15F10.3 I6

  Save file record length    10000


     Beginning Time:  11:51:09
        Ending Time:  11:51:17
       Elapsed Time:  00:00:08



MUTHEN & MUTHEN
3463 Stoner Ave.
Los Angeles, CA  90066

Tel: (310) 391-9971
Fax: (310) 391-8971
Web: www.StatModel.com
Support: Support@StatModel.com

Copyright (c) 1998-2014 Muthen & Muthen
