Mplus VERSION 7.3
MUTHEN & MUTHEN
12/17/2016   5:18 PM

INPUT INSTRUCTIONS

  TITLE:
  Script produced from the prototype in ./sandbox/syntax-creator/
  DATA:
  File = wide-dataset.dat ;
  VARIABLE:
  NAMES are
   Case PairID female age_c80 edu_c7 sbp_c167 smoke cardio diabetes dementia_ever
      years_since_bl_01 years_since_bl_02 years_since_bl_03 years_since_bl_04
      years_since_bl_05 pef_01 pef_02 pef_03 pef_04 pef_05 grip_01 grip_02 grip_03
      grip_04 grip_05 gait_01 gait_02 gait_03 gait_04 gait_05 block_01 block_02
      block_03 block_04 block_05 digitspanbackward_01 digitspanbackward_02
      digitspanbackward_03 digitspanbackward_04 digitspanbackward_05
      digitspanforward_01 digitspanforward_02 digitspanforward_03 digitspanforward_04
      digitspanforward_05 symbol_01 symbol_02 symbol_03 symbol_04 symbol_05 prose_01
      prose_02 prose_03 prose_04 prose_05 info_01 info_02 info_03 info_04 info_05
      synonyms_01 synonyms_02 synonyms_03 synonyms_04 synonyms_05 psif_01 psif_02
      psif_03 psif_04 psif_05 figure_01 figure_02 figure_03 figure_04 figure_05
      mirrecall_01 mirrecall_02 mirrecall_03 mirrecall_04 mirrecall_05 mmse_01 mmse_02
      mmse_03 mmse_04 mmse_05 mirnaming_01 mirnaming_02 mirnaming_03 mirnaming_04
      mirnaming_05 mirrecog_01 mirrecog_02 mirrecog_03 mirrecog_04 mirrecog_05
      clock_01 clock_02 clock_03 clock_04 clock_05
  	;
  Missing are all (-9999);
  USEVARIABLES are
  	!define the variables used in the analysis
  	! covariates used in the model
  age_c80
  edu_c7
  female
  sbp_c167	
  	!estimated time points
  time_01
  time_03
  time_05
  	!modelled time points of process (A)
  a_01
  a_03
  a_05
  ;
  TSCORES are
  	!estimated time points
  time_01
  time_03
  time_05;
  CLUSTER = PairID;
  SUBPOPULATION are
  	!select a subset of observations
  dementia_ever NE 1
  ;
  DEFINE:
  	! assign variables to the process (A)
  a_01 = mmse_01;
  a_03 = mmse_03;
  a_05 = mmse_05;
  	!assign variables to time points
  time_01 = years_since_bl_01;
  time_03 = years_since_bl_03;
  time_05 = years_since_bl_05;
  	
  ANALYSIS: TYPE = RANDOM COMPLEX;
  COVERAGE=.00;
  MODEL:
  	!first-level equation
  	! assign process (A) to time points
  ia sa | a_01 AT time_01 ;
  ia sa | a_03 AT time_03 ;
  ia sa | a_05 AT time_05 ;
  	!variance of the first-level terms
  ia (v_ia);
  sa (v_sa);
  	!covariance among first-level terms
  ia WITH sa (c_iasa);
  	!second-level equation
  ia sa ON age_c80
  edu_c7
  female
  sbp_c167;
  	!residual covariance of process (A)
  a_01 (res_a);
  a_03 (res_a);
  a_05 (res_a);	
  SAVEDATA:
  FILE is   u1_135_aefb_mmse_fscores.dat;
  SAVE = FSCORES;
  RESULTS are   u1_135_aefb_mmse_results.dat;
  	
  OUTPUT: sampstat cinterval;
  PLOT: Type is Plot1 Plot2 Plot3;



*** WARNING
  Data set contains cases with missing on x-variables.
  These cases were not included in the analysis.
  Number of cases with missing on x-variables:  92
   1 WARNING(S) FOUND IN THE INPUT INSTRUCTIONS




Script produced from the prototype in ./sandbox/syntax-creator/

SUMMARY OF ANALYSIS

Number of groups                                                 1
Number of observations                                         442

Number of dependent variables                                    3
Number of independent variables                                  4
Number of continuous latent variables                            2

Observed dependent variables

  Continuous
   A_01        A_03        A_05

Observed independent variables
   AGE_C80     EDU_C7      FEMALE      SBP_C167

Continuous latent variables
   IA          SA

Variables with special functions

  Cluster variable      PAIRID
  Weight variable       _WEIGHT

  Time scores
   TIME_01     TIME_03     TIME_05


Estimator                                                      MLR
Information matrix                                        OBSERVED
Maximum number of iterations                                   100
Convergence criterion                                    0.100D-05
Maximum number of EM iterations                                500
Convergence criteria for the EM algorithm
  Loglikelihood change                                   0.100D-02
  Relative loglikelihood change                          0.100D-05
  Derivative                                             0.100D-03
Minimum variance                                         0.100D-03
Maximum number of steepest descent iterations                   20
Maximum number of iterations for H1                           2000
Convergence criterion for H1                             0.100D-03
Optimization algorithm                                         EMA

Input data file(s)
  wide-dataset.dat
Input data format  FREE



SAMPLE STATISTICS


     ESTIMATED SAMPLE STATISTICS


           Means
              A_01          A_03          A_05          AGE_C80       EDU_C7
              ________      ________      ________      ________      ________
 1             27.346        26.895        23.378         3.383         0.296


           Means
              FEMALE        SBP_C167
              ________      ________
 1              0.649        -6.627


           Covariances
              A_01          A_03          A_05          AGE_C80       EDU_C7
              ________      ________      ________      ________      ________
 A_01           8.905
 A_03           7.186        14.559
 A_05           8.989        15.925        38.104
 AGE_C80       -2.744        -4.039        -5.663         9.281
 EDU_C7         1.158         1.805         1.762        -0.551         6.145
 FEMALE         0.176         0.107         0.397         0.081        -0.116
 SBP_C167      10.188         4.299        11.664        -6.491         1.292


           Covariances
              FEMALE        SBP_C167
              ________      ________
 FEMALE         0.228
 SBP_C167       0.708       505.913


           Correlations
              A_01          A_03          A_05          AGE_C80       EDU_C7
              ________      ________      ________      ________      ________
 A_01           1.000
 A_03           0.631         1.000
 A_05           0.488         0.676         1.000
 AGE_C80       -0.302        -0.347        -0.301         1.000
 EDU_C7         0.156         0.191         0.115        -0.073         1.000
 FEMALE         0.123         0.059         0.135         0.056        -0.098
 SBP_C167       0.152         0.050         0.084        -0.095         0.023


           Correlations
              FEMALE        SBP_C167
              ________      ________
 FEMALE         1.000
 SBP_C167       0.066         1.000


     MAXIMUM LOG-LIKELIHOOD VALUE FOR THE UNRESTRICTED (H1) MODEL IS -9271.319


UNIVARIATE HIGHER-ORDER MOMENT DESCRIPTIVE STATISTICS


     UNIVARIATE HIGHER-ORDER MOMENT DESCRIPTIVE STATISTICS

         Variable/         Mean/     Skewness/   Minimum/ % with                Percentiles
        Sample Size      Variance    Kurtosis    Maximum  Min/Max      20%/60%    40%/80%    Median

     A_01                 27.346      -2.655       1.000    0.16%      24.000     27.000     28.000
             610.000       8.905      13.320      30.000   14.10%      28.000     29.000
     A_03                 27.276      -2.267       0.000    1.75%      21.000     26.000     28.000
             399.000      12.560       6.627      30.000   21.05%      28.000     30.000
     A_05                 24.789      -1.628       0.000    4.15%      15.000     23.000     25.000
             217.000      29.698       2.937      30.000   10.60%      27.000     29.000
     AGE_C80               3.383       1.313      -0.630    0.16%       0.887      1.827      2.454
             610.000       9.281       2.031      17.918    0.16%       3.269      5.825
     EDU_C7                0.296       2.204      -7.000    0.16%      -1.000     -1.000     -1.000
             610.000       6.145       7.378      16.000    0.16%       0.000      1.000
     FEMALE                0.649      -0.626       0.000   34.59%       0.000      1.000      1.000
             610.000       0.228      -1.608       1.000   65.41%       1.000      1.000
     SBP_C167             -6.627       0.388     -67.000    0.16%     -27.000    -17.000     -7.000
             610.000     505.913       0.671      93.000    0.16%      -7.000     13.000


THE MODEL ESTIMATION TERMINATED NORMALLY



MODEL FIT INFORMATION

Number of Free Parameters                       14

Loglikelihood

          H0 Value                       -2327.227
          H0 Scaling Correction Factor      1.6869
            for MLR

Information Criteria

          Akaike (AIC)                    4682.453
          Bayesian (BIC)                  4739.731
          Sample-Size Adjusted BIC        4695.302
            (n* = (n + 2) / 24)



MODEL RESULTS

                                                    Two-Tailed
                    Estimate       S.E.  Est./S.E.    P-Value

 IA         ON
    AGE_C80           -0.298      0.052     -5.784      0.000
    EDU_C7             0.185      0.043      4.272      0.000
    FEMALE             0.870      0.327      2.659      0.008
    SBP_C167           0.012      0.006      2.082      0.037

 SA         ON
    AGE_C80           -0.024      0.020     -1.225      0.220
    EDU_C7             0.018      0.017      1.046      0.296
    FEMALE            -0.013      0.098     -0.133      0.894
    SBP_C167          -0.001      0.002     -0.445      0.656

 IA       WITH
    SA                 0.309      0.238      1.301      0.193

 Intercepts
    A_01               0.000      0.000    999.000    999.000
    A_03               0.000      0.000    999.000    999.000
    A_05               0.000      0.000    999.000    999.000
    IA                28.071      0.282     99.474      0.000
    SA                -0.283      0.098     -2.900      0.004

 Residual Variances
    A_01               6.165      0.953      6.469      0.000
    A_03               6.165      0.953      6.469      0.000
    A_05               6.165      0.953      6.469      0.000
    IA                 2.080      1.480      1.405      0.160
    SA                 0.196      0.040      4.891      0.000


QUALITY OF NUMERICAL RESULTS

     Condition Number for the Information Matrix              0.465E-04
       (ratio of smallest to largest eigenvalue)


CONFIDENCE INTERVALS OF MODEL RESULTS

                  Lower .5%  Lower 2.5%    Lower 5%    Estimate    Upper 5%  Upper 2.5%   Upper .5%

 IA       ON
    AGE_C80         -0.431      -0.400      -0.383      -0.298      -0.214      -0.197      -0.166
    EDU_C7           0.074       0.100       0.114       0.185       0.256       0.270       0.297
    FEMALE           0.027       0.229       0.332       0.870       1.408       1.512       1.713
    SBP_C167        -0.003       0.001       0.003       0.012       0.022       0.024       0.028

 SA       ON
    AGE_C80         -0.075      -0.063      -0.057      -0.024       0.008       0.015       0.027
    EDU_C7          -0.026      -0.015      -0.010       0.018       0.045       0.050       0.061
    FEMALE          -0.265      -0.205      -0.174      -0.013       0.148       0.179       0.239
    SBP_C167        -0.005      -0.004      -0.003      -0.001       0.002       0.003       0.004

 IA       WITH
    SA              -0.303      -0.157      -0.082       0.309       0.700       0.775       0.921

 Intercepts
    A_01             0.000       0.000       0.000       0.000       0.000       0.000       0.000
    A_03             0.000       0.000       0.000       0.000       0.000       0.000       0.000
    A_05             0.000       0.000       0.000       0.000       0.000       0.000       0.000
    IA              27.344      27.518      27.607      28.071      28.535      28.624      28.798
    SA              -0.534      -0.474      -0.443      -0.283      -0.122      -0.092      -0.032

 Residual Variances
    A_01             3.710       4.297       4.597       6.165       7.732       8.032       8.619
    A_03             3.710       4.297       4.597       6.165       7.732       8.032       8.619
    A_05             3.710       4.297       4.597       6.165       7.732       8.032       8.619
    IA              -1.733      -0.821      -0.355       2.080       4.515       4.982       5.893
    SA               0.093       0.118       0.130       0.196       0.263       0.275       0.300


SAMPLE STATISTICS FOR ESTIMATED FACTOR SCORES


     SAMPLE STATISTICS


           Means
              IA            IA_SE         SA            SA_SE
              ________      ________      ________      ________
 1             26.948         1.084        -0.553         0.329


           Covariances
              IA            IA_SE         SA            SA_SE
              ________      ________      ________      ________
 IA             4.015
 IA_SE         -0.027         0.015
 SA             0.880         0.006         0.277
 SA_SE         -0.027         0.010         0.002         0.007


           Correlations
              IA            IA_SE         SA            SA_SE
              ________      ________      ________      ________
 IA             1.000
 IA_SE         -0.110         1.000
 SA             0.834         0.090         1.000
 SA_SE         -0.159         0.957         0.039         1.000


RESULTS SAVING INFORMATION

  Order of data

    Parameter estimates
     (saved in order shown in Technical 1 output)
    Standard errors
     (saved in order shown in Technical 1 output)
    H0 Loglikelihood
    H0 Scaling Correction Factor for MLR
    Number of Free Parameters
    Akaike (AIC)
    Bayesian (BIC)
    Sample-Size Adjusted BIC

  Save file
    u1_135_aefb_mmse_results.dat

  Save file format           Free


PLOT INFORMATION

The following plots are available:

  Histograms (sample values, estimated factor scores)
  Scatterplots (sample values, estimated factor scores)
  Latent variable distribution plots

SAVEDATA INFORMATION


  Save file
    u1_135_aefb_mmse_fscores.dat

  Order and format of variables

    A_01           F10.3
    A_03           F10.3
    A_05           F10.3
    AGE_C80        F10.3
    EDU_C7         F10.3
    FEMALE         F10.3
    SBP_C167       F10.3
    TIME_01        F10.3
    TIME_03        F10.3
    TIME_05        F10.3
    _WEIGHT        F10.3
    IA             F10.3
    IA_SE          F10.3
    SA             F10.3
    SA_SE          F10.3
    PAIRID         I6

  Save file format
    15F10.3 I6

  Save file record length    10000


     Beginning Time:  17:18:15
        Ending Time:  17:18:16
       Elapsed Time:  00:00:01



MUTHEN & MUTHEN
3463 Stoner Ave.
Los Angeles, CA  90066

Tel: (310) 391-9971
Fax: (310) 391-8971
Web: www.StatModel.com
Support: Support@StatModel.com

Copyright (c) 1998-2014 Muthen & Muthen
