Mplus VERSION 7.3
MUTHEN & MUTHEN
12/17/2016  11:51 AM

INPUT INSTRUCTIONS

  TITLE:
  Script produced from the prototype in ./sandbox/syntax-creator/
  DATA:
  File = wide-dataset.dat ;
  VARIABLE:
  NAMES are
   Case PairID female age_c80 edu_c7 sbp_c167 smoke cardio diabetes dementia_ever
      years_since_bl_01 years_since_bl_02 years_since_bl_03 years_since_bl_04
      years_since_bl_05 pef_01 pef_02 pef_03 pef_04 pef_05 grip_01 grip_02 grip_03
      grip_04 grip_05 gait_01 gait_02 gait_03 gait_04 gait_05 block_01 block_02
      block_03 block_04 block_05 digitspanbackward_01 digitspanbackward_02
      digitspanbackward_03 digitspanbackward_04 digitspanbackward_05
      digitspanforward_01 digitspanforward_02 digitspanforward_03 digitspanforward_04
      digitspanforward_05 symbol_01 symbol_02 symbol_03 symbol_04 symbol_05 prose_01
      prose_02 prose_03 prose_04 prose_05 info_01 info_02 info_03 info_04 info_05
      synonyms_01 synonyms_02 synonyms_03 synonyms_04 synonyms_05 psif_01 psif_02
      psif_03 psif_04 psif_05 figure_01 figure_02 figure_03 figure_04 figure_05
      mirrecall_01 mirrecall_02 mirrecall_03 mirrecall_04 mirrecall_05 mmse_01 mmse_02
      mmse_03 mmse_04 mmse_05 mirnaming_01 mirnaming_02 mirnaming_03 mirnaming_04
      mirnaming_05 mirrecog_01 mirrecog_02 mirrecog_03 mirrecog_04 mirrecog_05
      clock_01 clock_02 clock_03 clock_04 clock_05
  	;
  Missing are all (-9999);
  USEVARIABLES are
  	!define the variables used in the analysis
  	! covariates used in the model
  age_c80
  edu_c7
  female	
  	!estimated time points
  time_01
  time_02
  time_03
  	!modelled time points of process (A)
  a_01
  a_02
  a_03
  ;
  TSCORES are
  	!estimated time points
  time_01
  time_02
  time_03;
  CLUSTER = PairID;
  SUBPOPULATION are
  	!select a subset of observations
  dementia_ever NE 1
  ;
  DEFINE:
  	! assign variables to the process (A)
  a_01 = mmse_01;
  a_02 = mmse_02;
  a_03 = mmse_03;
  	!assign variables to time points
  time_01 = years_since_bl_01;
  time_02 = years_since_bl_02;
  time_03 = years_since_bl_03;
  	
  ANALYSIS: TYPE = RANDOM COMPLEX;
  COVERAGE=.00;
  MODEL:
  	!first-level equation
  	! assign process (A) to time points
  ia sa | a_01 AT time_01 ;
  ia sa | a_02 AT time_02 ;
  ia sa | a_03 AT time_03 ;
  	!variance of the first-level terms
  ia (v_ia);
  sa (v_sa);
  	!covariance among first-level terms
  ia WITH sa (c_iasa);
  	!second-level equation
  ia sa ON age_c80
  edu_c7
  female;
  	!residual covariance of process (A)
  a_01 (res_a);
  a_02 (res_a);
  a_03 (res_a);	
  SAVEDATA:
  FILE is   u1_123_aef_mmse_fscores.dat;
  SAVE = FSCORES;
  RESULTS are   u1_123_aef_mmse_results.dat;
  	
  OUTPUT: sampstat cinterval;
  PLOT: Type is Plot1 Plot2 Plot3;



*** WARNING
  Data set contains cases with missing on x-variables.
  These cases were not included in the analysis.
  Number of cases with missing on x-variables:  46
*** WARNING
  Data set contains cases with missing on all variables except
  x-variables.  These cases were not included in the analysis.
  Number of cases with missing on all variables except x-variables:  2
   2 WARNING(S) FOUND IN THE INPUT INSTRUCTIONS




Script produced from the prototype in ./sandbox/syntax-creator/

SUMMARY OF ANALYSIS

Number of groups                                                 1
Number of observations                                         468

Number of dependent variables                                    3
Number of independent variables                                  3
Number of continuous latent variables                            2

Observed dependent variables

  Continuous
   A_01        A_02        A_03

Observed independent variables
   AGE_C80     EDU_C7      FEMALE

Continuous latent variables
   IA          SA

Variables with special functions

  Cluster variable      PAIRID
  Weight variable       _WEIGHT

  Time scores
   TIME_01     TIME_02     TIME_03


Estimator                                                      MLR
Information matrix                                        OBSERVED
Maximum number of iterations                                   100
Convergence criterion                                    0.100D-05
Maximum number of EM iterations                                500
Convergence criteria for the EM algorithm
  Loglikelihood change                                   0.100D-02
  Relative loglikelihood change                          0.100D-05
  Derivative                                             0.100D-03
Minimum variance                                         0.100D-03
Maximum number of steepest descent iterations                   20
Maximum number of iterations for H1                           2000
Convergence criterion for H1                             0.100D-03
Optimization algorithm                                         EMA

Input data file(s)
  wide-dataset.dat
Input data format  FREE



SAMPLE STATISTICS


     ESTIMATED SAMPLE STATISTICS


           Means
              A_01          A_02          A_03          AGE_C80       EDU_C7
              ________      ________      ________      ________      ________
 1             27.072        26.433        26.376         3.407         0.297


           Means
              FEMALE
              ________
 1              0.650


           Covariances
              A_01          A_02          A_03          AGE_C80       EDU_C7
              ________      ________      ________      ________      ________
 A_01          11.200
 A_02           9.817        20.046
 A_03          10.517        15.489        20.749
 AGE_C80       -3.064        -3.993        -4.800         9.745
 EDU_C7         1.300         1.861         2.073        -0.663         6.063
 FEMALE         0.202         0.263         0.176         0.089        -0.122


           Covariances
              FEMALE
              ________
 FEMALE         0.228


           Correlations
              A_01          A_02          A_03          AGE_C80       EDU_C7
              ________      ________      ________      ________      ________
 A_01           1.000
 A_02           0.655         1.000
 A_03           0.690         0.759         1.000
 AGE_C80       -0.293        -0.286        -0.338         1.000
 EDU_C7         0.158         0.169         0.185        -0.086         1.000
 FEMALE         0.127         0.123         0.081         0.059        -0.104


           Correlations
              FEMALE
              ________
 FEMALE         1.000


     MAXIMUM LOG-LIKELIHOOD VALUE FOR THE UNRESTRICTED (H1) MODEL IS -7633.252


UNIVARIATE HIGHER-ORDER MOMENT DESCRIPTIVE STATISTICS


     UNIVARIATE HIGHER-ORDER MOMENT DESCRIPTIVE STATISTICS

         Variable/         Mean/     Skewness/   Minimum/ % with                Percentiles
        Sample Size      Variance    Kurtosis    Maximum  Min/Max      20%/60%    40%/80%    Median

     A_01                 27.099      -2.449       1.000    0.31%      23.000     27.000     27.000
             652.000      10.913       9.775      30.000   13.34%      28.000     29.000
     A_02                 26.817      -2.495       0.000    1.67%      21.000     26.000     27.000
             539.000      16.730       7.731      30.000   15.96%      28.000     29.000
     A_03                 27.117      -2.533       0.000    2.18%      20.000     26.000     27.000
             413.000      15.007       8.770      30.000   20.58%      28.000     30.000
     AGE_C80               3.407       1.395      -0.630    0.15%       0.887      1.827      2.458
             654.000       9.745       2.403      17.918    0.15%       3.301      5.978
     EDU_C7                0.297       2.195      -7.000    0.15%      -1.000     -1.000     -1.000
             654.000       6.063       7.310      16.000    0.15%       0.000      1.000
     FEMALE                0.650      -0.627       0.000   34.71%       0.000      1.000      1.000
             654.000       0.228      -1.607       1.000   65.29%       1.000      1.000


THE MODEL ESTIMATION TERMINATED NORMALLY



MODEL FIT INFORMATION

Number of Free Parameters                       12

Loglikelihood

          H0 Value                       -2874.750
          H0 Scaling Correction Factor      2.3301
            for MLR

Information Criteria

          Akaike (AIC)                    5773.501
          Bayesian (BIC)                  5823.282
          Sample-Size Adjusted BIC        5785.197
            (n* = (n + 2) / 24)



MODEL RESULTS

                                                    Two-Tailed
                    Estimate       S.E.  Est./S.E.    P-Value

 IA         ON
    AGE_C80           -0.307      0.055     -5.606      0.000
    EDU_C7             0.213      0.043      4.897      0.000
    FEMALE             1.184      0.368      3.218      0.001

 SA         ON
    AGE_C80           -0.044      0.020     -2.193      0.028
    EDU_C7             0.028      0.017      1.620      0.105
    FEMALE             0.028      0.098      0.287      0.774

 IA       WITH
    SA                 0.897      0.396      2.263      0.024

 Intercepts
    A_01               0.000      0.000    999.000    999.000
    A_02               0.000      0.000    999.000    999.000
    A_03               0.000      0.000    999.000    999.000
    IA                27.237      0.302     90.172      0.000
    SA                -0.074      0.102     -0.722      0.470

 Residual Variances
    A_01               4.771      0.921      5.181      0.000
    A_02               4.771      0.921      5.181      0.000
    A_03               4.771      0.921      5.181      0.000
    IA                 5.526      1.723      3.207      0.001
    SA                 0.177      0.209      0.846      0.397


QUALITY OF NUMERICAL RESULTS

     Condition Number for the Information Matrix              0.105E-02
       (ratio of smallest to largest eigenvalue)


CONFIDENCE INTERVALS OF MODEL RESULTS

                  Lower .5%  Lower 2.5%    Lower 5%    Estimate    Upper 5%  Upper 2.5%   Upper .5%

 IA       ON
    AGE_C80         -0.448      -0.414      -0.397      -0.307      -0.217      -0.200      -0.166
    EDU_C7           0.101       0.128       0.141       0.213       0.284       0.298       0.325
    FEMALE           0.236       0.463       0.579       1.184       1.789       1.904       2.131

 SA       ON
    AGE_C80         -0.095      -0.083      -0.076      -0.044      -0.011      -0.005       0.008
    EDU_C7          -0.016      -0.006       0.000       0.028       0.056       0.061       0.072
    FEMALE          -0.225      -0.165      -0.134       0.028       0.190       0.221       0.282

 IA       WITH
    SA              -0.124       0.120       0.245       0.897       1.549       1.673       1.917

 Intercepts
    A_01             0.000       0.000       0.000       0.000       0.000       0.000       0.000
    A_02             0.000       0.000       0.000       0.000       0.000       0.000       0.000
    A_03             0.000       0.000       0.000       0.000       0.000       0.000       0.000
    IA              26.459      26.645      26.740      27.237      27.733      27.829      28.015
    SA              -0.337      -0.274      -0.242      -0.074       0.094       0.126       0.189

 Residual Variances
    A_01             2.399       2.966       3.256       4.771       6.286       6.576       7.144
    A_02             2.399       2.966       3.256       4.771       6.286       6.576       7.144
    A_03             2.399       2.966       3.256       4.771       6.286       6.576       7.144
    IA               1.087       2.148       2.691       5.526       8.361       8.904       9.965
    SA              -0.362      -0.233      -0.167       0.177       0.522       0.588       0.716


SAMPLE STATISTICS FOR ESTIMATED FACTOR SCORES


     SAMPLE STATISTICS


           Means
              IA            IA_SE         SA            SA_SE
              ________      ________      ________      ________
 1             25.660         1.072        -0.434         0.223


           Covariances
              IA            IA_SE         SA            SA_SE
              ________      ________      ________      ________
 IA            14.380
 IA_SE         -0.129         0.068
 SA             2.421        -0.018         0.416
 SA_SE         -0.024         0.012        -0.003         0.002


           Correlations
              IA            IA_SE         SA            SA_SE
              ________      ________      ________      ________
 IA             1.000
 IA_SE         -0.130         1.000
 SA             0.990        -0.108         1.000
 SA_SE         -0.137         0.998        -0.114         1.000


RESULTS SAVING INFORMATION

  Order of data

    Parameter estimates
     (saved in order shown in Technical 1 output)
    Standard errors
     (saved in order shown in Technical 1 output)
    H0 Loglikelihood
    H0 Scaling Correction Factor for MLR
    Number of Free Parameters
    Akaike (AIC)
    Bayesian (BIC)
    Sample-Size Adjusted BIC

  Save file
    u1_123_aef_mmse_results.dat

  Save file format           Free


PLOT INFORMATION

The following plots are available:

  Histograms (sample values, estimated factor scores)
  Scatterplots (sample values, estimated factor scores)
  Latent variable distribution plots

SAVEDATA INFORMATION


  Save file
    u1_123_aef_mmse_fscores.dat

  Order and format of variables

    A_01           F10.3
    A_02           F10.3
    A_03           F10.3
    AGE_C80        F10.3
    EDU_C7         F10.3
    FEMALE         F10.3
    TIME_01        F10.3
    TIME_02        F10.3
    TIME_03        F10.3
    _WEIGHT        F10.3
    IA             F10.3
    IA_SE          F10.3
    SA             F10.3
    SA_SE          F10.3
    PAIRID         I6

  Save file format
    14F10.3 I6

  Save file record length    10000


     Beginning Time:  11:51:05
        Ending Time:  11:51:09
       Elapsed Time:  00:00:04



MUTHEN & MUTHEN
3463 Stoner Ave.
Los Angeles, CA  90066

Tel: (310) 391-9971
Fax: (310) 391-8971
Web: www.StatModel.com
Support: Support@StatModel.com

Copyright (c) 1998-2014 Muthen & Muthen
