Mplus VERSION 7.3
MUTHEN & MUTHEN
12/17/2016  11:50 AM

INPUT INSTRUCTIONS

  TITLE:
  Script produced from the prototype in ./sandbox/syntax-creator/
  DATA:
  File = wide-dataset.dat ;
  VARIABLE:
  NAMES are
   Case PairID female age_c80 edu_c7 sbp_c167 smoke cardio diabetes dementia_ever
      years_since_bl_01 years_since_bl_02 years_since_bl_03 years_since_bl_04
      years_since_bl_05 pef_01 pef_02 pef_03 pef_04 pef_05 grip_01 grip_02 grip_03
      grip_04 grip_05 gait_01 gait_02 gait_03 gait_04 gait_05 block_01 block_02
      block_03 block_04 block_05 digitspanbackward_01 digitspanbackward_02
      digitspanbackward_03 digitspanbackward_04 digitspanbackward_05
      digitspanforward_01 digitspanforward_02 digitspanforward_03 digitspanforward_04
      digitspanforward_05 symbol_01 symbol_02 symbol_03 symbol_04 symbol_05 prose_01
      prose_02 prose_03 prose_04 prose_05 info_01 info_02 info_03 info_04 info_05
      synonyms_01 synonyms_02 synonyms_03 synonyms_04 synonyms_05 psif_01 psif_02
      psif_03 psif_04 psif_05 figure_01 figure_02 figure_03 figure_04 figure_05
      mirrecall_01 mirrecall_02 mirrecall_03 mirrecall_04 mirrecall_05 mmse_01 mmse_02
      mmse_03 mmse_04 mmse_05 mirnaming_01 mirnaming_02 mirnaming_03 mirnaming_04
      mirnaming_05 mirrecog_01 mirrecog_02 mirrecog_03 mirrecog_04 mirrecog_05
      clock_01 clock_02 clock_03 clock_04 clock_05
  	;
  Missing are all (-9999);
  USEVARIABLES are
  	!define the variables used in the analysis
  	! covariates used in the model
  age_c80
  edu_c7
  female
  sbp_c167	
  	!estimated time points
  time_01
  time_03
  time_04
  time_05
  	!modelled time points of process (A)
  a_01
  a_03
  a_04
  a_05
  ;
  TSCORES are
  	!estimated time points
  time_01
  time_03
  time_04
  time_05;
  CLUSTER = PairID;
  SUBPOPULATION are
  	!select a subset of observations
  dementia_ever NE 1
  ;
  DEFINE:
  	! assign variables to the process (A)
  a_01 = mmse_01;
  a_03 = mmse_03;
  a_04 = mmse_04;
  a_05 = mmse_05;
  	!assign variables to time points
  time_01 = years_since_bl_01;
  time_03 = years_since_bl_03;
  time_04 = years_since_bl_04;
  time_05 = years_since_bl_05;
  	
  ANALYSIS: TYPE = RANDOM COMPLEX;
  COVERAGE=.00;
  MODEL:
  	!first-level equation
  	! assign process (A) to time points
  ia sa | a_01 AT time_01 ;
  ia sa | a_03 AT time_03 ;
  ia sa | a_04 AT time_04 ;
  ia sa | a_05 AT time_05 ;
  	!variance of the first-level terms
  ia (v_ia);
  sa (v_sa);
  	!covariance among first-level terms
  ia WITH sa (c_iasa);
  	!second-level equation
  ia sa ON age_c80
  edu_c7
  female
  sbp_c167;
  	!residual covariance of process (A)
  a_01 (res_a);
  a_03 (res_a);
  a_04 (res_a);
  a_05 (res_a);	
  SAVEDATA:
  FILE is   u1_1345_aefb_mmse_fscores.dat;
  SAVE = FSCORES;
  RESULTS are   u1_1345_aefb_mmse_results.dat;
  	
  OUTPUT: sampstat cinterval;
  PLOT: Type is Plot1 Plot2 Plot3;



*** WARNING
  Data set contains cases with missing on x-variables.
  These cases were not included in the analysis.
  Number of cases with missing on x-variables:  92
   1 WARNING(S) FOUND IN THE INPUT INSTRUCTIONS




Script produced from the prototype in ./sandbox/syntax-creator/

SUMMARY OF ANALYSIS

Number of groups                                                 1
Number of observations                                         442

Number of dependent variables                                    4
Number of independent variables                                  4
Number of continuous latent variables                            2

Observed dependent variables

  Continuous
   A_01        A_03        A_04        A_05

Observed independent variables
   AGE_C80     EDU_C7      FEMALE      SBP_C167

Continuous latent variables
   IA          SA

Variables with special functions

  Cluster variable      PAIRID
  Weight variable       _WEIGHT

  Time scores
   TIME_01     TIME_03     TIME_04     TIME_05


Estimator                                                      MLR
Information matrix                                        OBSERVED
Maximum number of iterations                                   100
Convergence criterion                                    0.100D-05
Maximum number of EM iterations                                500
Convergence criteria for the EM algorithm
  Loglikelihood change                                   0.100D-02
  Relative loglikelihood change                          0.100D-05
  Derivative                                             0.100D-03
Minimum variance                                         0.100D-03
Maximum number of steepest descent iterations                   20
Maximum number of iterations for H1                           2000
Convergence criterion for H1                             0.100D-03
Optimization algorithm                                         EMA

Input data file(s)
  wide-dataset.dat
Input data format  FREE



SAMPLE STATISTICS


     ESTIMATED SAMPLE STATISTICS


           Means
              A_01          A_03          A_04          A_05          AGE_C80
              ________      ________      ________      ________      ________
 1             27.346        26.895        25.563        22.975         3.383


           Means
              EDU_C7        FEMALE        SBP_C167
              ________      ________      ________
 1              0.296         0.649        -6.627


           Covariances
              A_01          A_03          A_04          A_05          AGE_C80
              ________      ________      ________      ________      ________
 A_01           8.905
 A_03           7.186        14.559
 A_04           8.724        15.088        25.840
 A_05           9.481        16.426        26.869        43.117
 AGE_C80       -2.744        -4.039        -6.614        -7.094         9.281
 EDU_C7         1.158         1.805         1.658         1.962        -0.551
 FEMALE         0.176         0.107         0.126         0.413         0.081
 SBP_C167      10.188         4.299         0.956         9.151        -6.491


           Covariances
              EDU_C7        FEMALE        SBP_C167
              ________      ________      ________
 EDU_C7         6.145
 FEMALE        -0.116         0.228
 SBP_C167       1.292         0.708       505.913


           Correlations
              A_01          A_03          A_04          A_05          AGE_C80
              ________      ________      ________      ________      ________
 A_01           1.000
 A_03           0.631         1.000
 A_04           0.575         0.778         1.000
 A_05           0.484         0.656         0.805         1.000
 AGE_C80       -0.302        -0.347        -0.427        -0.355         1.000
 EDU_C7         0.156         0.191         0.132         0.121        -0.073
 FEMALE         0.123         0.059         0.052         0.132         0.056
 SBP_C167       0.152         0.050         0.008         0.062        -0.095


           Correlations
              EDU_C7        FEMALE        SBP_C167
              ________      ________      ________
 EDU_C7         1.000
 FEMALE        -0.098         1.000
 SBP_C167       0.023         0.066         1.000


     MAXIMUM LOG-LIKELIHOOD VALUE FOR THE UNRESTRICTED (H1) MODEL IS -9988.342


UNIVARIATE HIGHER-ORDER MOMENT DESCRIPTIVE STATISTICS


     UNIVARIATE HIGHER-ORDER MOMENT DESCRIPTIVE STATISTICS

         Variable/         Mean/     Skewness/   Minimum/ % with                Percentiles
        Sample Size      Variance    Kurtosis    Maximum  Min/Max      20%/60%    40%/80%    Median

     A_01                 27.346      -2.655       1.000    0.16%      24.000     27.000     28.000
             610.000       8.905      13.320      30.000   14.10%      28.000     29.000
     A_03                 27.276      -2.267       0.000    1.75%      21.000     26.000     28.000
             399.000      12.560       6.627      30.000   21.05%      28.000     30.000
     A_04                 26.616      -2.404       0.000    2.03%      19.000     26.000     27.000
             295.000      19.144       7.119      30.000   18.64%      28.000     29.000
     A_05                 24.789      -1.628       0.000    4.15%      15.000     23.000     25.000
             217.000      29.698       2.937      30.000   10.60%      27.000     29.000
     AGE_C80               3.383       1.313      -0.630    0.16%       0.887      1.827      2.454
             610.000       9.281       2.031      17.918    0.16%       3.269      5.825
     EDU_C7                0.296       2.204      -7.000    0.16%      -1.000     -1.000     -1.000
             610.000       6.145       7.378      16.000    0.16%       0.000      1.000
     FEMALE                0.649      -0.626       0.000   34.59%       0.000      1.000      1.000
             610.000       0.228      -1.608       1.000   65.41%       1.000      1.000
     SBP_C167             -6.627       0.388     -67.000    0.16%     -27.000    -17.000     -7.000
             610.000     505.913       0.671      93.000    0.16%      -7.000     13.000


THE MODEL ESTIMATION TERMINATED NORMALLY



MODEL FIT INFORMATION

Number of Free Parameters                       14

Loglikelihood

          H0 Value                       -2871.632
          H0 Scaling Correction Factor      1.8260
            for MLR

Information Criteria

          Akaike (AIC)                    5771.263
          Bayesian (BIC)                  5828.541
          Sample-Size Adjusted BIC        5784.112
            (n* = (n + 2) / 24)



MODEL RESULTS

                                                    Two-Tailed
                    Estimate       S.E.  Est./S.E.    P-Value

 IA         ON
    AGE_C80           -0.295      0.051     -5.745      0.000
    EDU_C7             0.184      0.043      4.237      0.000
    FEMALE             0.870      0.330      2.639      0.008
    SBP_C167           0.013      0.006      2.118      0.034

 SA         ON
    AGE_C80           -0.042      0.018     -2.290      0.022
    EDU_C7             0.017      0.015      1.145      0.252
    FEMALE            -0.018      0.087     -0.212      0.832
    SBP_C167          -0.002      0.002     -1.135      0.256

 IA       WITH
    SA                 0.368      0.201      1.832      0.067

 Intercepts
    A_01               0.000      0.000    999.000    999.000
    A_03               0.000      0.000    999.000    999.000
    A_04               0.000      0.000    999.000    999.000
    A_05               0.000      0.000    999.000    999.000
    IA                28.100      0.285     98.746      0.000
    SA                -0.232      0.082     -2.818      0.005

 Residual Variances
    A_01               6.192      0.900      6.876      0.000
    A_03               6.192      0.900      6.876      0.000
    A_04               6.192      0.900      6.876      0.000
    A_05               6.192      0.900      6.876      0.000
    IA                 2.129      1.473      1.446      0.148
    SA                 0.177      0.040      4.384      0.000


QUALITY OF NUMERICAL RESULTS

     Condition Number for the Information Matrix              0.682E-04
       (ratio of smallest to largest eigenvalue)


CONFIDENCE INTERVALS OF MODEL RESULTS

                  Lower .5%  Lower 2.5%    Lower 5%    Estimate    Upper 5%  Upper 2.5%   Upper .5%

 IA       ON
    AGE_C80         -0.428      -0.396      -0.380      -0.295      -0.211      -0.195      -0.163
    EDU_C7           0.072       0.099       0.112       0.184       0.255       0.269       0.295
    FEMALE           0.021       0.224       0.328       0.870       1.413       1.517       1.720
    SBP_C167        -0.003       0.001       0.003       0.013       0.023       0.025       0.028

 SA       ON
    AGE_C80         -0.088      -0.077      -0.071      -0.042      -0.012      -0.006       0.005
    EDU_C7          -0.021      -0.012      -0.007       0.017       0.041       0.045       0.054
    FEMALE          -0.242      -0.188      -0.161      -0.018       0.124       0.152       0.205
    SBP_C167        -0.006      -0.005      -0.004      -0.002       0.001       0.001       0.002

 IA       WITH
    SA              -0.149      -0.026       0.038       0.368       0.699       0.762       0.886

 Intercepts
    A_01             0.000       0.000       0.000       0.000       0.000       0.000       0.000
    A_03             0.000       0.000       0.000       0.000       0.000       0.000       0.000
    A_04             0.000       0.000       0.000       0.000       0.000       0.000       0.000
    A_05             0.000       0.000       0.000       0.000       0.000       0.000       0.000
    IA              27.367      27.542      27.632      28.100      28.568      28.657      28.833
    SA              -0.444      -0.394      -0.368      -0.232      -0.097      -0.071      -0.020

 Residual Variances
    A_01             3.873       4.427       4.711       6.192       7.673       7.957       8.511
    A_03             3.873       4.427       4.711       6.192       7.673       7.957       8.511
    A_04             3.873       4.427       4.711       6.192       7.673       7.957       8.511
    A_05             3.873       4.427       4.711       6.192       7.673       7.957       8.511
    IA              -1.665      -0.758      -0.294       2.129       4.552       5.016       5.923
    SA               0.073       0.098       0.111       0.177       0.244       0.257       0.281


SAMPLE STATISTICS FOR ESTIMATED FACTOR SCORES


     SAMPLE STATISTICS


           Means
              IA            IA_SE         SA            SA_SE
              ________      ________      ________      ________
 1             26.895         1.034        -0.578         0.291


           Covariances
              IA            IA_SE         SA            SA_SE
              ________      ________      ________      ________
 IA             4.580
 IA_SE         -0.036         0.029
 SA             1.064         0.005         0.312
 SA_SE         -0.026         0.015         0.001         0.008


           Correlations
              IA            IA_SE         SA            SA_SE
              ________      ________      ________      ________
 IA             1.000
 IA_SE         -0.098         1.000
 SA             0.890         0.055         1.000
 SA_SE         -0.138         0.983         0.011         1.000


RESULTS SAVING INFORMATION

  Order of data

    Parameter estimates
     (saved in order shown in Technical 1 output)
    Standard errors
     (saved in order shown in Technical 1 output)
    H0 Loglikelihood
    H0 Scaling Correction Factor for MLR
    Number of Free Parameters
    Akaike (AIC)
    Bayesian (BIC)
    Sample-Size Adjusted BIC

  Save file
    u1_1345_aefb_mmse_results.dat

  Save file format           Free


PLOT INFORMATION

The following plots are available:

  Histograms (sample values, estimated factor scores)
  Scatterplots (sample values, estimated factor scores)
  Latent variable distribution plots

SAVEDATA INFORMATION


  Save file
    u1_1345_aefb_mmse_fscores.dat

  Order and format of variables

    A_01           F10.3
    A_03           F10.3
    A_04           F10.3
    A_05           F10.3
    AGE_C80        F10.3
    EDU_C7         F10.3
    FEMALE         F10.3
    SBP_C167       F10.3
    TIME_01        F10.3
    TIME_03        F10.3
    TIME_04        F10.3
    TIME_05        F10.3
    _WEIGHT        F10.3
    IA             F10.3
    IA_SE          F10.3
    SA             F10.3
    SA_SE          F10.3
    PAIRID         I6

  Save file format
    17F10.3 I6

  Save file record length    10000


     Beginning Time:  11:50:49
        Ending Time:  11:50:50
       Elapsed Time:  00:00:01



MUTHEN & MUTHEN
3463 Stoner Ave.
Los Angeles, CA  90066

Tel: (310) 391-9971
Fax: (310) 391-8971
Web: www.StatModel.com
Support: Support@StatModel.com

Copyright (c) 1998-2014 Muthen & Muthen
