Mplus VERSION 7.3
MUTHEN & MUTHEN
12/17/2016   6:05 PM

INPUT INSTRUCTIONS

  TITLE:
  Script produced from the prototype in ./sandbox/syntax-creator/
  DATA:
  File = wide-dataset.dat ;
  VARIABLE:
  NAMES are
   Case PairID female age_c80 edu_c7 sbp_c167 smoke cardio diabetes dementia_ever
      years_since_bl_01 years_since_bl_02 years_since_bl_03 years_since_bl_04
      years_since_bl_05 pef_01 pef_02 pef_03 pef_04 pef_05 grip_01 grip_02 grip_03
      grip_04 grip_05 gait_01 gait_02 gait_03 gait_04 gait_05 block_01 block_02
      block_03 block_04 block_05 digitspanbackward_01 digitspanbackward_02
      digitspanbackward_03 digitspanbackward_04 digitspanbackward_05
      digitspanforward_01 digitspanforward_02 digitspanforward_03 digitspanforward_04
      digitspanforward_05 symbol_01 symbol_02 symbol_03 symbol_04 symbol_05 prose_01
      prose_02 prose_03 prose_04 prose_05 info_01 info_02 info_03 info_04 info_05
      synonyms_01 synonyms_02 synonyms_03 synonyms_04 synonyms_05 psif_01 psif_02
      psif_03 psif_04 psif_05 figure_01 figure_02 figure_03 figure_04 figure_05
      mirrecall_01 mirrecall_02 mirrecall_03 mirrecall_04 mirrecall_05 mmse_01 mmse_02
      mmse_03 mmse_04 mmse_05 mirnaming_01 mirnaming_02 mirnaming_03 mirnaming_04
      mirnaming_05 mirrecog_01 mirrecog_02 mirrecog_03 mirrecog_04 mirrecog_05
      clock_01 clock_02 clock_03 clock_04 clock_05
  	;
  Missing are all (-9999);
  USEVARIABLES are
  	!define the variables used in the analysis
  	! covariates used in the model
  age_c80
  edu_c7
  female	
  	!estimated time points
  time_01
  time_03
  time_05
  	!modelled time points of process (A)
  a_01
  a_03
  a_05
  ;
  TSCORES are
  	!estimated time points
  time_01
  time_03
  time_05;
  CLUSTER = PairID;
  SUBPOPULATION are
  	!select a subset of observations
  dementia_ever NE 1
  ;
  DEFINE:
  	! assign variables to the process (A)
  a_01 = mmse_01;
  a_03 = mmse_03;
  a_05 = mmse_05;
  	!assign variables to time points
  time_01 = years_since_bl_01;
  time_03 = years_since_bl_03;
  time_05 = years_since_bl_05;
  	
  ANALYSIS: TYPE = RANDOM COMPLEX;
  COVERAGE=.00;
  MODEL:
  	!first-level equation
  	! assign process (A) to time points
  ia sa qa | a_01 AT time_01 ;
  ia sa qa | a_03 AT time_03 ;
  ia sa qa | a_05 AT time_05 ;
  	!variance of the first-level terms
  ia (v_ia);
  sa (v_sa);
  qa (v_qa);
  	!covariance among first-level terms
  ia WITH sa (c_iasa);
  ia WITH qa (c_iaqa);
  sa WITH qa (c_saqa);
  	!second-level equation
  ia sa qa ON age_c80
  edu_c7
  female;
  	!residual covariance of process (A)
  a_01 (res_a);
  a_03 (res_a);
  a_05 (res_a);	
  SAVEDATA:
  FILE is   u2_135_aef_mmse_fscores.dat;
  SAVE = FSCORES;
  RESULTS are   u2_135_aef_mmse_results.dat;
  	
  OUTPUT: sampstat cinterval;
  PLOT: Type is Plot1 Plot2 Plot3;



*** WARNING
  Data set contains cases with missing on x-variables.
  These cases were not included in the analysis.
  Number of cases with missing on x-variables:  46
*** WARNING
  Data set contains cases with missing on all variables except
  x-variables.  These cases were not included in the analysis.
  Number of cases with missing on all variables except x-variables:  3
   2 WARNING(S) FOUND IN THE INPUT INSTRUCTIONS




Script produced from the prototype in ./sandbox/syntax-creator/

SUMMARY OF ANALYSIS

Number of groups                                                 1
Number of observations                                         467

Number of dependent variables                                    3
Number of independent variables                                  3
Number of continuous latent variables                            3

Observed dependent variables

  Continuous
   A_01        A_03        A_05

Observed independent variables
   AGE_C80     EDU_C7      FEMALE

Continuous latent variables
   IA          SA          QA

Variables with special functions

  Cluster variable      PAIRID
  Weight variable       _WEIGHT

  Time scores
   TIME_01     TIME_03     TIME_05


Estimator                                                      MLR
Information matrix                                        OBSERVED
Maximum number of iterations                                   100
Convergence criterion                                    0.100D-05
Maximum number of EM iterations                                500
Convergence criteria for the EM algorithm
  Loglikelihood change                                   0.100D-02
  Relative loglikelihood change                          0.100D-05
  Derivative                                             0.100D-03
Minimum variance                                         0.100D-03
Maximum number of steepest descent iterations                   20
Maximum number of iterations for H1                           2000
Convergence criterion for H1                             0.100D-03
Optimization algorithm                                         EMA

Input data file(s)
  wide-dataset.dat
Input data format  FREE



SAMPLE STATISTICS


     ESTIMATED SAMPLE STATISTICS


           Means
              A_01          A_03          A_05          AGE_C80       EDU_C7
              ________      ________      ________      ________      ________
 1             27.071        26.589        22.999         3.401         0.296


           Means
              FEMALE
              ________
 1              0.649


           Covariances
              A_01          A_03          A_05          AGE_C80       EDU_C7
              ________      ________      ________      ________      ________
 A_01          11.254
 A_03           9.821        18.213
 A_05          12.367        20.300        43.271
 AGE_C80       -3.076        -4.745        -6.470         9.748
 EDU_C7         1.306         2.013         1.999        -0.669         6.075
 FEMALE         0.204         0.165         0.452         0.087        -0.123


           Covariances
              FEMALE
              ________
 FEMALE         0.228


           Correlations
              A_01          A_03          A_05          AGE_C80       EDU_C7
              ________      ________      ________      ________      ________
 A_01           1.000
 A_03           0.686         1.000
 A_05           0.560         0.723         1.000
 AGE_C80       -0.294        -0.356        -0.315         1.000
 EDU_C7         0.158         0.191         0.123        -0.087         1.000
 FEMALE         0.128         0.081         0.144         0.058        -0.105


           Correlations
              FEMALE
              ________
 FEMALE         1.000


     MAXIMUM LOG-LIKELIHOOD VALUE FOR THE UNRESTRICTED (H1) MODEL IS -7013.712


UNIVARIATE HIGHER-ORDER MOMENT DESCRIPTIVE STATISTICS


     UNIVARIATE HIGHER-ORDER MOMENT DESCRIPTIVE STATISTICS

         Variable/         Mean/     Skewness/   Minimum/ % with                Percentiles
        Sample Size      Variance    Kurtosis    Maximum  Min/Max      20%/60%    40%/80%    Median

     A_01                 27.099      -2.449       1.000    0.31%      23.000     27.000     27.000
             652.000      10.913       9.775      30.000   13.34%      28.000     29.000
     A_03                 27.117      -2.533       0.000    2.18%      20.000     26.000     27.000
             413.000      15.007       8.770      30.000   20.58%      28.000     30.000
     A_05                 24.762      -1.610       0.000    4.11%      15.000     23.000     25.000
             219.000      29.658       2.888      30.000   10.50%      27.000     29.000
     AGE_C80               3.401       1.402      -0.630    0.15%       0.887      1.819      2.457
             653.000       9.748       2.420      17.918    0.15%       3.301      5.921
     EDU_C7                0.296       2.195      -7.000    0.15%      -1.000     -1.000     -1.000
             653.000       6.075       7.297      16.000    0.15%       0.000      1.000
     FEMALE                0.649      -0.624       0.000   34.76%       0.000      1.000      1.000
             653.000       0.228      -1.611       1.000   65.24%       1.000      1.000


THE MODEL ESTIMATION TERMINATED NORMALLY



MODEL FIT INFORMATION

Number of Free Parameters                       19

Loglikelihood

          H0 Value                       -2427.002
          H0 Scaling Correction Factor      1.9752
            for MLR

Information Criteria

          Akaike (AIC)                    4892.004
          Bayesian (BIC)                  4970.784
          Sample-Size Adjusted BIC        4910.483
            (n* = (n + 2) / 24)



MODEL RESULTS

                                                    Two-Tailed
                    Estimate       S.E.  Est./S.E.    P-Value

 IA         ON
    AGE_C80           -0.312      0.058     -5.374      0.000
    EDU_C7             0.204      0.044      4.618      0.000
    FEMALE             1.126      0.384      2.933      0.003

 SA         ON
    AGE_C80           -0.036      0.037     -0.981      0.327
    EDU_C7             0.039      0.029      1.360      0.174
    FEMALE            -0.177      0.168     -1.054      0.292

 QA         ON
    AGE_C80           -0.001      0.005     -0.164      0.870
    EDU_C7            -0.003      0.004     -0.783      0.434
    FEMALE             0.041      0.028      1.469      0.142

 IA       WITH
    SA                 0.205      7.659      0.027      0.979
    QA                 0.020      0.679      0.029      0.977

 SA       WITH
    QA                -0.039      0.978     -0.040      0.968

 Intercepts
    A_01               0.000      0.000    999.000    999.000
    A_03               0.000      0.000    999.000    999.000
    A_05               0.000      0.000    999.000    999.000
    IA                27.345      0.302     90.601      0.000
    SA                 0.509      0.202      2.513      0.012
    QA                -0.122      0.035     -3.452      0.001

 Residual Variances
    A_01               3.342     19.783      0.169      0.866
    A_03               3.342     19.783      0.169      0.866
    A_05               3.342     19.783      0.169      0.866
    IA                 6.475     20.074      0.323      0.747
    SA                 0.318      8.282      0.038      0.969
    QA                 0.010      0.125      0.082      0.934


QUALITY OF NUMERICAL RESULTS

     Condition Number for the Information Matrix              0.923E-08
       (ratio of smallest to largest eigenvalue)


CONFIDENCE INTERVALS OF MODEL RESULTS

                  Lower .5%  Lower 2.5%    Lower 5%    Estimate    Upper 5%  Upper 2.5%   Upper .5%

 IA       ON
    AGE_C80         -0.462      -0.426      -0.408      -0.312      -0.217      -0.198      -0.163
    EDU_C7           0.090       0.117       0.131       0.204       0.276       0.290       0.317
    FEMALE           0.137       0.373       0.494       1.126       1.757       1.878       2.114

 SA       ON
    AGE_C80         -0.131      -0.108      -0.097      -0.036       0.024       0.036       0.059
    EDU_C7          -0.035      -0.017      -0.008       0.039       0.086       0.095       0.113
    FEMALE          -0.610      -0.507      -0.454      -0.177       0.099       0.152       0.256

 QA       ON
    AGE_C80         -0.014      -0.011      -0.009      -0.001       0.007       0.009       0.012
    EDU_C7          -0.015      -0.012      -0.011      -0.003       0.004       0.005       0.008
    FEMALE          -0.031      -0.014      -0.005       0.041       0.088       0.097       0.114

 IA       WITH
    SA             -19.523     -14.807     -12.394       0.205      12.805      15.217      19.934
    QA              -1.728      -1.310      -1.097       0.020       1.136       1.350       1.768

 SA       WITH
    QA              -2.557      -1.955      -1.647      -0.039       1.569       1.877       2.479

 Intercepts
    A_01             0.000       0.000       0.000       0.000       0.000       0.000       0.000
    A_03             0.000       0.000       0.000       0.000       0.000       0.000       0.000
    A_05             0.000       0.000       0.000       0.000       0.000       0.000       0.000
    IA              26.567      26.753      26.848      27.345      27.841      27.936      28.122
    SA              -0.013       0.112       0.176       0.509       0.841       0.905       1.030
    QA              -0.213      -0.191      -0.180      -0.122      -0.064      -0.053      -0.031

 Residual Variances
    A_01           -47.615     -35.433     -29.201       3.342      35.886      42.117      54.300
    A_03           -47.615     -35.433     -29.201       3.342      35.886      42.117      54.300
    A_05           -47.615     -35.433     -29.201       3.342      35.886      42.117      54.300
    IA             -45.233     -32.871     -26.548       6.475      39.497      45.821      58.182
    SA             -21.016     -15.915     -13.307       0.318      13.942      16.550      21.651
    QA              -0.312      -0.235      -0.195       0.010       0.216       0.255       0.332


SAMPLE STATISTICS FOR ESTIMATED FACTOR SCORES


     SAMPLE STATISTICS


           Means
              IA            IA_SE         SA            SA_SE         QA
              ________      ________      ________      ________      ________
 1             25.790         1.307         0.150         0.521        -0.109


           Means
              QA_SE
              ________
 1              0.090


           Covariances
              IA            IA_SE         SA            SA_SE         QA
              ________      ________      ________      ________      ________
 IA            14.423
 IA_SE         -0.071         0.019
 SA             1.173         0.004         0.211
 SA_SE         -0.020         0.004         0.000         0.001
 QA             0.046         0.000        -0.003         0.000         0.003
 QA_SE         -0.015         0.001        -0.001         0.000         0.000


           Covariances
              QA_SE
              ________
 QA_SE          0.000


           Correlations
              IA            IA_SE         SA            SA_SE         QA
              ________      ________      ________      ________      ________
 IA             1.000
 IA_SE         -0.137         1.000
 SA             0.672         0.071         1.000
 SA_SE         -0.175         0.957         0.002         1.000
 QA             0.220         0.060        -0.107         0.047         1.000
 QA_SE         -0.249         0.558        -0.202         0.760         0.016


           Correlations
              QA_SE
              ________
 QA_SE          1.000


RESULTS SAVING INFORMATION

  Order of data

    Parameter estimates
     (saved in order shown in Technical 1 output)
    Standard errors
     (saved in order shown in Technical 1 output)
    H0 Loglikelihood
    H0 Scaling Correction Factor for MLR
    Number of Free Parameters
    Akaike (AIC)
    Bayesian (BIC)
    Sample-Size Adjusted BIC

  Save file
    u2_135_aef_mmse_results.dat

  Save file format           Free


PLOT INFORMATION

The following plots are available:

  Histograms (sample values, estimated factor scores)
  Scatterplots (sample values, estimated factor scores)
  Latent variable distribution plots

SAVEDATA INFORMATION


  Save file
    u2_135_aef_mmse_fscores.dat

  Order and format of variables

    A_01           F10.3
    A_03           F10.3
    A_05           F10.3
    AGE_C80        F10.3
    EDU_C7         F10.3
    FEMALE         F10.3
    TIME_01        F10.3
    TIME_03        F10.3
    TIME_05        F10.3
    _WEIGHT        F10.3
    IA             F10.3
    IA_SE          F10.3
    SA             F10.3
    SA_SE          F10.3
    QA             F10.3
    QA_SE          F10.3
    PAIRID         I6

  Save file format
    16F10.3 I6

  Save file record length    10000


     Beginning Time:  18:05:42
        Ending Time:  18:05:49
       Elapsed Time:  00:00:07



MUTHEN & MUTHEN
3463 Stoner Ave.
Los Angeles, CA  90066

Tel: (310) 391-9971
Fax: (310) 391-8971
Web: www.StatModel.com
Support: Support@StatModel.com

Copyright (c) 1998-2014 Muthen & Muthen
