Mplus VERSION 7.3
MUTHEN & MUTHEN
12/17/2016   6:25 PM

INPUT INSTRUCTIONS

  TITLE:
  Script produced from the prototype in ./sandbox/syntax-creator/
  DATA:
  File = wide-dataset.dat ;
  VARIABLE:
  NAMES are
   Case PairID female age_c80 edu_c7 sbp_c167 smoke cardio diabetes dementia_ever
      years_since_bl_01 years_since_bl_02 years_since_bl_03 years_since_bl_04
      years_since_bl_05 pef_01 pef_02 pef_03 pef_04 pef_05 grip_01 grip_02 grip_03
      grip_04 grip_05 gait_01 gait_02 gait_03 gait_04 gait_05 block_01 block_02
      block_03 block_04 block_05 digitspanbackward_01 digitspanbackward_02
      digitspanbackward_03 digitspanbackward_04 digitspanbackward_05
      digitspanforward_01 digitspanforward_02 digitspanforward_03 digitspanforward_04
      digitspanforward_05 symbol_01 symbol_02 symbol_03 symbol_04 symbol_05 prose_01
      prose_02 prose_03 prose_04 prose_05 info_01 info_02 info_03 info_04 info_05
      synonyms_01 synonyms_02 synonyms_03 synonyms_04 synonyms_05 psif_01 psif_02
      psif_03 psif_04 psif_05 figure_01 figure_02 figure_03 figure_04 figure_05
      mirrecall_01 mirrecall_02 mirrecall_03 mirrecall_04 mirrecall_05 mmse_01 mmse_02
      mmse_03 mmse_04 mmse_05 mirnaming_01 mirnaming_02 mirnaming_03 mirnaming_04
      mirnaming_05 mirrecog_01 mirrecog_02 mirrecog_03 mirrecog_04 mirrecog_05
      clock_01 clock_02 clock_03 clock_04 clock_05
  	;
  Missing are all (-9999);
  USEVARIABLES are
  	!define the variables used in the analysis
  	! covariates used in the model
  age_c80
  edu_c7
  female
  sbp_c167	
  	!estimated time points
  time_01
  time_03
  time_04
  	!modelled time points of process (A)
  a_01
  a_03
  a_04
  ;
  TSCORES are
  	!estimated time points
  time_01
  time_03
  time_04;
  CLUSTER = PairID;
  SUBPOPULATION are
  	!select a subset of observations
  dementia_ever NE 1
  ;
  DEFINE:
  	! assign variables to the process (A)
  a_01 = mmse_01;
  a_03 = mmse_03;
  a_04 = mmse_04;
  	!assign variables to time points
  time_01 = years_since_bl_01;
  time_03 = years_since_bl_03;
  time_04 = years_since_bl_04;
  	
  ANALYSIS: TYPE = RANDOM COMPLEX;
  COVERAGE=.00;
  MODEL:
  	!first-level equation
  	! assign process (A) to time points
  ia sa qa | a_01 AT time_01 ;
  ia sa qa | a_03 AT time_03 ;
  ia sa qa | a_04 AT time_04 ;
  	!variance of the first-level terms
  ia (v_ia);
  sa (v_sa);
  qa (v_qa);
  	!covariance among first-level terms
  ia WITH sa (c_iasa);
  ia WITH qa (c_iaqa);
  sa WITH qa (c_saqa);
  	!second-level equation
  ia sa qa ON age_c80
  edu_c7
  female
  sbp_c167;
  	!residual covariance of process (A)
  a_01 (res_a);
  a_03 (res_a);
  a_04 (res_a);	
  SAVEDATA:
  FILE is   u2_134_aefb_mmse_fscores.dat;
  SAVE = FSCORES;
  RESULTS are   u2_134_aefb_mmse_results.dat;
  	
  OUTPUT: sampstat cinterval;
  PLOT: Type is Plot1 Plot2 Plot3;



*** WARNING
  Data set contains cases with missing on x-variables.
  These cases were not included in the analysis.
  Number of cases with missing on x-variables:  92
   1 WARNING(S) FOUND IN THE INPUT INSTRUCTIONS




Script produced from the prototype in ./sandbox/syntax-creator/

SUMMARY OF ANALYSIS

Number of groups                                                 1
Number of observations                                         442

Number of dependent variables                                    3
Number of independent variables                                  4
Number of continuous latent variables                            3

Observed dependent variables

  Continuous
   A_01        A_03        A_04

Observed independent variables
   AGE_C80     EDU_C7      FEMALE      SBP_C167

Continuous latent variables
   IA          SA          QA

Variables with special functions

  Cluster variable      PAIRID
  Weight variable       _WEIGHT

  Time scores
   TIME_01     TIME_03     TIME_04


Estimator                                                      MLR
Information matrix                                        OBSERVED
Maximum number of iterations                                   100
Convergence criterion                                    0.100D-05
Maximum number of EM iterations                                500
Convergence criteria for the EM algorithm
  Loglikelihood change                                   0.100D-02
  Relative loglikelihood change                          0.100D-05
  Derivative                                             0.100D-03
Minimum variance                                         0.100D-03
Maximum number of steepest descent iterations                   20
Maximum number of iterations for H1                           2000
Convergence criterion for H1                             0.100D-03
Optimization algorithm                                         EMA

Input data file(s)
  wide-dataset.dat
Input data format  FREE



SAMPLE STATISTICS


     ESTIMATED SAMPLE STATISTICS


           Means
              A_01          A_03          A_04          AGE_C80       EDU_C7
              ________      ________      ________      ________      ________
 1             27.346        26.895        25.578         3.383         0.296


           Means
              FEMALE        SBP_C167
              ________      ________
 1              0.649        -6.627


           Covariances
              A_01          A_03          A_04          AGE_C80       EDU_C7
              ________      ________      ________      ________      ________
 A_01           8.905
 A_03           7.186        14.559
 A_04           8.735        15.073        25.781
 AGE_C80       -2.744        -4.039        -6.568         9.281
 EDU_C7         1.158         1.805         1.633        -0.551         6.145
 FEMALE         0.176         0.107         0.130         0.081        -0.116
 SBP_C167      10.188         4.299         0.423        -6.491         1.292


           Covariances
              FEMALE        SBP_C167
              ________      ________
 FEMALE         0.228
 SBP_C167       0.708       505.913


           Correlations
              A_01          A_03          A_04          AGE_C80       EDU_C7
              ________      ________      ________      ________      ________
 A_01           1.000
 A_03           0.631         1.000
 A_04           0.577         0.778         1.000
 AGE_C80       -0.302        -0.347        -0.425         1.000
 EDU_C7         0.156         0.191         0.130        -0.073         1.000
 FEMALE         0.123         0.059         0.054         0.056        -0.098
 SBP_C167       0.152         0.050         0.004        -0.095         0.023


           Correlations
              FEMALE        SBP_C167
              ________      ________
 FEMALE         1.000
 SBP_C167       0.066         1.000


     MAXIMUM LOG-LIKELIHOOD VALUE FOR THE UNRESTRICTED (H1) MODEL IS -9336.114


UNIVARIATE HIGHER-ORDER MOMENT DESCRIPTIVE STATISTICS


     UNIVARIATE HIGHER-ORDER MOMENT DESCRIPTIVE STATISTICS

         Variable/         Mean/     Skewness/   Minimum/ % with                Percentiles
        Sample Size      Variance    Kurtosis    Maximum  Min/Max      20%/60%    40%/80%    Median

     A_01                 27.346      -2.655       1.000    0.16%      24.000     27.000     28.000
             610.000       8.905      13.320      30.000   14.10%      28.000     29.000
     A_03                 27.276      -2.267       0.000    1.75%      21.000     26.000     28.000
             399.000      12.560       6.627      30.000   21.05%      28.000     30.000
     A_04                 26.616      -2.404       0.000    2.03%      19.000     26.000     27.000
             295.000      19.144       7.119      30.000   18.64%      28.000     29.000
     AGE_C80               3.383       1.313      -0.630    0.16%       0.887      1.827      2.454
             610.000       9.281       2.031      17.918    0.16%       3.269      5.825
     EDU_C7                0.296       2.204      -7.000    0.16%      -1.000     -1.000     -1.000
             610.000       6.145       7.378      16.000    0.16%       0.000      1.000
     FEMALE                0.649      -0.626       0.000   34.59%       0.000      1.000      1.000
             610.000       0.228      -1.608       1.000   65.41%       1.000      1.000
     SBP_C167             -6.627       0.388     -67.000    0.16%     -27.000    -17.000     -7.000
             610.000     505.913       0.671      93.000    0.16%      -7.000     13.000


THE MODEL ESTIMATION TERMINATED NORMALLY



MODEL FIT INFORMATION

Number of Free Parameters                       22

Loglikelihood

          H0 Value                       -2316.811
          H0 Scaling Correction Factor      1.9625
            for MLR

Information Criteria

          Akaike (AIC)                    4677.622
          Bayesian (BIC)                  4767.630
          Sample-Size Adjusted BIC        4697.812
            (n* = (n + 2) / 24)



MODEL RESULTS

                                                    Two-Tailed
                    Estimate       S.E.  Est./S.E.    P-Value

 IA         ON
    AGE_C80           -0.283      0.052     -5.453      0.000
    EDU_C7             0.177      0.043      4.136      0.000
    FEMALE             0.917      0.328      2.800      0.005
    SBP_C167           0.015      0.006      2.479      0.013

 SA         ON
    AGE_C80            0.034      0.055      0.618      0.537
    EDU_C7             0.057      0.034      1.682      0.092
    FEMALE            -0.127      0.216     -0.589      0.556
    SBP_C167          -0.002      0.004     -0.488      0.625

 QA         ON
    AGE_C80           -0.017      0.010     -1.697      0.090
    EDU_C7            -0.008      0.005     -1.559      0.119
    FEMALE             0.021      0.037      0.561      0.575
    SBP_C167           0.000      0.001     -0.459      0.646

 IA       WITH
    SA                -0.784      2.029     -0.387      0.699
    QA                 0.125      0.214      0.587      0.557

 SA       WITH
    QA                -0.353      0.649     -0.544      0.586

 Intercepts
    A_01               0.000      0.000    999.000    999.000
    A_03               0.000      0.000    999.000    999.000
    A_04               0.000      0.000    999.000    999.000
    IA                27.753      0.278     99.670      0.000
    SA                 0.190      0.203      0.937      0.349
    QA                -0.045      0.032     -1.407      0.159

 Residual Variances
    A_01               0.939      4.751      0.198      0.843
    A_03               0.939      4.751      0.198      0.843
    A_04               0.939      4.751      0.198      0.843
    IA                 6.670      4.956      1.346      0.178
    SA                 2.182      4.032      0.541      0.588
    QA                 0.067      0.111      0.600      0.549


QUALITY OF NUMERICAL RESULTS

     Condition Number for the Information Matrix              0.586E-07
       (ratio of smallest to largest eigenvalue)


CONFIDENCE INTERVALS OF MODEL RESULTS

                  Lower .5%  Lower 2.5%    Lower 5%    Estimate    Upper 5%  Upper 2.5%   Upper .5%

 IA       ON
    AGE_C80         -0.416      -0.384      -0.368      -0.283      -0.197      -0.181      -0.149
    EDU_C7           0.067       0.093       0.107       0.177       0.248       0.261       0.287
    FEMALE           0.073       0.275       0.378       0.917       1.456       1.560       1.761
    SBP_C167        -0.001       0.003       0.005       0.015       0.025       0.026       0.030

 SA       ON
    AGE_C80         -0.108      -0.074      -0.057       0.034       0.125       0.142       0.176
    EDU_C7          -0.030      -0.009       0.001       0.057       0.113       0.124       0.144
    FEMALE          -0.683      -0.550      -0.482      -0.127       0.228       0.296       0.429
    SBP_C167        -0.012      -0.010      -0.009      -0.002       0.005       0.006       0.008

 QA       ON
    AGE_C80         -0.043      -0.037      -0.034      -0.017      -0.001       0.003       0.009
    EDU_C7          -0.022      -0.019      -0.017      -0.008       0.000       0.002       0.005
    FEMALE          -0.075      -0.052      -0.041       0.021       0.082       0.094       0.117
    SBP_C167        -0.003      -0.002      -0.002       0.000       0.001       0.001       0.002

 IA       WITH
    SA              -6.010      -4.761      -4.122      -0.784       2.553       3.192       4.442
    QA              -0.425      -0.293      -0.226       0.125       0.477       0.544       0.676

 SA       WITH
    QA              -2.024      -1.624      -1.420      -0.353       0.714       0.918       1.318

 Intercepts
    A_01             0.000       0.000       0.000       0.000       0.000       0.000       0.000
    A_03             0.000       0.000       0.000       0.000       0.000       0.000       0.000
    A_04             0.000       0.000       0.000       0.000       0.000       0.000       0.000
    IA              27.036      27.207      27.295      27.753      28.211      28.299      28.470
    SA              -0.333      -0.208      -0.144       0.190       0.524       0.588       0.713
    QA              -0.129      -0.109      -0.098      -0.045       0.008       0.018       0.038

 Residual Variances
    A_01           -11.299      -8.373      -6.877       0.939       8.754      10.250      13.176
    A_03           -11.299      -8.373      -6.877       0.939       8.754      10.250      13.176
    A_04           -11.299      -8.373      -6.877       0.939       8.754      10.250      13.176
    IA              -6.095      -3.043      -1.482       6.670      14.822      16.384      19.435
    SA              -8.204      -5.721      -4.451       2.182       8.815      10.085      12.568
    QA              -0.220      -0.152      -0.116       0.067       0.250       0.285       0.354


SAMPLE STATISTICS FOR ESTIMATED FACTOR SCORES


     SAMPLE STATISTICS


           Means
              IA            IA_SE         SA            SA_SE         QA
              ________      ________      ________      ________      ________
 1             26.249         0.884        -0.024         1.051        -0.084


           Means
              QA_SE
              ________
 1              0.190


           Covariances
              IA            IA_SE         SA            SA_SE         QA
              ________      ________      ________      ________      ________
 IA            14.859
 IA_SE         -0.012         0.000
 SA            -0.050         0.005         3.181
 SA_SE         -0.249         0.005         0.045         0.095
 QA             0.119         0.000        -0.398        -0.002         0.063
 QA_SE         -0.050         0.001        -0.005         0.017         0.001


           Covariances
              QA_SE
              ________
 QA_SE          0.004


           Correlations
              IA            IA_SE         SA            SA_SE         QA
              ________      ________      ________      ________      ________
 IA             1.000
 IA_SE         -0.188         1.000
 SA            -0.007         0.178         1.000
 SA_SE         -0.209         0.961         0.082         1.000
 QA             0.123        -0.110        -0.889        -0.029         1.000
 QA_SE         -0.218         0.830        -0.044         0.950         0.073


           Correlations
              QA_SE
              ________
 QA_SE          1.000


RESULTS SAVING INFORMATION

  Order of data

    Parameter estimates
     (saved in order shown in Technical 1 output)
    Standard errors
     (saved in order shown in Technical 1 output)
    H0 Loglikelihood
    H0 Scaling Correction Factor for MLR
    Number of Free Parameters
    Akaike (AIC)
    Bayesian (BIC)
    Sample-Size Adjusted BIC

  Save file
    u2_134_aefb_mmse_results.dat

  Save file format           Free


PLOT INFORMATION

The following plots are available:

  Histograms (sample values, estimated factor scores)
  Scatterplots (sample values, estimated factor scores)
  Latent variable distribution plots

SAVEDATA INFORMATION


  Save file
    u2_134_aefb_mmse_fscores.dat

  Order and format of variables

    A_01           F10.3
    A_03           F10.3
    A_04           F10.3
    AGE_C80        F10.3
    EDU_C7         F10.3
    FEMALE         F10.3
    SBP_C167       F10.3
    TIME_01        F10.3
    TIME_03        F10.3
    TIME_04        F10.3
    _WEIGHT        F10.3
    IA             F10.3
    IA_SE          F10.3
    SA             F10.3
    SA_SE          F10.3
    QA             F10.3
    QA_SE          F10.3
    PAIRID         I6

  Save file format
    17F10.3 I6

  Save file record length    10000


     Beginning Time:  18:25:46
        Ending Time:  18:25:57
       Elapsed Time:  00:00:11



MUTHEN & MUTHEN
3463 Stoner Ave.
Los Angeles, CA  90066

Tel: (310) 391-9971
Fax: (310) 391-8971
Web: www.StatModel.com
Support: Support@StatModel.com

Copyright (c) 1998-2014 Muthen & Muthen
