Mplus VERSION 7.3
MUTHEN & MUTHEN
12/17/2016   6:05 PM

INPUT INSTRUCTIONS

  TITLE:
  Script produced from the prototype in ./sandbox/syntax-creator/
  DATA:
  File = wide-dataset.dat ;
  VARIABLE:
  NAMES are
   Case PairID female age_c80 edu_c7 sbp_c167 smoke cardio diabetes dementia_ever
      years_since_bl_01 years_since_bl_02 years_since_bl_03 years_since_bl_04
      years_since_bl_05 pef_01 pef_02 pef_03 pef_04 pef_05 grip_01 grip_02 grip_03
      grip_04 grip_05 gait_01 gait_02 gait_03 gait_04 gait_05 block_01 block_02
      block_03 block_04 block_05 digitspanbackward_01 digitspanbackward_02
      digitspanbackward_03 digitspanbackward_04 digitspanbackward_05
      digitspanforward_01 digitspanforward_02 digitspanforward_03 digitspanforward_04
      digitspanforward_05 symbol_01 symbol_02 symbol_03 symbol_04 symbol_05 prose_01
      prose_02 prose_03 prose_04 prose_05 info_01 info_02 info_03 info_04 info_05
      synonyms_01 synonyms_02 synonyms_03 synonyms_04 synonyms_05 psif_01 psif_02
      psif_03 psif_04 psif_05 figure_01 figure_02 figure_03 figure_04 figure_05
      mirrecall_01 mirrecall_02 mirrecall_03 mirrecall_04 mirrecall_05 mmse_01 mmse_02
      mmse_03 mmse_04 mmse_05 mirnaming_01 mirnaming_02 mirnaming_03 mirnaming_04
      mirnaming_05 mirrecog_01 mirrecog_02 mirrecog_03 mirrecog_04 mirrecog_05
      clock_01 clock_02 clock_03 clock_04 clock_05
  	;
  Missing are all (-9999);
  USEVARIABLES are
  	!define the variables used in the analysis
  	! covariates used in the model
  age_c80
  edu_c7	
  	!estimated time points
  time_01
  time_03
  time_05
  	!modelled time points of process (A)
  a_01
  a_03
  a_05
  ;
  TSCORES are
  	!estimated time points
  time_01
  time_03
  time_05;
  CLUSTER = PairID;
  SUBPOPULATION are
  	!select a subset of observations
  dementia_ever NE 1
  ;
  DEFINE:
  	! assign variables to the process (A)
  a_01 = mmse_01;
  a_03 = mmse_03;
  a_05 = mmse_05;
  	!assign variables to time points
  time_01 = years_since_bl_01;
  time_03 = years_since_bl_03;
  time_05 = years_since_bl_05;
  	
  ANALYSIS: TYPE = RANDOM COMPLEX;
  COVERAGE=.00;
  MODEL:
  	!first-level equation
  	! assign process (A) to time points
  ia sa qa | a_01 AT time_01 ;
  ia sa qa | a_03 AT time_03 ;
  ia sa qa | a_05 AT time_05 ;
  	!variance of the first-level terms
  ia (v_ia);
  sa (v_sa);
  qa (v_qa);
  	!covariance among first-level terms
  ia WITH sa (c_iasa);
  ia WITH qa (c_iaqa);
  sa WITH qa (c_saqa);
  	!second-level equation
  ia sa qa ON age_c80
  edu_c7;
  	!residual covariance of process (A)
  a_01 (res_a);
  a_03 (res_a);
  a_05 (res_a);	
  SAVEDATA:
  FILE is   u2_135_ae_mmse_fscores.dat;
  SAVE = FSCORES;
  RESULTS are   u2_135_ae_mmse_results.dat;
  	
  OUTPUT: sampstat cinterval;
  PLOT: Type is Plot1 Plot2 Plot3;



*** WARNING
  Data set contains cases with missing on x-variables.
  These cases were not included in the analysis.
  Number of cases with missing on x-variables:  46
*** WARNING
  Data set contains cases with missing on all variables except
  x-variables.  These cases were not included in the analysis.
  Number of cases with missing on all variables except x-variables:  3
   2 WARNING(S) FOUND IN THE INPUT INSTRUCTIONS




Script produced from the prototype in ./sandbox/syntax-creator/

SUMMARY OF ANALYSIS

Number of groups                                                 1
Number of observations                                         467

Number of dependent variables                                    3
Number of independent variables                                  2
Number of continuous latent variables                            3

Observed dependent variables

  Continuous
   A_01        A_03        A_05

Observed independent variables
   AGE_C80     EDU_C7

Continuous latent variables
   IA          SA          QA

Variables with special functions

  Cluster variable      PAIRID
  Weight variable       _WEIGHT

  Time scores
   TIME_01     TIME_03     TIME_05


Estimator                                                      MLR
Information matrix                                        OBSERVED
Maximum number of iterations                                   100
Convergence criterion                                    0.100D-05
Maximum number of EM iterations                                500
Convergence criteria for the EM algorithm
  Loglikelihood change                                   0.100D-02
  Relative loglikelihood change                          0.100D-05
  Derivative                                             0.100D-03
Minimum variance                                         0.100D-03
Maximum number of steepest descent iterations                   20
Maximum number of iterations for H1                           2000
Convergence criterion for H1                             0.100D-03
Optimization algorithm                                         EMA

Input data file(s)
  wide-dataset.dat
Input data format  FREE



SAMPLE STATISTICS


     ESTIMATED SAMPLE STATISTICS


           Means
              A_01          A_03          A_05          AGE_C80       EDU_C7
              ________      ________      ________      ________      ________
 1             27.072        26.590        23.105         3.401         0.296


           Covariances
              A_01          A_03          A_05          AGE_C80       EDU_C7
              ________      ________      ________      ________      ________
 A_01          11.241
 A_03           9.793        18.197
 A_05          12.176        20.231        43.013
 AGE_C80       -3.074        -4.751        -6.387         9.748
 EDU_C7         1.305         2.013         2.027        -0.669         6.075


           Correlations
              A_01          A_03          A_05          AGE_C80       EDU_C7
              ________      ________      ________      ________      ________
 A_01           1.000
 A_03           0.685         1.000
 A_05           0.554         0.723         1.000
 AGE_C80       -0.294        -0.357        -0.312         1.000
 EDU_C7         0.158         0.191         0.125        -0.087         1.000


     MAXIMUM LOG-LIKELIHOOD VALUE FOR THE UNRESTRICTED (H1) MODEL IS -6585.427


UNIVARIATE HIGHER-ORDER MOMENT DESCRIPTIVE STATISTICS


     UNIVARIATE HIGHER-ORDER MOMENT DESCRIPTIVE STATISTICS

         Variable/         Mean/     Skewness/   Minimum/ % with                Percentiles
        Sample Size      Variance    Kurtosis    Maximum  Min/Max      20%/60%    40%/80%    Median

     A_01                 27.099      -2.449       1.000    0.31%      23.000     27.000     27.000
             652.000      10.913       9.775      30.000   13.34%      28.000     29.000
     A_03                 27.117      -2.533       0.000    2.18%      20.000     26.000     27.000
             413.000      15.007       8.770      30.000   20.58%      28.000     30.000
     A_05                 24.762      -1.610       0.000    4.11%      15.000     23.000     25.000
             219.000      29.658       2.888      30.000   10.50%      27.000     29.000
     AGE_C80               3.401       1.402      -0.630    0.15%       0.887      1.819      2.457
             653.000       9.748       2.420      17.918    0.15%       3.301      5.921
     EDU_C7                0.296       2.195      -7.000    0.15%      -1.000     -1.000     -1.000
             653.000       6.075       7.297      16.000    0.15%       0.000      1.000


THE MODEL ESTIMATION TERMINATED NORMALLY



MODEL FIT INFORMATION

Number of Free Parameters                       16

Loglikelihood

          H0 Value                       -2434.745
          H0 Scaling Correction Factor      2.1930
            for MLR

Information Criteria

          Akaike (AIC)                    4901.490
          Bayesian (BIC)                  4967.831
          Sample-Size Adjusted BIC        4917.051
            (n* = (n + 2) / 24)



MODEL RESULTS

                                                    Two-Tailed
                    Estimate       S.E.  Est./S.E.    P-Value

 IA         ON
    AGE_C80           -0.303      0.059     -5.153      0.000
    EDU_C7             0.182      0.044      4.146      0.000

 SA         ON
    AGE_C80           -0.039      0.037     -1.037      0.300
    EDU_C7             0.042      0.028      1.500      0.134

 QA         ON
    AGE_C80            0.000      0.005     -0.048      0.962
    EDU_C7            -0.004      0.004     -0.923      0.356

 IA       WITH
    SA                 0.177      8.309      0.021      0.983
    QA                 0.026      0.736      0.036      0.972

 SA       WITH
    QA                -0.038      1.061     -0.036      0.971

 Intercepts
    A_01               0.000      0.000    999.000    999.000
    A_03               0.000      0.000    999.000    999.000
    A_05               0.000      0.000    999.000    999.000
    IA                28.053      0.204    137.515      0.000
    SA                 0.389      0.151      2.574      0.010
    QA                -0.094      0.026     -3.597      0.000

 Residual Variances
    A_01               3.358     21.465      0.156      0.876
    A_03               3.358     21.465      0.156      0.876
    A_05               3.358     21.465      0.156      0.876
    IA                 6.733     21.758      0.309      0.757
    SA                 0.310      8.984      0.035      0.972
    QA                 0.010      0.136      0.076      0.939


QUALITY OF NUMERICAL RESULTS

     Condition Number for the Information Matrix              0.896E-08
       (ratio of smallest to largest eigenvalue)


CONFIDENCE INTERVALS OF MODEL RESULTS

                  Lower .5%  Lower 2.5%    Lower 5%    Estimate    Upper 5%  Upper 2.5%   Upper .5%

 IA       ON
    AGE_C80         -0.455      -0.419      -0.400      -0.303      -0.207      -0.188      -0.152
    EDU_C7           0.069       0.096       0.110       0.182       0.254       0.268       0.295

 SA       ON
    AGE_C80         -0.135      -0.112      -0.100      -0.039       0.023       0.034       0.057
    EDU_C7          -0.030      -0.013      -0.004       0.042       0.087       0.096       0.113

 QA       ON
    AGE_C80         -0.014      -0.010      -0.009       0.000       0.008       0.010       0.013
    EDU_C7          -0.015      -0.013      -0.011      -0.004       0.003       0.005       0.007

 IA       WITH
    SA             -21.226     -16.110     -13.492       0.177      13.845      16.463      21.580
    QA              -1.869      -1.416      -1.184       0.026       1.236       1.468       1.921

 SA       WITH
    QA              -2.770      -2.117      -1.783      -0.038       1.706       2.041       2.694

 Intercepts
    A_01             0.000       0.000       0.000       0.000       0.000       0.000       0.000
    A_03             0.000       0.000       0.000       0.000       0.000       0.000       0.000
    A_05             0.000       0.000       0.000       0.000       0.000       0.000       0.000
    IA              27.527      27.653      27.717      28.053      28.388      28.452      28.578
    SA               0.000       0.093       0.140       0.389       0.638       0.686       0.779
    QA              -0.161      -0.145      -0.137      -0.094      -0.051      -0.043      -0.027

 Residual Variances
    A_01           -51.931     -38.713     -31.951       3.358      38.668      45.429      58.647
    A_03           -51.931     -38.713     -31.951       3.358      38.668      45.429      58.647
    A_05           -51.931     -38.713     -31.951       3.358      38.668      45.429      58.647
    IA             -49.313     -35.914     -29.060       6.733      42.525      49.379      62.778
    SA             -22.830     -17.298     -14.468       0.310      15.088      17.918      23.450
    QA              -0.339      -0.255      -0.213       0.010       0.233       0.276       0.359


SAMPLE STATISTICS FOR ESTIMATED FACTOR SCORES


     SAMPLE STATISTICS


           Means
              IA            IA_SE         SA            SA_SE         QA
              ________      ________      ________      ________      ________
 1             25.778         1.318         0.146         0.517        -0.107


           Means
              QA_SE
              ________
 1              0.090


           Covariances
              IA            IA_SE         SA            SA_SE         QA
              ________      ________      ________      ________      ________
 IA            14.629
 IA_SE         -0.071         0.019
 SA             1.123         0.004         0.186
 SA_SE         -0.020         0.004         0.000         0.001
 QA             0.055         0.001         0.000         0.000         0.003
 QA_SE         -0.015         0.001        -0.002         0.000         0.000


           Covariances
              QA_SE
              ________
 QA_SE          0.000


           Correlations
              IA            IA_SE         SA            SA_SE         QA
              ________      ________      ________      ________      ________
 IA             1.000
 IA_SE         -0.136         1.000
 SA             0.680         0.067         1.000
 SA_SE         -0.175         0.954        -0.016         1.000
 QA             0.270         0.077         0.002         0.069         1.000
 QA_SE         -0.243         0.560        -0.237         0.769         0.049


           Correlations
              QA_SE
              ________
 QA_SE          1.000


RESULTS SAVING INFORMATION

  Order of data

    Parameter estimates
     (saved in order shown in Technical 1 output)
    Standard errors
     (saved in order shown in Technical 1 output)
    H0 Loglikelihood
    H0 Scaling Correction Factor for MLR
    Number of Free Parameters
    Akaike (AIC)
    Bayesian (BIC)
    Sample-Size Adjusted BIC

  Save file
    u2_135_ae_mmse_results.dat

  Save file format           Free


PLOT INFORMATION

The following plots are available:

  Histograms (sample values, estimated factor scores)
  Scatterplots (sample values, estimated factor scores)
  Latent variable distribution plots

SAVEDATA INFORMATION


  Save file
    u2_135_ae_mmse_fscores.dat

  Order and format of variables

    A_01           F10.3
    A_03           F10.3
    A_05           F10.3
    AGE_C80        F10.3
    EDU_C7         F10.3
    TIME_01        F10.3
    TIME_03        F10.3
    TIME_05        F10.3
    _WEIGHT        F10.3
    IA             F10.3
    IA_SE          F10.3
    SA             F10.3
    SA_SE          F10.3
    QA             F10.3
    QA_SE          F10.3
    PAIRID         I6

  Save file format
    15F10.3 I6

  Save file record length    10000


     Beginning Time:  18:05:38
        Ending Time:  18:05:42
       Elapsed Time:  00:00:04



MUTHEN & MUTHEN
3463 Stoner Ave.
Los Angeles, CA  90066

Tel: (310) 391-9971
Fax: (310) 391-8971
Web: www.StatModel.com
Support: Support@StatModel.com

Copyright (c) 1998-2014 Muthen & Muthen
