Mplus VERSION 7.3
MUTHEN & MUTHEN
12/17/2016  12:11 PM

INPUT INSTRUCTIONS

  TITLE:
  Script produced from the prototype in ./sandbox/syntax-creator/
  DATA:
  File = wide-dataset.dat ;
  VARIABLE:
  NAMES are
   Case PairID female age_c80 edu_c7 sbp_c167 smoke cardio diabetes dementia_ever
      years_since_bl_01 years_since_bl_02 years_since_bl_03 years_since_bl_04
      years_since_bl_05 pef_01 pef_02 pef_03 pef_04 pef_05 grip_01 grip_02 grip_03
      grip_04 grip_05 gait_01 gait_02 gait_03 gait_04 gait_05 block_01 block_02
      block_03 block_04 block_05 digitspanbackward_01 digitspanbackward_02
      digitspanbackward_03 digitspanbackward_04 digitspanbackward_05
      digitspanforward_01 digitspanforward_02 digitspanforward_03 digitspanforward_04
      digitspanforward_05 symbol_01 symbol_02 symbol_03 symbol_04 symbol_05 prose_01
      prose_02 prose_03 prose_04 prose_05 info_01 info_02 info_03 info_04 info_05
      synonyms_01 synonyms_02 synonyms_03 synonyms_04 synonyms_05 psif_01 psif_02
      psif_03 psif_04 psif_05 figure_01 figure_02 figure_03 figure_04 figure_05
      mirrecall_01 mirrecall_02 mirrecall_03 mirrecall_04 mirrecall_05 mmse_01 mmse_02
      mmse_03 mmse_04 mmse_05 mirnaming_01 mirnaming_02 mirnaming_03 mirnaming_04
      mirnaming_05 mirrecog_01 mirrecog_02 mirrecog_03 mirrecog_04 mirrecog_05
      clock_01 clock_02 clock_03 clock_04 clock_05
  	;
  Missing are all (-9999);
  USEVARIABLES are
  	!define the variables used in the analysis
  	! covariates used in the model
  age_c80	
  	!estimated time points
  time_01
  time_02
  time_03
  time_04
  time_05
  	!modelled time points of process (A)
  a_01
  a_02
  a_03
  a_04
  a_05
  ;
  TSCORES are
  	!estimated time points
  time_01
  time_02
  time_03
  time_04
  time_05;
  CLUSTER = PairID;
  SUBPOPULATION are
  	!select a subset of observations
  dementia_ever NE 1
  ;
  DEFINE:
  	! assign variables to the process (A)
  a_01 = mmse_01;
  a_02 = mmse_02;
  a_03 = mmse_03;
  a_04 = mmse_04;
  a_05 = mmse_05;
  	!assign variables to time points
  time_01 = years_since_bl_01;
  time_02 = years_since_bl_02;
  time_03 = years_since_bl_03;
  time_04 = years_since_bl_04;
  time_05 = years_since_bl_05;
  	
  ANALYSIS: TYPE = RANDOM COMPLEX;
  COVERAGE=.00;
  MODEL:
  	!first-level equation
  	! assign process (A) to time points
  ia sa qa | a_01 AT time_01 ;
  ia sa qa | a_02 AT time_02 ;
  ia sa qa | a_03 AT time_03 ;
  ia sa qa | a_04 AT time_04 ;
  ia sa qa | a_05 AT time_05 ;
  	!variance of the first-level terms
  ia (v_ia);
  sa (v_sa);
  qa (v_qa);
  	!covariance among first-level terms
  ia WITH sa (c_iasa);
  ia WITH qa (c_iaqa);
  sa WITH qa (c_saqa);
  	!second-level equation
  ia sa qa ON age_c80;
  	!residual covariance of process (A)
  a_01 (res_a);
  a_02 (res_a);
  a_03 (res_a);
  a_04 (res_a);
  a_05 (res_a);	
  SAVEDATA:
  FILE is   u2_12345_a_mmse_fscores.dat;
  SAVE = FSCORES;
  RESULTS are   u2_12345_a_mmse_results.dat;
  	
  OUTPUT: sampstat cinterval;
  PLOT: Type is Plot1 Plot2 Plot3;



*** WARNING
  Data set contains cases with missing on all variables except
  x-variables.  These cases were not included in the analysis.
  Number of cases with missing on all variables except x-variables:  3
   1 WARNING(S) FOUND IN THE INPUT INSTRUCTIONS




Script produced from the prototype in ./sandbox/syntax-creator/

SUMMARY OF ANALYSIS

Number of groups                                                 1
Number of observations                                         475

Number of dependent variables                                    5
Number of independent variables                                  1
Number of continuous latent variables                            3

Observed dependent variables

  Continuous
   A_01        A_02        A_03        A_04        A_05

Observed independent variables
   AGE_C80

Continuous latent variables
   IA          SA          QA

Variables with special functions

  Cluster variable      PAIRID
  Weight variable       _WEIGHT

  Time scores
   TIME_01     TIME_02     TIME_03     TIME_04     TIME_05


Estimator                                                      MLR
Information matrix                                        OBSERVED
Maximum number of iterations                                   100
Convergence criterion                                    0.100D-05
Maximum number of EM iterations                                500
Convergence criteria for the EM algorithm
  Loglikelihood change                                   0.100D-02
  Relative loglikelihood change                          0.100D-05
  Derivative                                             0.100D-03
Minimum variance                                         0.100D-03
Maximum number of steepest descent iterations                   20
Maximum number of iterations for H1                           2000
Convergence criterion for H1                             0.100D-03
Optimization algorithm                                         EMA

Input data file(s)
  wide-dataset.dat
Input data format  FREE



SAMPLE STATISTICS


     ESTIMATED SAMPLE STATISTICS


           Means
              A_01          A_02          A_03          A_04          A_05
              ________      ________      ________      ________      ________
 1             26.833        26.209        26.077        24.500        21.943


           Means
              AGE_C80
              ________
 1              3.451


           Covariances
              A_01          A_02          A_03          A_04          A_05
              ________      ________      ________      ________      ________
 A_01          15.605
 A_02          13.662        23.579
 A_03          15.553        19.847        26.374
 A_04          19.645        25.021        29.759        45.317
 A_05          20.927        27.626        32.174        47.518        64.918
 AGE_C80       -3.412        -4.502        -5.462        -8.534        -9.056


           Covariances
              AGE_C80
              ________
 AGE_C80       10.122


           Correlations
              A_01          A_02          A_03          A_04          A_05
              ________      ________      ________      ________      ________
 A_01           1.000
 A_02           0.712         1.000
 A_03           0.767         0.796         1.000
 A_04           0.739         0.765         0.861         1.000
 A_05           0.657         0.706         0.778         0.876         1.000
 AGE_C80       -0.271        -0.291        -0.334        -0.398        -0.353


           Correlations
              AGE_C80
              ________
 AGE_C80        1.000


     MAXIMUM LOG-LIKELIHOOD VALUE FOR THE UNRESTRICTED (H1) MODEL IS -7746.376


UNIVARIATE HIGHER-ORDER MOMENT DESCRIPTIVE STATISTICS


     UNIVARIATE HIGHER-ORDER MOMENT DESCRIPTIVE STATISTICS

         Variable/         Mean/     Skewness/   Minimum/ % with                Percentiles
        Sample Size      Variance    Kurtosis    Maximum  Min/Max      20%/60%    40%/80%    Median

     A_01                 26.883      -2.959       0.000    2.45%      22.000     26.000     27.000
             695.000      15.056      12.734      30.000   12.52%      28.000     29.000
     A_02                 26.699      -2.540       0.000    3.37%      19.000     25.000     27.000
             564.000      18.675       7.916      30.000   15.25%      28.000     29.000
     A_03                 27.048      -2.594       0.000    4.20%      17.000     25.000     27.000
             429.000      16.341       8.820      30.000   19.81%      28.000     29.000
     A_04                 26.230      -2.786       0.000    6.37%      16.000     25.000     27.000
             314.000      28.285       9.157      30.000   17.52%      28.000     29.000
     A_05                 24.762      -1.610       0.000    4.55%      15.000     23.000     25.000
             220.000      29.658       2.888      30.000   10.45%      27.000     29.000
     AGE_C80               3.451       1.461      -0.630    0.14%       0.914      1.915      2.542
             699.000      10.122       2.743      17.918    0.14%       3.489      6.207


THE MODEL ESTIMATION TERMINATED NORMALLY



MODEL FIT INFORMATION

Number of Free Parameters                       13

Loglikelihood

          H0 Value                       -4058.940
          H0 Scaling Correction Factor      2.7595
            for MLR

Information Criteria

          Akaike (AIC)                    8143.880
          Bayesian (BIC)                  8198.003
          Sample-Size Adjusted BIC        8156.743
            (n* = (n + 2) / 24)



MODEL RESULTS

                                                    Two-Tailed
                    Estimate       S.E.  Est./S.E.    P-Value

 IA         ON
    AGE_C80           -0.329      0.065     -5.062      0.000

 SA         ON
    AGE_C80           -0.059      0.033     -1.805      0.071

 QA         ON
    AGE_C80           -0.002      0.005     -0.323      0.747

 IA       WITH
    SA                 1.284      0.734      1.749      0.080
    QA                -0.028      0.117     -0.238      0.812

 SA       WITH
    QA                -0.054      0.064     -0.844      0.398

 Intercepts
    A_01               0.000      0.000    999.000    999.000
    A_02               0.000      0.000    999.000    999.000
    A_03               0.000      0.000    999.000    999.000
    A_04               0.000      0.000    999.000    999.000
    A_05               0.000      0.000    999.000    999.000
    IA                27.865      0.239    116.505      0.000
    SA                 0.288      0.120      2.387      0.017
    QA                -0.073      0.019     -3.958      0.000

 Residual Variances
    A_01               4.887      0.809      6.044      0.000
    A_02               4.887      0.809      6.044      0.000
    A_03               4.887      0.809      6.044      0.000
    A_04               4.887      0.809      6.044      0.000
    A_05               4.887      0.809      6.044      0.000
    IA                 9.551      2.774      3.443      0.001
    SA                 0.439      0.525      0.838      0.402
    QA                 0.013      0.008      1.493      0.135


QUALITY OF NUMERICAL RESULTS

     Condition Number for the Information Matrix              0.290E-05
       (ratio of smallest to largest eigenvalue)


CONFIDENCE INTERVALS OF MODEL RESULTS

                  Lower .5%  Lower 2.5%    Lower 5%    Estimate    Upper 5%  Upper 2.5%   Upper .5%

 IA       ON
    AGE_C80         -0.497      -0.457      -0.436      -0.329      -0.222      -0.202      -0.162

 SA       ON
    AGE_C80         -0.143      -0.123      -0.113      -0.059      -0.005       0.005       0.025

 QA       ON
    AGE_C80         -0.015      -0.012      -0.010      -0.002       0.007       0.008       0.012

 IA       WITH
    SA              -0.606      -0.155       0.077       1.284       2.491       2.722       3.174
    QA              -0.328      -0.256      -0.220      -0.028       0.164       0.201       0.273

 SA       WITH
    QA              -0.219      -0.180      -0.159      -0.054       0.051       0.071       0.111

 Intercepts
    A_01             0.000       0.000       0.000       0.000       0.000       0.000       0.000
    A_02             0.000       0.000       0.000       0.000       0.000       0.000       0.000
    A_03             0.000       0.000       0.000       0.000       0.000       0.000       0.000
    A_04             0.000       0.000       0.000       0.000       0.000       0.000       0.000
    A_05             0.000       0.000       0.000       0.000       0.000       0.000       0.000
    IA              27.248      27.396      27.471      27.865      28.258      28.333      28.481
    SA              -0.023       0.051       0.089       0.288       0.486       0.524       0.598
    QA              -0.121      -0.110      -0.104      -0.073      -0.043      -0.037      -0.026

 Residual Variances
    A_01             2.804       3.302       3.557       4.887       6.217       6.471       6.969
    A_02             2.804       3.302       3.557       4.887       6.217       6.471       6.969
    A_03             2.804       3.302       3.557       4.887       6.217       6.471       6.969
    A_04             2.804       3.302       3.557       4.887       6.217       6.471       6.969
    A_05             2.804       3.302       3.557       4.887       6.217       6.471       6.969
    IA               2.405       4.113       4.987       9.551      14.115      14.988      16.697
    SA              -0.912      -0.589      -0.423       0.439       1.302       1.468       1.791
    QA              -0.009      -0.004      -0.001       0.013       0.026       0.029       0.034


SAMPLE STATISTICS FOR ESTIMATED FACTOR SCORES


     SAMPLE STATISTICS


           Means
              IA            IA_SE         SA            SA_SE         QA
              ________      ________      ________      ________      ________
 1             24.421         1.188        -0.242         0.484        -0.079


           Means
              QA_SE
              ________
 1              0.096


           Covariances
              IA            IA_SE         SA            SA_SE         QA
              ________      ________      ________      ________      ________
 IA            29.262
 IA_SE         -0.378         0.103
 SA             4.443        -0.061         0.732
 SA_SE         -0.083         0.015        -0.013         0.003
 QA            -0.129         0.004        -0.035         0.001         0.006
 QA_SE         -0.031         0.004        -0.005         0.001         0.000


           Covariances
              QA_SE
              ________
 QA_SE          0.000


           Correlations
              IA            IA_SE         SA            SA_SE         QA
              ________      ________      ________      ________      ________
 IA             1.000
 IA_SE         -0.218         1.000
 SA             0.960        -0.223         1.000
 SA_SE         -0.293         0.908        -0.299         1.000
 QA            -0.319         0.152        -0.542         0.146         1.000
 QA_SE         -0.327         0.639        -0.356         0.873         0.186


           Correlations
              QA_SE
              ________
 QA_SE          1.000


RESULTS SAVING INFORMATION

  Order of data

    Parameter estimates
     (saved in order shown in Technical 1 output)
    Standard errors
     (saved in order shown in Technical 1 output)
    H0 Loglikelihood
    H0 Scaling Correction Factor for MLR
    Number of Free Parameters
    Akaike (AIC)
    Bayesian (BIC)
    Sample-Size Adjusted BIC

  Save file
    u2_12345_a_mmse_results.dat

  Save file format           Free


PLOT INFORMATION

The following plots are available:

  Histograms (sample values, estimated factor scores)
  Scatterplots (sample values, estimated factor scores)
  Latent variable distribution plots

SAVEDATA INFORMATION


  Save file
    u2_12345_a_mmse_fscores.dat

  Order and format of variables

    A_01           F10.3
    A_02           F10.3
    A_03           F10.3
    A_04           F10.3
    A_05           F10.3
    AGE_C80        F10.3
    TIME_01        F10.3
    TIME_02        F10.3
    TIME_03        F10.3
    TIME_04        F10.3
    TIME_05        F10.3
    _WEIGHT        F10.3
    IA             F10.3
    IA_SE          F10.3
    SA             F10.3
    SA_SE          F10.3
    QA             F10.3
    QA_SE          F10.3
    PAIRID         I6

  Save file format
    18F10.3 I6

  Save file record length    10000


     Beginning Time:  12:11:21
        Ending Time:  12:11:32
       Elapsed Time:  00:00:11



MUTHEN & MUTHEN
3463 Stoner Ave.
Los Angeles, CA  90066

Tel: (310) 391-9971
Fax: (310) 391-8971
Web: www.StatModel.com
Support: Support@StatModel.com

Copyright (c) 1998-2014 Muthen & Muthen
