Mplus VERSION 7.3
MUTHEN & MUTHEN
12/17/2016  12:11 PM

INPUT INSTRUCTIONS

  TITLE:
  Script produced from the prototype in ./sandbox/syntax-creator/
  DATA:
  File = wide-dataset.dat ;
  VARIABLE:
  NAMES are
   Case PairID female age_c80 edu_c7 sbp_c167 smoke cardio diabetes dementia_ever
      years_since_bl_01 years_since_bl_02 years_since_bl_03 years_since_bl_04
      years_since_bl_05 pef_01 pef_02 pef_03 pef_04 pef_05 grip_01 grip_02 grip_03
      grip_04 grip_05 gait_01 gait_02 gait_03 gait_04 gait_05 block_01 block_02
      block_03 block_04 block_05 digitspanbackward_01 digitspanbackward_02
      digitspanbackward_03 digitspanbackward_04 digitspanbackward_05
      digitspanforward_01 digitspanforward_02 digitspanforward_03 digitspanforward_04
      digitspanforward_05 symbol_01 symbol_02 symbol_03 symbol_04 symbol_05 prose_01
      prose_02 prose_03 prose_04 prose_05 info_01 info_02 info_03 info_04 info_05
      synonyms_01 synonyms_02 synonyms_03 synonyms_04 synonyms_05 psif_01 psif_02
      psif_03 psif_04 psif_05 figure_01 figure_02 figure_03 figure_04 figure_05
      mirrecall_01 mirrecall_02 mirrecall_03 mirrecall_04 mirrecall_05 mmse_01 mmse_02
      mmse_03 mmse_04 mmse_05 mirnaming_01 mirnaming_02 mirnaming_03 mirnaming_04
      mirnaming_05 mirrecog_01 mirrecog_02 mirrecog_03 mirrecog_04 mirrecog_05
      clock_01 clock_02 clock_03 clock_04 clock_05
  	;
  Missing are all (-9999);
  USEVARIABLES are
  	!define the variables used in the analysis
  	! covariates used in the model
  age_c80
  edu_c7	
  	!estimated time points
  time_01
  time_02
  time_03
  time_04
  time_05
  	!modelled time points of process (A)
  a_01
  a_02
  a_03
  a_04
  a_05
  ;
  TSCORES are
  	!estimated time points
  time_01
  time_02
  time_03
  time_04
  time_05;
  CLUSTER = PairID;
  SUBPOPULATION are
  	!select a subset of observations
  dementia_ever NE 1
  ;
  DEFINE:
  	! assign variables to the process (A)
  a_01 = mmse_01;
  a_02 = mmse_02;
  a_03 = mmse_03;
  a_04 = mmse_04;
  a_05 = mmse_05;
  	!assign variables to time points
  time_01 = years_since_bl_01;
  time_02 = years_since_bl_02;
  time_03 = years_since_bl_03;
  time_04 = years_since_bl_04;
  time_05 = years_since_bl_05;
  	
  ANALYSIS: TYPE = RANDOM COMPLEX;
  COVERAGE=.00;
  MODEL:
  	!first-level equation
  	! assign process (A) to time points
  ia sa qa | a_01 AT time_01 ;
  ia sa qa | a_02 AT time_02 ;
  ia sa qa | a_03 AT time_03 ;
  ia sa qa | a_04 AT time_04 ;
  ia sa qa | a_05 AT time_05 ;
  	!variance of the first-level terms
  ia (v_ia);
  sa (v_sa);
  qa (v_qa);
  	!covariance among first-level terms
  ia WITH sa (c_iasa);
  ia WITH qa (c_iaqa);
  sa WITH qa (c_saqa);
  	!second-level equation
  ia sa qa ON age_c80
  edu_c7;
  	!residual covariance of process (A)
  a_01 (res_a);
  a_02 (res_a);
  a_03 (res_a);
  a_04 (res_a);
  a_05 (res_a);	
  SAVEDATA:
  FILE is   u2_12345_ae_mmse_fscores.dat;
  SAVE = FSCORES;
  RESULTS are   u2_12345_ae_mmse_results.dat;
  	
  OUTPUT: sampstat cinterval;
  PLOT: Type is Plot1 Plot2 Plot3;



*** WARNING
  Data set contains cases with missing on x-variables.
  These cases were not included in the analysis.
  Number of cases with missing on x-variables:  46
*** WARNING
  Data set contains cases with missing on all variables except
  x-variables.  These cases were not included in the analysis.
  Number of cases with missing on all variables except x-variables:  1
   2 WARNING(S) FOUND IN THE INPUT INSTRUCTIONS




Script produced from the prototype in ./sandbox/syntax-creator/

SUMMARY OF ANALYSIS

Number of groups                                                 1
Number of observations                                         469

Number of dependent variables                                    5
Number of independent variables                                  2
Number of continuous latent variables                            3

Observed dependent variables

  Continuous
   A_01        A_02        A_03        A_04        A_05

Observed independent variables
   AGE_C80     EDU_C7

Continuous latent variables
   IA          SA          QA

Variables with special functions

  Cluster variable      PAIRID
  Weight variable       _WEIGHT

  Time scores
   TIME_01     TIME_02     TIME_03     TIME_04     TIME_05


Estimator                                                      MLR
Information matrix                                        OBSERVED
Maximum number of iterations                                   100
Convergence criterion                                    0.100D-05
Maximum number of EM iterations                                500
Convergence criteria for the EM algorithm
  Loglikelihood change                                   0.100D-02
  Relative loglikelihood change                          0.100D-05
  Derivative                                             0.100D-03
Minimum variance                                         0.100D-03
Maximum number of steepest descent iterations                   20
Maximum number of iterations for H1                           2000
Convergence criterion for H1                             0.100D-03
Optimization algorithm                                         EMA

Input data file(s)
  wide-dataset.dat
Input data format  FREE



SAMPLE STATISTICS


     ESTIMATED SAMPLE STATISTICS


           Means
              A_01          A_02          A_03          A_04          A_05
              ________      ________      ________      ________      ________
 1             27.053        26.399        26.322        24.766        22.232


           Means
              AGE_C80       EDU_C7
              ________      ________
 1              3.438         0.288


           Covariances
              A_01          A_02          A_03          A_04          A_05
              ________      ________      ________      ________      ________
 A_01          11.357
 A_02          10.052        20.388
 A_03          10.893        16.027        21.519
 A_04          14.321        20.635        24.221        39.039
 A_05          15.233        22.910        26.246        40.794        57.713
 AGE_C80       -3.344        -4.394        -5.375        -8.525        -9.026
 EDU_C7         1.383         1.990         2.237         2.606         2.874


           Covariances
              AGE_C80       EDU_C7
              ________      ________
 AGE_C80       10.163
 EDU_C7        -0.793         6.090


           Correlations
              A_01          A_02          A_03          A_04          A_05
              ________      ________      ________      ________      ________
 A_01           1.000
 A_02           0.661         1.000
 A_03           0.697         0.765         1.000
 A_04           0.680         0.731         0.836         1.000
 A_05           0.595         0.668         0.745         0.859         1.000
 AGE_C80       -0.311        -0.305        -0.363        -0.428        -0.373
 EDU_C7         0.166         0.179         0.195         0.169         0.153


           Correlations
              AGE_C80       EDU_C7
              ________      ________
 AGE_C80        1.000
 EDU_C7        -0.101         1.000


     MAXIMUM LOG-LIKELIHOOD VALUE FOR THE UNRESTRICTED (H1) MODEL IS -8686.382


UNIVARIATE HIGHER-ORDER MOMENT DESCRIPTIVE STATISTICS


     UNIVARIATE HIGHER-ORDER MOMENT DESCRIPTIVE STATISTICS

         Variable/         Mean/     Skewness/   Minimum/ % with                Percentiles
        Sample Size      Variance    Kurtosis    Maximum  Min/Max      20%/60%    40%/80%    Median

     A_01                 27.099      -2.449       1.000    0.31%      23.000     27.000     27.000
             652.000      10.913       9.775      30.000   13.34%      28.000     29.000
     A_02                 26.817      -2.495       0.000    1.67%      21.000     26.000     27.000
             539.000      16.730       7.731      30.000   15.96%      28.000     29.000
     A_03                 27.117      -2.533       0.000    2.18%      20.000     26.000     27.000
             413.000      15.007       8.770      30.000   20.58%      28.000     30.000
     A_04                 26.230      -2.786       0.000    3.61%      19.000     25.000     27.000
             305.000      28.285       9.157      30.000   18.03%      28.000     29.000
     A_05                 24.762      -1.610       0.000    4.11%      15.000     23.000     25.000
             219.000      29.658       2.888      30.000   10.50%      27.000     29.000
     AGE_C80               3.438       1.474      -0.630    0.15%       0.887      1.827      2.459
             655.000      10.163       2.780      17.918    0.15%       3.310      5.984
     EDU_C7                0.288       2.176      -7.000    0.15%      -1.000     -1.000     -1.000
             655.000       6.090       7.251      16.000    0.15%       0.000      1.000


THE MODEL ESTIMATION TERMINATED NORMALLY



MODEL FIT INFORMATION

Number of Free Parameters                       16

Loglikelihood

          H0 Value                       -3944.371
          H0 Scaling Correction Factor      2.3566
            for MLR

Information Criteria

          Akaike (AIC)                    7920.742
          Bayesian (BIC)                  7987.152
          Sample-Size Adjusted BIC        7936.371
            (n* = (n + 2) / 24)



MODEL RESULTS

                                                    Two-Tailed
                    Estimate       S.E.  Est./S.E.    P-Value

 IA         ON
    AGE_C80           -0.305      0.059     -5.144      0.000
    EDU_C7             0.190      0.044      4.315      0.000

 SA         ON
    AGE_C80           -0.053      0.033     -1.577      0.115
    EDU_C7             0.041      0.030      1.360      0.174

 QA         ON
    AGE_C80           -0.002      0.005     -0.461      0.645
    EDU_C7            -0.003      0.005     -0.550      0.582

 IA       WITH
    SA                 1.266      0.631      2.006      0.045
    QA                -0.062      0.090     -0.683      0.495

 SA       WITH
    QA                -0.066      0.068     -0.975      0.330

 Intercepts
    A_01               0.000      0.000    999.000    999.000
    A_02               0.000      0.000    999.000    999.000
    A_03               0.000      0.000    999.000    999.000
    A_04               0.000      0.000    999.000    999.000
    A_05               0.000      0.000    999.000    999.000
    IA                27.941      0.202    138.524      0.000
    SA                 0.243      0.123      1.977      0.048
    QA                -0.067      0.019     -3.597      0.000

 Residual Variances
    A_01               4.697      0.784      5.991      0.000
    A_02               4.697      0.784      5.991      0.000
    A_03               4.697      0.784      5.991      0.000
    A_04               4.697      0.784      5.991      0.000
    A_05               4.697      0.784      5.991      0.000
    IA                 5.525      1.828      3.022      0.003
    SA                 0.560      0.562      0.997      0.319
    QA                 0.014      0.009      1.573      0.116


QUALITY OF NUMERICAL RESULTS

     Condition Number for the Information Matrix              0.380E-05
       (ratio of smallest to largest eigenvalue)


CONFIDENCE INTERVALS OF MODEL RESULTS

                  Lower .5%  Lower 2.5%    Lower 5%    Estimate    Upper 5%  Upper 2.5%   Upper .5%

 IA       ON
    AGE_C80         -0.458      -0.421      -0.403      -0.305      -0.207      -0.189      -0.152
    EDU_C7           0.077       0.104       0.117       0.190       0.262       0.276       0.303

 SA       ON
    AGE_C80         -0.139      -0.118      -0.108      -0.053       0.002       0.013       0.033
    EDU_C7          -0.037      -0.018      -0.009       0.041       0.091       0.100       0.119

 QA       ON
    AGE_C80         -0.016      -0.013      -0.011      -0.002       0.006       0.008       0.011
    EDU_C7          -0.015      -0.012      -0.010      -0.003       0.005       0.007       0.009

 IA       WITH
    SA              -0.360       0.029       0.228       1.266       2.304       2.503       2.891
    QA              -0.294      -0.238      -0.210      -0.062       0.087       0.115       0.171

 SA       WITH
    QA              -0.241      -0.199      -0.178      -0.066       0.045       0.067       0.109

 Intercepts
    A_01             0.000       0.000       0.000       0.000       0.000       0.000       0.000
    A_02             0.000       0.000       0.000       0.000       0.000       0.000       0.000
    A_03             0.000       0.000       0.000       0.000       0.000       0.000       0.000
    A_04             0.000       0.000       0.000       0.000       0.000       0.000       0.000
    A_05             0.000       0.000       0.000       0.000       0.000       0.000       0.000
    IA              27.421      27.545      27.609      27.941      28.272      28.336      28.460
    SA              -0.074       0.002       0.041       0.243       0.446       0.484       0.560
    QA              -0.116      -0.104      -0.098      -0.067      -0.037      -0.031      -0.019

 Residual Variances
    A_01             2.678       3.160       3.407       4.697       5.987       6.234       6.716
    A_02             2.678       3.160       3.407       4.697       5.987       6.234       6.716
    A_03             2.678       3.160       3.407       4.697       5.987       6.234       6.716
    A_04             2.678       3.160       3.407       4.697       5.987       6.234       6.716
    A_05             2.678       3.160       3.407       4.697       5.987       6.234       6.716
    IA               0.816       1.942       2.517       5.525       8.532       9.108      10.234
    SA              -0.887      -0.541      -0.364       0.560       1.484       1.661       2.007
    QA              -0.009      -0.003      -0.001       0.014       0.028       0.031       0.036


SAMPLE STATISTICS FOR ESTIMATED FACTOR SCORES


     SAMPLE STATISTICS


           Means
              IA            IA_SE         SA            SA_SE         QA
              ________      ________      ________      ________      ________
 1             25.580         1.025        -0.240         0.503        -0.071


           Means
              QA_SE
              ________
 1              0.098


           Covariances
              IA            IA_SE         SA            SA_SE         QA
              ________      ________      ________      ________      ________
 IA            13.757
 IA_SE         -0.161         0.081
 SA             3.395        -0.044         0.907
 SA_SE         -0.052         0.019        -0.014         0.005
 QA            -0.154         0.004        -0.057         0.001         0.008
 QA_SE         -0.021         0.003        -0.006         0.001         0.000


           Covariances
              QA_SE
              ________
 QA_SE          0.000


           Correlations
              IA            IA_SE         SA            SA_SE         QA
              ________      ________      ________      ________      ________
 IA             1.000
 IA_SE         -0.152         1.000
 SA             0.961        -0.162         1.000
 SA_SE         -0.202         0.952        -0.204         1.000
 QA            -0.475         0.176        -0.687         0.161         1.000
 QA_SE         -0.302         0.659        -0.324         0.815         0.234


           Correlations
              QA_SE
              ________
 QA_SE          1.000


RESULTS SAVING INFORMATION

  Order of data

    Parameter estimates
     (saved in order shown in Technical 1 output)
    Standard errors
     (saved in order shown in Technical 1 output)
    H0 Loglikelihood
    H0 Scaling Correction Factor for MLR
    Number of Free Parameters
    Akaike (AIC)
    Bayesian (BIC)
    Sample-Size Adjusted BIC

  Save file
    u2_12345_ae_mmse_results.dat

  Save file format           Free


PLOT INFORMATION

The following plots are available:

  Histograms (sample values, estimated factor scores)
  Scatterplots (sample values, estimated factor scores)
  Latent variable distribution plots

SAVEDATA INFORMATION


  Save file
    u2_12345_ae_mmse_fscores.dat

  Order and format of variables

    A_01           F10.3
    A_02           F10.3
    A_03           F10.3
    A_04           F10.3
    A_05           F10.3
    AGE_C80        F10.3
    EDU_C7         F10.3
    TIME_01        F10.3
    TIME_02        F10.3
    TIME_03        F10.3
    TIME_04        F10.3
    TIME_05        F10.3
    _WEIGHT        F10.3
    IA             F10.3
    IA_SE          F10.3
    SA             F10.3
    SA_SE          F10.3
    QA             F10.3
    QA_SE          F10.3
    PAIRID         I6

  Save file format
    19F10.3 I6

  Save file record length    10000


     Beginning Time:  12:11:32
        Ending Time:  12:11:39
       Elapsed Time:  00:00:07



MUTHEN & MUTHEN
3463 Stoner Ave.
Los Angeles, CA  90066

Tel: (310) 391-9971
Fax: (310) 391-8971
Web: www.StatModel.com
Support: Support@StatModel.com

Copyright (c) 1998-2014 Muthen & Muthen
