Mplus VERSION 7.3
MUTHEN & MUTHEN
12/17/2016   6:20 PM

INPUT INSTRUCTIONS

  TITLE:
  Script produced from the prototype in ./sandbox/syntax-creator/
  DATA:
  File = wide-dataset.dat ;
  VARIABLE:
  NAMES are
   Case PairID female age_c80 edu_c7 sbp_c167 smoke cardio diabetes dementia_ever
      years_since_bl_01 years_since_bl_02 years_since_bl_03 years_since_bl_04
      years_since_bl_05 pef_01 pef_02 pef_03 pef_04 pef_05 grip_01 grip_02 grip_03
      grip_04 grip_05 gait_01 gait_02 gait_03 gait_04 gait_05 block_01 block_02
      block_03 block_04 block_05 digitspanbackward_01 digitspanbackward_02
      digitspanbackward_03 digitspanbackward_04 digitspanbackward_05
      digitspanforward_01 digitspanforward_02 digitspanforward_03 digitspanforward_04
      digitspanforward_05 symbol_01 symbol_02 symbol_03 symbol_04 symbol_05 prose_01
      prose_02 prose_03 prose_04 prose_05 info_01 info_02 info_03 info_04 info_05
      synonyms_01 synonyms_02 synonyms_03 synonyms_04 synonyms_05 psif_01 psif_02
      psif_03 psif_04 psif_05 figure_01 figure_02 figure_03 figure_04 figure_05
      mirrecall_01 mirrecall_02 mirrecall_03 mirrecall_04 mirrecall_05 mmse_01 mmse_02
      mmse_03 mmse_04 mmse_05 mirnaming_01 mirnaming_02 mirnaming_03 mirnaming_04
      mirnaming_05 mirrecog_01 mirrecog_02 mirrecog_03 mirrecog_04 mirrecog_05
      clock_01 clock_02 clock_03 clock_04 clock_05
  	;
  Missing are all (-9999);
  USEVARIABLES are
  	!define the variables used in the analysis
  	! covariates used in the model
  age_c80	
  	!estimated time points
  time_01
  time_04
  time_05
  	!modelled time points of process (A)
  a_01
  a_04
  a_05
  ;
  TSCORES are
  	!estimated time points
  time_01
  time_04
  time_05;
  CLUSTER = PairID;
  SUBPOPULATION are
  	!select a subset of observations
  dementia_ever NE 1
  ;
  DEFINE:
  	! assign variables to the process (A)
  a_01 = mmse_01;
  a_04 = mmse_04;
  a_05 = mmse_05;
  	!assign variables to time points
  time_01 = years_since_bl_01;
  time_04 = years_since_bl_04;
  time_05 = years_since_bl_05;
  	
  ANALYSIS: TYPE = RANDOM COMPLEX;
  COVERAGE=.00;
  MODEL:
  	!first-level equation
  	! assign process (A) to time points
  ia sa qa | a_01 AT time_01 ;
  ia sa qa | a_04 AT time_04 ;
  ia sa qa | a_05 AT time_05 ;
  	!variance of the first-level terms
  ia (v_ia);
  sa (v_sa);
  qa (v_qa);
  	!covariance among first-level terms
  ia WITH sa (c_iasa);
  ia WITH qa (c_iaqa);
  sa WITH qa (c_saqa);
  	!second-level equation
  ia sa qa ON age_c80;
  	!residual covariance of process (A)
  a_01 (res_a);
  a_04 (res_a);
  a_05 (res_a);	
  SAVEDATA:
  FILE is   u2_145_a_mmse_fscores.dat;
  SAVE = FSCORES;
  RESULTS are   u2_145_a_mmse_results.dat;
  	
  OUTPUT: sampstat cinterval;
  PLOT: Type is Plot1 Plot2 Plot3;



*** WARNING
  Data set contains cases with missing on all variables except
  x-variables.  These cases were not included in the analysis.
  Number of cases with missing on all variables except x-variables:  5
   1 WARNING(S) FOUND IN THE INPUT INSTRUCTIONS




Script produced from the prototype in ./sandbox/syntax-creator/

SUMMARY OF ANALYSIS

Number of groups                                                 1
Number of observations                                         474

Number of dependent variables                                    3
Number of independent variables                                  1
Number of continuous latent variables                            3

Observed dependent variables

  Continuous
   A_01        A_04        A_05

Observed independent variables
   AGE_C80

Continuous latent variables
   IA          SA          QA

Variables with special functions

  Cluster variable      PAIRID
  Weight variable       _WEIGHT

  Time scores
   TIME_01     TIME_04     TIME_05


Estimator                                                      MLR
Information matrix                                        OBSERVED
Maximum number of iterations                                   100
Convergence criterion                                    0.100D-05
Maximum number of EM iterations                                500
Convergence criteria for the EM algorithm
  Loglikelihood change                                   0.100D-02
  Relative loglikelihood change                          0.100D-05
  Derivative                                             0.100D-03
Minimum variance                                         0.100D-03
Maximum number of steepest descent iterations                   20
Maximum number of iterations for H1                           2000
Convergence criterion for H1                             0.100D-03
Optimization algorithm                                         EMA

Input data file(s)
  wide-dataset.dat
Input data format  FREE



SAMPLE STATISTICS


     ESTIMATED SAMPLE STATISTICS


           Means
              A_01          A_04          A_05          AGE_C80
              ________      ________      ________      ________
 1             26.833        25.060        22.583         3.445


           Covariances
              A_01          A_04          A_05          AGE_C80
              ________      ________      ________      ________
 A_01          15.618
 A_04          18.793        39.362
 A_05          19.818        40.939        57.547
 AGE_C80       -3.449        -7.592        -8.147        10.126


           Correlations
              A_01          A_04          A_05          AGE_C80
              ________      ________      ________      ________
 A_01           1.000
 A_04           0.758         1.000
 A_05           0.661         0.860         1.000
 AGE_C80       -0.274        -0.380        -0.338         1.000


     MAXIMUM LOG-LIKELIHOOD VALUE FOR THE UNRESTRICTED (H1) MODEL IS -5320.277


UNIVARIATE HIGHER-ORDER MOMENT DESCRIPTIVE STATISTICS


     UNIVARIATE HIGHER-ORDER MOMENT DESCRIPTIVE STATISTICS

         Variable/         Mean/     Skewness/   Minimum/ % with                Percentiles
        Sample Size      Variance    Kurtosis    Maximum  Min/Max      20%/60%    40%/80%    Median

     A_01                 26.883      -2.959       0.000    2.45%      22.000     26.000     27.000
             695.000      15.056      12.734      30.000   12.52%      28.000     29.000
     A_04                 26.230      -2.786       0.000    6.37%      16.000     25.000     27.000
             314.000      28.285       9.157      30.000   17.52%      28.000     29.000
     A_05                 24.762      -1.610       0.000    4.55%      15.000     23.000     25.000
             220.000      29.658       2.888      30.000   10.45%      27.000     29.000
     AGE_C80               3.445       1.467      -0.630    0.14%       0.912      1.899      2.542
             697.000      10.126       2.759      17.918    0.14%       3.482      6.195


THE MODEL ESTIMATION TERMINATED NORMALLY



MODEL FIT INFORMATION

Number of Free Parameters                       13

Loglikelihood

          H0 Value                       -2400.138
          H0 Scaling Correction Factor      2.5584
            for MLR

Information Criteria

          Akaike (AIC)                    4826.277
          Bayesian (BIC)                  4880.372
          Sample-Size Adjusted BIC        4839.112
            (n* = (n + 2) / 24)



MODEL RESULTS

                                                    Two-Tailed
                    Estimate       S.E.  Est./S.E.    P-Value

 IA         ON
    AGE_C80           -0.341      0.066     -5.132      0.000

 SA         ON
    AGE_C80           -0.090      0.058     -1.543      0.123

 QA         ON
    AGE_C80            0.004      0.008      0.493      0.622

 IA       WITH
    SA                 1.338      4.991      0.268      0.789
    QA                -0.074      0.436     -0.169      0.866

 SA       WITH
    QA                -0.119      1.324     -0.090      0.928

 Intercepts
    A_01               0.000      0.000    999.000    999.000
    A_04               0.000      0.000    999.000    999.000
    A_05               0.000      0.000    999.000    999.000
    IA                28.009      0.244    115.022      0.000
    SA                 0.721      0.277      2.601      0.009
    QA                -0.131      0.043     -3.040      0.002

 Residual Variances
    A_01               3.755     14.701      0.255      0.798
    A_04               3.755     14.701      0.255      0.798
    A_05               3.755     14.701      0.255      0.798
    IA                10.716     14.953      0.717      0.474
    SA                 0.854     10.235      0.083      0.933
    QA                 0.022      0.180      0.125      0.901


QUALITY OF NUMERICAL RESULTS

     Condition Number for the Information Matrix              0.127E-07
       (ratio of smallest to largest eigenvalue)


CONFIDENCE INTERVALS OF MODEL RESULTS

                  Lower .5%  Lower 2.5%    Lower 5%    Estimate    Upper 5%  Upper 2.5%   Upper .5%

 IA       ON
    AGE_C80         -0.512      -0.471      -0.450      -0.341      -0.232      -0.211      -0.170

 SA       ON
    AGE_C80         -0.239      -0.203      -0.185      -0.090       0.006       0.024       0.060

 QA       ON
    AGE_C80         -0.017      -0.012      -0.009       0.004       0.017       0.020       0.025

 IA       WITH
    SA             -11.519      -8.445      -6.873       1.338       9.549      11.121      14.195
    QA              -1.198      -0.929      -0.791      -0.074       0.644       0.782       1.051

 SA       WITH
    QA              -3.531      -2.715      -2.298      -0.119       2.059       2.476       3.292

 Intercepts
    A_01             0.000       0.000       0.000       0.000       0.000       0.000       0.000
    A_04             0.000       0.000       0.000       0.000       0.000       0.000       0.000
    A_05             0.000       0.000       0.000       0.000       0.000       0.000       0.000
    IA              27.382      27.532      27.608      28.009      28.410      28.486      28.636
    SA               0.007       0.178       0.265       0.721       1.178       1.265       1.436
    QA              -0.242      -0.216      -0.202      -0.131      -0.060      -0.047      -0.020

 Residual Variances
    A_01           -34.112     -25.059     -20.428       3.755      27.939      32.569      41.622
    A_04           -34.112     -25.059     -20.428       3.755      27.939      32.569      41.622
    A_05           -34.112     -25.059     -20.428       3.755      27.939      32.569      41.622
    IA             -27.801     -18.592     -13.882      10.716      35.314      40.025      49.233
    SA             -25.508     -19.206     -15.982       0.854      17.691      20.915      27.217
    QA              -0.441      -0.330      -0.273       0.022       0.318       0.375       0.485


SAMPLE STATISTICS FOR ESTIMATED FACTOR SCORES


     SAMPLE STATISTICS


           Means
              IA            IA_SE         SA            SA_SE         QA
              ________      ________      ________      ________      ________
 1             24.858         1.500         0.172         0.808        -0.115


           Means
              QA_SE
              ________
 1              0.135


           Covariances
              IA            IA_SE         SA            SA_SE         QA
              ________      ________      ________      ________      ________
 IA            28.379
 IA_SE         -0.190         0.035
 SA             3.815        -0.031         0.602
 SA_SE         -0.089         0.010        -0.014         0.004
 QA            -0.183         0.004        -0.040         0.001         0.006
 QA_SE         -0.027         0.003        -0.004         0.001         0.000


           Covariances
              QA_SE
              ________
 QA_SE          0.000


           Correlations
              IA            IA_SE         SA            SA_SE         QA
              ________      ________      ________      ________      ________
 IA             1.000
 IA_SE         -0.191         1.000
 SA             0.923        -0.216         1.000
 SA_SE         -0.259         0.799        -0.284         1.000
 QA            -0.439         0.259        -0.653         0.192         1.000
 QA_SE         -0.262         0.774        -0.286         0.996         0.187


           Correlations
              QA_SE
              ________
 QA_SE          1.000


RESULTS SAVING INFORMATION

  Order of data

    Parameter estimates
     (saved in order shown in Technical 1 output)
    Standard errors
     (saved in order shown in Technical 1 output)
    H0 Loglikelihood
    H0 Scaling Correction Factor for MLR
    Number of Free Parameters
    Akaike (AIC)
    Bayesian (BIC)
    Sample-Size Adjusted BIC

  Save file
    u2_145_a_mmse_results.dat

  Save file format           Free


PLOT INFORMATION

The following plots are available:

  Histograms (sample values, estimated factor scores)
  Scatterplots (sample values, estimated factor scores)
  Latent variable distribution plots

SAVEDATA INFORMATION


  Save file
    u2_145_a_mmse_fscores.dat

  Order and format of variables

    A_01           F10.3
    A_04           F10.3
    A_05           F10.3
    AGE_C80        F10.3
    TIME_01        F10.3
    TIME_04        F10.3
    TIME_05        F10.3
    _WEIGHT        F10.3
    IA             F10.3
    IA_SE          F10.3
    SA             F10.3
    SA_SE          F10.3
    QA             F10.3
    QA_SE          F10.3
    PAIRID         I6

  Save file format
    14F10.3 I6

  Save file record length    10000


     Beginning Time:  18:20:44
        Ending Time:  18:20:47
       Elapsed Time:  00:00:03



MUTHEN & MUTHEN
3463 Stoner Ave.
Los Angeles, CA  90066

Tel: (310) 391-9971
Fax: (310) 391-8971
Web: www.StatModel.com
Support: Support@StatModel.com

Copyright (c) 1998-2014 Muthen & Muthen
