Mplus VERSION 7.3
MUTHEN & MUTHEN
12/17/2016  12:12 PM

INPUT INSTRUCTIONS

  TITLE:
  Script produced from the prototype in ./sandbox/syntax-creator/
  DATA:
  File = wide-dataset.dat ;
  VARIABLE:
  NAMES are
   Case PairID female age_c80 edu_c7 sbp_c167 smoke cardio diabetes dementia_ever
      years_since_bl_01 years_since_bl_02 years_since_bl_03 years_since_bl_04
      years_since_bl_05 pef_01 pef_02 pef_03 pef_04 pef_05 grip_01 grip_02 grip_03
      grip_04 grip_05 gait_01 gait_02 gait_03 gait_04 gait_05 block_01 block_02
      block_03 block_04 block_05 digitspanbackward_01 digitspanbackward_02
      digitspanbackward_03 digitspanbackward_04 digitspanbackward_05
      digitspanforward_01 digitspanforward_02 digitspanforward_03 digitspanforward_04
      digitspanforward_05 symbol_01 symbol_02 symbol_03 symbol_04 symbol_05 prose_01
      prose_02 prose_03 prose_04 prose_05 info_01 info_02 info_03 info_04 info_05
      synonyms_01 synonyms_02 synonyms_03 synonyms_04 synonyms_05 psif_01 psif_02
      psif_03 psif_04 psif_05 figure_01 figure_02 figure_03 figure_04 figure_05
      mirrecall_01 mirrecall_02 mirrecall_03 mirrecall_04 mirrecall_05 mmse_01 mmse_02
      mmse_03 mmse_04 mmse_05 mirnaming_01 mirnaming_02 mirnaming_03 mirnaming_04
      mirnaming_05 mirrecog_01 mirrecog_02 mirrecog_03 mirrecog_04 mirrecog_05
      clock_01 clock_02 clock_03 clock_04 clock_05
  	;
  Missing are all (-9999);
  USEVARIABLES are
  	!define the variables used in the analysis
  	! covariates used in the model
  age_c80
  edu_c7
  female
  sbp_c167	
  	!estimated time points
  time_01
  time_02
  time_03
  time_04
  	!modelled time points of process (A)
  a_01
  a_02
  a_03
  a_04
  ;
  TSCORES are
  	!estimated time points
  time_01
  time_02
  time_03
  time_04;
  CLUSTER = PairID;
  SUBPOPULATION are
  	!select a subset of observations
  dementia_ever NE 1
  ;
  DEFINE:
  	! assign variables to the process (A)
  a_01 = mmse_01;
  a_02 = mmse_02;
  a_03 = mmse_03;
  a_04 = mmse_04;
  	!assign variables to time points
  time_01 = years_since_bl_01;
  time_02 = years_since_bl_02;
  time_03 = years_since_bl_03;
  time_04 = years_since_bl_04;
  	
  ANALYSIS: TYPE = RANDOM COMPLEX;
  COVERAGE=.00;
  MODEL:
  	!first-level equation
  	! assign process (A) to time points
  ia sa qa | a_01 AT time_01 ;
  ia sa qa | a_02 AT time_02 ;
  ia sa qa | a_03 AT time_03 ;
  ia sa qa | a_04 AT time_04 ;
  	!variance of the first-level terms
  ia (v_ia);
  sa (v_sa);
  qa (v_qa);
  	!covariance among first-level terms
  ia WITH sa (c_iasa);
  ia WITH qa (c_iaqa);
  sa WITH qa (c_saqa);
  	!second-level equation
  ia sa qa ON age_c80
  edu_c7
  female
  sbp_c167;
  	!residual covariance of process (A)
  a_01 (res_a);
  a_02 (res_a);
  a_03 (res_a);
  a_04 (res_a);	
  SAVEDATA:
  FILE is   u2_1234_aefb_mmse_fscores.dat;
  SAVE = FSCORES;
  RESULTS are   u2_1234_aefb_mmse_results.dat;
  	
  OUTPUT: sampstat cinterval;
  PLOT: Type is Plot1 Plot2 Plot3;



*** WARNING
  Data set contains cases with missing on x-variables.
  These cases were not included in the analysis.
  Number of cases with missing on x-variables:  92
   1 WARNING(S) FOUND IN THE INPUT INSTRUCTIONS




Script produced from the prototype in ./sandbox/syntax-creator/

SUMMARY OF ANALYSIS

Number of groups                                                 1
Number of observations                                         442

Number of dependent variables                                    4
Number of independent variables                                  4
Number of continuous latent variables                            3

Observed dependent variables

  Continuous
   A_01        A_02        A_03        A_04

Observed independent variables
   AGE_C80     EDU_C7      FEMALE      SBP_C167

Continuous latent variables
   IA          SA          QA

Variables with special functions

  Cluster variable      PAIRID
  Weight variable       _WEIGHT

  Time scores
   TIME_01     TIME_02     TIME_03     TIME_04


Estimator                                                      MLR
Information matrix                                        OBSERVED
Maximum number of iterations                                   100
Convergence criterion                                    0.100D-05
Maximum number of EM iterations                                500
Convergence criteria for the EM algorithm
  Loglikelihood change                                   0.100D-02
  Relative loglikelihood change                          0.100D-05
  Derivative                                             0.100D-03
Minimum variance                                         0.100D-03
Maximum number of steepest descent iterations                   20
Maximum number of iterations for H1                           2000
Convergence criterion for H1                             0.100D-03
Optimization algorithm                                         EMA

Input data file(s)
  wide-dataset.dat
Input data format  FREE



SAMPLE STATISTICS


     ESTIMATED SAMPLE STATISTICS


           Means
              A_01          A_02          A_03          A_04          AGE_C80
              ________      ________      ________      ________      ________
 1             27.346        26.811        26.773        25.424         3.383


           Means
              EDU_C7        FEMALE        SBP_C167
              ________      ________      ________
 1              0.296         0.649        -6.627


           Covariances
              A_01          A_02          A_03          A_04          AGE_C80
              ________      ________      ________      ________      ________
 A_01           8.905
 A_02           7.436        15.922
 A_03           7.735        11.158        16.099
 A_04           9.372        14.069        16.506        27.457
 AGE_C80       -2.744        -3.451        -4.072        -6.522         9.281
 EDU_C7         1.158         1.552         1.805         1.646        -0.551
 FEMALE         0.176         0.237         0.119         0.155         0.081
 SBP_C167      10.188        10.200         4.944         0.927        -6.491


           Covariances
              EDU_C7        FEMALE        SBP_C167
              ________      ________      ________
 EDU_C7         6.145
 FEMALE        -0.116         0.228
 SBP_C167       1.292         0.708       505.913


           Correlations
              A_01          A_02          A_03          A_04          AGE_C80
              ________      ________      ________      ________      ________
 A_01           1.000
 A_02           0.625         1.000
 A_03           0.646         0.697         1.000
 A_04           0.599         0.673         0.785         1.000
 AGE_C80       -0.302        -0.284        -0.333        -0.409         1.000
 EDU_C7         0.156         0.157         0.181         0.127        -0.073
 FEMALE         0.123         0.124         0.062         0.062         0.056
 SBP_C167       0.152         0.114         0.055         0.008        -0.095


           Correlations
              EDU_C7        FEMALE        SBP_C167
              ________      ________      ________
 EDU_C7         1.000
 FEMALE        -0.098         1.000
 SBP_C167       0.023         0.066         1.000


     MAXIMUM LOG-LIKELIHOOD VALUE FOR THE UNRESTRICTED (H1) MODEL IS -10555.836


UNIVARIATE HIGHER-ORDER MOMENT DESCRIPTIVE STATISTICS


     UNIVARIATE HIGHER-ORDER MOMENT DESCRIPTIVE STATISTICS

         Variable/         Mean/     Skewness/   Minimum/ % with                Percentiles
        Sample Size      Variance    Kurtosis    Maximum  Min/Max      20%/60%    40%/80%    Median

     A_01                 27.346      -2.655       1.000    0.16%      24.000     27.000     28.000
             610.000       8.905      13.320      30.000   14.10%      28.000     29.000
     A_02                 27.033      -2.726       0.000    1.36%      22.000     26.000     27.000
             513.000      14.478      10.035      30.000   16.57%      28.000     29.000
     A_03                 27.276      -2.267       0.000    1.75%      21.000     26.000     28.000
             399.000      12.560       6.627      30.000   21.05%      28.000     30.000
     A_04                 26.616      -2.404       0.000    2.03%      19.000     26.000     27.000
             295.000      19.144       7.119      30.000   18.64%      28.000     29.000
     AGE_C80               3.383       1.313      -0.630    0.16%       0.887      1.827      2.454
             610.000       9.281       2.031      17.918    0.16%       3.269      5.825
     EDU_C7                0.296       2.204      -7.000    0.16%      -1.000     -1.000     -1.000
             610.000       6.145       7.378      16.000    0.16%       0.000      1.000
     FEMALE                0.649      -0.626       0.000   34.59%       0.000      1.000      1.000
             610.000       0.228      -1.608       1.000   65.41%       1.000      1.000
     SBP_C167             -6.627       0.388     -67.000    0.16%     -27.000    -17.000     -7.000
             610.000     505.913       0.671      93.000    0.16%      -7.000     13.000


THE MODEL ESTIMATION TERMINATED NORMALLY



MODEL FIT INFORMATION

Number of Free Parameters                       22

Loglikelihood

          H0 Value                       -3212.829
          H0 Scaling Correction Factor      2.2845
            for MLR

Information Criteria

          Akaike (AIC)                    6469.659
          Bayesian (BIC)                  6559.668
          Sample-Size Adjusted BIC        6489.850
            (n* = (n + 2) / 24)



MODEL RESULTS

                                                    Two-Tailed
                    Estimate       S.E.  Est./S.E.    P-Value

 IA         ON
    AGE_C80           -0.283      0.051     -5.519      0.000
    EDU_C7             0.177      0.043      4.164      0.000
    FEMALE             0.958      0.328      2.921      0.003
    SBP_C167           0.015      0.006      2.560      0.010

 SA         ON
    AGE_C80           -0.011      0.040     -0.274      0.784
    EDU_C7             0.046      0.038      1.223      0.221
    FEMALE             0.105      0.220      0.477      0.633
    SBP_C167           0.000      0.004     -0.131      0.896

 QA         ON
    AGE_C80           -0.008      0.008     -1.040      0.298
    EDU_C7            -0.006      0.006     -0.980      0.327
    FEMALE            -0.021      0.039     -0.546      0.585
    SBP_C167          -0.001      0.001     -0.774      0.439

 IA       WITH
    SA                 1.031      0.682      1.513      0.130
    QA                -0.086      0.107     -0.804      0.421

 SA       WITH
    QA                -0.084      0.130     -0.645      0.519

 Intercepts
    A_01               0.000      0.000    999.000    999.000
    A_02               0.000      0.000    999.000    999.000
    A_03               0.000      0.000    999.000    999.000
    A_04               0.000      0.000    999.000    999.000
    IA                27.686      0.284     97.531      0.000
    SA                -0.121      0.184     -0.657      0.511
    QA                 0.007      0.030      0.240      0.810

 Residual Variances
    A_01               4.050      0.829      4.883      0.000
    A_02               4.050      0.829      4.883      0.000
    A_03               4.050      0.829      4.883      0.000
    A_04               4.050      0.829      4.883      0.000
    IA                 3.788      1.595      2.376      0.018
    SA                 0.577      0.808      0.714      0.475
    QA                 0.017      0.023      0.760      0.447


QUALITY OF NUMERICAL RESULTS

     Condition Number for the Information Matrix              0.174E-05
       (ratio of smallest to largest eigenvalue)


CONFIDENCE INTERVALS OF MODEL RESULTS

                  Lower .5%  Lower 2.5%    Lower 5%    Estimate    Upper 5%  Upper 2.5%   Upper .5%

 IA       ON
    AGE_C80         -0.416      -0.384      -0.368      -0.283      -0.199      -0.183      -0.151
    EDU_C7           0.068       0.094       0.107       0.177       0.247       0.260       0.286
    FEMALE           0.113       0.315       0.418       0.958       1.497       1.601       1.803
    SBP_C167         0.000       0.004       0.005       0.015       0.025       0.027       0.030

 SA       ON
    AGE_C80         -0.113      -0.089      -0.076      -0.011       0.054       0.067       0.091
    EDU_C7          -0.051      -0.028      -0.016       0.046       0.108       0.120       0.144
    FEMALE          -0.462      -0.327      -0.257       0.105       0.468       0.537       0.673
    SBP_C167        -0.010      -0.008      -0.007       0.000       0.006       0.007       0.009

 QA       ON
    AGE_C80         -0.029      -0.024      -0.021      -0.008       0.005       0.007       0.012
    EDU_C7          -0.021      -0.018      -0.016      -0.006       0.004       0.006       0.010
    FEMALE          -0.122      -0.098      -0.086      -0.021       0.043       0.055       0.079
    SBP_C167        -0.002      -0.002      -0.002      -0.001       0.001       0.001       0.001

 IA       WITH
    SA              -0.724      -0.305      -0.090       1.031       2.153       2.367       2.787
    QA              -0.362      -0.296      -0.262      -0.086       0.090       0.124       0.190

 SA       WITH
    QA              -0.420      -0.340      -0.299      -0.084       0.130       0.172       0.252

 Intercepts
    A_01             0.000       0.000       0.000       0.000       0.000       0.000       0.000
    A_02             0.000       0.000       0.000       0.000       0.000       0.000       0.000
    A_03             0.000       0.000       0.000       0.000       0.000       0.000       0.000
    A_04             0.000       0.000       0.000       0.000       0.000       0.000       0.000
    IA              26.955      27.129      27.219      27.686      28.153      28.242      28.417
    SA              -0.596      -0.483      -0.425      -0.121       0.182       0.240       0.354
    QA              -0.070      -0.051      -0.042       0.007       0.056       0.066       0.084

 Residual Variances
    A_01             1.914       2.424       2.685       4.050       5.414       5.675       6.186
    A_02             1.914       2.424       2.685       4.050       5.414       5.675       6.186
    A_03             1.914       2.424       2.685       4.050       5.414       5.675       6.186
    A_04             1.914       2.424       2.685       4.050       5.414       5.675       6.186
    IA              -0.319       0.663       1.165       3.788       6.411       6.914       7.896
    SA              -1.505      -1.007      -0.753       0.577       1.907       2.161       2.659
    QA              -0.041      -0.027      -0.020       0.017       0.054       0.061       0.075


SAMPLE STATISTICS FOR ESTIMATED FACTOR SCORES


     SAMPLE STATISTICS


           Means
              IA            IA_SE         SA            SA_SE         QA
              ________      ________      ________      ________      ________
 1             26.094         0.916        -0.402         0.540        -0.016


           Means
              QA_SE
              ________
 1              0.114


           Covariances
              IA            IA_SE         SA            SA_SE         QA
              ________      ________      ________      ________      ________
 IA            10.777
 IA_SE         -0.075         0.052
 SA             2.971        -0.020         0.952
 SA_SE         -0.012         0.013        -0.003         0.003
 QA            -0.217         0.003        -0.088         0.001         0.012
 QA_SE         -0.006         0.002        -0.002         0.000         0.000


           Covariances
              QA_SE
              ________
 QA_SE          0.000


           Correlations
              IA            IA_SE         SA            SA_SE         QA
              ________      ________      ________      ________      ________
 IA             1.000
 IA_SE         -0.101         1.000
 SA             0.928        -0.091         1.000
 SA_SE         -0.065         0.984        -0.049         1.000
 QA            -0.593         0.131        -0.809         0.085         1.000
 QA_SE         -0.213         0.820        -0.236         0.784         0.264


           Correlations
              QA_SE
              ________
 QA_SE          1.000


RESULTS SAVING INFORMATION

  Order of data

    Parameter estimates
     (saved in order shown in Technical 1 output)
    Standard errors
     (saved in order shown in Technical 1 output)
    H0 Loglikelihood
    H0 Scaling Correction Factor for MLR
    Number of Free Parameters
    Akaike (AIC)
    Bayesian (BIC)
    Sample-Size Adjusted BIC

  Save file
    u2_1234_aefb_mmse_results.dat

  Save file format           Free


PLOT INFORMATION

The following plots are available:

  Histograms (sample values, estimated factor scores)
  Scatterplots (sample values, estimated factor scores)
  Latent variable distribution plots

SAVEDATA INFORMATION


  Save file
    u2_1234_aefb_mmse_fscores.dat

  Order and format of variables

    A_01           F10.3
    A_02           F10.3
    A_03           F10.3
    A_04           F10.3
    AGE_C80        F10.3
    EDU_C7         F10.3
    FEMALE         F10.3
    SBP_C167       F10.3
    TIME_01        F10.3
    TIME_02        F10.3
    TIME_03        F10.3
    TIME_04        F10.3
    _WEIGHT        F10.3
    IA             F10.3
    IA_SE          F10.3
    SA             F10.3
    SA_SE          F10.3
    QA             F10.3
    QA_SE          F10.3
    PAIRID         I6

  Save file format
    19F10.3 I6

  Save file record length    10000


     Beginning Time:  12:12:11
        Ending Time:  12:12:16
       Elapsed Time:  00:00:05



MUTHEN & MUTHEN
3463 Stoner Ave.
Los Angeles, CA  90066

Tel: (310) 391-9971
Fax: (310) 391-8971
Web: www.StatModel.com
Support: Support@StatModel.com

Copyright (c) 1998-2014 Muthen & Muthen
