Mplus VERSION 7.3
MUTHEN & MUTHEN
12/17/2016  12:13 PM

INPUT INSTRUCTIONS

  TITLE:
  Script produced from the prototype in ./sandbox/syntax-creator/
  DATA:
  File = wide-dataset.dat ;
  VARIABLE:
  NAMES are
   Case PairID female age_c80 edu_c7 sbp_c167 smoke cardio diabetes dementia_ever
      years_since_bl_01 years_since_bl_02 years_since_bl_03 years_since_bl_04
      years_since_bl_05 pef_01 pef_02 pef_03 pef_04 pef_05 grip_01 grip_02 grip_03
      grip_04 grip_05 gait_01 gait_02 gait_03 gait_04 gait_05 block_01 block_02
      block_03 block_04 block_05 digitspanbackward_01 digitspanbackward_02
      digitspanbackward_03 digitspanbackward_04 digitspanbackward_05
      digitspanforward_01 digitspanforward_02 digitspanforward_03 digitspanforward_04
      digitspanforward_05 symbol_01 symbol_02 symbol_03 symbol_04 symbol_05 prose_01
      prose_02 prose_03 prose_04 prose_05 info_01 info_02 info_03 info_04 info_05
      synonyms_01 synonyms_02 synonyms_03 synonyms_04 synonyms_05 psif_01 psif_02
      psif_03 psif_04 psif_05 figure_01 figure_02 figure_03 figure_04 figure_05
      mirrecall_01 mirrecall_02 mirrecall_03 mirrecall_04 mirrecall_05 mmse_01 mmse_02
      mmse_03 mmse_04 mmse_05 mirnaming_01 mirnaming_02 mirnaming_03 mirnaming_04
      mirnaming_05 mirrecog_01 mirrecog_02 mirrecog_03 mirrecog_04 mirrecog_05
      clock_01 clock_02 clock_03 clock_04 clock_05
  	;
  Missing are all (-9999);
  USEVARIABLES are
  	!define the variables used in the analysis
  	! covariates used in the model
  age_c80	
  	!estimated time points
  time_01
  time_02
  time_04
  time_05
  	!modelled time points of process (A)
  a_01
  a_02
  a_04
  a_05
  ;
  TSCORES are
  	!estimated time points
  time_01
  time_02
  time_04
  time_05;
  CLUSTER = PairID;
  SUBPOPULATION are
  	!select a subset of observations
  dementia_ever NE 1
  ;
  DEFINE:
  	! assign variables to the process (A)
  a_01 = mmse_01;
  a_02 = mmse_02;
  a_04 = mmse_04;
  a_05 = mmse_05;
  	!assign variables to time points
  time_01 = years_since_bl_01;
  time_02 = years_since_bl_02;
  time_04 = years_since_bl_04;
  time_05 = years_since_bl_05;
  	
  ANALYSIS: TYPE = RANDOM COMPLEX;
  COVERAGE=.00;
  MODEL:
  	!first-level equation
  	! assign process (A) to time points
  ia sa qa | a_01 AT time_01 ;
  ia sa qa | a_02 AT time_02 ;
  ia sa qa | a_04 AT time_04 ;
  ia sa qa | a_05 AT time_05 ;
  	!variance of the first-level terms
  ia (v_ia);
  sa (v_sa);
  qa (v_qa);
  	!covariance among first-level terms
  ia WITH sa (c_iasa);
  ia WITH qa (c_iaqa);
  sa WITH qa (c_saqa);
  	!second-level equation
  ia sa qa ON age_c80;
  	!residual covariance of process (A)
  a_01 (res_a);
  a_02 (res_a);
  a_04 (res_a);
  a_05 (res_a);	
  SAVEDATA:
  FILE is   u2_1245_a_mmse_fscores.dat;
  SAVE = FSCORES;
  RESULTS are   u2_1245_a_mmse_results.dat;
  	
  OUTPUT: sampstat cinterval;
  PLOT: Type is Plot1 Plot2 Plot3;



*** WARNING
  Data set contains cases with missing on all variables except
  x-variables.  These cases were not included in the analysis.
  Number of cases with missing on all variables except x-variables:  3
   1 WARNING(S) FOUND IN THE INPUT INSTRUCTIONS




Script produced from the prototype in ./sandbox/syntax-creator/

SUMMARY OF ANALYSIS

Number of groups                                                 1
Number of observations                                         475

Number of dependent variables                                    4
Number of independent variables                                  1
Number of continuous latent variables                            3

Observed dependent variables

  Continuous
   A_01        A_02        A_04        A_05

Observed independent variables
   AGE_C80

Continuous latent variables
   IA          SA          QA

Variables with special functions

  Cluster variable      PAIRID
  Weight variable       _WEIGHT

  Time scores
   TIME_01     TIME_02     TIME_04     TIME_05


Estimator                                                      MLR
Information matrix                                        OBSERVED
Maximum number of iterations                                   100
Convergence criterion                                    0.100D-05
Maximum number of EM iterations                                500
Convergence criteria for the EM algorithm
  Loglikelihood change                                   0.100D-02
  Relative loglikelihood change                          0.100D-05
  Derivative                                             0.100D-03
Minimum variance                                         0.100D-03
Maximum number of steepest descent iterations                   20
Maximum number of iterations for H1                           2000
Convergence criterion for H1                             0.100D-03
Optimization algorithm                                         EMA

Input data file(s)
  wide-dataset.dat
Input data format  FREE



SAMPLE STATISTICS


     ESTIMATED SAMPLE STATISTICS


           Means
              A_01          A_02          A_04          A_05          AGE_C80
              ________      ________      ________      ________      ________
 1             26.838        26.214        24.595        22.065         3.451


           Covariances
              A_01          A_02          A_04          A_05          AGE_C80
              ________      ________      ________      ________      ________
 A_01          15.481
 A_02          13.508        23.410
 A_04          19.704        26.579        45.734
 A_05          20.845        29.018        47.903        65.185
 AGE_C80       -3.394        -4.508        -7.905        -8.439        10.122


           Correlations
              A_01          A_02          A_04          A_05          AGE_C80
              ________      ________      ________      ________      ________
 A_01           1.000
 A_02           0.710         1.000
 A_04           0.741         0.812         1.000
 A_05           0.656         0.743         0.877         1.000
 AGE_C80       -0.271        -0.293        -0.367        -0.329         1.000


     MAXIMUM LOG-LIKELIHOOD VALUE FOR THE UNRESTRICTED (H1) MODEL IS -6744.322


UNIVARIATE HIGHER-ORDER MOMENT DESCRIPTIVE STATISTICS


     UNIVARIATE HIGHER-ORDER MOMENT DESCRIPTIVE STATISTICS

         Variable/         Mean/     Skewness/   Minimum/ % with                Percentiles
        Sample Size      Variance    Kurtosis    Maximum  Min/Max      20%/60%    40%/80%    Median

     A_01                 26.883      -2.959       0.000    2.45%      22.000     26.000     27.000
             695.000      15.056      12.734      30.000   12.52%      28.000     29.000
     A_02                 26.699      -2.540       0.000    3.37%      19.000     25.000     27.000
             564.000      18.675       7.916      30.000   15.25%      28.000     29.000
     A_04                 26.230      -2.786       0.000    6.37%      16.000     25.000     27.000
             314.000      28.285       9.157      30.000   17.52%      28.000     29.000
     A_05                 24.762      -1.610       0.000    4.55%      15.000     23.000     25.000
             220.000      29.658       2.888      30.000   10.45%      27.000     29.000
     AGE_C80               3.451       1.461      -0.630    0.14%       0.914      1.915      2.542
             699.000      10.122       2.743      17.918    0.14%       3.489      6.207


THE MODEL ESTIMATION TERMINATED NORMALLY



MODEL FIT INFORMATION

Number of Free Parameters                       13

Loglikelihood

          H0 Value                       -3368.778
          H0 Scaling Correction Factor      2.6394
            for MLR

Information Criteria

          Akaike (AIC)                    6763.557
          Bayesian (BIC)                  6817.680
          Sample-Size Adjusted BIC        6776.420
            (n* = (n + 2) / 24)



MODEL RESULTS

                                                    Two-Tailed
                    Estimate       S.E.  Est./S.E.    P-Value

 IA         ON
    AGE_C80           -0.324      0.063     -5.116      0.000

 SA         ON
    AGE_C80           -0.076      0.036     -2.119      0.034

 QA         ON
    AGE_C80            0.001      0.005      0.264      0.792

 IA       WITH
    SA                 1.755      1.028      1.708      0.088
    QA                -0.078      0.137     -0.569      0.570

 SA       WITH
    QA                -0.040      0.117     -0.340      0.734

 Intercepts
    A_01               0.000      0.000    999.000    999.000
    A_02               0.000      0.000    999.000    999.000
    A_04               0.000      0.000    999.000    999.000
    A_05               0.000      0.000    999.000    999.000
    IA                27.883      0.236    118.067      0.000
    SA                 0.220      0.142      1.551      0.121
    QA                -0.067      0.020     -3.377      0.001

 Residual Variances
    A_01               5.290      1.315      4.023      0.000
    A_02               5.290      1.315      4.023      0.000
    A_04               5.290      1.315      4.023      0.000
    A_05               5.290      1.315      4.023      0.000
    IA                 8.860      2.940      3.014      0.003
    SA                 0.444      0.998      0.445      0.656
    QA                 0.008      0.015      0.582      0.560


QUALITY OF NUMERICAL RESULTS

     Condition Number for the Information Matrix              0.156E-04
       (ratio of smallest to largest eigenvalue)


CONFIDENCE INTERVALS OF MODEL RESULTS

                  Lower .5%  Lower 2.5%    Lower 5%    Estimate    Upper 5%  Upper 2.5%   Upper .5%

 IA       ON
    AGE_C80         -0.487      -0.448      -0.428      -0.324      -0.220      -0.200      -0.161

 SA       ON
    AGE_C80         -0.169      -0.147      -0.135      -0.076      -0.017      -0.006       0.016

 QA       ON
    AGE_C80         -0.012      -0.009      -0.007       0.001       0.010       0.012       0.015

 IA       WITH
    SA              -0.892      -0.259       0.064       1.755       3.446       3.770       4.403
    QA              -0.431      -0.346      -0.303      -0.078       0.147       0.191       0.275

 SA       WITH
    QA              -0.342      -0.270      -0.233      -0.040       0.153       0.190       0.262

 Intercepts
    A_01             0.000       0.000       0.000       0.000       0.000       0.000       0.000
    A_02             0.000       0.000       0.000       0.000       0.000       0.000       0.000
    A_04             0.000       0.000       0.000       0.000       0.000       0.000       0.000
    A_05             0.000       0.000       0.000       0.000       0.000       0.000       0.000
    IA              27.275      27.420      27.495      27.883      28.272      28.346      28.492
    SA              -0.145      -0.058      -0.013       0.220       0.453       0.497       0.585
    QA              -0.117      -0.105      -0.099      -0.067      -0.034      -0.028      -0.016

 Residual Variances
    A_01             1.903       2.713       3.127       5.290       7.453       7.867       8.677
    A_02             1.903       2.713       3.127       5.290       7.453       7.867       8.677
    A_04             1.903       2.713       3.127       5.290       7.453       7.867       8.677
    A_05             1.903       2.713       3.127       5.290       7.453       7.867       8.677
    IA               1.287       3.097       4.023       8.860      13.696      14.622      16.432
    SA              -2.127      -1.512      -1.198       0.444       2.086       2.400       3.015
    QA              -0.029      -0.020      -0.015       0.008       0.032       0.037       0.046


SAMPLE STATISTICS FOR ESTIMATED FACTOR SCORES


     SAMPLE STATISTICS


           Means
              IA            IA_SE         SA            SA_SE         QA
              ________      ________      ________      ________      ________
 1             24.700         1.223        -0.439         0.388        -0.051


           Means
              QA_SE
              ________
 1              0.081


           Covariances
              IA            IA_SE         SA            SA_SE         QA
              ________      ________      ________      ________      ________
 IA            25.540
 IA_SE         -0.375         0.100
 SA             5.190        -0.083         1.077
 SA_SE         -0.047         0.013        -0.010         0.002
 QA            -0.230         0.005        -0.055         0.001         0.005
 QA_SE         -0.016         0.002        -0.003         0.000         0.000


           Covariances
              QA_SE
              ________
 QA_SE          0.000


           Correlations
              IA            IA_SE         SA            SA_SE         QA
              ________      ________      ________      ________      ________
 IA             1.000
 IA_SE         -0.235         1.000
 SA             0.989        -0.253         1.000
 SA_SE         -0.214         0.957        -0.223         1.000
 QA            -0.641         0.243        -0.740         0.181         1.000
 QA_SE         -0.317         0.714        -0.335         0.601         0.284


           Correlations
              QA_SE
              ________
 QA_SE          1.000


RESULTS SAVING INFORMATION

  Order of data

    Parameter estimates
     (saved in order shown in Technical 1 output)
    Standard errors
     (saved in order shown in Technical 1 output)
    H0 Loglikelihood
    H0 Scaling Correction Factor for MLR
    Number of Free Parameters
    Akaike (AIC)
    Bayesian (BIC)
    Sample-Size Adjusted BIC

  Save file
    u2_1245_a_mmse_results.dat

  Save file format           Free


PLOT INFORMATION

The following plots are available:

  Histograms (sample values, estimated factor scores)
  Scatterplots (sample values, estimated factor scores)
  Latent variable distribution plots

SAVEDATA INFORMATION


  Save file
    u2_1245_a_mmse_fscores.dat

  Order and format of variables

    A_01           F10.3
    A_02           F10.3
    A_04           F10.3
    A_05           F10.3
    AGE_C80        F10.3
    TIME_01        F10.3
    TIME_02        F10.3
    TIME_04        F10.3
    TIME_05        F10.3
    _WEIGHT        F10.3
    IA             F10.3
    IA_SE          F10.3
    SA             F10.3
    SA_SE          F10.3
    QA             F10.3
    QA_SE          F10.3
    PAIRID         I6

  Save file format
    16F10.3 I6

  Save file record length    10000


     Beginning Time:  12:13:04
        Ending Time:  12:13:06
       Elapsed Time:  00:00:02



MUTHEN & MUTHEN
3463 Stoner Ave.
Los Angeles, CA  90066

Tel: (310) 391-9971
Fax: (310) 391-8971
Web: www.StatModel.com
Support: Support@StatModel.com

Copyright (c) 1998-2014 Muthen & Muthen
