Mplus VERSION 7.3
MUTHEN & MUTHEN
12/17/2016   6:16 PM

INPUT INSTRUCTIONS

  TITLE:
  Script produced from the prototype in ./sandbox/syntax-creator/
  DATA:
  File = wide-dataset.dat ;
  VARIABLE:
  NAMES are
   Case PairID female age_c80 edu_c7 sbp_c167 smoke cardio diabetes dementia_ever
      years_since_bl_01 years_since_bl_02 years_since_bl_03 years_since_bl_04
      years_since_bl_05 pef_01 pef_02 pef_03 pef_04 pef_05 grip_01 grip_02 grip_03
      grip_04 grip_05 gait_01 gait_02 gait_03 gait_04 gait_05 block_01 block_02
      block_03 block_04 block_05 digitspanbackward_01 digitspanbackward_02
      digitspanbackward_03 digitspanbackward_04 digitspanbackward_05
      digitspanforward_01 digitspanforward_02 digitspanforward_03 digitspanforward_04
      digitspanforward_05 symbol_01 symbol_02 symbol_03 symbol_04 symbol_05 prose_01
      prose_02 prose_03 prose_04 prose_05 info_01 info_02 info_03 info_04 info_05
      synonyms_01 synonyms_02 synonyms_03 synonyms_04 synonyms_05 psif_01 psif_02
      psif_03 psif_04 psif_05 figure_01 figure_02 figure_03 figure_04 figure_05
      mirrecall_01 mirrecall_02 mirrecall_03 mirrecall_04 mirrecall_05 mmse_01 mmse_02
      mmse_03 mmse_04 mmse_05 mirnaming_01 mirnaming_02 mirnaming_03 mirnaming_04
      mirnaming_05 mirrecog_01 mirrecog_02 mirrecog_03 mirrecog_04 mirrecog_05
      clock_01 clock_02 clock_03 clock_04 clock_05
  	;
  Missing are all (-9999);
  USEVARIABLES are
  	!define the variables used in the analysis
  	! covariates used in the model
  age_c80
  edu_c7
  female	
  	!estimated time points
  time_01
  time_02
  time_05
  	!modelled time points of process (A)
  a_01
  a_02
  a_05
  ;
  TSCORES are
  	!estimated time points
  time_01
  time_02
  time_05;
  CLUSTER = PairID;
  SUBPOPULATION are
  	!select a subset of observations
  dementia_ever NE 1
  ;
  DEFINE:
  	! assign variables to the process (A)
  a_01 = mmse_01;
  a_02 = mmse_02;
  a_05 = mmse_05;
  	!assign variables to time points
  time_01 = years_since_bl_01;
  time_02 = years_since_bl_02;
  time_05 = years_since_bl_05;
  	
  ANALYSIS: TYPE = RANDOM COMPLEX;
  COVERAGE=.00;
  MODEL:
  	!first-level equation
  	! assign process (A) to time points
  ia sa qa | a_01 AT time_01 ;
  ia sa qa | a_02 AT time_02 ;
  ia sa qa | a_05 AT time_05 ;
  	!variance of the first-level terms
  ia (v_ia);
  sa (v_sa);
  qa (v_qa);
  	!covariance among first-level terms
  ia WITH sa (c_iasa);
  ia WITH qa (c_iaqa);
  sa WITH qa (c_saqa);
  	!second-level equation
  ia sa qa ON age_c80
  edu_c7
  female;
  	!residual covariance of process (A)
  a_01 (res_a);
  a_02 (res_a);
  a_05 (res_a);	
  SAVEDATA:
  FILE is   u2_125_aef_mmse_fscores.dat;
  SAVE = FSCORES;
  RESULTS are   u2_125_aef_mmse_results.dat;
  	
  OUTPUT: sampstat cinterval;
  PLOT: Type is Plot1 Plot2 Plot3;



*** WARNING
  Data set contains cases with missing on x-variables.
  These cases were not included in the analysis.
  Number of cases with missing on x-variables:  46
*** WARNING
  Data set contains cases with missing on all variables except
  x-variables.  These cases were not included in the analysis.
  Number of cases with missing on all variables except x-variables:  3
   2 WARNING(S) FOUND IN THE INPUT INSTRUCTIONS




Script produced from the prototype in ./sandbox/syntax-creator/

SUMMARY OF ANALYSIS

Number of groups                                                 1
Number of observations                                         467

Number of dependent variables                                    3
Number of independent variables                                  3
Number of continuous latent variables                            3

Observed dependent variables

  Continuous
   A_01        A_02        A_05

Observed independent variables
   AGE_C80     EDU_C7      FEMALE

Continuous latent variables
   IA          SA          QA

Variables with special functions

  Cluster variable      PAIRID
  Weight variable       _WEIGHT

  Time scores
   TIME_01     TIME_02     TIME_05


Estimator                                                      MLR
Information matrix                                        OBSERVED
Maximum number of iterations                                   100
Convergence criterion                                    0.100D-05
Maximum number of EM iterations                                500
Convergence criteria for the EM algorithm
  Loglikelihood change                                   0.100D-02
  Relative loglikelihood change                          0.100D-05
  Derivative                                             0.100D-03
Minimum variance                                         0.100D-03
Maximum number of steepest descent iterations                   20
Maximum number of iterations for H1                           2000
Convergence criterion for H1                             0.100D-03
Optimization algorithm                                         EMA

Input data file(s)
  wide-dataset.dat
Input data format  FREE



SAMPLE STATISTICS


     ESTIMATED SAMPLE STATISTICS


           Means
              A_01          A_02          A_05          AGE_C80       EDU_C7
              ________      ________      ________      ________      ________
 1             27.098        26.484        23.156         3.397         0.300


           Means
              FEMALE
              ________
 1              0.651


           Covariances
              A_01          A_02          A_05          AGE_C80       EDU_C7
              ________      ________      ________      ________      ________
 A_01          10.903
 A_02           9.232        19.120
 A_05          11.730        18.485        41.154
 AGE_C80       -2.951        -3.773        -5.869         9.719
 EDU_C7         1.270         1.812         1.973        -0.651         6.073
 FEMALE         0.186         0.233         0.451         0.095        -0.124


           Covariances
              FEMALE
              ________
 FEMALE         0.227


           Correlations
              A_01          A_02          A_05          AGE_C80       EDU_C7
              ________      ________      ________      ________      ________
 A_01           1.000
 A_02           0.639         1.000
 A_05           0.554         0.659         1.000
 AGE_C80       -0.287        -0.277        -0.293         1.000
 EDU_C7         0.156         0.168         0.125        -0.085         1.000
 FEMALE         0.118         0.112         0.148         0.064        -0.106


           Correlations
              FEMALE
              ________
 FEMALE         1.000


     MAXIMUM LOG-LIKELIHOOD VALUE FOR THE UNRESTRICTED (H1) MODEL IS -7352.542


UNIVARIATE HIGHER-ORDER MOMENT DESCRIPTIVE STATISTICS


     UNIVARIATE HIGHER-ORDER MOMENT DESCRIPTIVE STATISTICS

         Variable/         Mean/     Skewness/   Minimum/ % with                Percentiles
        Sample Size      Variance    Kurtosis    Maximum  Min/Max      20%/60%    40%/80%    Median

     A_01                 27.099      -2.449       1.000    0.31%      23.000     27.000     27.000
             652.000      10.913       9.775      30.000   13.34%      28.000     29.000
     A_02                 26.817      -2.495       0.000    1.67%      21.000     26.000     27.000
             539.000      16.730       7.731      30.000   15.96%      28.000     29.000
     A_05                 24.762      -1.610       0.000    4.11%      15.000     23.000     25.000
             219.000      29.658       2.888      30.000   10.50%      27.000     29.000
     AGE_C80               3.397       1.406      -0.630    0.15%       0.887      1.819      2.457
             653.000       9.719       2.450      17.918    0.15%       3.301      5.921
     EDU_C7                0.300       2.192      -7.000    0.15%      -1.000     -1.000     -1.000
             653.000       6.073       7.290      16.000    0.15%       0.000      1.000
     FEMALE                0.651      -0.633       0.000   34.61%       0.000      1.000      1.000
             653.000       0.227      -1.599       1.000   65.39%       1.000      1.000


THE MODEL ESTIMATION TERMINATED NORMALLY



MODEL FIT INFORMATION

Number of Free Parameters                       19

Loglikelihood

          H0 Value                       -2668.138
          H0 Scaling Correction Factor      1.8820
            for MLR

Information Criteria

          Akaike (AIC)                    5374.276
          Bayesian (BIC)                  5453.056
          Sample-Size Adjusted BIC        5392.754
            (n* = (n + 2) / 24)



MODEL RESULTS

                                                    Two-Tailed
                    Estimate       S.E.  Est./S.E.    P-Value

 IA         ON
    AGE_C80           -0.301      0.052     -5.769      0.000
    EDU_C7             0.199      0.043      4.661      0.000
    FEMALE             1.054      0.345      3.051      0.002

 SA         ON
    AGE_C80           -0.037      0.038     -0.972      0.331
    EDU_C7             0.054      0.039      1.378      0.168
    FEMALE             0.132      0.243      0.542      0.588

 QA         ON
    AGE_C80            0.000      0.005     -0.001      0.999
    EDU_C7            -0.005      0.005     -0.973      0.331
    FEMALE             0.004      0.029      0.151      0.880

 IA       WITH
    SA                -0.041      3.752     -0.011      0.991
    QA                 0.028      0.388      0.072      0.942

 SA       WITH
    QA                -0.284      0.558     -0.508      0.611

 Intercepts
    A_01               0.000      0.000    999.000    999.000
    A_02               0.000      0.000    999.000    999.000
    A_05               0.000      0.000    999.000    999.000
    IA                27.378      0.288     95.014      0.000
    SA                -0.210      0.221     -0.949      0.342
    QA                -0.034      0.027     -1.256      0.209

 Residual Variances
    A_01               2.153      6.064      0.355      0.723
    A_02               2.153      6.064      0.355      0.723
    A_05               2.153      6.064      0.355      0.723
    IA                 7.419      6.215      1.194      0.233
    SA                 2.685      4.804      0.559      0.576
    QA                 0.035      0.067      0.518      0.604


QUALITY OF NUMERICAL RESULTS

     Condition Number for the Information Matrix              0.221E-07
       (ratio of smallest to largest eigenvalue)


CONFIDENCE INTERVALS OF MODEL RESULTS

                  Lower .5%  Lower 2.5%    Lower 5%    Estimate    Upper 5%  Upper 2.5%   Upper .5%

 IA       ON
    AGE_C80         -0.436      -0.403      -0.387      -0.301      -0.215      -0.199      -0.167
    EDU_C7           0.089       0.115       0.129       0.199       0.269       0.283       0.309
    FEMALE           0.164       0.377       0.486       1.054       1.622       1.731       1.944

 SA       ON
    AGE_C80         -0.135      -0.112      -0.100      -0.037       0.026       0.038       0.061
    EDU_C7          -0.047      -0.023      -0.010       0.054       0.117       0.130       0.154
    FEMALE          -0.494      -0.344      -0.268       0.132       0.532       0.608       0.758

 QA       ON
    AGE_C80         -0.013      -0.010      -0.008       0.000       0.008       0.010       0.013
    EDU_C7          -0.018      -0.015      -0.013      -0.005       0.003       0.005       0.008
    FEMALE          -0.071      -0.053      -0.044       0.004       0.053       0.062       0.080

 IA       WITH
    SA              -9.705      -7.394      -6.213      -0.041       6.130       7.312       9.622
    QA              -0.971      -0.732      -0.610       0.028       0.666       0.788       1.027

 SA       WITH
    QA              -1.720      -1.377      -1.201      -0.284       0.634       0.810       1.153

 Intercepts
    A_01             0.000       0.000       0.000       0.000       0.000       0.000       0.000
    A_02             0.000       0.000       0.000       0.000       0.000       0.000       0.000
    A_05             0.000       0.000       0.000       0.000       0.000       0.000       0.000
    IA              26.636      26.813      26.904      27.378      27.852      27.943      28.120
    SA              -0.779      -0.643      -0.574      -0.210       0.154       0.223       0.360
    QA              -0.103      -0.087      -0.078      -0.034       0.010       0.019       0.036

 Residual Variances
    A_01           -13.466      -9.732      -7.822       2.153      12.127      14.037      17.771
    A_02           -13.466      -9.732      -7.822       2.153      12.127      14.037      17.771
    A_05           -13.466      -9.732      -7.822       2.153      12.127      14.037      17.771
    IA              -8.590      -4.763      -2.805       7.419      17.643      19.601      23.429
    SA              -9.688      -6.730      -5.217       2.685      10.587      12.100      15.059
    QA              -0.138      -0.097      -0.076       0.035       0.145       0.166       0.208


SAMPLE STATISTICS FOR ESTIMATED FACTOR SCORES


     SAMPLE STATISTICS


           Means
              IA            IA_SE         SA            SA_SE         QA
              ________      ________      ________      ________      ________
 1             25.904         1.204        -0.654         1.101        -0.001


           Means
              QA_SE
              ________
 1              0.137


           Covariances
              IA            IA_SE         SA            SA_SE         QA
              ________      ________      ________      ________      ________
 IA            16.806
 IA_SE         -0.026         0.003
 SA             2.810         0.006         3.073
 SA_SE         -0.148         0.010         0.042         0.062
 QA            -0.218        -0.001        -0.301        -0.004         0.032
 QA_SE         -0.020         0.001         0.000         0.006         0.000


           Covariances
              QA_SE
              ________
 QA_SE          0.001


           Correlations
              IA            IA_SE         SA            SA_SE         QA
              ________      ________      ________      ________      ________
 IA             1.000
 IA_SE         -0.121         1.000
 SA             0.391         0.068         1.000
 SA_SE         -0.145         0.772         0.096         1.000
 QA            -0.296        -0.062        -0.957        -0.093         1.000
 QA_SE         -0.196         0.754         0.002         0.944         0.007


           Correlations
              QA_SE
              ________
 QA_SE          1.000


RESULTS SAVING INFORMATION

  Order of data

    Parameter estimates
     (saved in order shown in Technical 1 output)
    Standard errors
     (saved in order shown in Technical 1 output)
    H0 Loglikelihood
    H0 Scaling Correction Factor for MLR
    Number of Free Parameters
    Akaike (AIC)
    Bayesian (BIC)
    Sample-Size Adjusted BIC

  Save file
    u2_125_aef_mmse_results.dat

  Save file format           Free


PLOT INFORMATION

The following plots are available:

  Histograms (sample values, estimated factor scores)
  Scatterplots (sample values, estimated factor scores)
  Latent variable distribution plots

SAVEDATA INFORMATION


  Save file
    u2_125_aef_mmse_fscores.dat

  Order and format of variables

    A_01           F10.3
    A_02           F10.3
    A_05           F10.3
    AGE_C80        F10.3
    EDU_C7         F10.3
    FEMALE         F10.3
    TIME_01        F10.3
    TIME_02        F10.3
    TIME_05        F10.3
    _WEIGHT        F10.3
    IA             F10.3
    IA_SE          F10.3
    SA             F10.3
    SA_SE          F10.3
    QA             F10.3
    QA_SE          F10.3
    PAIRID         I6

  Save file format
    16F10.3 I6

  Save file record length    10000


     Beginning Time:  18:16:06
        Ending Time:  18:16:13
       Elapsed Time:  00:00:07



MUTHEN & MUTHEN
3463 Stoner Ave.
Los Angeles, CA  90066

Tel: (310) 391-9971
Fax: (310) 391-8971
Web: www.StatModel.com
Support: Support@StatModel.com

Copyright (c) 1998-2014 Muthen & Muthen
