Mplus VERSION 7.3
MUTHEN & MUTHEN
12/17/2016  12:13 PM

INPUT INSTRUCTIONS

  TITLE:
  Script produced from the prototype in ./sandbox/syntax-creator/
  DATA:
  File = wide-dataset.dat ;
  VARIABLE:
  NAMES are
   Case PairID female age_c80 edu_c7 sbp_c167 smoke cardio diabetes dementia_ever
      years_since_bl_01 years_since_bl_02 years_since_bl_03 years_since_bl_04
      years_since_bl_05 pef_01 pef_02 pef_03 pef_04 pef_05 grip_01 grip_02 grip_03
      grip_04 grip_05 gait_01 gait_02 gait_03 gait_04 gait_05 block_01 block_02
      block_03 block_04 block_05 digitspanbackward_01 digitspanbackward_02
      digitspanbackward_03 digitspanbackward_04 digitspanbackward_05
      digitspanforward_01 digitspanforward_02 digitspanforward_03 digitspanforward_04
      digitspanforward_05 symbol_01 symbol_02 symbol_03 symbol_04 symbol_05 prose_01
      prose_02 prose_03 prose_04 prose_05 info_01 info_02 info_03 info_04 info_05
      synonyms_01 synonyms_02 synonyms_03 synonyms_04 synonyms_05 psif_01 psif_02
      psif_03 psif_04 psif_05 figure_01 figure_02 figure_03 figure_04 figure_05
      mirrecall_01 mirrecall_02 mirrecall_03 mirrecall_04 mirrecall_05 mmse_01 mmse_02
      mmse_03 mmse_04 mmse_05 mirnaming_01 mirnaming_02 mirnaming_03 mirnaming_04
      mirnaming_05 mirrecog_01 mirrecog_02 mirrecog_03 mirrecog_04 mirrecog_05
      clock_01 clock_02 clock_03 clock_04 clock_05
  	;
  Missing are all (-9999);
  USEVARIABLES are
  	!define the variables used in the analysis
  	! covariates used in the model
  age_c80	
  	!estimated time points
  time_01
  time_03
  time_04
  time_05
  	!modelled time points of process (A)
  a_01
  a_03
  a_04
  a_05
  ;
  TSCORES are
  	!estimated time points
  time_01
  time_03
  time_04
  time_05;
  CLUSTER = PairID;
  SUBPOPULATION are
  	!select a subset of observations
  dementia_ever NE 1
  ;
  DEFINE:
  	! assign variables to the process (A)
  a_01 = mmse_01;
  a_03 = mmse_03;
  a_04 = mmse_04;
  a_05 = mmse_05;
  	!assign variables to time points
  time_01 = years_since_bl_01;
  time_03 = years_since_bl_03;
  time_04 = years_since_bl_04;
  time_05 = years_since_bl_05;
  	
  ANALYSIS: TYPE = RANDOM COMPLEX;
  COVERAGE=.00;
  MODEL:
  	!first-level equation
  	! assign process (A) to time points
  ia sa qa | a_01 AT time_01 ;
  ia sa qa | a_03 AT time_03 ;
  ia sa qa | a_04 AT time_04 ;
  ia sa qa | a_05 AT time_05 ;
  	!variance of the first-level terms
  ia (v_ia);
  sa (v_sa);
  qa (v_qa);
  	!covariance among first-level terms
  ia WITH sa (c_iasa);
  ia WITH qa (c_iaqa);
  sa WITH qa (c_saqa);
  	!second-level equation
  ia sa qa ON age_c80;
  	!residual covariance of process (A)
  a_01 (res_a);
  a_03 (res_a);
  a_04 (res_a);
  a_05 (res_a);	
  SAVEDATA:
  FILE is   u2_1345_a_mmse_fscores.dat;
  SAVE = FSCORES;
  RESULTS are   u2_1345_a_mmse_results.dat;
  	
  OUTPUT: sampstat cinterval;
  PLOT: Type is Plot1 Plot2 Plot3;



*** WARNING
  Data set contains cases with missing on all variables except
  x-variables.  These cases were not included in the analysis.
  Number of cases with missing on all variables except x-variables:  5
   1 WARNING(S) FOUND IN THE INPUT INSTRUCTIONS




Script produced from the prototype in ./sandbox/syntax-creator/

SUMMARY OF ANALYSIS

Number of groups                                                 1
Number of observations                                         474

Number of dependent variables                                    4
Number of independent variables                                  1
Number of continuous latent variables                            3

Observed dependent variables

  Continuous
   A_01        A_03        A_04        A_05

Observed independent variables
   AGE_C80

Continuous latent variables
   IA          SA          QA

Variables with special functions

  Cluster variable      PAIRID
  Weight variable       _WEIGHT

  Time scores
   TIME_01     TIME_03     TIME_04     TIME_05


Estimator                                                      MLR
Information matrix                                        OBSERVED
Maximum number of iterations                                   100
Convergence criterion                                    0.100D-05
Maximum number of EM iterations                                500
Convergence criteria for the EM algorithm
  Loglikelihood change                                   0.100D-02
  Relative loglikelihood change                          0.100D-05
  Derivative                                             0.100D-03
Minimum variance                                         0.100D-03
Maximum number of steepest descent iterations                   20
Maximum number of iterations for H1                           2000
Convergence criterion for H1                             0.100D-03
Optimization algorithm                                         EMA

Input data file(s)
  wide-dataset.dat
Input data format  FREE



SAMPLE STATISTICS


     ESTIMATED SAMPLE STATISTICS


           Means
              A_01          A_03          A_04          A_05          AGE_C80
              ________      ________      ________      ________      ________
 1             26.830        26.323        24.779        22.261         3.445


           Covariances
              A_01          A_03          A_04          A_05          AGE_C80
              ________      ________      ________      ________      ________
 A_01          15.701
 A_03          14.374        22.803
 A_04          18.451        26.027        41.205
 A_05          19.595        28.141        43.027        59.978
 AGE_C80       -3.439        -5.380        -8.568        -9.104        10.126


           Correlations
              A_01          A_03          A_04          A_05          AGE_C80
              ________      ________      ________      ________      ________
 A_01           1.000
 A_03           0.760         1.000
 A_04           0.725         0.849         1.000
 A_05           0.639         0.761         0.866         1.000
 AGE_C80       -0.273        -0.354        -0.419        -0.369         1.000


     MAXIMUM LOG-LIKELIHOOD VALUE FOR THE UNRESTRICTED (H1) MODEL IS -6334.190


UNIVARIATE HIGHER-ORDER MOMENT DESCRIPTIVE STATISTICS


     UNIVARIATE HIGHER-ORDER MOMENT DESCRIPTIVE STATISTICS

         Variable/         Mean/     Skewness/   Minimum/ % with                Percentiles
        Sample Size      Variance    Kurtosis    Maximum  Min/Max      20%/60%    40%/80%    Median

     A_01                 26.883      -2.959       0.000    2.45%      22.000     26.000     27.000
             695.000      15.056      12.734      30.000   12.52%      28.000     29.000
     A_03                 27.048      -2.594       0.000    4.20%      17.000     25.000     27.000
             429.000      16.341       8.820      30.000   19.81%      28.000     29.000
     A_04                 26.230      -2.786       0.000    6.37%      16.000     25.000     27.000
             314.000      28.285       9.157      30.000   17.52%      28.000     29.000
     A_05                 24.762      -1.610       0.000    4.55%      15.000     23.000     25.000
             220.000      29.658       2.888      30.000   10.45%      27.000     29.000
     AGE_C80               3.445       1.467      -0.630    0.14%       0.912      1.899      2.542
             697.000      10.126       2.759      17.918    0.14%       3.482      6.195


THE MODEL ESTIMATION TERMINATED NORMALLY



MODEL FIT INFORMATION

Number of Free Parameters                       13

Loglikelihood

          H0 Value                       -3093.407
          H0 Scaling Correction Factor      2.5366
            for MLR

Information Criteria

          Akaike (AIC)                    6212.814
          Bayesian (BIC)                  6266.910
          Sample-Size Adjusted BIC        6225.650
            (n* = (n + 2) / 24)



MODEL RESULTS

                                                    Two-Tailed
                    Estimate       S.E.  Est./S.E.    P-Value

 IA         ON
    AGE_C80           -0.340      0.068     -5.019      0.000

 SA         ON
    AGE_C80           -0.037      0.039     -0.958      0.338

 QA         ON
    AGE_C80           -0.005      0.006     -0.897      0.370

 IA       WITH
    SA                 0.285      0.671      0.425      0.671
    QA                 0.077      0.109      0.709      0.478

 SA       WITH
    QA                -0.040      0.052     -0.768      0.442

 Intercepts
    A_01               0.000      0.000    999.000    999.000
    A_03               0.000      0.000    999.000    999.000
    A_04               0.000      0.000    999.000    999.000
    A_05               0.000      0.000    999.000    999.000
    IA                27.994      0.242    115.904      0.000
    SA                 0.503      0.121      4.163      0.000
    QA                -0.102      0.021     -4.917      0.000

 Residual Variances
    A_01               4.070      0.733      5.549      0.000
    A_03               4.070      0.733      5.549      0.000
    A_04               4.070      0.733      5.549      0.000
    A_05               4.070      0.733      5.549      0.000
    IA                10.421      2.889      3.607      0.000
    SA                 0.206      0.384      0.535      0.592
    QA                 0.014      0.008      1.799      0.072


QUALITY OF NUMERICAL RESULTS

     Condition Number for the Information Matrix              0.294E-05
       (ratio of smallest to largest eigenvalue)


CONFIDENCE INTERVALS OF MODEL RESULTS

                  Lower .5%  Lower 2.5%    Lower 5%    Estimate    Upper 5%  Upper 2.5%   Upper .5%

 IA       ON
    AGE_C80         -0.514      -0.472      -0.451      -0.340      -0.228      -0.207      -0.165

 SA       ON
    AGE_C80         -0.137      -0.113      -0.101      -0.037       0.027       0.039       0.063

 QA       ON
    AGE_C80         -0.021      -0.017      -0.015      -0.005       0.004       0.006       0.010

 IA       WITH
    SA              -1.442      -1.029      -0.818       0.285       1.388       1.599       2.012
    QA              -0.203      -0.136      -0.102       0.077       0.257       0.291       0.358

 SA       WITH
    QA              -0.173      -0.141      -0.125      -0.040       0.045       0.062       0.093

 Intercepts
    A_01             0.000       0.000       0.000       0.000       0.000       0.000       0.000
    A_03             0.000       0.000       0.000       0.000       0.000       0.000       0.000
    A_04             0.000       0.000       0.000       0.000       0.000       0.000       0.000
    A_05             0.000       0.000       0.000       0.000       0.000       0.000       0.000
    IA              27.372      27.520      27.597      27.994      28.391      28.467      28.616
    SA               0.192       0.266       0.304       0.503       0.701       0.739       0.813
    QA              -0.155      -0.142      -0.136      -0.102      -0.068      -0.061      -0.048

 Residual Variances
    A_01             2.181       2.632       2.863       4.070       5.277       5.508       5.959
    A_03             2.181       2.632       2.863       4.070       5.277       5.508       5.959
    A_04             2.181       2.632       2.863       4.070       5.277       5.508       5.959
    A_05             2.181       2.632       2.863       4.070       5.277       5.508       5.959
    IA               2.980       4.759       5.669      10.421      15.174      16.084      17.863
    SA              -0.784      -0.548      -0.427       0.206       0.838       0.959       1.196
    QA              -0.006      -0.001       0.001       0.014       0.026       0.029       0.033


SAMPLE STATISTICS FOR ESTIMATED FACTOR SCORES


     SAMPLE STATISTICS


           Means
              IA            IA_SE         SA            SA_SE         QA
              ________      ________      ________      ________      ________
 1             24.557         1.400         0.312         0.420        -0.152


           Means
              QA_SE
              ________
 1              0.096


           Covariances
              IA            IA_SE         SA            SA_SE         QA
              ________      ________      ________      ________      ________
 IA            30.772
 IA_SE         -0.229         0.061
 SA             1.140        -0.012         0.079
 SA_SE         -0.053         0.006        -0.002         0.001
 QA             0.272         0.001         0.001         0.000         0.007
 QA_SE         -0.034         0.004        -0.002         0.001         0.000


           Covariances
              QA_SE
              ________
 QA_SE          0.000


           Correlations
              IA            IA_SE         SA            SA_SE         QA
              ________      ________      ________      ________      ________
 IA             1.000
 IA_SE         -0.167         1.000
 SA             0.730        -0.166         1.000
 SA_SE         -0.286         0.712        -0.250         1.000
 QA             0.568         0.031         0.026        -0.163         1.000
 QA_SE         -0.278         0.738        -0.256         0.993        -0.137


           Correlations
              QA_SE
              ________
 QA_SE          1.000


RESULTS SAVING INFORMATION

  Order of data

    Parameter estimates
     (saved in order shown in Technical 1 output)
    Standard errors
     (saved in order shown in Technical 1 output)
    H0 Loglikelihood
    H0 Scaling Correction Factor for MLR
    Number of Free Parameters
    Akaike (AIC)
    Bayesian (BIC)
    Sample-Size Adjusted BIC

  Save file
    u2_1345_a_mmse_results.dat

  Save file format           Free


PLOT INFORMATION

The following plots are available:

  Histograms (sample values, estimated factor scores)
  Scatterplots (sample values, estimated factor scores)
  Latent variable distribution plots

SAVEDATA INFORMATION


  Save file
    u2_1345_a_mmse_fscores.dat

  Order and format of variables

    A_01           F10.3
    A_03           F10.3
    A_04           F10.3
    A_05           F10.3
    AGE_C80        F10.3
    TIME_01        F10.3
    TIME_03        F10.3
    TIME_04        F10.3
    TIME_05        F10.3
    _WEIGHT        F10.3
    IA             F10.3
    IA_SE          F10.3
    SA             F10.3
    SA_SE          F10.3
    QA             F10.3
    QA_SE          F10.3
    PAIRID         I6

  Save file format
    16F10.3 I6

  Save file record length    10000


     Beginning Time:  12:13:24
        Ending Time:  12:13:26
       Elapsed Time:  00:00:02



MUTHEN & MUTHEN
3463 Stoner Ave.
Los Angeles, CA  90066

Tel: (310) 391-9971
Fax: (310) 391-8971
Web: www.StatModel.com
Support: Support@StatModel.com

Copyright (c) 1998-2014 Muthen & Muthen
