Mplus VERSION 7.3
MUTHEN & MUTHEN
12/17/2016  11:53 AM

INPUT INSTRUCTIONS

  TITLE:
  Script produced from the prototype in ./sandbox/syntax-creator/
  DATA:
  File = wide-dataset.dat ;
  VARIABLE:
  NAMES are
   Case PairID female age_c80 edu_c7 sbp_c167 smoke cardio diabetes dementia_ever
      years_since_bl_01 years_since_bl_02 years_since_bl_03 years_since_bl_04
      years_since_bl_05 pef_01 pef_02 pef_03 pef_04 pef_05 grip_01 grip_02 grip_03
      grip_04 grip_05 gait_01 gait_02 gait_03 gait_04 gait_05 block_01 block_02
      block_03 block_04 block_05 digitspanbackward_01 digitspanbackward_02
      digitspanbackward_03 digitspanbackward_04 digitspanbackward_05
      digitspanforward_01 digitspanforward_02 digitspanforward_03 digitspanforward_04
      digitspanforward_05 symbol_01 symbol_02 symbol_03 symbol_04 symbol_05 prose_01
      prose_02 prose_03 prose_04 prose_05 info_01 info_02 info_03 info_04 info_05
      synonyms_01 synonyms_02 synonyms_03 synonyms_04 synonyms_05 psif_01 psif_02
      psif_03 psif_04 psif_05 figure_01 figure_02 figure_03 figure_04 figure_05
      mirrecall_01 mirrecall_02 mirrecall_03 mirrecall_04 mirrecall_05 mmse_01 mmse_02
      mmse_03 mmse_04 mmse_05 mirnaming_01 mirnaming_02 mirnaming_03 mirnaming_04
      mirnaming_05 mirrecog_01 mirrecog_02 mirrecog_03 mirrecog_04 mirrecog_05
      clock_01 clock_02 clock_03 clock_04 clock_05
  	;
  Missing are all (-9999);
  USEVARIABLES are
  	!define the variables used in the analysis
  	! covariates used in the model
  age_c80
  edu_c7
  female
  sbp_c167	
  	!estimated time points
  time_01
  time_02
  time_04
  time_05
  	!modelled time points of process (A)
  a_01
  a_02
  a_04
  a_05
  ;
  TSCORES are
  	!estimated time points
  time_01
  time_02
  time_04
  time_05;
  CLUSTER = PairID;
  SUBPOPULATION are
  	!select a subset of observations
  dementia_ever NE 1
  ;
  DEFINE:
  	! assign variables to the process (A)
  a_01 = clock_01;
  a_02 = clock_02;
  a_04 = clock_04;
  a_05 = clock_05;
  	!assign variables to time points
  time_01 = years_since_bl_01;
  time_02 = years_since_bl_02;
  time_04 = years_since_bl_04;
  time_05 = years_since_bl_05;
  	
  ANALYSIS: TYPE = RANDOM COMPLEX;
  COVERAGE=.00;
  MODEL:
  	!first-level equation
  	! assign process (A) to time points
  ia sa | a_01 AT time_01 ;
  ia sa | a_02 AT time_02 ;
  ia sa | a_04 AT time_04 ;
  ia sa | a_05 AT time_05 ;
  	!variance of the first-level terms
  ia (v_ia);
  sa (v_sa);
  	!covariance among first-level terms
  ia WITH sa (c_iasa);
  	!second-level equation
  ia sa ON age_c80
  edu_c7
  female
  sbp_c167;
  	!residual covariance of process (A)
  a_01 (res_a);
  a_02 (res_a);
  a_04 (res_a);
  a_05 (res_a);	
  SAVEDATA:
  FILE is   u1_1245_aefb_clock_fscores.dat;
  SAVE = FSCORES;
  RESULTS are   u1_1245_aefb_clock_results.dat;
  	
  OUTPUT: sampstat cinterval;
  PLOT: Type is Plot1 Plot2 Plot3;



*** WARNING
  Data set contains cases with missing on x-variables.
  These cases were not included in the analysis.
  Number of cases with missing on x-variables:  92
*** WARNING
  Data set contains cases with missing on all variables except
  x-variables.  These cases were not included in the analysis.
  Number of cases with missing on all variables except x-variables:  12
   2 WARNING(S) FOUND IN THE INPUT INSTRUCTIONS




Script produced from the prototype in ./sandbox/syntax-creator/

SUMMARY OF ANALYSIS

Number of groups                                                 1
Number of observations                                         433

Number of dependent variables                                    4
Number of independent variables                                  4
Number of continuous latent variables                            2

Observed dependent variables

  Continuous
   A_01        A_02        A_04        A_05

Observed independent variables
   AGE_C80     EDU_C7      FEMALE      SBP_C167

Continuous latent variables
   IA          SA

Variables with special functions

  Cluster variable      PAIRID
  Weight variable       _WEIGHT

  Time scores
   TIME_01     TIME_02     TIME_04     TIME_05


Estimator                                                      MLR
Information matrix                                        OBSERVED
Maximum number of iterations                                   100
Convergence criterion                                    0.100D-05
Maximum number of EM iterations                                500
Convergence criteria for the EM algorithm
  Loglikelihood change                                   0.100D-02
  Relative loglikelihood change                          0.100D-05
  Derivative                                             0.100D-03
Minimum variance                                         0.100D-03
Maximum number of steepest descent iterations                   20
Maximum number of iterations for H1                           2000
Convergence criterion for H1                             0.100D-03
Optimization algorithm                                         EMA

Input data file(s)
  wide-dataset.dat
Input data format  FREE



SAMPLE STATISTICS


     ESTIMATED SAMPLE STATISTICS


           Means
              A_01          A_02          A_04          A_05          AGE_C80
              ________      ________      ________      ________      ________
 1             14.210        14.072        13.386        12.156         3.314


           Means
              EDU_C7        FEMALE        SBP_C167
              ________      ________      ________
 1              0.286         0.651        -6.400


           Covariances
              A_01          A_02          A_04          A_05          AGE_C80
              ________      ________      ________      ________      ________
 A_01           5.265
 A_02           2.557         5.589
 A_04           4.243         4.352         9.705
 A_05           5.021         6.923        10.731        19.641
 AGE_C80       -1.433        -1.503        -2.729        -2.260         8.786
 EDU_C7         0.522         0.162         0.964         0.972        -0.669
 FEMALE         0.039         0.101        -0.005         0.093         0.082
 SBP_C167       3.560         4.513         7.306        -0.664        -5.301


           Covariances
              EDU_C7        FEMALE        SBP_C167
              ________      ________      ________
 EDU_C7         6.029
 FEMALE        -0.106         0.227
 SBP_C167       1.098         0.741       511.071


           Correlations
              A_01          A_02          A_04          A_05          AGE_C80
              ________      ________      ________      ________      ________
 A_01           1.000
 A_02           0.471         1.000
 A_04           0.594         0.591         1.000
 A_05           0.494         0.661         0.777         1.000
 AGE_C80       -0.211        -0.215        -0.296        -0.172         1.000
 EDU_C7         0.093         0.028         0.126         0.089        -0.092
 FEMALE         0.035         0.090        -0.004         0.044         0.058
 SBP_C167       0.069         0.084         0.104        -0.007        -0.079


           Correlations
              EDU_C7        FEMALE        SBP_C167
              ________      ________      ________
 EDU_C7         1.000
 FEMALE        -0.090         1.000
 SBP_C167       0.020         0.069         1.000


     MAXIMUM LOG-LIKELIHOOD VALUE FOR THE UNRESTRICTED (H1) MODEL IS -9448.788


UNIVARIATE HIGHER-ORDER MOMENT DESCRIPTIVE STATISTICS


     UNIVARIATE HIGHER-ORDER MOMENT DESCRIPTIVE STATISTICS

         Variable/         Mean/     Skewness/   Minimum/ % with                Percentiles
        Sample Size      Variance    Kurtosis    Maximum  Min/Max      20%/60%    40%/80%    Median

     A_01                 14.224      -3.701       0.000    0.51%      13.000     15.000     15.000
             588.000       5.235      13.852      15.000   72.79%      15.000     15.000
     A_02                 14.186      -3.575       0.000    3.64%      10.000     15.000     15.000
             495.000       5.163      13.482      15.000   66.26%      15.000     15.000
     A_04                 13.935      -3.160       0.000    5.82%       9.000     15.000     15.000
             275.000       7.036      10.403      15.000   64.00%      15.000     15.000
     A_05                 13.025      -1.905       0.000    7.54%       6.000     14.000     15.000
             199.000      12.772       2.728      15.000   53.77%      15.000     15.000
     AGE_C80               3.314       1.224      -0.630    0.17%       0.877      1.809      2.433
             598.000       8.786       1.461      17.918    0.17%       3.216      5.784
     EDU_C7                0.286       2.186      -7.000    0.17%      -1.000     -1.000     -1.000
             598.000       6.029       7.478      16.000    0.17%       0.000      1.000
     FEMALE                0.651      -0.635       0.000   34.62%       0.000      1.000      1.000
             598.000       0.227      -1.597       1.000   65.38%       1.000      1.000
     SBP_C167             -6.400       0.371     -67.000    0.17%     -27.000    -17.000     -7.000
             598.000     511.071       0.645      93.000    0.17%      -7.000     13.000


THE MODEL ESTIMATION TERMINATED NORMALLY



MODEL FIT INFORMATION

Number of Free Parameters                       14

Loglikelihood

          H0 Value                       -2526.095
          H0 Scaling Correction Factor      2.0796
            for MLR

Information Criteria

          Akaike (AIC)                    5080.191
          Bayesian (BIC)                  5137.181
          Sample-Size Adjusted BIC        5092.753
            (n* = (n + 2) / 24)



MODEL RESULTS

                                                    Two-Tailed
                    Estimate       S.E.  Est./S.E.    P-Value

 IA         ON
    AGE_C80           -0.161      0.051     -3.165      0.002
    EDU_C7             0.046      0.032      1.455      0.146
    FEMALE             0.325      0.216      1.509      0.131
    SBP_C167           0.007      0.005      1.436      0.151

 SA         ON
    AGE_C80           -0.011      0.013     -0.852      0.394
    EDU_C7             0.008      0.008      0.970      0.332
    FEMALE            -0.006      0.065     -0.088      0.930
    SBP_C167          -0.001      0.001     -0.395      0.693

 IA       WITH
    SA                 0.177      0.137      1.291      0.197

 Intercepts
    A_01               0.000      0.000    999.000    999.000
    A_02               0.000      0.000    999.000    999.000
    A_04               0.000      0.000    999.000    999.000
    A_05               0.000      0.000    999.000    999.000
    IA                14.667      0.229     63.923      0.000
    SA                -0.159      0.066     -2.416      0.016

 Residual Variances
    A_01               2.822      0.475      5.941      0.000
    A_02               2.822      0.475      5.941      0.000
    A_04               2.822      0.475      5.941      0.000
    A_05               2.822      0.475      5.941      0.000
    IA                 1.979      0.776      2.551      0.011
    SA                 0.086      0.034      2.513      0.012


QUALITY OF NUMERICAL RESULTS

     Condition Number for the Information Matrix              0.326E-04
       (ratio of smallest to largest eigenvalue)


CONFIDENCE INTERVALS OF MODEL RESULTS

                  Lower .5%  Lower 2.5%    Lower 5%    Estimate    Upper 5%  Upper 2.5%   Upper .5%

 IA       ON
    AGE_C80         -0.292      -0.261      -0.245      -0.161      -0.077      -0.061      -0.030
    EDU_C7          -0.036      -0.016      -0.006       0.046       0.099       0.109       0.129
    FEMALE          -0.230      -0.097      -0.029       0.325       0.680       0.748       0.881
    SBP_C167        -0.005      -0.002      -0.001       0.007       0.014       0.015       0.018

 SA       ON
    AGE_C80         -0.044      -0.036      -0.032      -0.011       0.010       0.014       0.022
    EDU_C7          -0.014      -0.008      -0.006       0.008       0.022       0.025       0.030
    FEMALE          -0.174      -0.134      -0.113      -0.006       0.102       0.123       0.163
    SBP_C167        -0.004      -0.003      -0.003      -0.001       0.002       0.002       0.003

 IA       WITH
    SA              -0.176      -0.092      -0.048       0.177       0.402       0.446       0.530

 Intercepts
    A_01             0.000       0.000       0.000       0.000       0.000       0.000       0.000
    A_02             0.000       0.000       0.000       0.000       0.000       0.000       0.000
    A_04             0.000       0.000       0.000       0.000       0.000       0.000       0.000
    A_05             0.000       0.000       0.000       0.000       0.000       0.000       0.000
    IA              14.076      14.217      14.290      14.667      15.045      15.117      15.258
    SA              -0.330      -0.289      -0.268      -0.159      -0.051      -0.030       0.011

 Residual Variances
    A_01             1.598       1.891       2.041       2.822       3.603       3.753       4.045
    A_02             1.598       1.891       2.041       2.822       3.603       3.753       4.045
    A_04             1.598       1.891       2.041       2.822       3.603       3.753       4.045
    A_05             1.598       1.891       2.041       2.822       3.603       3.753       4.045
    IA              -0.019       0.458       0.703       1.979       3.256       3.500       3.978
    SA              -0.002       0.019       0.030       0.086       0.142       0.153       0.174


SAMPLE STATISTICS FOR ESTIMATED FACTOR SCORES


     SAMPLE STATISTICS


           Means
              IA            IA_SE         SA            SA_SE
              ________      ________      ________      ________
 1             13.644         0.867        -0.313         0.217


           Covariances
              IA            IA_SE         SA            SA_SE
              ________      ________      ________      ________
 IA             4.135
 IA_SE         -0.028         0.011
 SA             0.556         0.001         0.104
 SA_SE         -0.020         0.004        -0.001         0.003


           Correlations
              IA            IA_SE         SA            SA_SE
              ________      ________      ________      ________
 IA             1.000
 IA_SE         -0.131         1.000
 SA             0.848         0.015         1.000
 SA_SE         -0.198         0.836        -0.036         1.000


RESULTS SAVING INFORMATION

  Order of data

    Parameter estimates
     (saved in order shown in Technical 1 output)
    Standard errors
     (saved in order shown in Technical 1 output)
    H0 Loglikelihood
    H0 Scaling Correction Factor for MLR
    Number of Free Parameters
    Akaike (AIC)
    Bayesian (BIC)
    Sample-Size Adjusted BIC

  Save file
    u1_1245_aefb_clock_results.dat

  Save file format           Free


PLOT INFORMATION

The following plots are available:

  Histograms (sample values, estimated factor scores)
  Scatterplots (sample values, estimated factor scores)
  Latent variable distribution plots

SAVEDATA INFORMATION


  Save file
    u1_1245_aefb_clock_fscores.dat

  Order and format of variables

    A_01           F10.3
    A_02           F10.3
    A_04           F10.3
    A_05           F10.3
    AGE_C80        F10.3
    EDU_C7         F10.3
    FEMALE         F10.3
    SBP_C167       F10.3
    TIME_01        F10.3
    TIME_02        F10.3
    TIME_04        F10.3
    TIME_05        F10.3
    _WEIGHT        F10.3
    IA             F10.3
    IA_SE          F10.3
    SA             F10.3
    SA_SE          F10.3
    PAIRID         I6

  Save file format
    17F10.3 I6

  Save file record length    10000


     Beginning Time:  11:53:43
        Ending Time:  11:53:44
       Elapsed Time:  00:00:01



MUTHEN & MUTHEN
3463 Stoner Ave.
Los Angeles, CA  90066

Tel: (310) 391-9971
Fax: (310) 391-8971
Web: www.StatModel.com
Support: Support@StatModel.com

Copyright (c) 1998-2014 Muthen & Muthen
