Mplus VERSION 7.3
MUTHEN & MUTHEN
12/17/2016  11:53 AM

INPUT INSTRUCTIONS

  TITLE:
  Script produced from the prototype in ./sandbox/syntax-creator/
  DATA:
  File = wide-dataset.dat ;
  VARIABLE:
  NAMES are
   Case PairID female age_c80 edu_c7 sbp_c167 smoke cardio diabetes dementia_ever
      years_since_bl_01 years_since_bl_02 years_since_bl_03 years_since_bl_04
      years_since_bl_05 pef_01 pef_02 pef_03 pef_04 pef_05 grip_01 grip_02 grip_03
      grip_04 grip_05 gait_01 gait_02 gait_03 gait_04 gait_05 block_01 block_02
      block_03 block_04 block_05 digitspanbackward_01 digitspanbackward_02
      digitspanbackward_03 digitspanbackward_04 digitspanbackward_05
      digitspanforward_01 digitspanforward_02 digitspanforward_03 digitspanforward_04
      digitspanforward_05 symbol_01 symbol_02 symbol_03 symbol_04 symbol_05 prose_01
      prose_02 prose_03 prose_04 prose_05 info_01 info_02 info_03 info_04 info_05
      synonyms_01 synonyms_02 synonyms_03 synonyms_04 synonyms_05 psif_01 psif_02
      psif_03 psif_04 psif_05 figure_01 figure_02 figure_03 figure_04 figure_05
      mirrecall_01 mirrecall_02 mirrecall_03 mirrecall_04 mirrecall_05 mmse_01 mmse_02
      mmse_03 mmse_04 mmse_05 mirnaming_01 mirnaming_02 mirnaming_03 mirnaming_04
      mirnaming_05 mirrecog_01 mirrecog_02 mirrecog_03 mirrecog_04 mirrecog_05
      clock_01 clock_02 clock_03 clock_04 clock_05
  	;
  Missing are all (-9999);
  USEVARIABLES are
  	!define the variables used in the analysis
  	! covariates used in the model
  age_c80	
  	!estimated time points
  time_01
  time_02
  time_03
  	!modelled time points of process (A)
  a_01
  a_02
  a_03
  ;
  TSCORES are
  	!estimated time points
  time_01
  time_02
  time_03;
  CLUSTER = PairID;
  SUBPOPULATION are
  	!select a subset of observations
  dementia_ever NE 1
  ;
  DEFINE:
  	! assign variables to the process (A)
  a_01 = clock_01;
  a_02 = clock_02;
  a_03 = clock_03;
  	!assign variables to time points
  time_01 = years_since_bl_01;
  time_02 = years_since_bl_02;
  time_03 = years_since_bl_03;
  	
  ANALYSIS: TYPE = RANDOM COMPLEX;
  COVERAGE=.00;
  MODEL:
  	!first-level equation
  	! assign process (A) to time points
  ia sa | a_01 AT time_01 ;
  ia sa | a_02 AT time_02 ;
  ia sa | a_03 AT time_03 ;
  	!variance of the first-level terms
  ia (v_ia);
  sa (v_sa);
  	!covariance among first-level terms
  ia WITH sa (c_iasa);
  	!second-level equation
  ia sa ON age_c80;
  	!residual covariance of process (A)
  a_01 (res_a);
  a_02 (res_a);
  a_03 (res_a);	
  SAVEDATA:
  FILE is   u1_123_a_clock_fscores.dat;
  SAVE = FSCORES;
  RESULTS are   u1_123_a_clock_results.dat;
  	
  OUTPUT: sampstat cinterval;
  PLOT: Type is Plot1 Plot2 Plot3;



*** WARNING
  Data set contains cases with missing on all variables except
  x-variables.  These cases were not included in the analysis.
  Number of cases with missing on all variables except x-variables:  23
   1 WARNING(S) FOUND IN THE INPUT INSTRUCTIONS




Script produced from the prototype in ./sandbox/syntax-creator/

SUMMARY OF ANALYSIS

Number of groups                                                 1
Number of observations                                         461

Number of dependent variables                                    3
Number of independent variables                                  1
Number of continuous latent variables                            2

Observed dependent variables

  Continuous
   A_01        A_02        A_03

Observed independent variables
   AGE_C80

Continuous latent variables
   IA          SA

Variables with special functions

  Cluster variable      PAIRID
  Weight variable       _WEIGHT

  Time scores
   TIME_01     TIME_02     TIME_03


Estimator                                                      MLR
Information matrix                                        OBSERVED
Maximum number of iterations                                   100
Convergence criterion                                    0.100D-05
Maximum number of EM iterations                                500
Convergence criteria for the EM algorithm
  Loglikelihood change                                   0.100D-02
  Relative loglikelihood change                          0.100D-05
  Derivative                                             0.100D-03
Minimum variance                                         0.100D-03
Maximum number of steepest descent iterations                   20
Maximum number of iterations for H1                           2000
Convergence criterion for H1                             0.100D-03
Optimization algorithm                                         EMA

Input data file(s)
  wide-dataset.dat
Input data format  FREE



SAMPLE STATISTICS


     ESTIMATED SAMPLE STATISTICS


           Means
              A_01          A_02          A_03          AGE_C80
              ________      ________      ________      ________
 1             13.829        13.646        13.341         3.358


           Covariances
              A_01          A_02          A_03          AGE_C80
              ________      ________      ________      ________
 A_01           9.463
 A_02           5.928         9.359
 A_03           7.263         7.878        11.627
 AGE_C80       -2.010        -2.127        -2.809         9.030


           Correlations
              A_01          A_02          A_03          AGE_C80
              ________      ________      ________      ________
 A_01           1.000
 A_02           0.630         1.000
 A_03           0.692         0.755         1.000
 AGE_C80       -0.217        -0.231        -0.274         1.000


     MAXIMUM LOG-LIKELIHOOD VALUE FOR THE UNRESTRICTED (H1) MODEL IS -5463.017


UNIVARIATE HIGHER-ORDER MOMENT DESCRIPTIVE STATISTICS


     UNIVARIATE HIGHER-ORDER MOMENT DESCRIPTIVE STATISTICS

         Variable/         Mean/     Skewness/   Minimum/ % with                Percentiles
        Sample Size      Variance    Kurtosis    Maximum  Min/Max      20%/60%    40%/80%    Median

     A_01                 13.868      -3.101       0.000    5.72%      10.000     15.000     15.000
             664.000       9.272       8.777      15.000   65.81%      15.000     15.000
     A_02                 13.930      -3.199       0.000    7.69%       8.000     15.000     15.000
             546.000       7.764      10.219      15.000   60.99%      15.000     15.000
     A_03                 13.903      -3.172       0.000    9.76%       5.000     15.000     15.000
             410.000       8.543       9.746      15.000   61.22%      15.000     15.000
     AGE_C80               3.358       1.196      -0.630    0.15%       0.904      1.889      2.534
             679.000       9.030       1.277      17.918    0.15%       3.482      6.175


THE MODEL ESTIMATION TERMINATED NORMALLY



MODEL FIT INFORMATION

Number of Free Parameters                        8

Loglikelihood

          H0 Value                       -2550.910
          H0 Scaling Correction Factor      3.5503
            for MLR

Information Criteria

          Akaike (AIC)                    5117.821
          Bayesian (BIC)                  5150.888
          Sample-Size Adjusted BIC        5125.498
            (n* = (n + 2) / 24)



MODEL RESULTS

                                                    Two-Tailed
                    Estimate       S.E.  Est./S.E.    P-Value

 IA         ON
    AGE_C80           -0.218      0.060     -3.621      0.000

 SA         ON
    AGE_C80           -0.021      0.016     -1.347      0.178

 IA       WITH
    SA                 0.153      0.381      0.402      0.688

 Intercepts
    A_01               0.000      0.000    999.000    999.000
    A_02               0.000      0.000    999.000    999.000
    A_03               0.000      0.000    999.000    999.000
    IA                14.566      0.196     74.495      0.000
    SA                -0.040      0.049     -0.825      0.409

 Residual Variances
    A_01               3.006      0.806      3.729      0.000
    A_02               3.006      0.806      3.729      0.000
    A_03               3.006      0.806      3.729      0.000
    IA                 5.764      1.485      3.883      0.000
    SA                 0.024      0.157      0.153      0.879


QUALITY OF NUMERICAL RESULTS

     Condition Number for the Information Matrix              0.963E-03
       (ratio of smallest to largest eigenvalue)


CONFIDENCE INTERVALS OF MODEL RESULTS

                  Lower .5%  Lower 2.5%    Lower 5%    Estimate    Upper 5%  Upper 2.5%   Upper .5%

 IA       ON
    AGE_C80         -0.372      -0.335      -0.316      -0.218      -0.119      -0.100      -0.063

 SA       ON
    AGE_C80         -0.063      -0.053      -0.048      -0.021       0.005       0.010       0.020

 IA       WITH
    SA              -0.829      -0.594      -0.474       0.153       0.781       0.901       1.136

 Intercepts
    A_01             0.000       0.000       0.000       0.000       0.000       0.000       0.000
    A_02             0.000       0.000       0.000       0.000       0.000       0.000       0.000
    A_03             0.000       0.000       0.000       0.000       0.000       0.000       0.000
    IA              14.063      14.183      14.245      14.566      14.888      14.950      15.070
    SA              -0.165      -0.135      -0.120      -0.040       0.040       0.055       0.085

 Residual Variances
    A_01             0.930       1.426       1.680       3.006       4.333       4.586       5.083
    A_02             0.930       1.426       1.680       3.006       4.333       4.586       5.083
    A_03             0.930       1.426       1.680       3.006       4.333       4.586       5.083
    IA               1.940       2.854       3.322       5.764       8.207       8.674       9.589
    SA              -0.380      -0.283      -0.234       0.024       0.282       0.331       0.428


SAMPLE STATISTICS FOR ESTIMATED FACTOR SCORES


     SAMPLE STATISTICS


           Means
              IA            IA_SE         SA            SA_SE
              ________      ________      ________      ________
 1             12.335         1.045        -0.169         0.136


           Covariances
              IA            IA_SE         SA            SA_SE
              ________      ________      ________      ________
 IA            13.999
 IA_SE         -0.124         0.035
 SA             0.493        -0.004         0.021
 SA_SE         -0.003         0.001         0.000         0.000


           Correlations
              IA            IA_SE         SA            SA_SE
              ________      ________      ________      ________
 IA             1.000
 IA_SE         -0.176         1.000
 SA             0.917        -0.149         1.000
 SA_SE         -0.177         0.955        -0.138         1.000


RESULTS SAVING INFORMATION

  Order of data

    Parameter estimates
     (saved in order shown in Technical 1 output)
    Standard errors
     (saved in order shown in Technical 1 output)
    H0 Loglikelihood
    H0 Scaling Correction Factor for MLR
    Number of Free Parameters
    Akaike (AIC)
    Bayesian (BIC)
    Sample-Size Adjusted BIC

  Save file
    u1_123_a_clock_results.dat

  Save file format           Free


PLOT INFORMATION

The following plots are available:

  Histograms (sample values, estimated factor scores)
  Scatterplots (sample values, estimated factor scores)
  Latent variable distribution plots

SAVEDATA INFORMATION


  Save file
    u1_123_a_clock_fscores.dat

  Order and format of variables

    A_01           F10.3
    A_02           F10.3
    A_03           F10.3
    AGE_C80        F10.3
    TIME_01        F10.3
    TIME_02        F10.3
    TIME_03        F10.3
    _WEIGHT        F10.3
    IA             F10.3
    IA_SE          F10.3
    SA             F10.3
    SA_SE          F10.3
    PAIRID         I6

  Save file format
    12F10.3 I6

  Save file record length    10000


     Beginning Time:  11:53:49
        Ending Time:  11:53:50
       Elapsed Time:  00:00:01



MUTHEN & MUTHEN
3463 Stoner Ave.
Los Angeles, CA  90066

Tel: (310) 391-9971
Fax: (310) 391-8971
Web: www.StatModel.com
Support: Support@StatModel.com

Copyright (c) 1998-2014 Muthen & Muthen
