Mplus VERSION 7.3
MUTHEN & MUTHEN
12/17/2016   5:18 PM

INPUT INSTRUCTIONS

  TITLE:
  Script produced from the prototype in ./sandbox/syntax-creator/
  DATA:
  File = wide-dataset.dat ;
  VARIABLE:
  NAMES are
   Case PairID female age_c80 edu_c7 sbp_c167 smoke cardio diabetes dementia_ever
      years_since_bl_01 years_since_bl_02 years_since_bl_03 years_since_bl_04
      years_since_bl_05 pef_01 pef_02 pef_03 pef_04 pef_05 grip_01 grip_02 grip_03
      grip_04 grip_05 gait_01 gait_02 gait_03 gait_04 gait_05 block_01 block_02
      block_03 block_04 block_05 digitspanbackward_01 digitspanbackward_02
      digitspanbackward_03 digitspanbackward_04 digitspanbackward_05
      digitspanforward_01 digitspanforward_02 digitspanforward_03 digitspanforward_04
      digitspanforward_05 symbol_01 symbol_02 symbol_03 symbol_04 symbol_05 prose_01
      prose_02 prose_03 prose_04 prose_05 info_01 info_02 info_03 info_04 info_05
      synonyms_01 synonyms_02 synonyms_03 synonyms_04 synonyms_05 psif_01 psif_02
      psif_03 psif_04 psif_05 figure_01 figure_02 figure_03 figure_04 figure_05
      mirrecall_01 mirrecall_02 mirrecall_03 mirrecall_04 mirrecall_05 mmse_01 mmse_02
      mmse_03 mmse_04 mmse_05 mirnaming_01 mirnaming_02 mirnaming_03 mirnaming_04
      mirnaming_05 mirrecog_01 mirrecog_02 mirrecog_03 mirrecog_04 mirrecog_05
      clock_01 clock_02 clock_03 clock_04 clock_05
  	;
  Missing are all (-9999);
  USEVARIABLES are
  	!define the variables used in the analysis
  	! covariates used in the model
  age_c80
  edu_c7
  female
  sbp_c167	
  	!estimated time points
  time_01
  time_03
  time_05
  	!modelled time points of process (A)
  a_01
  a_03
  a_05
  ;
  TSCORES are
  	!estimated time points
  time_01
  time_03
  time_05;
  CLUSTER = PairID;
  SUBPOPULATION are
  	!select a subset of observations
  dementia_ever NE 1
  ;
  DEFINE:
  	! assign variables to the process (A)
  a_01 = clock_01;
  a_03 = clock_03;
  a_05 = clock_05;
  	!assign variables to time points
  time_01 = years_since_bl_01;
  time_03 = years_since_bl_03;
  time_05 = years_since_bl_05;
  	
  ANALYSIS: TYPE = RANDOM COMPLEX;
  COVERAGE=.00;
  MODEL:
  	!first-level equation
  	! assign process (A) to time points
  ia sa | a_01 AT time_01 ;
  ia sa | a_03 AT time_03 ;
  ia sa | a_05 AT time_05 ;
  	!variance of the first-level terms
  ia (v_ia);
  sa (v_sa);
  	!covariance among first-level terms
  ia WITH sa (c_iasa);
  	!second-level equation
  ia sa ON age_c80
  edu_c7
  female
  sbp_c167;
  	!residual covariance of process (A)
  a_01 (res_a);
  a_03 (res_a);
  a_05 (res_a);	
  SAVEDATA:
  FILE is   u1_135_aefb_clock_fscores.dat;
  SAVE = FSCORES;
  RESULTS are   u1_135_aefb_clock_results.dat;
  	
  OUTPUT: sampstat cinterval;
  PLOT: Type is Plot1 Plot2 Plot3;



*** WARNING
  Data set contains cases with missing on x-variables.
  These cases were not included in the analysis.
  Number of cases with missing on x-variables:  92
*** WARNING
  Data set contains cases with missing on all variables except
  x-variables.  These cases were not included in the analysis.
  Number of cases with missing on all variables except x-variables:  16
   2 WARNING(S) FOUND IN THE INPUT INSTRUCTIONS




Script produced from the prototype in ./sandbox/syntax-creator/

SUMMARY OF ANALYSIS

Number of groups                                                 1
Number of observations                                         431

Number of dependent variables                                    3
Number of independent variables                                  4
Number of continuous latent variables                            2

Observed dependent variables

  Continuous
   A_01        A_03        A_05

Observed independent variables
   AGE_C80     EDU_C7      FEMALE      SBP_C167

Continuous latent variables
   IA          SA

Variables with special functions

  Cluster variable      PAIRID
  Weight variable       _WEIGHT

  Time scores
   TIME_01     TIME_03     TIME_05


Estimator                                                      MLR
Information matrix                                        OBSERVED
Maximum number of iterations                                   100
Convergence criterion                                    0.100D-05
Maximum number of EM iterations                                500
Convergence criteria for the EM algorithm
  Loglikelihood change                                   0.100D-02
  Relative loglikelihood change                          0.100D-05
  Derivative                                             0.100D-03
Minimum variance                                         0.100D-03
Maximum number of steepest descent iterations                   20
Maximum number of iterations for H1                           2000
Convergence criterion for H1                             0.100D-03
Optimization algorithm                                         EMA

Input data file(s)
  wide-dataset.dat
Input data format  FREE



SAMPLE STATISTICS


     ESTIMATED SAMPLE STATISTICS


           Means
              A_01          A_03          A_05          AGE_C80       EDU_C7
              ________      ________      ________      ________      ________
 1             14.222        13.733        12.633         3.310         0.292


           Means
              FEMALE        SBP_C167
              ________      ________
 1              0.652        -6.304


           Covariances
              A_01          A_03          A_05          AGE_C80       EDU_C7
              ________      ________      ________      ________      ________
 A_01           5.229
 A_03           4.351         8.297
 A_05           5.326         7.075        15.714
 AGE_C80       -1.384        -2.445        -1.523         8.790
 EDU_C7         0.477         0.800         1.031        -0.654         6.044
 FEMALE         0.029         0.009        -0.122         0.090        -0.109
 SBP_C167       3.505         3.783        -0.791        -5.121         0.933


           Covariances
              FEMALE        SBP_C167
              ________      ________
 FEMALE         0.227
 SBP_C167       0.706       511.000


           Correlations
              A_01          A_03          A_05          AGE_C80       EDU_C7
              ________      ________      ________      ________      ________
 A_01           1.000
 A_03           0.661         1.000
 A_05           0.588         0.620         1.000
 AGE_C80       -0.204        -0.286        -0.130         1.000
 EDU_C7         0.085         0.113         0.106        -0.090         1.000
 FEMALE         0.027         0.007        -0.065         0.063        -0.093
 SBP_C167       0.068         0.058        -0.009        -0.076         0.017


           Correlations
              FEMALE        SBP_C167
              ________      ________
 FEMALE         1.000
 SBP_C167       0.066         1.000


     MAXIMUM LOG-LIKELIHOOD VALUE FOR THE UNRESTRICTED (H1) MODEL IS -8610.984


UNIVARIATE HIGHER-ORDER MOMENT DESCRIPTIVE STATISTICS


     UNIVARIATE HIGHER-ORDER MOMENT DESCRIPTIVE STATISTICS

         Variable/         Mean/     Skewness/   Minimum/ % with                Percentiles
        Sample Size      Variance    Kurtosis    Maximum  Min/Max      20%/60%    40%/80%    Median

     A_01                 14.224      -3.701       0.000    0.51%      13.000     15.000     15.000
             588.000       5.235      13.852      15.000   72.79%      15.000     15.000
     A_03                 14.030      -3.270       0.000    5.26%      10.000     15.000     15.000
             380.000       6.795      10.739      15.000   64.74%      15.000     15.000
     A_05                 13.025      -1.905       0.000    7.54%       6.000     14.000     15.000
             199.000      12.772       2.728      15.000   53.77%      15.000     15.000
     AGE_C80               3.310       1.229      -0.630    0.17%       0.877      1.809      2.425
             594.000       8.790       1.479      17.918    0.17%       3.194      5.718
     EDU_C7                0.292       2.182      -7.000    0.17%      -1.000     -1.000     -1.000
             594.000       6.044       7.449      16.000    0.17%       0.000      1.000
     FEMALE                0.652      -0.638       0.000   34.51%       0.000      1.000      1.000
             594.000       0.227      -1.593       1.000   65.49%       1.000      1.000
     SBP_C167             -6.304       0.366     -67.000    0.17%     -27.000    -17.000     -7.000
             594.000     511.000       0.648      93.000    0.17%      -7.000     13.000


THE MODEL ESTIMATION TERMINATED NORMALLY



MODEL FIT INFORMATION

Number of Free Parameters                       14

Loglikelihood

          H0 Value                       -1947.714
          H0 Scaling Correction Factor      1.8738
            for MLR

Information Criteria

          Akaike (AIC)                    3923.428
          Bayesian (BIC)                  3980.354
          Sample-Size Adjusted BIC        3935.926
            (n* = (n + 2) / 24)



MODEL RESULTS

                                                    Two-Tailed
                    Estimate       S.E.  Est./S.E.    P-Value

 IA         ON
    AGE_C80           -0.168      0.054     -3.106      0.002
    EDU_C7             0.066      0.034      1.968      0.049
    FEMALE             0.280      0.237      1.184      0.236
    SBP_C167           0.005      0.005      0.997      0.319

 SA         ON
    AGE_C80           -0.007      0.011     -0.650      0.516
    EDU_C7             0.010      0.009      1.198      0.231
    FEMALE            -0.076      0.058     -1.314      0.189
    SBP_C167          -0.001      0.001     -0.707      0.480

 IA       WITH
    SA                 0.236      0.114      2.082      0.037

 Intercepts
    A_01               0.000      0.000    999.000    999.000
    A_03               0.000      0.000    999.000    999.000
    A_05               0.000      0.000    999.000    999.000
    IA                14.683      0.257     57.112      0.000
    SA                -0.118      0.057     -2.050      0.040

 Residual Variances
    A_01               2.918      0.574      5.082      0.000
    A_03               2.918      0.574      5.082      0.000
    A_05               2.918      0.574      5.082      0.000
    IA                 2.162      1.016      2.128      0.033
    SA                 0.060      0.022      2.733      0.006


QUALITY OF NUMERICAL RESULTS

     Condition Number for the Information Matrix              0.711E-03
       (ratio of smallest to largest eigenvalue)


CONFIDENCE INTERVALS OF MODEL RESULTS

                  Lower .5%  Lower 2.5%    Lower 5%    Estimate    Upper 5%  Upper 2.5%   Upper .5%

 IA       ON
    AGE_C80         -0.308      -0.274      -0.257      -0.168      -0.079      -0.062      -0.029
    EDU_C7          -0.020       0.000       0.011       0.066       0.122       0.132       0.153
    FEMALE          -0.329      -0.184      -0.109       0.280       0.670       0.744       0.890
    SBP_C167        -0.009      -0.005      -0.003       0.005       0.014       0.016       0.019

 SA       ON
    AGE_C80         -0.036      -0.029      -0.026      -0.007       0.011       0.015       0.022
    EDU_C7          -0.012      -0.006      -0.004       0.010       0.024       0.027       0.032
    FEMALE          -0.226      -0.190      -0.172      -0.076       0.019       0.037       0.073
    SBP_C167        -0.004      -0.003      -0.003      -0.001       0.001       0.002       0.002

 IA       WITH
    SA              -0.056       0.014       0.050       0.236       0.423       0.459       0.529

 Intercepts
    A_01             0.000       0.000       0.000       0.000       0.000       0.000       0.000
    A_03             0.000       0.000       0.000       0.000       0.000       0.000       0.000
    A_05             0.000       0.000       0.000       0.000       0.000       0.000       0.000
    IA              14.020      14.179      14.260      14.683      15.106      15.187      15.345
    SA              -0.265      -0.230      -0.212      -0.118      -0.023      -0.005       0.030

 Residual Variances
    A_01             1.439       1.792       1.973       2.918       3.862       4.043       4.397
    A_03             1.439       1.792       1.973       2.918       3.862       4.043       4.397
    A_05             1.439       1.792       1.973       2.918       3.862       4.043       4.397
    IA              -0.455       0.171       0.491       2.162       3.833       4.153       4.778
    SA               0.003       0.017       0.024       0.060       0.095       0.102       0.116


SAMPLE STATISTICS FOR ESTIMATED FACTOR SCORES


     SAMPLE STATISTICS


           Means
              IA            IA_SE         SA            SA_SE
              ________      ________      ________      ________
 1             13.642         0.907        -0.281         0.177


           Covariances
              IA            IA_SE         SA            SA_SE
              ________      ________      ________      ________
 IA             3.914
 IA_SE         -0.032         0.026
 SA             0.513         0.001         0.080
 SA_SE         -0.009         0.006         0.000         0.001


           Correlations
              IA            IA_SE         SA            SA_SE
              ________      ________      ________      ________
 IA             1.000
 IA_SE         -0.101         1.000
 SA             0.918         0.016         1.000
 SA_SE         -0.119         0.976         0.000         1.000


RESULTS SAVING INFORMATION

  Order of data

    Parameter estimates
     (saved in order shown in Technical 1 output)
    Standard errors
     (saved in order shown in Technical 1 output)
    H0 Loglikelihood
    H0 Scaling Correction Factor for MLR
    Number of Free Parameters
    Akaike (AIC)
    Bayesian (BIC)
    Sample-Size Adjusted BIC

  Save file
    u1_135_aefb_clock_results.dat

  Save file format           Free


PLOT INFORMATION

The following plots are available:

  Histograms (sample values, estimated factor scores)
  Scatterplots (sample values, estimated factor scores)
  Latent variable distribution plots

SAVEDATA INFORMATION


  Save file
    u1_135_aefb_clock_fscores.dat

  Order and format of variables

    A_01           F10.3
    A_03           F10.3
    A_05           F10.3
    AGE_C80        F10.3
    EDU_C7         F10.3
    FEMALE         F10.3
    SBP_C167       F10.3
    TIME_01        F10.3
    TIME_03        F10.3
    TIME_05        F10.3
    _WEIGHT        F10.3
    IA             F10.3
    IA_SE          F10.3
    SA             F10.3
    SA_SE          F10.3
    PAIRID         I6

  Save file format
    15F10.3 I6

  Save file record length    10000


     Beginning Time:  17:18:23
        Ending Time:  17:18:24
       Elapsed Time:  00:00:01



MUTHEN & MUTHEN
3463 Stoner Ave.
Los Angeles, CA  90066

Tel: (310) 391-9971
Fax: (310) 391-8971
Web: www.StatModel.com
Support: Support@StatModel.com

Copyright (c) 1998-2014 Muthen & Muthen
