Mplus VERSION 7.3
MUTHEN & MUTHEN
12/17/2016  11:53 AM

INPUT INSTRUCTIONS

  TITLE:
  Script produced from the prototype in ./sandbox/syntax-creator/
  DATA:
  File = wide-dataset.dat ;
  VARIABLE:
  NAMES are
   Case PairID female age_c80 edu_c7 sbp_c167 smoke cardio diabetes dementia_ever
      years_since_bl_01 years_since_bl_02 years_since_bl_03 years_since_bl_04
      years_since_bl_05 pef_01 pef_02 pef_03 pef_04 pef_05 grip_01 grip_02 grip_03
      grip_04 grip_05 gait_01 gait_02 gait_03 gait_04 gait_05 block_01 block_02
      block_03 block_04 block_05 digitspanbackward_01 digitspanbackward_02
      digitspanbackward_03 digitspanbackward_04 digitspanbackward_05
      digitspanforward_01 digitspanforward_02 digitspanforward_03 digitspanforward_04
      digitspanforward_05 symbol_01 symbol_02 symbol_03 symbol_04 symbol_05 prose_01
      prose_02 prose_03 prose_04 prose_05 info_01 info_02 info_03 info_04 info_05
      synonyms_01 synonyms_02 synonyms_03 synonyms_04 synonyms_05 psif_01 psif_02
      psif_03 psif_04 psif_05 figure_01 figure_02 figure_03 figure_04 figure_05
      mirrecall_01 mirrecall_02 mirrecall_03 mirrecall_04 mirrecall_05 mmse_01 mmse_02
      mmse_03 mmse_04 mmse_05 mirnaming_01 mirnaming_02 mirnaming_03 mirnaming_04
      mirnaming_05 mirrecog_01 mirrecog_02 mirrecog_03 mirrecog_04 mirrecog_05
      clock_01 clock_02 clock_03 clock_04 clock_05
  	;
  Missing are all (-9999);
  USEVARIABLES are
  	!define the variables used in the analysis
  	! covariates used in the model
  age_c80
  edu_c7
  female	
  	!estimated time points
  time_01
  time_02
  time_03
  time_05
  	!modelled time points of process (A)
  a_01
  a_02
  a_03
  a_05
  ;
  TSCORES are
  	!estimated time points
  time_01
  time_02
  time_03
  time_05;
  CLUSTER = PairID;
  SUBPOPULATION are
  	!select a subset of observations
  dementia_ever NE 1
  ;
  DEFINE:
  	! assign variables to the process (A)
  a_01 = clock_01;
  a_02 = clock_02;
  a_03 = clock_03;
  a_05 = clock_05;
  	!assign variables to time points
  time_01 = years_since_bl_01;
  time_02 = years_since_bl_02;
  time_03 = years_since_bl_03;
  time_05 = years_since_bl_05;
  	
  ANALYSIS: TYPE = RANDOM COMPLEX;
  COVERAGE=.00;
  MODEL:
  	!first-level equation
  	! assign process (A) to time points
  ia sa | a_01 AT time_01 ;
  ia sa | a_02 AT time_02 ;
  ia sa | a_03 AT time_03 ;
  ia sa | a_05 AT time_05 ;
  	!variance of the first-level terms
  ia (v_ia);
  sa (v_sa);
  	!covariance among first-level terms
  ia WITH sa (c_iasa);
  	!second-level equation
  ia sa ON age_c80
  edu_c7
  female;
  	!residual covariance of process (A)
  a_01 (res_a);
  a_02 (res_a);
  a_03 (res_a);
  a_05 (res_a);	
  SAVEDATA:
  FILE is   u1_1235_aef_clock_fscores.dat;
  SAVE = FSCORES;
  RESULTS are   u1_1235_aef_clock_results.dat;
  	
  OUTPUT: sampstat cinterval;
  PLOT: Type is Plot1 Plot2 Plot3;



*** WARNING
  Data set contains cases with missing on x-variables.
  These cases were not included in the analysis.
  Number of cases with missing on x-variables:  46
*** WARNING
  Data set contains cases with missing on all variables except
  x-variables.  These cases were not included in the analysis.
  Number of cases with missing on all variables except x-variables:  19
   2 WARNING(S) FOUND IN THE INPUT INSTRUCTIONS




Script produced from the prototype in ./sandbox/syntax-creator/

SUMMARY OF ANALYSIS

Number of groups                                                 1
Number of observations                                         455

Number of dependent variables                                    4
Number of independent variables                                  3
Number of continuous latent variables                            2

Observed dependent variables

  Continuous
   A_01        A_02        A_03        A_05

Observed independent variables
   AGE_C80     EDU_C7      FEMALE

Continuous latent variables
   IA          SA

Variables with special functions

  Cluster variable      PAIRID
  Weight variable       _WEIGHT

  Time scores
   TIME_01     TIME_02     TIME_03     TIME_05


Estimator                                                      MLR
Information matrix                                        OBSERVED
Maximum number of iterations                                   100
Convergence criterion                                    0.100D-05
Maximum number of EM iterations                                500
Convergence criteria for the EM algorithm
  Loglikelihood change                                   0.100D-02
  Relative loglikelihood change                          0.100D-05
  Derivative                                             0.100D-03
Minimum variance                                         0.100D-03
Maximum number of steepest descent iterations                   20
Maximum number of iterations for H1                           2000
Convergence criterion for H1                             0.100D-03
Optimization algorithm                                         EMA

Input data file(s)
  wide-dataset.dat
Input data format  FREE



SAMPLE STATISTICS


     ESTIMATED SAMPLE STATISTICS


           Means
              A_01          A_02          A_03          A_05          AGE_C80
              ________      ________      ________      ________      ________
 1             13.984        13.781        13.469        12.032         3.320


           Means
              EDU_C7        FEMALE
              ________      ________
 1              0.295         0.648


           Covariances
              A_01          A_02          A_03          A_05          AGE_C80
              ________      ________      ________      ________      ________
 A_01           7.542
 A_02           4.288         8.046
 A_03           5.582         6.470        10.227
 A_05           7.636         9.579        10.378        21.525
 AGE_C80       -1.605        -1.796        -2.530        -1.707         8.893
 EDU_C7         0.450         0.350         0.674         0.875        -0.671
 FEMALE         0.084         0.161         0.138         0.099         0.082


           Covariances
              EDU_C7        FEMALE
              ________      ________
 EDU_C7         5.975
 FEMALE        -0.112         0.228


           Correlations
              A_01          A_02          A_03          A_05          AGE_C80
              ________      ________      ________      ________      ________
 A_01           1.000
 A_02           0.550         1.000
 A_03           0.636         0.713         1.000
 A_05           0.599         0.728         0.699         1.000
 AGE_C80       -0.196        -0.212        -0.265        -0.123         1.000
 EDU_C7         0.067         0.050         0.086         0.077        -0.092
 FEMALE         0.064         0.119         0.091         0.045         0.058


           Correlations
              EDU_C7        FEMALE
              ________      ________
 EDU_C7         1.000
 FEMALE        -0.096         1.000


     MAXIMUM LOG-LIKELIHOOD VALUE FOR THE UNRESTRICTED (H1) MODEL IS -7509.668


UNIVARIATE HIGHER-ORDER MOMENT DESCRIPTIVE STATISTICS


     UNIVARIATE HIGHER-ORDER MOMENT DESCRIPTIVE STATISTICS

         Variable/         Mean/     Skewness/   Minimum/ % with                Percentiles
        Sample Size      Variance    Kurtosis    Maximum  Min/Max      20%/60%    40%/80%    Median

     A_01                 14.016      -3.263       0.000    1.44%      13.000     15.000     15.000
             623.000       7.381      10.001      15.000   70.14%      15.000     15.000
     A_02                 14.000      -3.297       0.000    4.23%      10.000     15.000     15.000
             520.000       7.045      11.040      15.000   64.04%      15.000     15.000
     A_03                 13.946      -3.253       0.000    6.85%      10.000     15.000     15.000
             394.000       8.059      10.452      15.000   63.71%      15.000     15.000
     A_05                 13.006      -1.886       0.000    7.96%       6.000     14.000     15.000
             201.000      12.748       2.676      15.000   53.23%      15.000     15.000
     AGE_C80               3.320       1.210      -0.630    0.16%       0.877      1.805      2.454
             637.000       8.893       1.349      17.918    0.16%       3.258      5.871
     EDU_C7                0.295       2.181      -7.000    0.16%      -1.000     -1.000     -1.000
             637.000       5.975       7.376      16.000    0.16%       0.000      1.000
     FEMALE                0.648      -0.621       0.000   35.01%       0.000      1.000      1.000
             637.000       0.228      -1.614       1.000   64.99%       1.000      1.000


THE MODEL ESTIMATION TERMINATED NORMALLY



MODEL FIT INFORMATION

Number of Free Parameters                       12

Loglikelihood

          H0 Value                       -2882.684
          H0 Scaling Correction Factor      2.1517
            for MLR

Information Criteria

          Akaike (AIC)                    5789.369
          Bayesian (BIC)                  5838.812
          Sample-Size Adjusted BIC        5800.728
            (n* = (n + 2) / 24)



MODEL RESULTS

                                                    Two-Tailed
                    Estimate       S.E.  Est./S.E.    P-Value

 IA         ON
    AGE_C80           -0.198      0.052     -3.808      0.000
    EDU_C7             0.055      0.042      1.329      0.184
    FEMALE             0.630      0.262      2.406      0.016

 SA         ON
    AGE_C80           -0.005      0.012     -0.403      0.687
    EDU_C7             0.009      0.010      0.923      0.356
    FEMALE            -0.016      0.063     -0.258      0.796

 IA       WITH
    SA                 0.188      0.189      0.996      0.319

 Intercepts
    A_01               0.000      0.000    999.000    999.000
    A_02               0.000      0.000    999.000    999.000
    A_03               0.000      0.000    999.000    999.000
    A_05               0.000      0.000    999.000    999.000
    IA                14.322      0.261     54.819      0.000
    SA                -0.177      0.063     -2.790      0.005

 Residual Variances
    A_01               3.104      0.505      6.150      0.000
    A_02               3.104      0.505      6.150      0.000
    A_03               3.104      0.505      6.150      0.000
    A_05               3.104      0.505      6.150      0.000
    IA                 3.895      1.055      3.692      0.000
    SA                 0.089      0.037      2.407      0.016


QUALITY OF NUMERICAL RESULTS

     Condition Number for the Information Matrix              0.297E-02
       (ratio of smallest to largest eigenvalue)


CONFIDENCE INTERVALS OF MODEL RESULTS

                  Lower .5%  Lower 2.5%    Lower 5%    Estimate    Upper 5%  Upper 2.5%   Upper .5%

 IA       ON
    AGE_C80         -0.331      -0.299      -0.283      -0.198      -0.112      -0.096      -0.064
    EDU_C7          -0.052      -0.026      -0.013       0.055       0.124       0.137       0.163
    FEMALE          -0.044       0.117       0.199       0.630       1.061       1.144       1.305

 SA       ON
    AGE_C80         -0.035      -0.028      -0.024      -0.005       0.014       0.018       0.025
    EDU_C7          -0.016      -0.010      -0.007       0.009       0.025       0.028       0.034
    FEMALE          -0.180      -0.141      -0.121      -0.016       0.088       0.108       0.147

 IA       WITH
    SA              -0.298      -0.182      -0.122       0.188       0.499       0.558       0.675

 Intercepts
    A_01             0.000       0.000       0.000       0.000       0.000       0.000       0.000
    A_02             0.000       0.000       0.000       0.000       0.000       0.000       0.000
    A_03             0.000       0.000       0.000       0.000       0.000       0.000       0.000
    A_05             0.000       0.000       0.000       0.000       0.000       0.000       0.000
    IA              13.649      13.810      13.892      14.322      14.751      14.834      14.995
    SA              -0.340      -0.301      -0.281      -0.177      -0.072      -0.053      -0.014

 Residual Variances
    A_01             1.804       2.115       2.274       3.104       3.934       4.093       4.404
    A_02             1.804       2.115       2.274       3.104       3.934       4.093       4.404
    A_03             1.804       2.115       2.274       3.104       3.934       4.093       4.404
    A_05             1.804       2.115       2.274       3.104       3.934       4.093       4.404
    IA               1.177       1.827       2.159       3.895       5.631       5.963       6.613
    SA              -0.006       0.017       0.028       0.089       0.150       0.162       0.185


SAMPLE STATISTICS FOR ESTIMATED FACTOR SCORES


     SAMPLE STATISTICS


           Means
              IA            IA_SE         SA            SA_SE
              ________      ________      ________      ________
 1             13.164         1.021        -0.310         0.236


           Covariances
              IA            IA_SE         SA            SA_SE
              ________      ________      ________      ________
 IA             7.645
 IA_SE         -0.065         0.021
 SA             0.606         0.001         0.082
 SA_SE         -0.027         0.004         0.000         0.002


           Correlations
              IA            IA_SE         SA            SA_SE
              ________      ________      ________      ________
 IA             1.000
 IA_SE         -0.163         1.000
 SA             0.764         0.019         1.000
 SA_SE         -0.240         0.762        -0.041         1.000


RESULTS SAVING INFORMATION

  Order of data

    Parameter estimates
     (saved in order shown in Technical 1 output)
    Standard errors
     (saved in order shown in Technical 1 output)
    H0 Loglikelihood
    H0 Scaling Correction Factor for MLR
    Number of Free Parameters
    Akaike (AIC)
    Bayesian (BIC)
    Sample-Size Adjusted BIC

  Save file
    u1_1235_aef_clock_results.dat

  Save file format           Free


PLOT INFORMATION

The following plots are available:

  Histograms (sample values, estimated factor scores)
  Scatterplots (sample values, estimated factor scores)
  Latent variable distribution plots

SAVEDATA INFORMATION


  Save file
    u1_1235_aef_clock_fscores.dat

  Order and format of variables

    A_01           F10.3
    A_02           F10.3
    A_03           F10.3
    A_05           F10.3
    AGE_C80        F10.3
    EDU_C7         F10.3
    FEMALE         F10.3
    TIME_01        F10.3
    TIME_02        F10.3
    TIME_03        F10.3
    TIME_05        F10.3
    _WEIGHT        F10.3
    IA             F10.3
    IA_SE          F10.3
    SA             F10.3
    SA_SE          F10.3
    PAIRID         I6

  Save file format
    16F10.3 I6

  Save file record length    10000


     Beginning Time:  11:53:37
        Ending Time:  11:53:38
       Elapsed Time:  00:00:01



MUTHEN & MUTHEN
3463 Stoner Ave.
Los Angeles, CA  90066

Tel: (310) 391-9971
Fax: (310) 391-8971
Web: www.StatModel.com
Support: Support@StatModel.com

Copyright (c) 1998-2014 Muthen & Muthen
