Mplus VERSION 7.3
MUTHEN & MUTHEN
12/17/2016  12:16 PM

INPUT INSTRUCTIONS

  TITLE:
  Script produced from the prototype in ./sandbox/syntax-creator/
  DATA:
  File = wide-dataset.dat ;
  VARIABLE:
  NAMES are
   Case PairID female age_c80 edu_c7 sbp_c167 smoke cardio diabetes dementia_ever
      years_since_bl_01 years_since_bl_02 years_since_bl_03 years_since_bl_04
      years_since_bl_05 pef_01 pef_02 pef_03 pef_04 pef_05 grip_01 grip_02 grip_03
      grip_04 grip_05 gait_01 gait_02 gait_03 gait_04 gait_05 block_01 block_02
      block_03 block_04 block_05 digitspanbackward_01 digitspanbackward_02
      digitspanbackward_03 digitspanbackward_04 digitspanbackward_05
      digitspanforward_01 digitspanforward_02 digitspanforward_03 digitspanforward_04
      digitspanforward_05 symbol_01 symbol_02 symbol_03 symbol_04 symbol_05 prose_01
      prose_02 prose_03 prose_04 prose_05 info_01 info_02 info_03 info_04 info_05
      synonyms_01 synonyms_02 synonyms_03 synonyms_04 synonyms_05 psif_01 psif_02
      psif_03 psif_04 psif_05 figure_01 figure_02 figure_03 figure_04 figure_05
      mirrecall_01 mirrecall_02 mirrecall_03 mirrecall_04 mirrecall_05 mmse_01 mmse_02
      mmse_03 mmse_04 mmse_05 mirnaming_01 mirnaming_02 mirnaming_03 mirnaming_04
      mirnaming_05 mirrecog_01 mirrecog_02 mirrecog_03 mirrecog_04 mirrecog_05
      clock_01 clock_02 clock_03 clock_04 clock_05
  	;
  Missing are all (-9999);
  USEVARIABLES are
  	!define the variables used in the analysis
  	! covariates used in the model
  age_c80
  edu_c7
  female
  sbp_c167	
  	!estimated time points
  time_01
  time_02
  time_03
  time_05
  	!modelled time points of process (A)
  a_01
  a_02
  a_03
  a_05
  ;
  TSCORES are
  	!estimated time points
  time_01
  time_02
  time_03
  time_05;
  CLUSTER = PairID;
  SUBPOPULATION are
  	!select a subset of observations
  dementia_ever NE 1
  ;
  DEFINE:
  	! assign variables to the process (A)
  a_01 = clock_01;
  a_02 = clock_02;
  a_03 = clock_03;
  a_05 = clock_05;
  	!assign variables to time points
  time_01 = years_since_bl_01;
  time_02 = years_since_bl_02;
  time_03 = years_since_bl_03;
  time_05 = years_since_bl_05;
  	
  ANALYSIS: TYPE = RANDOM COMPLEX;
  COVERAGE=.00;
  MODEL:
  	!first-level equation
  	! assign process (A) to time points
  ia sa qa | a_01 AT time_01 ;
  ia sa qa | a_02 AT time_02 ;
  ia sa qa | a_03 AT time_03 ;
  ia sa qa | a_05 AT time_05 ;
  	!variance of the first-level terms
  ia (v_ia);
  sa (v_sa);
  qa (v_qa);
  	!covariance among first-level terms
  ia WITH sa (c_iasa);
  ia WITH qa (c_iaqa);
  sa WITH qa (c_saqa);
  	!second-level equation
  ia sa qa ON age_c80
  edu_c7
  female
  sbp_c167;
  	!residual covariance of process (A)
  a_01 (res_a);
  a_02 (res_a);
  a_03 (res_a);
  a_05 (res_a);	
  SAVEDATA:
  FILE is   u2_1235_aefb_clock_fscores.dat;
  SAVE = FSCORES;
  RESULTS are   u2_1235_aefb_clock_results.dat;
  	
  OUTPUT: sampstat cinterval;
  PLOT: Type is Plot1 Plot2 Plot3;



*** WARNING
  Data set contains cases with missing on x-variables.
  These cases were not included in the analysis.
  Number of cases with missing on x-variables:  92
*** WARNING
  Data set contains cases with missing on all variables except
  x-variables.  These cases were not included in the analysis.
  Number of cases with missing on all variables except x-variables:  12
   2 WARNING(S) FOUND IN THE INPUT INSTRUCTIONS




Script produced from the prototype in ./sandbox/syntax-creator/

SUMMARY OF ANALYSIS

Number of groups                                                 1
Number of observations                                         433

Number of dependent variables                                    4
Number of independent variables                                  4
Number of continuous latent variables                            3

Observed dependent variables

  Continuous
   A_01        A_02        A_03        A_05

Observed independent variables
   AGE_C80     EDU_C7      FEMALE      SBP_C167

Continuous latent variables
   IA          SA          QA

Variables with special functions

  Cluster variable      PAIRID
  Weight variable       _WEIGHT

  Time scores
   TIME_01     TIME_02     TIME_03     TIME_05


Estimator                                                      MLR
Information matrix                                        OBSERVED
Maximum number of iterations                                   100
Convergence criterion                                    0.100D-05
Maximum number of EM iterations                                500
Convergence criteria for the EM algorithm
  Loglikelihood change                                   0.100D-02
  Relative loglikelihood change                          0.100D-05
  Derivative                                             0.100D-03
Minimum variance                                         0.100D-03
Maximum number of steepest descent iterations                   20
Maximum number of iterations for H1                           2000
Convergence criterion for H1                             0.100D-03
Optimization algorithm                                         EMA

Input data file(s)
  wide-dataset.dat
Input data format  FREE



SAMPLE STATISTICS


     ESTIMATED SAMPLE STATISTICS


           Means
              A_01          A_02          A_03          A_05          AGE_C80
              ________      ________      ________      ________      ________
 1             14.216        14.047        13.660        12.293         3.314


           Means
              EDU_C7        FEMALE        SBP_C167
              ________      ________      ________
 1              0.286         0.651        -6.400


           Covariances
              A_01          A_02          A_03          A_05          AGE_C80
              ________      ________      ________      ________      ________
 A_01           5.245
 A_02           2.441         5.649
 A_03           4.183         4.290         8.533
 A_05           5.365         7.044         8.285        18.838
 AGE_C80       -1.406        -1.624        -2.376        -1.781         8.786
 EDU_C7         0.496         0.212         0.699         0.736        -0.669
 FEMALE         0.035         0.107         0.059         0.019         0.082
 SBP_C167       3.661         4.536         4.057        -0.447        -5.301


           Covariances
              EDU_C7        FEMALE        SBP_C167
              ________      ________      ________
 EDU_C7         6.029
 FEMALE        -0.106         0.227
 SBP_C167       1.098         0.741       511.071


           Correlations
              A_01          A_02          A_03          A_05          AGE_C80
              ________      ________      ________      ________      ________
 A_01           1.000
 A_02           0.448         1.000
 A_03           0.625         0.618         1.000
 A_05           0.540         0.683         0.653         1.000
 AGE_C80       -0.207        -0.231        -0.274        -0.138         1.000
 EDU_C7         0.088         0.036         0.097         0.069        -0.092
 FEMALE         0.032         0.094         0.042         0.009         0.058
 SBP_C167       0.071         0.084         0.061        -0.005        -0.079


           Correlations
              EDU_C7        FEMALE        SBP_C167
              ________      ________      ________
 EDU_C7         1.000
 FEMALE        -0.090         1.000
 SBP_C167       0.020         0.069         1.000


     MAXIMUM LOG-LIKELIHOOD VALUE FOR THE UNRESTRICTED (H1) MODEL IS -9646.690


UNIVARIATE HIGHER-ORDER MOMENT DESCRIPTIVE STATISTICS


     UNIVARIATE HIGHER-ORDER MOMENT DESCRIPTIVE STATISTICS

         Variable/         Mean/     Skewness/   Minimum/ % with                Percentiles
        Sample Size      Variance    Kurtosis    Maximum  Min/Max      20%/60%    40%/80%    Median

     A_01                 14.224      -3.701       0.000    0.51%      13.000     15.000     15.000
             588.000       5.235      13.852      15.000   72.79%      15.000     15.000
     A_02                 14.186      -3.575       0.000    3.64%      10.000     15.000     15.000
             495.000       5.163      13.482      15.000   66.26%      15.000     15.000
     A_03                 14.030      -3.270       0.000    5.26%      10.000     15.000     15.000
             380.000       6.795      10.739      15.000   64.74%      15.000     15.000
     A_05                 13.025      -1.905       0.000    7.54%       6.000     14.000     15.000
             199.000      12.772       2.728      15.000   53.77%      15.000     15.000
     AGE_C80               3.314       1.224      -0.630    0.17%       0.877      1.809      2.433
             598.000       8.786       1.461      17.918    0.17%       3.216      5.784
     EDU_C7                0.286       2.186      -7.000    0.17%      -1.000     -1.000     -1.000
             598.000       6.029       7.478      16.000    0.17%       0.000      1.000
     FEMALE                0.651      -0.635       0.000   34.62%       0.000      1.000      1.000
             598.000       0.227      -1.597       1.000   65.38%       1.000      1.000
     SBP_C167             -6.400       0.371     -67.000    0.17%     -27.000    -17.000     -7.000
             598.000     511.071       0.645      93.000    0.17%      -7.000     13.000


THE MODEL ESTIMATION TERMINATED NORMALLY



MODEL FIT INFORMATION

Number of Free Parameters                       22

Loglikelihood

          H0 Value                       -2651.242
          H0 Scaling Correction Factor      2.2075
            for MLR

Information Criteria

          Akaike (AIC)                    5346.484
          Bayesian (BIC)                  5436.040
          Sample-Size Adjusted BIC        5366.224
            (n* = (n + 2) / 24)



MODEL RESULTS

                                                    Two-Tailed
                    Estimate       S.E.  Est./S.E.    P-Value

 IA         ON
    AGE_C80           -0.151      0.055     -2.732      0.006
    EDU_C7             0.061      0.033      1.840      0.066
    FEMALE             0.244      0.232      1.055      0.291
    SBP_C167           0.005      0.005      1.131      0.258

 SA         ON
    AGE_C80           -0.037      0.028     -1.316      0.188
    EDU_C7            -0.010      0.020     -0.508      0.611
    FEMALE             0.165      0.136      1.212      0.226
    SBP_C167           0.001      0.002      0.270      0.787

 QA         ON
    AGE_C80            0.004      0.004      1.072      0.284
    EDU_C7             0.003      0.003      0.863      0.388
    FEMALE            -0.026      0.018     -1.426      0.154
    SBP_C167           0.000      0.000     -0.636      0.525

 IA       WITH
    SA                 0.017      0.529      0.032      0.974
    QA                 0.041      0.055      0.743      0.458

 SA       WITH
    QA                -0.021      0.057     -0.367      0.714

 Intercepts
    A_01               0.000      0.000    999.000    999.000
    A_02               0.000      0.000    999.000    999.000
    A_03               0.000      0.000    999.000    999.000
    A_05               0.000      0.000    999.000    999.000
    IA                14.570      0.254     57.470      0.000
    SA                -0.014      0.132     -0.103      0.918
    QA                -0.022      0.018     -1.194      0.232

 Residual Variances
    A_01               2.556      0.778      3.287      0.001
    A_02               2.556      0.778      3.287      0.001
    A_03               2.556      0.778      3.287      0.001
    A_05               2.556      0.778      3.287      0.001
    IA                 2.305      1.078      2.137      0.033
    SA                 0.154      0.511      0.302      0.763
    QA                 0.004      0.007      0.637      0.524


QUALITY OF NUMERICAL RESULTS

     Condition Number for the Information Matrix              0.713E-05
       (ratio of smallest to largest eigenvalue)


CONFIDENCE INTERVALS OF MODEL RESULTS

                  Lower .5%  Lower 2.5%    Lower 5%    Estimate    Upper 5%  Upper 2.5%   Upper .5%

 IA       ON
    AGE_C80         -0.293      -0.259      -0.241      -0.151      -0.060      -0.043      -0.009
    EDU_C7          -0.025      -0.004       0.007       0.061       0.116       0.127       0.147
    FEMALE          -0.352      -0.210      -0.137       0.244       0.625       0.698       0.841
    SBP_C167        -0.007      -0.004      -0.002       0.005       0.013       0.015       0.018

 SA       ON
    AGE_C80         -0.110      -0.092      -0.083      -0.037       0.009       0.018       0.036
    EDU_C7          -0.063      -0.051      -0.044      -0.010       0.023       0.030       0.042
    FEMALE          -0.185      -0.102      -0.059       0.165       0.388       0.431       0.514
    SBP_C167        -0.006      -0.004      -0.003       0.001       0.005       0.005       0.007

 QA       ON
    AGE_C80         -0.006      -0.003      -0.002       0.004       0.010       0.012       0.014
    EDU_C7          -0.005      -0.003      -0.002       0.003       0.008       0.008       0.010
    FEMALE          -0.074      -0.062      -0.057      -0.026       0.004       0.010       0.021
    SBP_C167        -0.001      -0.001      -0.001       0.000       0.000       0.000       0.001

 IA       WITH
    SA              -1.345      -1.019      -0.853       0.017       0.886       1.053       1.378
    QA              -0.102      -0.067      -0.050       0.041       0.132       0.150       0.184

 SA       WITH
    QA              -0.169      -0.133      -0.115      -0.021       0.073       0.091       0.127

 Intercepts
    A_01             0.000       0.000       0.000       0.000       0.000       0.000       0.000
    A_02             0.000       0.000       0.000       0.000       0.000       0.000       0.000
    A_03             0.000       0.000       0.000       0.000       0.000       0.000       0.000
    A_05             0.000       0.000       0.000       0.000       0.000       0.000       0.000
    IA              13.917      14.073      14.153      14.570      14.987      15.067      15.223
    SA              -0.354      -0.272      -0.231      -0.014       0.203       0.245       0.326
    QA              -0.068      -0.057      -0.051      -0.022       0.008       0.014       0.025

 Residual Variances
    A_01             0.553       1.032       1.277       2.556       3.835       4.080       4.559
    A_02             0.553       1.032       1.277       2.556       3.835       4.080       4.559
    A_03             0.553       1.032       1.277       2.556       3.835       4.080       4.559
    A_05             0.553       1.032       1.277       2.556       3.835       4.080       4.559
    IA              -0.473       0.191       0.531       2.305       4.079       4.418       5.082
    SA              -1.161      -0.847      -0.686       0.154       0.995       1.156       1.470
    QA              -0.013      -0.009      -0.007       0.004       0.016       0.018       0.022


SAMPLE STATISTICS FOR ESTIMATED FACTOR SCORES


     SAMPLE STATISTICS


           Means
              IA            IA_SE         SA            SA_SE         QA
              ________      ________      ________      ________      ________
 1             13.385         0.811        -0.095         0.365        -0.033


           Means
              QA_SE
              ________
 1              0.059


           Covariances
              IA            IA_SE         SA            SA_SE         QA
              ________      ________      ________      ________      ________
 IA             5.420
 IA_SE         -0.054         0.025
 SA             0.375        -0.007         0.071
 SA_SE         -0.007         0.003        -0.001         0.000
 QA             0.057         0.000        -0.003         0.000         0.002
 QA_SE         -0.003         0.001        -0.001         0.000         0.000


           Covariances
              QA_SE
              ________
 QA_SE          0.000


           Correlations
              IA            IA_SE         SA            SA_SE         QA
              ________      ________      ________      ________      ________
 IA             1.000
 IA_SE         -0.146         1.000
 SA             0.606        -0.159         1.000
 SA_SE         -0.170         0.959        -0.217         1.000
 QA             0.548         0.049        -0.289         0.068         1.000
 QA_SE         -0.197         0.752        -0.310         0.892         0.106


           Correlations
              QA_SE
              ________
 QA_SE          1.000


RESULTS SAVING INFORMATION

  Order of data

    Parameter estimates
     (saved in order shown in Technical 1 output)
    Standard errors
     (saved in order shown in Technical 1 output)
    H0 Loglikelihood
    H0 Scaling Correction Factor for MLR
    Number of Free Parameters
    Akaike (AIC)
    Bayesian (BIC)
    Sample-Size Adjusted BIC

  Save file
    u2_1235_aefb_clock_results.dat

  Save file format           Free


PLOT INFORMATION

The following plots are available:

  Histograms (sample values, estimated factor scores)
  Scatterplots (sample values, estimated factor scores)
  Latent variable distribution plots

SAVEDATA INFORMATION


  Save file
    u2_1235_aefb_clock_fscores.dat

  Order and format of variables

    A_01           F10.3
    A_02           F10.3
    A_03           F10.3
    A_05           F10.3
    AGE_C80        F10.3
    EDU_C7         F10.3
    FEMALE         F10.3
    SBP_C167       F10.3
    TIME_01        F10.3
    TIME_02        F10.3
    TIME_03        F10.3
    TIME_05        F10.3
    _WEIGHT        F10.3
    IA             F10.3
    IA_SE          F10.3
    SA             F10.3
    SA_SE          F10.3
    QA             F10.3
    QA_SE          F10.3
    PAIRID         I6

  Save file format
    19F10.3 I6

  Save file record length    10000


     Beginning Time:  12:16:33
        Ending Time:  12:16:38
       Elapsed Time:  00:00:05



MUTHEN & MUTHEN
3463 Stoner Ave.
Los Angeles, CA  90066

Tel: (310) 391-9971
Fax: (310) 391-8971
Web: www.StatModel.com
Support: Support@StatModel.com

Copyright (c) 1998-2014 Muthen & Muthen
