Mplus VERSION 7.3
MUTHEN & MUTHEN
12/17/2016   6:07 PM

INPUT INSTRUCTIONS

  TITLE:
  Script produced from the prototype in ./sandbox/syntax-creator/
  DATA:
  File = wide-dataset.dat ;
  VARIABLE:
  NAMES are
   Case PairID female age_c80 edu_c7 sbp_c167 smoke cardio diabetes dementia_ever
      years_since_bl_01 years_since_bl_02 years_since_bl_03 years_since_bl_04
      years_since_bl_05 pef_01 pef_02 pef_03 pef_04 pef_05 grip_01 grip_02 grip_03
      grip_04 grip_05 gait_01 gait_02 gait_03 gait_04 gait_05 block_01 block_02
      block_03 block_04 block_05 digitspanbackward_01 digitspanbackward_02
      digitspanbackward_03 digitspanbackward_04 digitspanbackward_05
      digitspanforward_01 digitspanforward_02 digitspanforward_03 digitspanforward_04
      digitspanforward_05 symbol_01 symbol_02 symbol_03 symbol_04 symbol_05 prose_01
      prose_02 prose_03 prose_04 prose_05 info_01 info_02 info_03 info_04 info_05
      synonyms_01 synonyms_02 synonyms_03 synonyms_04 synonyms_05 psif_01 psif_02
      psif_03 psif_04 psif_05 figure_01 figure_02 figure_03 figure_04 figure_05
      mirrecall_01 mirrecall_02 mirrecall_03 mirrecall_04 mirrecall_05 mmse_01 mmse_02
      mmse_03 mmse_04 mmse_05 mirnaming_01 mirnaming_02 mirnaming_03 mirnaming_04
      mirnaming_05 mirrecog_01 mirrecog_02 mirrecog_03 mirrecog_04 mirrecog_05
      clock_01 clock_02 clock_03 clock_04 clock_05
  	;
  Missing are all (-9999);
  USEVARIABLES are
  	!define the variables used in the analysis
  	! covariates used in the model
  age_c80
  edu_c7
  female
  sbp_c167	
  	!estimated time points
  time_01
  time_03
  time_05
  	!modelled time points of process (A)
  a_01
  a_03
  a_05
  ;
  TSCORES are
  	!estimated time points
  time_01
  time_03
  time_05;
  CLUSTER = PairID;
  SUBPOPULATION are
  	!select a subset of observations
  dementia_ever NE 1
  ;
  DEFINE:
  	! assign variables to the process (A)
  a_01 = clock_01;
  a_03 = clock_03;
  a_05 = clock_05;
  	!assign variables to time points
  time_01 = years_since_bl_01;
  time_03 = years_since_bl_03;
  time_05 = years_since_bl_05;
  	
  ANALYSIS: TYPE = RANDOM COMPLEX;
  COVERAGE=.00;
  MODEL:
  	!first-level equation
  	! assign process (A) to time points
  ia sa qa | a_01 AT time_01 ;
  ia sa qa | a_03 AT time_03 ;
  ia sa qa | a_05 AT time_05 ;
  	!variance of the first-level terms
  ia (v_ia);
  sa (v_sa);
  qa (v_qa);
  	!covariance among first-level terms
  ia WITH sa (c_iasa);
  ia WITH qa (c_iaqa);
  sa WITH qa (c_saqa);
  	!second-level equation
  ia sa qa ON age_c80
  edu_c7
  female
  sbp_c167;
  	!residual covariance of process (A)
  a_01 (res_a);
  a_03 (res_a);
  a_05 (res_a);	
  SAVEDATA:
  FILE is   u2_135_aefb_clock_fscores.dat;
  SAVE = FSCORES;
  RESULTS are   u2_135_aefb_clock_results.dat;
  	
  OUTPUT: sampstat cinterval;
  PLOT: Type is Plot1 Plot2 Plot3;



*** WARNING
  Data set contains cases with missing on x-variables.
  These cases were not included in the analysis.
  Number of cases with missing on x-variables:  92
*** WARNING
  Data set contains cases with missing on all variables except
  x-variables.  These cases were not included in the analysis.
  Number of cases with missing on all variables except x-variables:  16
   2 WARNING(S) FOUND IN THE INPUT INSTRUCTIONS




Script produced from the prototype in ./sandbox/syntax-creator/

SUMMARY OF ANALYSIS

Number of groups                                                 1
Number of observations                                         431

Number of dependent variables                                    3
Number of independent variables                                  4
Number of continuous latent variables                            3

Observed dependent variables

  Continuous
   A_01        A_03        A_05

Observed independent variables
   AGE_C80     EDU_C7      FEMALE      SBP_C167

Continuous latent variables
   IA          SA          QA

Variables with special functions

  Cluster variable      PAIRID
  Weight variable       _WEIGHT

  Time scores
   TIME_01     TIME_03     TIME_05


Estimator                                                      MLR
Information matrix                                        OBSERVED
Maximum number of iterations                                   100
Convergence criterion                                    0.100D-05
Maximum number of EM iterations                                500
Convergence criteria for the EM algorithm
  Loglikelihood change                                   0.100D-02
  Relative loglikelihood change                          0.100D-05
  Derivative                                             0.100D-03
Minimum variance                                         0.100D-03
Maximum number of steepest descent iterations                   20
Maximum number of iterations for H1                           2000
Convergence criterion for H1                             0.100D-03
Optimization algorithm                                         EMA

Input data file(s)
  wide-dataset.dat
Input data format  FREE



SAMPLE STATISTICS


     ESTIMATED SAMPLE STATISTICS


           Means
              A_01          A_03          A_05          AGE_C80       EDU_C7
              ________      ________      ________      ________      ________
 1             14.222        13.733        12.633         3.310         0.292


           Means
              FEMALE        SBP_C167
              ________      ________
 1              0.652        -6.304


           Covariances
              A_01          A_03          A_05          AGE_C80       EDU_C7
              ________      ________      ________      ________      ________
 A_01           5.229
 A_03           4.351         8.297
 A_05           5.326         7.075        15.714
 AGE_C80       -1.384        -2.445        -1.523         8.790
 EDU_C7         0.477         0.800         1.031        -0.654         6.044
 FEMALE         0.029         0.009        -0.122         0.090        -0.109
 SBP_C167       3.505         3.783        -0.791        -5.121         0.933


           Covariances
              FEMALE        SBP_C167
              ________      ________
 FEMALE         0.227
 SBP_C167       0.706       511.000


           Correlations
              A_01          A_03          A_05          AGE_C80       EDU_C7
              ________      ________      ________      ________      ________
 A_01           1.000
 A_03           0.661         1.000
 A_05           0.588         0.620         1.000
 AGE_C80       -0.204        -0.286        -0.130         1.000
 EDU_C7         0.085         0.113         0.106        -0.090         1.000
 FEMALE         0.027         0.007        -0.065         0.063        -0.093
 SBP_C167       0.068         0.058        -0.009        -0.076         0.017


           Correlations
              FEMALE        SBP_C167
              ________      ________
 FEMALE         1.000
 SBP_C167       0.066         1.000


     MAXIMUM LOG-LIKELIHOOD VALUE FOR THE UNRESTRICTED (H1) MODEL IS -8610.984


UNIVARIATE HIGHER-ORDER MOMENT DESCRIPTIVE STATISTICS


     UNIVARIATE HIGHER-ORDER MOMENT DESCRIPTIVE STATISTICS

         Variable/         Mean/     Skewness/   Minimum/ % with                Percentiles
        Sample Size      Variance    Kurtosis    Maximum  Min/Max      20%/60%    40%/80%    Median

     A_01                 14.224      -3.701       0.000    0.51%      13.000     15.000     15.000
             588.000       5.235      13.852      15.000   72.79%      15.000     15.000
     A_03                 14.030      -3.270       0.000    5.26%      10.000     15.000     15.000
             380.000       6.795      10.739      15.000   64.74%      15.000     15.000
     A_05                 13.025      -1.905       0.000    7.54%       6.000     14.000     15.000
             199.000      12.772       2.728      15.000   53.77%      15.000     15.000
     AGE_C80               3.310       1.229      -0.630    0.17%       0.877      1.809      2.425
             594.000       8.790       1.479      17.918    0.17%       3.194      5.718
     EDU_C7                0.292       2.182      -7.000    0.17%      -1.000     -1.000     -1.000
             594.000       6.044       7.449      16.000    0.17%       0.000      1.000
     FEMALE                0.652      -0.638       0.000   34.51%       0.000      1.000      1.000
             594.000       0.227      -1.593       1.000   65.49%       1.000      1.000
     SBP_C167             -6.304       0.366     -67.000    0.17%     -27.000    -17.000     -7.000
             594.000     511.000       0.648      93.000    0.17%      -7.000     13.000


THE MODEL ESTIMATION TERMINATED NORMALLY



MODEL FIT INFORMATION

Number of Free Parameters                       22

Loglikelihood

          H0 Value                       -1927.936
          H0 Scaling Correction Factor      1.9209
            for MLR

Information Criteria

          Akaike (AIC)                    3899.871
          Bayesian (BIC)                  3989.326
          Sample-Size Adjusted BIC        3919.510
            (n* = (n + 2) / 24)



MODEL RESULTS

                                                    Two-Tailed
                    Estimate       S.E.  Est./S.E.    P-Value

 IA         ON
    AGE_C80           -0.152      0.056     -2.702      0.007
    EDU_C7             0.065      0.034      1.897      0.058
    FEMALE             0.205      0.238      0.861      0.389
    SBP_C167           0.005      0.005      0.944      0.345

 SA         ON
    AGE_C80           -0.055      0.030     -1.847      0.065
    EDU_C7             0.010      0.022      0.448      0.654
    FEMALE             0.077      0.134      0.576      0.565
    SBP_C167           0.001      0.002      0.234      0.815

 QA         ON
    AGE_C80            0.007      0.004      1.654      0.098
    EDU_C7             0.000      0.003      0.047      0.963
    FEMALE            -0.020      0.020     -0.990      0.322
    SBP_C167           0.000      0.000     -0.487      0.626

 IA       WITH
    SA                 0.048      3.156      0.015      0.988
    QA                 0.021      0.265      0.080      0.936

 SA       WITH
    QA                -0.044      0.398     -0.110      0.912

 Intercepts
    A_01               0.000      0.000    999.000    999.000
    A_03               0.000      0.000    999.000    999.000
    A_05               0.000      0.000    999.000    999.000
    IA                14.605      0.263     55.501      0.000
    SA                 0.096      0.130      0.735      0.463
    QA                -0.031      0.020     -1.564      0.118

 Residual Variances
    A_01               1.655      8.659      0.191      0.848
    A_03               1.655      8.659      0.191      0.848
    A_05               1.655      8.659      0.191      0.848
    IA                 3.309      8.677      0.381      0.703
    SA                 0.311      3.428      0.091      0.928
    QA                 0.008      0.050      0.155      0.876


QUALITY OF NUMERICAL RESULTS

     Condition Number for the Information Matrix              0.368E-07
       (ratio of smallest to largest eigenvalue)


CONFIDENCE INTERVALS OF MODEL RESULTS

                  Lower .5%  Lower 2.5%    Lower 5%    Estimate    Upper 5%  Upper 2.5%   Upper .5%

 IA       ON
    AGE_C80         -0.296      -0.262      -0.244      -0.152      -0.059      -0.042      -0.007
    EDU_C7          -0.023      -0.002       0.009       0.065       0.122       0.133       0.154
    FEMALE          -0.409      -0.262      -0.187       0.205       0.597       0.672       0.819
    SBP_C167        -0.009      -0.005      -0.004       0.005       0.014       0.015       0.018

 SA       ON
    AGE_C80         -0.132      -0.114      -0.104      -0.055      -0.006       0.003       0.022
    EDU_C7          -0.046      -0.033      -0.026       0.010       0.045       0.052       0.065
    FEMALE          -0.269      -0.186      -0.144       0.077       0.299       0.341       0.424
    SBP_C167        -0.006      -0.004      -0.003       0.001       0.005       0.005       0.007

 QA       ON
    AGE_C80         -0.004      -0.001       0.000       0.007       0.013       0.015       0.017
    EDU_C7          -0.008      -0.006      -0.005       0.000       0.005       0.007       0.009
    FEMALE          -0.070      -0.058      -0.052      -0.020       0.013       0.019       0.031
    SBP_C167        -0.001      -0.001      -0.001       0.000       0.000       0.001       0.001

 IA       WITH
    SA              -8.081      -6.138      -5.143       0.048       5.239       6.233       8.176
    QA              -0.660      -0.497      -0.414       0.021       0.457       0.540       0.703

 SA       WITH
    QA              -1.068      -0.824      -0.698      -0.044       0.611       0.736       0.981

 Intercepts
    A_01             0.000       0.000       0.000       0.000       0.000       0.000       0.000
    A_03             0.000       0.000       0.000       0.000       0.000       0.000       0.000
    A_05             0.000       0.000       0.000       0.000       0.000       0.000       0.000
    IA              13.927      14.089      14.172      14.605      15.038      15.121      15.283
    SA              -0.240      -0.160      -0.119       0.096       0.310       0.351       0.432
    QA              -0.082      -0.070      -0.064      -0.031       0.002       0.008       0.020

 Residual Variances
    A_01           -20.649     -15.317     -12.589       1.655      15.899      18.627      23.959
    A_03           -20.649     -15.317     -12.589       1.655      15.899      18.627      23.959
    A_05           -20.649     -15.317     -12.589       1.655      15.899      18.627      23.959
    IA             -19.042     -13.698     -10.965       3.309      17.584      20.317      25.661
    SA              -8.519      -6.408      -5.328       0.311       5.950       7.029       9.140
    QA              -0.121      -0.091      -0.075       0.008       0.090       0.106       0.137


SAMPLE STATISTICS FOR ESTIMATED FACTOR SCORES


     SAMPLE STATISTICS


           Means
              IA            IA_SE         SA            SA_SE         QA
              ________      ________      ________      ________      ________
 1             13.417         0.911        -0.119         0.496        -0.022


           Means
              QA_SE
              ________
 1              0.078


           Covariances
              IA            IA_SE         SA            SA_SE         QA
              ________      ________      ________      ________      ________
 IA             6.751
 IA_SE         -0.040         0.012
 SA             0.535        -0.001         0.207
 SA_SE         -0.020         0.005        -0.002         0.003
 QA             0.003         0.000        -0.022         0.000         0.004
 QA_SE         -0.005         0.001        -0.001         0.001         0.000


           Covariances
              QA_SE
              ________
 QA_SE          0.000


           Correlations
              IA            IA_SE         SA            SA_SE         QA
              ________      ________      ________      ________      ________
 IA             1.000
 IA_SE         -0.139         1.000
 SA             0.453        -0.019         1.000
 SA_SE         -0.150         0.939        -0.097         1.000
 QA             0.017         0.046        -0.796         0.121         1.000
 QA_SE         -0.162         0.723        -0.223         0.897         0.226


           Correlations
              QA_SE
              ________
 QA_SE          1.000


RESULTS SAVING INFORMATION

  Order of data

    Parameter estimates
     (saved in order shown in Technical 1 output)
    Standard errors
     (saved in order shown in Technical 1 output)
    H0 Loglikelihood
    H0 Scaling Correction Factor for MLR
    Number of Free Parameters
    Akaike (AIC)
    Bayesian (BIC)
    Sample-Size Adjusted BIC

  Save file
    u2_135_aefb_clock_results.dat

  Save file format           Free


PLOT INFORMATION

The following plots are available:

  Histograms (sample values, estimated factor scores)
  Scatterplots (sample values, estimated factor scores)
  Latent variable distribution plots

SAVEDATA INFORMATION


  Save file
    u2_135_aefb_clock_fscores.dat

  Order and format of variables

    A_01           F10.3
    A_03           F10.3
    A_05           F10.3
    AGE_C80        F10.3
    EDU_C7         F10.3
    FEMALE         F10.3
    SBP_C167       F10.3
    TIME_01        F10.3
    TIME_03        F10.3
    TIME_05        F10.3
    _WEIGHT        F10.3
    IA             F10.3
    IA_SE          F10.3
    SA             F10.3
    SA_SE          F10.3
    QA             F10.3
    QA_SE          F10.3
    PAIRID         I6

  Save file format
    17F10.3 I6

  Save file record length    10000


     Beginning Time:  18:07:01
        Ending Time:  18:07:03
       Elapsed Time:  00:00:02



MUTHEN & MUTHEN
3463 Stoner Ave.
Los Angeles, CA  90066

Tel: (310) 391-9971
Fax: (310) 391-8971
Web: www.StatModel.com
Support: Support@StatModel.com

Copyright (c) 1998-2014 Muthen & Muthen
