Mplus VERSION 7.3
MUTHEN & MUTHEN
12/17/2016  12:16 PM

INPUT INSTRUCTIONS

  TITLE:
  Script produced from the prototype in ./sandbox/syntax-creator/
  DATA:
  File = wide-dataset.dat ;
  VARIABLE:
  NAMES are
   Case PairID female age_c80 edu_c7 sbp_c167 smoke cardio diabetes dementia_ever
      years_since_bl_01 years_since_bl_02 years_since_bl_03 years_since_bl_04
      years_since_bl_05 pef_01 pef_02 pef_03 pef_04 pef_05 grip_01 grip_02 grip_03
      grip_04 grip_05 gait_01 gait_02 gait_03 gait_04 gait_05 block_01 block_02
      block_03 block_04 block_05 digitspanbackward_01 digitspanbackward_02
      digitspanbackward_03 digitspanbackward_04 digitspanbackward_05
      digitspanforward_01 digitspanforward_02 digitspanforward_03 digitspanforward_04
      digitspanforward_05 symbol_01 symbol_02 symbol_03 symbol_04 symbol_05 prose_01
      prose_02 prose_03 prose_04 prose_05 info_01 info_02 info_03 info_04 info_05
      synonyms_01 synonyms_02 synonyms_03 synonyms_04 synonyms_05 psif_01 psif_02
      psif_03 psif_04 psif_05 figure_01 figure_02 figure_03 figure_04 figure_05
      mirrecall_01 mirrecall_02 mirrecall_03 mirrecall_04 mirrecall_05 mmse_01 mmse_02
      mmse_03 mmse_04 mmse_05 mirnaming_01 mirnaming_02 mirnaming_03 mirnaming_04
      mirnaming_05 mirrecog_01 mirrecog_02 mirrecog_03 mirrecog_04 mirrecog_05
      clock_01 clock_02 clock_03 clock_04 clock_05
  	;
  Missing are all (-9999);
  USEVARIABLES are
  	!define the variables used in the analysis
  	! covariates used in the model
  age_c80
  edu_c7	
  	!estimated time points
  time_01
  time_03
  time_04
  time_05
  	!modelled time points of process (A)
  a_01
  a_03
  a_04
  a_05
  ;
  TSCORES are
  	!estimated time points
  time_01
  time_03
  time_04
  time_05;
  CLUSTER = PairID;
  SUBPOPULATION are
  	!select a subset of observations
  dementia_ever NE 1
  ;
  DEFINE:
  	! assign variables to the process (A)
  a_01 = clock_01;
  a_03 = clock_03;
  a_04 = clock_04;
  a_05 = clock_05;
  	!assign variables to time points
  time_01 = years_since_bl_01;
  time_03 = years_since_bl_03;
  time_04 = years_since_bl_04;
  time_05 = years_since_bl_05;
  	
  ANALYSIS: TYPE = RANDOM COMPLEX;
  COVERAGE=.00;
  MODEL:
  	!first-level equation
  	! assign process (A) to time points
  ia sa qa | a_01 AT time_01 ;
  ia sa qa | a_03 AT time_03 ;
  ia sa qa | a_04 AT time_04 ;
  ia sa qa | a_05 AT time_05 ;
  	!variance of the first-level terms
  ia (v_ia);
  sa (v_sa);
  qa (v_qa);
  	!covariance among first-level terms
  ia WITH sa (c_iasa);
  ia WITH qa (c_iaqa);
  sa WITH qa (c_saqa);
  	!second-level equation
  ia sa qa ON age_c80
  edu_c7;
  	!residual covariance of process (A)
  a_01 (res_a);
  a_03 (res_a);
  a_04 (res_a);
  a_05 (res_a);	
  SAVEDATA:
  FILE is   u2_1345_ae_clock_fscores.dat;
  SAVE = FSCORES;
  RESULTS are   u2_1345_ae_clock_results.dat;
  	
  OUTPUT: sampstat cinterval;
  PLOT: Type is Plot1 Plot2 Plot3;



*** WARNING
  Data set contains cases with missing on x-variables.
  These cases were not included in the analysis.
  Number of cases with missing on x-variables:  46
*** WARNING
  Data set contains cases with missing on all variables except
  x-variables.  These cases were not included in the analysis.
  Number of cases with missing on all variables except x-variables:  25
   2 WARNING(S) FOUND IN THE INPUT INSTRUCTIONS




Script produced from the prototype in ./sandbox/syntax-creator/

SUMMARY OF ANALYSIS

Number of groups                                                 1
Number of observations                                         452

Number of dependent variables                                    4
Number of independent variables                                  2
Number of continuous latent variables                            3

Observed dependent variables

  Continuous
   A_01        A_03        A_04        A_05

Observed independent variables
   AGE_C80     EDU_C7

Continuous latent variables
   IA          SA          QA

Variables with special functions

  Cluster variable      PAIRID
  Weight variable       _WEIGHT

  Time scores
   TIME_01     TIME_03     TIME_04     TIME_05


Estimator                                                      MLR
Information matrix                                        OBSERVED
Maximum number of iterations                                   100
Convergence criterion                                    0.100D-05
Maximum number of EM iterations                                500
Convergence criteria for the EM algorithm
  Loglikelihood change                                   0.100D-02
  Relative loglikelihood change                          0.100D-05
  Derivative                                             0.100D-03
Minimum variance                                         0.100D-03
Maximum number of steepest descent iterations                   20
Maximum number of iterations for H1                           2000
Convergence criterion for H1                             0.100D-03
Optimization algorithm                                         EMA

Input data file(s)
  wide-dataset.dat
Input data format  FREE



SAMPLE STATISTICS


     ESTIMATED SAMPLE STATISTICS


           Means
              A_01          A_03          A_04          A_05          AGE_C80
              ________      ________      ________      ________      ________
 1             13.995        13.556        13.247        12.129         3.310


           Means
              EDU_C7
              ________
 1              0.299


           Covariances
              A_01          A_03          A_04          A_05          AGE_C80
              ________      ________      ________      ________      ________
 A_01           7.538
 A_03           6.126        10.157
 A_04           6.444         8.025        11.423
 A_05           7.643         9.943        12.207        20.138
 AGE_C80       -1.569        -2.803        -3.236        -2.652         8.898
 EDU_C7         0.431         0.748         0.878         1.137        -0.664


           Covariances
              EDU_C7
              ________
 EDU_C7         6.002


           Correlations
              A_01          A_03          A_04          A_05          AGE_C80
              ________      ________      ________      ________      ________
 A_01           1.000
 A_03           0.700         1.000
 A_04           0.694         0.745         1.000
 A_05           0.620         0.695         0.805         1.000
 AGE_C80       -0.192        -0.295        -0.321        -0.198         1.000
 EDU_C7         0.064         0.096         0.106         0.103        -0.091


           Correlations
              EDU_C7
              ________
 EDU_C7         1.000


     MAXIMUM LOG-LIKELIHOOD VALUE FOR THE UNRESTRICTED (H1) MODEL IS -6545.574


UNIVARIATE HIGHER-ORDER MOMENT DESCRIPTIVE STATISTICS


     UNIVARIATE HIGHER-ORDER MOMENT DESCRIPTIVE STATISTICS

         Variable/         Mean/     Skewness/   Minimum/ % with                Percentiles
        Sample Size      Variance    Kurtosis    Maximum  Min/Max      20%/60%    40%/80%    Median

     A_01                 14.016      -3.263       0.000    1.44%      13.000     15.000     15.000
             623.000       7.381      10.001      15.000   70.14%      15.000     15.000
     A_03                 13.946      -3.253       0.000    6.85%      10.000     15.000     15.000
             394.000       8.059      10.452      15.000   63.71%      15.000     15.000
     A_04                 13.816      -3.115       0.000    7.04%       8.000     15.000     15.000
             284.000       8.752       9.716      15.000   63.03%      15.000     15.000
     A_05                 13.006      -1.886       0.000    7.96%       6.000     14.000     15.000
             201.000      12.748       2.676      15.000   53.23%      15.000     15.000
     AGE_C80               3.310       1.222      -0.630    0.16%       0.875      1.765      2.425
             631.000       8.898       1.383      17.918    0.16%       3.203      5.819
     EDU_C7                0.299       2.177      -7.000    0.16%      -1.000     -1.000     -1.000
             631.000       6.002       7.335      16.000    0.16%       0.000      1.000


THE MODEL ESTIMATION TERMINATED NORMALLY



MODEL FIT INFORMATION

Number of Free Parameters                       16

Loglikelihood

          H0 Value                       -2513.533
          H0 Scaling Correction Factor      2.4048
            for MLR

Information Criteria

          Akaike (AIC)                    5059.065
          Bayesian (BIC)                  5124.884
          Sample-Size Adjusted BIC        5074.106
            (n* = (n + 2) / 24)



MODEL RESULTS

                                                    Two-Tailed
                    Estimate       S.E.  Est./S.E.    P-Value

 IA         ON
    AGE_C80           -0.170      0.059     -2.905      0.004
    EDU_C7             0.053      0.046      1.139      0.255

 SA         ON
    AGE_C80           -0.063      0.029     -2.186      0.029
    EDU_C7             0.003      0.020      0.124      0.901

 QA         ON
    AGE_C80            0.006      0.004      1.389      0.165
    EDU_C7             0.001      0.003      0.399      0.690

 IA       WITH
    SA                -0.008      0.523     -0.014      0.989
    QA                 0.031      0.058      0.540      0.589

 SA       WITH
    QA                -0.024      0.031     -0.786      0.432

 Intercepts
    A_01               0.000      0.000    999.000    999.000
    A_03               0.000      0.000    999.000    999.000
    A_04               0.000      0.000    999.000    999.000
    A_05               0.000      0.000    999.000    999.000
    IA                14.537      0.200     72.810      0.000
    SA                 0.254      0.096      2.640      0.008
    QA                -0.053      0.016     -3.380      0.001

 Residual Variances
    A_01               2.373      0.549      4.322      0.000
    A_03               2.373      0.549      4.322      0.000
    A_04               2.373      0.549      4.322      0.000
    A_05               2.373      0.549      4.322      0.000
    IA                 4.908      1.270      3.865      0.000
    SA                 0.137      0.267      0.513      0.608
    QA                 0.006      0.004      1.331      0.183


QUALITY OF NUMERICAL RESULTS

     Condition Number for the Information Matrix              0.457E-07
       (ratio of smallest to largest eigenvalue)


CONFIDENCE INTERVALS OF MODEL RESULTS

                  Lower .5%  Lower 2.5%    Lower 5%    Estimate    Upper 5%  Upper 2.5%   Upper .5%

 IA       ON
    AGE_C80         -0.321      -0.285      -0.266      -0.170      -0.074      -0.055      -0.019
    EDU_C7          -0.067      -0.038      -0.024       0.053       0.129       0.144       0.173

 SA       ON
    AGE_C80         -0.136      -0.119      -0.110      -0.063      -0.015      -0.006       0.011
    EDU_C7          -0.050      -0.037      -0.031       0.003       0.036       0.043       0.055

 QA       ON
    AGE_C80         -0.005      -0.002      -0.001       0.006       0.013       0.014       0.017
    EDU_C7          -0.007      -0.005      -0.004       0.001       0.007       0.008       0.010

 IA       WITH
    SA              -1.355      -1.033      -0.868      -0.008       0.853       1.018       1.340
    QA              -0.118      -0.083      -0.064       0.031       0.127       0.145       0.181

 SA       WITH
    QA              -0.104      -0.085      -0.076      -0.024       0.027       0.036       0.056

 Intercepts
    A_01             0.000       0.000       0.000       0.000       0.000       0.000       0.000
    A_03             0.000       0.000       0.000       0.000       0.000       0.000       0.000
    A_04             0.000       0.000       0.000       0.000       0.000       0.000       0.000
    A_05             0.000       0.000       0.000       0.000       0.000       0.000       0.000
    IA              14.022      14.145      14.208      14.537      14.865      14.928      15.051
    SA               0.006       0.065       0.096       0.254       0.413       0.443       0.502
    QA              -0.093      -0.084      -0.079      -0.053      -0.027      -0.022      -0.013

 Residual Variances
    A_01             0.959       1.297       1.470       2.373       3.277       3.450       3.788
    A_03             0.959       1.297       1.470       2.373       3.277       3.450       3.788
    A_04             0.959       1.297       1.470       2.373       3.277       3.450       3.788
    A_05             0.959       1.297       1.470       2.373       3.277       3.450       3.788
    IA               1.637       2.419       2.819       4.908       6.996       7.396       8.178
    SA              -0.550      -0.386      -0.302       0.137       0.576       0.660       0.824
    QA              -0.005      -0.003      -0.001       0.006       0.012       0.014       0.016


SAMPLE STATISTICS FOR ESTIMATED FACTOR SCORES


     SAMPLE STATISTICS


           Means
              IA            IA_SE         SA            SA_SE         QA
              ________      ________      ________      ________      ________
 1             12.959         1.030         0.045         0.348        -0.045


           Means
              QA_SE
              ________
 1              0.065


           Covariances
              IA            IA_SE         SA            SA_SE         QA
              ________      ________      ________      ________      ________
 IA             9.386
 IA_SE         -0.075         0.035
 SA             0.194        -0.007         0.062
 SA_SE         -0.016         0.004        -0.001         0.001
 QA             0.054         0.001        -0.008         0.000         0.002
 QA_SE         -0.006         0.001        -0.001         0.000         0.000


           Covariances
              QA_SE
              ________
 QA_SE          0.000


           Correlations
              IA            IA_SE         SA            SA_SE         QA
              ________      ________      ________      ________      ________
 IA             1.000
 IA_SE         -0.131         1.000
 SA             0.254        -0.151         1.000
 SA_SE         -0.197         0.753        -0.219         1.000
 QA             0.362         0.127        -0.698         0.099         1.000
 QA_SE         -0.200         0.729        -0.231         0.995         0.109


           Correlations
              QA_SE
              ________
 QA_SE          1.000


RESULTS SAVING INFORMATION

  Order of data

    Parameter estimates
     (saved in order shown in Technical 1 output)
    Standard errors
     (saved in order shown in Technical 1 output)
    H0 Loglikelihood
    H0 Scaling Correction Factor for MLR
    Number of Free Parameters
    Akaike (AIC)
    Bayesian (BIC)
    Sample-Size Adjusted BIC

  Save file
    u2_1345_ae_clock_results.dat

  Save file format           Free


PLOT INFORMATION

The following plots are available:

  Histograms (sample values, estimated factor scores)
  Scatterplots (sample values, estimated factor scores)
  Latent variable distribution plots

SAVEDATA INFORMATION


  Save file
    u2_1345_ae_clock_fscores.dat

  Order and format of variables

    A_01           F10.3
    A_03           F10.3
    A_04           F10.3
    A_05           F10.3
    AGE_C80        F10.3
    EDU_C7         F10.3
    TIME_01        F10.3
    TIME_03        F10.3
    TIME_04        F10.3
    TIME_05        F10.3
    _WEIGHT        F10.3
    IA             F10.3
    IA_SE          F10.3
    SA             F10.3
    SA_SE          F10.3
    QA             F10.3
    QA_SE          F10.3
    PAIRID         I6

  Save file format
    17F10.3 I6

  Save file record length    10000


     Beginning Time:  12:16:51
        Ending Time:  12:16:56
       Elapsed Time:  00:00:05



MUTHEN & MUTHEN
3463 Stoner Ave.
Los Angeles, CA  90066

Tel: (310) 391-9971
Fax: (310) 391-8971
Web: www.StatModel.com
Support: Support@StatModel.com

Copyright (c) 1998-2014 Muthen & Muthen
