Mplus VERSION 7.3
MUTHEN & MUTHEN
12/17/2016  12:16 PM

INPUT INSTRUCTIONS

  TITLE:
  Script produced from the prototype in ./sandbox/syntax-creator/
  DATA:
  File = wide-dataset.dat ;
  VARIABLE:
  NAMES are
   Case PairID female age_c80 edu_c7 sbp_c167 smoke cardio diabetes dementia_ever
      years_since_bl_01 years_since_bl_02 years_since_bl_03 years_since_bl_04
      years_since_bl_05 pef_01 pef_02 pef_03 pef_04 pef_05 grip_01 grip_02 grip_03
      grip_04 grip_05 gait_01 gait_02 gait_03 gait_04 gait_05 block_01 block_02
      block_03 block_04 block_05 digitspanbackward_01 digitspanbackward_02
      digitspanbackward_03 digitspanbackward_04 digitspanbackward_05
      digitspanforward_01 digitspanforward_02 digitspanforward_03 digitspanforward_04
      digitspanforward_05 symbol_01 symbol_02 symbol_03 symbol_04 symbol_05 prose_01
      prose_02 prose_03 prose_04 prose_05 info_01 info_02 info_03 info_04 info_05
      synonyms_01 synonyms_02 synonyms_03 synonyms_04 synonyms_05 psif_01 psif_02
      psif_03 psif_04 psif_05 figure_01 figure_02 figure_03 figure_04 figure_05
      mirrecall_01 mirrecall_02 mirrecall_03 mirrecall_04 mirrecall_05 mmse_01 mmse_02
      mmse_03 mmse_04 mmse_05 mirnaming_01 mirnaming_02 mirnaming_03 mirnaming_04
      mirnaming_05 mirrecog_01 mirrecog_02 mirrecog_03 mirrecog_04 mirrecog_05
      clock_01 clock_02 clock_03 clock_04 clock_05
  	;
  Missing are all (-9999);
  USEVARIABLES are
  	!define the variables used in the analysis
  	! covariates used in the model
  age_c80
  edu_c7	
  	!estimated time points
  time_01
  time_02
  time_03
  time_04
  time_05
  	!modelled time points of process (A)
  a_01
  a_02
  a_03
  a_04
  a_05
  ;
  TSCORES are
  	!estimated time points
  time_01
  time_02
  time_03
  time_04
  time_05;
  CLUSTER = PairID;
  SUBPOPULATION are
  	!select a subset of observations
  dementia_ever NE 1
  ;
  DEFINE:
  	! assign variables to the process (A)
  a_01 = clock_01;
  a_02 = clock_02;
  a_03 = clock_03;
  a_04 = clock_04;
  a_05 = clock_05;
  	!assign variables to time points
  time_01 = years_since_bl_01;
  time_02 = years_since_bl_02;
  time_03 = years_since_bl_03;
  time_04 = years_since_bl_04;
  time_05 = years_since_bl_05;
  	
  ANALYSIS: TYPE = RANDOM COMPLEX;
  COVERAGE=.00;
  MODEL:
  	!first-level equation
  	! assign process (A) to time points
  ia sa qa | a_01 AT time_01 ;
  ia sa qa | a_02 AT time_02 ;
  ia sa qa | a_03 AT time_03 ;
  ia sa qa | a_04 AT time_04 ;
  ia sa qa | a_05 AT time_05 ;
  	!variance of the first-level terms
  ia (v_ia);
  sa (v_sa);
  qa (v_qa);
  	!covariance among first-level terms
  ia WITH sa (c_iasa);
  ia WITH qa (c_iaqa);
  sa WITH qa (c_saqa);
  	!second-level equation
  ia sa qa ON age_c80
  edu_c7;
  	!residual covariance of process (A)
  a_01 (res_a);
  a_02 (res_a);
  a_03 (res_a);
  a_04 (res_a);
  a_05 (res_a);	
  SAVEDATA:
  FILE is   u2_12345_ae_clock_fscores.dat;
  SAVE = FSCORES;
  RESULTS are   u2_12345_ae_clock_results.dat;
  	
  OUTPUT: sampstat cinterval;
  PLOT: Type is Plot1 Plot2 Plot3;



*** WARNING
  Data set contains cases with missing on x-variables.
  These cases were not included in the analysis.
  Number of cases with missing on x-variables:  46
*** WARNING
  Data set contains cases with missing on all variables except
  x-variables.  These cases were not included in the analysis.
  Number of cases with missing on all variables except x-variables:  19
   2 WARNING(S) FOUND IN THE INPUT INSTRUCTIONS




Script produced from the prototype in ./sandbox/syntax-creator/

SUMMARY OF ANALYSIS

Number of groups                                                 1
Number of observations                                         455

Number of dependent variables                                    5
Number of independent variables                                  2
Number of continuous latent variables                            3

Observed dependent variables

  Continuous
   A_01        A_02        A_03        A_04        A_05

Observed independent variables
   AGE_C80     EDU_C7

Continuous latent variables
   IA          SA          QA

Variables with special functions

  Cluster variable      PAIRID
  Weight variable       _WEIGHT

  Time scores
   TIME_01     TIME_02     TIME_03     TIME_04     TIME_05


Estimator                                                      MLR
Information matrix                                        OBSERVED
Maximum number of iterations                                   100
Convergence criterion                                    0.100D-05
Maximum number of EM iterations                                500
Convergence criteria for the EM algorithm
  Loglikelihood change                                   0.100D-02
  Relative loglikelihood change                          0.100D-05
  Derivative                                             0.100D-03
Minimum variance                                         0.100D-03
Maximum number of steepest descent iterations                   20
Maximum number of iterations for H1                           2000
Convergence criterion for H1                             0.100D-03
Optimization algorithm                                         EMA

Input data file(s)
  wide-dataset.dat
Input data format  FREE



SAMPLE STATISTICS


     ESTIMATED SAMPLE STATISTICS


           Means
              A_01          A_02          A_03          A_04          A_05
              ________      ________      ________      ________      ________
 1             13.982        13.778        13.466        13.148        11.847


           Means
              AGE_C80       EDU_C7
              ________      ________
 1              3.320         0.295


           Covariances
              A_01          A_02          A_03          A_04          A_05
              ________      ________      ________      ________      ________
 A_01           7.556
 A_02           4.357         8.071
 A_03           5.622         6.431        10.207
 A_04           5.961         6.356         7.982        11.348
 A_05           7.356         9.594        10.868        12.910        22.578
 AGE_C80       -1.614        -1.767        -2.525        -3.031        -2.424
 EDU_C7         0.452         0.345         0.677         0.864         1.025


           Covariances
              AGE_C80       EDU_C7
              ________      ________
 AGE_C80        8.893
 EDU_C7        -0.671         5.975


           Correlations
              A_01          A_02          A_03          A_04          A_05
              ________      ________      ________      ________      ________
 A_01           1.000
 A_02           0.558         1.000
 A_03           0.640         0.709         1.000
 A_04           0.644         0.664         0.742         1.000
 A_05           0.563         0.711         0.716         0.807         1.000
 AGE_C80       -0.197        -0.209        -0.265        -0.302        -0.171
 EDU_C7         0.067         0.050         0.087         0.105         0.088


           Correlations
              AGE_C80       EDU_C7
              ________      ________
 AGE_C80        1.000
 EDU_C7        -0.092         1.000


     MAXIMUM LOG-LIKELIHOOD VALUE FOR THE UNRESTRICTED (H1) MODEL IS -7674.949


UNIVARIATE HIGHER-ORDER MOMENT DESCRIPTIVE STATISTICS


     UNIVARIATE HIGHER-ORDER MOMENT DESCRIPTIVE STATISTICS

         Variable/         Mean/     Skewness/   Minimum/ % with                Percentiles
        Sample Size      Variance    Kurtosis    Maximum  Min/Max      20%/60%    40%/80%    Median

     A_01                 14.016      -3.263       0.000    1.44%      13.000     15.000     15.000
             623.000       7.381      10.001      15.000   70.14%      15.000     15.000
     A_02                 14.000      -3.297       0.000    4.23%      10.000     15.000     15.000
             520.000       7.045      11.040      15.000   64.04%      15.000     15.000
     A_03                 13.946      -3.253       0.000    6.85%      10.000     15.000     15.000
             394.000       8.059      10.452      15.000   63.71%      15.000     15.000
     A_04                 13.816      -3.115       0.000    7.04%       8.000     15.000     15.000
             284.000       8.752       9.716      15.000   63.03%      15.000     15.000
     A_05                 13.006      -1.886       0.000    7.96%       6.000     14.000     15.000
             201.000      12.748       2.676      15.000   53.23%      15.000     15.000
     AGE_C80               3.320       1.210      -0.630    0.16%       0.877      1.805      2.454
             637.000       8.893       1.349      17.918    0.16%       3.258      5.871
     EDU_C7                0.295       2.181      -7.000    0.16%      -1.000     -1.000     -1.000
             637.000       5.975       7.376      16.000    0.16%       0.000      1.000


THE MODEL ESTIMATION TERMINATED NORMALLY



MODEL FIT INFORMATION

Number of Free Parameters                       16

Loglikelihood

          H0 Value                       -3299.530
          H0 Scaling Correction Factor      2.6214
            for MLR

Information Criteria

          Akaike (AIC)                    6631.059
          Bayesian (BIC)                  6696.984
          Sample-Size Adjusted BIC        6646.205
            (n* = (n + 2) / 24)



MODEL RESULTS

                                                    Two-Tailed
                    Estimate       S.E.  Est./S.E.    P-Value

 IA         ON
    AGE_C80           -0.167      0.058     -2.887      0.004
    EDU_C7             0.053      0.045      1.174      0.240

 SA         ON
    AGE_C80           -0.038      0.028     -1.356      0.175
    EDU_C7            -0.010      0.021     -0.460      0.645

 QA         ON
    AGE_C80            0.003      0.004      0.759      0.448
    EDU_C7             0.003      0.003      0.963      0.335

 IA       WITH
    SA                -0.072      0.516     -0.139      0.889
    QA                 0.048      0.057      0.838      0.402

 SA       WITH
    QA                -0.035      0.051     -0.691      0.489

 Intercepts
    A_01               0.000      0.000    999.000    999.000
    A_02               0.000      0.000    999.000    999.000
    A_03               0.000      0.000    999.000    999.000
    A_04               0.000      0.000    999.000    999.000
    A_05               0.000      0.000    999.000    999.000
    IA                14.491      0.196     74.120      0.000
    SA                 0.132      0.101      1.312      0.189
    QA                -0.039      0.015     -2.642      0.008

 Residual Variances
    A_01               2.733      0.592      4.617      0.000
    A_02               2.733      0.592      4.617      0.000
    A_03               2.733      0.592      4.617      0.000
    A_04               2.733      0.592      4.617      0.000
    A_05               2.733      0.592      4.617      0.000
    IA                 4.418      1.233      3.584      0.000
    SA                 0.247      0.431      0.573      0.567
    QA                 0.006      0.006      0.987      0.324


QUALITY OF NUMERICAL RESULTS

     Condition Number for the Information Matrix              0.446E-05
       (ratio of smallest to largest eigenvalue)


CONFIDENCE INTERVALS OF MODEL RESULTS

                  Lower .5%  Lower 2.5%    Lower 5%    Estimate    Upper 5%  Upper 2.5%   Upper .5%

 IA       ON
    AGE_C80         -0.317      -0.281      -0.263      -0.167      -0.072      -0.054      -0.018
    EDU_C7          -0.063      -0.036      -0.021       0.053       0.128       0.142       0.170

 SA       ON
    AGE_C80         -0.111      -0.093      -0.085      -0.038       0.008       0.017       0.034
    EDU_C7          -0.064      -0.051      -0.045      -0.010       0.025       0.032       0.045

 QA       ON
    AGE_C80         -0.007      -0.005      -0.004       0.003       0.010       0.011       0.013
    EDU_C7          -0.005      -0.003      -0.002       0.003       0.008       0.009       0.011

 IA       WITH
    SA              -1.401      -1.083      -0.920      -0.072       0.777       0.939       1.257
    QA              -0.099      -0.064      -0.046       0.048       0.142       0.160       0.195

 SA       WITH
    QA              -0.166      -0.134      -0.119      -0.035       0.048       0.064       0.096

 Intercepts
    A_01             0.000       0.000       0.000       0.000       0.000       0.000       0.000
    A_02             0.000       0.000       0.000       0.000       0.000       0.000       0.000
    A_03             0.000       0.000       0.000       0.000       0.000       0.000       0.000
    A_04             0.000       0.000       0.000       0.000       0.000       0.000       0.000
    A_05             0.000       0.000       0.000       0.000       0.000       0.000       0.000
    IA              13.987      14.108      14.169      14.491      14.812      14.874      14.994
    SA              -0.128      -0.065      -0.034       0.132       0.299       0.330       0.393
    QA              -0.077      -0.068      -0.063      -0.039      -0.015      -0.010      -0.001

 Residual Variances
    A_01             1.208       1.573       1.759       2.733       3.707       3.894       4.258
    A_02             1.208       1.573       1.759       2.733       3.707       3.894       4.258
    A_03             1.208       1.573       1.759       2.733       3.707       3.894       4.258
    A_04             1.208       1.573       1.759       2.733       3.707       3.894       4.258
    A_05             1.208       1.573       1.759       2.733       3.707       3.894       4.258
    IA               1.242       2.002       2.390       4.418       6.446       6.834       7.593
    SA              -0.863      -0.598      -0.462       0.247       0.956       1.092       1.358
    QA              -0.010      -0.006      -0.004       0.006       0.017       0.019       0.023


SAMPLE STATISTICS FOR ESTIMATED FACTOR SCORES


     SAMPLE STATISTICS


           Means
              IA            IA_SE         SA            SA_SE         QA
              ________      ________      ________      ________      ________
 1             12.883         0.980        -0.048         0.455        -0.035


           Means
              QA_SE
              ________
 1              0.070


           Covariances
              IA            IA_SE         SA            SA_SE         QA
              ________      ________      ________      ________      ________
 IA             8.979
 IA_SE         -0.095         0.030
 SA             0.355        -0.006         0.093
 SA_SE         -0.020         0.005        -0.002         0.001
 QA             0.048         0.000        -0.009         0.000         0.002
 QA_SE         -0.006         0.001        -0.001         0.000         0.000


           Covariances
              QA_SE
              ________
 QA_SE          0.000


           Correlations
              IA            IA_SE         SA            SA_SE         QA
              ________      ________      ________      ________      ________
 IA             1.000
 IA_SE         -0.181         1.000
 SA             0.387        -0.110         1.000
 SA_SE         -0.222         0.878        -0.206         1.000
 QA             0.342         0.052        -0.654         0.085         1.000
 QA_SE         -0.235         0.716        -0.278         0.949         0.128


           Correlations
              QA_SE
              ________
 QA_SE          1.000


RESULTS SAVING INFORMATION

  Order of data

    Parameter estimates
     (saved in order shown in Technical 1 output)
    Standard errors
     (saved in order shown in Technical 1 output)
    H0 Loglikelihood
    H0 Scaling Correction Factor for MLR
    Number of Free Parameters
    Akaike (AIC)
    Bayesian (BIC)
    Sample-Size Adjusted BIC

  Save file
    u2_12345_ae_clock_results.dat

  Save file format           Free


PLOT INFORMATION

The following plots are available:

  Histograms (sample values, estimated factor scores)
  Scatterplots (sample values, estimated factor scores)
  Latent variable distribution plots

SAVEDATA INFORMATION


  Save file
    u2_12345_ae_clock_fscores.dat

  Order and format of variables

    A_01           F10.3
    A_02           F10.3
    A_03           F10.3
    A_04           F10.3
    A_05           F10.3
    AGE_C80        F10.3
    EDU_C7         F10.3
    TIME_01        F10.3
    TIME_02        F10.3
    TIME_03        F10.3
    TIME_04        F10.3
    TIME_05        F10.3
    _WEIGHT        F10.3
    IA             F10.3
    IA_SE          F10.3
    SA             F10.3
    SA_SE          F10.3
    QA             F10.3
    QA_SE          F10.3
    PAIRID         I6

  Save file format
    19F10.3 I6

  Save file record length    10000


     Beginning Time:  12:16:03
        Ending Time:  12:16:05
       Elapsed Time:  00:00:02



MUTHEN & MUTHEN
3463 Stoner Ave.
Los Angeles, CA  90066

Tel: (310) 391-9971
Fax: (310) 391-8971
Web: www.StatModel.com
Support: Support@StatModel.com

Copyright (c) 1998-2014 Muthen & Muthen
