Mplus VERSION 7.3
MUTHEN & MUTHEN
12/17/2016   6:11 PM

INPUT INSTRUCTIONS

  TITLE:
  Script produced from the prototype in ./sandbox/syntax-creator/
  DATA:
  File = wide-dataset.dat ;
  VARIABLE:
  NAMES are
   Case PairID female age_c80 edu_c7 sbp_c167 smoke cardio diabetes dementia_ever
      years_since_bl_01 years_since_bl_02 years_since_bl_03 years_since_bl_04
      years_since_bl_05 pef_01 pef_02 pef_03 pef_04 pef_05 grip_01 grip_02 grip_03
      grip_04 grip_05 gait_01 gait_02 gait_03 gait_04 gait_05 block_01 block_02
      block_03 block_04 block_05 digitspanbackward_01 digitspanbackward_02
      digitspanbackward_03 digitspanbackward_04 digitspanbackward_05
      digitspanforward_01 digitspanforward_02 digitspanforward_03 digitspanforward_04
      digitspanforward_05 symbol_01 symbol_02 symbol_03 symbol_04 symbol_05 prose_01
      prose_02 prose_03 prose_04 prose_05 info_01 info_02 info_03 info_04 info_05
      synonyms_01 synonyms_02 synonyms_03 synonyms_04 synonyms_05 psif_01 psif_02
      psif_03 psif_04 psif_05 figure_01 figure_02 figure_03 figure_04 figure_05
      mirrecall_01 mirrecall_02 mirrecall_03 mirrecall_04 mirrecall_05 mmse_01 mmse_02
      mmse_03 mmse_04 mmse_05 mirnaming_01 mirnaming_02 mirnaming_03 mirnaming_04
      mirnaming_05 mirrecog_01 mirrecog_02 mirrecog_03 mirrecog_04 mirrecog_05
      clock_01 clock_02 clock_03 clock_04 clock_05
  	;
  Missing are all (-9999);
  USEVARIABLES are
  	!define the variables used in the analysis
  	! covariates used in the model
  age_c80
  edu_c7
  female	
  	!estimated time points
  time_01
  time_02
  time_03
  	!modelled time points of process (A)
  a_01
  a_02
  a_03
  ;
  TSCORES are
  	!estimated time points
  time_01
  time_02
  time_03;
  CLUSTER = PairID;
  SUBPOPULATION are
  	!select a subset of observations
  dementia_ever NE 1
  ;
  DEFINE:
  	! assign variables to the process (A)
  a_01 = clock_01;
  a_02 = clock_02;
  a_03 = clock_03;
  	!assign variables to time points
  time_01 = years_since_bl_01;
  time_02 = years_since_bl_02;
  time_03 = years_since_bl_03;
  	
  ANALYSIS: TYPE = RANDOM COMPLEX;
  COVERAGE=.00;
  MODEL:
  	!first-level equation
  	! assign process (A) to time points
  ia sa qa | a_01 AT time_01 ;
  ia sa qa | a_02 AT time_02 ;
  ia sa qa | a_03 AT time_03 ;
  	!variance of the first-level terms
  ia (v_ia);
  sa (v_sa);
  qa (v_qa);
  	!covariance among first-level terms
  ia WITH sa (c_iasa);
  ia WITH qa (c_iaqa);
  sa WITH qa (c_saqa);
  	!second-level equation
  ia sa qa ON age_c80
  edu_c7
  female;
  	!residual covariance of process (A)
  a_01 (res_a);
  a_02 (res_a);
  a_03 (res_a);	
  SAVEDATA:
  FILE is   u2_123_aef_clock_fscores.dat;
  SAVE = FSCORES;
  RESULTS are   u2_123_aef_clock_results.dat;
  	
  OUTPUT: sampstat cinterval;
  PLOT: Type is Plot1 Plot2 Plot3;



*** WARNING
  Data set contains cases with missing on x-variables.
  These cases were not included in the analysis.
  Number of cases with missing on x-variables:  46
*** WARNING
  Data set contains cases with missing on all variables except
  x-variables.  These cases were not included in the analysis.
  Number of cases with missing on all variables except x-variables:  19
   2 WARNING(S) FOUND IN THE INPUT INSTRUCTIONS




Script produced from the prototype in ./sandbox/syntax-creator/

SUMMARY OF ANALYSIS

Number of groups                                                 1
Number of observations                                         455

Number of dependent variables                                    3
Number of independent variables                                  3
Number of continuous latent variables                            3

Observed dependent variables

  Continuous
   A_01        A_02        A_03

Observed independent variables
   AGE_C80     EDU_C7      FEMALE

Continuous latent variables
   IA          SA          QA

Variables with special functions

  Cluster variable      PAIRID
  Weight variable       _WEIGHT

  Time scores
   TIME_01     TIME_02     TIME_03


Estimator                                                      MLR
Information matrix                                        OBSERVED
Maximum number of iterations                                   100
Convergence criterion                                    0.100D-05
Maximum number of EM iterations                                500
Convergence criteria for the EM algorithm
  Loglikelihood change                                   0.100D-02
  Relative loglikelihood change                          0.100D-05
  Derivative                                             0.100D-03
Minimum variance                                         0.100D-03
Maximum number of steepest descent iterations                   20
Maximum number of iterations for H1                           2000
Convergence criterion for H1                             0.100D-03
Optimization algorithm                                         EMA

Input data file(s)
  wide-dataset.dat
Input data format  FREE



SAMPLE STATISTICS


     ESTIMATED SAMPLE STATISTICS


           Means
              A_01          A_02          A_03          AGE_C80       EDU_C7
              ________      ________      ________      ________      ________
 1             13.983        13.771        13.473         3.320         0.295


           Means
              FEMALE
              ________
 1              0.648


           Covariances
              A_01          A_02          A_03          AGE_C80       EDU_C7
              ________      ________      ________      ________      ________
 A_01           7.543
 A_02           4.379         8.203
 A_03           5.536         6.598        10.191
 AGE_C80       -1.608        -1.842        -2.506         8.893
 EDU_C7         0.450         0.367         0.670        -0.671         5.975
 FEMALE         0.084         0.162         0.140         0.082        -0.112


           Covariances
              FEMALE
              ________
 FEMALE         0.228


           Correlations
              A_01          A_02          A_03          AGE_C80       EDU_C7
              ________      ________      ________      ________      ________
 A_01           1.000
 A_02           0.557         1.000
 A_03           0.631         0.722         1.000
 AGE_C80       -0.196        -0.216        -0.263         1.000
 EDU_C7         0.067         0.052         0.086        -0.092         1.000
 FEMALE         0.064         0.119         0.092         0.058        -0.096


           Correlations
              FEMALE
              ________
 FEMALE         1.000


     MAXIMUM LOG-LIKELIHOOD VALUE FOR THE UNRESTRICTED (H1) MODEL IS -6961.056


UNIVARIATE HIGHER-ORDER MOMENT DESCRIPTIVE STATISTICS


     UNIVARIATE HIGHER-ORDER MOMENT DESCRIPTIVE STATISTICS

         Variable/         Mean/     Skewness/   Minimum/ % with                Percentiles
        Sample Size      Variance    Kurtosis    Maximum  Min/Max      20%/60%    40%/80%    Median

     A_01                 14.016      -3.263       0.000    1.44%      13.000     15.000     15.000
             623.000       7.381      10.001      15.000   70.14%      15.000     15.000
     A_02                 14.000      -3.297       0.000    4.23%      10.000     15.000     15.000
             520.000       7.045      11.040      15.000   64.04%      15.000     15.000
     A_03                 13.946      -3.253       0.000    6.85%      10.000     15.000     15.000
             394.000       8.059      10.452      15.000   63.71%      15.000     15.000
     AGE_C80               3.320       1.210      -0.630    0.16%       0.877      1.805      2.454
             637.000       8.893       1.349      17.918    0.16%       3.258      5.871
     EDU_C7                0.295       2.181      -7.000    0.16%      -1.000     -1.000     -1.000
             637.000       5.975       7.376      16.000    0.16%       0.000      1.000
     FEMALE                0.648      -0.621       0.000   35.01%       0.000      1.000      1.000
             637.000       0.228      -1.614       1.000   64.99%       1.000      1.000


THE MODEL ESTIMATION TERMINATED NORMALLY



MODEL FIT INFORMATION

Number of Free Parameters                       19

Loglikelihood

          H0 Value                       -2466.549
          H0 Scaling Correction Factor      2.5886
            for MLR

Information Criteria

          Akaike (AIC)                    4971.099
          Bayesian (BIC)                  5049.385
          Sample-Size Adjusted BIC        4989.085
            (n* = (n + 2) / 24)



MODEL RESULTS

                                                    Two-Tailed
                    Estimate       S.E.  Est./S.E.    P-Value

 IA         ON
    AGE_C80           -0.180      0.058     -3.126      0.002
    EDU_C7             0.064      0.046      1.385      0.166
    FEMALE             0.465      0.282      1.650      0.099

 SA         ON
    AGE_C80            0.002      0.050      0.042      0.966
    EDU_C7            -0.022      0.042     -0.514      0.607
    FEMALE             0.253      0.268      0.942      0.346

 QA         ON
    AGE_C80           -0.007      0.011     -0.611      0.541
    EDU_C7             0.007      0.010      0.761      0.446
    FEMALE            -0.042      0.063     -0.662      0.508

 IA       WITH
    SA                -2.328      1.783     -1.306      0.192
    QA                 0.461      0.335      1.376      0.169

 SA       WITH
    QA                -0.953      0.808     -1.179      0.239

 Intercepts
    A_01               0.000      0.000    999.000    999.000
    A_02               0.000      0.000    999.000    999.000
    A_03               0.000      0.000    999.000    999.000
    IA                14.262      0.288     49.444      0.000
    SA                -0.233      0.275     -0.846      0.397
    QA                 0.034      0.065      0.516      0.606

 Residual Variances
    A_01               0.425      2.147      0.198      0.843
    A_02               0.425      2.147      0.198      0.843
    A_03               0.425      2.147      0.198      0.843
    IA                 6.760      2.396      2.821      0.005
    SA                 4.411      3.553      1.242      0.214
    QA                 0.222      0.196      1.135      0.256


QUALITY OF NUMERICAL RESULTS

     Condition Number for the Information Matrix              0.918E-06
       (ratio of smallest to largest eigenvalue)


CONFIDENCE INTERVALS OF MODEL RESULTS

                  Lower .5%  Lower 2.5%    Lower 5%    Estimate    Upper 5%  Upper 2.5%   Upper .5%

 IA       ON
    AGE_C80         -0.329      -0.294      -0.275      -0.180      -0.086      -0.067      -0.032
    EDU_C7          -0.055      -0.027      -0.012       0.064       0.140       0.155       0.183
    FEMALE          -0.261      -0.087       0.001       0.465       0.928       1.017       1.191

 SA       ON
    AGE_C80         -0.126      -0.096      -0.080       0.002       0.084       0.100       0.130
    EDU_C7          -0.130      -0.104      -0.091      -0.022       0.047       0.061       0.087
    FEMALE          -0.438      -0.273      -0.188       0.253       0.694       0.778       0.943

 QA       ON
    AGE_C80         -0.035      -0.028      -0.025      -0.007       0.011       0.015       0.022
    EDU_C7          -0.017      -0.012      -0.009       0.007       0.023       0.026       0.032
    FEMALE          -0.204      -0.165      -0.145      -0.042       0.062       0.082       0.120

 IA       WITH
    SA              -6.920      -5.822      -5.261      -2.328       0.605       1.166       2.264
    QA              -0.402      -0.196      -0.090       0.461       1.013       1.118       1.325

 SA       WITH
    QA              -3.034      -2.537      -2.282      -0.953       0.377       0.632       1.129

 Intercepts
    A_01             0.000       0.000       0.000       0.000       0.000       0.000       0.000
    A_02             0.000       0.000       0.000       0.000       0.000       0.000       0.000
    A_03             0.000       0.000       0.000       0.000       0.000       0.000       0.000
    IA              13.519      13.696      13.787      14.262      14.736      14.827      15.005
    SA              -0.941      -0.771      -0.685      -0.233       0.220       0.306       0.475
    QA              -0.134      -0.094      -0.073       0.034       0.140       0.161       0.201

 Residual Variances
    A_01            -5.107      -3.784      -3.108       0.425       3.957       4.634       5.956
    A_02            -5.107      -3.784      -3.108       0.425       3.957       4.634       5.956
    A_03            -5.107      -3.784      -3.108       0.425       3.957       4.634       5.956
    IA               0.588       2.063       2.818       6.760      10.701      11.456      12.932
    SA              -4.740      -2.552      -1.433       4.411      10.255      11.374      13.561
    QA              -0.282      -0.161      -0.100       0.222       0.544       0.605       0.726


SAMPLE STATISTICS FOR ESTIMATED FACTOR SCORES


     SAMPLE STATISTICS


           Means
              IA            IA_SE         SA            SA_SE         QA
              ________      ________      ________      ________      ________
 1             13.030         0.654        -0.232         1.008        -0.015


           Means
              QA_SE
              ________
 1              0.248


           Covariances
              IA            IA_SE         SA            SA_SE         QA
              ________      ________      ________      ________      ________
 IA            14.145
 IA_SE         -0.093         0.045
 SA            -2.480        -0.045         5.617
 SA_SE         -0.309         0.024         0.114         0.200
 QA             0.527         0.008        -1.209        -0.019         0.288
 QA_SE         -0.080         0.004         0.014         0.043        -0.001


           Covariances
              QA_SE
              ________
 QA_SE          0.010


           Correlations
              IA            IA_SE         SA            SA_SE         QA
              ________      ________      ________      ________      ________
 IA             1.000
 IA_SE         -0.117         1.000
 SA            -0.278        -0.089         1.000
 SA_SE         -0.184         0.249         0.107         1.000
 QA             0.261         0.073        -0.951        -0.078         1.000
 QA_SE         -0.214         0.180         0.059         0.959        -0.024


           Correlations
              QA_SE
              ________
 QA_SE          1.000


RESULTS SAVING INFORMATION

  Order of data

    Parameter estimates
     (saved in order shown in Technical 1 output)
    Standard errors
     (saved in order shown in Technical 1 output)
    H0 Loglikelihood
    H0 Scaling Correction Factor for MLR
    Number of Free Parameters
    Akaike (AIC)
    Bayesian (BIC)
    Sample-Size Adjusted BIC

  Save file
    u2_123_aef_clock_results.dat

  Save file format           Free


PLOT INFORMATION

The following plots are available:

  Histograms (sample values, estimated factor scores)
  Scatterplots (sample values, estimated factor scores)
  Latent variable distribution plots

SAVEDATA INFORMATION


  Save file
    u2_123_aef_clock_fscores.dat

  Order and format of variables

    A_01           F10.3
    A_02           F10.3
    A_03           F10.3
    AGE_C80        F10.3
    EDU_C7         F10.3
    FEMALE         F10.3
    TIME_01        F10.3
    TIME_02        F10.3
    TIME_03        F10.3
    _WEIGHT        F10.3
    IA             F10.3
    IA_SE          F10.3
    SA             F10.3
    SA_SE          F10.3
    QA             F10.3
    QA_SE          F10.3
    PAIRID         I6

  Save file format
    16F10.3 I6

  Save file record length    10000


     Beginning Time:  18:11:45
        Ending Time:  18:11:55
       Elapsed Time:  00:00:10



MUTHEN & MUTHEN
3463 Stoner Ave.
Los Angeles, CA  90066

Tel: (310) 391-9971
Fax: (310) 391-8971
Web: www.StatModel.com
Support: Support@StatModel.com

Copyright (c) 1998-2014 Muthen & Muthen
