Mplus VERSION 7.3
MUTHEN & MUTHEN
12/17/2016   6:21 PM

INPUT INSTRUCTIONS

  TITLE:
  Script produced from the prototype in ./sandbox/syntax-creator/
  DATA:
  File = wide-dataset.dat ;
  VARIABLE:
  NAMES are
   Case PairID female age_c80 edu_c7 sbp_c167 smoke cardio diabetes dementia_ever
      years_since_bl_01 years_since_bl_02 years_since_bl_03 years_since_bl_04
      years_since_bl_05 pef_01 pef_02 pef_03 pef_04 pef_05 grip_01 grip_02 grip_03
      grip_04 grip_05 gait_01 gait_02 gait_03 gait_04 gait_05 block_01 block_02
      block_03 block_04 block_05 digitspanbackward_01 digitspanbackward_02
      digitspanbackward_03 digitspanbackward_04 digitspanbackward_05
      digitspanforward_01 digitspanforward_02 digitspanforward_03 digitspanforward_04
      digitspanforward_05 symbol_01 symbol_02 symbol_03 symbol_04 symbol_05 prose_01
      prose_02 prose_03 prose_04 prose_05 info_01 info_02 info_03 info_04 info_05
      synonyms_01 synonyms_02 synonyms_03 synonyms_04 synonyms_05 psif_01 psif_02
      psif_03 psif_04 psif_05 figure_01 figure_02 figure_03 figure_04 figure_05
      mirrecall_01 mirrecall_02 mirrecall_03 mirrecall_04 mirrecall_05 mmse_01 mmse_02
      mmse_03 mmse_04 mmse_05 mirnaming_01 mirnaming_02 mirnaming_03 mirnaming_04
      mirnaming_05 mirrecog_01 mirrecog_02 mirrecog_03 mirrecog_04 mirrecog_05
      clock_01 clock_02 clock_03 clock_04 clock_05
  	;
  Missing are all (-9999);
  USEVARIABLES are
  	!define the variables used in the analysis
  	! covariates used in the model
  age_c80
  edu_c7	
  	!estimated time points
  time_01
  time_04
  time_05
  	!modelled time points of process (A)
  a_01
  a_04
  a_05
  ;
  TSCORES are
  	!estimated time points
  time_01
  time_04
  time_05;
  CLUSTER = PairID;
  SUBPOPULATION are
  	!select a subset of observations
  dementia_ever NE 1
  ;
  DEFINE:
  	! assign variables to the process (A)
  a_01 = clock_01;
  a_04 = clock_04;
  a_05 = clock_05;
  	!assign variables to time points
  time_01 = years_since_bl_01;
  time_04 = years_since_bl_04;
  time_05 = years_since_bl_05;
  	
  ANALYSIS: TYPE = RANDOM COMPLEX;
  COVERAGE=.00;
  MODEL:
  	!first-level equation
  	! assign process (A) to time points
  ia sa qa | a_01 AT time_01 ;
  ia sa qa | a_04 AT time_04 ;
  ia sa qa | a_05 AT time_05 ;
  	!variance of the first-level terms
  ia (v_ia);
  sa (v_sa);
  qa (v_qa);
  	!covariance among first-level terms
  ia WITH sa (c_iasa);
  ia WITH qa (c_iaqa);
  sa WITH qa (c_saqa);
  	!second-level equation
  ia sa qa ON age_c80
  edu_c7;
  	!residual covariance of process (A)
  a_01 (res_a);
  a_04 (res_a);
  a_05 (res_a);	
  SAVEDATA:
  FILE is   u2_145_ae_clock_fscores.dat;
  SAVE = FSCORES;
  RESULTS are   u2_145_ae_clock_results.dat;
  	
  OUTPUT: sampstat cinterval;
  PLOT: Type is Plot1 Plot2 Plot3;



*** WARNING
  Data set contains cases with missing on x-variables.
  These cases were not included in the analysis.
  Number of cases with missing on x-variables:  46
*** WARNING
  Data set contains cases with missing on all variables except
  x-variables.  These cases were not included in the analysis.
  Number of cases with missing on all variables except x-variables:  27
   2 WARNING(S) FOUND IN THE INPUT INSTRUCTIONS




Script produced from the prototype in ./sandbox/syntax-creator/

SUMMARY OF ANALYSIS

Number of groups                                                 1
Number of observations                                         451

Number of dependent variables                                    3
Number of independent variables                                  2
Number of continuous latent variables                            3

Observed dependent variables

  Continuous
   A_01        A_04        A_05

Observed independent variables
   AGE_C80     EDU_C7

Continuous latent variables
   IA          SA          QA

Variables with special functions

  Cluster variable      PAIRID
  Weight variable       _WEIGHT

  Time scores
   TIME_01     TIME_04     TIME_05


Estimator                                                      MLR
Information matrix                                        OBSERVED
Maximum number of iterations                                   100
Convergence criterion                                    0.100D-05
Maximum number of EM iterations                                500
Convergence criteria for the EM algorithm
  Loglikelihood change                                   0.100D-02
  Relative loglikelihood change                          0.100D-05
  Derivative                                             0.100D-03
Minimum variance                                         0.100D-03
Maximum number of steepest descent iterations                   20
Maximum number of iterations for H1                           2000
Convergence criterion for H1                             0.100D-03
Optimization algorithm                                         EMA

Input data file(s)
  wide-dataset.dat
Input data format  FREE



SAMPLE STATISTICS


     ESTIMATED SAMPLE STATISTICS


           Means
              A_01          A_04          A_05          AGE_C80       EDU_C7
              ________      ________      ________      ________      ________
 1             13.996        13.213        12.188         3.300         0.308


           Covariances
              A_01          A_04          A_05          AGE_C80       EDU_C7
              ________      ________      ________      ________      ________
 A_01           7.494
 A_04           7.109        12.396
 A_05           7.767        12.552        19.806
 AGE_C80       -1.567        -3.080        -2.219         8.880
 EDU_C7         0.436         0.982         1.234        -0.626         5.974


           Correlations
              A_01          A_04          A_05          AGE_C80       EDU_C7
              ________      ________      ________      ________      ________
 A_01           1.000
 A_04           0.738         1.000
 A_05           0.638         0.801         1.000
 AGE_C80       -0.192        -0.294        -0.167         1.000
 EDU_C7         0.065         0.114         0.113        -0.086         1.000


     MAXIMUM LOG-LIKELIHOOD VALUE FOR THE UNRESTRICTED (H1) MODEL IS -5714.374


UNIVARIATE HIGHER-ORDER MOMENT DESCRIPTIVE STATISTICS


     UNIVARIATE HIGHER-ORDER MOMENT DESCRIPTIVE STATISTICS

         Variable/         Mean/     Skewness/   Minimum/ % with                Percentiles
        Sample Size      Variance    Kurtosis    Maximum  Min/Max      20%/60%    40%/80%    Median

     A_01                 14.016      -3.263       0.000    1.44%      13.000     15.000     15.000
             623.000       7.381      10.001      15.000   70.14%      15.000     15.000
     A_04                 13.816      -3.115       0.000    7.04%       8.000     15.000     15.000
             284.000       8.752       9.716      15.000   63.03%      15.000     15.000
     A_05                 13.006      -1.886       0.000    7.96%       6.000     14.000     15.000
             201.000      12.748       2.676      15.000   53.23%      15.000     15.000
     AGE_C80               3.300       1.232      -0.630    0.16%       0.875      1.798      2.425
             629.000       8.880       1.418      17.918    0.16%       3.194      5.816
     EDU_C7                0.308       2.198      -7.000    0.16%      -1.000     -1.000     -1.000
             629.000       5.974       7.399      16.000    0.16%       0.000      1.000


THE MODEL ESTIMATION TERMINATED NORMALLY



MODEL FIT INFORMATION

Number of Free Parameters                       16

Loglikelihood

          H0 Value                       -1925.101
          H0 Scaling Correction Factor      2.1544
            for MLR

Information Criteria

          Akaike (AIC)                    3882.202
          Bayesian (BIC)                  3947.985
          Sample-Size Adjusted BIC        3897.207
            (n* = (n + 2) / 24)



MODEL RESULTS

                                                    Two-Tailed
                    Estimate       S.E.  Est./S.E.    P-Value

 IA         ON
    AGE_C80           -0.173      0.058     -2.959      0.003
    EDU_C7             0.055      0.047      1.173      0.241

 SA         ON
    AGE_C80           -0.083      0.043     -1.941      0.052
    EDU_C7            -0.001      0.038     -0.025      0.980

 QA         ON
    AGE_C80            0.009      0.006      1.643      0.100
    EDU_C7             0.002      0.006      0.374      0.708

 IA       WITH
    SA                -0.073      1.890     -0.039      0.969
    QA                 0.039      0.148      0.260      0.795

 SA       WITH
    QA                -0.063      0.530     -0.119      0.906

 Intercepts
    A_01               0.000      0.000    999.000    999.000
    A_04               0.000      0.000    999.000    999.000
    A_05               0.000      0.000    999.000    999.000
    IA                14.550      0.199     72.935      0.000
    SA                 0.441      0.152      2.899      0.004
    QA                -0.081      0.023     -3.562      0.000

 Residual Variances
    A_01               1.705      6.125      0.278      0.781
    A_04               1.705      6.125      0.278      0.781
    A_05               1.705      6.125      0.278      0.781
    IA                 5.501      6.311      0.872      0.383
    SA                 0.397      4.160      0.095      0.924
    QA                 0.011      0.071      0.163      0.871


QUALITY OF NUMERICAL RESULTS

     Condition Number for the Information Matrix              0.395E-08
       (ratio of smallest to largest eigenvalue)


CONFIDENCE INTERVALS OF MODEL RESULTS

                  Lower .5%  Lower 2.5%    Lower 5%    Estimate    Upper 5%  Upper 2.5%   Upper .5%

 IA       ON
    AGE_C80         -0.323      -0.287      -0.269      -0.173      -0.077      -0.058      -0.022
    EDU_C7          -0.066      -0.037      -0.022       0.055       0.132       0.146       0.175

 SA       ON
    AGE_C80         -0.192      -0.166      -0.153      -0.083      -0.013       0.001       0.027
    EDU_C7          -0.098      -0.075      -0.063      -0.001       0.061       0.073       0.096

 QA       ON
    AGE_C80         -0.005      -0.002       0.000       0.009       0.019       0.021       0.024
    EDU_C7          -0.013      -0.009      -0.008       0.002       0.012       0.014       0.017

 IA       WITH
    SA              -4.940      -3.777      -3.182      -0.073       3.035       3.630       4.794
    QA              -0.344      -0.252      -0.205       0.039       0.283       0.330       0.421

 SA       WITH
    QA              -1.427      -1.101      -0.934      -0.063       0.808       0.975       1.301

 Intercepts
    A_01             0.000       0.000       0.000       0.000       0.000       0.000       0.000
    A_04             0.000       0.000       0.000       0.000       0.000       0.000       0.000
    A_05             0.000       0.000       0.000       0.000       0.000       0.000       0.000
    IA              14.036      14.159      14.222      14.550      14.878      14.941      15.064
    SA               0.049       0.143       0.191       0.441       0.691       0.739       0.833
    QA              -0.139      -0.125      -0.118      -0.081      -0.043      -0.036      -0.022

 Residual Variances
    A_01           -14.071     -10.299      -8.370       1.705      11.781      13.710      17.482
    A_04           -14.071     -10.299      -8.370       1.705      11.781      13.710      17.482
    A_05           -14.071     -10.299      -8.370       1.705      11.781      13.710      17.482
    IA             -10.755      -6.868      -4.881       5.501      15.882      17.870      21.756
    SA             -10.318      -7.756      -6.446       0.397       7.240       8.550      11.112
    QA              -0.170      -0.127      -0.105       0.011       0.128       0.150       0.193


SAMPLE STATISTICS FOR ESTIMATED FACTOR SCORES


     SAMPLE STATISTICS


           Means
              IA            IA_SE         SA            SA_SE         QA
              ________      ________      ________      ________      ________
 1             13.126         1.047         0.190         0.592        -0.064


           Means
              QA_SE
              ________
 1              0.096


           Covariances
              IA            IA_SE         SA            SA_SE         QA
              ________      ________      ________      ________      ________
 IA             9.731
 IA_SE         -0.058         0.012
 SA             0.067        -0.005         0.126
 SA_SE         -0.030         0.004        -0.003         0.003
 QA             0.062         0.001        -0.019         0.000         0.004
 QA_SE         -0.008         0.001        -0.001         0.001         0.000


           Covariances
              QA_SE
              ________
 QA_SE          0.000


           Correlations
              IA            IA_SE         SA            SA_SE         QA
              ________      ________      ________      ________      ________
 IA             1.000
 IA_SE         -0.170         1.000
 SA             0.060        -0.136         1.000
 SA_SE         -0.177         0.721        -0.170         1.000
 QA             0.304         0.135        -0.825         0.091         1.000
 QA_SE         -0.175         0.736        -0.171         0.996         0.101


           Correlations
              QA_SE
              ________
 QA_SE          1.000


RESULTS SAVING INFORMATION

  Order of data

    Parameter estimates
     (saved in order shown in Technical 1 output)
    Standard errors
     (saved in order shown in Technical 1 output)
    H0 Loglikelihood
    H0 Scaling Correction Factor for MLR
    Number of Free Parameters
    Akaike (AIC)
    Bayesian (BIC)
    Sample-Size Adjusted BIC

  Save file
    u2_145_ae_clock_results.dat

  Save file format           Free


PLOT INFORMATION

The following plots are available:

  Histograms (sample values, estimated factor scores)
  Scatterplots (sample values, estimated factor scores)
  Latent variable distribution plots

SAVEDATA INFORMATION


  Save file
    u2_145_ae_clock_fscores.dat

  Order and format of variables

    A_01           F10.3
    A_04           F10.3
    A_05           F10.3
    AGE_C80        F10.3
    EDU_C7         F10.3
    TIME_01        F10.3
    TIME_04        F10.3
    TIME_05        F10.3
    _WEIGHT        F10.3
    IA             F10.3
    IA_SE          F10.3
    SA             F10.3
    SA_SE          F10.3
    QA             F10.3
    QA_SE          F10.3
    PAIRID         I6

  Save file format
    15F10.3 I6

  Save file record length    10000


     Beginning Time:  18:21:35
        Ending Time:  18:21:37
       Elapsed Time:  00:00:02



MUTHEN & MUTHEN
3463 Stoner Ave.
Los Angeles, CA  90066

Tel: (310) 391-9971
Fax: (310) 391-8971
Web: www.StatModel.com
Support: Support@StatModel.com

Copyright (c) 1998-2014 Muthen & Muthen
