Mplus VERSION 7.3
MUTHEN & MUTHEN
12/17/2016   6:11 PM

INPUT INSTRUCTIONS

  TITLE:
  Script produced from the prototype in ./sandbox/syntax-creator/
  DATA:
  File = wide-dataset.dat ;
  VARIABLE:
  NAMES are
   Case PairID female age_c80 edu_c7 sbp_c167 smoke cardio diabetes dementia_ever
      years_since_bl_01 years_since_bl_02 years_since_bl_03 years_since_bl_04
      years_since_bl_05 pef_01 pef_02 pef_03 pef_04 pef_05 grip_01 grip_02 grip_03
      grip_04 grip_05 gait_01 gait_02 gait_03 gait_04 gait_05 block_01 block_02
      block_03 block_04 block_05 digitspanbackward_01 digitspanbackward_02
      digitspanbackward_03 digitspanbackward_04 digitspanbackward_05
      digitspanforward_01 digitspanforward_02 digitspanforward_03 digitspanforward_04
      digitspanforward_05 symbol_01 symbol_02 symbol_03 symbol_04 symbol_05 prose_01
      prose_02 prose_03 prose_04 prose_05 info_01 info_02 info_03 info_04 info_05
      synonyms_01 synonyms_02 synonyms_03 synonyms_04 synonyms_05 psif_01 psif_02
      psif_03 psif_04 psif_05 figure_01 figure_02 figure_03 figure_04 figure_05
      mirrecall_01 mirrecall_02 mirrecall_03 mirrecall_04 mirrecall_05 mmse_01 mmse_02
      mmse_03 mmse_04 mmse_05 mirnaming_01 mirnaming_02 mirnaming_03 mirnaming_04
      mirnaming_05 mirrecog_01 mirrecog_02 mirrecog_03 mirrecog_04 mirrecog_05
      clock_01 clock_02 clock_03 clock_04 clock_05
  	;
  Missing are all (-9999);
  USEVARIABLES are
  	!define the variables used in the analysis
  	! covariates used in the model
  age_c80
  edu_c7	
  	!estimated time points
  time_01
  time_02
  time_03
  	!modelled time points of process (A)
  a_01
  a_02
  a_03
  ;
  TSCORES are
  	!estimated time points
  time_01
  time_02
  time_03;
  CLUSTER = PairID;
  SUBPOPULATION are
  	!select a subset of observations
  dementia_ever NE 1
  ;
  DEFINE:
  	! assign variables to the process (A)
  a_01 = clock_01;
  a_02 = clock_02;
  a_03 = clock_03;
  	!assign variables to time points
  time_01 = years_since_bl_01;
  time_02 = years_since_bl_02;
  time_03 = years_since_bl_03;
  	
  ANALYSIS: TYPE = RANDOM COMPLEX;
  COVERAGE=.00;
  MODEL:
  	!first-level equation
  	! assign process (A) to time points
  ia sa qa | a_01 AT time_01 ;
  ia sa qa | a_02 AT time_02 ;
  ia sa qa | a_03 AT time_03 ;
  	!variance of the first-level terms
  ia (v_ia);
  sa (v_sa);
  qa (v_qa);
  	!covariance among first-level terms
  ia WITH sa (c_iasa);
  ia WITH qa (c_iaqa);
  sa WITH qa (c_saqa);
  	!second-level equation
  ia sa qa ON age_c80
  edu_c7;
  	!residual covariance of process (A)
  a_01 (res_a);
  a_02 (res_a);
  a_03 (res_a);	
  SAVEDATA:
  FILE is   u2_123_ae_clock_fscores.dat;
  SAVE = FSCORES;
  RESULTS are   u2_123_ae_clock_results.dat;
  	
  OUTPUT: sampstat cinterval;
  PLOT: Type is Plot1 Plot2 Plot3;



*** WARNING
  Data set contains cases with missing on x-variables.
  These cases were not included in the analysis.
  Number of cases with missing on x-variables:  46
*** WARNING
  Data set contains cases with missing on all variables except
  x-variables.  These cases were not included in the analysis.
  Number of cases with missing on all variables except x-variables:  19
   2 WARNING(S) FOUND IN THE INPUT INSTRUCTIONS




Script produced from the prototype in ./sandbox/syntax-creator/

SUMMARY OF ANALYSIS

Number of groups                                                 1
Number of observations                                         455

Number of dependent variables                                    3
Number of independent variables                                  2
Number of continuous latent variables                            3

Observed dependent variables

  Continuous
   A_01        A_02        A_03

Observed independent variables
   AGE_C80     EDU_C7

Continuous latent variables
   IA          SA          QA

Variables with special functions

  Cluster variable      PAIRID
  Weight variable       _WEIGHT

  Time scores
   TIME_01     TIME_02     TIME_03


Estimator                                                      MLR
Information matrix                                        OBSERVED
Maximum number of iterations                                   100
Convergence criterion                                    0.100D-05
Maximum number of EM iterations                                500
Convergence criteria for the EM algorithm
  Loglikelihood change                                   0.100D-02
  Relative loglikelihood change                          0.100D-05
  Derivative                                             0.100D-03
Minimum variance                                         0.100D-03
Maximum number of steepest descent iterations                   20
Maximum number of iterations for H1                           2000
Convergence criterion for H1                             0.100D-03
Optimization algorithm                                         EMA

Input data file(s)
  wide-dataset.dat
Input data format  FREE



SAMPLE STATISTICS


     ESTIMATED SAMPLE STATISTICS


           Means
              A_01          A_02          A_03          AGE_C80       EDU_C7
              ________      ________      ________      ________      ________
 1             13.983        13.766        13.472         3.320         0.295


           Covariances
              A_01          A_02          A_03          AGE_C80       EDU_C7
              ________      ________      ________      ________      ________
 A_01           7.545
 A_02           4.410         8.225
 A_03           5.546         6.604        10.189
 AGE_C80       -1.609        -1.823        -2.493         8.893
 EDU_C7         0.451         0.369         0.670        -0.671         5.975


           Correlations
              A_01          A_02          A_03          AGE_C80       EDU_C7
              ________      ________      ________      ________      ________
 A_01           1.000
 A_02           0.560         1.000
 A_03           0.633         0.721         1.000
 AGE_C80       -0.196        -0.213        -0.262         1.000
 EDU_C7         0.067         0.053         0.086        -0.092         1.000


     MAXIMUM LOG-LIKELIHOOD VALUE FOR THE UNRESTRICTED (H1) MODEL IS -6537.269


UNIVARIATE HIGHER-ORDER MOMENT DESCRIPTIVE STATISTICS


     UNIVARIATE HIGHER-ORDER MOMENT DESCRIPTIVE STATISTICS

         Variable/         Mean/     Skewness/   Minimum/ % with                Percentiles
        Sample Size      Variance    Kurtosis    Maximum  Min/Max      20%/60%    40%/80%    Median

     A_01                 14.016      -3.263       0.000    1.44%      13.000     15.000     15.000
             623.000       7.381      10.001      15.000   70.14%      15.000     15.000
     A_02                 14.000      -3.297       0.000    4.23%      10.000     15.000     15.000
             520.000       7.045      11.040      15.000   64.04%      15.000     15.000
     A_03                 13.946      -3.253       0.000    6.85%      10.000     15.000     15.000
             394.000       8.059      10.452      15.000   63.71%      15.000     15.000
     AGE_C80               3.320       1.210      -0.630    0.16%       0.877      1.805      2.454
             637.000       8.893       1.349      17.918    0.16%       3.258      5.871
     EDU_C7                0.295       2.181      -7.000    0.16%      -1.000     -1.000     -1.000
             637.000       5.975       7.376      16.000    0.16%       0.000      1.000


THE MODEL ESTIMATION TERMINATED NORMALLY



MODEL FIT INFORMATION

Number of Free Parameters                       16

Loglikelihood

          H0 Value                       -2470.587
          H0 Scaling Correction Factor      2.8939
            for MLR

Information Criteria

          Akaike (AIC)                    4973.175
          Bayesian (BIC)                  5039.100
          Sample-Size Adjusted BIC        4988.321
            (n* = (n + 2) / 24)



MODEL RESULTS

                                                    Two-Tailed
                    Estimate       S.E.  Est./S.E.    P-Value

 IA         ON
    AGE_C80           -0.177      0.059     -3.019      0.003
    EDU_C7             0.056      0.047      1.191      0.234

 SA         ON
    AGE_C80            0.006      0.050      0.126      0.899
    EDU_C7            -0.026      0.041     -0.628      0.530

 QA         ON
    AGE_C80           -0.007      0.011     -0.683      0.495
    EDU_C7             0.008      0.009      0.850      0.396

 IA       WITH
    SA                -2.277      1.773     -1.285      0.199
    QA                 0.452      0.336      1.346      0.178

 SA       WITH
    QA                -0.955      0.802     -1.191      0.234

 Intercepts
    A_01               0.000      0.000    999.000    999.000
    A_02               0.000      0.000    999.000    999.000
    A_03               0.000      0.000    999.000    999.000
    IA                14.554      0.199     73.201      0.000
    SA                -0.085      0.181     -0.473      0.636
    QA                 0.010      0.042      0.234      0.815

 Residual Variances
    A_01               0.420      2.117      0.198      0.843
    A_02               0.420      2.117      0.198      0.843
    A_03               0.420      2.117      0.198      0.843
    IA                 6.815      2.372      2.873      0.004
    SA                 4.417      3.518      1.256      0.209
    QA                 0.223      0.194      1.147      0.251


QUALITY OF NUMERICAL RESULTS

     Condition Number for the Information Matrix              0.944E-06
       (ratio of smallest to largest eigenvalue)


CONFIDENCE INTERVALS OF MODEL RESULTS

                  Lower .5%  Lower 2.5%    Lower 5%    Estimate    Upper 5%  Upper 2.5%   Upper .5%

 IA       ON
    AGE_C80         -0.328      -0.292      -0.273      -0.177      -0.081      -0.062      -0.026
    EDU_C7          -0.065      -0.036      -0.021       0.056       0.133       0.147       0.176

 SA       ON
    AGE_C80         -0.122      -0.091      -0.075       0.006       0.088       0.104       0.134
    EDU_C7          -0.130      -0.105      -0.092      -0.026       0.041       0.054       0.079

 QA       ON
    AGE_C80         -0.036      -0.029      -0.026      -0.007       0.011       0.014       0.021
    EDU_C7          -0.016      -0.010      -0.007       0.008       0.023       0.026       0.032

 IA       WITH
    SA              -6.843      -5.752      -5.193      -2.277       0.638       1.197       2.288
    QA              -0.413      -0.206      -0.100       0.452       1.004       1.109       1.316

 SA       WITH
    QA              -3.020      -2.527      -2.274      -0.955       0.364       0.617       1.110

 Intercepts
    A_01             0.000       0.000       0.000       0.000       0.000       0.000       0.000
    A_02             0.000       0.000       0.000       0.000       0.000       0.000       0.000
    A_03             0.000       0.000       0.000       0.000       0.000       0.000       0.000
    IA              14.041      14.164      14.226      14.554      14.881      14.943      15.066
    SA              -0.550      -0.439      -0.382      -0.085       0.212       0.269       0.380
    QA              -0.099      -0.073      -0.059       0.010       0.079       0.092       0.118

 Residual Variances
    A_01            -5.032      -3.729      -3.062       0.420       3.902       4.569       5.872
    A_02            -5.032      -3.729      -3.062       0.420       3.902       4.569       5.872
    A_03            -5.032      -3.729      -3.062       0.420       3.902       4.569       5.872
    IA               0.704       2.165       2.913       6.815      10.717      11.465      12.926
    SA              -4.644      -2.478      -1.370       4.417      10.204      11.313      13.479
    QA              -0.278      -0.158      -0.097       0.223       0.542       0.604       0.723


SAMPLE STATISTICS FOR ESTIMATED FACTOR SCORES


     SAMPLE STATISTICS


           Means
              IA            IA_SE         SA            SA_SE         QA
              ________      ________      ________      ________      ________
 1             13.029         0.651        -0.237         1.008        -0.014


           Means
              QA_SE
              ________
 1              0.248


           Covariances
              IA            IA_SE         SA            SA_SE         QA
              ________      ________      ________      ________      ________
 IA            14.165
 IA_SE         -0.093         0.045
 SA            -2.451        -0.045         5.612
 SA_SE         -0.313         0.024         0.113         0.205
 QA             0.521         0.008        -1.210        -0.018         0.288
 QA_SE         -0.081         0.004         0.014         0.044        -0.001


           Covariances
              QA_SE
              ________
 QA_SE          0.010


           Correlations
              IA            IA_SE         SA            SA_SE         QA
              ________      ________      ________      ________      ________
 IA             1.000
 IA_SE         -0.117         1.000
 SA            -0.275        -0.089         1.000
 SA_SE         -0.184         0.246         0.105         1.000
 QA             0.258         0.073        -0.951        -0.075         1.000
 QA_SE         -0.214         0.178         0.056         0.959        -0.022


           Correlations
              QA_SE
              ________
 QA_SE          1.000


RESULTS SAVING INFORMATION

  Order of data

    Parameter estimates
     (saved in order shown in Technical 1 output)
    Standard errors
     (saved in order shown in Technical 1 output)
    H0 Loglikelihood
    H0 Scaling Correction Factor for MLR
    Number of Free Parameters
    Akaike (AIC)
    Bayesian (BIC)
    Sample-Size Adjusted BIC

  Save file
    u2_123_ae_clock_results.dat

  Save file format           Free


PLOT INFORMATION

The following plots are available:

  Histograms (sample values, estimated factor scores)
  Scatterplots (sample values, estimated factor scores)
  Latent variable distribution plots

SAVEDATA INFORMATION


  Save file
    u2_123_ae_clock_fscores.dat

  Order and format of variables

    A_01           F10.3
    A_02           F10.3
    A_03           F10.3
    AGE_C80        F10.3
    EDU_C7         F10.3
    TIME_01        F10.3
    TIME_02        F10.3
    TIME_03        F10.3
    _WEIGHT        F10.3
    IA             F10.3
    IA_SE          F10.3
    SA             F10.3
    SA_SE          F10.3
    QA             F10.3
    QA_SE          F10.3
    PAIRID         I6

  Save file format
    15F10.3 I6

  Save file record length    10000


     Beginning Time:  18:11:38
        Ending Time:  18:11:45
       Elapsed Time:  00:00:07



MUTHEN & MUTHEN
3463 Stoner Ave.
Los Angeles, CA  90066

Tel: (310) 391-9971
Fax: (310) 391-8971
Web: www.StatModel.com
Support: Support@StatModel.com

Copyright (c) 1998-2014 Muthen & Muthen
