Mplus VERSION 7.3
MUTHEN & MUTHEN
12/17/2016  12:16 PM

INPUT INSTRUCTIONS

  TITLE:
  Script produced from the prototype in ./sandbox/syntax-creator/
  DATA:
  File = wide-dataset.dat ;
  VARIABLE:
  NAMES are
   Case PairID female age_c80 edu_c7 sbp_c167 smoke cardio diabetes dementia_ever
      years_since_bl_01 years_since_bl_02 years_since_bl_03 years_since_bl_04
      years_since_bl_05 pef_01 pef_02 pef_03 pef_04 pef_05 grip_01 grip_02 grip_03
      grip_04 grip_05 gait_01 gait_02 gait_03 gait_04 gait_05 block_01 block_02
      block_03 block_04 block_05 digitspanbackward_01 digitspanbackward_02
      digitspanbackward_03 digitspanbackward_04 digitspanbackward_05
      digitspanforward_01 digitspanforward_02 digitspanforward_03 digitspanforward_04
      digitspanforward_05 symbol_01 symbol_02 symbol_03 symbol_04 symbol_05 prose_01
      prose_02 prose_03 prose_04 prose_05 info_01 info_02 info_03 info_04 info_05
      synonyms_01 synonyms_02 synonyms_03 synonyms_04 synonyms_05 psif_01 psif_02
      psif_03 psif_04 psif_05 figure_01 figure_02 figure_03 figure_04 figure_05
      mirrecall_01 mirrecall_02 mirrecall_03 mirrecall_04 mirrecall_05 mmse_01 mmse_02
      mmse_03 mmse_04 mmse_05 mirnaming_01 mirnaming_02 mirnaming_03 mirnaming_04
      mirnaming_05 mirrecog_01 mirrecog_02 mirrecog_03 mirrecog_04 mirrecog_05
      clock_01 clock_02 clock_03 clock_04 clock_05
  	;
  Missing are all (-9999);
  USEVARIABLES are
  	!define the variables used in the analysis
  	! covariates used in the model
  age_c80
  edu_c7	
  	!estimated time points
  time_01
  time_02
  time_03
  time_05
  	!modelled time points of process (A)
  a_01
  a_02
  a_03
  a_05
  ;
  TSCORES are
  	!estimated time points
  time_01
  time_02
  time_03
  time_05;
  CLUSTER = PairID;
  SUBPOPULATION are
  	!select a subset of observations
  dementia_ever NE 1
  ;
  DEFINE:
  	! assign variables to the process (A)
  a_01 = clock_01;
  a_02 = clock_02;
  a_03 = clock_03;
  a_05 = clock_05;
  	!assign variables to time points
  time_01 = years_since_bl_01;
  time_02 = years_since_bl_02;
  time_03 = years_since_bl_03;
  time_05 = years_since_bl_05;
  	
  ANALYSIS: TYPE = RANDOM COMPLEX;
  COVERAGE=.00;
  MODEL:
  	!first-level equation
  	! assign process (A) to time points
  ia sa qa | a_01 AT time_01 ;
  ia sa qa | a_02 AT time_02 ;
  ia sa qa | a_03 AT time_03 ;
  ia sa qa | a_05 AT time_05 ;
  	!variance of the first-level terms
  ia (v_ia);
  sa (v_sa);
  qa (v_qa);
  	!covariance among first-level terms
  ia WITH sa (c_iasa);
  ia WITH qa (c_iaqa);
  sa WITH qa (c_saqa);
  	!second-level equation
  ia sa qa ON age_c80
  edu_c7;
  	!residual covariance of process (A)
  a_01 (res_a);
  a_02 (res_a);
  a_03 (res_a);
  a_05 (res_a);	
  SAVEDATA:
  FILE is   u2_1235_ae_clock_fscores.dat;
  SAVE = FSCORES;
  RESULTS are   u2_1235_ae_clock_results.dat;
  	
  OUTPUT: sampstat cinterval;
  PLOT: Type is Plot1 Plot2 Plot3;



*** WARNING
  Data set contains cases with missing on x-variables.
  These cases were not included in the analysis.
  Number of cases with missing on x-variables:  46
*** WARNING
  Data set contains cases with missing on all variables except
  x-variables.  These cases were not included in the analysis.
  Number of cases with missing on all variables except x-variables:  19
   2 WARNING(S) FOUND IN THE INPUT INSTRUCTIONS




Script produced from the prototype in ./sandbox/syntax-creator/

SUMMARY OF ANALYSIS

Number of groups                                                 1
Number of observations                                         455

Number of dependent variables                                    4
Number of independent variables                                  2
Number of continuous latent variables                            3

Observed dependent variables

  Continuous
   A_01        A_02        A_03        A_05

Observed independent variables
   AGE_C80     EDU_C7

Continuous latent variables
   IA          SA          QA

Variables with special functions

  Cluster variable      PAIRID
  Weight variable       _WEIGHT

  Time scores
   TIME_01     TIME_02     TIME_03     TIME_05


Estimator                                                      MLR
Information matrix                                        OBSERVED
Maximum number of iterations                                   100
Convergence criterion                                    0.100D-05
Maximum number of EM iterations                                500
Convergence criteria for the EM algorithm
  Loglikelihood change                                   0.100D-02
  Relative loglikelihood change                          0.100D-05
  Derivative                                             0.100D-03
Minimum variance                                         0.100D-03
Maximum number of steepest descent iterations                   20
Maximum number of iterations for H1                           2000
Convergence criterion for H1                             0.100D-03
Optimization algorithm                                         EMA

Input data file(s)
  wide-dataset.dat
Input data format  FREE



SAMPLE STATISTICS


     ESTIMATED SAMPLE STATISTICS


           Means
              A_01          A_02          A_03          A_05          AGE_C80
              ________      ________      ________      ________      ________
 1             13.983        13.777        13.468        11.983         3.320


           Means
              EDU_C7
              ________
 1              0.295


           Covariances
              A_01          A_02          A_03          A_05          AGE_C80
              ________      ________      ________      ________      ________
 A_01           7.544
 A_02           4.320         8.066
 A_03           5.592         6.474        10.225
 A_05           7.626         9.688        10.342        21.596
 AGE_C80       -1.606        -1.776        -2.517        -1.720         8.893
 EDU_C7         0.450         0.351         0.674         0.856        -0.671


           Covariances
              EDU_C7
              ________
 EDU_C7         5.975


           Correlations
              A_01          A_02          A_03          A_05          AGE_C80
              ________      ________      ________      ________      ________
 A_01           1.000
 A_02           0.554         1.000
 A_03           0.637         0.713         1.000
 A_05           0.597         0.734         0.696         1.000
 AGE_C80       -0.196        -0.210        -0.264        -0.124         1.000
 EDU_C7         0.067         0.051         0.086         0.075        -0.092


           Correlations
              EDU_C7
              ________
 EDU_C7         1.000


     MAXIMUM LOG-LIKELIHOOD VALUE FOR THE UNRESTRICTED (H1) MODEL IS -7086.455


UNIVARIATE HIGHER-ORDER MOMENT DESCRIPTIVE STATISTICS


     UNIVARIATE HIGHER-ORDER MOMENT DESCRIPTIVE STATISTICS

         Variable/         Mean/     Skewness/   Minimum/ % with                Percentiles
        Sample Size      Variance    Kurtosis    Maximum  Min/Max      20%/60%    40%/80%    Median

     A_01                 14.016      -3.263       0.000    1.44%      13.000     15.000     15.000
             623.000       7.381      10.001      15.000   70.14%      15.000     15.000
     A_02                 14.000      -3.297       0.000    4.23%      10.000     15.000     15.000
             520.000       7.045      11.040      15.000   64.04%      15.000     15.000
     A_03                 13.946      -3.253       0.000    6.85%      10.000     15.000     15.000
             394.000       8.059      10.452      15.000   63.71%      15.000     15.000
     A_05                 13.006      -1.886       0.000    7.96%       6.000     14.000     15.000
             201.000      12.748       2.676      15.000   53.23%      15.000     15.000
     AGE_C80               3.320       1.210      -0.630    0.16%       0.877      1.805      2.454
             637.000       8.893       1.349      17.918    0.16%       3.258      5.871
     EDU_C7                0.295       2.181      -7.000    0.16%      -1.000     -1.000     -1.000
             637.000       5.975       7.376      16.000    0.16%       0.000      1.000


THE MODEL ESTIMATION TERMINATED NORMALLY



MODEL FIT INFORMATION

Number of Free Parameters                       16

Loglikelihood

          H0 Value                       -2873.778
          H0 Scaling Correction Factor      2.6352
            for MLR

Information Criteria

          Akaike (AIC)                    5779.556
          Bayesian (BIC)                  5845.480
          Sample-Size Adjusted BIC        5794.702
            (n* = (n + 2) / 24)



MODEL RESULTS

                                                    Two-Tailed
                    Estimate       S.E.  Est./S.E.    P-Value

 IA         ON
    AGE_C80           -0.171      0.058     -2.969      0.003
    EDU_C7             0.052      0.046      1.149      0.251

 SA         ON
    AGE_C80           -0.035      0.028     -1.216      0.224
    EDU_C7            -0.005      0.022     -0.249      0.804

 QA         ON
    AGE_C80            0.004      0.004      1.049      0.294
    EDU_C7             0.002      0.003      0.689      0.491

 IA       WITH
    SA                -0.112      0.698     -0.161      0.872
    QA                 0.064      0.072      0.880      0.379

 SA       WITH
    QA                -0.037      0.080     -0.465      0.642

 Intercepts
    A_01               0.000      0.000    999.000    999.000
    A_02               0.000      0.000    999.000    999.000
    A_03               0.000      0.000    999.000    999.000
    A_05               0.000      0.000    999.000    999.000
    IA                14.524      0.196     74.279      0.000
    SA                 0.088      0.099      0.886      0.376
    QA                -0.039      0.014     -2.694      0.007

 Residual Variances
    A_01               2.796      1.006      2.779      0.005
    A_02               2.796      1.006      2.779      0.005
    A_03               2.796      1.006      2.779      0.005
    A_05               2.796      1.006      2.779      0.005
    IA                 4.344      1.464      2.967      0.003
    SA                 0.278      0.701      0.396      0.692
    QA                 0.006      0.009      0.658      0.510


QUALITY OF NUMERICAL RESULTS

     Condition Number for the Information Matrix              0.487E-05
       (ratio of smallest to largest eigenvalue)


CONFIDENCE INTERVALS OF MODEL RESULTS

                  Lower .5%  Lower 2.5%    Lower 5%    Estimate    Upper 5%  Upper 2.5%   Upper .5%

 IA       ON
    AGE_C80         -0.320      -0.285      -0.266      -0.171      -0.076      -0.058      -0.023
    EDU_C7          -0.065      -0.037      -0.023       0.052       0.127       0.142       0.170

 SA       ON
    AGE_C80         -0.108      -0.090      -0.081      -0.035       0.012       0.021       0.039
    EDU_C7          -0.062      -0.048      -0.041      -0.005       0.031       0.037       0.051

 QA       ON
    AGE_C80         -0.006      -0.003      -0.002       0.004       0.010       0.011       0.014
    EDU_C7          -0.006      -0.004      -0.003       0.002       0.007       0.008       0.010

 IA       WITH
    SA              -1.911      -1.481      -1.261      -0.112       1.037       1.256       1.687
    QA              -0.123      -0.078      -0.055       0.064       0.183       0.205       0.250

 SA       WITH
    QA              -0.242      -0.193      -0.168      -0.037       0.094       0.119       0.168

 Intercepts
    A_01             0.000       0.000       0.000       0.000       0.000       0.000       0.000
    A_02             0.000       0.000       0.000       0.000       0.000       0.000       0.000
    A_03             0.000       0.000       0.000       0.000       0.000       0.000       0.000
    A_05             0.000       0.000       0.000       0.000       0.000       0.000       0.000
    IA              14.021      14.141      14.203      14.524      14.846      14.908      15.028
    SA              -0.168      -0.107      -0.075       0.088       0.251       0.283       0.344
    QA              -0.076      -0.067      -0.063      -0.039      -0.015      -0.011      -0.002

 Residual Variances
    A_01             0.204       0.824       1.141       2.796       4.452       4.769       5.388
    A_02             0.204       0.824       1.141       2.796       4.452       4.769       5.388
    A_03             0.204       0.824       1.141       2.796       4.452       4.769       5.388
    A_05             0.204       0.824       1.141       2.796       4.452       4.769       5.388
    IA               0.572       1.474       1.935       4.344       6.753       7.214       8.116
    SA              -1.529      -1.097      -0.876       0.278       1.431       1.652       2.084
    QA              -0.018      -0.012      -0.009       0.006       0.022       0.025       0.031


SAMPLE STATISTICS FOR ESTIMATED FACTOR SCORES


     SAMPLE STATISTICS


           Means
              IA            IA_SE         SA            SA_SE         QA
              ________      ________      ________      ________      ________
 1             12.963         1.000        -0.088         0.483        -0.032


           Means
              QA_SE
              ________
 1              0.070


           Covariances
              IA            IA_SE         SA            SA_SE         QA
              ________      ________      ________      ________      ________
 IA             8.544
 IA_SE         -0.099         0.029
 SA             0.320        -0.005         0.103
 SA_SE         -0.018         0.005        -0.001         0.001
 QA             0.065         0.000        -0.010         0.000         0.002
 QA_SE         -0.004         0.001        -0.001         0.000         0.000


           Covariances
              QA_SE
              ________
 QA_SE          0.000


           Correlations
              IA            IA_SE         SA            SA_SE         QA
              ________      ________      ________      ________      ________
 IA             1.000
 IA_SE         -0.197         1.000
 SA             0.340        -0.097         1.000
 SA_SE         -0.214         0.962        -0.146         1.000
 QA             0.462        -0.004        -0.634         0.023         1.000
 QA_SE         -0.223         0.765        -0.258         0.889         0.101


           Correlations
              QA_SE
              ________
 QA_SE          1.000


RESULTS SAVING INFORMATION

  Order of data

    Parameter estimates
     (saved in order shown in Technical 1 output)
    Standard errors
     (saved in order shown in Technical 1 output)
    H0 Loglikelihood
    H0 Scaling Correction Factor for MLR
    Number of Free Parameters
    Akaike (AIC)
    Bayesian (BIC)
    Sample-Size Adjusted BIC

  Save file
    u2_1235_ae_clock_results.dat

  Save file format           Free


PLOT INFORMATION

The following plots are available:

  Histograms (sample values, estimated factor scores)
  Scatterplots (sample values, estimated factor scores)
  Latent variable distribution plots

SAVEDATA INFORMATION


  Save file
    u2_1235_ae_clock_fscores.dat

  Order and format of variables

    A_01           F10.3
    A_02           F10.3
    A_03           F10.3
    A_05           F10.3
    AGE_C80        F10.3
    EDU_C7         F10.3
    TIME_01        F10.3
    TIME_02        F10.3
    TIME_03        F10.3
    TIME_05        F10.3
    _WEIGHT        F10.3
    IA             F10.3
    IA_SE          F10.3
    SA             F10.3
    SA_SE          F10.3
    QA             F10.3
    QA_SE          F10.3
    PAIRID         I6

  Save file format
    17F10.3 I6

  Save file record length    10000


     Beginning Time:  12:16:29
        Ending Time:  12:16:31
       Elapsed Time:  00:00:02



MUTHEN & MUTHEN
3463 Stoner Ave.
Los Angeles, CA  90066

Tel: (310) 391-9971
Fax: (310) 391-8971
Web: www.StatModel.com
Support: Support@StatModel.com

Copyright (c) 1998-2014 Muthen & Muthen
