Mplus VERSION 7.3
MUTHEN & MUTHEN
12/17/2016  11:45 AM

INPUT INSTRUCTIONS

  TITLE:
  Script produced from the prototype in ./sandbox/syntax-creator/
  DATA:
  File = wide-dataset.dat ;
  VARIABLE:
  NAMES are
   Case PairID female age_c80 edu_c7 sbp_c167 smoke cardio diabetes dementia_ever
      years_since_bl_01 years_since_bl_02 years_since_bl_03 years_since_bl_04
      years_since_bl_05 pef_01 pef_02 pef_03 pef_04 pef_05 grip_01 grip_02 grip_03
      grip_04 grip_05 gait_01 gait_02 gait_03 gait_04 gait_05 block_01 block_02
      block_03 block_04 block_05 digitspanbackward_01 digitspanbackward_02
      digitspanbackward_03 digitspanbackward_04 digitspanbackward_05
      digitspanforward_01 digitspanforward_02 digitspanforward_03 digitspanforward_04
      digitspanforward_05 symbol_01 symbol_02 symbol_03 symbol_04 symbol_05 prose_01
      prose_02 prose_03 prose_04 prose_05 info_01 info_02 info_03 info_04 info_05
      synonyms_01 synonyms_02 synonyms_03 synonyms_04 synonyms_05 psif_01 psif_02
      psif_03 psif_04 psif_05 figure_01 figure_02 figure_03 figure_04 figure_05
      mirrecall_01 mirrecall_02 mirrecall_03 mirrecall_04 mirrecall_05 mmse_01 mmse_02
      mmse_03 mmse_04 mmse_05 mirnaming_01 mirnaming_02 mirnaming_03 mirnaming_04
      mirnaming_05 mirrecog_01 mirrecog_02 mirrecog_03 mirrecog_04 mirrecog_05
      clock_01 clock_02 clock_03 clock_04 clock_05
  	;
  Missing are all (-9999);
  USEVARIABLES are
  	!define the variables used in the analysis
  	! covariates used in the model
  age_c80
  edu_c7
  female
  sbp_c167	
  	!estimated time points
  time_01
  time_03
  time_04
  	!modelled time points of process (A)
  a_01
  a_03
  a_04
  ;
  TSCORES are
  	!estimated time points
  time_01
  time_03
  time_04;
  CLUSTER = PairID;
  SUBPOPULATION are
  	!select a subset of observations
  dementia_ever NE 1
  ;
  DEFINE:
  	! assign variables to the process (A)
  a_01 = block_01;
  a_03 = block_03;
  a_04 = block_04;
  	!assign variables to time points
  time_01 = years_since_bl_01;
  time_03 = years_since_bl_03;
  time_04 = years_since_bl_04;
  	
  ANALYSIS: TYPE = RANDOM COMPLEX;
  COVERAGE=.00;
  MODEL:
  	!first-level equation
  	! assign process (A) to time points
  ia sa | a_01 AT time_01 ;
  ia sa | a_03 AT time_03 ;
  ia sa | a_04 AT time_04 ;
  	!variance of the first-level terms
  ia (v_ia);
  sa (v_sa);
  	!covariance among first-level terms
  ia WITH sa (c_iasa);
  	!second-level equation
  ia sa ON age_c80
  edu_c7
  female
  sbp_c167;
  	!residual covariance of process (A)
  a_01 (res_a);
  a_03 (res_a);
  a_04 (res_a);	
  SAVEDATA:
  FILE is   u1_134_aefb_block_fscores.dat;
  SAVE = FSCORES;
  RESULTS are   u1_134_aefb_block_results.dat;
  	
  OUTPUT: sampstat cinterval;
  PLOT: Type is Plot1 Plot2 Plot3;



*** WARNING
  Data set contains cases with missing on x-variables.
  These cases were not included in the analysis.
  Number of cases with missing on x-variables:  92
*** WARNING
  Data set contains cases with missing on all variables except
  x-variables.  These cases were not included in the analysis.
  Number of cases with missing on all variables except x-variables:  66
   2 WARNING(S) FOUND IN THE INPUT INSTRUCTIONS




Script produced from the prototype in ./sandbox/syntax-creator/

SUMMARY OF ANALYSIS

Number of groups                                                 1
Number of observations                                         401

Number of dependent variables                                    3
Number of independent variables                                  4
Number of continuous latent variables                            2

Observed dependent variables

  Continuous
   A_01        A_03        A_04

Observed independent variables
   AGE_C80     EDU_C7      FEMALE      SBP_C167

Continuous latent variables
   IA          SA

Variables with special functions

  Cluster variable      PAIRID
  Weight variable       _WEIGHT

  Time scores
   TIME_01     TIME_03     TIME_04


Estimator                                                      MLR
Information matrix                                        OBSERVED
Maximum number of iterations                                   100
Convergence criterion                                    0.100D-05
Maximum number of EM iterations                                500
Convergence criteria for the EM algorithm
  Loglikelihood change                                   0.100D-02
  Relative loglikelihood change                          0.100D-05
  Derivative                                             0.100D-03
Minimum variance                                         0.100D-03
Maximum number of steepest descent iterations                   20
Maximum number of iterations for H1                           2000
Convergence criterion for H1                             0.100D-03
Optimization algorithm                                         EMA

Input data file(s)
  wide-dataset.dat
Input data format  FREE



SAMPLE STATISTICS


     ESTIMATED SAMPLE STATISTICS


           Means
              A_01          A_03          A_04          AGE_C80       EDU_C7
              ________      ________      ________      ________      ________
 1             12.252        11.933        10.873         3.131         0.359


           Means
              FEMALE        SBP_C167
              ________      ________
 1              0.646        -5.579


           Covariances
              A_01          A_03          A_04          AGE_C80       EDU_C7
              ________      ________      ________      ________      ________
 A_01          48.452
 A_03          33.753        42.736
 A_04          34.047        35.555        48.067
 AGE_C80       -4.186        -3.533        -4.572         7.490
 EDU_C7         3.723         3.800         4.377        -0.687         6.255
 FEMALE         0.137         0.280         0.279         0.066        -0.127
 SBP_C167      10.146         5.790         3.246        -4.785        -0.224


           Covariances
              FEMALE        SBP_C167
              ________      ________
 FEMALE         0.229
 SBP_C167       0.728       509.451


           Correlations
              A_01          A_03          A_04          AGE_C80       EDU_C7
              ________      ________      ________      ________      ________
 A_01           1.000
 A_03           0.742         1.000
 A_04           0.706         0.784         1.000
 AGE_C80       -0.220        -0.197        -0.241         1.000
 EDU_C7         0.214         0.232         0.252        -0.100         1.000
 FEMALE         0.041         0.090         0.084         0.050        -0.106
 SBP_C167       0.065         0.039         0.021        -0.077        -0.004


           Correlations
              FEMALE        SBP_C167
              ________      ________
 FEMALE         1.000
 SBP_C167       0.067         1.000


     MAXIMUM LOG-LIKELIHOOD VALUE FOR THE UNRESTRICTED (H1) MODEL IS -8830.321


UNIVARIATE HIGHER-ORDER MOMENT DESCRIPTIVE STATISTICS


     UNIVARIATE HIGHER-ORDER MOMENT DESCRIPTIVE STATISTICS

         Variable/         Mean/     Skewness/   Minimum/ % with                Percentiles
        Sample Size      Variance    Kurtosis    Maximum  Min/Max      20%/60%    40%/80%    Median

     A_01                 12.358       0.152       0.000   12.40%       4.000      9.000     10.000
             524.000      48.409      -0.426      33.000    0.19%      13.000     17.000
     A_03                 12.843       0.239       0.000   15.36%       3.000      9.000     10.000
             332.000      41.868      -0.150      31.000    0.60%      13.000     17.000
     A_04                 12.196       0.010       0.000   16.67%       3.000      9.000     10.000
             246.000      45.147      -0.716      27.000    0.41%      12.000     17.000
     AGE_C80               3.131       1.054      -0.581    0.18%       0.874      1.716      2.290
             544.000       7.490       0.466      13.313    0.37%       3.098      5.658
     EDU_C7                0.359       2.174      -7.000    0.18%      -1.000     -1.000     -1.000
             544.000       6.255       7.187      16.000    0.18%       0.000      1.000
     FEMALE                0.646      -0.610       0.000   34.93%       0.000      1.000      1.000
             544.000       0.229      -1.628       1.000   65.07%       1.000      1.000
     SBP_C167             -5.579       0.388     -57.000    1.47%     -27.000     -7.000     -7.000
             544.000     509.451       0.703      93.000    0.18%      -2.000     13.000


THE MODEL ESTIMATION TERMINATED NORMALLY



MODEL FIT INFORMATION

Number of Free Parameters                       14

Loglikelihood

          H0 Value                       -2517.694
          H0 Scaling Correction Factor      1.1339
            for MLR

Information Criteria

          Akaike (AIC)                    5063.389
          Bayesian (BIC)                  5119.304
          Sample-Size Adjusted BIC        5074.881
            (n* = (n + 2) / 24)



MODEL RESULTS

                                                    Two-Tailed
                    Estimate       S.E.  Est./S.E.    P-Value

 IA         ON
    AGE_C80           -0.504      0.131     -3.833      0.000
    EDU_C7             0.554      0.153      3.628      0.000
    FEMALE             1.041      0.773      1.346      0.178
    SBP_C167           0.014      0.014      1.024      0.306

 SA         ON
    AGE_C80            0.002      0.022      0.113      0.910
    EDU_C7             0.015      0.031      0.476      0.634
    FEMALE             0.115      0.113      1.018      0.308
    SBP_C167          -0.002      0.002     -0.924      0.355

 IA       WITH
    SA                -1.002      0.455     -2.203      0.028

 Intercepts
    A_01               0.000      0.000    999.000    999.000
    A_03               0.000      0.000    999.000    999.000
    A_04               0.000      0.000    999.000    999.000
    IA                13.092      0.745     17.570      0.000
    SA                -0.281      0.105     -2.668      0.008

 Residual Variances
    A_01               9.587      1.118      8.578      0.000
    A_03               9.587      1.118      8.578      0.000
    A_04               9.587      1.118      8.578      0.000
    IA                34.198      3.066     11.153      0.000
    SA                 0.256      0.105      2.429      0.015


QUALITY OF NUMERICAL RESULTS

     Condition Number for the Information Matrix              0.333E-03
       (ratio of smallest to largest eigenvalue)


CONFIDENCE INTERVALS OF MODEL RESULTS

                  Lower .5%  Lower 2.5%    Lower 5%    Estimate    Upper 5%  Upper 2.5%   Upper .5%

 IA       ON
    AGE_C80         -0.842      -0.761      -0.720      -0.504      -0.287      -0.246      -0.165
    EDU_C7           0.161       0.255       0.303       0.554       0.805       0.853       0.947
    FEMALE          -0.951      -0.475      -0.231       1.041       2.314       2.557       3.033
    SBP_C167        -0.021      -0.013      -0.009       0.014       0.037       0.041       0.050

 SA       ON
    AGE_C80         -0.054      -0.040      -0.033       0.002       0.038       0.045       0.059
    EDU_C7          -0.064      -0.045      -0.036       0.015       0.065       0.074       0.093
    FEMALE          -0.176      -0.107      -0.071       0.115       0.302       0.337       0.407
    SBP_C167        -0.009      -0.007      -0.006      -0.002       0.002       0.003       0.004

 IA       WITH
    SA              -2.174      -1.894      -1.751      -1.002      -0.254      -0.110       0.170

 Intercepts
    A_01             0.000       0.000       0.000       0.000       0.000       0.000       0.000
    A_03             0.000       0.000       0.000       0.000       0.000       0.000       0.000
    A_04             0.000       0.000       0.000       0.000       0.000       0.000       0.000
    IA              11.172      11.631      11.866      13.092      14.317      14.552      15.011
    SA              -0.552      -0.487      -0.454      -0.281      -0.108      -0.075      -0.010

 Residual Variances
    A_01             6.708       7.397       7.749       9.587      11.426      11.778      12.466
    A_03             6.708       7.397       7.749       9.587      11.426      11.778      12.466
    A_04             6.708       7.397       7.749       9.587      11.426      11.778      12.466
    IA              26.300      28.188      29.154      34.198      39.241      40.207      42.095
    SA              -0.015       0.049       0.083       0.256       0.429       0.462       0.527


SAMPLE STATISTICS FOR ESTIMATED FACTOR SCORES


     SAMPLE STATISTICS


           Means
              IA            IA_SE         SA            SA_SE
              ________      ________      ________      ________
 1             11.014         2.463        -0.192         0.448


           Covariances
              IA            IA_SE         SA            SA_SE
              ________      ________      ________      ________
 IA            35.618
 IA_SE         -0.453         0.093
 SA            -0.530         0.012         0.072
 SA_SE         -0.052         0.009         0.001         0.001


           Correlations
              IA            IA_SE         SA            SA_SE
              ________      ________      ________      ________
 IA             1.000
 IA_SE         -0.249         1.000
 SA            -0.332         0.152         1.000
 SA_SE         -0.260         0.881         0.162         1.000


RESULTS SAVING INFORMATION

  Order of data

    Parameter estimates
     (saved in order shown in Technical 1 output)
    Standard errors
     (saved in order shown in Technical 1 output)
    H0 Loglikelihood
    H0 Scaling Correction Factor for MLR
    Number of Free Parameters
    Akaike (AIC)
    Bayesian (BIC)
    Sample-Size Adjusted BIC

  Save file
    u1_134_aefb_block_results.dat

  Save file format           Free


PLOT INFORMATION

The following plots are available:

  Histograms (sample values, estimated factor scores)
  Scatterplots (sample values, estimated factor scores)
  Latent variable distribution plots

SAVEDATA INFORMATION


  Save file
    u1_134_aefb_block_fscores.dat

  Order and format of variables

    A_01           F10.3
    A_03           F10.3
    A_04           F10.3
    AGE_C80        F10.3
    EDU_C7         F10.3
    FEMALE         F10.3
    SBP_C167       F10.3
    TIME_01        F10.3
    TIME_03        F10.3
    TIME_04        F10.3
    _WEIGHT        F10.3
    IA             F10.3
    IA_SE          F10.3
    SA             F10.3
    SA_SE          F10.3
    PAIRID         I6

  Save file format
    15F10.3 I6

  Save file record length    10000


     Beginning Time:  11:45:54
        Ending Time:  11:45:55
       Elapsed Time:  00:00:01



MUTHEN & MUTHEN
3463 Stoner Ave.
Los Angeles, CA  90066

Tel: (310) 391-9971
Fax: (310) 391-8971
Web: www.StatModel.com
Support: Support@StatModel.com

Copyright (c) 1998-2014 Muthen & Muthen
