Mplus VERSION 7.3
MUTHEN & MUTHEN
12/17/2016  11:45 AM

INPUT INSTRUCTIONS

  TITLE:
  Script produced from the prototype in ./sandbox/syntax-creator/
  DATA:
  File = wide-dataset.dat ;
  VARIABLE:
  NAMES are
   Case PairID female age_c80 edu_c7 sbp_c167 smoke cardio diabetes dementia_ever
      years_since_bl_01 years_since_bl_02 years_since_bl_03 years_since_bl_04
      years_since_bl_05 pef_01 pef_02 pef_03 pef_04 pef_05 grip_01 grip_02 grip_03
      grip_04 grip_05 gait_01 gait_02 gait_03 gait_04 gait_05 block_01 block_02
      block_03 block_04 block_05 digitspanbackward_01 digitspanbackward_02
      digitspanbackward_03 digitspanbackward_04 digitspanbackward_05
      digitspanforward_01 digitspanforward_02 digitspanforward_03 digitspanforward_04
      digitspanforward_05 symbol_01 symbol_02 symbol_03 symbol_04 symbol_05 prose_01
      prose_02 prose_03 prose_04 prose_05 info_01 info_02 info_03 info_04 info_05
      synonyms_01 synonyms_02 synonyms_03 synonyms_04 synonyms_05 psif_01 psif_02
      psif_03 psif_04 psif_05 figure_01 figure_02 figure_03 figure_04 figure_05
      mirrecall_01 mirrecall_02 mirrecall_03 mirrecall_04 mirrecall_05 mmse_01 mmse_02
      mmse_03 mmse_04 mmse_05 mirnaming_01 mirnaming_02 mirnaming_03 mirnaming_04
      mirnaming_05 mirrecog_01 mirrecog_02 mirrecog_03 mirrecog_04 mirrecog_05
      clock_01 clock_02 clock_03 clock_04 clock_05
  	;
  Missing are all (-9999);
  USEVARIABLES are
  	!define the variables used in the analysis
  	! covariates used in the model
  age_c80
  edu_c7
  female	
  	!estimated time points
  time_01
  time_03
  time_04
  	!modelled time points of process (A)
  a_01
  a_03
  a_04
  ;
  TSCORES are
  	!estimated time points
  time_01
  time_03
  time_04;
  CLUSTER = PairID;
  SUBPOPULATION are
  	!select a subset of observations
  dementia_ever NE 1
  ;
  DEFINE:
  	! assign variables to the process (A)
  a_01 = block_01;
  a_03 = block_03;
  a_04 = block_04;
  	!assign variables to time points
  time_01 = years_since_bl_01;
  time_03 = years_since_bl_03;
  time_04 = years_since_bl_04;
  	
  ANALYSIS: TYPE = RANDOM COMPLEX;
  COVERAGE=.00;
  MODEL:
  	!first-level equation
  	! assign process (A) to time points
  ia sa | a_01 AT time_01 ;
  ia sa | a_03 AT time_03 ;
  ia sa | a_04 AT time_04 ;
  	!variance of the first-level terms
  ia (v_ia);
  sa (v_sa);
  	!covariance among first-level terms
  ia WITH sa (c_iasa);
  	!second-level equation
  ia sa ON age_c80
  edu_c7
  female;
  	!residual covariance of process (A)
  a_01 (res_a);
  a_03 (res_a);
  a_04 (res_a);	
  SAVEDATA:
  FILE is   u1_134_aef_block_fscores.dat;
  SAVE = FSCORES;
  RESULTS are   u1_134_aef_block_results.dat;
  	
  OUTPUT: sampstat cinterval;
  PLOT: Type is Plot1 Plot2 Plot3;



*** WARNING
  Data set contains cases with missing on x-variables.
  These cases were not included in the analysis.
  Number of cases with missing on x-variables:  46
*** WARNING
  Data set contains cases with missing on all variables except
  x-variables.  These cases were not included in the analysis.
  Number of cases with missing on all variables except x-variables:  90
   2 WARNING(S) FOUND IN THE INPUT INSTRUCTIONS




Script produced from the prototype in ./sandbox/syntax-creator/

SUMMARY OF ANALYSIS

Number of groups                                                 1
Number of observations                                         414

Number of dependent variables                                    3
Number of independent variables                                  3
Number of continuous latent variables                            2

Observed dependent variables

  Continuous
   A_01        A_03        A_04

Observed independent variables
   AGE_C80     EDU_C7      FEMALE

Continuous latent variables
   IA          SA

Variables with special functions

  Cluster variable      PAIRID
  Weight variable       _WEIGHT

  Time scores
   TIME_01     TIME_03     TIME_04


Estimator                                                      MLR
Information matrix                                        OBSERVED
Maximum number of iterations                                   100
Convergence criterion                                    0.100D-05
Maximum number of EM iterations                                500
Convergence criteria for the EM algorithm
  Loglikelihood change                                   0.100D-02
  Relative loglikelihood change                          0.100D-05
  Derivative                                             0.100D-03
Minimum variance                                         0.100D-03
Maximum number of steepest descent iterations                   20
Maximum number of iterations for H1                           2000
Convergence criterion for H1                             0.100D-03
Optimization algorithm                                         EMA

Input data file(s)
  wide-dataset.dat
Input data format  FREE



SAMPLE STATISTICS


     ESTIMATED SAMPLE STATISTICS


           Means
              A_01          A_03          A_04          AGE_C80       EDU_C7
              ________      ________      ________      ________      ________
 1             12.042        11.770        10.729         3.117         0.348


           Means
              FEMALE
              ________
 1              0.650


           Covariances
              A_01          A_03          A_04          AGE_C80       EDU_C7
              ________      ________      ________      ________      ________
 A_01          50.254
 A_03          35.278        43.674
 A_04          35.111        36.276        48.374
 AGE_C80       -3.840        -3.231        -4.385         7.497
 EDU_C7         3.856         3.912         4.385        -0.632         6.159
 FEMALE         0.151         0.293         0.292         0.073        -0.125


           Covariances
              FEMALE
              ________
 FEMALE         0.228


           Correlations
              A_01          A_03          A_04          AGE_C80       EDU_C7
              ________      ________      ________      ________      ________
 A_01           1.000
 A_03           0.753         1.000
 A_04           0.712         0.789         1.000
 AGE_C80       -0.198        -0.179        -0.230         1.000
 EDU_C7         0.219         0.239         0.254        -0.093         1.000
 FEMALE         0.045         0.093         0.088         0.056        -0.105


           Correlations
              FEMALE
              ________
 FEMALE         1.000


     MAXIMUM LOG-LIKELIHOOD VALUE FOR THE UNRESTRICTED (H1) MODEL IS -6605.336


UNIVARIATE HIGHER-ORDER MOMENT DESCRIPTIVE STATISTICS


     UNIVARIATE HIGHER-ORDER MOMENT DESCRIPTIVE STATISTICS

         Variable/         Mean/     Skewness/   Minimum/ % with                Percentiles
        Sample Size      Variance    Kurtosis    Maximum  Min/Max      20%/60%    40%/80%    Median

     A_01                 12.141       0.147       0.000   13.84%       3.000      9.000     10.000
             542.000      50.270      -0.482      33.000    0.18%      13.000     17.000
     A_03                 12.741       0.233       0.000   16.91%       3.000      9.000     10.000
             343.000      42.864      -0.205      31.000    0.58%      12.000     17.000
     A_04                 12.150       0.018       0.000   16.80%       3.000      9.000     10.000
             250.000      45.325      -0.742      27.000    0.40%      12.000     17.000
     AGE_C80               3.117       1.056      -0.581    0.18%       0.874      1.711      2.314
             566.000       7.497       0.446      13.313    0.35%       3.115      5.696
     EDU_C7                0.348       2.180      -7.000    0.18%      -1.000     -1.000     -1.000
             566.000       6.159       7.249      16.000    0.18%       0.000      1.000
     FEMALE                0.650      -0.628       0.000   34.45%       0.000      1.000      1.000
             566.000       0.228      -1.606       1.000   65.55%       1.000      1.000


THE MODEL ESTIMATION TERMINATED NORMALLY



MODEL FIT INFORMATION

Number of Free Parameters                       12

Loglikelihood

          H0 Value                       -2589.827
          H0 Scaling Correction Factor      1.1347
            for MLR

Information Criteria

          Akaike (AIC)                    5203.654
          Bayesian (BIC)                  5251.964
          Sample-Size Adjusted BIC        5213.885
            (n* = (n + 2) / 24)



MODEL RESULTS

                                                    Two-Tailed
                    Estimate       S.E.  Est./S.E.    P-Value

 IA         ON
    AGE_C80           -0.468      0.129     -3.646      0.000
    EDU_C7             0.596      0.154      3.880      0.000
    FEMALE             1.173      0.778      1.507      0.132

 SA         ON
    AGE_C80            0.001      0.021      0.038      0.970
    EDU_C7             0.011      0.030      0.385      0.700
    FEMALE             0.104      0.111      0.935      0.350

 IA       WITH
    SA                -1.166      0.447     -2.609      0.009

 Intercepts
    A_01               0.000      0.000    999.000    999.000
    A_03               0.000      0.000    999.000    999.000
    A_04               0.000      0.000    999.000    999.000
    IA                12.586      0.760     16.568      0.000
    SA                -0.243      0.101     -2.413      0.016

 Residual Variances
    A_01               9.429      1.094      8.616      0.000
    A_03               9.429      1.094      8.616      0.000
    A_04               9.429      1.094      8.616      0.000
    IA                36.406      3.106     11.722      0.000
    SA                 0.265      0.103      2.565      0.010


QUALITY OF NUMERICAL RESULTS

     Condition Number for the Information Matrix              0.946E-03
       (ratio of smallest to largest eigenvalue)


CONFIDENCE INTERVALS OF MODEL RESULTS

                  Lower .5%  Lower 2.5%    Lower 5%    Estimate    Upper 5%  Upper 2.5%   Upper .5%

 IA       ON
    AGE_C80         -0.800      -0.720      -0.680      -0.468      -0.257      -0.217      -0.137
    EDU_C7           0.200       0.295       0.343       0.596       0.848       0.897       0.991
    FEMALE          -0.831      -0.352      -0.107       1.173       2.453       2.698       3.177

 SA       ON
    AGE_C80         -0.054      -0.041      -0.034       0.001       0.036       0.043       0.056
    EDU_C7          -0.065      -0.047      -0.037       0.011       0.060       0.070       0.088
    FEMALE          -0.183      -0.114      -0.079       0.104       0.287       0.322       0.391

 IA       WITH
    SA              -2.317      -2.042      -1.901      -1.166      -0.431      -0.290      -0.015

 Intercepts
    A_01             0.000       0.000       0.000       0.000       0.000       0.000       0.000
    A_03             0.000       0.000       0.000       0.000       0.000       0.000       0.000
    A_04             0.000       0.000       0.000       0.000       0.000       0.000       0.000
    IA              10.629      11.097      11.336      12.586      13.835      14.075      14.542
    SA              -0.503      -0.441      -0.409      -0.243      -0.077      -0.046       0.016

 Residual Variances
    A_01             6.610       7.284       7.629       9.429      11.229      11.574      12.248
    A_03             6.610       7.284       7.629       9.429      11.229      11.574      12.248
    A_04             6.610       7.284       7.629       9.429      11.229      11.574      12.248
    IA              28.406      30.319      31.297      36.406      41.515      42.493      44.406
    SA              -0.001       0.062       0.095       0.265       0.434       0.467       0.530


SAMPLE STATISTICS FOR ESTIMATED FACTOR SCORES


     SAMPLE STATISTICS


           Means
              IA            IA_SE         SA            SA_SE
              ________      ________      ________      ________
 1             10.740         2.480        -0.177         0.452


           Covariances
              IA            IA_SE         SA            SA_SE
              ________      ________      ________      ________
 IA            37.444
 IA_SE         -0.517         0.100
 SA            -0.656         0.013         0.074
 SA_SE         -0.058         0.009         0.002         0.001


           Correlations
              IA            IA_SE         SA            SA_SE
              ________      ________      ________      ________
 IA             1.000
 IA_SE         -0.267         1.000
 SA            -0.394         0.156         1.000
 SA_SE         -0.277         0.880         0.170         1.000


RESULTS SAVING INFORMATION

  Order of data

    Parameter estimates
     (saved in order shown in Technical 1 output)
    Standard errors
     (saved in order shown in Technical 1 output)
    H0 Loglikelihood
    H0 Scaling Correction Factor for MLR
    Number of Free Parameters
    Akaike (AIC)
    Bayesian (BIC)
    Sample-Size Adjusted BIC

  Save file
    u1_134_aef_block_results.dat

  Save file format           Free


PLOT INFORMATION

The following plots are available:

  Histograms (sample values, estimated factor scores)
  Scatterplots (sample values, estimated factor scores)
  Latent variable distribution plots

SAVEDATA INFORMATION


  Save file
    u1_134_aef_block_fscores.dat

  Order and format of variables

    A_01           F10.3
    A_03           F10.3
    A_04           F10.3
    AGE_C80        F10.3
    EDU_C7         F10.3
    FEMALE         F10.3
    TIME_01        F10.3
    TIME_03        F10.3
    TIME_04        F10.3
    _WEIGHT        F10.3
    IA             F10.3
    IA_SE          F10.3
    SA             F10.3
    SA_SE          F10.3
    PAIRID         I6

  Save file format
    14F10.3 I6

  Save file record length    10000


     Beginning Time:  11:45:53
        Ending Time:  11:45:54
       Elapsed Time:  00:00:01



MUTHEN & MUTHEN
3463 Stoner Ave.
Los Angeles, CA  90066

Tel: (310) 391-9971
Fax: (310) 391-8971
Web: www.StatModel.com
Support: Support@StatModel.com

Copyright (c) 1998-2014 Muthen & Muthen
