Mplus VERSION 7.3
MUTHEN & MUTHEN
12/17/2016  11:45 AM

INPUT INSTRUCTIONS

  TITLE:
  Script produced from the prototype in ./sandbox/syntax-creator/
  DATA:
  File = wide-dataset.dat ;
  VARIABLE:
  NAMES are
   Case PairID female age_c80 edu_c7 sbp_c167 smoke cardio diabetes dementia_ever
      years_since_bl_01 years_since_bl_02 years_since_bl_03 years_since_bl_04
      years_since_bl_05 pef_01 pef_02 pef_03 pef_04 pef_05 grip_01 grip_02 grip_03
      grip_04 grip_05 gait_01 gait_02 gait_03 gait_04 gait_05 block_01 block_02
      block_03 block_04 block_05 digitspanbackward_01 digitspanbackward_02
      digitspanbackward_03 digitspanbackward_04 digitspanbackward_05
      digitspanforward_01 digitspanforward_02 digitspanforward_03 digitspanforward_04
      digitspanforward_05 symbol_01 symbol_02 symbol_03 symbol_04 symbol_05 prose_01
      prose_02 prose_03 prose_04 prose_05 info_01 info_02 info_03 info_04 info_05
      synonyms_01 synonyms_02 synonyms_03 synonyms_04 synonyms_05 psif_01 psif_02
      psif_03 psif_04 psif_05 figure_01 figure_02 figure_03 figure_04 figure_05
      mirrecall_01 mirrecall_02 mirrecall_03 mirrecall_04 mirrecall_05 mmse_01 mmse_02
      mmse_03 mmse_04 mmse_05 mirnaming_01 mirnaming_02 mirnaming_03 mirnaming_04
      mirnaming_05 mirrecog_01 mirrecog_02 mirrecog_03 mirrecog_04 mirrecog_05
      clock_01 clock_02 clock_03 clock_04 clock_05
  	;
  Missing are all (-9999);
  USEVARIABLES are
  	!define the variables used in the analysis
  	! covariates used in the model
  age_c80
  edu_c7
  female	
  	!estimated time points
  time_01
  time_03
  time_04
  time_05
  	!modelled time points of process (A)
  a_01
  a_03
  a_04
  a_05
  ;
  TSCORES are
  	!estimated time points
  time_01
  time_03
  time_04
  time_05;
  CLUSTER = PairID;
  SUBPOPULATION are
  	!select a subset of observations
  dementia_ever NE 1
  ;
  DEFINE:
  	! assign variables to the process (A)
  a_01 = block_01;
  a_03 = block_03;
  a_04 = block_04;
  a_05 = block_05;
  	!assign variables to time points
  time_01 = years_since_bl_01;
  time_03 = years_since_bl_03;
  time_04 = years_since_bl_04;
  time_05 = years_since_bl_05;
  	
  ANALYSIS: TYPE = RANDOM COMPLEX;
  COVERAGE=.00;
  MODEL:
  	!first-level equation
  	! assign process (A) to time points
  ia sa | a_01 AT time_01 ;
  ia sa | a_03 AT time_03 ;
  ia sa | a_04 AT time_04 ;
  ia sa | a_05 AT time_05 ;
  	!variance of the first-level terms
  ia (v_ia);
  sa (v_sa);
  	!covariance among first-level terms
  ia WITH sa (c_iasa);
  	!second-level equation
  ia sa ON age_c80
  edu_c7
  female;
  	!residual covariance of process (A)
  a_01 (res_a);
  a_03 (res_a);
  a_04 (res_a);
  a_05 (res_a);	
  SAVEDATA:
  FILE is   u1_1345_aef_block_fscores.dat;
  SAVE = FSCORES;
  RESULTS are   u1_1345_aef_block_results.dat;
  	
  OUTPUT: sampstat cinterval;
  PLOT: Type is Plot1 Plot2 Plot3;



*** WARNING
  Data set contains cases with missing on x-variables.
  These cases were not included in the analysis.
  Number of cases with missing on x-variables:  46
*** WARNING
  Data set contains cases with missing on all variables except
  x-variables.  These cases were not included in the analysis.
  Number of cases with missing on all variables except x-variables:  90
   2 WARNING(S) FOUND IN THE INPUT INSTRUCTIONS




Script produced from the prototype in ./sandbox/syntax-creator/

SUMMARY OF ANALYSIS

Number of groups                                                 1
Number of observations                                         414

Number of dependent variables                                    4
Number of independent variables                                  3
Number of continuous latent variables                            2

Observed dependent variables

  Continuous
   A_01        A_03        A_04        A_05

Observed independent variables
   AGE_C80     EDU_C7      FEMALE

Continuous latent variables
   IA          SA

Variables with special functions

  Cluster variable      PAIRID
  Weight variable       _WEIGHT

  Time scores
   TIME_01     TIME_03     TIME_04     TIME_05


Estimator                                                      MLR
Information matrix                                        OBSERVED
Maximum number of iterations                                   100
Convergence criterion                                    0.100D-05
Maximum number of EM iterations                                500
Convergence criteria for the EM algorithm
  Loglikelihood change                                   0.100D-02
  Relative loglikelihood change                          0.100D-05
  Derivative                                             0.100D-03
Minimum variance                                         0.100D-03
Maximum number of steepest descent iterations                   20
Maximum number of iterations for H1                           2000
Convergence criterion for H1                             0.100D-03
Optimization algorithm                                         EMA

Input data file(s)
  wide-dataset.dat
Input data format  FREE



SAMPLE STATISTICS


     ESTIMATED SAMPLE STATISTICS


           Means
              A_01          A_03          A_04          A_05          AGE_C80
              ________      ________      ________      ________      ________
 1             12.040        11.769        10.714         9.426         3.117


           Means
              EDU_C7        FEMALE
              ________      ________
 1              0.348         0.650


           Covariances
              A_01          A_03          A_04          A_05          AGE_C80
              ________      ________      ________      ________      ________
 A_01          50.268
 A_03          35.294        43.690
 A_04          35.229        36.345        48.505
 A_05          35.017        33.931        36.947        48.559
 AGE_C80       -3.844        -3.235        -4.416        -2.840         7.497
 EDU_C7         3.858         3.914         4.401         2.717        -0.632
 FEMALE         0.150         0.292         0.290         0.267         0.073


           Covariances
              EDU_C7        FEMALE
              ________      ________
 EDU_C7         6.159
 FEMALE        -0.125         0.228


           Correlations
              A_01          A_03          A_04          A_05          AGE_C80
              ________      ________      ________      ________      ________
 A_01           1.000
 A_03           0.753         1.000
 A_04           0.713         0.790         1.000
 A_05           0.709         0.737         0.761         1.000
 AGE_C80       -0.198        -0.179        -0.232        -0.149         1.000
 EDU_C7         0.219         0.239         0.255         0.157        -0.093
 FEMALE         0.044         0.093         0.087         0.080         0.056


           Correlations
              EDU_C7        FEMALE
              ________      ________
 EDU_C7         1.000
 FEMALE        -0.105         1.000


     MAXIMUM LOG-LIKELIHOOD VALUE FOR THE UNRESTRICTED (H1) MODEL IS -7123.237


UNIVARIATE HIGHER-ORDER MOMENT DESCRIPTIVE STATISTICS


     UNIVARIATE HIGHER-ORDER MOMENT DESCRIPTIVE STATISTICS

         Variable/         Mean/     Skewness/   Minimum/ % with                Percentiles
        Sample Size      Variance    Kurtosis    Maximum  Min/Max      20%/60%    40%/80%    Median

     A_01                 12.141       0.147       0.000   13.84%       3.000      9.000     10.000
             542.000      50.270      -0.482      33.000    0.18%      13.000     17.000
     A_03                 12.741       0.233       0.000   16.91%       3.000      9.000     10.000
             343.000      42.864      -0.205      31.000    0.58%      12.000     17.000
     A_04                 12.150       0.018       0.000   16.80%       3.000      9.000     10.000
             250.000      45.325      -0.742      27.000    0.40%      12.000     17.000
     A_05                 11.381       0.105       0.000   19.16%       3.000      7.000      9.000
             167.000      46.878      -0.885      25.000    1.80%      12.000     17.000
     AGE_C80               3.117       1.056      -0.581    0.18%       0.874      1.711      2.314
             566.000       7.497       0.446      13.313    0.35%       3.115      5.696
     EDU_C7                0.348       2.180      -7.000    0.18%      -1.000     -1.000     -1.000
             566.000       6.159       7.249      16.000    0.18%       0.000      1.000
     FEMALE                0.650      -0.628       0.000   34.45%       0.000      1.000      1.000
             566.000       0.228      -1.606       1.000   65.55%       1.000      1.000


THE MODEL ESTIMATION TERMINATED NORMALLY



MODEL FIT INFORMATION

Number of Free Parameters                       12

Loglikelihood

          H0 Value                       -2977.563
          H0 Scaling Correction Factor      1.1377
            for MLR

Information Criteria

          Akaike (AIC)                    5979.126
          Bayesian (BIC)                  6027.437
          Sample-Size Adjusted BIC        5989.358
            (n* = (n + 2) / 24)



MODEL RESULTS

                                                    Two-Tailed
                    Estimate       S.E.  Est./S.E.    P-Value

 IA         ON
    AGE_C80           -0.487      0.128     -3.799      0.000
    EDU_C7             0.611      0.152      4.014      0.000
    FEMALE             1.247      0.775      1.608      0.108

 SA         ON
    AGE_C80            0.011      0.019      0.596      0.551
    EDU_C7            -0.002      0.026     -0.093      0.926
    FEMALE             0.044      0.094      0.466      0.641

 IA       WITH
    SA                -0.624      0.316     -1.977      0.048

 Intercepts
    A_01               0.000      0.000    999.000    999.000
    A_03               0.000      0.000    999.000    999.000
    A_04               0.000      0.000    999.000    999.000
    A_05               0.000      0.000    999.000    999.000
    IA                12.701      0.757     16.775      0.000
    SA                -0.321      0.086     -3.748      0.000

 Residual Variances
    A_01              11.110      0.954     11.649      0.000
    A_03              11.110      0.954     11.649      0.000
    A_04              11.110      0.954     11.649      0.000
    A_05              11.110      0.954     11.649      0.000
    IA                34.503      3.037     11.359      0.000
    SA                 0.114      0.061      1.875      0.061


QUALITY OF NUMERICAL RESULTS

     Condition Number for the Information Matrix              0.301E-03
       (ratio of smallest to largest eigenvalue)


CONFIDENCE INTERVALS OF MODEL RESULTS

                  Lower .5%  Lower 2.5%    Lower 5%    Estimate    Upper 5%  Upper 2.5%   Upper .5%

 IA       ON
    AGE_C80         -0.818      -0.739      -0.698      -0.487      -0.276      -0.236      -0.157
    EDU_C7           0.219       0.313       0.361       0.611       0.862       0.909       1.003
    FEMALE          -0.750      -0.273      -0.029       1.247       2.523       2.767       3.244

 SA       ON
    AGE_C80         -0.037      -0.025      -0.020       0.011       0.042       0.048       0.059
    EDU_C7          -0.069      -0.053      -0.045      -0.002       0.040       0.048       0.064
    FEMALE          -0.199      -0.141      -0.111       0.044       0.199       0.229       0.287

 IA       WITH
    SA              -1.437      -1.242      -1.143      -0.624      -0.105      -0.005       0.189

 Intercepts
    A_01             0.000       0.000       0.000       0.000       0.000       0.000       0.000
    A_03             0.000       0.000       0.000       0.000       0.000       0.000       0.000
    A_04             0.000       0.000       0.000       0.000       0.000       0.000       0.000
    A_05             0.000       0.000       0.000       0.000       0.000       0.000       0.000
    IA              10.751      11.217      11.455      12.701      13.946      14.185      14.651
    SA              -0.541      -0.488      -0.461      -0.321      -0.180      -0.153      -0.100

 Residual Variances
    A_01             8.654       9.241       9.541      11.110      12.679      12.980      13.567
    A_03             8.654       9.241       9.541      11.110      12.679      12.980      13.567
    A_04             8.654       9.241       9.541      11.110      12.679      12.980      13.567
    A_05             8.654       9.241       9.541      11.110      12.679      12.980      13.567
    IA              26.680      28.550      29.507      34.503      39.500      40.457      42.327
    SA              -0.043      -0.005       0.014       0.114       0.215       0.234       0.272


SAMPLE STATISTICS FOR ESTIMATED FACTOR SCORES


     SAMPLE STATISTICS


           Means
              IA            IA_SE         SA            SA_SE
              ________      ________      ________      ________
 1             10.825         2.480        -0.258         0.312


           Covariances
              IA            IA_SE         SA            SA_SE
              ________      ________      ________      ________
 IA            35.636
 IA_SE         -0.611         0.151
 SA            -0.407         0.015         0.022
 SA_SE         -0.028         0.005         0.000         0.000


           Correlations
              IA            IA_SE         SA            SA_SE
              ________      ________      ________      ________
 IA             1.000
 IA_SE         -0.263         1.000
 SA            -0.464         0.262         1.000
 SA_SE         -0.290         0.870         0.173         1.000


RESULTS SAVING INFORMATION

  Order of data

    Parameter estimates
     (saved in order shown in Technical 1 output)
    Standard errors
     (saved in order shown in Technical 1 output)
    H0 Loglikelihood
    H0 Scaling Correction Factor for MLR
    Number of Free Parameters
    Akaike (AIC)
    Bayesian (BIC)
    Sample-Size Adjusted BIC

  Save file
    u1_1345_aef_block_results.dat

  Save file format           Free


PLOT INFORMATION

The following plots are available:

  Histograms (sample values, estimated factor scores)
  Scatterplots (sample values, estimated factor scores)
  Latent variable distribution plots

SAVEDATA INFORMATION


  Save file
    u1_1345_aef_block_fscores.dat

  Order and format of variables

    A_01           F10.3
    A_03           F10.3
    A_04           F10.3
    A_05           F10.3
    AGE_C80        F10.3
    EDU_C7         F10.3
    FEMALE         F10.3
    TIME_01        F10.3
    TIME_03        F10.3
    TIME_04        F10.3
    TIME_05        F10.3
    _WEIGHT        F10.3
    IA             F10.3
    IA_SE          F10.3
    SA             F10.3
    SA_SE          F10.3
    PAIRID         I6

  Save file format
    16F10.3 I6

  Save file record length    10000


     Beginning Time:  11:45:43
        Ending Time:  11:45:44
       Elapsed Time:  00:00:01



MUTHEN & MUTHEN
3463 Stoner Ave.
Los Angeles, CA  90066

Tel: (310) 391-9971
Fax: (310) 391-8971
Web: www.StatModel.com
Support: Support@StatModel.com

Copyright (c) 1998-2014 Muthen & Muthen
