Mplus VERSION 7.3
MUTHEN & MUTHEN
12/17/2016  11:45 AM

INPUT INSTRUCTIONS

  TITLE:
  Script produced from the prototype in ./sandbox/syntax-creator/
  DATA:
  File = wide-dataset.dat ;
  VARIABLE:
  NAMES are
   Case PairID female age_c80 edu_c7 sbp_c167 smoke cardio diabetes dementia_ever
      years_since_bl_01 years_since_bl_02 years_since_bl_03 years_since_bl_04
      years_since_bl_05 pef_01 pef_02 pef_03 pef_04 pef_05 grip_01 grip_02 grip_03
      grip_04 grip_05 gait_01 gait_02 gait_03 gait_04 gait_05 block_01 block_02
      block_03 block_04 block_05 digitspanbackward_01 digitspanbackward_02
      digitspanbackward_03 digitspanbackward_04 digitspanbackward_05
      digitspanforward_01 digitspanforward_02 digitspanforward_03 digitspanforward_04
      digitspanforward_05 symbol_01 symbol_02 symbol_03 symbol_04 symbol_05 prose_01
      prose_02 prose_03 prose_04 prose_05 info_01 info_02 info_03 info_04 info_05
      synonyms_01 synonyms_02 synonyms_03 synonyms_04 synonyms_05 psif_01 psif_02
      psif_03 psif_04 psif_05 figure_01 figure_02 figure_03 figure_04 figure_05
      mirrecall_01 mirrecall_02 mirrecall_03 mirrecall_04 mirrecall_05 mmse_01 mmse_02
      mmse_03 mmse_04 mmse_05 mirnaming_01 mirnaming_02 mirnaming_03 mirnaming_04
      mirnaming_05 mirrecog_01 mirrecog_02 mirrecog_03 mirrecog_04 mirrecog_05
      clock_01 clock_02 clock_03 clock_04 clock_05
  	;
  Missing are all (-9999);
  USEVARIABLES are
  	!define the variables used in the analysis
  	! covariates used in the model
  age_c80
  edu_c7
  female	
  	!estimated time points
  time_01
  time_04
  time_05
  	!modelled time points of process (A)
  a_01
  a_04
  a_05
  ;
  TSCORES are
  	!estimated time points
  time_01
  time_04
  time_05;
  CLUSTER = PairID;
  SUBPOPULATION are
  	!select a subset of observations
  dementia_ever NE 1
  ;
  DEFINE:
  	! assign variables to the process (A)
  a_01 = block_01;
  a_04 = block_04;
  a_05 = block_05;
  	!assign variables to time points
  time_01 = years_since_bl_01;
  time_04 = years_since_bl_04;
  time_05 = years_since_bl_05;
  	
  ANALYSIS: TYPE = RANDOM COMPLEX;
  COVERAGE=.00;
  MODEL:
  	!first-level equation
  	! assign process (A) to time points
  ia sa | a_01 AT time_01 ;
  ia sa | a_04 AT time_04 ;
  ia sa | a_05 AT time_05 ;
  	!variance of the first-level terms
  ia (v_ia);
  sa (v_sa);
  	!covariance among first-level terms
  ia WITH sa (c_iasa);
  	!second-level equation
  ia sa ON age_c80
  edu_c7
  female;
  	!residual covariance of process (A)
  a_01 (res_a);
  a_04 (res_a);
  a_05 (res_a);	
  SAVEDATA:
  FILE is   u1_145_aef_block_fscores.dat;
  SAVE = FSCORES;
  RESULTS are   u1_145_aef_block_results.dat;
  	
  OUTPUT: sampstat cinterval;
  PLOT: Type is Plot1 Plot2 Plot3;



*** WARNING
  Data set contains cases with missing on x-variables.
  These cases were not included in the analysis.
  Number of cases with missing on x-variables:  46
*** WARNING
  Data set contains cases with missing on all variables except
  x-variables.  These cases were not included in the analysis.
  Number of cases with missing on all variables except x-variables:  102
   2 WARNING(S) FOUND IN THE INPUT INSTRUCTIONS




Script produced from the prototype in ./sandbox/syntax-creator/

SUMMARY OF ANALYSIS

Number of groups                                                 1
Number of observations                                         409

Number of dependent variables                                    3
Number of independent variables                                  3
Number of continuous latent variables                            2

Observed dependent variables

  Continuous
   A_01        A_04        A_05

Observed independent variables
   AGE_C80     EDU_C7      FEMALE

Continuous latent variables
   IA          SA

Variables with special functions

  Cluster variable      PAIRID
  Weight variable       _WEIGHT

  Time scores
   TIME_01     TIME_04     TIME_05


Estimator                                                      MLR
Information matrix                                        OBSERVED
Maximum number of iterations                                   100
Convergence criterion                                    0.100D-05
Maximum number of EM iterations                                500
Convergence criteria for the EM algorithm
  Loglikelihood change                                   0.100D-02
  Relative loglikelihood change                          0.100D-05
  Derivative                                             0.100D-03
Minimum variance                                         0.100D-03
Maximum number of steepest descent iterations                   20
Maximum number of iterations for H1                           2000
Convergence criterion for H1                             0.100D-03
Optimization algorithm                                         EMA

Input data file(s)
  wide-dataset.dat
Input data format  FREE



SAMPLE STATISTICS


     ESTIMATED SAMPLE STATISTICS


           Means
              A_01          A_04          A_05          AGE_C80       EDU_C7
              ________      ________      ________      ________      ________
 1             12.095        10.892         9.657         3.118         0.367


           Means
              FEMALE
              ________
 1              0.658


           Covariances
              A_01          A_04          A_05          AGE_C80       EDU_C7
              ________      ________      ________      ________      ________
 A_01          50.302
 A_04          35.454        48.585
 A_05          35.134        36.888        48.358
 AGE_C80       -3.921        -4.719        -3.289         7.513
 EDU_C7         3.853         4.126         2.429        -0.607         6.174
 FEMALE         0.122         0.250         0.248         0.073        -0.139


           Covariances
              FEMALE
              ________
 FEMALE         0.225


           Correlations
              A_01          A_04          A_05          AGE_C80       EDU_C7
              ________      ________      ________      ________      ________
 A_01           1.000
 A_04           0.717         1.000
 A_05           0.712         0.761         1.000
 AGE_C80       -0.202        -0.247        -0.173         1.000
 EDU_C7         0.219         0.238         0.141        -0.089         1.000
 FEMALE         0.036         0.076         0.075         0.056        -0.117


           Correlations
              FEMALE
              ________
 FEMALE         1.000


     MAXIMUM LOG-LIKELIHOOD VALUE FOR THE UNRESTRICTED (H1) MODEL IS -6098.432


UNIVARIATE HIGHER-ORDER MOMENT DESCRIPTIVE STATISTICS


     UNIVARIATE HIGHER-ORDER MOMENT DESCRIPTIVE STATISTICS

         Variable/         Mean/     Skewness/   Minimum/ % with                Percentiles
        Sample Size      Variance    Kurtosis    Maximum  Min/Max      20%/60%    40%/80%    Median

     A_01                 12.141       0.147       0.000   13.84%       3.000      9.000     10.000
             542.000      50.270      -0.482      33.000    0.18%      13.000     17.000
     A_04                 12.150       0.018       0.000   16.80%       3.000      9.000     10.000
             250.000      45.325      -0.742      27.000    0.40%      12.000     17.000
     A_05                 11.381       0.105       0.000   19.16%       3.000      7.000      9.000
             167.000      46.878      -0.885      25.000    1.80%      12.000     17.000
     AGE_C80               3.118       1.058      -0.581    0.18%       0.866      1.707      2.274
             554.000       7.513       0.453      13.313    0.18%       3.098      5.696
     EDU_C7                0.367       2.191      -7.000    0.18%      -1.000     -1.000     -1.000
             554.000       6.174       7.236      16.000    0.18%       0.000      1.000
     FEMALE                0.658      -0.665       0.000   33.94%       0.000      1.000      1.000
             554.000       0.225      -1.558       1.000   66.06%       1.000      1.000


THE MODEL ESTIMATION TERMINATED NORMALLY



MODEL FIT INFORMATION

Number of Free Parameters                       12

Loglikelihood

          H0 Value                       -2290.433
          H0 Scaling Correction Factor      1.1152
            for MLR

Information Criteria

          Akaike (AIC)                    4604.866
          Bayesian (BIC)                  4653.031
          Sample-Size Adjusted BIC        4614.953
            (n* = (n + 2) / 24)



MODEL RESULTS

                                                    Two-Tailed
                    Estimate       S.E.  Est./S.E.    P-Value

 IA         ON
    AGE_C80           -0.493      0.129     -3.811      0.000
    EDU_C7             0.610      0.154      3.950      0.000
    FEMALE             1.102      0.794      1.388      0.165

 SA         ON
    AGE_C80           -0.001      0.020     -0.038      0.969
    EDU_C7            -0.010      0.029     -0.357      0.721
    FEMALE             0.058      0.098      0.587      0.557

 IA       WITH
    SA                -0.370      0.370     -1.000      0.317

 Intercepts
    A_01               0.000      0.000    999.000    999.000
    A_04               0.000      0.000    999.000    999.000
    A_05               0.000      0.000    999.000    999.000
    IA                12.720      0.782     16.271      0.000
    SA                -0.288      0.083     -3.475      0.001

 Residual Variances
    A_01              12.262      1.527      8.029      0.000
    A_04              12.262      1.527      8.029      0.000
    A_05              12.262      1.527      8.029      0.000
    IA                33.560      3.369      9.960      0.000
    SA                 0.069      0.068      1.015      0.310


QUALITY OF NUMERICAL RESULTS

     Condition Number for the Information Matrix              0.816E-03
       (ratio of smallest to largest eigenvalue)


CONFIDENCE INTERVALS OF MODEL RESULTS

                  Lower .5%  Lower 2.5%    Lower 5%    Estimate    Upper 5%  Upper 2.5%   Upper .5%

 IA       ON
    AGE_C80         -0.827      -0.747      -0.706      -0.493      -0.280      -0.240      -0.160
    EDU_C7           0.212       0.307       0.356       0.610       0.863       0.912       1.007
    FEMALE          -0.942      -0.454      -0.204       1.102       2.408       2.658       3.147

 SA       ON
    AGE_C80         -0.052      -0.039      -0.033      -0.001       0.032       0.038       0.050
    EDU_C7          -0.084      -0.066      -0.057      -0.010       0.037       0.046       0.063
    FEMALE          -0.195      -0.135      -0.104       0.058       0.219       0.250       0.310

 IA       WITH
    SA              -1.323      -1.095      -0.978      -0.370       0.239       0.355       0.583

 Intercepts
    A_01             0.000       0.000       0.000       0.000       0.000       0.000       0.000
    A_04             0.000       0.000       0.000       0.000       0.000       0.000       0.000
    A_05             0.000       0.000       0.000       0.000       0.000       0.000       0.000
    IA              10.706      11.187      11.434      12.720      14.005      14.252      14.733
    SA              -0.501      -0.450      -0.424      -0.288      -0.151      -0.125      -0.074

 Residual Variances
    A_01             8.328       9.269       9.750      12.262      14.774      15.255      16.195
    A_04             8.328       9.269       9.750      12.262      14.774      15.255      16.195
    A_05             8.328       9.269       9.750      12.262      14.774      15.255      16.195
    IA              24.881      26.956      28.017      33.560      39.102      40.164      42.238
    SA              -0.106      -0.064      -0.043       0.069       0.181       0.202       0.244


SAMPLE STATISTICS FOR ESTIMATED FACTOR SCORES


     SAMPLE STATISTICS


           Means
              IA            IA_SE         SA            SA_SE
              ________      ________      ________      ________
 1             10.953         2.693        -0.253         0.251


           Covariances
              IA            IA_SE         SA            SA_SE
              ________      ________      ________      ________
 IA            32.297
 IA_SE         -0.494         0.132
 SA            -0.240         0.005         0.009
 SA_SE         -0.010         0.003         0.000         0.000


           Correlations
              IA            IA_SE         SA            SA_SE
              ________      ________      ________      ________
 IA             1.000
 IA_SE         -0.239         1.000
 SA            -0.455         0.152         1.000
 SA_SE         -0.237         0.972         0.100         1.000


RESULTS SAVING INFORMATION

  Order of data

    Parameter estimates
     (saved in order shown in Technical 1 output)
    Standard errors
     (saved in order shown in Technical 1 output)
    H0 Loglikelihood
    H0 Scaling Correction Factor for MLR
    Number of Free Parameters
    Akaike (AIC)
    Bayesian (BIC)
    Sample-Size Adjusted BIC

  Save file
    u1_145_aef_block_results.dat

  Save file format           Free


PLOT INFORMATION

The following plots are available:

  Histograms (sample values, estimated factor scores)
  Scatterplots (sample values, estimated factor scores)
  Latent variable distribution plots

SAVEDATA INFORMATION


  Save file
    u1_145_aef_block_fscores.dat

  Order and format of variables

    A_01           F10.3
    A_04           F10.3
    A_05           F10.3
    AGE_C80        F10.3
    EDU_C7         F10.3
    FEMALE         F10.3
    TIME_01        F10.3
    TIME_04        F10.3
    TIME_05        F10.3
    _WEIGHT        F10.3
    IA             F10.3
    IA_SE          F10.3
    SA             F10.3
    SA_SE          F10.3
    PAIRID         I6

  Save file format
    14F10.3 I6

  Save file record length    10000


     Beginning Time:  11:45:51
        Ending Time:  11:45:51
       Elapsed Time:  00:00:00



MUTHEN & MUTHEN
3463 Stoner Ave.
Los Angeles, CA  90066

Tel: (310) 391-9971
Fax: (310) 391-8971
Web: www.StatModel.com
Support: Support@StatModel.com

Copyright (c) 1998-2014 Muthen & Muthen
