Mplus VERSION 7.3
MUTHEN & MUTHEN
12/17/2016  11:45 AM

INPUT INSTRUCTIONS

  TITLE:
  Script produced from the prototype in ./sandbox/syntax-creator/
  DATA:
  File = wide-dataset.dat ;
  VARIABLE:
  NAMES are
   Case PairID female age_c80 edu_c7 sbp_c167 smoke cardio diabetes dementia_ever
      years_since_bl_01 years_since_bl_02 years_since_bl_03 years_since_bl_04
      years_since_bl_05 pef_01 pef_02 pef_03 pef_04 pef_05 grip_01 grip_02 grip_03
      grip_04 grip_05 gait_01 gait_02 gait_03 gait_04 gait_05 block_01 block_02
      block_03 block_04 block_05 digitspanbackward_01 digitspanbackward_02
      digitspanbackward_03 digitspanbackward_04 digitspanbackward_05
      digitspanforward_01 digitspanforward_02 digitspanforward_03 digitspanforward_04
      digitspanforward_05 symbol_01 symbol_02 symbol_03 symbol_04 symbol_05 prose_01
      prose_02 prose_03 prose_04 prose_05 info_01 info_02 info_03 info_04 info_05
      synonyms_01 synonyms_02 synonyms_03 synonyms_04 synonyms_05 psif_01 psif_02
      psif_03 psif_04 psif_05 figure_01 figure_02 figure_03 figure_04 figure_05
      mirrecall_01 mirrecall_02 mirrecall_03 mirrecall_04 mirrecall_05 mmse_01 mmse_02
      mmse_03 mmse_04 mmse_05 mirnaming_01 mirnaming_02 mirnaming_03 mirnaming_04
      mirnaming_05 mirrecog_01 mirrecog_02 mirrecog_03 mirrecog_04 mirrecog_05
      clock_01 clock_02 clock_03 clock_04 clock_05
  	;
  Missing are all (-9999);
  USEVARIABLES are
  	!define the variables used in the analysis
  	! covariates used in the model
  age_c80
  edu_c7
  female
  sbp_c167	
  	!estimated time points
  time_01
  time_02
  time_04
  time_05
  	!modelled time points of process (A)
  a_01
  a_02
  a_04
  a_05
  ;
  TSCORES are
  	!estimated time points
  time_01
  time_02
  time_04
  time_05;
  CLUSTER = PairID;
  SUBPOPULATION are
  	!select a subset of observations
  dementia_ever NE 1
  ;
  DEFINE:
  	! assign variables to the process (A)
  a_01 = block_01;
  a_02 = block_02;
  a_04 = block_04;
  a_05 = block_05;
  	!assign variables to time points
  time_01 = years_since_bl_01;
  time_02 = years_since_bl_02;
  time_04 = years_since_bl_04;
  time_05 = years_since_bl_05;
  	
  ANALYSIS: TYPE = RANDOM COMPLEX;
  COVERAGE=.00;
  MODEL:
  	!first-level equation
  	! assign process (A) to time points
  ia sa | a_01 AT time_01 ;
  ia sa | a_02 AT time_02 ;
  ia sa | a_04 AT time_04 ;
  ia sa | a_05 AT time_05 ;
  	!variance of the first-level terms
  ia (v_ia);
  sa (v_sa);
  	!covariance among first-level terms
  ia WITH sa (c_iasa);
  	!second-level equation
  ia sa ON age_c80
  edu_c7
  female
  sbp_c167;
  	!residual covariance of process (A)
  a_01 (res_a);
  a_02 (res_a);
  a_04 (res_a);
  a_05 (res_a);	
  SAVEDATA:
  FILE is   u1_1245_aefb_block_fscores.dat;
  SAVE = FSCORES;
  RESULTS are   u1_1245_aefb_block_results.dat;
  	
  OUTPUT: sampstat cinterval;
  PLOT: Type is Plot1 Plot2 Plot3;



*** WARNING
  Data set contains cases with missing on x-variables.
  These cases were not included in the analysis.
  Number of cases with missing on x-variables:  92
*** WARNING
  Data set contains cases with missing on all variables except
  x-variables.  These cases were not included in the analysis.
  Number of cases with missing on all variables except x-variables:  54
   2 WARNING(S) FOUND IN THE INPUT INSTRUCTIONS




Script produced from the prototype in ./sandbox/syntax-creator/

SUMMARY OF ANALYSIS

Number of groups                                                 1
Number of observations                                         404

Number of dependent variables                                    4
Number of independent variables                                  4
Number of continuous latent variables                            2

Observed dependent variables

  Continuous
   A_01        A_02        A_04        A_05

Observed independent variables
   AGE_C80     EDU_C7      FEMALE      SBP_C167

Continuous latent variables
   IA          SA

Variables with special functions

  Cluster variable      PAIRID
  Weight variable       _WEIGHT

  Time scores
   TIME_01     TIME_02     TIME_04     TIME_05


Estimator                                                      MLR
Information matrix                                        OBSERVED
Maximum number of iterations                                   100
Convergence criterion                                    0.100D-05
Maximum number of EM iterations                                500
Convergence criteria for the EM algorithm
  Loglikelihood change                                   0.100D-02
  Relative loglikelihood change                          0.100D-05
  Derivative                                             0.100D-03
Minimum variance                                         0.100D-03
Maximum number of steepest descent iterations                   20
Maximum number of iterations for H1                           2000
Convergence criterion for H1                             0.100D-03
Optimization algorithm                                         EMA

Input data file(s)
  wide-dataset.dat
Input data format  FREE



SAMPLE STATISTICS


     ESTIMATED SAMPLE STATISTICS


           Means
              A_01          A_02          A_04          A_05          AGE_C80
              ________      ________      ________      ________      ________
 1             12.269        12.122        10.803         9.591         3.136


           Means
              EDU_C7        FEMALE        SBP_C167
              ________      ________      ________
 1              0.356         0.651        -5.738


           Covariances
              A_01          A_02          A_04          A_05          AGE_C80
              ________      ________      ________      ________      ________
 A_01          48.666
 A_02          35.618        44.637
 A_04          34.448        35.112        48.815
 A_05          34.214        34.270        36.651        48.001
 AGE_C80       -4.420        -4.254        -5.370        -3.865         7.559
 EDU_C7         3.745         4.733         4.561         2.880        -0.678
 FEMALE         0.098         0.108         0.190         0.206         0.071
 SBP_C167      10.579         7.473         5.786        -1.275        -4.746


           Covariances
              EDU_C7        FEMALE        SBP_C167
              ________      ________      ________
 EDU_C7         6.190
 FEMALE        -0.140         0.227
 SBP_C167       0.231         0.639       510.535


           Correlations
              A_01          A_02          A_04          A_05          AGE_C80
              ________      ________      ________      ________      ________
 A_01           1.000
 A_02           0.764         1.000
 A_04           0.707         0.752         1.000
 A_05           0.708         0.740         0.757         1.000
 AGE_C80       -0.230        -0.232        -0.280        -0.203         1.000
 EDU_C7         0.216         0.285         0.262         0.167        -0.099
 FEMALE         0.029         0.034         0.057         0.062         0.054
 SBP_C167       0.067         0.050         0.037        -0.008        -0.076


           Correlations
              EDU_C7        FEMALE        SBP_C167
              ________      ________      ________
 EDU_C7         1.000
 FEMALE        -0.118         1.000
 SBP_C167       0.004         0.059         1.000


     MAXIMUM LOG-LIKELIHOOD VALUE FOR THE UNRESTRICTED (H1) MODEL IS -9737.044


UNIVARIATE HIGHER-ORDER MOMENT DESCRIPTIVE STATISTICS


     UNIVARIATE HIGHER-ORDER MOMENT DESCRIPTIVE STATISTICS

         Variable/         Mean/     Skewness/   Minimum/ % with                Percentiles
        Sample Size      Variance    Kurtosis    Maximum  Min/Max      20%/60%    40%/80%    Median

     A_01                 12.358       0.152       0.000   12.40%       4.000      9.000     10.000
             524.000      48.409      -0.426      33.000    0.19%      13.000     17.000
     A_02                 12.886       0.055       0.000   14.22%       3.000      9.000     10.000
             422.000      43.428      -0.501      30.000    0.47%      13.000     17.000
     A_04                 12.196       0.010       0.000   16.67%       3.000      9.000     10.000
             246.000      45.147      -0.716      27.000    0.41%      12.000     17.000
     A_05                 11.466       0.106       0.000   18.18%       3.000      7.000      9.000
             165.000      46.249      -0.876      25.000    1.82%      12.000     17.000
     AGE_C80               3.136       1.077      -0.581    0.18%       0.866      1.716      2.304
             556.000       7.559       0.531      13.313    0.36%       3.098      5.500
     EDU_C7                0.356       2.204      -7.000    0.18%      -1.000     -1.000     -1.000
             556.000       6.190       7.316      16.000    0.18%       0.000      1.000
     FEMALE                0.651      -0.634       0.000   34.53%       0.000      1.000      1.000
             556.000       0.227      -1.599       1.000   65.47%       1.000      1.000
     SBP_C167             -5.738       0.392     -57.000    1.44%     -27.000    -12.000     -7.000
             556.000     510.535       0.690      93.000    0.18%      -7.000     13.000


THE MODEL ESTIMATION TERMINATED NORMALLY



MODEL FIT INFORMATION

Number of Free Parameters                       14

Loglikelihood

          H0 Value                       -3059.960
          H0 Scaling Correction Factor      1.1332
            for MLR

Information Criteria

          Akaike (AIC)                    6147.921
          Bayesian (BIC)                  6203.941
          Sample-Size Adjusted BIC        6159.517
            (n* = (n + 2) / 24)



MODEL RESULTS

                                                    Two-Tailed
                    Estimate       S.E.  Est./S.E.    P-Value

 IA         ON
    AGE_C80           -0.536      0.127     -4.206      0.000
    EDU_C7             0.621      0.148      4.197      0.000
    FEMALE             0.947      0.741      1.277      0.202
    SBP_C167           0.014      0.014      0.991      0.322

 SA         ON
    AGE_C80           -0.001      0.019     -0.035      0.972
    EDU_C7             0.001      0.028      0.032      0.974
    FEMALE             0.048      0.096      0.502      0.616
    SBP_C167          -0.002      0.002     -1.241      0.215

 IA       WITH
    SA                -0.442      0.314     -1.406      0.160

 Intercepts
    A_01               0.000      0.000    999.000    999.000
    A_02               0.000      0.000    999.000    999.000
    A_04               0.000      0.000    999.000    999.000
    A_05               0.000      0.000    999.000    999.000
    IA                13.351      0.717     18.627      0.000
    SA                -0.337      0.085     -3.985      0.000

 Residual Variances
    A_01              11.122      0.821     13.549      0.000
    A_02              11.122      0.821     13.549      0.000
    A_04              11.122      0.821     13.549      0.000
    A_05              11.122      0.821     13.549      0.000
    IA                31.846      2.869     11.102      0.000
    SA                 0.105      0.055      1.910      0.056


QUALITY OF NUMERICAL RESULTS

     Condition Number for the Information Matrix              0.347E-03
       (ratio of smallest to largest eigenvalue)


CONFIDENCE INTERVALS OF MODEL RESULTS

                  Lower .5%  Lower 2.5%    Lower 5%    Estimate    Upper 5%  Upper 2.5%   Upper .5%

 IA       ON
    AGE_C80         -0.864      -0.785      -0.745      -0.536      -0.326      -0.286      -0.208
    EDU_C7           0.240       0.331       0.378       0.621       0.864       0.911       1.002
    FEMALE          -0.963      -0.506      -0.273       0.947       2.166       2.400       2.856
    SBP_C167        -0.022      -0.014      -0.009       0.014       0.037       0.042       0.051

 SA       ON
    AGE_C80         -0.051      -0.039      -0.033      -0.001       0.031       0.037       0.049
    EDU_C7          -0.070      -0.053      -0.045       0.001       0.046       0.055       0.072
    FEMALE          -0.199      -0.140      -0.109       0.048       0.206       0.236       0.295
    SBP_C167        -0.007      -0.006      -0.006      -0.002       0.001       0.001       0.003

 IA       WITH
    SA              -1.251      -1.058      -0.959      -0.442       0.075       0.174       0.368

 Intercepts
    A_01             0.000       0.000       0.000       0.000       0.000       0.000       0.000
    A_02             0.000       0.000       0.000       0.000       0.000       0.000       0.000
    A_04             0.000       0.000       0.000       0.000       0.000       0.000       0.000
    A_05             0.000       0.000       0.000       0.000       0.000       0.000       0.000
    IA              11.505      11.946      12.172      13.351      14.530      14.756      15.197
    SA              -0.555      -0.503      -0.476      -0.337      -0.198      -0.171      -0.119

 Residual Variances
    A_01             9.008       9.513       9.772      11.122      12.472      12.731      13.237
    A_02             9.008       9.513       9.772      11.122      12.472      12.731      13.237
    A_04             9.008       9.513       9.772      11.122      12.472      12.731      13.237
    A_05             9.008       9.513       9.772      11.122      12.472      12.731      13.237
    IA              24.458      26.224      27.128      31.846      36.565      37.469      39.235
    SA              -0.037      -0.003       0.015       0.105       0.195       0.213       0.246


SAMPLE STATISTICS FOR ESTIMATED FACTOR SCORES


     SAMPLE STATISTICS


           Means
              IA            IA_SE         SA            SA_SE
              ________      ________      ________      ________
 1             11.031         2.297        -0.296         0.302


           Covariances
              IA            IA_SE         SA            SA_SE
              ________      ________      ________      ________
 IA            34.906
 IA_SE         -0.618         0.141
 SA            -0.288         0.010         0.020
 SA_SE         -0.029         0.005         0.000         0.000


           Correlations
              IA            IA_SE         SA            SA_SE
              ________      ________      ________      ________
 IA             1.000
 IA_SE         -0.278         1.000
 SA            -0.344         0.196         1.000
 SA_SE         -0.272         0.717         0.118         1.000


RESULTS SAVING INFORMATION

  Order of data

    Parameter estimates
     (saved in order shown in Technical 1 output)
    Standard errors
     (saved in order shown in Technical 1 output)
    H0 Loglikelihood
    H0 Scaling Correction Factor for MLR
    Number of Free Parameters
    Akaike (AIC)
    Bayesian (BIC)
    Sample-Size Adjusted BIC

  Save file
    u1_1245_aefb_block_results.dat

  Save file format           Free


PLOT INFORMATION

The following plots are available:

  Histograms (sample values, estimated factor scores)
  Scatterplots (sample values, estimated factor scores)
  Latent variable distribution plots

SAVEDATA INFORMATION


  Save file
    u1_1245_aefb_block_fscores.dat

  Order and format of variables

    A_01           F10.3
    A_02           F10.3
    A_04           F10.3
    A_05           F10.3
    AGE_C80        F10.3
    EDU_C7         F10.3
    FEMALE         F10.3
    SBP_C167       F10.3
    TIME_01        F10.3
    TIME_02        F10.3
    TIME_04        F10.3
    TIME_05        F10.3
    _WEIGHT        F10.3
    IA             F10.3
    IA_SE          F10.3
    SA             F10.3
    SA_SE          F10.3
    PAIRID         I6

  Save file format
    17F10.3 I6

  Save file record length    10000


     Beginning Time:  11:45:41
        Ending Time:  11:45:42
       Elapsed Time:  00:00:01



MUTHEN & MUTHEN
3463 Stoner Ave.
Los Angeles, CA  90066

Tel: (310) 391-9971
Fax: (310) 391-8971
Web: www.StatModel.com
Support: Support@StatModel.com

Copyright (c) 1998-2014 Muthen & Muthen
