Mplus VERSION 7.3
MUTHEN & MUTHEN
12/17/2016  11:45 AM

INPUT INSTRUCTIONS

  TITLE:
  Script produced from the prototype in ./sandbox/syntax-creator/
  DATA:
  File = wide-dataset.dat ;
  VARIABLE:
  NAMES are
   Case PairID female age_c80 edu_c7 sbp_c167 smoke cardio diabetes dementia_ever
      years_since_bl_01 years_since_bl_02 years_since_bl_03 years_since_bl_04
      years_since_bl_05 pef_01 pef_02 pef_03 pef_04 pef_05 grip_01 grip_02 grip_03
      grip_04 grip_05 gait_01 gait_02 gait_03 gait_04 gait_05 block_01 block_02
      block_03 block_04 block_05 digitspanbackward_01 digitspanbackward_02
      digitspanbackward_03 digitspanbackward_04 digitspanbackward_05
      digitspanforward_01 digitspanforward_02 digitspanforward_03 digitspanforward_04
      digitspanforward_05 symbol_01 symbol_02 symbol_03 symbol_04 symbol_05 prose_01
      prose_02 prose_03 prose_04 prose_05 info_01 info_02 info_03 info_04 info_05
      synonyms_01 synonyms_02 synonyms_03 synonyms_04 synonyms_05 psif_01 psif_02
      psif_03 psif_04 psif_05 figure_01 figure_02 figure_03 figure_04 figure_05
      mirrecall_01 mirrecall_02 mirrecall_03 mirrecall_04 mirrecall_05 mmse_01 mmse_02
      mmse_03 mmse_04 mmse_05 mirnaming_01 mirnaming_02 mirnaming_03 mirnaming_04
      mirnaming_05 mirrecog_01 mirrecog_02 mirrecog_03 mirrecog_04 mirrecog_05
      clock_01 clock_02 clock_03 clock_04 clock_05
  	;
  Missing are all (-9999);
  USEVARIABLES are
  	!define the variables used in the analysis
  	! covariates used in the model
  age_c80
  edu_c7	
  	!estimated time points
  time_01
  time_02
  time_03
  time_05
  	!modelled time points of process (A)
  a_01
  a_02
  a_03
  a_05
  ;
  TSCORES are
  	!estimated time points
  time_01
  time_02
  time_03
  time_05;
  CLUSTER = PairID;
  SUBPOPULATION are
  	!select a subset of observations
  dementia_ever NE 1
  ;
  DEFINE:
  	! assign variables to the process (A)
  a_01 = block_01;
  a_02 = block_02;
  a_03 = block_03;
  a_05 = block_05;
  	!assign variables to time points
  time_01 = years_since_bl_01;
  time_02 = years_since_bl_02;
  time_03 = years_since_bl_03;
  time_05 = years_since_bl_05;
  	
  ANALYSIS: TYPE = RANDOM COMPLEX;
  COVERAGE=.00;
  MODEL:
  	!first-level equation
  	! assign process (A) to time points
  ia sa | a_01 AT time_01 ;
  ia sa | a_02 AT time_02 ;
  ia sa | a_03 AT time_03 ;
  ia sa | a_05 AT time_05 ;
  	!variance of the first-level terms
  ia (v_ia);
  sa (v_sa);
  	!covariance among first-level terms
  ia WITH sa (c_iasa);
  	!second-level equation
  ia sa ON age_c80
  edu_c7;
  	!residual covariance of process (A)
  a_01 (res_a);
  a_02 (res_a);
  a_03 (res_a);
  a_05 (res_a);	
  SAVEDATA:
  FILE is   u1_1235_ae_block_fscores.dat;
  SAVE = FSCORES;
  RESULTS are   u1_1235_ae_block_results.dat;
  	
  OUTPUT: sampstat cinterval;
  PLOT: Type is Plot1 Plot2 Plot3;



*** WARNING
  Data set contains cases with missing on x-variables.
  These cases were not included in the analysis.
  Number of cases with missing on x-variables:  46
*** WARNING
  Data set contains cases with missing on all variables except
  x-variables.  These cases were not included in the analysis.
  Number of cases with missing on all variables except x-variables:  73
   2 WARNING(S) FOUND IN THE INPUT INSTRUCTIONS




Script produced from the prototype in ./sandbox/syntax-creator/

SUMMARY OF ANALYSIS

Number of groups                                                 1
Number of observations                                         418

Number of dependent variables                                    4
Number of independent variables                                  2
Number of continuous latent variables                            2

Observed dependent variables

  Continuous
   A_01        A_02        A_03        A_05

Observed independent variables
   AGE_C80     EDU_C7

Continuous latent variables
   IA          SA

Variables with special functions

  Cluster variable      PAIRID
  Weight variable       _WEIGHT

  Time scores
   TIME_01     TIME_02     TIME_03     TIME_05


Estimator                                                      MLR
Information matrix                                        OBSERVED
Maximum number of iterations                                   100
Convergence criterion                                    0.100D-05
Maximum number of EM iterations                                500
Convergence criteria for the EM algorithm
  Loglikelihood change                                   0.100D-02
  Relative loglikelihood change                          0.100D-05
  Derivative                                             0.100D-03
Minimum variance                                         0.100D-03
Maximum number of steepest descent iterations                   20
Maximum number of iterations for H1                           2000
Convergence criterion for H1                             0.100D-03
Optimization algorithm                                         EMA

Input data file(s)
  wide-dataset.dat
Input data format  FREE



SAMPLE STATISTICS


     ESTIMATED SAMPLE STATISTICS


           Means
              A_01          A_02          A_03          A_05          AGE_C80
              ________      ________      ________      ________      ________
 1             12.016        11.905        11.523         9.512         3.123


           Means
              EDU_C7
              ________
 1              0.333


           Covariances
              A_01          A_02          A_03          A_05          AGE_C80
              ________      ________      ________      ________      ________
 A_01          50.623
 A_02          37.302        45.880
 A_03          35.890        37.742        44.674
 A_05          36.144        35.729        34.627        49.189
 AGE_C80       -3.968        -3.876        -3.640        -3.022         7.587
 EDU_C7         3.929         4.973         4.008         3.270        -0.660


           Covariances
              EDU_C7
              ________
 EDU_C7         6.131


           Correlations
              A_01          A_02          A_03          A_05          AGE_C80
              ________      ________      ________      ________      ________
 A_01           1.000
 A_02           0.774         1.000
 A_03           0.755         0.834         1.000
 A_05           0.724         0.752         0.739         1.000
 AGE_C80       -0.202        -0.208        -0.198        -0.156         1.000
 EDU_C7         0.223         0.297         0.242         0.188        -0.097


           Correlations
              EDU_C7
              ________
 EDU_C7         1.000


     MAXIMUM LOG-LIKELIHOOD VALUE FOR THE UNRESTRICTED (H1) MODEL IS -7330.178


UNIVARIATE HIGHER-ORDER MOMENT DESCRIPTIVE STATISTICS


     UNIVARIATE HIGHER-ORDER MOMENT DESCRIPTIVE STATISTICS

         Variable/         Mean/     Skewness/   Minimum/ % with                Percentiles
        Sample Size      Variance    Kurtosis    Maximum  Min/Max      20%/60%    40%/80%    Median

     A_01                 12.141       0.147       0.000   13.84%       3.000      9.000     10.000
             542.000      50.270      -0.482      33.000    0.18%      13.000     17.000
     A_02                 12.704       0.042       0.000   15.79%       3.000      9.000     10.000
             437.000      45.123      -0.543      30.000    0.46%      13.000     17.000
     A_03                 12.741       0.233       0.000   16.91%       3.000      9.000     10.000
             343.000      42.864      -0.205      31.000    0.58%      12.000     17.000
     A_05                 11.381       0.105       0.000   19.16%       3.000      7.000      9.000
             167.000      46.878      -0.885      25.000    1.80%      12.000     17.000
     AGE_C80               3.123       1.076      -0.581    0.17%       0.874      1.711      2.316
             583.000       7.587       0.491      13.313    0.34%       3.098      5.679
     EDU_C7                0.333       2.188      -7.000    0.17%      -1.000     -1.000     -1.000
             583.000       6.131       7.303      16.000    0.17%       0.000      1.000


THE MODEL ESTIMATION TERMINATED NORMALLY



MODEL FIT INFORMATION

Number of Free Parameters                       10

Loglikelihood

          H0 Value                       -3284.597
          H0 Scaling Correction Factor      1.1034
            for MLR

Information Criteria

          Akaike (AIC)                    6589.194
          Bayesian (BIC)                  6629.549
          Sample-Size Adjusted BIC        6597.816
            (n* = (n + 2) / 24)



MODEL RESULTS

                                                    Two-Tailed
                    Estimate       S.E.  Est./S.E.    P-Value

 IA         ON
    AGE_C80           -0.490      0.127     -3.871      0.000
    EDU_C7             0.636      0.149      4.276      0.000

 SA         ON
    AGE_C80            0.022      0.020      1.109      0.268
    EDU_C7            -0.005      0.024     -0.190      0.849

 IA       WITH
    SA                -0.576      0.291     -1.980      0.048

 Intercepts
    A_01               0.000      0.000    999.000    999.000
    A_02               0.000      0.000    999.000    999.000
    A_03               0.000      0.000    999.000    999.000
    A_05               0.000      0.000    999.000    999.000
    IA                13.545      0.525     25.797      0.000
    SA                -0.336      0.070     -4.800      0.000

 Residual Variances
    A_01              10.171      0.712     14.276      0.000
    A_02              10.171      0.712     14.276      0.000
    A_03              10.171      0.712     14.276      0.000
    A_05              10.171      0.712     14.276      0.000
    IA                34.949      2.870     12.179      0.000
    SA                 0.107      0.058      1.854      0.064


QUALITY OF NUMERICAL RESULTS

     Condition Number for the Information Matrix              0.862E-03
       (ratio of smallest to largest eigenvalue)


CONFIDENCE INTERVALS OF MODEL RESULTS

                  Lower .5%  Lower 2.5%    Lower 5%    Estimate    Upper 5%  Upper 2.5%   Upper .5%

 IA       ON
    AGE_C80         -0.816      -0.738      -0.698      -0.490      -0.282      -0.242      -0.164
    EDU_C7           0.253       0.345       0.391       0.636       0.881       0.928       1.019

 SA       ON
    AGE_C80         -0.030      -0.017      -0.011       0.022       0.056       0.062       0.074
    EDU_C7          -0.067      -0.052      -0.044      -0.005       0.035       0.043       0.058

 IA       WITH
    SA              -1.326      -1.147      -1.055      -0.576      -0.097      -0.006       0.174

 Intercepts
    A_01             0.000       0.000       0.000       0.000       0.000       0.000       0.000
    A_02             0.000       0.000       0.000       0.000       0.000       0.000       0.000
    A_03             0.000       0.000       0.000       0.000       0.000       0.000       0.000
    A_05             0.000       0.000       0.000       0.000       0.000       0.000       0.000
    IA              12.192      12.516      12.681      13.545      14.409      14.574      14.897
    SA              -0.517      -0.474      -0.452      -0.336      -0.221      -0.199      -0.156

 Residual Variances
    A_01             8.336       8.775       8.999      10.171      11.343      11.568      12.006
    A_02             8.336       8.775       8.999      10.171      11.343      11.568      12.006
    A_03             8.336       8.775       8.999      10.171      11.343      11.568      12.006
    A_05             8.336       8.775       8.999      10.171      11.343      11.568      12.006
    IA              27.558      29.325      30.229      34.949      39.670      40.574      42.341
    SA              -0.042      -0.006       0.012       0.107       0.202       0.220       0.256


SAMPLE STATISTICS FOR ESTIMATED FACTOR SCORES


     SAMPLE STATISTICS


           Means
              IA            IA_SE         SA            SA_SE
              ________      ________      ________      ________
 1             10.688         2.185        -0.264         0.304


           Covariances
              IA            IA_SE         SA            SA_SE
              ________      ________      ________      ________
 IA            38.484
 IA_SE         -0.696         0.161
 SA            -0.495         0.017         0.021
 SA_SE         -0.029         0.004         0.001         0.000


           Correlations
              IA            IA_SE         SA            SA_SE
              ________      ________      ________      ________
 IA             1.000
 IA_SE         -0.279         1.000
 SA            -0.554         0.297         1.000
 SA_SE         -0.287         0.643         0.225         1.000


RESULTS SAVING INFORMATION

  Order of data

    Parameter estimates
     (saved in order shown in Technical 1 output)
    Standard errors
     (saved in order shown in Technical 1 output)
    H0 Loglikelihood
    H0 Scaling Correction Factor for MLR
    Number of Free Parameters
    Akaike (AIC)
    Bayesian (BIC)
    Sample-Size Adjusted BIC

  Save file
    u1_1235_ae_block_results.dat

  Save file format           Free


PLOT INFORMATION

The following plots are available:

  Histograms (sample values, estimated factor scores)
  Scatterplots (sample values, estimated factor scores)
  Latent variable distribution plots

SAVEDATA INFORMATION


  Save file
    u1_1235_ae_block_fscores.dat

  Order and format of variables

    A_01           F10.3
    A_02           F10.3
    A_03           F10.3
    A_05           F10.3
    AGE_C80        F10.3
    EDU_C7         F10.3
    TIME_01        F10.3
    TIME_02        F10.3
    TIME_03        F10.3
    TIME_05        F10.3
    _WEIGHT        F10.3
    IA             F10.3
    IA_SE          F10.3
    SA             F10.3
    SA_SE          F10.3
    PAIRID         I6

  Save file format
    15F10.3 I6

  Save file record length    10000


     Beginning Time:  11:45:36
        Ending Time:  11:45:37
       Elapsed Time:  00:00:01



MUTHEN & MUTHEN
3463 Stoner Ave.
Los Angeles, CA  90066

Tel: (310) 391-9971
Fax: (310) 391-8971
Web: www.StatModel.com
Support: Support@StatModel.com

Copyright (c) 1998-2014 Muthen & Muthen
