Mplus VERSION 7.3
MUTHEN & MUTHEN
12/17/2016   6:08 PM

INPUT INSTRUCTIONS

  TITLE:
  Script produced from the prototype in ./sandbox/syntax-creator/
  DATA:
  File = wide-dataset.dat ;
  VARIABLE:
  NAMES are
   Case PairID female age_c80 edu_c7 sbp_c167 smoke cardio diabetes dementia_ever
      years_since_bl_01 years_since_bl_02 years_since_bl_03 years_since_bl_04
      years_since_bl_05 pef_01 pef_02 pef_03 pef_04 pef_05 grip_01 grip_02 grip_03
      grip_04 grip_05 gait_01 gait_02 gait_03 gait_04 gait_05 block_01 block_02
      block_03 block_04 block_05 digitspanbackward_01 digitspanbackward_02
      digitspanbackward_03 digitspanbackward_04 digitspanbackward_05
      digitspanforward_01 digitspanforward_02 digitspanforward_03 digitspanforward_04
      digitspanforward_05 symbol_01 symbol_02 symbol_03 symbol_04 symbol_05 prose_01
      prose_02 prose_03 prose_04 prose_05 info_01 info_02 info_03 info_04 info_05
      synonyms_01 synonyms_02 synonyms_03 synonyms_04 synonyms_05 psif_01 psif_02
      psif_03 psif_04 psif_05 figure_01 figure_02 figure_03 figure_04 figure_05
      mirrecall_01 mirrecall_02 mirrecall_03 mirrecall_04 mirrecall_05 mmse_01 mmse_02
      mmse_03 mmse_04 mmse_05 mirnaming_01 mirnaming_02 mirnaming_03 mirnaming_04
      mirnaming_05 mirrecog_01 mirrecog_02 mirrecog_03 mirrecog_04 mirrecog_05
      clock_01 clock_02 clock_03 clock_04 clock_05
  	;
  Missing are all (-9999);
  USEVARIABLES are
  	!define the variables used in the analysis
  	! covariates used in the model
  age_c80	
  	!estimated time points
  time_01
  time_02
  time_03
  	!modelled time points of process (A)
  a_01
  a_02
  a_03
  ;
  TSCORES are
  	!estimated time points
  time_01
  time_02
  time_03;
  CLUSTER = PairID;
  SUBPOPULATION are
  	!select a subset of observations
  dementia_ever NE 1
  ;
  DEFINE:
  	! assign variables to the process (A)
  a_01 = block_01;
  a_02 = block_02;
  a_03 = block_03;
  	!assign variables to time points
  time_01 = years_since_bl_01;
  time_02 = years_since_bl_02;
  time_03 = years_since_bl_03;
  	
  ANALYSIS: TYPE = RANDOM COMPLEX;
  COVERAGE=.00;
  MODEL:
  	!first-level equation
  	! assign process (A) to time points
  ia sa qa | a_01 AT time_01 ;
  ia sa qa | a_02 AT time_02 ;
  ia sa qa | a_03 AT time_03 ;
  	!variance of the first-level terms
  ia (v_ia);
  sa (v_sa);
  qa (v_qa);
  	!covariance among first-level terms
  ia WITH sa (c_iasa);
  ia WITH qa (c_iaqa);
  sa WITH qa (c_saqa);
  	!second-level equation
  ia sa qa ON age_c80;
  	!residual covariance of process (A)
  a_01 (res_a);
  a_02 (res_a);
  a_03 (res_a);	
  SAVEDATA:
  FILE is   u2_123_a_block_fscores.dat;
  SAVE = FSCORES;
  RESULTS are   u2_123_a_block_results.dat;
  	
  OUTPUT: sampstat cinterval;
  PLOT: Type is Plot1 Plot2 Plot3;



*** WARNING
  Data set contains cases with missing on all variables except
  x-variables.  These cases were not included in the analysis.
  Number of cases with missing on all variables except x-variables:  100
   1 WARNING(S) FOUND IN THE INPUT INSTRUCTIONS




Script produced from the prototype in ./sandbox/syntax-creator/

SUMMARY OF ANALYSIS

Number of groups                                                 1
Number of observations                                         420

Number of dependent variables                                    3
Number of independent variables                                  1
Number of continuous latent variables                            3

Observed dependent variables

  Continuous
   A_01        A_02        A_03

Observed independent variables
   AGE_C80

Continuous latent variables
   IA          SA          QA

Variables with special functions

  Cluster variable      PAIRID
  Weight variable       _WEIGHT

  Time scores
   TIME_01     TIME_02     TIME_03


Estimator                                                      MLR
Information matrix                                        OBSERVED
Maximum number of iterations                                   100
Convergence criterion                                    0.100D-05
Maximum number of EM iterations                                500
Convergence criteria for the EM algorithm
  Loglikelihood change                                   0.100D-02
  Relative loglikelihood change                          0.100D-05
  Derivative                                             0.100D-03
Minimum variance                                         0.100D-03
Maximum number of steepest descent iterations                   20
Maximum number of iterations for H1                           2000
Convergence criterion for H1                             0.100D-03
Optimization algorithm                                         EMA

Input data file(s)
  wide-dataset.dat
Input data format  FREE



SAMPLE STATISTICS


     ESTIMATED SAMPLE STATISTICS


           Means
              A_01          A_02          A_03          AGE_C80
              ________      ________      ________      ________
 1             11.976        11.846        11.462         3.132


           Covariances
              A_01          A_02          A_03          AGE_C80
              ________      ________      ________      ________
 A_01          50.846
 A_02          37.658        46.148
 A_03          36.234        38.061        45.096
 AGE_C80       -4.019        -3.932        -3.703         7.580


           Correlations
              A_01          A_02          A_03          AGE_C80
              ________      ________      ________      ________
 A_01           1.000
 A_02           0.777         1.000
 A_03           0.757         0.834         1.000
 AGE_C80       -0.205        -0.210        -0.200         1.000


     MAXIMUM LOG-LIKELIHOOD VALUE FOR THE UNRESTRICTED (H1) MODEL IS -5635.549


UNIVARIATE HIGHER-ORDER MOMENT DESCRIPTIVE STATISTICS


     UNIVARIATE HIGHER-ORDER MOMENT DESCRIPTIVE STATISTICS

         Variable/         Mean/     Skewness/   Minimum/ % with                Percentiles
        Sample Size      Variance    Kurtosis    Maximum  Min/Max      20%/60%    40%/80%    Median

     A_01                 12.141       0.147       0.000   15.86%       3.000      9.000     10.000
             555.000      50.270      -0.482      33.000    0.18%      12.000     17.000
     A_02                 12.631       0.042       0.000   17.82%       3.000      8.000     10.000
             449.000      45.658      -0.560      30.000    0.45%      12.000     17.000
     A_03                 12.690       0.222       0.000   18.80%       3.000      9.000     10.000
             351.000      43.343      -0.214      31.000    0.57%      12.000     17.000
     AGE_C80               3.132       1.067      -0.581    0.17%       0.877      1.805      2.337
             602.000       7.580       0.473      13.313    0.33%       3.168      5.718


THE MODEL ESTIMATION TERMINATED NORMALLY



MODEL FIT INFORMATION

Number of Free Parameters                       13

Loglikelihood

          H0 Value                       -2909.862
          H0 Scaling Correction Factor      0.8977
            for MLR

Information Criteria

          Akaike (AIC)                    5845.724
          Bayesian (BIC)                  5898.248
          Sample-Size Adjusted BIC        5856.995
            (n* = (n + 2) / 24)



MODEL RESULTS

                                                    Two-Tailed
                    Estimate       S.E.  Est./S.E.    P-Value

 IA         ON
    AGE_C80           -0.531      0.134     -3.972      0.000

 SA         ON
    AGE_C80            0.009      0.083      0.106      0.916

 QA         ON
    AGE_C80            0.000      0.019      0.003      0.998

 IA       WITH
    SA                -4.866      1.498     -3.248      0.001
    QA                 0.702      0.309      2.271      0.023

 SA       WITH
    QA                -0.878      0.297     -2.960      0.003

 Intercepts
    A_01               0.000      0.000    999.000    999.000
    A_02               0.000      0.000    999.000    999.000
    A_03               0.000      0.000    999.000    999.000
    IA                13.641      0.572     23.843      0.000
    SA                -0.034      0.312     -0.110      0.912
    QA                -0.029      0.073     -0.396      0.692

 Residual Variances
    A_01               6.455      0.766      8.429      0.000
    A_02               6.455      0.766      8.429      0.000
    A_03               6.455      0.766      8.429      0.000
    IA                42.402      3.204     13.234      0.000
    SA                 5.058      1.529      3.307      0.001
    QA                 0.165      0.059      2.804      0.005


QUALITY OF NUMERICAL RESULTS

     Condition Number for the Information Matrix              0.476E-05
       (ratio of smallest to largest eigenvalue)


CONFIDENCE INTERVALS OF MODEL RESULTS

                  Lower .5%  Lower 2.5%    Lower 5%    Estimate    Upper 5%  Upper 2.5%   Upper .5%

 IA       ON
    AGE_C80         -0.875      -0.793      -0.751      -0.531      -0.311      -0.269      -0.187

 SA       ON
    AGE_C80         -0.205      -0.154      -0.127       0.009       0.145       0.171       0.222

 QA       ON
    AGE_C80         -0.049      -0.037      -0.031       0.000       0.032       0.038       0.049

 IA       WITH
    SA              -8.726      -7.803      -7.331      -4.866      -2.402      -1.930      -1.007
    QA              -0.094       0.096       0.194       0.702       1.211       1.309       1.499

 SA       WITH
    QA              -1.642      -1.459      -1.366      -0.878      -0.390      -0.297      -0.114

 Intercepts
    A_01             0.000       0.000       0.000       0.000       0.000       0.000       0.000
    A_02             0.000       0.000       0.000       0.000       0.000       0.000       0.000
    A_03             0.000       0.000       0.000       0.000       0.000       0.000       0.000
    IA              12.167      12.519      12.700      13.641      14.582      14.762      15.114
    SA              -0.838      -0.646      -0.548      -0.034       0.479       0.577       0.769
    QA              -0.217      -0.172      -0.149      -0.029       0.091       0.114       0.159

 Residual Variances
    A_01             4.482       4.954       5.195       6.455       7.714       7.956       8.427
    A_02             4.482       4.954       5.195       6.455       7.714       7.956       8.427
    A_03             4.482       4.954       5.195       6.455       7.714       7.956       8.427
    IA              34.149      36.122      37.131      42.402      47.672      48.682      50.655
    SA               1.119       2.060       2.542       5.058       7.574       8.055       8.997
    QA               0.013       0.050       0.068       0.165       0.261       0.280       0.316


SAMPLE STATISTICS FOR ESTIMATED FACTOR SCORES


     SAMPLE STATISTICS


           Means
              IA            IA_SE         SA            SA_SE         QA
              ________      ________      ________      ________      ________
 1             10.247         2.249        -0.087         1.843        -0.015


           Means
              QA_SE
              ________
 1              0.349


           Covariances
              IA            IA_SE         SA            SA_SE         QA
              ________      ________      ________      ________      ________
 IA            44.121
 IA_SE         -0.740         0.178
 SA            -2.561         0.009         1.737
 SA_SE         -0.424         0.067         0.037         0.044
 QA             0.329         0.000        -0.273        -0.005         0.044
 QA_SE         -0.058         0.009         0.005         0.006        -0.001


           Covariances
              QA_SE
              ________
 QA_SE          0.001


           Correlations
              IA            IA_SE         SA            SA_SE         QA
              ________      ________      ________      ________      ________
 IA             1.000
 IA_SE         -0.264         1.000
 SA            -0.293         0.017         1.000
 SA_SE         -0.305         0.760         0.135         1.000
 QA             0.235        -0.005        -0.985        -0.115         1.000
 QA_SE         -0.288         0.715         0.138         0.991        -0.118


           Correlations
              QA_SE
              ________
 QA_SE          1.000


RESULTS SAVING INFORMATION

  Order of data

    Parameter estimates
     (saved in order shown in Technical 1 output)
    Standard errors
     (saved in order shown in Technical 1 output)
    H0 Loglikelihood
    H0 Scaling Correction Factor for MLR
    Number of Free Parameters
    Akaike (AIC)
    Bayesian (BIC)
    Sample-Size Adjusted BIC

  Save file
    u2_123_a_block_results.dat

  Save file format           Free


PLOT INFORMATION

The following plots are available:

  Histograms (sample values, estimated factor scores)
  Scatterplots (sample values, estimated factor scores)
  Latent variable distribution plots

SAVEDATA INFORMATION


  Save file
    u2_123_a_block_fscores.dat

  Order and format of variables

    A_01           F10.3
    A_02           F10.3
    A_03           F10.3
    AGE_C80        F10.3
    TIME_01        F10.3
    TIME_02        F10.3
    TIME_03        F10.3
    _WEIGHT        F10.3
    IA             F10.3
    IA_SE          F10.3
    SA             F10.3
    SA_SE          F10.3
    QA             F10.3
    QA_SE          F10.3
    PAIRID         I6

  Save file format
    14F10.3 I6

  Save file record length    10000


     Beginning Time:  18:08:46
        Ending Time:  18:08:50
       Elapsed Time:  00:00:04



MUTHEN & MUTHEN
3463 Stoner Ave.
Los Angeles, CA  90066

Tel: (310) 391-9971
Fax: (310) 391-8971
Web: www.StatModel.com
Support: Support@StatModel.com

Copyright (c) 1998-2014 Muthen & Muthen
