Mplus VERSION 7.3
MUTHEN & MUTHEN
12/17/2016   6:08 PM

INPUT INSTRUCTIONS

  TITLE:
  Script produced from the prototype in ./sandbox/syntax-creator/
  DATA:
  File = wide-dataset.dat ;
  VARIABLE:
  NAMES are
   Case PairID female age_c80 edu_c7 sbp_c167 smoke cardio diabetes dementia_ever
      years_since_bl_01 years_since_bl_02 years_since_bl_03 years_since_bl_04
      years_since_bl_05 pef_01 pef_02 pef_03 pef_04 pef_05 grip_01 grip_02 grip_03
      grip_04 grip_05 gait_01 gait_02 gait_03 gait_04 gait_05 block_01 block_02
      block_03 block_04 block_05 digitspanbackward_01 digitspanbackward_02
      digitspanbackward_03 digitspanbackward_04 digitspanbackward_05
      digitspanforward_01 digitspanforward_02 digitspanforward_03 digitspanforward_04
      digitspanforward_05 symbol_01 symbol_02 symbol_03 symbol_04 symbol_05 prose_01
      prose_02 prose_03 prose_04 prose_05 info_01 info_02 info_03 info_04 info_05
      synonyms_01 synonyms_02 synonyms_03 synonyms_04 synonyms_05 psif_01 psif_02
      psif_03 psif_04 psif_05 figure_01 figure_02 figure_03 figure_04 figure_05
      mirrecall_01 mirrecall_02 mirrecall_03 mirrecall_04 mirrecall_05 mmse_01 mmse_02
      mmse_03 mmse_04 mmse_05 mirnaming_01 mirnaming_02 mirnaming_03 mirnaming_04
      mirnaming_05 mirrecog_01 mirrecog_02 mirrecog_03 mirrecog_04 mirrecog_05
      clock_01 clock_02 clock_03 clock_04 clock_05
  	;
  Missing are all (-9999);
  USEVARIABLES are
  	!define the variables used in the analysis
  	! covariates used in the model
  age_c80
  edu_c7	
  	!estimated time points
  time_01
  time_02
  time_03
  	!modelled time points of process (A)
  a_01
  a_02
  a_03
  ;
  TSCORES are
  	!estimated time points
  time_01
  time_02
  time_03;
  CLUSTER = PairID;
  SUBPOPULATION are
  	!select a subset of observations
  dementia_ever NE 1
  ;
  DEFINE:
  	! assign variables to the process (A)
  a_01 = block_01;
  a_02 = block_02;
  a_03 = block_03;
  	!assign variables to time points
  time_01 = years_since_bl_01;
  time_02 = years_since_bl_02;
  time_03 = years_since_bl_03;
  	
  ANALYSIS: TYPE = RANDOM COMPLEX;
  COVERAGE=.00;
  MODEL:
  	!first-level equation
  	! assign process (A) to time points
  ia sa qa | a_01 AT time_01 ;
  ia sa qa | a_02 AT time_02 ;
  ia sa qa | a_03 AT time_03 ;
  	!variance of the first-level terms
  ia (v_ia);
  sa (v_sa);
  qa (v_qa);
  	!covariance among first-level terms
  ia WITH sa (c_iasa);
  ia WITH qa (c_iaqa);
  sa WITH qa (c_saqa);
  	!second-level equation
  ia sa qa ON age_c80
  edu_c7;
  	!residual covariance of process (A)
  a_01 (res_a);
  a_02 (res_a);
  a_03 (res_a);	
  SAVEDATA:
  FILE is   u2_123_ae_block_fscores.dat;
  SAVE = FSCORES;
  RESULTS are   u2_123_ae_block_results.dat;
  	
  OUTPUT: sampstat cinterval;
  PLOT: Type is Plot1 Plot2 Plot3;



*** WARNING
  Data set contains cases with missing on x-variables.
  These cases were not included in the analysis.
  Number of cases with missing on x-variables:  46
*** WARNING
  Data set contains cases with missing on all variables except
  x-variables.  These cases were not included in the analysis.
  Number of cases with missing on all variables except x-variables:  73
   2 WARNING(S) FOUND IN THE INPUT INSTRUCTIONS




Script produced from the prototype in ./sandbox/syntax-creator/

SUMMARY OF ANALYSIS

Number of groups                                                 1
Number of observations                                         418

Number of dependent variables                                    3
Number of independent variables                                  2
Number of continuous latent variables                            3

Observed dependent variables

  Continuous
   A_01        A_02        A_03

Observed independent variables
   AGE_C80     EDU_C7

Continuous latent variables
   IA          SA          QA

Variables with special functions

  Cluster variable      PAIRID
  Weight variable       _WEIGHT

  Time scores
   TIME_01     TIME_02     TIME_03


Estimator                                                      MLR
Information matrix                                        OBSERVED
Maximum number of iterations                                   100
Convergence criterion                                    0.100D-05
Maximum number of EM iterations                                500
Convergence criteria for the EM algorithm
  Loglikelihood change                                   0.100D-02
  Relative loglikelihood change                          0.100D-05
  Derivative                                             0.100D-03
Minimum variance                                         0.100D-03
Maximum number of steepest descent iterations                   20
Maximum number of iterations for H1                           2000
Convergence criterion for H1                             0.100D-03
Optimization algorithm                                         EMA

Input data file(s)
  wide-dataset.dat
Input data format  FREE



SAMPLE STATISTICS


     ESTIMATED SAMPLE STATISTICS


           Means
              A_01          A_02          A_03          AGE_C80       EDU_C7
              ________      ________      ________      ________      ________
 1             12.016        11.907        11.523         3.123         0.333


           Covariances
              A_01          A_02          A_03          AGE_C80       EDU_C7
              ________      ________      ________      ________      ________
 A_01          50.626
 A_02          37.270        45.830
 A_03          35.896        37.711        44.681
 AGE_C80       -3.968        -3.871        -3.640         7.587
 EDU_C7         3.929         4.968         4.008        -0.660         6.131


           Correlations
              A_01          A_02          A_03          AGE_C80       EDU_C7
              ________      ________      ________      ________      ________
 A_01           1.000
 A_02           0.774         1.000
 A_03           0.755         0.833         1.000
 AGE_C80       -0.202        -0.208        -0.198         1.000
 EDU_C7         0.223         0.296         0.242        -0.097         1.000


     MAXIMUM LOG-LIKELIHOOD VALUE FOR THE UNRESTRICTED (H1) MODEL IS -6795.473


UNIVARIATE HIGHER-ORDER MOMENT DESCRIPTIVE STATISTICS


     UNIVARIATE HIGHER-ORDER MOMENT DESCRIPTIVE STATISTICS

         Variable/         Mean/     Skewness/   Minimum/ % with                Percentiles
        Sample Size      Variance    Kurtosis    Maximum  Min/Max      20%/60%    40%/80%    Median

     A_01                 12.141       0.147       0.000   13.84%       3.000      9.000     10.000
             542.000      50.270      -0.482      33.000    0.18%      13.000     17.000
     A_02                 12.704       0.042       0.000   15.79%       3.000      9.000     10.000
             437.000      45.123      -0.543      30.000    0.46%      13.000     17.000
     A_03                 12.741       0.233       0.000   16.91%       3.000      9.000     10.000
             343.000      42.864      -0.205      31.000    0.58%      12.000     17.000
     AGE_C80               3.123       1.076      -0.581    0.17%       0.874      1.711      2.316
             583.000       7.587       0.491      13.313    0.34%       3.098      5.679
     EDU_C7                0.333       2.188      -7.000    0.17%      -1.000     -1.000     -1.000
             583.000       6.131       7.303      16.000    0.17%       0.000      1.000


THE MODEL ESTIMATION TERMINATED NORMALLY



MODEL FIT INFORMATION

Number of Free Parameters                       16

Loglikelihood

          H0 Value                       -2884.913
          H0 Scaling Correction Factor      0.9112
            for MLR

Information Criteria

          Akaike (AIC)                    5801.825
          Bayesian (BIC)                  5866.393
          Sample-Size Adjusted BIC        5815.621
            (n* = (n + 2) / 24)



MODEL RESULTS

                                                    Two-Tailed
                    Estimate       S.E.  Est./S.E.    P-Value

 IA         ON
    AGE_C80           -0.472      0.129     -3.648      0.000
    EDU_C7             0.592      0.155      3.809      0.000

 SA         ON
    AGE_C80            0.023      0.083      0.278      0.781
    EDU_C7             0.159      0.075      2.104      0.035

 QA         ON
    AGE_C80           -0.003      0.019     -0.175      0.861
    EDU_C7            -0.038      0.017     -2.278      0.023

 IA       WITH
    SA                -5.626      1.488     -3.781      0.000
    QA                 0.867      0.307      2.824      0.005

 SA       WITH
    QA                -0.916      0.302     -3.030      0.002

 Intercepts
    A_01               0.000      0.000    999.000    999.000
    A_02               0.000      0.000    999.000    999.000
    A_03               0.000      0.000    999.000    999.000
    IA                13.295      0.543     24.507      0.000
    SA                -0.120      0.318     -0.378      0.706
    QA                -0.007      0.073     -0.096      0.923

 Residual Variances
    A_01               6.322      0.757      8.352      0.000
    A_02               6.322      0.757      8.352      0.000
    A_03               6.322      0.757      8.352      0.000
    IA                40.228      3.036     13.251      0.000
    SA                 5.260      1.545      3.405      0.001
    QA                 0.173      0.061      2.851      0.004


QUALITY OF NUMERICAL RESULTS

     Condition Number for the Information Matrix              0.677E-05
       (ratio of smallest to largest eigenvalue)


CONFIDENCE INTERVALS OF MODEL RESULTS

                  Lower .5%  Lower 2.5%    Lower 5%    Estimate    Upper 5%  Upper 2.5%   Upper .5%

 IA       ON
    AGE_C80         -0.806      -0.726      -0.685      -0.472      -0.259      -0.219      -0.139
    EDU_C7           0.192       0.288       0.337       0.592       0.848       0.897       0.993

 SA       ON
    AGE_C80         -0.191      -0.140      -0.114       0.023       0.160       0.186       0.237
    EDU_C7          -0.036       0.011       0.035       0.159       0.283       0.307       0.353

 QA       ON
    AGE_C80         -0.052      -0.041      -0.035      -0.003       0.028       0.034       0.046
    EDU_C7          -0.081      -0.071      -0.065      -0.038      -0.011      -0.005       0.005

 IA       WITH
    SA              -9.458      -8.542      -8.073      -5.626      -3.178      -2.710      -1.793
    QA               0.076       0.265       0.362       0.867       1.373       1.470       1.659

 SA       WITH
    QA              -1.696      -1.509      -1.414      -0.916      -0.419      -0.324      -0.137

 Intercepts
    A_01             0.000       0.000       0.000       0.000       0.000       0.000       0.000
    A_02             0.000       0.000       0.000       0.000       0.000       0.000       0.000
    A_03             0.000       0.000       0.000       0.000       0.000       0.000       0.000
    IA              11.898      12.232      12.403      13.295      14.188      14.359      14.693
    SA              -0.938      -0.742      -0.642      -0.120       0.402       0.502       0.698
    QA              -0.196      -0.151      -0.128      -0.007       0.114       0.137       0.182

 Residual Variances
    A_01             4.373       4.839       5.077       6.322       7.568       7.806       8.272
    A_02             4.373       4.839       5.077       6.322       7.568       7.806       8.272
    A_03             4.373       4.839       5.077       6.322       7.568       7.806       8.272
    IA              32.408      34.277      35.234      40.228      45.222      46.178      48.048
    SA               1.281       2.232       2.718       5.260       7.801       8.287       9.239
    QA               0.017       0.054       0.073       0.173       0.272       0.291       0.329


SAMPLE STATISTICS FOR ESTIMATED FACTOR SCORES


     SAMPLE STATISTICS


           Means
              IA            IA_SE         SA            SA_SE         QA
              ________      ________      ________      ________      ________
 1             10.538         2.228        -0.089         1.850        -0.015


           Means
              QA_SE
              ________
 1              0.353


           Covariances
              IA            IA_SE         SA            SA_SE         QA
              ________      ________      ________      ________      ________
 IA            43.021
 IA_SE         -0.668         0.173
 SA            -2.707         0.011         2.092
 SA_SE         -0.396         0.067         0.040         0.044
 QA             0.355        -0.001        -0.343        -0.006         0.058
 QA_SE         -0.054         0.009         0.006         0.006        -0.001


           Covariances
              QA_SE
              ________
 QA_SE          0.001


           Correlations
              IA            IA_SE         SA            SA_SE         QA
              ________      ________      ________      ________      ________
 IA             1.000
 IA_SE         -0.245         1.000
 SA            -0.285         0.018         1.000
 SA_SE         -0.289         0.770         0.134         1.000
 QA             0.224        -0.007        -0.981        -0.115         1.000
 QA_SE         -0.274         0.735         0.133         0.991        -0.114


           Correlations
              QA_SE
              ________
 QA_SE          1.000


RESULTS SAVING INFORMATION

  Order of data

    Parameter estimates
     (saved in order shown in Technical 1 output)
    Standard errors
     (saved in order shown in Technical 1 output)
    H0 Loglikelihood
    H0 Scaling Correction Factor for MLR
    Number of Free Parameters
    Akaike (AIC)
    Bayesian (BIC)
    Sample-Size Adjusted BIC

  Save file
    u2_123_ae_block_results.dat

  Save file format           Free


PLOT INFORMATION

The following plots are available:

  Histograms (sample values, estimated factor scores)
  Scatterplots (sample values, estimated factor scores)
  Latent variable distribution plots

SAVEDATA INFORMATION


  Save file
    u2_123_ae_block_fscores.dat

  Order and format of variables

    A_01           F10.3
    A_02           F10.3
    A_03           F10.3
    AGE_C80        F10.3
    EDU_C7         F10.3
    TIME_01        F10.3
    TIME_02        F10.3
    TIME_03        F10.3
    _WEIGHT        F10.3
    IA             F10.3
    IA_SE          F10.3
    SA             F10.3
    SA_SE          F10.3
    QA             F10.3
    QA_SE          F10.3
    PAIRID         I6

  Save file format
    15F10.3 I6

  Save file record length    10000


     Beginning Time:  18:08:50
        Ending Time:  18:08:53
       Elapsed Time:  00:00:03



MUTHEN & MUTHEN
3463 Stoner Ave.
Los Angeles, CA  90066

Tel: (310) 391-9971
Fax: (310) 391-8971
Web: www.StatModel.com
Support: Support@StatModel.com

Copyright (c) 1998-2014 Muthen & Muthen
