Mplus VERSION 7.3
MUTHEN & MUTHEN
12/17/2016   6:13 PM

INPUT INSTRUCTIONS

  TITLE:
  Script produced from the prototype in ./sandbox/syntax-creator/
  DATA:
  File = wide-dataset.dat ;
  VARIABLE:
  NAMES are
   Case PairID female age_c80 edu_c7 sbp_c167 smoke cardio diabetes dementia_ever
      years_since_bl_01 years_since_bl_02 years_since_bl_03 years_since_bl_04
      years_since_bl_05 pef_01 pef_02 pef_03 pef_04 pef_05 grip_01 grip_02 grip_03
      grip_04 grip_05 gait_01 gait_02 gait_03 gait_04 gait_05 block_01 block_02
      block_03 block_04 block_05 digitspanbackward_01 digitspanbackward_02
      digitspanbackward_03 digitspanbackward_04 digitspanbackward_05
      digitspanforward_01 digitspanforward_02 digitspanforward_03 digitspanforward_04
      digitspanforward_05 symbol_01 symbol_02 symbol_03 symbol_04 symbol_05 prose_01
      prose_02 prose_03 prose_04 prose_05 info_01 info_02 info_03 info_04 info_05
      synonyms_01 synonyms_02 synonyms_03 synonyms_04 synonyms_05 psif_01 psif_02
      psif_03 psif_04 psif_05 figure_01 figure_02 figure_03 figure_04 figure_05
      mirrecall_01 mirrecall_02 mirrecall_03 mirrecall_04 mirrecall_05 mmse_01 mmse_02
      mmse_03 mmse_04 mmse_05 mirnaming_01 mirnaming_02 mirnaming_03 mirnaming_04
      mirnaming_05 mirrecog_01 mirrecog_02 mirrecog_03 mirrecog_04 mirrecog_05
      clock_01 clock_02 clock_03 clock_04 clock_05
  	;
  Missing are all (-9999);
  USEVARIABLES are
  	!define the variables used in the analysis
  	! covariates used in the model
  age_c80
  edu_c7
  female	
  	!estimated time points
  time_01
  time_02
  time_05
  	!modelled time points of process (A)
  a_01
  a_02
  a_05
  ;
  TSCORES are
  	!estimated time points
  time_01
  time_02
  time_05;
  CLUSTER = PairID;
  SUBPOPULATION are
  	!select a subset of observations
  dementia_ever NE 1
  ;
  DEFINE:
  	! assign variables to the process (A)
  a_01 = block_01;
  a_02 = block_02;
  a_05 = block_05;
  	!assign variables to time points
  time_01 = years_since_bl_01;
  time_02 = years_since_bl_02;
  time_05 = years_since_bl_05;
  	
  ANALYSIS: TYPE = RANDOM COMPLEX;
  COVERAGE=.00;
  MODEL:
  	!first-level equation
  	! assign process (A) to time points
  ia sa qa | a_01 AT time_01 ;
  ia sa qa | a_02 AT time_02 ;
  ia sa qa | a_05 AT time_05 ;
  	!variance of the first-level terms
  ia (v_ia);
  sa (v_sa);
  qa (v_qa);
  	!covariance among first-level terms
  ia WITH sa (c_iasa);
  ia WITH qa (c_iaqa);
  sa WITH qa (c_saqa);
  	!second-level equation
  ia sa qa ON age_c80
  edu_c7
  female;
  	!residual covariance of process (A)
  a_01 (res_a);
  a_02 (res_a);
  a_05 (res_a);	
  SAVEDATA:
  FILE is   u2_125_aef_block_fscores.dat;
  SAVE = FSCORES;
  RESULTS are   u2_125_aef_block_results.dat;
  	
  OUTPUT: sampstat cinterval;
  PLOT: Type is Plot1 Plot2 Plot3;



*** WARNING
  Data set contains cases with missing on x-variables.
  These cases were not included in the analysis.
  Number of cases with missing on x-variables:  46
*** WARNING
  Data set contains cases with missing on all variables except
  x-variables.  These cases were not included in the analysis.
  Number of cases with missing on all variables except x-variables:  78
   2 WARNING(S) FOUND IN THE INPUT INSTRUCTIONS




Script produced from the prototype in ./sandbox/syntax-creator/

SUMMARY OF ANALYSIS

Number of groups                                                 1
Number of observations                                         415

Number of dependent variables                                    3
Number of independent variables                                  3
Number of continuous latent variables                            3

Observed dependent variables

  Continuous
   A_01        A_02        A_05

Observed independent variables
   AGE_C80     EDU_C7      FEMALE

Continuous latent variables
   IA          SA          QA

Variables with special functions

  Cluster variable      PAIRID
  Weight variable       _WEIGHT

  Time scores
   TIME_01     TIME_02     TIME_05


Estimator                                                      MLR
Information matrix                                        OBSERVED
Maximum number of iterations                                   100
Convergence criterion                                    0.100D-05
Maximum number of EM iterations                                500
Convergence criteria for the EM algorithm
  Loglikelihood change                                   0.100D-02
  Relative loglikelihood change                          0.100D-05
  Derivative                                             0.100D-03
Minimum variance                                         0.100D-03
Maximum number of steepest descent iterations                   20
Maximum number of iterations for H1                           2000
Convergence criterion for H1                             0.100D-03
Optimization algorithm                                         EMA

Input data file(s)
  wide-dataset.dat
Input data format  FREE



SAMPLE STATISTICS


     ESTIMATED SAMPLE STATISTICS


           Means
              A_01          A_02          A_05          AGE_C80       EDU_C7
              ________      ________      ________      ________      ________
 1             12.053        11.948         9.722         3.122         0.359


           Means
              FEMALE
              ________
 1              0.655


           Covariances
              A_01          A_02          A_05          AGE_C80       EDU_C7
              ________      ________      ________      ________      ________
 A_01          50.641
 A_02          37.469        46.047
 A_05          36.500        35.796        49.347
 AGE_C80       -4.018        -3.904        -3.317         7.579
 EDU_C7         3.885         4.681         3.203        -0.652         6.057
 FEMALE         0.128         0.152         0.205         0.082        -0.134


           Covariances
              FEMALE
              ________
 FEMALE         0.226


           Correlations
              A_01          A_02          A_05          AGE_C80       EDU_C7
              ________      ________      ________      ________      ________
 A_01           1.000
 A_02           0.776         1.000
 A_05           0.730         0.751         1.000
 AGE_C80       -0.205        -0.209        -0.171         1.000
 EDU_C7         0.222         0.280         0.185        -0.096         1.000
 FEMALE         0.038         0.047         0.061         0.063        -0.115


           Correlations
              FEMALE
              ________
 FEMALE         1.000


     MAXIMUM LOG-LIKELIHOOD VALUE FOR THE UNRESTRICTED (H1) MODEL IS -6758.854


UNIVARIATE HIGHER-ORDER MOMENT DESCRIPTIVE STATISTICS


     UNIVARIATE HIGHER-ORDER MOMENT DESCRIPTIVE STATISTICS

         Variable/         Mean/     Skewness/   Minimum/ % with                Percentiles
        Sample Size      Variance    Kurtosis    Maximum  Min/Max      20%/60%    40%/80%    Median

     A_01                 12.141       0.147       0.000   13.84%       3.000      9.000     10.000
             542.000      50.270      -0.482      33.000    0.18%      13.000     17.000
     A_02                 12.704       0.042       0.000   15.79%       3.000      9.000     10.000
             437.000      45.123      -0.543      30.000    0.46%      13.000     17.000
     A_05                 11.381       0.105       0.000   19.16%       3.000      7.000      9.000
             167.000      46.878      -0.885      25.000    1.80%      12.000     17.000
     AGE_C80               3.122       1.079      -0.581    0.17%       0.866      1.711      2.314
             578.000       7.579       0.510      13.313    0.35%       3.098      5.679
     EDU_C7                0.359       2.251      -7.000    0.17%      -1.000     -1.000     -1.000
             578.000       6.057       7.460      16.000    0.17%       0.000      1.000
     FEMALE                0.655      -0.654       0.000   34.08%       0.000      1.000      1.000
             578.000       0.226      -1.572       1.000   65.92%       1.000      1.000


THE MODEL ESTIMATION TERMINATED NORMALLY



MODEL FIT INFORMATION

Number of Free Parameters                       19

Loglikelihood

          H0 Value                       -2606.411
          H0 Scaling Correction Factor      0.9419
            for MLR

Information Criteria

          Akaike (AIC)                    5250.822
          Bayesian (BIC)                  5327.360
          Sample-Size Adjusted BIC        5267.068
            (n* = (n + 2) / 24)



MODEL RESULTS

                                                    Two-Tailed
                    Estimate       S.E.  Est./S.E.    P-Value

 IA         ON
    AGE_C80           -0.489      0.129     -3.789      0.000
    EDU_C7             0.615      0.156      3.935      0.000
    FEMALE             1.110      0.789      1.406      0.160

 SA         ON
    AGE_C80            0.013      0.063      0.200      0.842
    EDU_C7             0.092      0.058      1.570      0.116
    FEMALE             0.091      0.310      0.293      0.770

 QA         ON
    AGE_C80            0.000      0.008     -0.052      0.959
    EDU_C7            -0.013      0.009     -1.505      0.132
    FEMALE            -0.007      0.038     -0.194      0.846

 IA       WITH
    SA                -4.625      1.701     -2.720      0.007
    QA                 0.458      0.188      2.432      0.015

 SA       WITH
    QA                -0.395      0.203     -1.948      0.051

 Intercepts
    A_01               0.000      0.000    999.000    999.000
    A_02               0.000      0.000    999.000    999.000
    A_05               0.000      0.000    999.000    999.000
    IA                12.638      0.778     16.247      0.000
    SA                -0.116      0.295     -0.393      0.695
    QA                -0.027      0.036     -0.762      0.446

 Residual Variances
    A_01               6.161      2.034      3.029      0.002
    A_02               6.161      2.034      3.029      0.002
    A_05               6.161      2.034      3.029      0.002
    IA                40.046      3.694     10.840      0.000
    SA                 3.637      1.805      2.015      0.044
    QA                 0.046      0.023      1.969      0.049


QUALITY OF NUMERICAL RESULTS

     Condition Number for the Information Matrix              0.522E-07
       (ratio of smallest to largest eigenvalue)


CONFIDENCE INTERVALS OF MODEL RESULTS

                  Lower .5%  Lower 2.5%    Lower 5%    Estimate    Upper 5%  Upper 2.5%   Upper .5%

 IA       ON
    AGE_C80         -0.822      -0.742      -0.702      -0.489      -0.277      -0.236      -0.157
    EDU_C7           0.213       0.309       0.358       0.615       0.872       0.922       1.018
    FEMALE          -0.923      -0.437      -0.189       1.110       2.408       2.657       3.143

 SA       ON
    AGE_C80         -0.151      -0.112      -0.092       0.013       0.117       0.137       0.176
    EDU_C7          -0.059      -0.023      -0.004       0.092       0.188       0.206       0.242
    FEMALE          -0.708      -0.517      -0.419       0.091       0.601       0.699       0.890

 QA       ON
    AGE_C80         -0.021      -0.016      -0.014       0.000       0.013       0.015       0.020
    EDU_C7          -0.035      -0.030      -0.027      -0.013       0.001       0.004       0.009
    FEMALE          -0.106      -0.083      -0.070      -0.007       0.056       0.068       0.091

 IA       WITH
    SA              -9.006      -7.958      -7.423      -4.625      -1.828      -1.292      -0.245
    QA              -0.027       0.089       0.148       0.458       0.768       0.828       0.944

 SA       WITH
    QA              -0.918      -0.793      -0.729      -0.395      -0.061       0.002       0.127

 Intercepts
    A_01             0.000       0.000       0.000       0.000       0.000       0.000       0.000
    A_02             0.000       0.000       0.000       0.000       0.000       0.000       0.000
    A_05             0.000       0.000       0.000       0.000       0.000       0.000       0.000
    IA              10.635      11.114      11.359      12.638      13.918      14.163      14.642
    SA              -0.877      -0.695      -0.602      -0.116       0.370       0.463       0.645
    QA              -0.119      -0.097      -0.086      -0.027       0.031       0.043       0.065

 Residual Variances
    A_01             0.923       2.175       2.816       6.161       9.507      10.147      11.400
    A_02             0.923       2.175       2.816       6.161       9.507      10.147      11.400
    A_05             0.923       2.175       2.816       6.161       9.507      10.147      11.400
    IA              30.530      32.805      33.969      40.046      46.123      47.287      49.561
    SA              -1.013       0.099       0.668       3.637       6.607       7.176       8.287
    QA              -0.014       0.000       0.008       0.046       0.084       0.091       0.105


SAMPLE STATISTICS FOR ESTIMATED FACTOR SCORES


     SAMPLE STATISTICS


           Means
              IA            IA_SE         SA            SA_SE         QA
              ________      ________      ________      ________      ________
 1             10.628         2.209        -0.033         1.546        -0.032


           Means
              QA_SE
              ________
 1              0.177


           Covariances
              IA            IA_SE         SA            SA_SE         QA
              ________      ________      ________      ________      ________
 IA            42.900
 IA_SE         -0.612         0.164
 SA            -2.457         0.005         1.337
 SA_SE         -0.299         0.051         0.028         0.030
 QA             0.214         0.000        -0.142        -0.003         0.016
 QA_SE         -0.032         0.005         0.003         0.003         0.000


           Covariances
              QA_SE
              ________
 QA_SE          0.000


           Correlations
              IA            IA_SE         SA            SA_SE         QA
              ________      ________      ________      ________      ________
 IA             1.000
 IA_SE         -0.231         1.000
 SA            -0.324         0.010         1.000
 SA_SE         -0.264         0.723         0.140         1.000
 QA             0.261         0.006        -0.982        -0.121         1.000
 QA_SE         -0.266         0.684         0.129         0.992        -0.110


           Correlations
              QA_SE
              ________
 QA_SE          1.000


RESULTS SAVING INFORMATION

  Order of data

    Parameter estimates
     (saved in order shown in Technical 1 output)
    Standard errors
     (saved in order shown in Technical 1 output)
    H0 Loglikelihood
    H0 Scaling Correction Factor for MLR
    Number of Free Parameters
    Akaike (AIC)
    Bayesian (BIC)
    Sample-Size Adjusted BIC

  Save file
    u2_125_aef_block_results.dat

  Save file format           Free


PLOT INFORMATION

The following plots are available:

  Histograms (sample values, estimated factor scores)
  Scatterplots (sample values, estimated factor scores)
  Latent variable distribution plots

SAVEDATA INFORMATION


  Save file
    u2_125_aef_block_fscores.dat

  Order and format of variables

    A_01           F10.3
    A_02           F10.3
    A_05           F10.3
    AGE_C80        F10.3
    EDU_C7         F10.3
    FEMALE         F10.3
    TIME_01        F10.3
    TIME_02        F10.3
    TIME_05        F10.3
    _WEIGHT        F10.3
    IA             F10.3
    IA_SE          F10.3
    SA             F10.3
    SA_SE          F10.3
    QA             F10.3
    QA_SE          F10.3
    PAIRID         I6

  Save file format
    16F10.3 I6

  Save file record length    10000


     Beginning Time:  18:13:55
        Ending Time:  18:13:57
       Elapsed Time:  00:00:02



MUTHEN & MUTHEN
3463 Stoner Ave.
Los Angeles, CA  90066

Tel: (310) 391-9971
Fax: (310) 391-8971
Web: www.StatModel.com
Support: Support@StatModel.com

Copyright (c) 1998-2014 Muthen & Muthen
