Mplus VERSION 7.3
MUTHEN & MUTHEN
12/17/2016  12:01 PM

INPUT INSTRUCTIONS

  TITLE:
  Script produced from the prototype in ./sandbox/syntax-creator/
  DATA:
  File = wide-dataset.dat ;
  VARIABLE:
  NAMES are
   Case PairID female age_c80 edu_c7 sbp_c167 smoke cardio diabetes dementia_ever
      years_since_bl_01 years_since_bl_02 years_since_bl_03 years_since_bl_04
      years_since_bl_05 pef_01 pef_02 pef_03 pef_04 pef_05 grip_01 grip_02 grip_03
      grip_04 grip_05 gait_01 gait_02 gait_03 gait_04 gait_05 block_01 block_02
      block_03 block_04 block_05 digitspanbackward_01 digitspanbackward_02
      digitspanbackward_03 digitspanbackward_04 digitspanbackward_05
      digitspanforward_01 digitspanforward_02 digitspanforward_03 digitspanforward_04
      digitspanforward_05 symbol_01 symbol_02 symbol_03 symbol_04 symbol_05 prose_01
      prose_02 prose_03 prose_04 prose_05 info_01 info_02 info_03 info_04 info_05
      synonyms_01 synonyms_02 synonyms_03 synonyms_04 synonyms_05 psif_01 psif_02
      psif_03 psif_04 psif_05 figure_01 figure_02 figure_03 figure_04 figure_05
      mirrecall_01 mirrecall_02 mirrecall_03 mirrecall_04 mirrecall_05 mmse_01 mmse_02
      mmse_03 mmse_04 mmse_05 mirnaming_01 mirnaming_02 mirnaming_03 mirnaming_04
      mirnaming_05 mirrecog_01 mirrecog_02 mirrecog_03 mirrecog_04 mirrecog_05
      clock_01 clock_02 clock_03 clock_04 clock_05
  	;
  Missing are all (-9999);
  USEVARIABLES are
  	!define the variables used in the analysis
  	! covariates used in the model
  age_c80
  edu_c7
  female	
  	!estimated time points
  time_01
  time_02
  time_03
  time_05
  	!modelled time points of process (A)
  a_01
  a_02
  a_03
  a_05
  ;
  TSCORES are
  	!estimated time points
  time_01
  time_02
  time_03
  time_05;
  CLUSTER = PairID;
  SUBPOPULATION are
  	!select a subset of observations
  dementia_ever NE 1
  ;
  DEFINE:
  	! assign variables to the process (A)
  a_01 = block_01;
  a_02 = block_02;
  a_03 = block_03;
  a_05 = block_05;
  	!assign variables to time points
  time_01 = years_since_bl_01;
  time_02 = years_since_bl_02;
  time_03 = years_since_bl_03;
  time_05 = years_since_bl_05;
  	
  ANALYSIS: TYPE = RANDOM COMPLEX;
  COVERAGE=.00;
  MODEL:
  	!first-level equation
  	! assign process (A) to time points
  ia sa qa | a_01 AT time_01 ;
  ia sa qa | a_02 AT time_02 ;
  ia sa qa | a_03 AT time_03 ;
  ia sa qa | a_05 AT time_05 ;
  	!variance of the first-level terms
  ia (v_ia);
  sa (v_sa);
  qa (v_qa);
  	!covariance among first-level terms
  ia WITH sa (c_iasa);
  ia WITH qa (c_iaqa);
  sa WITH qa (c_saqa);
  	!second-level equation
  ia sa qa ON age_c80
  edu_c7
  female;
  	!residual covariance of process (A)
  a_01 (res_a);
  a_02 (res_a);
  a_03 (res_a);
  a_05 (res_a);	
  SAVEDATA:
  FILE is   u2_1235_aef_block_fscores.dat;
  SAVE = FSCORES;
  RESULTS are   u2_1235_aef_block_results.dat;
  	
  OUTPUT: sampstat cinterval;
  PLOT: Type is Plot1 Plot2 Plot3;



*** WARNING
  Data set contains cases with missing on x-variables.
  These cases were not included in the analysis.
  Number of cases with missing on x-variables:  46
*** WARNING
  Data set contains cases with missing on all variables except
  x-variables.  These cases were not included in the analysis.
  Number of cases with missing on all variables except x-variables:  73
   2 WARNING(S) FOUND IN THE INPUT INSTRUCTIONS




Script produced from the prototype in ./sandbox/syntax-creator/

SUMMARY OF ANALYSIS

Number of groups                                                 1
Number of observations                                         418

Number of dependent variables                                    4
Number of independent variables                                  3
Number of continuous latent variables                            3

Observed dependent variables

  Continuous
   A_01        A_02        A_03        A_05

Observed independent variables
   AGE_C80     EDU_C7      FEMALE

Continuous latent variables
   IA          SA          QA

Variables with special functions

  Cluster variable      PAIRID
  Weight variable       _WEIGHT

  Time scores
   TIME_01     TIME_02     TIME_03     TIME_05


Estimator                                                      MLR
Information matrix                                        OBSERVED
Maximum number of iterations                                   100
Convergence criterion                                    0.100D-05
Maximum number of EM iterations                                500
Convergence criteria for the EM algorithm
  Loglikelihood change                                   0.100D-02
  Relative loglikelihood change                          0.100D-05
  Derivative                                             0.100D-03
Minimum variance                                         0.100D-03
Maximum number of steepest descent iterations                   20
Maximum number of iterations for H1                           2000
Convergence criterion for H1                             0.100D-03
Optimization algorithm                                         EMA

Input data file(s)
  wide-dataset.dat
Input data format  FREE



SAMPLE STATISTICS


     ESTIMATED SAMPLE STATISTICS


           Means
              A_01          A_02          A_03          A_05          AGE_C80
              ________      ________      ________      ________      ________
 1             12.017        11.906        11.522         9.498         3.123


           Means
              EDU_C7        FEMALE
              ________      ________
 1              0.333         0.653


           Covariances
              A_01          A_02          A_03          A_05          AGE_C80
              ________      ________      ________      ________      ________
 A_01          50.612
 A_02          37.323        45.923
 A_03          36.030        37.854        44.861
 A_05          36.251        35.832        34.802        49.350
 AGE_C80       -3.967        -3.894        -3.637        -3.036         7.587
 EDU_C7         3.926         4.973         4.017         3.274        -0.660
 FEMALE         0.141         0.154         0.277         0.215         0.077


           Covariances
              EDU_C7        FEMALE
              ________      ________
 EDU_C7         6.131
 FEMALE        -0.129         0.227


           Correlations
              A_01          A_02          A_03          A_05          AGE_C80
              ________      ________      ________      ________      ________
 A_01           1.000
 A_02           0.774         1.000
 A_03           0.756         0.834         1.000
 A_05           0.725         0.753         0.740         1.000
 AGE_C80       -0.202        -0.209        -0.197        -0.157         1.000
 EDU_C7         0.223         0.296         0.242         0.188        -0.097
 FEMALE         0.042         0.048         0.087         0.064         0.058


           Correlations
              EDU_C7        FEMALE
              ________      ________
 EDU_C7         1.000
 FEMALE        -0.109         1.000


     MAXIMUM LOG-LIKELIHOOD VALUE FOR THE UNRESTRICTED (H1) MODEL IS -7716.544


UNIVARIATE HIGHER-ORDER MOMENT DESCRIPTIVE STATISTICS


     UNIVARIATE HIGHER-ORDER MOMENT DESCRIPTIVE STATISTICS

         Variable/         Mean/     Skewness/   Minimum/ % with                Percentiles
        Sample Size      Variance    Kurtosis    Maximum  Min/Max      20%/60%    40%/80%    Median

     A_01                 12.141       0.147       0.000   13.84%       3.000      9.000     10.000
             542.000      50.270      -0.482      33.000    0.18%      13.000     17.000
     A_02                 12.704       0.042       0.000   15.79%       3.000      9.000     10.000
             437.000      45.123      -0.543      30.000    0.46%      13.000     17.000
     A_03                 12.741       0.233       0.000   16.91%       3.000      9.000     10.000
             343.000      42.864      -0.205      31.000    0.58%      12.000     17.000
     A_05                 11.381       0.105       0.000   19.16%       3.000      7.000      9.000
             167.000      46.878      -0.885      25.000    1.80%      12.000     17.000
     AGE_C80               3.123       1.076      -0.581    0.17%       0.874      1.711      2.316
             583.000       7.587       0.491      13.313    0.34%       3.098      5.679
     EDU_C7                0.333       2.188      -7.000    0.17%      -1.000     -1.000     -1.000
             583.000       6.131       7.303      16.000    0.17%       0.000      1.000
     FEMALE                0.653      -0.643       0.000   34.31%       0.000      1.000      1.000
             583.000       0.227      -1.586       1.000   65.69%       1.000      1.000


THE MODEL ESTIMATION TERMINATED NORMALLY



MODEL FIT INFORMATION

Number of Free Parameters                       19

Loglikelihood

          H0 Value                       -3270.112
          H0 Scaling Correction Factor      1.0189
            for MLR

Information Criteria

          Akaike (AIC)                    6578.225
          Bayesian (BIC)                  6654.899
          Sample-Size Adjusted BIC        6594.606
            (n* = (n + 2) / 24)



MODEL RESULTS

                                                    Two-Tailed
                    Estimate       S.E.  Est./S.E.    P-Value

 IA         ON
    AGE_C80           -0.482      0.128     -3.760      0.000
    EDU_C7             0.629      0.155      4.060      0.000
    FEMALE             1.096      0.776      1.411      0.158

 SA         ON
    AGE_C80            0.010      0.052      0.190      0.849
    EDU_C7             0.060      0.055      1.088      0.277
    FEMALE             0.203      0.238      0.854      0.393

 QA         ON
    AGE_C80            0.001      0.007      0.083      0.934
    EDU_C7            -0.010      0.008     -1.206      0.228
    FEMALE            -0.020      0.032     -0.640      0.522

 IA       WITH
    SA                -3.006      0.997     -3.015      0.003
    QA                 0.299      0.119      2.507      0.012

 SA       WITH
    QA                -0.198      0.061     -3.225      0.001

 Intercepts
    A_01               0.000      0.000    999.000    999.000
    A_02               0.000      0.000    999.000    999.000
    A_03               0.000      0.000    999.000    999.000
    A_05               0.000      0.000    999.000    999.000
    IA                12.589      0.766     16.438      0.000
    SA                -0.124      0.229     -0.542      0.588
    QA                -0.031      0.030     -1.034      0.301

 Residual Variances
    A_01               7.818      0.743     10.520      0.000
    A_02               7.818      0.743     10.520      0.000
    A_03               7.818      0.743     10.520      0.000
    A_05               7.818      0.743     10.520      0.000
    IA                37.968      3.023     12.561      0.000
    SA                 1.755      0.535      3.283      0.001
    QA                 0.025      0.007      3.303      0.001


QUALITY OF NUMERICAL RESULTS

     Condition Number for the Information Matrix              0.227E-06
       (ratio of smallest to largest eigenvalue)


CONFIDENCE INTERVALS OF MODEL RESULTS

                  Lower .5%  Lower 2.5%    Lower 5%    Estimate    Upper 5%  Upper 2.5%   Upper .5%

 IA       ON
    AGE_C80         -0.811      -0.733      -0.692      -0.482      -0.271      -0.231      -0.152
    EDU_C7           0.230       0.325       0.374       0.629       0.884       0.932       1.028
    FEMALE          -0.904      -0.426      -0.181       1.096       2.373       2.617       3.095

 SA       ON
    AGE_C80         -0.124      -0.092      -0.075       0.010       0.095       0.111       0.143
    EDU_C7          -0.082      -0.048      -0.031       0.060       0.150       0.168       0.202
    FEMALE          -0.411      -0.264      -0.189       0.203       0.596       0.671       0.818

 QA       ON
    AGE_C80         -0.018      -0.013      -0.011       0.001       0.012       0.015       0.019
    EDU_C7          -0.031      -0.026      -0.024      -0.010       0.004       0.006       0.011
    FEMALE          -0.102      -0.082      -0.072      -0.020       0.032       0.042       0.061

 IA       WITH
    SA              -5.574      -4.960      -4.646      -3.006      -1.366      -1.052      -0.438
    QA              -0.008       0.065       0.103       0.299       0.496       0.533       0.607

 SA       WITH
    QA              -0.357      -0.319      -0.299      -0.198      -0.097      -0.078      -0.040

 Intercepts
    A_01             0.000       0.000       0.000       0.000       0.000       0.000       0.000
    A_02             0.000       0.000       0.000       0.000       0.000       0.000       0.000
    A_03             0.000       0.000       0.000       0.000       0.000       0.000       0.000
    A_05             0.000       0.000       0.000       0.000       0.000       0.000       0.000
    IA              10.616      11.088      11.329      12.589      13.849      14.090      14.561
    SA              -0.715      -0.574      -0.502      -0.124       0.253       0.325       0.466
    QA              -0.109      -0.090      -0.081      -0.031       0.018       0.028       0.047

 Residual Variances
    A_01             5.903       6.361       6.595       7.818       9.040       9.274       9.732
    A_02             5.903       6.361       6.595       7.818       9.040       9.274       9.732
    A_03             5.903       6.361       6.595       7.818       9.040       9.274       9.732
    A_05             5.903       6.361       6.595       7.818       9.040       9.274       9.732
    IA              30.182      32.043      32.996      37.968      42.940      43.892      45.753
    SA               0.378       0.707       0.875       1.755       2.634       2.802       3.132
    QA               0.005       0.010       0.012       0.025       0.037       0.039       0.044


SAMPLE STATISTICS FOR ESTIMATED FACTOR SCORES


     SAMPLE STATISTICS


           Means
              IA            IA_SE         SA            SA_SE         QA
              ________      ________      ________      ________      ________
 1             10.488         2.244         0.022         1.125        -0.042


           Means
              QA_SE
              ________
 1              0.136


           Covariances
              IA            IA_SE         SA            SA_SE         QA
              ________      ________      ________      ________      ________
 IA            41.177
 IA_SE         -0.660         0.126
 SA            -1.465         0.018         0.561
 SA_SE         -0.184         0.030         0.008         0.009
 QA             0.116        -0.001        -0.061        -0.001         0.007
 QA_SE         -0.023         0.003         0.000         0.001         0.000


           Covariances
              QA_SE
              ________
 QA_SE          0.000


           Correlations
              IA            IA_SE         SA            SA_SE         QA
              ________      ________      ________      ________      ________
 IA             1.000
 IA_SE         -0.290         1.000
 SA            -0.305         0.067         1.000
 SA_SE         -0.300         0.883         0.106         1.000
 QA             0.215        -0.031        -0.970        -0.066         1.000
 QA_SE         -0.303         0.820         0.038         0.954         0.000


           Correlations
              QA_SE
              ________
 QA_SE          1.000


RESULTS SAVING INFORMATION

  Order of data

    Parameter estimates
     (saved in order shown in Technical 1 output)
    Standard errors
     (saved in order shown in Technical 1 output)
    H0 Loglikelihood
    H0 Scaling Correction Factor for MLR
    Number of Free Parameters
    Akaike (AIC)
    Bayesian (BIC)
    Sample-Size Adjusted BIC

  Save file
    u2_1235_aef_block_results.dat

  Save file format           Free


PLOT INFORMATION

The following plots are available:

  Histograms (sample values, estimated factor scores)
  Scatterplots (sample values, estimated factor scores)
  Latent variable distribution plots

SAVEDATA INFORMATION


  Save file
    u2_1235_aef_block_fscores.dat

  Order and format of variables

    A_01           F10.3
    A_02           F10.3
    A_03           F10.3
    A_05           F10.3
    AGE_C80        F10.3
    EDU_C7         F10.3
    FEMALE         F10.3
    TIME_01        F10.3
    TIME_02        F10.3
    TIME_03        F10.3
    TIME_05        F10.3
    _WEIGHT        F10.3
    IA             F10.3
    IA_SE          F10.3
    SA             F10.3
    SA_SE          F10.3
    QA             F10.3
    QA_SE          F10.3
    PAIRID         I6

  Save file format
    18F10.3 I6

  Save file record length    10000


     Beginning Time:  12:01:52
        Ending Time:  12:01:54
       Elapsed Time:  00:00:02



MUTHEN & MUTHEN
3463 Stoner Ave.
Los Angeles, CA  90066

Tel: (310) 391-9971
Fax: (310) 391-8971
Web: www.StatModel.com
Support: Support@StatModel.com

Copyright (c) 1998-2014 Muthen & Muthen
