Mplus VERSION 7.3
MUTHEN & MUTHEN
12/17/2016   6:08 PM

INPUT INSTRUCTIONS

  TITLE:
  Script produced from the prototype in ./sandbox/syntax-creator/
  DATA:
  File = wide-dataset.dat ;
  VARIABLE:
  NAMES are
   Case PairID female age_c80 edu_c7 sbp_c167 smoke cardio diabetes dementia_ever
      years_since_bl_01 years_since_bl_02 years_since_bl_03 years_since_bl_04
      years_since_bl_05 pef_01 pef_02 pef_03 pef_04 pef_05 grip_01 grip_02 grip_03
      grip_04 grip_05 gait_01 gait_02 gait_03 gait_04 gait_05 block_01 block_02
      block_03 block_04 block_05 digitspanbackward_01 digitspanbackward_02
      digitspanbackward_03 digitspanbackward_04 digitspanbackward_05
      digitspanforward_01 digitspanforward_02 digitspanforward_03 digitspanforward_04
      digitspanforward_05 symbol_01 symbol_02 symbol_03 symbol_04 symbol_05 prose_01
      prose_02 prose_03 prose_04 prose_05 info_01 info_02 info_03 info_04 info_05
      synonyms_01 synonyms_02 synonyms_03 synonyms_04 synonyms_05 psif_01 psif_02
      psif_03 psif_04 psif_05 figure_01 figure_02 figure_03 figure_04 figure_05
      mirrecall_01 mirrecall_02 mirrecall_03 mirrecall_04 mirrecall_05 mmse_01 mmse_02
      mmse_03 mmse_04 mmse_05 mirnaming_01 mirnaming_02 mirnaming_03 mirnaming_04
      mirnaming_05 mirrecog_01 mirrecog_02 mirrecog_03 mirrecog_04 mirrecog_05
      clock_01 clock_02 clock_03 clock_04 clock_05
  	;
  Missing are all (-9999);
  USEVARIABLES are
  	!define the variables used in the analysis
  	! covariates used in the model
  age_c80
  edu_c7
  female
  sbp_c167	
  	!estimated time points
  time_01
  time_02
  time_03
  	!modelled time points of process (A)
  a_01
  a_02
  a_03
  ;
  TSCORES are
  	!estimated time points
  time_01
  time_02
  time_03;
  CLUSTER = PairID;
  SUBPOPULATION are
  	!select a subset of observations
  dementia_ever NE 1
  ;
  DEFINE:
  	! assign variables to the process (A)
  a_01 = block_01;
  a_02 = block_02;
  a_03 = block_03;
  	!assign variables to time points
  time_01 = years_since_bl_01;
  time_02 = years_since_bl_02;
  time_03 = years_since_bl_03;
  	
  ANALYSIS: TYPE = RANDOM COMPLEX;
  COVERAGE=.00;
  MODEL:
  	!first-level equation
  	! assign process (A) to time points
  ia sa qa | a_01 AT time_01 ;
  ia sa qa | a_02 AT time_02 ;
  ia sa qa | a_03 AT time_03 ;
  	!variance of the first-level terms
  ia (v_ia);
  sa (v_sa);
  qa (v_qa);
  	!covariance among first-level terms
  ia WITH sa (c_iasa);
  ia WITH qa (c_iaqa);
  sa WITH qa (c_saqa);
  	!second-level equation
  ia sa qa ON age_c80
  edu_c7
  female
  sbp_c167;
  	!residual covariance of process (A)
  a_01 (res_a);
  a_02 (res_a);
  a_03 (res_a);	
  SAVEDATA:
  FILE is   u2_123_aefb_block_fscores.dat;
  SAVE = FSCORES;
  RESULTS are   u2_123_aefb_block_results.dat;
  	
  OUTPUT: sampstat cinterval;
  PLOT: Type is Plot1 Plot2 Plot3;



*** WARNING
  Data set contains cases with missing on x-variables.
  These cases were not included in the analysis.
  Number of cases with missing on x-variables:  92
*** WARNING
  Data set contains cases with missing on all variables except
  x-variables.  These cases were not included in the analysis.
  Number of cases with missing on all variables except x-variables:  53
   2 WARNING(S) FOUND IN THE INPUT INSTRUCTIONS




Script produced from the prototype in ./sandbox/syntax-creator/

SUMMARY OF ANALYSIS

Number of groups                                                 1
Number of observations                                         404

Number of dependent variables                                    3
Number of independent variables                                  4
Number of continuous latent variables                            3

Observed dependent variables

  Continuous
   A_01        A_02        A_03

Observed independent variables
   AGE_C80     EDU_C7      FEMALE      SBP_C167

Continuous latent variables
   IA          SA          QA

Variables with special functions

  Cluster variable      PAIRID
  Weight variable       _WEIGHT

  Time scores
   TIME_01     TIME_02     TIME_03


Estimator                                                      MLR
Information matrix                                        OBSERVED
Maximum number of iterations                                   100
Convergence criterion                                    0.100D-05
Maximum number of EM iterations                                500
Convergence criteria for the EM algorithm
  Loglikelihood change                                   0.100D-02
  Relative loglikelihood change                          0.100D-05
  Derivative                                             0.100D-03
Minimum variance                                         0.100D-03
Maximum number of steepest descent iterations                   20
Maximum number of iterations for H1                           2000
Convergence criterion for H1                             0.100D-03
Optimization algorithm                                         EMA

Input data file(s)
  wide-dataset.dat
Input data format  FREE



SAMPLE STATISTICS


     ESTIMATED SAMPLE STATISTICS


           Means
              A_01          A_02          A_03          AGE_C80       EDU_C7
              ________      ________      ________      ________      ________
 1             12.249        12.116        11.725         3.143         0.347


           Means
              FEMALE        SBP_C167
              ________      ________
 1              0.651        -5.639


           Covariances
              A_01          A_02          A_03          AGE_C80       EDU_C7
              ________      ________      ________      ________      ________
 A_01          48.692
 A_02          35.605        44.524
 A_03          34.182        36.372        43.496
 AGE_C80       -4.369        -4.282        -4.066         7.591
 EDU_C7         3.777         4.848         3.866        -0.724         6.236
 FEMALE         0.112         0.114         0.248         0.067        -0.134
 SBP_C167      10.819         8.049         7.061        -4.680        -0.039


           Covariances
              FEMALE        SBP_C167
              ________      ________
 FEMALE         0.227
 SBP_C167       0.574       509.285


           Correlations
              A_01          A_02          A_03          AGE_C80       EDU_C7
              ________      ________      ________      ________      ________
 A_01           1.000
 A_02           0.765         1.000
 A_03           0.743         0.827         1.000
 AGE_C80       -0.227        -0.233        -0.224         1.000
 EDU_C7         0.217         0.291         0.235        -0.105         1.000
 FEMALE         0.034         0.036         0.079         0.051        -0.113
 SBP_C167       0.069         0.053         0.047        -0.075        -0.001


           Correlations
              FEMALE        SBP_C167
              ________      ________
 FEMALE         1.000
 SBP_C167       0.053         1.000


     MAXIMUM LOG-LIKELIHOOD VALUE FOR THE UNRESTRICTED (H1) MODEL IS -9407.316


UNIVARIATE HIGHER-ORDER MOMENT DESCRIPTIVE STATISTICS


     UNIVARIATE HIGHER-ORDER MOMENT DESCRIPTIVE STATISTICS

         Variable/         Mean/     Skewness/   Minimum/ % with                Percentiles
        Sample Size      Variance    Kurtosis    Maximum  Min/Max      20%/60%    40%/80%    Median

     A_01                 12.358       0.152       0.000   12.40%       4.000      9.000     10.000
             524.000      48.409      -0.426      33.000    0.19%      13.000     17.000
     A_02                 12.886       0.055       0.000   14.22%       3.000      9.000     10.000
             422.000      43.428      -0.501      30.000    0.47%      13.000     17.000
     A_03                 12.843       0.239       0.000   15.36%       3.000      9.000     10.000
             332.000      41.868      -0.150      31.000    0.60%      13.000     17.000
     AGE_C80               3.143       1.071      -0.581    0.18%       0.874      1.751      2.312
             557.000       7.591       0.503      13.313    0.36%       3.063      5.658
     EDU_C7                0.347       2.178      -7.000    0.18%      -1.000     -1.000     -1.000
             557.000       6.236       7.220      16.000    0.18%       0.000      1.000
     FEMALE                0.651      -0.634       0.000   34.65%       0.000      1.000      1.000
             557.000       0.227      -1.599       1.000   65.35%       1.000      1.000
     SBP_C167             -5.639       0.388     -57.000    1.44%     -27.000    -12.000     -7.000
             557.000     509.285       0.693      93.000    0.18%      -7.000     13.000


THE MODEL ESTIMATION TERMINATED NORMALLY



MODEL FIT INFORMATION

Number of Free Parameters                       22

Loglikelihood

          H0 Value                       -2797.859
          H0 Scaling Correction Factor      0.9403
            for MLR

Information Criteria

          Akaike (AIC)                    5639.719
          Bayesian (BIC)                  5727.750
          Sample-Size Adjusted BIC        5657.941
            (n* = (n + 2) / 24)



MODEL RESULTS

                                                    Two-Tailed
                    Estimate       S.E.  Est./S.E.    P-Value

 IA         ON
    AGE_C80           -0.521      0.131     -3.959      0.000
    EDU_C7             0.567      0.155      3.668      0.000
    FEMALE             0.934      0.776      1.203      0.229
    SBP_C167           0.016      0.014      1.148      0.251

 SA         ON
    AGE_C80            0.019      0.085      0.228      0.820
    EDU_C7             0.162      0.078      2.072      0.038
    FEMALE            -0.031      0.425     -0.072      0.942
    SBP_C167          -0.005      0.009     -0.531      0.595

 QA         ON
    AGE_C80           -0.003      0.019     -0.153      0.879
    EDU_C7            -0.038      0.017     -2.188      0.029
    FEMALE             0.046      0.097      0.478      0.633
    SBP_C167           0.001      0.002      0.337      0.736

 IA       WITH
    SA                -5.763      1.566     -3.680      0.000
    QA                 0.889      0.330      2.689      0.007

 SA       WITH
    QA                -1.110      0.367     -3.024      0.002

 Intercepts
    A_01               0.000      0.000    999.000    999.000
    A_02               0.000      0.000    999.000    999.000
    A_03               0.000      0.000    999.000    999.000
    IA                13.170      0.756     17.428      0.000
    SA                -0.130      0.402     -0.323      0.747
    QA                -0.034      0.092     -0.371      0.711

 Residual Variances
    A_01               5.820      0.870      6.688      0.000
    A_02               5.820      0.870      6.688      0.000
    A_03               5.820      0.870      6.688      0.000
    IA                38.303      3.049     12.563      0.000
    SA                 6.095      1.785      3.415      0.001
    QA                 0.221      0.079      2.816      0.005


QUALITY OF NUMERICAL RESULTS

     Condition Number for the Information Matrix              0.158E-04
       (ratio of smallest to largest eigenvalue)


CONFIDENCE INTERVALS OF MODEL RESULTS

                  Lower .5%  Lower 2.5%    Lower 5%    Estimate    Upper 5%  Upper 2.5%   Upper .5%

 IA       ON
    AGE_C80         -0.859      -0.778      -0.737      -0.521      -0.304      -0.263      -0.182
    EDU_C7           0.169       0.264       0.313       0.567       0.822       0.871       0.966
    FEMALE          -1.066      -0.588      -0.343       0.934       2.211       2.456       2.934
    SBP_C167        -0.020      -0.011      -0.007       0.016       0.039       0.043       0.051

 SA       ON
    AGE_C80         -0.201      -0.148      -0.121       0.019       0.160       0.187       0.240
    EDU_C7          -0.039       0.009       0.033       0.162       0.291       0.316       0.364
    FEMALE          -1.124      -0.863      -0.729      -0.031       0.668       0.802       1.063
    SBP_C167        -0.029      -0.023      -0.020      -0.005       0.010       0.013       0.019

 QA       ON
    AGE_C80         -0.053      -0.041      -0.035      -0.003       0.029       0.035       0.047
    EDU_C7          -0.083      -0.072      -0.067      -0.038      -0.009      -0.004       0.007
    FEMALE          -0.204      -0.144      -0.114       0.046       0.206       0.237       0.297
    SBP_C167        -0.005      -0.004      -0.003       0.001       0.004       0.005       0.006

 IA       WITH
    SA              -9.798      -8.833      -8.340      -5.763      -3.187      -2.693      -1.729
    QA               0.037       0.241       0.345       0.889       1.432       1.536       1.740

 SA       WITH
    QA              -2.055      -1.829      -1.713      -1.110      -0.506      -0.390      -0.164

 Intercepts
    A_01             0.000       0.000       0.000       0.000       0.000       0.000       0.000
    A_02             0.000       0.000       0.000       0.000       0.000       0.000       0.000
    A_03             0.000       0.000       0.000       0.000       0.000       0.000       0.000
    IA              11.224      11.689      11.927      13.170      14.414      14.652      15.117
    SA              -1.166      -0.918      -0.792      -0.130       0.532       0.659       0.906
    QA              -0.270      -0.214      -0.185      -0.034       0.117       0.146       0.202

 Residual Variances
    A_01             3.579       4.114       4.389       5.820       7.252       7.526       8.062
    A_02             3.579       4.114       4.389       5.820       7.252       7.526       8.062
    A_03             3.579       4.114       4.389       5.820       7.252       7.526       8.062
    IA              30.450      32.327      33.287      38.303      43.318      44.278      46.156
    SA               1.498       2.597       3.159       6.095       9.031       9.594      10.693
    QA               0.019       0.067       0.092       0.221       0.351       0.375       0.424


SAMPLE STATISTICS FOR ESTIMATED FACTOR SCORES


     SAMPLE STATISTICS


           Means
              IA            IA_SE         SA            SA_SE         QA
              ________      ________      ________      ________      ________
 1             10.845         2.159        -0.110         1.951        -0.013


           Means
              QA_SE
              ________
 1              0.395


           Covariances
              IA            IA_SE         SA            SA_SE         QA
              ________      ________      ________      ________      ________
 IA            42.211
 IA_SE         -0.555         0.165
 SA            -2.831         0.003         2.542
 SA_SE         -0.408         0.068         0.050         0.057
 QA             0.364         0.001        -0.426        -0.007         0.076
 QA_SE         -0.059         0.009         0.008         0.009        -0.001


           Covariances
              QA_SE
              ________
 QA_SE          0.001


           Correlations
              IA            IA_SE         SA            SA_SE         QA
              ________      ________      ________      ________      ________
 IA             1.000
 IA_SE         -0.210         1.000
 SA            -0.273         0.005         1.000
 SA_SE         -0.262         0.696         0.132         1.000
 QA             0.203         0.005        -0.970        -0.108         1.000
 QA_SE         -0.247         0.631         0.133         0.987        -0.109


           Correlations
              QA_SE
              ________
 QA_SE          1.000


RESULTS SAVING INFORMATION

  Order of data

    Parameter estimates
     (saved in order shown in Technical 1 output)
    Standard errors
     (saved in order shown in Technical 1 output)
    H0 Loglikelihood
    H0 Scaling Correction Factor for MLR
    Number of Free Parameters
    Akaike (AIC)
    Bayesian (BIC)
    Sample-Size Adjusted BIC

  Save file
    u2_123_aefb_block_results.dat

  Save file format           Free


PLOT INFORMATION

The following plots are available:

  Histograms (sample values, estimated factor scores)
  Scatterplots (sample values, estimated factor scores)
  Latent variable distribution plots

SAVEDATA INFORMATION


  Save file
    u2_123_aefb_block_fscores.dat

  Order and format of variables

    A_01           F10.3
    A_02           F10.3
    A_03           F10.3
    AGE_C80        F10.3
    EDU_C7         F10.3
    FEMALE         F10.3
    SBP_C167       F10.3
    TIME_01        F10.3
    TIME_02        F10.3
    TIME_03        F10.3
    _WEIGHT        F10.3
    IA             F10.3
    IA_SE          F10.3
    SA             F10.3
    SA_SE          F10.3
    QA             F10.3
    QA_SE          F10.3
    PAIRID         I6

  Save file format
    17F10.3 I6

  Save file record length    10000


     Beginning Time:  18:08:57
        Ending Time:  18:08:59
       Elapsed Time:  00:00:02



MUTHEN & MUTHEN
3463 Stoner Ave.
Los Angeles, CA  90066

Tel: (310) 391-9971
Fax: (310) 391-8971
Web: www.StatModel.com
Support: Support@StatModel.com

Copyright (c) 1998-2014 Muthen & Muthen
