Mplus VERSION 7.3
MUTHEN & MUTHEN
12/17/2016   6:08 PM

INPUT INSTRUCTIONS

  TITLE:
  Script produced from the prototype in ./sandbox/syntax-creator/
  DATA:
  File = wide-dataset.dat ;
  VARIABLE:
  NAMES are
   Case PairID female age_c80 edu_c7 sbp_c167 smoke cardio diabetes dementia_ever
      years_since_bl_01 years_since_bl_02 years_since_bl_03 years_since_bl_04
      years_since_bl_05 pef_01 pef_02 pef_03 pef_04 pef_05 grip_01 grip_02 grip_03
      grip_04 grip_05 gait_01 gait_02 gait_03 gait_04 gait_05 block_01 block_02
      block_03 block_04 block_05 digitspanbackward_01 digitspanbackward_02
      digitspanbackward_03 digitspanbackward_04 digitspanbackward_05
      digitspanforward_01 digitspanforward_02 digitspanforward_03 digitspanforward_04
      digitspanforward_05 symbol_01 symbol_02 symbol_03 symbol_04 symbol_05 prose_01
      prose_02 prose_03 prose_04 prose_05 info_01 info_02 info_03 info_04 info_05
      synonyms_01 synonyms_02 synonyms_03 synonyms_04 synonyms_05 psif_01 psif_02
      psif_03 psif_04 psif_05 figure_01 figure_02 figure_03 figure_04 figure_05
      mirrecall_01 mirrecall_02 mirrecall_03 mirrecall_04 mirrecall_05 mmse_01 mmse_02
      mmse_03 mmse_04 mmse_05 mirnaming_01 mirnaming_02 mirnaming_03 mirnaming_04
      mirnaming_05 mirrecog_01 mirrecog_02 mirrecog_03 mirrecog_04 mirrecog_05
      clock_01 clock_02 clock_03 clock_04 clock_05
  	;
  Missing are all (-9999);
  USEVARIABLES are
  	!define the variables used in the analysis
  	! covariates used in the model
  age_c80
  edu_c7
  female	
  	!estimated time points
  time_01
  time_02
  time_03
  	!modelled time points of process (A)
  a_01
  a_02
  a_03
  ;
  TSCORES are
  	!estimated time points
  time_01
  time_02
  time_03;
  CLUSTER = PairID;
  SUBPOPULATION are
  	!select a subset of observations
  dementia_ever NE 1
  ;
  DEFINE:
  	! assign variables to the process (A)
  a_01 = block_01;
  a_02 = block_02;
  a_03 = block_03;
  	!assign variables to time points
  time_01 = years_since_bl_01;
  time_02 = years_since_bl_02;
  time_03 = years_since_bl_03;
  	
  ANALYSIS: TYPE = RANDOM COMPLEX;
  COVERAGE=.00;
  MODEL:
  	!first-level equation
  	! assign process (A) to time points
  ia sa qa | a_01 AT time_01 ;
  ia sa qa | a_02 AT time_02 ;
  ia sa qa | a_03 AT time_03 ;
  	!variance of the first-level terms
  ia (v_ia);
  sa (v_sa);
  qa (v_qa);
  	!covariance among first-level terms
  ia WITH sa (c_iasa);
  ia WITH qa (c_iaqa);
  sa WITH qa (c_saqa);
  	!second-level equation
  ia sa qa ON age_c80
  edu_c7
  female;
  	!residual covariance of process (A)
  a_01 (res_a);
  a_02 (res_a);
  a_03 (res_a);	
  SAVEDATA:
  FILE is   u2_123_aef_block_fscores.dat;
  SAVE = FSCORES;
  RESULTS are   u2_123_aef_block_results.dat;
  	
  OUTPUT: sampstat cinterval;
  PLOT: Type is Plot1 Plot2 Plot3;



*** WARNING
  Data set contains cases with missing on x-variables.
  These cases were not included in the analysis.
  Number of cases with missing on x-variables:  46
*** WARNING
  Data set contains cases with missing on all variables except
  x-variables.  These cases were not included in the analysis.
  Number of cases with missing on all variables except x-variables:  73
   2 WARNING(S) FOUND IN THE INPUT INSTRUCTIONS




Script produced from the prototype in ./sandbox/syntax-creator/

SUMMARY OF ANALYSIS

Number of groups                                                 1
Number of observations                                         418

Number of dependent variables                                    3
Number of independent variables                                  3
Number of continuous latent variables                            3

Observed dependent variables

  Continuous
   A_01        A_02        A_03

Observed independent variables
   AGE_C80     EDU_C7      FEMALE

Continuous latent variables
   IA          SA          QA

Variables with special functions

  Cluster variable      PAIRID
  Weight variable       _WEIGHT

  Time scores
   TIME_01     TIME_02     TIME_03


Estimator                                                      MLR
Information matrix                                        OBSERVED
Maximum number of iterations                                   100
Convergence criterion                                    0.100D-05
Maximum number of EM iterations                                500
Convergence criteria for the EM algorithm
  Loglikelihood change                                   0.100D-02
  Relative loglikelihood change                          0.100D-05
  Derivative                                             0.100D-03
Minimum variance                                         0.100D-03
Maximum number of steepest descent iterations                   20
Maximum number of iterations for H1                           2000
Convergence criterion for H1                             0.100D-03
Optimization algorithm                                         EMA

Input data file(s)
  wide-dataset.dat
Input data format  FREE



SAMPLE STATISTICS


     ESTIMATED SAMPLE STATISTICS


           Means
              A_01          A_02          A_03          AGE_C80       EDU_C7
              ________      ________      ________      ________      ________
 1             12.017        11.908        11.522         3.123         0.333


           Means
              FEMALE
              ________
 1              0.653


           Covariances
              A_01          A_02          A_03          AGE_C80       EDU_C7
              ________      ________      ________      ________      ________
 A_01          50.613
 A_02          37.292        45.874
 A_03          36.034        37.821        44.865
 AGE_C80       -3.966        -3.889        -3.636         7.587
 EDU_C7         3.925         4.967         4.017        -0.660         6.131
 FEMALE         0.142         0.155         0.277         0.077        -0.129


           Covariances
              FEMALE
              ________
 FEMALE         0.227


           Correlations
              A_01          A_02          A_03          AGE_C80       EDU_C7
              ________      ________      ________      ________      ________
 A_01           1.000
 A_02           0.774         1.000
 A_03           0.756         0.834         1.000
 AGE_C80       -0.202        -0.208        -0.197         1.000
 EDU_C7         0.223         0.296         0.242        -0.097         1.000
 FEMALE         0.042         0.048         0.087         0.058        -0.109


           Correlations
              FEMALE
              ________
 FEMALE         1.000


     MAXIMUM LOG-LIKELIHOOD VALUE FOR THE UNRESTRICTED (H1) MODEL IS -7181.857


UNIVARIATE HIGHER-ORDER MOMENT DESCRIPTIVE STATISTICS


     UNIVARIATE HIGHER-ORDER MOMENT DESCRIPTIVE STATISTICS

         Variable/         Mean/     Skewness/   Minimum/ % with                Percentiles
        Sample Size      Variance    Kurtosis    Maximum  Min/Max      20%/60%    40%/80%    Median

     A_01                 12.141       0.147       0.000   13.84%       3.000      9.000     10.000
             542.000      50.270      -0.482      33.000    0.18%      13.000     17.000
     A_02                 12.704       0.042       0.000   15.79%       3.000      9.000     10.000
             437.000      45.123      -0.543      30.000    0.46%      13.000     17.000
     A_03                 12.741       0.233       0.000   16.91%       3.000      9.000     10.000
             343.000      42.864      -0.205      31.000    0.58%      12.000     17.000
     AGE_C80               3.123       1.076      -0.581    0.17%       0.874      1.711      2.316
             583.000       7.587       0.491      13.313    0.34%       3.098      5.679
     EDU_C7                0.333       2.188      -7.000    0.17%      -1.000     -1.000     -1.000
             583.000       6.131       7.303      16.000    0.17%       0.000      1.000
     FEMALE                0.653      -0.643       0.000   34.31%       0.000      1.000      1.000
             583.000       0.227      -1.586       1.000   65.69%       1.000      1.000


THE MODEL ESTIMATION TERMINATED NORMALLY



MODEL FIT INFORMATION

Number of Free Parameters                       19

Loglikelihood

          H0 Value                       -2882.089
          H0 Scaling Correction Factor      0.9175
            for MLR

Information Criteria

          Akaike (AIC)                    5802.178
          Bayesian (BIC)                  5878.853
          Sample-Size Adjusted BIC        5818.560
            (n* = (n + 2) / 24)



MODEL RESULTS

                                                    Two-Tailed
                    Estimate       S.E.  Est./S.E.    P-Value

 IA         ON
    AGE_C80           -0.481      0.129     -3.743      0.000
    EDU_C7             0.614      0.155      3.956      0.000
    FEMALE             1.129      0.784      1.440      0.150

 SA         ON
    AGE_C80            0.019      0.083      0.231      0.817
    EDU_C7             0.160      0.076      2.109      0.035
    FEMALE             0.002      0.410      0.006      0.996

 QA         ON
    AGE_C80           -0.003      0.019     -0.138      0.890
    EDU_C7            -0.037      0.017     -2.207      0.027
    FEMALE             0.037      0.094      0.397      0.691

 IA       WITH
    SA                -5.706      1.488     -3.836      0.000
    QA                 0.885      0.308      2.872      0.004

 SA       WITH
    QA                -0.943      0.309     -3.052      0.002

 Intercepts
    A_01               0.000      0.000    999.000    999.000
    A_02               0.000      0.000    999.000    999.000
    A_03               0.000      0.000    999.000    999.000
    IA                12.581      0.773     16.282      0.000
    SA                -0.108      0.388     -0.278      0.781
    QA                -0.035      0.089     -0.388      0.698

 Residual Variances
    A_01               6.266      0.766      8.183      0.000
    A_02               6.266      0.766      8.183      0.000
    A_03               6.266      0.766      8.183      0.000
    IA                39.998      3.038     13.167      0.000
    SA                 5.363      1.569      3.418      0.001
    QA                 0.179      0.062      2.873      0.004


QUALITY OF NUMERICAL RESULTS

     Condition Number for the Information Matrix              0.199E-06
       (ratio of smallest to largest eigenvalue)


CONFIDENCE INTERVALS OF MODEL RESULTS

                  Lower .5%  Lower 2.5%    Lower 5%    Estimate    Upper 5%  Upper 2.5%   Upper .5%

 IA       ON
    AGE_C80         -0.813      -0.733      -0.693      -0.481      -0.270      -0.229      -0.150
    EDU_C7           0.214       0.310       0.359       0.614       0.869       0.918       1.014
    FEMALE          -0.890      -0.407      -0.160       1.129       2.418       2.665       3.147

 SA       ON
    AGE_C80         -0.196      -0.144      -0.118       0.019       0.157       0.183       0.234
    EDU_C7          -0.035       0.011       0.035       0.160       0.285       0.309       0.355
    FEMALE          -1.054      -0.802      -0.672       0.002       0.677       0.806       1.059

 QA       ON
    AGE_C80         -0.052      -0.040      -0.034      -0.003       0.029       0.035       0.047
    EDU_C7          -0.081      -0.071      -0.065      -0.037      -0.010      -0.004       0.006
    FEMALE          -0.205      -0.147      -0.118       0.037       0.192       0.222       0.280

 IA       WITH
    SA              -9.538      -8.622      -8.153      -5.706      -3.259      -2.791      -1.875
    QA               0.091       0.281       0.378       0.885       1.392       1.489       1.679

 SA       WITH
    QA              -1.738      -1.548      -1.451      -0.943      -0.435      -0.337      -0.147

 Intercepts
    A_01             0.000       0.000       0.000       0.000       0.000       0.000       0.000
    A_02             0.000       0.000       0.000       0.000       0.000       0.000       0.000
    A_03             0.000       0.000       0.000       0.000       0.000       0.000       0.000
    IA              10.590      11.066      11.310      12.581      13.852      14.095      14.571
    SA              -1.109      -0.869      -0.747      -0.108       0.531       0.653       0.892
    QA              -0.263      -0.209      -0.181      -0.035       0.112       0.140       0.194

 Residual Variances
    A_01             4.294       4.765       5.006       6.266       7.526       7.767       8.239
    A_02             4.294       4.765       5.006       6.266       7.526       7.767       8.239
    A_03             4.294       4.765       5.006       6.266       7.526       7.767       8.239
    IA              32.173      34.044      35.001      39.998      44.995      45.952      47.822
    SA               1.322       2.288       2.782       5.363       7.945       8.439       9.405
    QA               0.019       0.057       0.076       0.179       0.281       0.301       0.339


SAMPLE STATISTICS FOR ESTIMATED FACTOR SCORES


     SAMPLE STATISTICS


           Means
              IA            IA_SE         SA            SA_SE         QA
              ________      ________      ________      ________      ________
 1             10.539         2.221        -0.086         1.865        -0.016


           Means
              QA_SE
              ________
 1              0.359


           Covariances
              IA            IA_SE         SA            SA_SE         QA
              ________      ________      ________      ________      ________
 IA            43.086
 IA_SE         -0.667         0.174
 SA            -2.759         0.011         2.144
 SA_SE         -0.400         0.068         0.042         0.045
 QA             0.367        -0.001        -0.354        -0.006         0.061
 QA_SE         -0.055         0.009         0.006         0.006        -0.001


           Covariances
              QA_SE
              ________
 QA_SE          0.001


           Correlations
              IA            IA_SE         SA            SA_SE         QA
              ________      ________      ________      ________      ________
 IA             1.000
 IA_SE         -0.243         1.000
 SA            -0.287         0.018         1.000
 SA_SE         -0.288         0.767         0.134         1.000
 QA             0.226        -0.010        -0.979        -0.115         1.000
 QA_SE         -0.272         0.728         0.133         0.990        -0.113


           Correlations
              QA_SE
              ________
 QA_SE          1.000


RESULTS SAVING INFORMATION

  Order of data

    Parameter estimates
     (saved in order shown in Technical 1 output)
    Standard errors
     (saved in order shown in Technical 1 output)
    H0 Loglikelihood
    H0 Scaling Correction Factor for MLR
    Number of Free Parameters
    Akaike (AIC)
    Bayesian (BIC)
    Sample-Size Adjusted BIC

  Save file
    u2_123_aef_block_results.dat

  Save file format           Free


PLOT INFORMATION

The following plots are available:

  Histograms (sample values, estimated factor scores)
  Scatterplots (sample values, estimated factor scores)
  Latent variable distribution plots

SAVEDATA INFORMATION


  Save file
    u2_123_aef_block_fscores.dat

  Order and format of variables

    A_01           F10.3
    A_02           F10.3
    A_03           F10.3
    AGE_C80        F10.3
    EDU_C7         F10.3
    FEMALE         F10.3
    TIME_01        F10.3
    TIME_02        F10.3
    TIME_03        F10.3
    _WEIGHT        F10.3
    IA             F10.3
    IA_SE          F10.3
    SA             F10.3
    SA_SE          F10.3
    QA             F10.3
    QA_SE          F10.3
    PAIRID         I6

  Save file format
    16F10.3 I6

  Save file record length    10000


     Beginning Time:  18:08:53
        Ending Time:  18:08:57
       Elapsed Time:  00:00:04



MUTHEN & MUTHEN
3463 Stoner Ave.
Los Angeles, CA  90066

Tel: (310) 391-9971
Fax: (310) 391-8971
Web: www.StatModel.com
Support: Support@StatModel.com

Copyright (c) 1998-2014 Muthen & Muthen
