Mplus VERSION 7.3
MUTHEN & MUTHEN
12/17/2016  12:01 PM

INPUT INSTRUCTIONS

  TITLE:
  Script produced from the prototype in ./sandbox/syntax-creator/
  DATA:
  File = wide-dataset.dat ;
  VARIABLE:
  NAMES are
   Case PairID female age_c80 edu_c7 sbp_c167 smoke cardio diabetes dementia_ever
      years_since_bl_01 years_since_bl_02 years_since_bl_03 years_since_bl_04
      years_since_bl_05 pef_01 pef_02 pef_03 pef_04 pef_05 grip_01 grip_02 grip_03
      grip_04 grip_05 gait_01 gait_02 gait_03 gait_04 gait_05 block_01 block_02
      block_03 block_04 block_05 digitspanbackward_01 digitspanbackward_02
      digitspanbackward_03 digitspanbackward_04 digitspanbackward_05
      digitspanforward_01 digitspanforward_02 digitspanforward_03 digitspanforward_04
      digitspanforward_05 symbol_01 symbol_02 symbol_03 symbol_04 symbol_05 prose_01
      prose_02 prose_03 prose_04 prose_05 info_01 info_02 info_03 info_04 info_05
      synonyms_01 synonyms_02 synonyms_03 synonyms_04 synonyms_05 psif_01 psif_02
      psif_03 psif_04 psif_05 figure_01 figure_02 figure_03 figure_04 figure_05
      mirrecall_01 mirrecall_02 mirrecall_03 mirrecall_04 mirrecall_05 mmse_01 mmse_02
      mmse_03 mmse_04 mmse_05 mirnaming_01 mirnaming_02 mirnaming_03 mirnaming_04
      mirnaming_05 mirrecog_01 mirrecog_02 mirrecog_03 mirrecog_04 mirrecog_05
      clock_01 clock_02 clock_03 clock_04 clock_05
  	;
  Missing are all (-9999);
  USEVARIABLES are
  	!define the variables used in the analysis
  	! covariates used in the model
  age_c80
  edu_c7	
  	!estimated time points
  time_01
  time_02
  time_03
  time_04
  time_05
  	!modelled time points of process (A)
  a_01
  a_02
  a_03
  a_04
  a_05
  ;
  TSCORES are
  	!estimated time points
  time_01
  time_02
  time_03
  time_04
  time_05;
  CLUSTER = PairID;
  SUBPOPULATION are
  	!select a subset of observations
  dementia_ever NE 1
  ;
  DEFINE:
  	! assign variables to the process (A)
  a_01 = block_01;
  a_02 = block_02;
  a_03 = block_03;
  a_04 = block_04;
  a_05 = block_05;
  	!assign variables to time points
  time_01 = years_since_bl_01;
  time_02 = years_since_bl_02;
  time_03 = years_since_bl_03;
  time_04 = years_since_bl_04;
  time_05 = years_since_bl_05;
  	
  ANALYSIS: TYPE = RANDOM COMPLEX;
  COVERAGE=.00;
  MODEL:
  	!first-level equation
  	! assign process (A) to time points
  ia sa qa | a_01 AT time_01 ;
  ia sa qa | a_02 AT time_02 ;
  ia sa qa | a_03 AT time_03 ;
  ia sa qa | a_04 AT time_04 ;
  ia sa qa | a_05 AT time_05 ;
  	!variance of the first-level terms
  ia (v_ia);
  sa (v_sa);
  qa (v_qa);
  	!covariance among first-level terms
  ia WITH sa (c_iasa);
  ia WITH qa (c_iaqa);
  sa WITH qa (c_saqa);
  	!second-level equation
  ia sa qa ON age_c80
  edu_c7;
  	!residual covariance of process (A)
  a_01 (res_a);
  a_02 (res_a);
  a_03 (res_a);
  a_04 (res_a);
  a_05 (res_a);	
  SAVEDATA:
  FILE is   u2_12345_ae_block_fscores.dat;
  SAVE = FSCORES;
  RESULTS are   u2_12345_ae_block_results.dat;
  	
  OUTPUT: sampstat cinterval;
  PLOT: Type is Plot1 Plot2 Plot3;



*** WARNING
  Data set contains cases with missing on x-variables.
  These cases were not included in the analysis.
  Number of cases with missing on x-variables:  46
*** WARNING
  Data set contains cases with missing on all variables except
  x-variables.  These cases were not included in the analysis.
  Number of cases with missing on all variables except x-variables:  71
   2 WARNING(S) FOUND IN THE INPUT INSTRUCTIONS




Script produced from the prototype in ./sandbox/syntax-creator/

SUMMARY OF ANALYSIS

Number of groups                                                 1
Number of observations                                         420

Number of dependent variables                                    5
Number of independent variables                                  2
Number of continuous latent variables                            3

Observed dependent variables

  Continuous
   A_01        A_02        A_03        A_04        A_05

Observed independent variables
   AGE_C80     EDU_C7

Continuous latent variables
   IA          SA          QA

Variables with special functions

  Cluster variable      PAIRID
  Weight variable       _WEIGHT

  Time scores
   TIME_01     TIME_02     TIME_03     TIME_04     TIME_05


Estimator                                                      MLR
Information matrix                                        OBSERVED
Maximum number of iterations                                   100
Convergence criterion                                    0.100D-05
Maximum number of EM iterations                                500
Convergence criteria for the EM algorithm
  Loglikelihood change                                   0.100D-02
  Relative loglikelihood change                          0.100D-05
  Derivative                                             0.100D-03
Minimum variance                                         0.100D-03
Maximum number of steepest descent iterations                   20
Maximum number of iterations for H1                           2000
Convergence criterion for H1                             0.100D-03
Optimization algorithm                                         EMA

Input data file(s)
  wide-dataset.dat
Input data format  FREE



SAMPLE STATISTICS


     ESTIMATED SAMPLE STATISTICS


           Means
              A_01          A_02          A_03          A_04          A_05
              ________      ________      ________      ________      ________
 1             12.010        11.891        11.514        10.542         9.296


           Means
              AGE_C80       EDU_C7
              ________      ________
 1              3.121         0.329


           Covariances
              A_01          A_02          A_03          A_04          A_05
              ________      ________      ________      ________      ________
 A_01          50.589
 A_02          37.249        45.892
 A_03          35.880        37.770        44.669
 A_04          35.592        36.478        37.293        49.276
 A_05          35.683        35.640        34.860        37.646        49.294
 AGE_C80       -3.990        -3.884        -3.695        -4.766        -3.235
 EDU_C7         3.915         4.979         3.972         4.578         3.049


           Covariances
              AGE_C80       EDU_C7
              ________      ________
 AGE_C80        7.574
 EDU_C7        -0.651         6.106


           Correlations
              A_01          A_02          A_03          A_04          A_05
              ________      ________      ________      ________      ________
 A_01           1.000
 A_02           0.773         1.000
 A_03           0.755         0.834         1.000
 A_04           0.713         0.767         0.795         1.000
 A_05           0.715         0.749         0.743         0.764         1.000
 AGE_C80       -0.204        -0.208        -0.201        -0.247        -0.167
 EDU_C7         0.223         0.297         0.241         0.264         0.176


           Correlations
              AGE_C80       EDU_C7
              ________      ________
 AGE_C80        1.000
 EDU_C7        -0.096         1.000


     MAXIMUM LOG-LIKELIHOOD VALUE FOR THE UNRESTRICTED (H1) MODEL IS -8049.989


UNIVARIATE HIGHER-ORDER MOMENT DESCRIPTIVE STATISTICS


     UNIVARIATE HIGHER-ORDER MOMENT DESCRIPTIVE STATISTICS

         Variable/         Mean/     Skewness/   Minimum/ % with                Percentiles
        Sample Size      Variance    Kurtosis    Maximum  Min/Max      20%/60%    40%/80%    Median

     A_01                 12.141       0.147       0.000   13.84%       3.000      9.000     10.000
             542.000      50.270      -0.482      33.000    0.18%      13.000     17.000
     A_02                 12.704       0.042       0.000   15.79%       3.000      9.000     10.000
             437.000      45.123      -0.543      30.000    0.46%      13.000     17.000
     A_03                 12.741       0.233       0.000   16.91%       3.000      9.000     10.000
             343.000      42.864      -0.205      31.000    0.58%      12.000     17.000
     A_04                 12.150       0.018       0.000   16.80%       3.000      9.000     10.000
             250.000      45.325      -0.742      27.000    0.40%      12.000     17.000
     A_05                 11.381       0.105       0.000   19.16%       3.000      7.000      9.000
             167.000      46.878      -0.885      25.000    1.80%      12.000     17.000
     AGE_C80               3.121       1.074      -0.581    0.17%       0.866      1.711      2.316
             585.000       7.574       0.491      13.313    0.34%       3.098      5.679
     EDU_C7                0.329       2.196      -7.000    0.17%      -1.000     -1.000     -1.000
             585.000       6.106       7.351      16.000    0.17%       0.000      1.000


THE MODEL ESTIMATION TERMINATED NORMALLY



MODEL FIT INFORMATION

Number of Free Parameters                       16

Loglikelihood

          H0 Value                       -3792.817
          H0 Scaling Correction Factor      1.1036
            for MLR

Information Criteria

          Akaike (AIC)                    7617.634
          Bayesian (BIC)                  7682.278
          Sample-Size Adjusted BIC        7631.505
            (n* = (n + 2) / 24)



MODEL RESULTS

                                                    Two-Tailed
                    Estimate       S.E.  Est./S.E.    P-Value

 IA         ON
    AGE_C80           -0.468      0.128     -3.649      0.000
    EDU_C7             0.603      0.155      3.903      0.000

 SA         ON
    AGE_C80            0.001      0.050      0.024      0.981
    EDU_C7             0.066      0.057      1.153      0.249

 QA         ON
    AGE_C80            0.000      0.007      0.009      0.993
    EDU_C7            -0.010      0.008     -1.281      0.200

 IA       WITH
    SA                -2.545      0.941     -2.704      0.007
    QA                 0.236      0.113      2.095      0.036

 SA       WITH
    QA                -0.146      0.057     -2.559      0.010

 Intercepts
    A_01               0.000      0.000    999.000    999.000
    A_02               0.000      0.000    999.000    999.000
    A_03               0.000      0.000    999.000    999.000
    A_04               0.000      0.000    999.000    999.000
    A_05               0.000      0.000    999.000    999.000
    IA                13.258      0.533     24.866      0.000
    SA                 0.055      0.166      0.329      0.742
    QA                -0.049      0.022     -2.201      0.028

 Residual Variances
    A_01               8.759      0.764     11.466      0.000
    A_02               8.759      0.764     11.466      0.000
    A_03               8.759      0.764     11.466      0.000
    A_04               8.759      0.764     11.466      0.000
    A_05               8.759      0.764     11.466      0.000
    IA                37.321      3.016     12.376      0.000
    SA                 1.371      0.492      2.786      0.005
    QA                 0.018      0.007      2.562      0.010


QUALITY OF NUMERICAL RESULTS

     Condition Number for the Information Matrix              0.252E-06
       (ratio of smallest to largest eigenvalue)


CONFIDENCE INTERVALS OF MODEL RESULTS

                  Lower .5%  Lower 2.5%    Lower 5%    Estimate    Upper 5%  Upper 2.5%   Upper .5%

 IA       ON
    AGE_C80         -0.798      -0.719      -0.679      -0.468      -0.257      -0.217      -0.138
    EDU_C7           0.205       0.300       0.349       0.603       0.858       0.907       1.002

 SA       ON
    AGE_C80         -0.127      -0.096      -0.081       0.001       0.083       0.099       0.129
    EDU_C7          -0.081      -0.046      -0.028       0.066       0.160       0.178       0.213

 QA       ON
    AGE_C80         -0.018      -0.014      -0.011       0.000       0.012       0.014       0.018
    EDU_C7          -0.031      -0.026      -0.024      -0.010       0.003       0.006       0.011

 IA       WITH
    SA              -4.969      -4.390      -4.093      -2.545      -0.997      -0.701      -0.121
    QA              -0.054       0.015       0.051       0.236       0.422       0.457       0.527

 SA       WITH
    QA              -0.293      -0.258      -0.240      -0.146      -0.052      -0.034       0.001

 Intercepts
    A_01             0.000       0.000       0.000       0.000       0.000       0.000       0.000
    A_02             0.000       0.000       0.000       0.000       0.000       0.000       0.000
    A_03             0.000       0.000       0.000       0.000       0.000       0.000       0.000
    A_04             0.000       0.000       0.000       0.000       0.000       0.000       0.000
    A_05             0.000       0.000       0.000       0.000       0.000       0.000       0.000
    IA              11.884      12.213      12.381      13.258      14.135      14.303      14.631
    SA              -0.373      -0.271      -0.218       0.055       0.327       0.380       0.482
    QA              -0.105      -0.092      -0.085      -0.049      -0.012      -0.005       0.008

 Residual Variances
    A_01             6.791       7.262       7.502       8.759      10.015      10.256      10.726
    A_02             6.791       7.262       7.502       8.759      10.015      10.256      10.726
    A_03             6.791       7.262       7.502       8.759      10.015      10.256      10.726
    A_04             6.791       7.262       7.502       8.759      10.015      10.256      10.726
    A_05             6.791       7.262       7.502       8.759      10.015      10.256      10.726
    IA              29.554      31.411      32.361      37.321      42.282      43.232      45.089
    SA               0.104       0.407       0.562       1.371       2.180       2.335       2.638
    QA               0.000       0.004       0.006       0.018       0.029       0.031       0.036


SAMPLE STATISTICS FOR ESTIMATED FACTOR SCORES


     SAMPLE STATISTICS


           Means
              IA            IA_SE         SA            SA_SE         QA
              ________      ________      ________      ________      ________
 1             10.470         2.300         0.040         1.019        -0.048


           Means
              QA_SE
              ________
 1              0.120


           Covariances
              IA            IA_SE         SA            SA_SE         QA
              ________      ________      ________      ________      ________
 IA            39.785
 IA_SE         -0.647         0.129
 SA            -1.085         0.022         0.400
 SA_SE         -0.145         0.024         0.005         0.006
 QA             0.078        -0.001        -0.039         0.000         0.004
 QA_SE         -0.015         0.002         0.000         0.001         0.000


           Covariances
              QA_SE
              ________
 QA_SE          0.000


           Correlations
              IA            IA_SE         SA            SA_SE         QA
              ________      ________      ________      ________      ________
 IA             1.000
 IA_SE         -0.285         1.000
 SA            -0.272         0.096         1.000
 SA_SE         -0.311         0.902         0.105         1.000
 QA             0.188        -0.061        -0.952        -0.067         1.000
 QA_SE         -0.310         0.833         0.030         0.951        -0.006


           Correlations
              QA_SE
              ________
 QA_SE          1.000


RESULTS SAVING INFORMATION

  Order of data

    Parameter estimates
     (saved in order shown in Technical 1 output)
    Standard errors
     (saved in order shown in Technical 1 output)
    H0 Loglikelihood
    H0 Scaling Correction Factor for MLR
    Number of Free Parameters
    Akaike (AIC)
    Bayesian (BIC)
    Sample-Size Adjusted BIC

  Save file
    u2_12345_ae_block_results.dat

  Save file format           Free


PLOT INFORMATION

The following plots are available:

  Histograms (sample values, estimated factor scores)
  Scatterplots (sample values, estimated factor scores)
  Latent variable distribution plots

SAVEDATA INFORMATION


  Save file
    u2_12345_ae_block_fscores.dat

  Order and format of variables

    A_01           F10.3
    A_02           F10.3
    A_03           F10.3
    A_04           F10.3
    A_05           F10.3
    AGE_C80        F10.3
    EDU_C7         F10.3
    TIME_01        F10.3
    TIME_02        F10.3
    TIME_03        F10.3
    TIME_04        F10.3
    TIME_05        F10.3
    _WEIGHT        F10.3
    IA             F10.3
    IA_SE          F10.3
    SA             F10.3
    SA_SE          F10.3
    QA             F10.3
    QA_SE          F10.3
    PAIRID         I6

  Save file format
    19F10.3 I6

  Save file record length    10000


     Beginning Time:  12:01:37
        Ending Time:  12:01:39
       Elapsed Time:  00:00:02



MUTHEN & MUTHEN
3463 Stoner Ave.
Los Angeles, CA  90066

Tel: (310) 391-9971
Fax: (310) 391-8971
Web: www.StatModel.com
Support: Support@StatModel.com

Copyright (c) 1998-2014 Muthen & Muthen
