Mplus VERSION 7.3
MUTHEN & MUTHEN
12/17/2016  12:02 PM

INPUT INSTRUCTIONS

  TITLE:
  Script produced from the prototype in ./sandbox/syntax-creator/
  DATA:
  File = wide-dataset.dat ;
  VARIABLE:
  NAMES are
   Case PairID female age_c80 edu_c7 sbp_c167 smoke cardio diabetes dementia_ever
      years_since_bl_01 years_since_bl_02 years_since_bl_03 years_since_bl_04
      years_since_bl_05 pef_01 pef_02 pef_03 pef_04 pef_05 grip_01 grip_02 grip_03
      grip_04 grip_05 gait_01 gait_02 gait_03 gait_04 gait_05 block_01 block_02
      block_03 block_04 block_05 digitspanbackward_01 digitspanbackward_02
      digitspanbackward_03 digitspanbackward_04 digitspanbackward_05
      digitspanforward_01 digitspanforward_02 digitspanforward_03 digitspanforward_04
      digitspanforward_05 symbol_01 symbol_02 symbol_03 symbol_04 symbol_05 prose_01
      prose_02 prose_03 prose_04 prose_05 info_01 info_02 info_03 info_04 info_05
      synonyms_01 synonyms_02 synonyms_03 synonyms_04 synonyms_05 psif_01 psif_02
      psif_03 psif_04 psif_05 figure_01 figure_02 figure_03 figure_04 figure_05
      mirrecall_01 mirrecall_02 mirrecall_03 mirrecall_04 mirrecall_05 mmse_01 mmse_02
      mmse_03 mmse_04 mmse_05 mirnaming_01 mirnaming_02 mirnaming_03 mirnaming_04
      mirnaming_05 mirrecog_01 mirrecog_02 mirrecog_03 mirrecog_04 mirrecog_05
      clock_01 clock_02 clock_03 clock_04 clock_05
  	;
  Missing are all (-9999);
  USEVARIABLES are
  	!define the variables used in the analysis
  	! covariates used in the model
  age_c80
  edu_c7	
  	!estimated time points
  time_01
  time_03
  time_04
  time_05
  	!modelled time points of process (A)
  a_01
  a_03
  a_04
  a_05
  ;
  TSCORES are
  	!estimated time points
  time_01
  time_03
  time_04
  time_05;
  CLUSTER = PairID;
  SUBPOPULATION are
  	!select a subset of observations
  dementia_ever NE 1
  ;
  DEFINE:
  	! assign variables to the process (A)
  a_01 = block_01;
  a_03 = block_03;
  a_04 = block_04;
  a_05 = block_05;
  	!assign variables to time points
  time_01 = years_since_bl_01;
  time_03 = years_since_bl_03;
  time_04 = years_since_bl_04;
  time_05 = years_since_bl_05;
  	
  ANALYSIS: TYPE = RANDOM COMPLEX;
  COVERAGE=.00;
  MODEL:
  	!first-level equation
  	! assign process (A) to time points
  ia sa qa | a_01 AT time_01 ;
  ia sa qa | a_03 AT time_03 ;
  ia sa qa | a_04 AT time_04 ;
  ia sa qa | a_05 AT time_05 ;
  	!variance of the first-level terms
  ia (v_ia);
  sa (v_sa);
  qa (v_qa);
  	!covariance among first-level terms
  ia WITH sa (c_iasa);
  ia WITH qa (c_iaqa);
  sa WITH qa (c_saqa);
  	!second-level equation
  ia sa qa ON age_c80
  edu_c7;
  	!residual covariance of process (A)
  a_01 (res_a);
  a_03 (res_a);
  a_04 (res_a);
  a_05 (res_a);	
  SAVEDATA:
  FILE is   u2_1345_ae_block_fscores.dat;
  SAVE = FSCORES;
  RESULTS are   u2_1345_ae_block_results.dat;
  	
  OUTPUT: sampstat cinterval;
  PLOT: Type is Plot1 Plot2 Plot3;



*** WARNING
  Data set contains cases with missing on x-variables.
  These cases were not included in the analysis.
  Number of cases with missing on x-variables:  46
*** WARNING
  Data set contains cases with missing on all variables except
  x-variables.  These cases were not included in the analysis.
  Number of cases with missing on all variables except x-variables:  90
   2 WARNING(S) FOUND IN THE INPUT INSTRUCTIONS




Script produced from the prototype in ./sandbox/syntax-creator/

SUMMARY OF ANALYSIS

Number of groups                                                 1
Number of observations                                         414

Number of dependent variables                                    4
Number of independent variables                                  2
Number of continuous latent variables                            3

Observed dependent variables

  Continuous
   A_01        A_03        A_04        A_05

Observed independent variables
   AGE_C80     EDU_C7

Continuous latent variables
   IA          SA          QA

Variables with special functions

  Cluster variable      PAIRID
  Weight variable       _WEIGHT

  Time scores
   TIME_01     TIME_03     TIME_04     TIME_05


Estimator                                                      MLR
Information matrix                                        OBSERVED
Maximum number of iterations                                   100
Convergence criterion                                    0.100D-05
Maximum number of EM iterations                                500
Convergence criteria for the EM algorithm
  Loglikelihood change                                   0.100D-02
  Relative loglikelihood change                          0.100D-05
  Derivative                                             0.100D-03
Minimum variance                                         0.100D-03
Maximum number of steepest descent iterations                   20
Maximum number of iterations for H1                           2000
Convergence criterion for H1                             0.100D-03
Optimization algorithm                                         EMA

Input data file(s)
  wide-dataset.dat
Input data format  FREE



SAMPLE STATISTICS


     ESTIMATED SAMPLE STATISTICS


           Means
              A_01          A_03          A_04          A_05          AGE_C80
              ________      ________      ________      ________      ________
 1             12.038        11.775        10.757         9.450         3.117


           Means
              EDU_C7
              ________
 1              0.348


           Covariances
              A_01          A_03          A_04          A_05          AGE_C80
              ________      ________      ________      ________      ________
 A_01          50.284
 A_03          35.110        43.428
 A_04          34.974        36.019        48.099
 A_05          34.845        33.671        36.621        48.299
 AGE_C80       -3.845        -3.248        -4.341        -2.807         7.497
 EDU_C7         3.862         3.896         4.398         2.712        -0.632


           Covariances
              EDU_C7
              ________
 EDU_C7         6.159


           Correlations
              A_01          A_03          A_04          A_05          AGE_C80
              ________      ________      ________      ________      ________
 A_01           1.000
 A_03           0.751         1.000
 A_04           0.711         0.788         1.000
 A_05           0.707         0.735         0.760         1.000
 AGE_C80       -0.198        -0.180        -0.229        -0.147         1.000
 EDU_C7         0.219         0.238         0.256         0.157        -0.093


           Correlations
              EDU_C7
              ________
 EDU_C7         1.000


     MAXIMUM LOG-LIKELIHOOD VALUE FOR THE UNRESTRICTED (H1) MODEL IS -6746.959


UNIVARIATE HIGHER-ORDER MOMENT DESCRIPTIVE STATISTICS


     UNIVARIATE HIGHER-ORDER MOMENT DESCRIPTIVE STATISTICS

         Variable/         Mean/     Skewness/   Minimum/ % with                Percentiles
        Sample Size      Variance    Kurtosis    Maximum  Min/Max      20%/60%    40%/80%    Median

     A_01                 12.141       0.147       0.000   13.84%       3.000      9.000     10.000
             542.000      50.270      -0.482      33.000    0.18%      13.000     17.000
     A_03                 12.741       0.233       0.000   16.91%       3.000      9.000     10.000
             343.000      42.864      -0.205      31.000    0.58%      12.000     17.000
     A_04                 12.150       0.018       0.000   16.80%       3.000      9.000     10.000
             250.000      45.325      -0.742      27.000    0.40%      12.000     17.000
     A_05                 11.381       0.105       0.000   19.16%       3.000      7.000      9.000
             167.000      46.878      -0.885      25.000    1.80%      12.000     17.000
     AGE_C80               3.117       1.056      -0.581    0.18%       0.874      1.711      2.314
             566.000       7.497       0.446      13.313    0.35%       3.115      5.696
     EDU_C7                0.348       2.180      -7.000    0.18%      -1.000     -1.000     -1.000
             566.000       6.159       7.249      16.000    0.18%       0.000      1.000


THE MODEL ESTIMATION TERMINATED NORMALLY



MODEL FIT INFORMATION

Number of Free Parameters                       16

Loglikelihood

          H0 Value                       -2972.082
          H0 Scaling Correction Factor      1.1391
            for MLR

Information Criteria

          Akaike (AIC)                    5976.163
          Bayesian (BIC)                  6040.577
          Sample-Size Adjusted BIC        5989.805
            (n* = (n + 2) / 24)



MODEL RESULTS

                                                    Two-Tailed
                    Estimate       S.E.  Est./S.E.    P-Value

 IA         ON
    AGE_C80           -0.461      0.130     -3.545      0.000
    EDU_C7             0.576      0.155      3.726      0.000

 SA         ON
    AGE_C80            0.003      0.056      0.048      0.962
    EDU_C7             0.042      0.064      0.654      0.513

 QA         ON
    AGE_C80            0.001      0.008      0.090      0.928
    EDU_C7            -0.007      0.009     -0.793      0.428

 IA       WITH
    SA                -2.141      1.095     -1.955      0.051
    QA                 0.184      0.131      1.398      0.162

 SA       WITH
    QA                -0.091      0.075     -1.208      0.227

 Intercepts
    A_01               0.000      0.000    999.000    999.000
    A_03               0.000      0.000    999.000    999.000
    A_04               0.000      0.000    999.000    999.000
    A_05               0.000      0.000    999.000    999.000
    IA                13.277      0.544     24.386      0.000
    SA                 0.154      0.178      0.865      0.387
    QA                -0.062      0.024     -2.605      0.009

 Residual Variances
    A_01               9.500      1.391      6.832      0.000
    A_03               9.500      1.391      6.832      0.000
    A_04               9.500      1.391      6.832      0.000
    A_05               9.500      1.391      6.832      0.000
    IA                36.755      3.308     11.110      0.000
    SA                 0.902      0.624      1.445      0.149
    QA                 0.011      0.010      1.149      0.251


QUALITY OF NUMERICAL RESULTS

     Condition Number for the Information Matrix              0.313E-06
       (ratio of smallest to largest eigenvalue)


CONFIDENCE INTERVALS OF MODEL RESULTS

                  Lower .5%  Lower 2.5%    Lower 5%    Estimate    Upper 5%  Upper 2.5%   Upper .5%

 IA       ON
    AGE_C80         -0.795      -0.715      -0.674      -0.461      -0.247      -0.206      -0.126
    EDU_C7           0.178       0.273       0.322       0.576       0.830       0.879       0.974

 SA       ON
    AGE_C80         -0.142      -0.108      -0.090       0.003       0.095       0.113       0.148
    EDU_C7          -0.124      -0.084      -0.064       0.042       0.148       0.168       0.208

 QA       ON
    AGE_C80         -0.020      -0.015      -0.013       0.001       0.014       0.017       0.022
    EDU_C7          -0.030      -0.025      -0.022      -0.007       0.008       0.010       0.016

 IA       WITH
    SA              -4.962      -4.288      -3.943      -2.141      -0.339       0.006       0.680
    QA              -0.155      -0.074      -0.032       0.184       0.400       0.441       0.522

 SA       WITH
    QA              -0.284      -0.238      -0.214      -0.091       0.033       0.056       0.103

 Intercepts
    A_01             0.000       0.000       0.000       0.000       0.000       0.000       0.000
    A_03             0.000       0.000       0.000       0.000       0.000       0.000       0.000
    A_04             0.000       0.000       0.000       0.000       0.000       0.000       0.000
    A_05             0.000       0.000       0.000       0.000       0.000       0.000       0.000
    IA              11.874      12.210      12.381      13.277      14.172      14.344      14.679
    SA              -0.305      -0.195      -0.139       0.154       0.447       0.503       0.613
    QA              -0.124      -0.109      -0.102      -0.062      -0.023      -0.015      -0.001

 Residual Variances
    A_01             5.919       6.775       7.213       9.500      11.788      12.226      13.082
    A_03             5.919       6.775       7.213       9.500      11.788      12.226      13.082
    A_04             5.919       6.775       7.213       9.500      11.788      12.226      13.082
    A_05             5.919       6.775       7.213       9.500      11.788      12.226      13.082
    IA              28.234      30.271      31.313      36.755      42.197      43.239      45.277
    SA              -0.706      -0.322      -0.125       0.902       1.928       2.125       2.509
    QA              -0.014      -0.008      -0.005       0.011       0.027       0.030       0.036


SAMPLE STATISTICS FOR ESTIMATED FACTOR SCORES


     SAMPLE STATISTICS


           Means
              IA            IA_SE         SA            SA_SE         QA
              ________      ________      ________      ________      ________
 1             10.661         2.486         0.168         0.855        -0.063


           Means
              QA_SE
              ________
 1              0.099


           Covariances
              IA            IA_SE         SA            SA_SE         QA
              ________      ________      ________      ________      ________
 IA            37.509
 IA_SE         -0.552         0.107
 SA            -1.145         0.023         0.205
 SA_SE         -0.068         0.013         0.003         0.002
 QA             0.088        -0.001        -0.018         0.000         0.002
 QA_SE         -0.006         0.001         0.000         0.000         0.000


           Covariances
              QA_SE
              ________
 QA_SE          0.000


           Correlations
              IA            IA_SE         SA            SA_SE         QA
              ________      ________      ________      ________      ________
 IA             1.000
 IA_SE         -0.275         1.000
 SA            -0.413         0.154         1.000
 SA_SE         -0.270         0.970         0.187         1.000
 QA             0.339        -0.107        -0.916        -0.136         1.000
 QA_SE         -0.273         0.867         0.081         0.903        -0.054


           Correlations
              QA_SE
              ________
 QA_SE          1.000


RESULTS SAVING INFORMATION

  Order of data

    Parameter estimates
     (saved in order shown in Technical 1 output)
    Standard errors
     (saved in order shown in Technical 1 output)
    H0 Loglikelihood
    H0 Scaling Correction Factor for MLR
    Number of Free Parameters
    Akaike (AIC)
    Bayesian (BIC)
    Sample-Size Adjusted BIC

  Save file
    u2_1345_ae_block_results.dat

  Save file format           Free


PLOT INFORMATION

The following plots are available:

  Histograms (sample values, estimated factor scores)
  Scatterplots (sample values, estimated factor scores)
  Latent variable distribution plots

SAVEDATA INFORMATION


  Save file
    u2_1345_ae_block_fscores.dat

  Order and format of variables

    A_01           F10.3
    A_03           F10.3
    A_04           F10.3
    A_05           F10.3
    AGE_C80        F10.3
    EDU_C7         F10.3
    TIME_01        F10.3
    TIME_03        F10.3
    TIME_04        F10.3
    TIME_05        F10.3
    _WEIGHT        F10.3
    IA             F10.3
    IA_SE          F10.3
    SA             F10.3
    SA_SE          F10.3
    QA             F10.3
    QA_SE          F10.3
    PAIRID         I6

  Save file format
    17F10.3 I6

  Save file record length    10000


     Beginning Time:  12:02:03
        Ending Time:  12:02:04
       Elapsed Time:  00:00:01



MUTHEN & MUTHEN
3463 Stoner Ave.
Los Angeles, CA  90066

Tel: (310) 391-9971
Fax: (310) 391-8971
Web: www.StatModel.com
Support: Support@StatModel.com

Copyright (c) 1998-2014 Muthen & Muthen
