Mplus VERSION 7.3
MUTHEN & MUTHEN
12/17/2016   6:13 PM

INPUT INSTRUCTIONS

  TITLE:
  Script produced from the prototype in ./sandbox/syntax-creator/
  DATA:
  File = wide-dataset.dat ;
  VARIABLE:
  NAMES are
   Case PairID female age_c80 edu_c7 sbp_c167 smoke cardio diabetes dementia_ever
      years_since_bl_01 years_since_bl_02 years_since_bl_03 years_since_bl_04
      years_since_bl_05 pef_01 pef_02 pef_03 pef_04 pef_05 grip_01 grip_02 grip_03
      grip_04 grip_05 gait_01 gait_02 gait_03 gait_04 gait_05 block_01 block_02
      block_03 block_04 block_05 digitspanbackward_01 digitspanbackward_02
      digitspanbackward_03 digitspanbackward_04 digitspanbackward_05
      digitspanforward_01 digitspanforward_02 digitspanforward_03 digitspanforward_04
      digitspanforward_05 symbol_01 symbol_02 symbol_03 symbol_04 symbol_05 prose_01
      prose_02 prose_03 prose_04 prose_05 info_01 info_02 info_03 info_04 info_05
      synonyms_01 synonyms_02 synonyms_03 synonyms_04 synonyms_05 psif_01 psif_02
      psif_03 psif_04 psif_05 figure_01 figure_02 figure_03 figure_04 figure_05
      mirrecall_01 mirrecall_02 mirrecall_03 mirrecall_04 mirrecall_05 mmse_01 mmse_02
      mmse_03 mmse_04 mmse_05 mirnaming_01 mirnaming_02 mirnaming_03 mirnaming_04
      mirnaming_05 mirrecog_01 mirrecog_02 mirrecog_03 mirrecog_04 mirrecog_05
      clock_01 clock_02 clock_03 clock_04 clock_05
  	;
  Missing are all (-9999);
  USEVARIABLES are
  	!define the variables used in the analysis
  	! covariates used in the model
  age_c80
  edu_c7
  female
  sbp_c167	
  	!estimated time points
  time_01
  time_02
  time_05
  	!modelled time points of process (A)
  a_01
  a_02
  a_05
  ;
  TSCORES are
  	!estimated time points
  time_01
  time_02
  time_05;
  CLUSTER = PairID;
  SUBPOPULATION are
  	!select a subset of observations
  dementia_ever NE 1
  ;
  DEFINE:
  	! assign variables to the process (A)
  a_01 = block_01;
  a_02 = block_02;
  a_05 = block_05;
  	!assign variables to time points
  time_01 = years_since_bl_01;
  time_02 = years_since_bl_02;
  time_05 = years_since_bl_05;
  	
  ANALYSIS: TYPE = RANDOM COMPLEX;
  COVERAGE=.00;
  MODEL:
  	!first-level equation
  	! assign process (A) to time points
  ia sa qa | a_01 AT time_01 ;
  ia sa qa | a_02 AT time_02 ;
  ia sa qa | a_05 AT time_05 ;
  	!variance of the first-level terms
  ia (v_ia);
  sa (v_sa);
  qa (v_qa);
  	!covariance among first-level terms
  ia WITH sa (c_iasa);
  ia WITH qa (c_iaqa);
  sa WITH qa (c_saqa);
  	!second-level equation
  ia sa qa ON age_c80
  edu_c7
  female
  sbp_c167;
  	!residual covariance of process (A)
  a_01 (res_a);
  a_02 (res_a);
  a_05 (res_a);	
  SAVEDATA:
  FILE is   u2_125_aefb_block_fscores.dat;
  SAVE = FSCORES;
  RESULTS are   u2_125_aefb_block_results.dat;
  	
  OUTPUT: sampstat cinterval;
  PLOT: Type is Plot1 Plot2 Plot3;



*** WARNING
  Data set contains cases with missing on x-variables.
  These cases were not included in the analysis.
  Number of cases with missing on x-variables:  92
*** WARNING
  Data set contains cases with missing on all variables except
  x-variables.  These cases were not included in the analysis.
  Number of cases with missing on all variables except x-variables:  57
   2 WARNING(S) FOUND IN THE INPUT INSTRUCTIONS




Script produced from the prototype in ./sandbox/syntax-creator/

SUMMARY OF ANALYSIS

Number of groups                                                 1
Number of observations                                         401

Number of dependent variables                                    3
Number of independent variables                                  4
Number of continuous latent variables                            3

Observed dependent variables

  Continuous
   A_01        A_02        A_05

Observed independent variables
   AGE_C80     EDU_C7      FEMALE      SBP_C167

Continuous latent variables
   IA          SA          QA

Variables with special functions

  Cluster variable      PAIRID
  Weight variable       _WEIGHT

  Time scores
   TIME_01     TIME_02     TIME_05


Estimator                                                      MLR
Information matrix                                        OBSERVED
Maximum number of iterations                                   100
Convergence criterion                                    0.100D-05
Maximum number of EM iterations                                500
Convergence criteria for the EM algorithm
  Loglikelihood change                                   0.100D-02
  Relative loglikelihood change                          0.100D-05
  Derivative                                             0.100D-03
Minimum variance                                         0.100D-03
Maximum number of steepest descent iterations                   20
Maximum number of iterations for H1                           2000
Convergence criterion for H1                             0.100D-03
Optimization algorithm                                         EMA

Input data file(s)
  wide-dataset.dat
Input data format  FREE



SAMPLE STATISTICS


     ESTIMATED SAMPLE STATISTICS


           Means
              A_01          A_02          A_05          AGE_C80       EDU_C7
              ________      ________      ________      ________      ________
 1             12.286        12.156         9.906         3.142         0.374


           Means
              FEMALE        SBP_C167
              ________      ________
 1              0.653        -5.653


           Covariances
              A_01          A_02          A_05          AGE_C80       EDU_C7
              ________      ________      ________      ________      ________
 A_01          48.718
 A_02          35.747        44.628
 A_05          34.902        34.431        48.115
 AGE_C80       -4.430        -4.288        -3.705         7.582
 EDU_C7         3.732         4.559         3.038        -0.717         6.159
 FEMALE         0.098         0.109         0.180         0.072        -0.140
 SBP_C167      10.807         8.503        -1.466        -4.977         0.107


           Covariances
              FEMALE        SBP_C167
              ________      ________
 FEMALE         0.226
 SBP_C167       0.591       511.902


           Correlations
              A_01          A_02          A_05          AGE_C80       EDU_C7
              ________      ________      ________      ________      ________
 A_01           1.000
 A_02           0.767         1.000
 A_05           0.721         0.743         1.000
 AGE_C80       -0.231        -0.233        -0.194         1.000
 EDU_C7         0.215         0.275         0.176        -0.105         1.000
 FEMALE         0.029         0.034         0.055         0.055        -0.118
 SBP_C167       0.068         0.056        -0.009        -0.080         0.002


           Correlations
              FEMALE        SBP_C167
              ________      ________
 FEMALE         1.000
 SBP_C167       0.055         1.000


     MAXIMUM LOG-LIKELIHOOD VALUE FOR THE UNRESTRICTED (H1) MODEL IS -8994.808


UNIVARIATE HIGHER-ORDER MOMENT DESCRIPTIVE STATISTICS


     UNIVARIATE HIGHER-ORDER MOMENT DESCRIPTIVE STATISTICS

         Variable/         Mean/     Skewness/   Minimum/ % with                Percentiles
        Sample Size      Variance    Kurtosis    Maximum  Min/Max      20%/60%    40%/80%    Median

     A_01                 12.358       0.152       0.000   12.40%       4.000      9.000     10.000
             524.000      48.409      -0.426      33.000    0.19%      13.000     17.000
     A_02                 12.886       0.055       0.000   14.22%       3.000      9.000     10.000
             422.000      43.428      -0.501      30.000    0.47%      13.000     17.000
     A_05                 11.466       0.106       0.000   18.18%       3.000      7.000      9.000
             165.000      46.249      -0.876      25.000    1.82%      12.000     17.000
     AGE_C80               3.142       1.074      -0.581    0.18%       0.874      1.751      2.312
             553.000       7.582       0.523      13.313    0.36%       3.098      5.500
     EDU_C7                0.374       2.241      -7.000    0.18%      -1.000     -1.000     -1.000
             553.000       6.159       7.378      16.000    0.18%       0.000      1.000
     FEMALE                0.653      -0.645       0.000   34.36%       0.000      1.000      1.000
             553.000       0.226      -1.585       1.000   65.64%       1.000      1.000
     SBP_C167             -5.653       0.389     -57.000    1.45%     -27.000    -12.000     -7.000
             553.000     511.902       0.682      93.000    0.18%      -2.000     13.000


THE MODEL ESTIMATION TERMINATED NORMALLY



MODEL FIT INFORMATION

Number of Free Parameters                       22

Loglikelihood

          H0 Value                       -2530.388
          H0 Scaling Correction Factor      0.9469
            for MLR

Information Criteria

          Akaike (AIC)                    5104.776
          Bayesian (BIC)                  5192.643
          Sample-Size Adjusted BIC        5122.835
            (n* = (n + 2) / 24)



MODEL RESULTS

                                                    Two-Tailed
                    Estimate       S.E.  Est./S.E.    P-Value

 IA         ON
    AGE_C80           -0.530      0.132     -4.011      0.000
    EDU_C7             0.567      0.156      3.641      0.000
    FEMALE             0.913      0.782      1.167      0.243
    SBP_C167           0.015      0.014      1.069      0.285

 SA         ON
    AGE_C80            0.015      0.065      0.237      0.813
    EDU_C7             0.093      0.060      1.547      0.122
    FEMALE             0.058      0.321      0.181      0.856
    SBP_C167          -0.002      0.007     -0.256      0.798

 QA         ON
    AGE_C80           -0.001      0.008     -0.119      0.906
    EDU_C7            -0.013      0.009     -1.506      0.132
    FEMALE            -0.002      0.039     -0.050      0.960
    SBP_C167           0.000      0.001     -0.192      0.847

 IA       WITH
    SA                -4.367      1.658     -2.634      0.008
    QA                 0.437      0.182      2.402      0.016

 SA       WITH
    QA                -0.387      0.194     -1.993      0.046

 Intercepts
    A_01               0.000      0.000    999.000    999.000
    A_02               0.000      0.000    999.000    999.000
    A_05               0.000      0.000    999.000    999.000
    IA                13.232      0.761     17.391      0.000
    SA                -0.130      0.307     -0.424      0.671
    QA                -0.029      0.037     -0.774      0.439

 Residual Variances
    A_01               6.309      1.943      3.247      0.001
    A_02               6.309      1.943      3.247      0.001
    A_05               6.309      1.943      3.247      0.001
    IA                37.760      3.599     10.492      0.000
    SA                 3.557      1.734      2.051      0.040
    QA                 0.045      0.022      2.021      0.043


QUALITY OF NUMERICAL RESULTS

     Condition Number for the Information Matrix              0.531E-07
       (ratio of smallest to largest eigenvalue)


CONFIDENCE INTERVALS OF MODEL RESULTS

                  Lower .5%  Lower 2.5%    Lower 5%    Estimate    Upper 5%  Upper 2.5%   Upper .5%

 IA       ON
    AGE_C80         -0.870      -0.789      -0.747      -0.530      -0.313      -0.271      -0.190
    EDU_C7           0.166       0.262       0.311       0.567       0.823       0.872       0.967
    FEMALE          -1.102      -0.620      -0.374       0.913       2.199       2.446       2.927
    SBP_C167        -0.021      -0.012      -0.008       0.015       0.038       0.042       0.050

 SA       ON
    AGE_C80         -0.153      -0.112      -0.092       0.015       0.123       0.143       0.183
    EDU_C7          -0.062      -0.025      -0.006       0.093       0.193       0.212       0.249
    FEMALE          -0.768      -0.571      -0.470       0.058       0.586       0.687       0.885
    SBP_C167        -0.019      -0.015      -0.013      -0.002       0.010       0.012       0.016

 QA       ON
    AGE_C80         -0.022      -0.017      -0.014      -0.001       0.013       0.015       0.020
    EDU_C7          -0.035      -0.030      -0.027      -0.013       0.001       0.004       0.009
    FEMALE          -0.103      -0.079      -0.067      -0.002       0.063       0.075       0.100
    SBP_C167        -0.002      -0.002      -0.001       0.000       0.001       0.001       0.002

 IA       WITH
    SA              -8.636      -7.616      -7.094      -4.367      -1.640      -1.118      -0.097
    QA              -0.032       0.080       0.138       0.437       0.736       0.794       0.906

 SA       WITH
    QA              -0.886      -0.767      -0.706      -0.387      -0.068      -0.006       0.113

 Intercepts
    A_01             0.000       0.000       0.000       0.000       0.000       0.000       0.000
    A_02             0.000       0.000       0.000       0.000       0.000       0.000       0.000
    A_05             0.000       0.000       0.000       0.000       0.000       0.000       0.000
    IA              11.272      11.741      11.980      13.232      14.484      14.723      15.192
    SA              -0.920      -0.731      -0.635      -0.130       0.374       0.471       0.660
    QA              -0.124      -0.101      -0.089      -0.029       0.032       0.044       0.067

 Residual Variances
    A_01             1.304       2.501       3.113       6.309       9.505      10.117      11.314
    A_02             1.304       2.501       3.113       6.309       9.505      10.117      11.314
    A_05             1.304       2.501       3.113       6.309       9.505      10.117      11.314
    IA              28.490      30.706      31.840      37.760      43.680      44.813      47.029
    SA              -0.909       0.159       0.705       3.557       6.409       6.955       8.023
    QA              -0.012       0.001       0.008       0.045       0.081       0.088       0.101


SAMPLE STATISTICS FOR ESTIMATED FACTOR SCORES


     SAMPLE STATISTICS


           Means
              IA            IA_SE         SA            SA_SE         QA
              ________      ________      ________      ________      ________
 1             10.912         2.198        -0.049         1.534        -0.031


           Means
              QA_SE
              ________
 1              0.175


           Covariances
              IA            IA_SE         SA            SA_SE         QA
              ________      ________      ________      ________      ________
 IA            41.351
 IA_SE         -0.507         0.133
 SA            -2.283         0.006         1.290
 SA_SE         -0.256         0.043         0.026         0.026
 QA             0.198         0.000        -0.137        -0.002         0.015
 QA_SE         -0.027         0.004         0.003         0.003         0.000


           Covariances
              QA_SE
              ________
 QA_SE          0.000


           Correlations
              IA            IA_SE         SA            SA_SE         QA
              ________      ________      ________      ________      ________
 IA             1.000
 IA_SE         -0.216         1.000
 SA            -0.313         0.014         1.000
 SA_SE         -0.246         0.722         0.141         1.000
 QA             0.250         0.004        -0.980        -0.120         1.000
 QA_SE         -0.246         0.687         0.129         0.992        -0.109


           Correlations
              QA_SE
              ________
 QA_SE          1.000


RESULTS SAVING INFORMATION

  Order of data

    Parameter estimates
     (saved in order shown in Technical 1 output)
    Standard errors
     (saved in order shown in Technical 1 output)
    H0 Loglikelihood
    H0 Scaling Correction Factor for MLR
    Number of Free Parameters
    Akaike (AIC)
    Bayesian (BIC)
    Sample-Size Adjusted BIC

  Save file
    u2_125_aefb_block_results.dat

  Save file format           Free


PLOT INFORMATION

The following plots are available:

  Histograms (sample values, estimated factor scores)
  Scatterplots (sample values, estimated factor scores)
  Latent variable distribution plots

SAVEDATA INFORMATION


  Save file
    u2_125_aefb_block_fscores.dat

  Order and format of variables

    A_01           F10.3
    A_02           F10.3
    A_05           F10.3
    AGE_C80        F10.3
    EDU_C7         F10.3
    FEMALE         F10.3
    SBP_C167       F10.3
    TIME_01        F10.3
    TIME_02        F10.3
    TIME_05        F10.3
    _WEIGHT        F10.3
    IA             F10.3
    IA_SE          F10.3
    SA             F10.3
    SA_SE          F10.3
    QA             F10.3
    QA_SE          F10.3
    PAIRID         I6

  Save file format
    17F10.3 I6

  Save file record length    10000


     Beginning Time:  18:13:57
        Ending Time:  18:13:58
       Elapsed Time:  00:00:01



MUTHEN & MUTHEN
3463 Stoner Ave.
Los Angeles, CA  90066

Tel: (310) 391-9971
Fax: (310) 391-8971
Web: www.StatModel.com
Support: Support@StatModel.com

Copyright (c) 1998-2014 Muthen & Muthen
