Mplus VERSION 7.3
MUTHEN & MUTHEN
12/17/2016   6:03 PM

INPUT INSTRUCTIONS

  TITLE:
  Script produced from the prototype in ./sandbox/syntax-creator/
  DATA:
  File = wide-dataset.dat ;
  VARIABLE:
  NAMES are
   Case PairID female age_c80 edu_c7 sbp_c167 smoke cardio diabetes dementia_ever
      years_since_bl_01 years_since_bl_02 years_since_bl_03 years_since_bl_04
      years_since_bl_05 pef_01 pef_02 pef_03 pef_04 pef_05 grip_01 grip_02 grip_03
      grip_04 grip_05 gait_01 gait_02 gait_03 gait_04 gait_05 block_01 block_02
      block_03 block_04 block_05 digitspanbackward_01 digitspanbackward_02
      digitspanbackward_03 digitspanbackward_04 digitspanbackward_05
      digitspanforward_01 digitspanforward_02 digitspanforward_03 digitspanforward_04
      digitspanforward_05 symbol_01 symbol_02 symbol_03 symbol_04 symbol_05 prose_01
      prose_02 prose_03 prose_04 prose_05 info_01 info_02 info_03 info_04 info_05
      synonyms_01 synonyms_02 synonyms_03 synonyms_04 synonyms_05 psif_01 psif_02
      psif_03 psif_04 psif_05 figure_01 figure_02 figure_03 figure_04 figure_05
      mirrecall_01 mirrecall_02 mirrecall_03 mirrecall_04 mirrecall_05 mmse_01 mmse_02
      mmse_03 mmse_04 mmse_05 mirnaming_01 mirnaming_02 mirnaming_03 mirnaming_04
      mirnaming_05 mirrecog_01 mirrecog_02 mirrecog_03 mirrecog_04 mirrecog_05
      clock_01 clock_02 clock_03 clock_04 clock_05
  	;
  Missing are all (-9999);
  USEVARIABLES are
  	!define the variables used in the analysis
  	! covariates used in the model
  age_c80
  edu_c7
  female
  sbp_c167	
  	!estimated time points
  time_01
  time_03
  time_05
  	!modelled time points of process (A)
  a_01
  a_03
  a_05
  ;
  TSCORES are
  	!estimated time points
  time_01
  time_03
  time_05;
  CLUSTER = PairID;
  SUBPOPULATION are
  	!select a subset of observations
  dementia_ever NE 1
  ;
  DEFINE:
  	! assign variables to the process (A)
  a_01 = block_01;
  a_03 = block_03;
  a_05 = block_05;
  	!assign variables to time points
  time_01 = years_since_bl_01;
  time_03 = years_since_bl_03;
  time_05 = years_since_bl_05;
  	
  ANALYSIS: TYPE = RANDOM COMPLEX;
  COVERAGE=.00;
  MODEL:
  	!first-level equation
  	! assign process (A) to time points
  ia sa qa | a_01 AT time_01 ;
  ia sa qa | a_03 AT time_03 ;
  ia sa qa | a_05 AT time_05 ;
  	!variance of the first-level terms
  ia (v_ia);
  sa (v_sa);
  qa (v_qa);
  	!covariance among first-level terms
  ia WITH sa (c_iasa);
  ia WITH qa (c_iaqa);
  sa WITH qa (c_saqa);
  	!second-level equation
  ia sa qa ON age_c80
  edu_c7
  female
  sbp_c167;
  	!residual covariance of process (A)
  a_01 (res_a);
  a_03 (res_a);
  a_05 (res_a);	
  SAVEDATA:
  FILE is   u2_135_aefb_block_fscores.dat;
  SAVE = FSCORES;
  RESULTS are   u2_135_aefb_block_results.dat;
  	
  OUTPUT: sampstat cinterval;
  PLOT: Type is Plot1 Plot2 Plot3;



*** WARNING
  Data set contains cases with missing on x-variables.
  These cases were not included in the analysis.
  Number of cases with missing on x-variables:  92
*** WARNING
  Data set contains cases with missing on all variables except
  x-variables.  These cases were not included in the analysis.
  Number of cases with missing on all variables except x-variables:  68
   2 WARNING(S) FOUND IN THE INPUT INSTRUCTIONS




Script produced from the prototype in ./sandbox/syntax-creator/

SUMMARY OF ANALYSIS

Number of groups                                                 1
Number of observations                                         399

Number of dependent variables                                    3
Number of independent variables                                  4
Number of continuous latent variables                            3

Observed dependent variables

  Continuous
   A_01        A_03        A_05

Observed independent variables
   AGE_C80     EDU_C7      FEMALE      SBP_C167

Continuous latent variables
   IA          SA          QA

Variables with special functions

  Cluster variable      PAIRID
  Weight variable       _WEIGHT

  Time scores
   TIME_01     TIME_03     TIME_05


Estimator                                                      MLR
Information matrix                                        OBSERVED
Maximum number of iterations                                   100
Convergence criterion                                    0.100D-05
Maximum number of EM iterations                                500
Convergence criteria for the EM algorithm
  Loglikelihood change                                   0.100D-02
  Relative loglikelihood change                          0.100D-05
  Derivative                                             0.100D-03
Minimum variance                                         0.100D-03
Maximum number of steepest descent iterations                   20
Maximum number of iterations for H1                           2000
Convergence criterion for H1                             0.100D-03
Optimization algorithm                                         EMA

Input data file(s)
  wide-dataset.dat
Input data format  FREE



SAMPLE STATISTICS


     ESTIMATED SAMPLE STATISTICS


           Means
              A_01          A_03          A_05          AGE_C80       EDU_C7
              ________      ________      ________      ________      ________
 1             12.260        11.949         9.823         3.133         0.363


           Means
              FEMALE        SBP_C167
              ________      ________
 1              0.649        -5.496


           Covariances
              A_01          A_03          A_05          AGE_C80       EDU_C7
              ________      ________      ________      ________      ________
 A_01          48.489
 A_03          33.746        42.708
 A_05          34.024        32.493        47.288
 AGE_C80       -4.169        -3.471        -2.878         7.504
 EDU_C7         3.733         3.828         2.810        -0.698         6.281
 FEMALE         0.134         0.277         0.209         0.065        -0.131
 SBP_C167      10.409         5.882        -0.929        -4.998        -0.333


           Covariances
              FEMALE        SBP_C167
              ________      ________
 FEMALE         0.228
 SBP_C167       0.678       509.518


           Correlations
              A_01          A_03          A_05          AGE_C80       EDU_C7
              ________      ________      ________      ________      ________
 A_01           1.000
 A_03           0.742         1.000
 A_05           0.711         0.723         1.000
 AGE_C80       -0.219        -0.194        -0.153         1.000
 EDU_C7         0.214         0.234         0.163        -0.102         1.000
 FEMALE         0.040         0.089         0.064         0.050        -0.109
 SBP_C167       0.066         0.040        -0.006        -0.081        -0.006


           Correlations
              FEMALE        SBP_C167
              ________      ________
 FEMALE         1.000
 SBP_C167       0.063         1.000


     MAXIMUM LOG-LIKELIHOOD VALUE FOR THE UNRESTRICTED (H1) MODEL IS -8633.305


UNIVARIATE HIGHER-ORDER MOMENT DESCRIPTIVE STATISTICS


     UNIVARIATE HIGHER-ORDER MOMENT DESCRIPTIVE STATISTICS

         Variable/         Mean/     Skewness/   Minimum/ % with                Percentiles
        Sample Size      Variance    Kurtosis    Maximum  Min/Max      20%/60%    40%/80%    Median

     A_01                 12.358       0.152       0.000   12.40%       4.000      9.000     10.000
             524.000      48.409      -0.426      33.000    0.19%      13.000     17.000
     A_03                 12.843       0.239       0.000   15.36%       3.000      9.000     10.000
             332.000      41.868      -0.150      31.000    0.60%      13.000     17.000
     A_05                 11.466       0.106       0.000   18.18%       3.000      7.000      9.000
             165.000      46.249      -0.876      25.000    1.82%      12.000     17.000
     AGE_C80               3.133       1.056      -0.581    0.18%       0.874      1.716      2.290
             542.000       7.504       0.465      13.313    0.37%       3.098      5.685
     EDU_C7                0.363       2.166      -7.000    0.18%      -1.000     -1.000     -1.000
             542.000       6.281       7.137      16.000    0.18%       0.000      1.000
     FEMALE                0.649      -0.625       0.000   34.69%       0.000      1.000      1.000
             542.000       0.228      -1.609       1.000   65.31%       1.000      1.000
     SBP_C167             -5.496       0.386     -57.000    1.48%     -27.000     -7.000     -7.000
             542.000     509.518       0.706      93.000    0.18%      -2.000     13.000


THE MODEL ESTIMATION TERMINATED NORMALLY



MODEL FIT INFORMATION

Number of Free Parameters                       22

Loglikelihood

          H0 Value                       -2381.958
          H0 Scaling Correction Factor      0.9838
            for MLR

Information Criteria

          Akaike (AIC)                    4807.916
          Bayesian (BIC)                  4895.673
          Sample-Size Adjusted BIC        4825.866
            (n* = (n + 2) / 24)



MODEL RESULTS

                                                    Two-Tailed
                    Estimate       S.E.  Est./S.E.    P-Value

 IA         ON
    AGE_C80           -0.503      0.133     -3.790      0.000
    EDU_C7             0.560      0.154      3.632      0.000
    FEMALE             1.013      0.783      1.293      0.196
    SBP_C167           0.014      0.014      1.028      0.304

 SA         ON
    AGE_C80            0.025      0.061      0.409      0.683
    EDU_C7             0.034      0.064      0.527      0.599
    FEMALE             0.277      0.268      1.034      0.301
    SBP_C167          -0.002      0.006     -0.281      0.779

 QA         ON
    AGE_C80           -0.001      0.009     -0.103      0.918
    EDU_C7            -0.006      0.009     -0.660      0.509
    FEMALE            -0.030      0.036     -0.855      0.393
    SBP_C167           0.000      0.001     -0.173      0.863

 IA       WITH
    SA                -2.502      1.304     -1.919      0.055
    QA                 0.232      0.154      1.513      0.130

 SA       WITH
    QA                -0.151      0.112     -1.347      0.178

 Intercepts
    A_01               0.000      0.000    999.000    999.000
    A_03               0.000      0.000    999.000    999.000
    A_05               0.000      0.000    999.000    999.000
    IA                13.055      0.761     17.155      0.000
    SA                -0.138      0.259     -0.533      0.594
    QA                -0.031      0.034     -0.899      0.369

 Residual Variances
    A_01               8.237      2.093      3.935      0.000
    A_03               8.237      2.093      3.935      0.000
    A_05               8.237      2.093      3.935      0.000
    IA                35.767      3.560     10.048      0.000
    SA                 1.332      0.925      1.440      0.150
    QA                 0.020      0.014      1.386      0.166


QUALITY OF NUMERICAL RESULTS

     Condition Number for the Information Matrix              0.586E-07
       (ratio of smallest to largest eigenvalue)


CONFIDENCE INTERVALS OF MODEL RESULTS

                  Lower .5%  Lower 2.5%    Lower 5%    Estimate    Upper 5%  Upper 2.5%   Upper .5%

 IA       ON
    AGE_C80         -0.844      -0.763      -0.721      -0.503      -0.284      -0.243      -0.161
    EDU_C7           0.163       0.258       0.306       0.560       0.814       0.862       0.957
    FEMALE          -1.005      -0.523      -0.276       1.013       2.302       2.548       3.031
    SBP_C167        -0.022      -0.013      -0.009       0.014       0.037       0.042       0.050

 SA       ON
    AGE_C80         -0.132      -0.095      -0.075       0.025       0.125       0.144       0.182
    EDU_C7          -0.131      -0.092      -0.072       0.034       0.139       0.159       0.198
    FEMALE          -0.413      -0.248      -0.164       0.277       0.718       0.802       0.967
    SBP_C167        -0.016      -0.012      -0.011      -0.002       0.008       0.009       0.013

 QA       ON
    AGE_C80         -0.023      -0.018      -0.015      -0.001       0.013       0.016       0.021
    EDU_C7          -0.030      -0.024      -0.021      -0.006       0.009       0.012       0.018
    FEMALE          -0.122      -0.100      -0.089      -0.030       0.028       0.039       0.061
    SBP_C167        -0.002      -0.002      -0.001       0.000       0.001       0.001       0.002

 IA       WITH
    SA              -5.862      -5.058      -4.648      -2.502      -0.357       0.054       0.857
    QA              -0.163      -0.069      -0.020       0.232       0.485       0.533       0.628

 SA       WITH
    QA              -0.439      -0.370      -0.335      -0.151       0.033       0.069       0.137

 Intercepts
    A_01             0.000       0.000       0.000       0.000       0.000       0.000       0.000
    A_03             0.000       0.000       0.000       0.000       0.000       0.000       0.000
    A_05             0.000       0.000       0.000       0.000       0.000       0.000       0.000
    IA              11.095      11.564      11.804      13.055      14.307      14.547      15.016
    SA              -0.804      -0.645      -0.563      -0.138       0.287       0.369       0.528
    QA              -0.120      -0.098      -0.088      -0.031       0.026       0.037       0.058

 Residual Variances
    A_01             2.846       4.135       4.794       8.237      11.681      12.340      13.629
    A_03             2.846       4.135       4.794       8.237      11.681      12.340      13.629
    A_05             2.846       4.135       4.794       8.237      11.681      12.340      13.629
    IA              26.598      28.790      29.911      35.767      41.622      42.744      44.936
    SA              -1.050      -0.481      -0.190       1.332       2.853       3.144       3.713
    QA              -0.017      -0.008      -0.004       0.020       0.043       0.047       0.056


SAMPLE STATISTICS FOR ESTIMATED FACTOR SCORES


     SAMPLE STATISTICS


           Means
              IA            IA_SE         SA            SA_SE         QA
              ________      ________      ________      ________      ________
 1             10.959         2.390         0.138         1.022        -0.055


           Means
              QA_SE
              ________
 1              0.127


           Covariances
              IA            IA_SE         SA            SA_SE         QA
              ________      ________      ________      ________      ________
 IA            37.723
 IA_SE         -0.465         0.088
 SA            -1.602         0.016         0.345
 SA_SE         -0.091         0.016         0.006         0.004
 QA             0.131        -0.001        -0.035         0.000         0.004
 QA_SE         -0.012         0.002         0.000         0.000         0.000


           Covariances
              QA_SE
              ________
 QA_SE          0.000


           Correlations
              IA            IA_SE         SA            SA_SE         QA
              ________      ________      ________      ________      ________
 IA             1.000
 IA_SE         -0.255         1.000
 SA            -0.444         0.093         1.000
 SA_SE         -0.236         0.874         0.175         1.000
 QA             0.333        -0.045        -0.940        -0.118         1.000
 QA_SE         -0.243         0.771         0.071         0.911        -0.015


           Correlations
              QA_SE
              ________
 QA_SE          1.000


RESULTS SAVING INFORMATION

  Order of data

    Parameter estimates
     (saved in order shown in Technical 1 output)
    Standard errors
     (saved in order shown in Technical 1 output)
    H0 Loglikelihood
    H0 Scaling Correction Factor for MLR
    Number of Free Parameters
    Akaike (AIC)
    Bayesian (BIC)
    Sample-Size Adjusted BIC

  Save file
    u2_135_aefb_block_results.dat

  Save file format           Free


PLOT INFORMATION

The following plots are available:

  Histograms (sample values, estimated factor scores)
  Scatterplots (sample values, estimated factor scores)
  Latent variable distribution plots

SAVEDATA INFORMATION


  Save file
    u2_135_aefb_block_fscores.dat

  Order and format of variables

    A_01           F10.3
    A_03           F10.3
    A_05           F10.3
    AGE_C80        F10.3
    EDU_C7         F10.3
    FEMALE         F10.3
    SBP_C167       F10.3
    TIME_01        F10.3
    TIME_03        F10.3
    TIME_05        F10.3
    _WEIGHT        F10.3
    IA             F10.3
    IA_SE          F10.3
    SA             F10.3
    SA_SE          F10.3
    QA             F10.3
    QA_SE          F10.3
    PAIRID         I6

  Save file format
    17F10.3 I6

  Save file record length    10000


     Beginning Time:  18:03:36
        Ending Time:  18:03:45
       Elapsed Time:  00:00:09



MUTHEN & MUTHEN
3463 Stoner Ave.
Los Angeles, CA  90066

Tel: (310) 391-9971
Fax: (310) 391-8971
Web: www.StatModel.com
Support: Support@StatModel.com

Copyright (c) 1998-2014 Muthen & Muthen
