Mplus VERSION 7.3
MUTHEN & MUTHEN
12/17/2016  11:48 AM

INPUT INSTRUCTIONS

  TITLE:
  Script produced from the prototype in ./sandbox/syntax-creator/
  DATA:
  File = wide-dataset.dat ;
  VARIABLE:
  NAMES are
   Case PairID female age_c80 edu_c7 sbp_c167 smoke cardio diabetes dementia_ever
      years_since_bl_01 years_since_bl_02 years_since_bl_03 years_since_bl_04
      years_since_bl_05 pef_01 pef_02 pef_03 pef_04 pef_05 grip_01 grip_02 grip_03
      grip_04 grip_05 gait_01 gait_02 gait_03 gait_04 gait_05 block_01 block_02
      block_03 block_04 block_05 digitspanbackward_01 digitspanbackward_02
      digitspanbackward_03 digitspanbackward_04 digitspanbackward_05
      digitspanforward_01 digitspanforward_02 digitspanforward_03 digitspanforward_04
      digitspanforward_05 symbol_01 symbol_02 symbol_03 symbol_04 symbol_05 prose_01
      prose_02 prose_03 prose_04 prose_05 info_01 info_02 info_03 info_04 info_05
      synonyms_01 synonyms_02 synonyms_03 synonyms_04 synonyms_05 psif_01 psif_02
      psif_03 psif_04 psif_05 figure_01 figure_02 figure_03 figure_04 figure_05
      mirrecall_01 mirrecall_02 mirrecall_03 mirrecall_04 mirrecall_05 mmse_01 mmse_02
      mmse_03 mmse_04 mmse_05 mirnaming_01 mirnaming_02 mirnaming_03 mirnaming_04
      mirnaming_05 mirrecog_01 mirrecog_02 mirrecog_03 mirrecog_04 mirrecog_05
      clock_01 clock_02 clock_03 clock_04 clock_05
  	;
  Missing are all (-9999);
  USEVARIABLES are
  	!define the variables used in the analysis
  	! covariates used in the model
  age_c80
  edu_c7
  female
  sbp_c167	
  	!estimated time points
  time_01
  time_02
  time_05
  	!modelled time points of process (A)
  a_01
  a_02
  a_05
  ;
  TSCORES are
  	!estimated time points
  time_01
  time_02
  time_05;
  CLUSTER = PairID;
  SUBPOPULATION are
  	!select a subset of observations
  dementia_ever NE 1
  ;
  DEFINE:
  	! assign variables to the process (A)
  a_01 = info_01;
  a_02 = info_02;
  a_05 = info_05;
  	!assign variables to time points
  time_01 = years_since_bl_01;
  time_02 = years_since_bl_02;
  time_05 = years_since_bl_05;
  	
  ANALYSIS: TYPE = RANDOM COMPLEX;
  COVERAGE=.00;
  MODEL:
  	!first-level equation
  	! assign process (A) to time points
  ia sa | a_01 AT time_01 ;
  ia sa | a_02 AT time_02 ;
  ia sa | a_05 AT time_05 ;
  	!variance of the first-level terms
  ia (v_ia);
  sa (v_sa);
  	!covariance among first-level terms
  ia WITH sa (c_iasa);
  	!second-level equation
  ia sa ON age_c80
  edu_c7
  female
  sbp_c167;
  	!residual covariance of process (A)
  a_01 (res_a);
  a_02 (res_a);
  a_05 (res_a);	
  SAVEDATA:
  FILE is   u1_125_aefb_info_fscores.dat;
  SAVE = FSCORES;
  RESULTS are   u1_125_aefb_info_results.dat;
  	
  OUTPUT: sampstat cinterval;
  PLOT: Type is Plot1 Plot2 Plot3;



*** WARNING
  Data set contains cases with missing on x-variables.
  These cases were not included in the analysis.
  Number of cases with missing on x-variables:  92
*** WARNING
  Data set contains cases with missing on all variables except
  x-variables.  These cases were not included in the analysis.
  Number of cases with missing on all variables except x-variables:  32
   2 WARNING(S) FOUND IN THE INPUT INSTRUCTIONS




Script produced from the prototype in ./sandbox/syntax-creator/

SUMMARY OF ANALYSIS

Number of groups                                                 1
Number of observations                                         427

Number of dependent variables                                    3
Number of independent variables                                  4
Number of continuous latent variables                            2

Observed dependent variables

  Continuous
   A_01        A_02        A_05

Observed independent variables
   AGE_C80     EDU_C7      FEMALE      SBP_C167

Continuous latent variables
   IA          SA

Variables with special functions

  Cluster variable      PAIRID
  Weight variable       _WEIGHT

  Time scores
   TIME_01     TIME_02     TIME_05


Estimator                                                      MLR
Information matrix                                        OBSERVED
Maximum number of iterations                                   100
Convergence criterion                                    0.100D-05
Maximum number of EM iterations                                500
Convergence criteria for the EM algorithm
  Loglikelihood change                                   0.100D-02
  Relative loglikelihood change                          0.100D-05
  Derivative                                             0.100D-03
Minimum variance                                         0.100D-03
Maximum number of steepest descent iterations                   20
Maximum number of iterations for H1                           2000
Convergence criterion for H1                             0.100D-03
Optimization algorithm                                         EMA

Input data file(s)
  wide-dataset.dat
Input data format  FREE



SAMPLE STATISTICS


     ESTIMATED SAMPLE STATISTICS


           Means
              A_01          A_02          A_05          AGE_C80       EDU_C7
              ________      ________      ________      ________      ________
 1             29.359        29.562        24.910         3.374         0.293


           Means
              FEMALE        SBP_C167
              ________      ________
 1              0.660        -6.227


           Covariances
              A_01          A_02          A_05          AGE_C80       EDU_C7
              ________      ________      ________      ________      ________
 A_01         106.377
 A_02          94.835       106.775
 A_05          93.431        96.763       135.133
 AGE_C80       -7.351        -7.885        -9.033         9.224
 EDU_C7         9.781         9.367         9.191        -0.386         5.720
 FEMALE        -1.021        -0.852        -0.713         0.097        -0.100
 SBP_C167      10.345         5.374       -12.821        -5.576         0.570


           Covariances
              FEMALE        SBP_C167
              ________      ________
 FEMALE         0.224
 SBP_C167       0.754       500.457


           Correlations
              A_01          A_02          A_05          AGE_C80       EDU_C7
              ________      ________      ________      ________      ________
 A_01           1.000
 A_02           0.890         1.000
 A_05           0.779         0.806         1.000
 AGE_C80       -0.235        -0.251        -0.256         1.000
 EDU_C7         0.397         0.379         0.331        -0.053         1.000
 FEMALE        -0.209        -0.174        -0.129         0.067        -0.088
 SBP_C167       0.045         0.023        -0.049        -0.082         0.011


           Correlations
              FEMALE        SBP_C167
              ________      ________
 FEMALE         1.000
 SBP_C167       0.071         1.000


     MAXIMUM LOG-LIKELIHOOD VALUE FOR THE UNRESTRICTED (H1) MODEL IS -9824.748


UNIVARIATE HIGHER-ORDER MOMENT DESCRIPTIVE STATISTICS


     UNIVARIATE HIGHER-ORDER MOMENT DESCRIPTIVE STATISTICS

         Variable/         Mean/     Skewness/   Minimum/ % with                Percentiles
        Sample Size      Variance    Kurtosis    Maximum  Min/Max      20%/60%    40%/80%    Median

     A_01                 29.553      -0.734       0.000    1.27%      16.000     26.000     30.000
             552.000     104.946      -0.167      44.000    3.08%      33.000     38.000
     A_02                 30.748      -0.641       0.000    1.15%      17.000     27.000     30.000
             434.000      92.432      -0.354      44.000    4.38%      33.000     38.000
     A_05                 27.630      -0.509       1.000    0.56%      14.000     26.000     29.000
             177.000     108.155      -0.666      44.000    3.39%      31.000     36.000
     AGE_C80               3.374       1.347      -0.630    0.17%       0.904      1.839      2.460
             578.000       9.224       2.190      17.918    0.17%       3.334      5.825
     EDU_C7                0.293       1.888      -7.000    0.17%      -1.000     -1.000     -1.000
             578.000       5.720       5.052      13.000    0.17%       0.000      1.000
     FEMALE                0.660      -0.678       0.000   33.91%       0.000      1.000      1.000
             578.000       0.224      -1.541       1.000   66.09%       1.000      1.000
     SBP_C167             -6.227       0.407     -67.000    0.17%     -27.000    -12.000     -7.000
             578.000     500.457       0.728      93.000    0.17%      -7.000     13.000


THE MODEL ESTIMATION TERMINATED NORMALLY



MODEL FIT INFORMATION

Number of Free Parameters                       14

Loglikelihood

          H0 Value                       -3001.915
          H0 Scaling Correction Factor      1.0815
            for MLR

Information Criteria

          Akaike (AIC)                    6031.829
          Bayesian (BIC)                  6088.624
          Sample-Size Adjusted BIC        6044.197
            (n* = (n + 2) / 24)



MODEL RESULTS

                                                    Two-Tailed
                    Estimate       S.E.  Est./S.E.    P-Value

 IA         ON
    AGE_C80           -0.705      0.166     -4.242      0.000
    EDU_C7             1.591      0.160      9.965      0.000
    FEMALE            -3.424      0.963     -3.554      0.000
    SBP_C167           0.016      0.021      0.770      0.441

 SA         ON
    AGE_C80           -0.016      0.029     -0.528      0.597
    EDU_C7            -0.011      0.028     -0.403      0.687
    FEMALE             0.143      0.160      0.892      0.372
    SBP_C167          -0.006      0.003     -1.983      0.047

 IA       WITH
    SA                -0.623      0.717     -0.868      0.385

 Intercepts
    A_01               0.000      0.000    999.000    999.000
    A_02               0.000      0.000    999.000    999.000
    A_05               0.000      0.000    999.000    999.000
    IA                34.070      0.865     39.366      0.000
    SA                -0.568      0.152     -3.739      0.000

 Residual Variances
    A_01              12.241      1.156     10.593      0.000
    A_02              12.241      1.156     10.593      0.000
    A_05              12.241      1.156     10.593      0.000
    IA                71.575      6.082     11.768      0.000
    SA                 0.495      0.107      4.635      0.000


QUALITY OF NUMERICAL RESULTS

     Condition Number for the Information Matrix              0.550E-03
       (ratio of smallest to largest eigenvalue)


CONFIDENCE INTERVALS OF MODEL RESULTS

                  Lower .5%  Lower 2.5%    Lower 5%    Estimate    Upper 5%  Upper 2.5%   Upper .5%

 IA       ON
    AGE_C80         -1.133      -1.031      -0.978      -0.705      -0.432      -0.379      -0.277
    EDU_C7           1.180       1.278       1.328       1.591       1.853       1.904       2.002
    FEMALE          -5.906      -5.312      -5.009      -3.424      -1.839      -1.536      -0.942
    SBP_C167        -0.039      -0.025      -0.019       0.016       0.052       0.058       0.071

 SA       ON
    AGE_C80         -0.091      -0.073      -0.064      -0.016       0.033       0.042       0.060
    EDU_C7          -0.085      -0.067      -0.058      -0.011       0.035       0.044       0.062
    FEMALE          -0.270      -0.171      -0.121       0.143       0.406       0.457       0.555
    SBP_C167        -0.013      -0.012      -0.011      -0.006      -0.001       0.000       0.002

 IA       WITH
    SA              -2.470      -2.029      -1.803      -0.623       0.557       0.783       1.225

 Intercepts
    A_01             0.000       0.000       0.000       0.000       0.000       0.000       0.000
    A_02             0.000       0.000       0.000       0.000       0.000       0.000       0.000
    A_05             0.000       0.000       0.000       0.000       0.000       0.000       0.000
    IA              31.841      32.374      32.646      34.070      35.494      35.766      36.299
    SA              -0.960      -0.866      -0.818      -0.568      -0.318      -0.270      -0.177

 Residual Variances
    A_01             9.264       9.976      10.340      12.241      14.142      14.506      15.217
    A_02             9.264       9.976      10.340      12.241      14.142      14.506      15.217
    A_05             9.264       9.976      10.340      12.241      14.142      14.506      15.217
    IA              55.909      59.654      61.570      71.575      81.580      83.496      87.241
    SA               0.220       0.286       0.319       0.495       0.671       0.705       0.770


SAMPLE STATISTICS FOR ESTIMATED FACTOR SCORES


     SAMPLE STATISTICS


           Means
              IA            IA_SE         SA            SA_SE
              ________      ________      ________      ________
 1             27.354         2.701        -0.516         0.614


           Covariances
              IA            IA_SE         SA            SA_SE
              ________      ________      ________      ________
 IA           116.104
 IA_SE         -1.336         0.137
 SA            -0.330         0.017         0.140
 SA_SE         -0.306         0.019         0.005         0.012


           Correlations
              IA            IA_SE         SA            SA_SE
              ________      ________      ________      ________
 IA             1.000
 IA_SE         -0.335         1.000
 SA            -0.082         0.124         1.000
 SA_SE         -0.262         0.485         0.112         1.000


RESULTS SAVING INFORMATION

  Order of data

    Parameter estimates
     (saved in order shown in Technical 1 output)
    Standard errors
     (saved in order shown in Technical 1 output)
    H0 Loglikelihood
    H0 Scaling Correction Factor for MLR
    Number of Free Parameters
    Akaike (AIC)
    Bayesian (BIC)
    Sample-Size Adjusted BIC

  Save file
    u1_125_aefb_info_results.dat

  Save file format           Free


PLOT INFORMATION

The following plots are available:

  Histograms (sample values, estimated factor scores)
  Scatterplots (sample values, estimated factor scores)
  Latent variable distribution plots

SAVEDATA INFORMATION


  Save file
    u1_125_aefb_info_fscores.dat

  Order and format of variables

    A_01           F10.3
    A_02           F10.3
    A_05           F10.3
    AGE_C80        F10.3
    EDU_C7         F10.3
    FEMALE         F10.3
    SBP_C167       F10.3
    TIME_01        F10.3
    TIME_02        F10.3
    TIME_05        F10.3
    _WEIGHT        F10.3
    IA             F10.3
    IA_SE          F10.3
    SA             F10.3
    SA_SE          F10.3
    PAIRID         I6

  Save file format
    15F10.3 I6

  Save file record length    10000


     Beginning Time:  11:48:51
        Ending Time:  11:48:51
       Elapsed Time:  00:00:00



MUTHEN & MUTHEN
3463 Stoner Ave.
Los Angeles, CA  90066

Tel: (310) 391-9971
Fax: (310) 391-8971
Web: www.StatModel.com
Support: Support@StatModel.com

Copyright (c) 1998-2014 Muthen & Muthen
