Mplus VERSION 7.3
MUTHEN & MUTHEN
12/17/2016  11:48 AM

INPUT INSTRUCTIONS

  TITLE:
  Script produced from the prototype in ./sandbox/syntax-creator/
  DATA:
  File = wide-dataset.dat ;
  VARIABLE:
  NAMES are
   Case PairID female age_c80 edu_c7 sbp_c167 smoke cardio diabetes dementia_ever
      years_since_bl_01 years_since_bl_02 years_since_bl_03 years_since_bl_04
      years_since_bl_05 pef_01 pef_02 pef_03 pef_04 pef_05 grip_01 grip_02 grip_03
      grip_04 grip_05 gait_01 gait_02 gait_03 gait_04 gait_05 block_01 block_02
      block_03 block_04 block_05 digitspanbackward_01 digitspanbackward_02
      digitspanbackward_03 digitspanbackward_04 digitspanbackward_05
      digitspanforward_01 digitspanforward_02 digitspanforward_03 digitspanforward_04
      digitspanforward_05 symbol_01 symbol_02 symbol_03 symbol_04 symbol_05 prose_01
      prose_02 prose_03 prose_04 prose_05 info_01 info_02 info_03 info_04 info_05
      synonyms_01 synonyms_02 synonyms_03 synonyms_04 synonyms_05 psif_01 psif_02
      psif_03 psif_04 psif_05 figure_01 figure_02 figure_03 figure_04 figure_05
      mirrecall_01 mirrecall_02 mirrecall_03 mirrecall_04 mirrecall_05 mmse_01 mmse_02
      mmse_03 mmse_04 mmse_05 mirnaming_01 mirnaming_02 mirnaming_03 mirnaming_04
      mirnaming_05 mirrecog_01 mirrecog_02 mirrecog_03 mirrecog_04 mirrecog_05
      clock_01 clock_02 clock_03 clock_04 clock_05
  	;
  Missing are all (-9999);
  USEVARIABLES are
  	!define the variables used in the analysis
  	! covariates used in the model
  age_c80
  edu_c7
  female
  sbp_c167	
  	!estimated time points
  time_01
  time_03
  time_04
  	!modelled time points of process (A)
  a_01
  a_03
  a_04
  ;
  TSCORES are
  	!estimated time points
  time_01
  time_03
  time_04;
  CLUSTER = PairID;
  SUBPOPULATION are
  	!select a subset of observations
  dementia_ever NE 1
  ;
  DEFINE:
  	! assign variables to the process (A)
  a_01 = info_01;
  a_03 = info_03;
  a_04 = info_04;
  	!assign variables to time points
  time_01 = years_since_bl_01;
  time_03 = years_since_bl_03;
  time_04 = years_since_bl_04;
  	
  ANALYSIS: TYPE = RANDOM COMPLEX;
  COVERAGE=.00;
  MODEL:
  	!first-level equation
  	! assign process (A) to time points
  ia sa | a_01 AT time_01 ;
  ia sa | a_03 AT time_03 ;
  ia sa | a_04 AT time_04 ;
  	!variance of the first-level terms
  ia (v_ia);
  sa (v_sa);
  	!covariance among first-level terms
  ia WITH sa (c_iasa);
  	!second-level equation
  ia sa ON age_c80
  edu_c7
  female
  sbp_c167;
  	!residual covariance of process (A)
  a_01 (res_a);
  a_03 (res_a);
  a_04 (res_a);	
  SAVEDATA:
  FILE is   u1_134_aefb_info_fscores.dat;
  SAVE = FSCORES;
  RESULTS are   u1_134_aefb_info_results.dat;
  	
  OUTPUT: sampstat cinterval;
  PLOT: Type is Plot1 Plot2 Plot3;



*** WARNING
  Data set contains cases with missing on x-variables.
  These cases were not included in the analysis.
  Number of cases with missing on x-variables:  92
*** WARNING
  Data set contains cases with missing on all variables except
  x-variables.  These cases were not included in the analysis.
  Number of cases with missing on all variables except x-variables:  43
   2 WARNING(S) FOUND IN THE INPUT INSTRUCTIONS




Script produced from the prototype in ./sandbox/syntax-creator/

SUMMARY OF ANALYSIS

Number of groups                                                 1
Number of observations                                         422

Number of dependent variables                                    3
Number of independent variables                                  4
Number of continuous latent variables                            2

Observed dependent variables

  Continuous
   A_01        A_03        A_04

Observed independent variables
   AGE_C80     EDU_C7      FEMALE      SBP_C167

Continuous latent variables
   IA          SA

Variables with special functions

  Cluster variable      PAIRID
  Weight variable       _WEIGHT

  Time scores
   TIME_01     TIME_03     TIME_04


Estimator                                                      MLR
Information matrix                                        OBSERVED
Maximum number of iterations                                   100
Convergence criterion                                    0.100D-05
Maximum number of EM iterations                                500
Convergence criteria for the EM algorithm
  Loglikelihood change                                   0.100D-02
  Relative loglikelihood change                          0.100D-05
  Derivative                                             0.100D-03
Minimum variance                                         0.100D-03
Maximum number of steepest descent iterations                   20
Maximum number of iterations for H1                           2000
Convergence criterion for H1                             0.100D-03
Optimization algorithm                                         EMA

Input data file(s)
  wide-dataset.dat
Input data format  FREE



SAMPLE STATISTICS


     ESTIMATED SAMPLE STATISTICS


           Means
              A_01          A_03          A_04          AGE_C80       EDU_C7
              ________      ________      ________      ________      ________
 1             29.453        28.752        27.831         3.346         0.296


           Means
              FEMALE        SBP_C167
              ________      ________
 1              0.656        -6.467


           Covariances
              A_01          A_03          A_04          AGE_C80       EDU_C7
              ________      ________      ________      ________      ________
 A_01         106.291
 A_03          99.509       128.719
 A_04         106.758       126.699       149.611
 AGE_C80       -6.892        -9.158       -10.455         9.082
 EDU_C7         9.866        10.305        10.751        -0.373         5.735
 FEMALE        -1.050        -0.839        -0.923         0.087        -0.102
 SBP_C167      14.410        -2.310        11.727        -5.908         0.754


           Covariances
              FEMALE        SBP_C167
              ________      ________
 FEMALE         0.226
 SBP_C167       0.681       510.202


           Correlations
              A_01          A_03          A_04          AGE_C80       EDU_C7
              ________      ________      ________      ________      ________
 A_01           1.000
 A_03           0.851         1.000
 A_04           0.847         0.913         1.000
 AGE_C80       -0.222        -0.268        -0.284         1.000
 EDU_C7         0.400         0.379         0.367        -0.052         1.000
 FEMALE        -0.214        -0.156        -0.159         0.061        -0.090
 SBP_C167       0.062        -0.009         0.042        -0.087         0.014


           Correlations
              FEMALE        SBP_C167
              ________      ________
 FEMALE         1.000
 SBP_C167       0.063         1.000


     MAXIMUM LOG-LIKELIHOOD VALUE FOR THE UNRESTRICTED (H1) MODEL IS -9572.771


UNIVARIATE HIGHER-ORDER MOMENT DESCRIPTIVE STATISTICS


     UNIVARIATE HIGHER-ORDER MOMENT DESCRIPTIVE STATISTICS

         Variable/         Mean/     Skewness/   Minimum/ % with                Percentiles
        Sample Size      Variance    Kurtosis    Maximum  Min/Max      20%/60%    40%/80%    Median

     A_01                 29.553      -0.734       0.000    1.27%      16.000     26.000     30.000
             552.000     104.946      -0.167      44.000    3.08%      33.000     38.000
     A_03                 30.250      -0.696       0.000    0.60%      14.000     26.000     30.000
             332.000     114.772      -0.456      44.000    6.02%      33.000     39.000
     A_04                 29.979      -0.835       0.000    2.02%      13.000     25.000     30.000
             247.000     126.938      -0.140      44.000    6.48%      33.000     39.000
     AGE_C80               3.346       1.370      -0.630    0.18%       0.912      1.842      2.459
             567.000       9.082       2.336      17.918    0.18%       3.301      5.825
     EDU_C7                0.296       1.893      -7.000    0.18%      -1.000     -1.000     -1.000
             567.000       5.735       5.079      13.000    0.18%       0.000      1.000
     FEMALE                0.656      -0.659       0.000   34.57%       0.000      1.000      1.000
             567.000       0.226      -1.566       1.000   65.43%       1.000      1.000
     SBP_C167             -6.467       0.399     -67.000    0.18%     -27.000    -12.000     -7.000
             567.000     510.202       0.704      93.000    0.18%      -7.000     13.000


THE MODEL ESTIMATION TERMINATED NORMALLY



MODEL FIT INFORMATION

Number of Free Parameters                       14

Loglikelihood

          H0 Value                       -2904.121
          H0 Scaling Correction Factor      1.0758
            for MLR

Information Criteria

          Akaike (AIC)                    5836.241
          Bayesian (BIC)                  5892.871
          Sample-Size Adjusted BIC        5848.445
            (n* = (n + 2) / 24)



MODEL RESULTS

                                                    Two-Tailed
                    Estimate       S.E.  Est./S.E.    P-Value

 IA         ON
    AGE_C80           -0.648      0.166     -3.912      0.000
    EDU_C7             1.611      0.157     10.266      0.000
    FEMALE            -3.672      0.968     -3.793      0.000
    SBP_C167           0.019      0.022      0.883      0.377

 SA         ON
    AGE_C80           -0.066      0.031     -2.146      0.032
    EDU_C7             0.021      0.019      1.133      0.257
    FEMALE             0.178      0.145      1.227      0.220
    SBP_C167          -0.004      0.003     -1.305      0.192

 IA       WITH
    SA                 1.463      0.672      2.178      0.029

 Intercepts
    A_01               0.000      0.000    999.000    999.000
    A_03               0.000      0.000    999.000    999.000
    A_04               0.000      0.000    999.000    999.000
    IA                33.724      0.851     39.651      0.000
    SA                -0.173      0.133     -1.299      0.194

 Residual Variances
    A_01              12.393      1.620      7.652      0.000
    A_03              12.393      1.620      7.652      0.000
    A_04              12.393      1.620      7.652      0.000
    IA                69.257      6.280     11.029      0.000
    SA                 0.478      0.185      2.579      0.010


QUALITY OF NUMERICAL RESULTS

     Condition Number for the Information Matrix              0.607E-03
       (ratio of smallest to largest eigenvalue)


CONFIDENCE INTERVALS OF MODEL RESULTS

                  Lower .5%  Lower 2.5%    Lower 5%    Estimate    Upper 5%  Upper 2.5%   Upper .5%

 IA       ON
    AGE_C80         -1.075      -0.973      -0.921      -0.648      -0.376      -0.324      -0.221
    EDU_C7           1.207       1.304       1.353       1.611       1.869       1.919       2.015
    FEMALE          -6.165      -5.569      -5.264      -3.672      -2.079      -1.774      -1.178
    SBP_C167        -0.037      -0.024      -0.017       0.019       0.055       0.062       0.076

 SA       ON
    AGE_C80         -0.146      -0.127      -0.117      -0.066      -0.015      -0.006       0.013
    EDU_C7          -0.027      -0.016      -0.010       0.021       0.053       0.059       0.070
    FEMALE          -0.196      -0.107      -0.061       0.178       0.418       0.463       0.553
    SBP_C167        -0.010      -0.009      -0.008      -0.004       0.001       0.002       0.003

 IA       WITH
    SA              -0.267       0.147       0.358       1.463       2.568       2.780       3.194

 Intercepts
    A_01             0.000       0.000       0.000       0.000       0.000       0.000       0.000
    A_03             0.000       0.000       0.000       0.000       0.000       0.000       0.000
    A_04             0.000       0.000       0.000       0.000       0.000       0.000       0.000
    IA              31.533      32.057      32.325      33.724      35.123      35.391      35.915
    SA              -0.516      -0.434      -0.392      -0.173       0.046       0.088       0.170

 Residual Variances
    A_01             8.221       9.219       9.729      12.393      15.058      15.568      16.565
    A_03             8.221       9.219       9.729      12.393      15.058      15.568      16.565
    A_04             8.221       9.219       9.729      12.393      15.058      15.568      16.565
    IA              53.081      56.948      58.926      69.257      79.587      81.565      85.432
    SA               0.001       0.115       0.173       0.478       0.783       0.841       0.955


SAMPLE STATISTICS FOR ESTIMATED FACTOR SCORES


     SAMPLE STATISTICS


           Means
              IA            IA_SE         SA            SA_SE
              ________      ________      ________      ________
 1             27.159         2.811        -0.375         0.574


           Covariances
              IA            IA_SE         SA            SA_SE
              ________      ________      ________      ________
 IA           107.760
 IA_SE         -0.893         0.161
 SA             2.851        -0.012         0.261
 SA_SE         -0.163         0.030        -0.003         0.007


           Correlations
              IA            IA_SE         SA            SA_SE
              ________      ________      ________      ________
 IA             1.000
 IA_SE         -0.214         1.000
 SA             0.538        -0.061         1.000
 SA_SE         -0.188         0.887        -0.063         1.000


RESULTS SAVING INFORMATION

  Order of data

    Parameter estimates
     (saved in order shown in Technical 1 output)
    Standard errors
     (saved in order shown in Technical 1 output)
    H0 Loglikelihood
    H0 Scaling Correction Factor for MLR
    Number of Free Parameters
    Akaike (AIC)
    Bayesian (BIC)
    Sample-Size Adjusted BIC

  Save file
    u1_134_aefb_info_results.dat

  Save file format           Free


PLOT INFORMATION

The following plots are available:

  Histograms (sample values, estimated factor scores)
  Scatterplots (sample values, estimated factor scores)
  Latent variable distribution plots

SAVEDATA INFORMATION


  Save file
    u1_134_aefb_info_fscores.dat

  Order and format of variables

    A_01           F10.3
    A_03           F10.3
    A_04           F10.3
    AGE_C80        F10.3
    EDU_C7         F10.3
    FEMALE         F10.3
    SBP_C167       F10.3
    TIME_01        F10.3
    TIME_03        F10.3
    TIME_04        F10.3
    _WEIGHT        F10.3
    IA             F10.3
    IA_SE          F10.3
    SA             F10.3
    SA_SE          F10.3
    PAIRID         I6

  Save file format
    15F10.3 I6

  Save file record length    10000


     Beginning Time:  11:48:57
        Ending Time:  11:48:58
       Elapsed Time:  00:00:01



MUTHEN & MUTHEN
3463 Stoner Ave.
Los Angeles, CA  90066

Tel: (310) 391-9971
Fax: (310) 391-8971
Web: www.StatModel.com
Support: Support@StatModel.com

Copyright (c) 1998-2014 Muthen & Muthen
