Mplus VERSION 7.3
MUTHEN & MUTHEN
12/17/2016  11:48 AM

INPUT INSTRUCTIONS

  TITLE:
  Script produced from the prototype in ./sandbox/syntax-creator/
  DATA:
  File = wide-dataset.dat ;
  VARIABLE:
  NAMES are
   Case PairID female age_c80 edu_c7 sbp_c167 smoke cardio diabetes dementia_ever
      years_since_bl_01 years_since_bl_02 years_since_bl_03 years_since_bl_04
      years_since_bl_05 pef_01 pef_02 pef_03 pef_04 pef_05 grip_01 grip_02 grip_03
      grip_04 grip_05 gait_01 gait_02 gait_03 gait_04 gait_05 block_01 block_02
      block_03 block_04 block_05 digitspanbackward_01 digitspanbackward_02
      digitspanbackward_03 digitspanbackward_04 digitspanbackward_05
      digitspanforward_01 digitspanforward_02 digitspanforward_03 digitspanforward_04
      digitspanforward_05 symbol_01 symbol_02 symbol_03 symbol_04 symbol_05 prose_01
      prose_02 prose_03 prose_04 prose_05 info_01 info_02 info_03 info_04 info_05
      synonyms_01 synonyms_02 synonyms_03 synonyms_04 synonyms_05 psif_01 psif_02
      psif_03 psif_04 psif_05 figure_01 figure_02 figure_03 figure_04 figure_05
      mirrecall_01 mirrecall_02 mirrecall_03 mirrecall_04 mirrecall_05 mmse_01 mmse_02
      mmse_03 mmse_04 mmse_05 mirnaming_01 mirnaming_02 mirnaming_03 mirnaming_04
      mirnaming_05 mirrecog_01 mirrecog_02 mirrecog_03 mirrecog_04 mirrecog_05
      clock_01 clock_02 clock_03 clock_04 clock_05
  	;
  Missing are all (-9999);
  USEVARIABLES are
  	!define the variables used in the analysis
  	! covariates used in the model
  age_c80
  edu_c7
  female	
  	!estimated time points
  time_01
  time_03
  time_04
  	!modelled time points of process (A)
  a_01
  a_03
  a_04
  ;
  TSCORES are
  	!estimated time points
  time_01
  time_03
  time_04;
  CLUSTER = PairID;
  SUBPOPULATION are
  	!select a subset of observations
  dementia_ever NE 1
  ;
  DEFINE:
  	! assign variables to the process (A)
  a_01 = info_01;
  a_03 = info_03;
  a_04 = info_04;
  	!assign variables to time points
  time_01 = years_since_bl_01;
  time_03 = years_since_bl_03;
  time_04 = years_since_bl_04;
  	
  ANALYSIS: TYPE = RANDOM COMPLEX;
  COVERAGE=.00;
  MODEL:
  	!first-level equation
  	! assign process (A) to time points
  ia sa | a_01 AT time_01 ;
  ia sa | a_03 AT time_03 ;
  ia sa | a_04 AT time_04 ;
  	!variance of the first-level terms
  ia (v_ia);
  sa (v_sa);
  	!covariance among first-level terms
  ia WITH sa (c_iasa);
  	!second-level equation
  ia sa ON age_c80
  edu_c7
  female;
  	!residual covariance of process (A)
  a_01 (res_a);
  a_03 (res_a);
  a_04 (res_a);	
  SAVEDATA:
  FILE is   u1_134_aef_info_fscores.dat;
  SAVE = FSCORES;
  RESULTS are   u1_134_aef_info_results.dat;
  	
  OUTPUT: sampstat cinterval;
  PLOT: Type is Plot1 Plot2 Plot3;



*** WARNING
  Data set contains cases with missing on x-variables.
  These cases were not included in the analysis.
  Number of cases with missing on x-variables:  46
*** WARNING
  Data set contains cases with missing on all variables except
  x-variables.  These cases were not included in the analysis.
  Number of cases with missing on all variables except x-variables:  63
   2 WARNING(S) FOUND IN THE INPUT INSTRUCTIONS




Script produced from the prototype in ./sandbox/syntax-creator/

SUMMARY OF ANALYSIS

Number of groups                                                 1
Number of observations                                         439

Number of dependent variables                                    3
Number of independent variables                                  3
Number of continuous latent variables                            2

Observed dependent variables

  Continuous
   A_01        A_03        A_04

Observed independent variables
   AGE_C80     EDU_C7      FEMALE

Continuous latent variables
   IA          SA

Variables with special functions

  Cluster variable      PAIRID
  Weight variable       _WEIGHT

  Time scores
   TIME_01     TIME_03     TIME_04


Estimator                                                      MLR
Information matrix                                        OBSERVED
Maximum number of iterations                                   100
Convergence criterion                                    0.100D-05
Maximum number of EM iterations                                500
Convergence criteria for the EM algorithm
  Loglikelihood change                                   0.100D-02
  Relative loglikelihood change                          0.100D-05
  Derivative                                             0.100D-03
Minimum variance                                         0.100D-03
Maximum number of steepest descent iterations                   20
Maximum number of iterations for H1                           2000
Convergence criterion for H1                             0.100D-03
Optimization algorithm                                         EMA

Input data file(s)
  wide-dataset.dat
Input data format  FREE



SAMPLE STATISTICS


     ESTIMATED SAMPLE STATISTICS


           Means
              A_01          A_03          A_04          AGE_C80       EDU_C7
              ________      ________      ________      ________      ________
 1             29.177        28.449        27.544         3.352         0.305


           Means
              FEMALE
              ________
 1              0.656


           Covariances
              A_01          A_03          A_04          AGE_C80       EDU_C7
              ________      ________      ________      ________      ________
 A_01         109.431
 A_03         102.792       132.097
 A_04         108.311       128.734       150.087
 AGE_C80       -7.142        -9.450       -10.876         9.452
 EDU_C7        10.293        10.860        11.031        -0.505         5.770
 FEMALE        -1.116        -0.854        -0.953         0.113        -0.116


           Covariances
              FEMALE
              ________
 FEMALE         0.226


           Correlations
              A_01          A_03          A_04          AGE_C80       EDU_C7
              ________      ________      ________      ________      ________
 A_01           1.000
 A_03           0.855         1.000
 A_04           0.845         0.914         1.000
 AGE_C80       -0.222        -0.267        -0.289         1.000
 EDU_C7         0.410         0.393         0.375        -0.068         1.000
 FEMALE        -0.225        -0.156        -0.164         0.078        -0.102


           Correlations
              FEMALE
              ________
 FEMALE         1.000


     MAXIMUM LOG-LIKELIHOOD VALUE FOR THE UNRESTRICTED (H1) MODEL IS -7307.113


UNIVARIATE HIGHER-ORDER MOMENT DESCRIPTIVE STATISTICS


     UNIVARIATE HIGHER-ORDER MOMENT DESCRIPTIVE STATISTICS

         Variable/         Mean/     Skewness/   Minimum/ % with                Percentiles
        Sample Size      Variance    Kurtosis    Maximum  Min/Max      20%/60%    40%/80%    Median

     A_01                 29.278      -0.719       0.000    1.39%      15.000     26.000     30.000
             577.000     108.313      -0.208      44.000    3.29%      33.000     38.000
     A_03                 30.041      -0.676       0.000    0.59%      14.000     26.000     30.000
             340.000     116.859      -0.497      44.000    5.88%      33.000     39.000
     A_04                 29.919      -0.823       0.000    2.00%      14.000     25.000     29.500
             250.000     125.740      -0.143      44.000    6.40%      33.000     39.000
     AGE_C80               3.352       1.477      -0.630    0.17%       0.912      1.842      2.463
             593.000       9.452       2.870      17.918    0.17%       3.314      5.866
     EDU_C7                0.305       1.876      -7.000    0.17%      -1.000     -1.000     -1.000
             593.000       5.770       4.929      13.000    0.17%       0.000      1.000
     FEMALE                0.656      -0.657       0.000   34.57%       0.000      1.000      1.000
             593.000       0.226      -1.568       1.000   65.43%       1.000      1.000


THE MODEL ESTIMATION TERMINATED NORMALLY



MODEL FIT INFORMATION

Number of Free Parameters                       12

Loglikelihood

          H0 Value                       -2995.953
          H0 Scaling Correction Factor      1.0639
            for MLR

Information Criteria

          Akaike (AIC)                    6015.907
          Bayesian (BIC)                  6064.921
          Sample-Size Adjusted BIC        6026.838
            (n* = (n + 2) / 24)



MODEL RESULTS

                                                    Two-Tailed
                    Estimate       S.E.  Est./S.E.    P-Value

 IA         ON
    AGE_C80           -0.624      0.157     -3.965      0.000
    EDU_C7             1.657      0.155     10.679      0.000
    FEMALE            -3.705      0.950     -3.901      0.000

 SA         ON
    AGE_C80           -0.065      0.030     -2.153      0.031
    EDU_C7             0.020      0.019      1.055      0.292
    FEMALE             0.208      0.143      1.457      0.145

 IA       WITH
    SA                 1.271      0.692      1.836      0.066

 Intercepts
    A_01               0.000      0.000    999.000    999.000
    A_03               0.000      0.000    999.000    999.000
    A_04               0.000      0.000    999.000    999.000
    IA                33.235      0.819     40.573      0.000
    SA                -0.170      0.131     -1.294      0.196

 Residual Variances
    A_01              12.289      1.598      7.691      0.000
    A_03              12.289      1.598      7.691      0.000
    A_04              12.289      1.598      7.691      0.000
    IA                71.412      6.192     11.532      0.000
    SA                 0.496      0.183      2.713      0.007


QUALITY OF NUMERICAL RESULTS

     Condition Number for the Information Matrix              0.629E-03
       (ratio of smallest to largest eigenvalue)


CONFIDENCE INTERVALS OF MODEL RESULTS

                  Lower .5%  Lower 2.5%    Lower 5%    Estimate    Upper 5%  Upper 2.5%   Upper .5%

 IA       ON
    AGE_C80         -1.030      -0.933      -0.883      -0.624      -0.365      -0.316      -0.219
    EDU_C7           1.257       1.353       1.401       1.657       1.912       1.961       2.056
    FEMALE          -6.152      -5.567      -5.268      -3.705      -2.143      -1.843      -1.259

 SA       ON
    AGE_C80         -0.142      -0.124      -0.114      -0.065      -0.015      -0.006       0.013
    EDU_C7          -0.029      -0.017      -0.011       0.020       0.051       0.057       0.069
    FEMALE          -0.160      -0.072      -0.027       0.208       0.443       0.488       0.576

 IA       WITH
    SA              -0.512      -0.086       0.132       1.271       2.410       2.628       3.054

 Intercepts
    A_01             0.000       0.000       0.000       0.000       0.000       0.000       0.000
    A_03             0.000       0.000       0.000       0.000       0.000       0.000       0.000
    A_04             0.000       0.000       0.000       0.000       0.000       0.000       0.000
    IA              31.125      31.629      31.887      33.235      34.582      34.840      35.345
    SA              -0.507      -0.427      -0.385      -0.170       0.046       0.087       0.168

 Residual Variances
    A_01             8.174       9.158       9.661      12.289      14.918      15.421      16.405
    A_03             8.174       9.158       9.661      12.289      14.918      15.421      16.405
    A_04             8.174       9.158       9.661      12.289      14.918      15.421      16.405
    IA              55.462      59.275      61.226      71.412      81.599      83.550      87.363
    SA               0.025       0.138       0.195       0.496       0.796       0.854       0.967


SAMPLE STATISTICS FOR ESTIMATED FACTOR SCORES


     SAMPLE STATISTICS


           Means
              IA            IA_SE         SA            SA_SE
              ________      ________      ________      ________
 1             26.863         2.837        -0.368         0.591


           Covariances
              IA            IA_SE         SA            SA_SE
              ________      ________      ________      ________
 IA           111.578
 IA_SE         -0.883         0.155
 SA             2.611        -0.014         0.257
 SA_SE         -0.178         0.030        -0.003         0.008


           Correlations
              IA            IA_SE         SA            SA_SE
              ________      ________      ________      ________
 IA             1.000
 IA_SE         -0.212         1.000
 SA             0.487        -0.068         1.000
 SA_SE         -0.193         0.873        -0.065         1.000


RESULTS SAVING INFORMATION

  Order of data

    Parameter estimates
     (saved in order shown in Technical 1 output)
    Standard errors
     (saved in order shown in Technical 1 output)
    H0 Loglikelihood
    H0 Scaling Correction Factor for MLR
    Number of Free Parameters
    Akaike (AIC)
    Bayesian (BIC)
    Sample-Size Adjusted BIC

  Save file
    u1_134_aef_info_results.dat

  Save file format           Free


PLOT INFORMATION

The following plots are available:

  Histograms (sample values, estimated factor scores)
  Scatterplots (sample values, estimated factor scores)
  Latent variable distribution plots

SAVEDATA INFORMATION


  Save file
    u1_134_aef_info_fscores.dat

  Order and format of variables

    A_01           F10.3
    A_03           F10.3
    A_04           F10.3
    AGE_C80        F10.3
    EDU_C7         F10.3
    FEMALE         F10.3
    TIME_01        F10.3
    TIME_03        F10.3
    TIME_04        F10.3
    _WEIGHT        F10.3
    IA             F10.3
    IA_SE          F10.3
    SA             F10.3
    SA_SE          F10.3
    PAIRID         I6

  Save file format
    14F10.3 I6

  Save file record length    10000


     Beginning Time:  11:48:56
        Ending Time:  11:48:57
       Elapsed Time:  00:00:01



MUTHEN & MUTHEN
3463 Stoner Ave.
Los Angeles, CA  90066

Tel: (310) 391-9971
Fax: (310) 391-8971
Web: www.StatModel.com
Support: Support@StatModel.com

Copyright (c) 1998-2014 Muthen & Muthen
