Mplus VERSION 7.3
MUTHEN & MUTHEN
12/17/2016  11:48 AM

INPUT INSTRUCTIONS

  TITLE:
  Script produced from the prototype in ./sandbox/syntax-creator/
  DATA:
  File = wide-dataset.dat ;
  VARIABLE:
  NAMES are
   Case PairID female age_c80 edu_c7 sbp_c167 smoke cardio diabetes dementia_ever
      years_since_bl_01 years_since_bl_02 years_since_bl_03 years_since_bl_04
      years_since_bl_05 pef_01 pef_02 pef_03 pef_04 pef_05 grip_01 grip_02 grip_03
      grip_04 grip_05 gait_01 gait_02 gait_03 gait_04 gait_05 block_01 block_02
      block_03 block_04 block_05 digitspanbackward_01 digitspanbackward_02
      digitspanbackward_03 digitspanbackward_04 digitspanbackward_05
      digitspanforward_01 digitspanforward_02 digitspanforward_03 digitspanforward_04
      digitspanforward_05 symbol_01 symbol_02 symbol_03 symbol_04 symbol_05 prose_01
      prose_02 prose_03 prose_04 prose_05 info_01 info_02 info_03 info_04 info_05
      synonyms_01 synonyms_02 synonyms_03 synonyms_04 synonyms_05 psif_01 psif_02
      psif_03 psif_04 psif_05 figure_01 figure_02 figure_03 figure_04 figure_05
      mirrecall_01 mirrecall_02 mirrecall_03 mirrecall_04 mirrecall_05 mmse_01 mmse_02
      mmse_03 mmse_04 mmse_05 mirnaming_01 mirnaming_02 mirnaming_03 mirnaming_04
      mirnaming_05 mirrecog_01 mirrecog_02 mirrecog_03 mirrecog_04 mirrecog_05
      clock_01 clock_02 clock_03 clock_04 clock_05
  	;
  Missing are all (-9999);
  USEVARIABLES are
  	!define the variables used in the analysis
  	! covariates used in the model
  age_c80
  edu_c7
  female	
  	!estimated time points
  time_01
  time_04
  time_05
  	!modelled time points of process (A)
  a_01
  a_04
  a_05
  ;
  TSCORES are
  	!estimated time points
  time_01
  time_04
  time_05;
  CLUSTER = PairID;
  SUBPOPULATION are
  	!select a subset of observations
  dementia_ever NE 1
  ;
  DEFINE:
  	! assign variables to the process (A)
  a_01 = info_01;
  a_04 = info_04;
  a_05 = info_05;
  	!assign variables to time points
  time_01 = years_since_bl_01;
  time_04 = years_since_bl_04;
  time_05 = years_since_bl_05;
  	
  ANALYSIS: TYPE = RANDOM COMPLEX;
  COVERAGE=.00;
  MODEL:
  	!first-level equation
  	! assign process (A) to time points
  ia sa | a_01 AT time_01 ;
  ia sa | a_04 AT time_04 ;
  ia sa | a_05 AT time_05 ;
  	!variance of the first-level terms
  ia (v_ia);
  sa (v_sa);
  	!covariance among first-level terms
  ia WITH sa (c_iasa);
  	!second-level equation
  ia sa ON age_c80
  edu_c7
  female;
  	!residual covariance of process (A)
  a_01 (res_a);
  a_04 (res_a);
  a_05 (res_a);	
  SAVEDATA:
  FILE is   u1_145_aef_info_fscores.dat;
  SAVE = FSCORES;
  RESULTS are   u1_145_aef_info_results.dat;
  	
  OUTPUT: sampstat cinterval;
  PLOT: Type is Plot1 Plot2 Plot3;



*** WARNING
  Data set contains cases with missing on x-variables.
  These cases were not included in the analysis.
  Number of cases with missing on x-variables:  46
*** WARNING
  Data set contains cases with missing on all variables except
  x-variables.  These cases were not included in the analysis.
  Number of cases with missing on all variables except x-variables:  70
   2 WARNING(S) FOUND IN THE INPUT INSTRUCTIONS




Script produced from the prototype in ./sandbox/syntax-creator/

SUMMARY OF ANALYSIS

Number of groups                                                 1
Number of observations                                         433

Number of dependent variables                                    3
Number of independent variables                                  3
Number of continuous latent variables                            2

Observed dependent variables

  Continuous
   A_01        A_04        A_05

Observed independent variables
   AGE_C80     EDU_C7      FEMALE

Continuous latent variables
   IA          SA

Variables with special functions

  Cluster variable      PAIRID
  Weight variable       _WEIGHT

  Time scores
   TIME_01     TIME_04     TIME_05


Estimator                                                      MLR
Information matrix                                        OBSERVED
Maximum number of iterations                                   100
Convergence criterion                                    0.100D-05
Maximum number of EM iterations                                500
Convergence criteria for the EM algorithm
  Loglikelihood change                                   0.100D-02
  Relative loglikelihood change                          0.100D-05
  Derivative                                             0.100D-03
Minimum variance                                         0.100D-03
Maximum number of steepest descent iterations                   20
Maximum number of iterations for H1                           2000
Convergence criterion for H1                             0.100D-03
Optimization algorithm                                         EMA

Input data file(s)
  wide-dataset.dat
Input data format  FREE



SAMPLE STATISTICS


     ESTIMATED SAMPLE STATISTICS


           Means
              A_01          A_04          A_05          AGE_C80       EDU_C7
              ________      ________      ________      ________      ________
 1             29.183        27.693        24.514         3.350         0.316


           Means
              FEMALE
              ________
 1              0.663


           Covariances
              A_01          A_04          A_05          AGE_C80       EDU_C7
              ________      ________      ________      ________      ________
 A_01         109.277
 A_04         109.527       149.662
 A_05          95.950       125.686       138.660
 AGE_C80       -7.431       -12.401        -9.826         9.497
 EDU_C7        10.533        11.332        10.074        -0.459         5.791
 FEMALE        -1.102        -0.903        -0.759         0.120        -0.122


           Covariances
              FEMALE
              ________
 FEMALE         0.223


           Correlations
              A_01          A_04          A_05          AGE_C80       EDU_C7
              ________      ________      ________      ________      ________
 A_01           1.000
 A_04           0.856         1.000
 A_05           0.779         0.872         1.000
 AGE_C80       -0.231        -0.329        -0.271         1.000
 EDU_C7         0.419         0.385         0.355        -0.062         1.000
 FEMALE        -0.223        -0.156        -0.136         0.082        -0.107


           Correlations
              FEMALE
              ________
 FEMALE         1.000


     MAXIMUM LOG-LIKELIHOOD VALUE FOR THE UNRESTRICTED (H1) MODEL IS -6850.556


UNIVARIATE HIGHER-ORDER MOMENT DESCRIPTIVE STATISTICS


     UNIVARIATE HIGHER-ORDER MOMENT DESCRIPTIVE STATISTICS

         Variable/         Mean/     Skewness/   Minimum/ % with                Percentiles
        Sample Size      Variance    Kurtosis    Maximum  Min/Max      20%/60%    40%/80%    Median

     A_01                 29.278      -0.719       0.000    1.39%      15.000     26.000     30.000
             577.000     108.313      -0.208      44.000    3.29%      33.000     38.000
     A_04                 29.919      -0.823       0.000    2.00%      14.000     25.000     29.500
             250.000     125.740      -0.143      44.000    6.40%      33.000     39.000
     A_05                 27.510      -0.498       1.000    0.56%      14.000     26.000     29.000
             179.000     109.682      -0.704      44.000    3.35%      31.000     36.000
     AGE_C80               3.350       1.483      -0.630    0.17%       0.904      1.845      2.470
             586.000       9.497       2.888      17.918    0.17%       3.319      5.866
     EDU_C7                0.316       1.891      -7.000    0.17%      -1.000     -1.000     -1.000
             586.000       5.791       4.920      13.000    0.17%       0.000      1.000
     FEMALE                0.663      -0.689       0.000   34.13%       0.000      1.000      1.000
             586.000       0.223      -1.526       1.000   65.87%       1.000      1.000


THE MODEL ESTIMATION TERMINATED NORMALLY



MODEL FIT INFORMATION

Number of Free Parameters                       12

Loglikelihood

          H0 Value                       -2703.503
          H0 Scaling Correction Factor      1.0107
            for MLR

Information Criteria

          Akaike (AIC)                    5431.006
          Bayesian (BIC)                  5479.855
          Sample-Size Adjusted BIC        5441.773
            (n* = (n + 2) / 24)



MODEL RESULTS

                                                    Two-Tailed
                    Estimate       S.E.  Est./S.E.    P-Value

 IA         ON
    AGE_C80           -0.679      0.157     -4.319      0.000
    EDU_C7             1.701      0.158     10.779      0.000
    FEMALE            -3.590      0.946     -3.796      0.000

 SA         ON
    AGE_C80           -0.051      0.026     -1.999      0.046
    EDU_C7            -0.001      0.023     -0.025      0.980
    FEMALE             0.192      0.137      1.400      0.161

 IA       WITH
    SA                 1.322      0.543      2.433      0.015

 Intercepts
    A_01               0.000      0.000    999.000    999.000
    A_04               0.000      0.000    999.000    999.000
    A_05               0.000      0.000    999.000    999.000
    IA                33.461      0.814     41.109      0.000
    SA                -0.419      0.129     -3.244      0.001

 Residual Variances
    A_01              20.095      2.523      7.966      0.000
    A_04              20.095      2.523      7.966      0.000
    A_05              20.095      2.523      7.966      0.000
    IA                63.991      6.535      9.792      0.000
    SA                 0.155      0.094      1.641      0.101


QUALITY OF NUMERICAL RESULTS

     Condition Number for the Information Matrix              0.572E-03
       (ratio of smallest to largest eigenvalue)


CONFIDENCE INTERVALS OF MODEL RESULTS

                  Lower .5%  Lower 2.5%    Lower 5%    Estimate    Upper 5%  Upper 2.5%   Upper .5%

 IA       ON
    AGE_C80         -1.085      -0.988      -0.938      -0.679      -0.421      -0.371      -0.274
    EDU_C7           1.295       1.392       1.442       1.701       1.961       2.011       2.108
    FEMALE          -6.026      -5.443      -5.146      -3.590      -2.034      -1.736      -1.154

 SA       ON
    AGE_C80         -0.117      -0.101      -0.093      -0.051      -0.009      -0.001       0.015
    EDU_C7          -0.061      -0.046      -0.039      -0.001       0.038       0.045       0.060
    FEMALE          -0.161      -0.077      -0.034       0.192       0.418       0.461       0.545

 IA       WITH
    SA              -0.078       0.257       0.428       1.322       2.216       2.387       2.722

 Intercepts
    A_01             0.000       0.000       0.000       0.000       0.000       0.000       0.000
    A_04             0.000       0.000       0.000       0.000       0.000       0.000       0.000
    A_05             0.000       0.000       0.000       0.000       0.000       0.000       0.000
    IA              31.365      31.866      32.122      33.461      34.800      35.057      35.558
    SA              -0.752      -0.672      -0.631      -0.419      -0.207      -0.166      -0.086

 Residual Variances
    A_01            13.597      15.151      15.945      20.095      24.245      25.040      26.593
    A_04            13.597      15.151      15.945      20.095      24.245      25.040      26.593
    A_05            13.597      15.151      15.945      20.095      24.245      25.040      26.593
    IA              47.158      51.182      53.241      63.991      74.741      76.800      80.824
    SA              -0.088      -0.030       0.000       0.155       0.310       0.339       0.398


SAMPLE STATISTICS FOR ESTIMATED FACTOR SCORES


     SAMPLE STATISTICS


           Means
              IA            IA_SE         SA            SA_SE
              ________      ________      ________      ________
 1             27.246         3.403        -0.520         0.340


           Covariances
              IA            IA_SE         SA            SA_SE
              ________      ________      ________      ________
 IA            97.631
 IA_SE         -1.096         0.355
 SA             1.819        -0.037         0.077
 SA_SE         -0.053         0.018        -0.002         0.001


           Correlations
              IA            IA_SE         SA            SA_SE
              ________      ________      ________      ________
 IA             1.000
 IA_SE         -0.186         1.000
 SA             0.663        -0.221         1.000
 SA_SE         -0.177         0.983        -0.219         1.000


RESULTS SAVING INFORMATION

  Order of data

    Parameter estimates
     (saved in order shown in Technical 1 output)
    Standard errors
     (saved in order shown in Technical 1 output)
    H0 Loglikelihood
    H0 Scaling Correction Factor for MLR
    Number of Free Parameters
    Akaike (AIC)
    Bayesian (BIC)
    Sample-Size Adjusted BIC

  Save file
    u1_145_aef_info_results.dat

  Save file format           Free


PLOT INFORMATION

The following plots are available:

  Histograms (sample values, estimated factor scores)
  Scatterplots (sample values, estimated factor scores)
  Latent variable distribution plots

SAVEDATA INFORMATION


  Save file
    u1_145_aef_info_fscores.dat

  Order and format of variables

    A_01           F10.3
    A_04           F10.3
    A_05           F10.3
    AGE_C80        F10.3
    EDU_C7         F10.3
    FEMALE         F10.3
    TIME_01        F10.3
    TIME_04        F10.3
    TIME_05        F10.3
    _WEIGHT        F10.3
    IA             F10.3
    IA_SE          F10.3
    SA             F10.3
    SA_SE          F10.3
    PAIRID         I6

  Save file format
    14F10.3 I6

  Save file record length    10000


     Beginning Time:  11:48:53
        Ending Time:  11:48:54
       Elapsed Time:  00:00:01



MUTHEN & MUTHEN
3463 Stoner Ave.
Los Angeles, CA  90066

Tel: (310) 391-9971
Fax: (310) 391-8971
Web: www.StatModel.com
Support: Support@StatModel.com

Copyright (c) 1998-2014 Muthen & Muthen
