Mplus VERSION 7.3
MUTHEN & MUTHEN
12/17/2016  11:48 AM

INPUT INSTRUCTIONS

  TITLE:
  Script produced from the prototype in ./sandbox/syntax-creator/
  DATA:
  File = wide-dataset.dat ;
  VARIABLE:
  NAMES are
   Case PairID female age_c80 edu_c7 sbp_c167 smoke cardio diabetes dementia_ever
      years_since_bl_01 years_since_bl_02 years_since_bl_03 years_since_bl_04
      years_since_bl_05 pef_01 pef_02 pef_03 pef_04 pef_05 grip_01 grip_02 grip_03
      grip_04 grip_05 gait_01 gait_02 gait_03 gait_04 gait_05 block_01 block_02
      block_03 block_04 block_05 digitspanbackward_01 digitspanbackward_02
      digitspanbackward_03 digitspanbackward_04 digitspanbackward_05
      digitspanforward_01 digitspanforward_02 digitspanforward_03 digitspanforward_04
      digitspanforward_05 symbol_01 symbol_02 symbol_03 symbol_04 symbol_05 prose_01
      prose_02 prose_03 prose_04 prose_05 info_01 info_02 info_03 info_04 info_05
      synonyms_01 synonyms_02 synonyms_03 synonyms_04 synonyms_05 psif_01 psif_02
      psif_03 psif_04 psif_05 figure_01 figure_02 figure_03 figure_04 figure_05
      mirrecall_01 mirrecall_02 mirrecall_03 mirrecall_04 mirrecall_05 mmse_01 mmse_02
      mmse_03 mmse_04 mmse_05 mirnaming_01 mirnaming_02 mirnaming_03 mirnaming_04
      mirnaming_05 mirrecog_01 mirrecog_02 mirrecog_03 mirrecog_04 mirrecog_05
      clock_01 clock_02 clock_03 clock_04 clock_05
  	;
  Missing are all (-9999);
  USEVARIABLES are
  	!define the variables used in the analysis
  	! covariates used in the model
  age_c80	
  	!estimated time points
  time_01
  time_02
  time_03
  time_04
  time_05
  	!modelled time points of process (A)
  a_01
  a_02
  a_03
  a_04
  a_05
  ;
  TSCORES are
  	!estimated time points
  time_01
  time_02
  time_03
  time_04
  time_05;
  CLUSTER = PairID;
  SUBPOPULATION are
  	!select a subset of observations
  dementia_ever NE 1
  ;
  DEFINE:
  	! assign variables to the process (A)
  a_01 = info_01;
  a_02 = info_02;
  a_03 = info_03;
  a_04 = info_04;
  a_05 = info_05;
  	!assign variables to time points
  time_01 = years_since_bl_01;
  time_02 = years_since_bl_02;
  time_03 = years_since_bl_03;
  time_04 = years_since_bl_04;
  time_05 = years_since_bl_05;
  	
  ANALYSIS: TYPE = RANDOM COMPLEX;
  COVERAGE=.00;
  MODEL:
  	!first-level equation
  	! assign process (A) to time points
  ia sa | a_01 AT time_01 ;
  ia sa | a_02 AT time_02 ;
  ia sa | a_03 AT time_03 ;
  ia sa | a_04 AT time_04 ;
  ia sa | a_05 AT time_05 ;
  	!variance of the first-level terms
  ia (v_ia);
  sa (v_sa);
  	!covariance among first-level terms
  ia WITH sa (c_iasa);
  	!second-level equation
  ia sa ON age_c80;
  	!residual covariance of process (A)
  a_01 (res_a);
  a_02 (res_a);
  a_03 (res_a);
  a_04 (res_a);
  a_05 (res_a);	
  SAVEDATA:
  FILE is   u1_12345_a_info_fscores.dat;
  SAVE = FSCORES;
  RESULTS are   u1_12345_a_info_results.dat;
  	
  OUTPUT: sampstat cinterval;
  PLOT: Type is Plot1 Plot2 Plot3;



*** WARNING
  Data set contains cases with missing on all variables except
  x-variables.  These cases were not included in the analysis.
  Number of cases with missing on all variables except x-variables:  83
   1 WARNING(S) FOUND IN THE INPUT INSTRUCTIONS




Script produced from the prototype in ./sandbox/syntax-creator/

SUMMARY OF ANALYSIS

Number of groups                                                 1
Number of observations                                         452

Number of dependent variables                                    5
Number of independent variables                                  1
Number of continuous latent variables                            2

Observed dependent variables

  Continuous
   A_01        A_02        A_03        A_04        A_05

Observed independent variables
   AGE_C80

Continuous latent variables
   IA          SA

Variables with special functions

  Cluster variable      PAIRID
  Weight variable       _WEIGHT

  Time scores
   TIME_01     TIME_02     TIME_03     TIME_04     TIME_05


Estimator                                                      MLR
Information matrix                                        OBSERVED
Maximum number of iterations                                   100
Convergence criterion                                    0.100D-05
Maximum number of EM iterations                                500
Convergence criteria for the EM algorithm
  Loglikelihood change                                   0.100D-02
  Relative loglikelihood change                          0.100D-05
  Derivative                                             0.100D-03
Minimum variance                                         0.100D-03
Maximum number of steepest descent iterations                   20
Maximum number of iterations for H1                           2000
Convergence criterion for H1                             0.100D-03
Optimization algorithm                                         EMA

Input data file(s)
  wide-dataset.dat
Input data format  FREE



SAMPLE STATISTICS


     ESTIMATED SAMPLE STATISTICS


           Means
              A_01          A_02          A_03          A_04          A_05
              ________      ________      ________      ________      ________
 1             28.836        29.030        27.947        27.007        23.945


           Means
              AGE_C80
              ________
 1              3.384


           Covariances
              A_01          A_02          A_03          A_04          A_05
              ________      ________      ________      ________      ________
 A_01         114.494
 A_02         102.831       114.913
 A_03         109.813       114.303       141.728
 A_04         115.852       118.592       138.482       160.590
 A_05         101.995       104.487       125.262       135.906       148.403
 AGE_C80       -7.672        -8.326       -10.526       -11.915        -9.150


           Covariances
              AGE_C80
              ________
 AGE_C80        9.546


           Correlations
              A_01          A_02          A_03          A_04          A_05
              ________      ________      ________      ________      ________
 A_01           1.000
 A_02           0.896         1.000
 A_03           0.862         0.896         1.000
 A_04           0.854         0.873         0.918         1.000
 A_05           0.782         0.800         0.864         0.880         1.000
 AGE_C80       -0.232        -0.251        -0.286        -0.304        -0.243


           Correlations
              AGE_C80
              ________
 AGE_C80        1.000


     MAXIMUM LOG-LIKELIHOOD VALUE FOR THE UNRESTRICTED (H1) MODEL IS -7775.742


UNIVARIATE HIGHER-ORDER MOMENT DESCRIPTIVE STATISTICS


     UNIVARIATE HIGHER-ORDER MOMENT DESCRIPTIVE STATISTICS

         Variable/         Mean/     Skewness/   Minimum/ % with                Percentiles
        Sample Size      Variance    Kurtosis    Maximum  Min/Max      20%/60%    40%/80%    Median

     A_01                 29.210      -0.731       0.000    1.89%      15.000     26.000     29.000
             582.000     110.054      -0.180      44.000    3.26%      32.000     38.000
     A_02                 30.368      -0.703       0.000    2.40%      16.000     26.000     30.000
             458.000     101.098      -0.173      44.000    4.59%      33.000     38.000
     A_03                 30.041      -0.676       0.000    0.59%      14.000     26.000     30.000
             340.000     116.859      -0.497      44.000    5.88%      33.000     39.000
     A_04                 29.919      -0.823       0.000    2.00%      14.000     25.000     29.500
             250.000     125.740      -0.143      44.000    6.40%      33.000     39.000
     A_05                 27.510      -0.498       1.000    0.56%      14.000     26.000     29.000
             179.000     109.682      -0.704      44.000    3.35%      31.000     36.000
     AGE_C80               3.384       1.438      -0.630    0.16%       0.912      1.845      2.483
             619.000       9.546       2.663      17.918    0.16%       3.351      5.921


THE MODEL ESTIMATION TERMINATED NORMALLY



MODEL FIT INFORMATION

Number of Free Parameters                        8

Loglikelihood

          H0 Value                       -4576.443
          H0 Scaling Correction Factor      1.2279
            for MLR

Information Criteria

          Akaike (AIC)                    9168.886
          Bayesian (BIC)                  9201.796
          Sample-Size Adjusted BIC        9176.406
            (n* = (n + 2) / 24)



MODEL RESULTS

                                                    Two-Tailed
                    Estimate       S.E.  Est./S.E.    P-Value

 IA         ON
    AGE_C80           -0.842      0.190     -4.422      0.000

 SA         ON
    AGE_C80           -0.034      0.026     -1.301      0.193

 IA       WITH
    SA                 0.399      0.582      0.686      0.493

 Intercepts
    A_01               0.000      0.000    999.000    999.000
    A_02               0.000      0.000    999.000    999.000
    A_03               0.000      0.000    999.000    999.000
    A_04               0.000      0.000    999.000    999.000
    A_05               0.000      0.000    999.000    999.000
    IA                32.261      0.800     40.319      0.000
    SA                -0.363      0.080     -4.522      0.000

 Residual Variances
    A_01              14.646      1.049     13.961      0.000
    A_02              14.646      1.049     13.961      0.000
    A_03              14.646      1.049     13.961      0.000
    A_04              14.646      1.049     13.961      0.000
    A_05              14.646      1.049     13.961      0.000
    IA                96.003      7.667     12.522      0.000
    SA                 0.431      0.090      4.779      0.000


QUALITY OF NUMERICAL RESULTS

     Condition Number for the Information Matrix              0.517E-03
       (ratio of smallest to largest eigenvalue)


CONFIDENCE INTERVALS OF MODEL RESULTS

                  Lower .5%  Lower 2.5%    Lower 5%    Estimate    Upper 5%  Upper 2.5%   Upper .5%

 IA       ON
    AGE_C80         -1.333      -1.216      -1.156      -0.842      -0.529      -0.469      -0.352

 SA       ON
    AGE_C80         -0.101      -0.085      -0.077      -0.034       0.009       0.017       0.033

 IA       WITH
    SA              -1.099      -0.741      -0.558       0.399       1.356       1.539       1.897

 Intercepts
    A_01             0.000       0.000       0.000       0.000       0.000       0.000       0.000
    A_02             0.000       0.000       0.000       0.000       0.000       0.000       0.000
    A_03             0.000       0.000       0.000       0.000       0.000       0.000       0.000
    A_04             0.000       0.000       0.000       0.000       0.000       0.000       0.000
    A_05             0.000       0.000       0.000       0.000       0.000       0.000       0.000
    IA              30.200      30.692      30.944      32.261      33.577      33.829      34.322
    SA              -0.570      -0.521      -0.495      -0.363      -0.231      -0.206      -0.156

 Residual Variances
    A_01            11.944      12.590      12.920      14.646      16.371      16.702      17.348
    A_02            11.944      12.590      12.920      14.646      16.371      16.702      17.348
    A_03            11.944      12.590      12.920      14.646      16.371      16.702      17.348
    A_04            11.944      12.590      12.920      14.646      16.371      16.702      17.348
    A_05            11.944      12.590      12.920      14.646      16.371      16.702      17.348
    IA              76.255      80.976      83.391      96.003     108.614     111.029     115.751
    SA               0.199       0.254       0.283       0.431       0.579       0.607       0.663


SAMPLE STATISTICS FOR ESTIMATED FACTOR SCORES


     SAMPLE STATISTICS


           Means
              IA            IA_SE         SA            SA_SE
              ________      ________      ________      ________
 1             26.571         2.781        -0.575         0.558


           Covariances
              IA            IA_SE         SA            SA_SE
              ________      ________      ________      ________
 IA           124.462
 IA_SE         -1.895         0.255
 SA             1.492        -0.005         0.168
 SA_SE         -0.298         0.032        -0.002         0.008


           Correlations
              IA            IA_SE         SA            SA_SE
              ________      ________      ________      ________
 IA             1.000
 IA_SE         -0.336         1.000
 SA             0.327        -0.022         1.000
 SA_SE         -0.298         0.706        -0.049         1.000


RESULTS SAVING INFORMATION

  Order of data

    Parameter estimates
     (saved in order shown in Technical 1 output)
    Standard errors
     (saved in order shown in Technical 1 output)
    H0 Loglikelihood
    H0 Scaling Correction Factor for MLR
    Number of Free Parameters
    Akaike (AIC)
    Bayesian (BIC)
    Sample-Size Adjusted BIC

  Save file
    u1_12345_a_info_results.dat

  Save file format           Free


PLOT INFORMATION

The following plots are available:

  Histograms (sample values, estimated factor scores)
  Scatterplots (sample values, estimated factor scores)
  Latent variable distribution plots

SAVEDATA INFORMATION


  Save file
    u1_12345_a_info_fscores.dat

  Order and format of variables

    A_01           F10.3
    A_02           F10.3
    A_03           F10.3
    A_04           F10.3
    A_05           F10.3
    AGE_C80        F10.3
    TIME_01        F10.3
    TIME_02        F10.3
    TIME_03        F10.3
    TIME_04        F10.3
    TIME_05        F10.3
    _WEIGHT        F10.3
    IA             F10.3
    IA_SE          F10.3
    SA             F10.3
    SA_SE          F10.3
    PAIRID         I6

  Save file format
    16F10.3 I6

  Save file record length    10000


     Beginning Time:  11:48:29
        Ending Time:  11:48:29
       Elapsed Time:  00:00:00



MUTHEN & MUTHEN
3463 Stoner Ave.
Los Angeles, CA  90066

Tel: (310) 391-9971
Fax: (310) 391-8971
Web: www.StatModel.com
Support: Support@StatModel.com

Copyright (c) 1998-2014 Muthen & Muthen
