Mplus VERSION 7.3
MUTHEN & MUTHEN
12/17/2016  12:08 PM

INPUT INSTRUCTIONS

  TITLE:
  Script produced from the prototype in ./sandbox/syntax-creator/
  DATA:
  File = wide-dataset.dat ;
  VARIABLE:
  NAMES are
   Case PairID female age_c80 edu_c7 sbp_c167 smoke cardio diabetes dementia_ever
      years_since_bl_01 years_since_bl_02 years_since_bl_03 years_since_bl_04
      years_since_bl_05 pef_01 pef_02 pef_03 pef_04 pef_05 grip_01 grip_02 grip_03
      grip_04 grip_05 gait_01 gait_02 gait_03 gait_04 gait_05 block_01 block_02
      block_03 block_04 block_05 digitspanbackward_01 digitspanbackward_02
      digitspanbackward_03 digitspanbackward_04 digitspanbackward_05
      digitspanforward_01 digitspanforward_02 digitspanforward_03 digitspanforward_04
      digitspanforward_05 symbol_01 symbol_02 symbol_03 symbol_04 symbol_05 prose_01
      prose_02 prose_03 prose_04 prose_05 info_01 info_02 info_03 info_04 info_05
      synonyms_01 synonyms_02 synonyms_03 synonyms_04 synonyms_05 psif_01 psif_02
      psif_03 psif_04 psif_05 figure_01 figure_02 figure_03 figure_04 figure_05
      mirrecall_01 mirrecall_02 mirrecall_03 mirrecall_04 mirrecall_05 mmse_01 mmse_02
      mmse_03 mmse_04 mmse_05 mirnaming_01 mirnaming_02 mirnaming_03 mirnaming_04
      mirnaming_05 mirrecog_01 mirrecog_02 mirrecog_03 mirrecog_04 mirrecog_05
      clock_01 clock_02 clock_03 clock_04 clock_05
  	;
  Missing are all (-9999);
  USEVARIABLES are
  	!define the variables used in the analysis
  	! covariates used in the model
  age_c80
  edu_c7
  female	
  	!estimated time points
  time_01
  time_02
  time_03
  time_05
  	!modelled time points of process (A)
  a_01
  a_02
  a_03
  a_05
  ;
  TSCORES are
  	!estimated time points
  time_01
  time_02
  time_03
  time_05;
  CLUSTER = PairID;
  SUBPOPULATION are
  	!select a subset of observations
  dementia_ever NE 1
  ;
  DEFINE:
  	! assign variables to the process (A)
  a_01 = info_01;
  a_02 = info_02;
  a_03 = info_03;
  a_05 = info_05;
  	!assign variables to time points
  time_01 = years_since_bl_01;
  time_02 = years_since_bl_02;
  time_03 = years_since_bl_03;
  time_05 = years_since_bl_05;
  	
  ANALYSIS: TYPE = RANDOM COMPLEX;
  COVERAGE=.00;
  MODEL:
  	!first-level equation
  	! assign process (A) to time points
  ia sa qa | a_01 AT time_01 ;
  ia sa qa | a_02 AT time_02 ;
  ia sa qa | a_03 AT time_03 ;
  ia sa qa | a_05 AT time_05 ;
  	!variance of the first-level terms
  ia (v_ia);
  sa (v_sa);
  qa (v_qa);
  	!covariance among first-level terms
  ia WITH sa (c_iasa);
  ia WITH qa (c_iaqa);
  sa WITH qa (c_saqa);
  	!second-level equation
  ia sa qa ON age_c80
  edu_c7
  female;
  	!residual covariance of process (A)
  a_01 (res_a);
  a_02 (res_a);
  a_03 (res_a);
  a_05 (res_a);	
  SAVEDATA:
  FILE is   u2_1235_aef_info_fscores.dat;
  SAVE = FSCORES;
  RESULTS are   u2_1235_aef_info_results.dat;
  	
  OUTPUT: sampstat cinterval;
  PLOT: Type is Plot1 Plot2 Plot3;



*** WARNING
  Data set contains cases with missing on x-variables.
  These cases were not included in the analysis.
  Number of cases with missing on x-variables:  46
*** WARNING
  Data set contains cases with missing on all variables except
  x-variables.  These cases were not included in the analysis.
  Number of cases with missing on all variables except x-variables:  46
   2 WARNING(S) FOUND IN THE INPUT INSTRUCTIONS




Script produced from the prototype in ./sandbox/syntax-creator/

SUMMARY OF ANALYSIS

Number of groups                                                 1
Number of observations                                         449

Number of dependent variables                                    4
Number of independent variables                                  3
Number of continuous latent variables                            3

Observed dependent variables

  Continuous
   A_01        A_02        A_03        A_05

Observed independent variables
   AGE_C80     EDU_C7      FEMALE

Continuous latent variables
   IA          SA          QA

Variables with special functions

  Cluster variable      PAIRID
  Weight variable       _WEIGHT

  Time scores
   TIME_01     TIME_02     TIME_03     TIME_05


Estimator                                                      MLR
Information matrix                                        OBSERVED
Maximum number of iterations                                   100
Convergence criterion                                    0.100D-05
Maximum number of EM iterations                                500
Convergence criteria for the EM algorithm
  Loglikelihood change                                   0.100D-02
  Relative loglikelihood change                          0.100D-05
  Derivative                                             0.100D-03
Minimum variance                                         0.100D-03
Maximum number of steepest descent iterations                   20
Maximum number of iterations for H1                           2000
Convergence criterion for H1                             0.100D-03
Optimization algorithm                                         EMA

Input data file(s)
  wide-dataset.dat
Input data format  FREE



SAMPLE STATISTICS


     ESTIMATED SAMPLE STATISTICS


           Means
              A_01          A_02          A_03          A_05          AGE_C80
              ________      ________      ________      ________      ________
 1             29.011        29.208        28.200        24.431         3.367


           Means
              EDU_C7        FEMALE
              ________      ________
 1              0.294         0.659


           Covariances
              A_01          A_02          A_03          A_05          AGE_C80
              ________      ________      ________      ________      ________
 A_01         110.635
 A_02          98.667       110.538
 A_03         104.903       109.509       135.919
 A_05          97.106       100.434       118.581       140.702
 AGE_C80       -7.282        -7.876        -9.962        -8.388         9.537
 EDU_C7        10.232        10.049        10.921         9.637        -0.486
 FEMALE        -1.103        -0.889        -0.847        -0.783         0.125


           Covariances
              EDU_C7        FEMALE
              ________      ________
 EDU_C7         5.704
 FEMALE        -0.111         0.225


           Correlations
              A_01          A_02          A_03          A_05          AGE_C80
              ________      ________      ________      ________      ________
 A_01           1.000
 A_02           0.892         1.000
 A_03           0.855         0.893         1.000
 A_05           0.778         0.805         0.857         1.000
 AGE_C80       -0.224        -0.243        -0.277        -0.229         1.000
 EDU_C7         0.407         0.400         0.392         0.340        -0.066
 FEMALE        -0.221        -0.178        -0.153        -0.139         0.086


           Correlations
              EDU_C7        FEMALE
              ________      ________
 EDU_C7         1.000
 FEMALE        -0.098         1.000


     MAXIMUM LOG-LIKELIHOOD VALUE FOR THE UNRESTRICTED (H1) MODEL IS -8634.438


UNIVARIATE HIGHER-ORDER MOMENT DESCRIPTIVE STATISTICS


     UNIVARIATE HIGHER-ORDER MOMENT DESCRIPTIVE STATISTICS

         Variable/         Mean/     Skewness/   Minimum/ % with                Percentiles
        Sample Size      Variance    Kurtosis    Maximum  Min/Max      20%/60%    40%/80%    Median

     A_01                 29.278      -0.719       0.000    1.39%      15.000     26.000     30.000
             577.000     108.313      -0.208      44.000    3.29%      33.000     38.000
     A_02                 30.457      -0.674       0.000    1.32%      16.000     26.000     30.000
             453.000      98.682      -0.257      44.000    4.64%      33.000     38.000
     A_03                 30.041      -0.676       0.000    0.59%      14.000     26.000     30.000
             340.000     116.859      -0.497      44.000    5.88%      33.000     39.000
     A_05                 27.510      -0.498       1.000    0.56%      14.000     26.000     29.000
             179.000     109.682      -0.704      44.000    3.35%      31.000     36.000
     AGE_C80               3.367       1.455      -0.630    0.16%       0.904      1.839      2.462
             610.000       9.537       2.727      17.918    0.16%       3.319      5.871
     EDU_C7                0.294       1.885      -7.000    0.16%      -1.000     -1.000     -1.000
             610.000       5.704       4.984      13.000    0.16%       0.000      1.000
     FEMALE                0.659      -0.672       0.000   33.93%       0.000      1.000      1.000
             610.000       0.225      -1.548       1.000   66.07%       1.000      1.000


THE MODEL ESTIMATION TERMINATED NORMALLY



MODEL FIT INFORMATION

Number of Free Parameters                       19

Loglikelihood

          H0 Value                       -3892.076
          H0 Scaling Correction Factor      1.0354
            for MLR

Information Criteria

          Akaike (AIC)                    7822.152
          Bayesian (BIC)                  7900.185
          Sample-Size Adjusted BIC        7839.887
            (n* = (n + 2) / 24)



MODEL RESULTS

                                                    Two-Tailed
                    Estimate       S.E.  Est./S.E.    P-Value

 IA         ON
    AGE_C80           -0.619      0.159     -3.893      0.000
    EDU_C7             1.650      0.156     10.590      0.000
    FEMALE            -3.715      0.938     -3.959      0.000

 SA         ON
    AGE_C80           -0.086      0.047     -1.829      0.067
    EDU_C7             0.039      0.038      1.016      0.310
    FEMALE             0.524      0.276      1.900      0.057

 QA         ON
    AGE_C80            0.008      0.007      1.240      0.215
    EDU_C7            -0.005      0.006     -0.874      0.382
    FEMALE            -0.044      0.037     -1.180      0.238

 IA       WITH
    SA                 0.796      1.256      0.634      0.526
    QA                -0.112      0.165     -0.679      0.497

 SA       WITH
    QA                -0.135      0.078     -1.727      0.084

 Intercepts
    A_01               0.000      0.000    999.000    999.000
    A_02               0.000      0.000    999.000    999.000
    A_03               0.000      0.000    999.000    999.000
    A_05               0.000      0.000    999.000    999.000
    IA                33.081      0.808     40.927      0.000
    SA                 0.176      0.266      0.664      0.507
    QA                -0.100      0.035     -2.885      0.004

 Residual Variances
    A_01              11.061      1.161      9.528      0.000
    A_02              11.061      1.161      9.528      0.000
    A_03              11.061      1.161      9.528      0.000
    A_05              11.061      1.161      9.528      0.000
    IA                73.034      6.028     12.116      0.000
    SA                 1.482      0.699      2.122      0.034
    QA                 0.020      0.010      1.984      0.047


QUALITY OF NUMERICAL RESULTS

     Condition Number for the Information Matrix              0.856E-06
       (ratio of smallest to largest eigenvalue)


CONFIDENCE INTERVALS OF MODEL RESULTS

                  Lower .5%  Lower 2.5%    Lower 5%    Estimate    Upper 5%  Upper 2.5%   Upper .5%

 IA       ON
    AGE_C80         -1.028      -0.930      -0.880      -0.619      -0.357      -0.307      -0.209
    EDU_C7           1.249       1.345       1.394       1.650       1.906       1.956       2.051
    FEMALE          -6.132      -5.554      -5.259      -3.715      -2.171      -1.876      -1.298

 SA       ON
    AGE_C80         -0.206      -0.177      -0.162      -0.086      -0.009       0.006       0.035
    EDU_C7          -0.059      -0.036      -0.024       0.039       0.101       0.113       0.137
    FEMALE          -0.186      -0.016       0.070       0.524       0.977       1.064       1.234

 QA       ON
    AGE_C80         -0.009      -0.005      -0.003       0.008       0.019       0.021       0.025
    EDU_C7          -0.021      -0.017      -0.015      -0.005       0.005       0.007       0.010
    FEMALE          -0.139      -0.116      -0.104      -0.044       0.017       0.029       0.052

 IA       WITH
    SA              -2.439      -1.665      -1.270       0.796       2.862       3.258       4.031
    QA              -0.536      -0.434      -0.383      -0.112       0.159       0.211       0.312

 SA       WITH
    QA              -0.337      -0.289      -0.264      -0.135      -0.006       0.018       0.066

 Intercepts
    A_01             0.000       0.000       0.000       0.000       0.000       0.000       0.000
    A_02             0.000       0.000       0.000       0.000       0.000       0.000       0.000
    A_03             0.000       0.000       0.000       0.000       0.000       0.000       0.000
    A_05             0.000       0.000       0.000       0.000       0.000       0.000       0.000
    IA              30.999      31.497      31.751      33.081      34.411      34.665      35.163
    SA              -0.508      -0.345      -0.261       0.176       0.614       0.698       0.861
    QA              -0.188      -0.167      -0.156      -0.100      -0.043      -0.032      -0.011

 Residual Variances
    A_01             8.071       8.786       9.152      11.061      12.971      13.337      14.052
    A_02             8.071       8.786       9.152      11.061      12.971      13.337      14.052
    A_03             8.071       8.786       9.152      11.061      12.971      13.337      14.052
    A_05             8.071       8.786       9.152      11.061      12.971      13.337      14.052
    IA              57.507      61.219      63.118      73.034      82.950      84.849      88.561
    SA              -0.317       0.113       0.333       1.482       2.632       2.852       3.282
    QA              -0.006       0.000       0.003       0.020       0.036       0.039       0.045


SAMPLE STATISTICS FOR ESTIMATED FACTOR SCORES


     SAMPLE STATISTICS


           Means
              IA            IA_SE         SA            SA_SE         QA
              ________      ________      ________      ________      ________
 1             26.484         2.568         0.060         1.072        -0.090


           Means
              QA_SE
              ________
 1              0.129


           Covariances
              IA            IA_SE         SA            SA_SE         QA
              ________      ________      ________      ________      ________
 IA           118.877
 IA_SE         -1.274         0.144
 SA             2.913        -0.016         0.603
 SA_SE         -0.266         0.028        -0.004         0.008
 QA            -0.307         0.003        -0.043         0.001         0.005
 QA_SE         -0.029         0.002        -0.001         0.001         0.000


           Covariances
              QA_SE
              ________
 QA_SE          0.000


           Correlations
              IA            IA_SE         SA            SA_SE         QA
              ________      ________      ________      ________      ________
 IA             1.000
 IA_SE         -0.308         1.000
 SA             0.344        -0.056         1.000
 SA_SE         -0.276         0.850        -0.053         1.000
 QA            -0.419         0.127        -0.828         0.129         1.000
 QA_SE         -0.299         0.636        -0.214         0.758         0.244


           Correlations
              QA_SE
              ________
 QA_SE          1.000


RESULTS SAVING INFORMATION

  Order of data

    Parameter estimates
     (saved in order shown in Technical 1 output)
    Standard errors
     (saved in order shown in Technical 1 output)
    H0 Loglikelihood
    H0 Scaling Correction Factor for MLR
    Number of Free Parameters
    Akaike (AIC)
    Bayesian (BIC)
    Sample-Size Adjusted BIC

  Save file
    u2_1235_aef_info_results.dat

  Save file format           Free


PLOT INFORMATION

The following plots are available:

  Histograms (sample values, estimated factor scores)
  Scatterplots (sample values, estimated factor scores)
  Latent variable distribution plots

SAVEDATA INFORMATION


  Save file
    u2_1235_aef_info_fscores.dat

  Order and format of variables

    A_01           F10.3
    A_02           F10.3
    A_03           F10.3
    A_05           F10.3
    AGE_C80        F10.3
    EDU_C7         F10.3
    FEMALE         F10.3
    TIME_01        F10.3
    TIME_02        F10.3
    TIME_03        F10.3
    TIME_05        F10.3
    _WEIGHT        F10.3
    IA             F10.3
    IA_SE          F10.3
    SA             F10.3
    SA_SE          F10.3
    QA             F10.3
    QA_SE          F10.3
    PAIRID         I6

  Save file format
    18F10.3 I6

  Save file record length    10000


     Beginning Time:  12:08:29
        Ending Time:  12:08:30
       Elapsed Time:  00:00:01



MUTHEN & MUTHEN
3463 Stoner Ave.
Los Angeles, CA  90066

Tel: (310) 391-9971
Fax: (310) 391-8971
Web: www.StatModel.com
Support: Support@StatModel.com

Copyright (c) 1998-2014 Muthen & Muthen
