Mplus VERSION 7.3
MUTHEN & MUTHEN
12/17/2016   6:09 PM

INPUT INSTRUCTIONS

  TITLE:
  Script produced from the prototype in ./sandbox/syntax-creator/
  DATA:
  File = wide-dataset.dat ;
  VARIABLE:
  NAMES are
   Case PairID female age_c80 edu_c7 sbp_c167 smoke cardio diabetes dementia_ever
      years_since_bl_01 years_since_bl_02 years_since_bl_03 years_since_bl_04
      years_since_bl_05 pef_01 pef_02 pef_03 pef_04 pef_05 grip_01 grip_02 grip_03
      grip_04 grip_05 gait_01 gait_02 gait_03 gait_04 gait_05 block_01 block_02
      block_03 block_04 block_05 digitspanbackward_01 digitspanbackward_02
      digitspanbackward_03 digitspanbackward_04 digitspanbackward_05
      digitspanforward_01 digitspanforward_02 digitspanforward_03 digitspanforward_04
      digitspanforward_05 symbol_01 symbol_02 symbol_03 symbol_04 symbol_05 prose_01
      prose_02 prose_03 prose_04 prose_05 info_01 info_02 info_03 info_04 info_05
      synonyms_01 synonyms_02 synonyms_03 synonyms_04 synonyms_05 psif_01 psif_02
      psif_03 psif_04 psif_05 figure_01 figure_02 figure_03 figure_04 figure_05
      mirrecall_01 mirrecall_02 mirrecall_03 mirrecall_04 mirrecall_05 mmse_01 mmse_02
      mmse_03 mmse_04 mmse_05 mirnaming_01 mirnaming_02 mirnaming_03 mirnaming_04
      mirnaming_05 mirrecog_01 mirrecog_02 mirrecog_03 mirrecog_04 mirrecog_05
      clock_01 clock_02 clock_03 clock_04 clock_05
  	;
  Missing are all (-9999);
  USEVARIABLES are
  	!define the variables used in the analysis
  	! covariates used in the model
  age_c80
  edu_c7
  female	
  	!estimated time points
  time_01
  time_02
  time_03
  	!modelled time points of process (A)
  a_01
  a_02
  a_03
  ;
  TSCORES are
  	!estimated time points
  time_01
  time_02
  time_03;
  CLUSTER = PairID;
  SUBPOPULATION are
  	!select a subset of observations
  dementia_ever NE 1
  ;
  DEFINE:
  	! assign variables to the process (A)
  a_01 = info_01;
  a_02 = info_02;
  a_03 = info_03;
  	!assign variables to time points
  time_01 = years_since_bl_01;
  time_02 = years_since_bl_02;
  time_03 = years_since_bl_03;
  	
  ANALYSIS: TYPE = RANDOM COMPLEX;
  COVERAGE=.00;
  MODEL:
  	!first-level equation
  	! assign process (A) to time points
  ia sa qa | a_01 AT time_01 ;
  ia sa qa | a_02 AT time_02 ;
  ia sa qa | a_03 AT time_03 ;
  	!variance of the first-level terms
  ia (v_ia);
  sa (v_sa);
  qa (v_qa);
  	!covariance among first-level terms
  ia WITH sa (c_iasa);
  ia WITH qa (c_iaqa);
  sa WITH qa (c_saqa);
  	!second-level equation
  ia sa qa ON age_c80
  edu_c7
  female;
  	!residual covariance of process (A)
  a_01 (res_a);
  a_02 (res_a);
  a_03 (res_a);	
  SAVEDATA:
  FILE is   u2_123_aef_info_fscores.dat;
  SAVE = FSCORES;
  RESULTS are   u2_123_aef_info_results.dat;
  	
  OUTPUT: sampstat cinterval;
  PLOT: Type is Plot1 Plot2 Plot3;



*** WARNING
  Data set contains cases with missing on x-variables.
  These cases were not included in the analysis.
  Number of cases with missing on x-variables:  46
*** WARNING
  Data set contains cases with missing on all variables except
  x-variables.  These cases were not included in the analysis.
  Number of cases with missing on all variables except x-variables:  46
   2 WARNING(S) FOUND IN THE INPUT INSTRUCTIONS




Script produced from the prototype in ./sandbox/syntax-creator/

SUMMARY OF ANALYSIS

Number of groups                                                 1
Number of observations                                         449

Number of dependent variables                                    3
Number of independent variables                                  3
Number of continuous latent variables                            3

Observed dependent variables

  Continuous
   A_01        A_02        A_03

Observed independent variables
   AGE_C80     EDU_C7      FEMALE

Continuous latent variables
   IA          SA          QA

Variables with special functions

  Cluster variable      PAIRID
  Weight variable       _WEIGHT

  Time scores
   TIME_01     TIME_02     TIME_03


Estimator                                                      MLR
Information matrix                                        OBSERVED
Maximum number of iterations                                   100
Convergence criterion                                    0.100D-05
Maximum number of EM iterations                                500
Convergence criteria for the EM algorithm
  Loglikelihood change                                   0.100D-02
  Relative loglikelihood change                          0.100D-05
  Derivative                                             0.100D-03
Minimum variance                                         0.100D-03
Maximum number of steepest descent iterations                   20
Maximum number of iterations for H1                           2000
Convergence criterion for H1                             0.100D-03
Optimization algorithm                                         EMA

Input data file(s)
  wide-dataset.dat
Input data format  FREE



SAMPLE STATISTICS


     ESTIMATED SAMPLE STATISTICS


           Means
              A_01          A_02          A_03          AGE_C80       EDU_C7
              ________      ________      ________      ________      ________
 1             29.012        29.200        28.181         3.367         0.294


           Means
              FEMALE
              ________
 1              0.659


           Covariances
              A_01          A_02          A_03          AGE_C80       EDU_C7
              ________      ________      ________      ________      ________
 A_01         110.620
 A_02          98.743       110.686
 A_03         105.174       109.843       136.455
 AGE_C80       -7.281        -7.886       -10.000         9.537
 EDU_C7        10.232        10.057        10.940        -0.486         5.704
 FEMALE        -1.103        -0.891        -0.855         0.125        -0.111


           Covariances
              FEMALE
              ________
 FEMALE         0.225


           Correlations
              A_01          A_02          A_03          AGE_C80       EDU_C7
              ________      ________      ________      ________      ________
 A_01           1.000
 A_02           0.892         1.000
 A_03           0.856         0.894         1.000
 AGE_C80       -0.224        -0.243        -0.277         1.000
 EDU_C7         0.407         0.400         0.392        -0.066         1.000
 FEMALE        -0.221        -0.179        -0.154         0.086        -0.098


           Correlations
              FEMALE
              ________
 FEMALE         1.000


     MAXIMUM LOG-LIKELIHOOD VALUE FOR THE UNRESTRICTED (H1) MODEL IS -7958.172


UNIVARIATE HIGHER-ORDER MOMENT DESCRIPTIVE STATISTICS


     UNIVARIATE HIGHER-ORDER MOMENT DESCRIPTIVE STATISTICS

         Variable/         Mean/     Skewness/   Minimum/ % with                Percentiles
        Sample Size      Variance    Kurtosis    Maximum  Min/Max      20%/60%    40%/80%    Median

     A_01                 29.278      -0.719       0.000    1.39%      15.000     26.000     30.000
             577.000     108.313      -0.208      44.000    3.29%      33.000     38.000
     A_02                 30.457      -0.674       0.000    1.32%      16.000     26.000     30.000
             453.000      98.682      -0.257      44.000    4.64%      33.000     38.000
     A_03                 30.041      -0.676       0.000    0.59%      14.000     26.000     30.000
             340.000     116.859      -0.497      44.000    5.88%      33.000     39.000
     AGE_C80               3.367       1.455      -0.630    0.16%       0.904      1.839      2.462
             610.000       9.537       2.727      17.918    0.16%       3.319      5.871
     EDU_C7                0.294       1.885      -7.000    0.16%      -1.000     -1.000     -1.000
             610.000       5.704       4.984      13.000    0.16%       0.000      1.000
     FEMALE                0.659      -0.672       0.000   33.93%       0.000      1.000      1.000
             610.000       0.225      -1.548       1.000   66.07%       1.000      1.000


THE MODEL ESTIMATION TERMINATED NORMALLY



MODEL FIT INFORMATION

Number of Free Parameters                       19

Loglikelihood

          H0 Value                       -3389.501
          H0 Scaling Correction Factor      1.0133
            for MLR

Information Criteria

          Akaike (AIC)                    6817.001
          Bayesian (BIC)                  6895.035
          Sample-Size Adjusted BIC        6834.736
            (n* = (n + 2) / 24)



MODEL RESULTS

                                                    Two-Tailed
                    Estimate       S.E.  Est./S.E.    P-Value

 IA         ON
    AGE_C80           -0.631      0.160     -3.937      0.000
    EDU_C7             1.669      0.156     10.693      0.000
    FEMALE            -3.730      0.946     -3.944      0.000

 SA         ON
    AGE_C80           -0.002      0.076     -0.030      0.976
    EDU_C7            -0.057      0.071     -0.798      0.425
    FEMALE             0.580      0.468      1.240      0.215

 QA         ON
    AGE_C80           -0.017      0.020     -0.821      0.412
    EDU_C7             0.021      0.018      1.211      0.226
    FEMALE            -0.061      0.115     -0.529      0.597

 IA       WITH
    SA                -1.653      3.843     -0.430      0.667
    QA                 0.542      0.733      0.740      0.459

 SA       WITH
    QA                -0.248      1.660     -0.149      0.881

 Intercepts
    A_01               0.000      0.000    999.000    999.000
    A_02               0.000      0.000    999.000    999.000
    A_03               0.000      0.000    999.000    999.000
    IA                33.104      0.811     40.808      0.000
    SA                 0.018      0.449      0.041      0.967
    QA                -0.051      0.111     -0.459      0.646

 Residual Variances
    A_01               9.900      4.606      2.150      0.032
    A_02               9.900      4.606      2.150      0.032
    A_03               9.900      4.606      2.150      0.032
    IA                74.876      7.502      9.981      0.000
    SA                 1.546      7.195      0.215      0.830
    QA                 0.086      0.413      0.209      0.834


QUALITY OF NUMERICAL RESULTS

     Condition Number for the Information Matrix              0.479E-06
       (ratio of smallest to largest eigenvalue)


CONFIDENCE INTERVALS OF MODEL RESULTS

                  Lower .5%  Lower 2.5%    Lower 5%    Estimate    Upper 5%  Upper 2.5%   Upper .5%

 IA       ON
    AGE_C80         -1.044      -0.945      -0.895      -0.631      -0.368      -0.317      -0.218
    EDU_C7           1.267       1.363       1.413       1.669       1.926       1.975       2.072
    FEMALE          -6.166      -5.583      -5.286      -3.730      -2.174      -1.876      -1.294

 SA       ON
    AGE_C80         -0.199      -0.152      -0.128      -0.002       0.123       0.147       0.194
    EDU_C7          -0.239      -0.196      -0.173      -0.057       0.060       0.082       0.126
    FEMALE          -0.625      -0.337      -0.189       0.580       1.350       1.497       1.785

 QA       ON
    AGE_C80         -0.069      -0.057      -0.050      -0.017       0.017       0.023       0.036
    EDU_C7          -0.024      -0.013      -0.008       0.021       0.050       0.056       0.067
    FEMALE          -0.356      -0.285      -0.249      -0.061       0.128       0.164       0.235

 IA       WITH
    SA             -11.553      -9.186      -7.975      -1.653       4.670       5.880       8.247
    QA              -1.346      -0.894      -0.663       0.542       1.748       1.979       2.430

 SA       WITH
    QA              -4.524      -3.502      -2.979      -0.248       2.484       3.007       4.029

 Intercepts
    A_01             0.000       0.000       0.000       0.000       0.000       0.000       0.000
    A_02             0.000       0.000       0.000       0.000       0.000       0.000       0.000
    A_03             0.000       0.000       0.000       0.000       0.000       0.000       0.000
    IA              31.015      31.514      31.770      33.104      34.439      34.694      35.194
    SA              -1.138      -0.861      -0.720       0.018       0.757       0.898       1.175
    QA              -0.337      -0.269      -0.234      -0.051       0.132       0.167       0.235

 Residual Variances
    A_01            -1.963       0.873       2.324       9.900      17.477      18.927      21.763
    A_02            -1.963       0.873       2.324       9.900      17.477      18.927      21.763
    A_03            -1.963       0.873       2.324       9.900      17.477      18.927      21.763
    IA              55.554      60.173      62.536      74.876      87.217      89.580      94.199
    SA             -16.987     -12.556     -10.290       1.546      13.382      15.649      20.079
    QA              -0.977      -0.723      -0.593       0.086       0.766       0.896       1.150


SAMPLE STATISTICS FOR ESTIMATED FACTOR SCORES


     SAMPLE STATISTICS


           Means
              IA            IA_SE         SA            SA_SE         QA
              ________      ________      ________      ________      ________
 1             26.445         2.483         0.336         1.176        -0.170


           Means
              QA_SE
              ________
 1              0.277


           Covariances
              IA            IA_SE         SA            SA_SE         QA
              ________      ________      ________      ________      ________
 IA           122.676
 IA_SE         -1.264         0.135
 SA            -2.245         0.034         0.332
 SA_SE         -0.120         0.012         0.003         0.001
 QA             1.093        -0.011        -0.023        -0.001         0.020
 QA_SE         -0.032         0.002         0.000         0.000         0.000


           Covariances
              QA_SE
              ________
 QA_SE          0.000


           Correlations
              IA            IA_SE         SA            SA_SE         QA
              ________      ________      ________      ________      ________
 IA             1.000
 IA_SE         -0.311         1.000
 SA            -0.352         0.162         1.000
 SA_SE         -0.312         0.963         0.170         1.000
 QA             0.697        -0.208        -0.284        -0.212         1.000
 QA_SE         -0.266         0.556         0.036         0.609        -0.105


           Correlations
              QA_SE
              ________
 QA_SE          1.000


RESULTS SAVING INFORMATION

  Order of data

    Parameter estimates
     (saved in order shown in Technical 1 output)
    Standard errors
     (saved in order shown in Technical 1 output)
    H0 Loglikelihood
    H0 Scaling Correction Factor for MLR
    Number of Free Parameters
    Akaike (AIC)
    Bayesian (BIC)
    Sample-Size Adjusted BIC

  Save file
    u2_123_aef_info_results.dat

  Save file format           Free


PLOT INFORMATION

The following plots are available:

  Histograms (sample values, estimated factor scores)
  Scatterplots (sample values, estimated factor scores)
  Latent variable distribution plots

SAVEDATA INFORMATION


  Save file
    u2_123_aef_info_fscores.dat

  Order and format of variables

    A_01           F10.3
    A_02           F10.3
    A_03           F10.3
    AGE_C80        F10.3
    EDU_C7         F10.3
    FEMALE         F10.3
    TIME_01        F10.3
    TIME_02        F10.3
    TIME_03        F10.3
    _WEIGHT        F10.3
    IA             F10.3
    IA_SE          F10.3
    SA             F10.3
    SA_SE          F10.3
    QA             F10.3
    QA_SE          F10.3
    PAIRID         I6

  Save file format
    16F10.3 I6

  Save file record length    10000


     Beginning Time:  18:09:42
        Ending Time:  18:09:44
       Elapsed Time:  00:00:02



MUTHEN & MUTHEN
3463 Stoner Ave.
Los Angeles, CA  90066

Tel: (310) 391-9971
Fax: (310) 391-8971
Web: www.StatModel.com
Support: Support@StatModel.com

Copyright (c) 1998-2014 Muthen & Muthen
