Mplus VERSION 7.3
MUTHEN & MUTHEN
12/17/2016  12:08 PM

INPUT INSTRUCTIONS

  TITLE:
  Script produced from the prototype in ./sandbox/syntax-creator/
  DATA:
  File = wide-dataset.dat ;
  VARIABLE:
  NAMES are
   Case PairID female age_c80 edu_c7 sbp_c167 smoke cardio diabetes dementia_ever
      years_since_bl_01 years_since_bl_02 years_since_bl_03 years_since_bl_04
      years_since_bl_05 pef_01 pef_02 pef_03 pef_04 pef_05 grip_01 grip_02 grip_03
      grip_04 grip_05 gait_01 gait_02 gait_03 gait_04 gait_05 block_01 block_02
      block_03 block_04 block_05 digitspanbackward_01 digitspanbackward_02
      digitspanbackward_03 digitspanbackward_04 digitspanbackward_05
      digitspanforward_01 digitspanforward_02 digitspanforward_03 digitspanforward_04
      digitspanforward_05 symbol_01 symbol_02 symbol_03 symbol_04 symbol_05 prose_01
      prose_02 prose_03 prose_04 prose_05 info_01 info_02 info_03 info_04 info_05
      synonyms_01 synonyms_02 synonyms_03 synonyms_04 synonyms_05 psif_01 psif_02
      psif_03 psif_04 psif_05 figure_01 figure_02 figure_03 figure_04 figure_05
      mirrecall_01 mirrecall_02 mirrecall_03 mirrecall_04 mirrecall_05 mmse_01 mmse_02
      mmse_03 mmse_04 mmse_05 mirnaming_01 mirnaming_02 mirnaming_03 mirnaming_04
      mirnaming_05 mirrecog_01 mirrecog_02 mirrecog_03 mirrecog_04 mirrecog_05
      clock_01 clock_02 clock_03 clock_04 clock_05
  	;
  Missing are all (-9999);
  USEVARIABLES are
  	!define the variables used in the analysis
  	! covariates used in the model
  age_c80
  edu_c7	
  	!estimated time points
  time_01
  time_02
  time_04
  time_05
  	!modelled time points of process (A)
  a_01
  a_02
  a_04
  a_05
  ;
  TSCORES are
  	!estimated time points
  time_01
  time_02
  time_04
  time_05;
  CLUSTER = PairID;
  SUBPOPULATION are
  	!select a subset of observations
  dementia_ever NE 1
  ;
  DEFINE:
  	! assign variables to the process (A)
  a_01 = info_01;
  a_02 = info_02;
  a_04 = info_04;
  a_05 = info_05;
  	!assign variables to time points
  time_01 = years_since_bl_01;
  time_02 = years_since_bl_02;
  time_04 = years_since_bl_04;
  time_05 = years_since_bl_05;
  	
  ANALYSIS: TYPE = RANDOM COMPLEX;
  COVERAGE=.00;
  MODEL:
  	!first-level equation
  	! assign process (A) to time points
  ia sa qa | a_01 AT time_01 ;
  ia sa qa | a_02 AT time_02 ;
  ia sa qa | a_04 AT time_04 ;
  ia sa qa | a_05 AT time_05 ;
  	!variance of the first-level terms
  ia (v_ia);
  sa (v_sa);
  qa (v_qa);
  	!covariance among first-level terms
  ia WITH sa (c_iasa);
  ia WITH qa (c_iaqa);
  sa WITH qa (c_saqa);
  	!second-level equation
  ia sa qa ON age_c80
  edu_c7;
  	!residual covariance of process (A)
  a_01 (res_a);
  a_02 (res_a);
  a_04 (res_a);
  a_05 (res_a);	
  SAVEDATA:
  FILE is   u2_1245_ae_info_fscores.dat;
  SAVE = FSCORES;
  RESULTS are   u2_1245_ae_info_results.dat;
  	
  OUTPUT: sampstat cinterval;
  PLOT: Type is Plot1 Plot2 Plot3;



*** WARNING
  Data set contains cases with missing on x-variables.
  These cases were not included in the analysis.
  Number of cases with missing on x-variables:  46
*** WARNING
  Data set contains cases with missing on all variables except
  x-variables.  These cases were not included in the analysis.
  Number of cases with missing on all variables except x-variables:  46
   2 WARNING(S) FOUND IN THE INPUT INSTRUCTIONS




Script produced from the prototype in ./sandbox/syntax-creator/

SUMMARY OF ANALYSIS

Number of groups                                                 1
Number of observations                                         448

Number of dependent variables                                    4
Number of independent variables                                  2
Number of continuous latent variables                            3

Observed dependent variables

  Continuous
   A_01        A_02        A_04        A_05

Observed independent variables
   AGE_C80     EDU_C7

Continuous latent variables
   IA          SA          QA

Variables with special functions

  Cluster variable      PAIRID
  Weight variable       _WEIGHT

  Time scores
   TIME_01     TIME_02     TIME_04     TIME_05


Estimator                                                      MLR
Information matrix                                        OBSERVED
Maximum number of iterations                                   100
Convergence criterion                                    0.100D-05
Maximum number of EM iterations                                500
Convergence criteria for the EM algorithm
  Loglikelihood change                                   0.100D-02
  Relative loglikelihood change                          0.100D-05
  Derivative                                             0.100D-03
Minimum variance                                         0.100D-03
Maximum number of steepest descent iterations                   20
Maximum number of iterations for H1                           2000
Convergence criterion for H1                             0.100D-03
Optimization algorithm                                         EMA

Input data file(s)
  wide-dataset.dat
Input data format  FREE



SAMPLE STATISTICS


     ESTIMATED SAMPLE STATISTICS


           Means
              A_01          A_02          A_04          A_05          AGE_C80
              ________      ________      ________      ________      ________
 1             28.985        29.191        27.318        24.209         3.381


           Means
              EDU_C7
              ________
 1              0.295


           Covariances
              A_01          A_02          A_04          A_05          AGE_C80
              ________      ________      ________      ________      ________
 A_01         110.926
 A_02          99.830       112.143
 A_04         112.902       115.568       155.424
 A_05          99.122       101.289       130.781       143.003
 AGE_C80       -7.481        -7.996       -12.158        -9.794         9.562
 EDU_C7        10.312        10.051        11.317        10.167        -0.501


           Covariances
              EDU_C7
              ________
 EDU_C7         5.717


           Correlations
              A_01          A_02          A_04          A_05          AGE_C80
              ________      ________      ________      ________      ________
 A_01           1.000
 A_02           0.895         1.000
 A_04           0.860         0.875         1.000
 A_05           0.787         0.800         0.877         1.000
 AGE_C80       -0.230        -0.244        -0.315        -0.265         1.000
 EDU_C7         0.409         0.397         0.380         0.356        -0.068


           Correlations
              EDU_C7
              ________
 EDU_C7         1.000


     MAXIMUM LOG-LIKELIHOOD VALUE FOR THE UNRESTRICTED (H1) MODEL IS -7982.409


UNIVARIATE HIGHER-ORDER MOMENT DESCRIPTIVE STATISTICS


     UNIVARIATE HIGHER-ORDER MOMENT DESCRIPTIVE STATISTICS

         Variable/         Mean/     Skewness/   Minimum/ % with                Percentiles
        Sample Size      Variance    Kurtosis    Maximum  Min/Max      20%/60%    40%/80%    Median

     A_01                 29.278      -0.719       0.000    1.39%      15.000     26.000     30.000
             577.000     108.313      -0.208      44.000    3.29%      33.000     38.000
     A_02                 30.457      -0.674       0.000    1.32%      16.000     26.000     30.000
             453.000      98.682      -0.257      44.000    4.64%      33.000     38.000
     A_04                 29.919      -0.823       0.000    2.00%      14.000     25.000     29.500
             250.000     125.740      -0.143      44.000    6.40%      33.000     39.000
     A_05                 27.510      -0.498       1.000    0.56%      14.000     26.000     29.000
             179.000     109.682      -0.704      44.000    3.35%      31.000     36.000
     AGE_C80               3.381       1.442      -0.630    0.16%       0.904      1.842      2.470
             610.000       9.562       2.685      17.918    0.16%       3.334      5.921
     EDU_C7                0.295       1.882      -7.000    0.16%      -1.000     -1.000     -1.000
             610.000       5.717       4.964      13.000    0.16%       0.000      1.000


THE MODEL ESTIMATION TERMINATED NORMALLY



MODEL FIT INFORMATION

Number of Free Parameters                       16

Loglikelihood

          H0 Value                       -3704.866
          H0 Scaling Correction Factor      1.0395
            for MLR

Information Criteria

          Akaike (AIC)                    7441.733
          Bayesian (BIC)                  7507.410
          Sample-Size Adjusted BIC        7456.632
            (n* = (n + 2) / 24)



MODEL RESULTS

                                                    Two-Tailed
                    Estimate       S.E.  Est./S.E.    P-Value

 IA         ON
    AGE_C80           -0.667      0.158     -4.237      0.000
    EDU_C7             1.728      0.144     12.002      0.000

 SA         ON
    AGE_C80           -0.087      0.053     -1.649      0.099
    EDU_C7             0.001      0.049      0.013      0.990

 QA         ON
    AGE_C80            0.005      0.007      0.651      0.515
    EDU_C7             0.000      0.008      0.063      0.950

 IA       WITH
    SA                 2.655      1.785      1.487      0.137
    QA                -0.279      0.234     -1.193      0.233

 SA       WITH
    QA                -0.035      0.111     -0.315      0.753

 Intercepts
    A_01               0.000      0.000    999.000    999.000
    A_02               0.000      0.000    999.000    999.000
    A_04               0.000      0.000    999.000    999.000
    A_05               0.000      0.000    999.000    999.000
    IA                30.629      0.697     43.946      0.000
    SA                 0.838      0.198      4.235      0.000
    QA                -0.155      0.026     -6.029      0.000

 Residual Variances
    A_01              12.791      1.583      8.080      0.000
    A_02              12.791      1.583      8.080      0.000
    A_04              12.791      1.583      8.080      0.000
    A_05              12.791      1.583      8.080      0.000
    IA                73.438      6.638     11.064      0.000
    SA                 0.234      0.934      0.250      0.802
    QA                 0.012      0.014      0.862      0.389


QUALITY OF NUMERICAL RESULTS

     Condition Number for the Information Matrix              0.900E-06
       (ratio of smallest to largest eigenvalue)


CONFIDENCE INTERVALS OF MODEL RESULTS

                  Lower .5%  Lower 2.5%    Lower 5%    Estimate    Upper 5%  Upper 2.5%   Upper .5%

 IA       ON
    AGE_C80         -1.073      -0.976      -0.927      -0.667      -0.408      -0.359      -0.262
    EDU_C7           1.357       1.446       1.491       1.728       1.965       2.010       2.099

 SA       ON
    AGE_C80         -0.222      -0.190      -0.173      -0.087       0.000       0.016       0.049
    EDU_C7          -0.125      -0.095      -0.080       0.001       0.081       0.096       0.126

 QA       ON
    AGE_C80         -0.014      -0.010      -0.007       0.005       0.017       0.019       0.024
    EDU_C7          -0.019      -0.014      -0.012       0.000       0.013       0.015       0.020

 IA       WITH
    SA              -1.943      -0.844      -0.282       2.655       5.591       6.153       7.252
    QA              -0.882      -0.738      -0.664      -0.279       0.106       0.179       0.323

 SA       WITH
    QA              -0.320      -0.252      -0.217      -0.035       0.147       0.182       0.251

 Intercepts
    A_01             0.000       0.000       0.000       0.000       0.000       0.000       0.000
    A_02             0.000       0.000       0.000       0.000       0.000       0.000       0.000
    A_04             0.000       0.000       0.000       0.000       0.000       0.000       0.000
    A_05             0.000       0.000       0.000       0.000       0.000       0.000       0.000
    IA              28.834      29.263      29.482      30.629      31.775      31.995      32.424
    SA               0.328       0.450       0.512       0.838       1.163       1.225       1.347
    QA              -0.222      -0.206      -0.198      -0.155      -0.113      -0.105      -0.089

 Residual Variances
    A_01             8.714       9.689      10.187      12.791      15.396      15.894      16.869
    A_02             8.714       9.689      10.187      12.791      15.396      15.894      16.869
    A_04             8.714       9.689      10.187      12.791      15.396      15.894      16.869
    A_05             8.714       9.689      10.187      12.791      15.396      15.894      16.869
    IA              56.341      60.428      62.519      73.438      84.356      86.447      90.535
    SA              -2.171      -1.596      -1.302       0.234       1.770       2.064       2.639
    QA              -0.025      -0.016      -0.011       0.012       0.036       0.041       0.050


SAMPLE STATISTICS FOR ESTIMATED FACTOR SCORES


     SAMPLE STATISTICS


           Means
              IA            IA_SE         SA            SA_SE         QA
              ________      ________      ________      ________      ________
 1             26.303         2.538         0.456         0.374        -0.137


           Means
              QA_SE
              ________
 1              0.097


           Covariances
              IA            IA_SE         SA            SA_SE         QA
              ________      ________      ________      ________      ________
 IA           115.220
 IA_SE         -1.620         0.233
 SA             4.058        -0.075         0.198
 SA_SE         -0.032         0.004        -0.001         0.000
 QA            -0.350         0.008        -0.018         0.000         0.004
 QA_SE         -0.038         0.004        -0.002         0.000         0.000


           Covariances
              QA_SE
              ________
 QA_SE          0.000


           Correlations
              IA            IA_SE         SA            SA_SE         QA
              ________      ________      ________      ________      ________
 IA             1.000
 IA_SE         -0.313         1.000
 SA             0.849        -0.349         1.000
 SA_SE         -0.307         0.930        -0.342         1.000
 QA            -0.509         0.272        -0.640         0.214         1.000
 QA_SE         -0.260         0.623        -0.316         0.693         0.191


           Correlations
              QA_SE
              ________
 QA_SE          1.000


RESULTS SAVING INFORMATION

  Order of data

    Parameter estimates
     (saved in order shown in Technical 1 output)
    Standard errors
     (saved in order shown in Technical 1 output)
    H0 Loglikelihood
    H0 Scaling Correction Factor for MLR
    Number of Free Parameters
    Akaike (AIC)
    Bayesian (BIC)
    Sample-Size Adjusted BIC

  Save file
    u2_1245_ae_info_results.dat

  Save file format           Free


PLOT INFORMATION

The following plots are available:

  Histograms (sample values, estimated factor scores)
  Scatterplots (sample values, estimated factor scores)
  Latent variable distribution plots

SAVEDATA INFORMATION


  Save file
    u2_1245_ae_info_fscores.dat

  Order and format of variables

    A_01           F10.3
    A_02           F10.3
    A_04           F10.3
    A_05           F10.3
    AGE_C80        F10.3
    EDU_C7         F10.3
    TIME_01        F10.3
    TIME_02        F10.3
    TIME_04        F10.3
    TIME_05        F10.3
    _WEIGHT        F10.3
    IA             F10.3
    IA_SE          F10.3
    SA             F10.3
    SA_SE          F10.3
    QA             F10.3
    QA_SE          F10.3
    PAIRID         I6

  Save file format
    17F10.3 I6

  Save file record length    10000


     Beginning Time:  12:08:34
        Ending Time:  12:08:36
       Elapsed Time:  00:00:02



MUTHEN & MUTHEN
3463 Stoner Ave.
Los Angeles, CA  90066

Tel: (310) 391-9971
Fax: (310) 391-8971
Web: www.StatModel.com
Support: Support@StatModel.com

Copyright (c) 1998-2014 Muthen & Muthen
