Mplus VERSION 7.3
MUTHEN & MUTHEN
12/17/2016   6:15 PM

INPUT INSTRUCTIONS

  TITLE:
  Script produced from the prototype in ./sandbox/syntax-creator/
  DATA:
  File = wide-dataset.dat ;
  VARIABLE:
  NAMES are
   Case PairID female age_c80 edu_c7 sbp_c167 smoke cardio diabetes dementia_ever
      years_since_bl_01 years_since_bl_02 years_since_bl_03 years_since_bl_04
      years_since_bl_05 pef_01 pef_02 pef_03 pef_04 pef_05 grip_01 grip_02 grip_03
      grip_04 grip_05 gait_01 gait_02 gait_03 gait_04 gait_05 block_01 block_02
      block_03 block_04 block_05 digitspanbackward_01 digitspanbackward_02
      digitspanbackward_03 digitspanbackward_04 digitspanbackward_05
      digitspanforward_01 digitspanforward_02 digitspanforward_03 digitspanforward_04
      digitspanforward_05 symbol_01 symbol_02 symbol_03 symbol_04 symbol_05 prose_01
      prose_02 prose_03 prose_04 prose_05 info_01 info_02 info_03 info_04 info_05
      synonyms_01 synonyms_02 synonyms_03 synonyms_04 synonyms_05 psif_01 psif_02
      psif_03 psif_04 psif_05 figure_01 figure_02 figure_03 figure_04 figure_05
      mirrecall_01 mirrecall_02 mirrecall_03 mirrecall_04 mirrecall_05 mmse_01 mmse_02
      mmse_03 mmse_04 mmse_05 mirnaming_01 mirnaming_02 mirnaming_03 mirnaming_04
      mirnaming_05 mirrecog_01 mirrecog_02 mirrecog_03 mirrecog_04 mirrecog_05
      clock_01 clock_02 clock_03 clock_04 clock_05
  	;
  Missing are all (-9999);
  USEVARIABLES are
  	!define the variables used in the analysis
  	! covariates used in the model
  age_c80
  edu_c7	
  	!estimated time points
  time_01
  time_02
  time_05
  	!modelled time points of process (A)
  a_01
  a_02
  a_05
  ;
  TSCORES are
  	!estimated time points
  time_01
  time_02
  time_05;
  CLUSTER = PairID;
  SUBPOPULATION are
  	!select a subset of observations
  dementia_ever NE 1
  ;
  DEFINE:
  	! assign variables to the process (A)
  a_01 = info_01;
  a_02 = info_02;
  a_05 = info_05;
  	!assign variables to time points
  time_01 = years_since_bl_01;
  time_02 = years_since_bl_02;
  time_05 = years_since_bl_05;
  	
  ANALYSIS: TYPE = RANDOM COMPLEX;
  COVERAGE=.00;
  MODEL:
  	!first-level equation
  	! assign process (A) to time points
  ia sa qa | a_01 AT time_01 ;
  ia sa qa | a_02 AT time_02 ;
  ia sa qa | a_05 AT time_05 ;
  	!variance of the first-level terms
  ia (v_ia);
  sa (v_sa);
  qa (v_qa);
  	!covariance among first-level terms
  ia WITH sa (c_iasa);
  ia WITH qa (c_iaqa);
  sa WITH qa (c_saqa);
  	!second-level equation
  ia sa qa ON age_c80
  edu_c7;
  	!residual covariance of process (A)
  a_01 (res_a);
  a_02 (res_a);
  a_05 (res_a);	
  SAVEDATA:
  FILE is   u2_125_ae_info_fscores.dat;
  SAVE = FSCORES;
  RESULTS are   u2_125_ae_info_results.dat;
  	
  OUTPUT: sampstat cinterval;
  PLOT: Type is Plot1 Plot2 Plot3;



*** WARNING
  Data set contains cases with missing on x-variables.
  These cases were not included in the analysis.
  Number of cases with missing on x-variables:  46
*** WARNING
  Data set contains cases with missing on all variables except
  x-variables.  These cases were not included in the analysis.
  Number of cases with missing on all variables except x-variables:  48
   2 WARNING(S) FOUND IN THE INPUT INSTRUCTIONS




Script produced from the prototype in ./sandbox/syntax-creator/

SUMMARY OF ANALYSIS

Number of groups                                                 1
Number of observations                                         447

Number of dependent variables                                    3
Number of independent variables                                  2
Number of continuous latent variables                            3

Observed dependent variables

  Continuous
   A_01        A_02        A_05

Observed independent variables
   AGE_C80     EDU_C7

Continuous latent variables
   IA          SA          QA

Variables with special functions

  Cluster variable      PAIRID
  Weight variable       _WEIGHT

  Time scores
   TIME_01     TIME_02     TIME_05


Estimator                                                      MLR
Information matrix                                        OBSERVED
Maximum number of iterations                                   100
Convergence criterion                                    0.100D-05
Maximum number of EM iterations                                500
Convergence criteria for the EM algorithm
  Loglikelihood change                                   0.100D-02
  Relative loglikelihood change                          0.100D-05
  Derivative                                             0.100D-03
Minimum variance                                         0.100D-03
Maximum number of steepest descent iterations                   20
Maximum number of iterations for H1                           2000
Convergence criterion for H1                             0.100D-03
Optimization algorithm                                         EMA

Input data file(s)
  wide-dataset.dat
Input data format  FREE



SAMPLE STATISTICS


     ESTIMATED SAMPLE STATISTICS


           Means
              A_01          A_02          A_05          AGE_C80       EDU_C7
              ________      ________      ________      ________      ________
 1             29.038        29.244        24.774         3.374         0.298


           Covariances
              A_01          A_02          A_05          AGE_C80       EDU_C7
              ________      ________      ________      ________      ________
 A_01         110.069
 A_02          99.017       111.443
 A_05          96.226       100.385       137.433
 AGE_C80       -7.337        -7.858        -9.043         9.567
 EDU_C7        10.277        10.010         9.807        -0.494         5.726


           Correlations
              A_01          A_02          A_05          AGE_C80       EDU_C7
              ________      ________      ________      ________      ________
 A_01           1.000
 A_02           0.894         1.000
 A_05           0.782         0.811         1.000
 AGE_C80       -0.226        -0.241        -0.249         1.000
 EDU_C7         0.409         0.396         0.350        -0.067         1.000


     MAXIMUM LOG-LIKELIHOOD VALUE FOR THE UNRESTRICTED (H1) MODEL IS -7161.040


UNIVARIATE HIGHER-ORDER MOMENT DESCRIPTIVE STATISTICS


     UNIVARIATE HIGHER-ORDER MOMENT DESCRIPTIVE STATISTICS

         Variable/         Mean/     Skewness/   Minimum/ % with                Percentiles
        Sample Size      Variance    Kurtosis    Maximum  Min/Max      20%/60%    40%/80%    Median

     A_01                 29.278      -0.719       0.000    1.39%      15.000     26.000     30.000
             577.000     108.313      -0.208      44.000    3.29%      33.000     38.000
     A_02                 30.457      -0.674       0.000    1.32%      16.000     26.000     30.000
             453.000      98.682      -0.257      44.000    4.64%      33.000     38.000
     A_05                 27.510      -0.498       1.000    0.56%      14.000     26.000     29.000
             179.000     109.682      -0.704      44.000    3.35%      31.000     36.000
     AGE_C80               3.374       1.448      -0.630    0.16%       0.904      1.839      2.470
             608.000       9.567       2.702      17.918    0.16%       3.334      5.871
     EDU_C7                0.298       1.879      -7.000    0.16%      -1.000     -1.000     -1.000
             608.000       5.726       4.948      13.000    0.16%       0.000      1.000


THE MODEL ESTIMATION TERMINATED NORMALLY



MODEL FIT INFORMATION

Number of Free Parameters                       16

Loglikelihood

          H0 Value                       -3102.395
          H0 Scaling Correction Factor      1.0034
            for MLR

Information Criteria

          Akaike (AIC)                    6236.790
          Bayesian (BIC)                  6302.431
          Sample-Size Adjusted BIC        6251.653
            (n* = (n + 2) / 24)



MODEL RESULTS

                                                    Two-Tailed
                    Estimate       S.E.  Est./S.E.    P-Value

 IA         ON
    AGE_C80           -0.680      0.159     -4.279      0.000
    EDU_C7             1.738      0.146     11.867      0.000

 SA         ON
    AGE_C80           -0.027      0.054     -0.491      0.623
    EDU_C7            -0.031      0.050     -0.632      0.527

 QA         ON
    AGE_C80            0.001      0.007      0.087      0.931
    EDU_C7             0.002      0.007      0.321      0.749

 IA       WITH
    SA                -2.316      4.919     -0.471      0.638
    QA                 0.174      0.506      0.343      0.732

 SA       WITH
    QA                -0.411      0.670     -0.613      0.540

 Intercepts
    A_01               0.000      0.000    999.000    999.000
    A_02               0.000      0.000    999.000    999.000
    A_05               0.000      0.000    999.000    999.000
    IA                30.812      0.702     43.910      0.000
    SA                 0.413      0.233      1.772      0.076
    QA                -0.108      0.028     -3.901      0.000

 Residual Variances
    A_01               6.877      7.316      0.940      0.347
    A_02               6.877      7.316      0.940      0.347
    A_05               6.877      7.316      0.940      0.347
    IA                80.376     10.309      7.797      0.000
    SA                 3.750      5.919      0.634      0.526
    QA                 0.054      0.079      0.686      0.492


QUALITY OF NUMERICAL RESULTS

     Condition Number for the Information Matrix              0.502E-07
       (ratio of smallest to largest eigenvalue)


CONFIDENCE INTERVALS OF MODEL RESULTS

                  Lower .5%  Lower 2.5%    Lower 5%    Estimate    Upper 5%  Upper 2.5%   Upper .5%

 IA       ON
    AGE_C80         -1.089      -0.991      -0.941      -0.680      -0.418      -0.368      -0.271
    EDU_C7           1.361       1.451       1.497       1.738       1.979       2.025       2.115

 SA       ON
    AGE_C80         -0.166      -0.133      -0.116      -0.027       0.062       0.079       0.113
    EDU_C7          -0.159      -0.128      -0.113      -0.031       0.050       0.066       0.096

 QA       ON
    AGE_C80         -0.018      -0.014      -0.012       0.001       0.013       0.015       0.020
    EDU_C7          -0.016      -0.012      -0.009       0.002       0.014       0.016       0.020

 IA       WITH
    SA             -14.986     -11.957     -10.408      -2.316       5.775       7.324      10.354
    QA              -1.130      -0.819      -0.659       0.174       1.006       1.166       1.478

 SA       WITH
    QA              -2.136      -1.723      -1.512      -0.411       0.691       0.902       1.314

 Intercepts
    A_01             0.000       0.000       0.000       0.000       0.000       0.000       0.000
    A_02             0.000       0.000       0.000       0.000       0.000       0.000       0.000
    A_05             0.000       0.000       0.000       0.000       0.000       0.000       0.000
    IA              29.004      29.436      29.657      30.812      31.966      32.187      32.619
    SA              -0.187      -0.044       0.030       0.413       0.797       0.870       1.014
    QA              -0.179      -0.162      -0.153      -0.108      -0.062      -0.054      -0.037

 Residual Variances
    A_01           -11.966      -7.462      -5.157       6.877      18.911      21.215      25.720
    A_02           -11.966      -7.462      -5.157       6.877      18.911      21.215      25.720
    A_05           -11.966      -7.462      -5.157       6.877      18.911      21.215      25.720
    IA              53.822      60.171      63.418      80.376      97.334     100.581     106.929
    SA             -11.496      -7.851      -5.987       3.750      13.487      15.351      18.996
    QA              -0.148      -0.100      -0.075       0.054       0.183       0.208       0.256


SAMPLE STATISTICS FOR ESTIMATED FACTOR SCORES


     SAMPLE STATISTICS


           Means
              IA            IA_SE         SA            SA_SE         QA
              ________      ________      ________      ________      ________
 1             26.564         2.334         0.174         1.621        -0.091


           Means
              QA_SE
              ________
 1              0.199


           Covariances
              IA            IA_SE         SA            SA_SE         QA
              ________      ________      ________      ________      ________
 IA           126.824
 IA_SE         -1.163         0.149
 SA            -0.556         0.003         1.433
 SA_SE         -0.709         0.050         0.024         0.039
 QA            -0.006         0.001        -0.149        -0.002         0.018
 QA_SE         -0.087         0.005         0.001         0.004         0.000


           Covariances
              QA_SE
              ________
 QA_SE          0.001


           Correlations
              IA            IA_SE         SA            SA_SE         QA
              ________      ________      ________      ________      ________
 IA             1.000
 IA_SE         -0.268         1.000
 SA            -0.041         0.006         1.000
 SA_SE         -0.320         0.666         0.104         1.000
 QA            -0.004         0.020        -0.936        -0.077         1.000
 QA_SE         -0.344         0.598         0.035         0.926        -0.008


           Correlations
              QA_SE
              ________
 QA_SE          1.000


RESULTS SAVING INFORMATION

  Order of data

    Parameter estimates
     (saved in order shown in Technical 1 output)
    Standard errors
     (saved in order shown in Technical 1 output)
    H0 Loglikelihood
    H0 Scaling Correction Factor for MLR
    Number of Free Parameters
    Akaike (AIC)
    Bayesian (BIC)
    Sample-Size Adjusted BIC

  Save file
    u2_125_ae_info_results.dat

  Save file format           Free


PLOT INFORMATION

The following plots are available:

  Histograms (sample values, estimated factor scores)
  Scatterplots (sample values, estimated factor scores)
  Latent variable distribution plots

SAVEDATA INFORMATION


  Save file
    u2_125_ae_info_fscores.dat

  Order and format of variables

    A_01           F10.3
    A_02           F10.3
    A_05           F10.3
    AGE_C80        F10.3
    EDU_C7         F10.3
    TIME_01        F10.3
    TIME_02        F10.3
    TIME_05        F10.3
    _WEIGHT        F10.3
    IA             F10.3
    IA_SE          F10.3
    SA             F10.3
    SA_SE          F10.3
    QA             F10.3
    QA_SE          F10.3
    PAIRID         I6

  Save file format
    15F10.3 I6

  Save file record length    10000


     Beginning Time:  18:15:03
        Ending Time:  18:15:04
       Elapsed Time:  00:00:01



MUTHEN & MUTHEN
3463 Stoner Ave.
Los Angeles, CA  90066

Tel: (310) 391-9971
Fax: (310) 391-8971
Web: www.StatModel.com
Support: Support@StatModel.com

Copyright (c) 1998-2014 Muthen & Muthen
