Mplus VERSION 7.3
MUTHEN & MUTHEN
12/17/2016   6:09 PM

INPUT INSTRUCTIONS

  TITLE:
  Script produced from the prototype in ./sandbox/syntax-creator/
  DATA:
  File = wide-dataset.dat ;
  VARIABLE:
  NAMES are
   Case PairID female age_c80 edu_c7 sbp_c167 smoke cardio diabetes dementia_ever
      years_since_bl_01 years_since_bl_02 years_since_bl_03 years_since_bl_04
      years_since_bl_05 pef_01 pef_02 pef_03 pef_04 pef_05 grip_01 grip_02 grip_03
      grip_04 grip_05 gait_01 gait_02 gait_03 gait_04 gait_05 block_01 block_02
      block_03 block_04 block_05 digitspanbackward_01 digitspanbackward_02
      digitspanbackward_03 digitspanbackward_04 digitspanbackward_05
      digitspanforward_01 digitspanforward_02 digitspanforward_03 digitspanforward_04
      digitspanforward_05 symbol_01 symbol_02 symbol_03 symbol_04 symbol_05 prose_01
      prose_02 prose_03 prose_04 prose_05 info_01 info_02 info_03 info_04 info_05
      synonyms_01 synonyms_02 synonyms_03 synonyms_04 synonyms_05 psif_01 psif_02
      psif_03 psif_04 psif_05 figure_01 figure_02 figure_03 figure_04 figure_05
      mirrecall_01 mirrecall_02 mirrecall_03 mirrecall_04 mirrecall_05 mmse_01 mmse_02
      mmse_03 mmse_04 mmse_05 mirnaming_01 mirnaming_02 mirnaming_03 mirnaming_04
      mirnaming_05 mirrecog_01 mirrecog_02 mirrecog_03 mirrecog_04 mirrecog_05
      clock_01 clock_02 clock_03 clock_04 clock_05
  	;
  Missing are all (-9999);
  USEVARIABLES are
  	!define the variables used in the analysis
  	! covariates used in the model
  age_c80	
  	!estimated time points
  time_01
  time_02
  time_03
  	!modelled time points of process (A)
  a_01
  a_02
  a_03
  ;
  TSCORES are
  	!estimated time points
  time_01
  time_02
  time_03;
  CLUSTER = PairID;
  SUBPOPULATION are
  	!select a subset of observations
  dementia_ever NE 1
  ;
  DEFINE:
  	! assign variables to the process (A)
  a_01 = info_01;
  a_02 = info_02;
  a_03 = info_03;
  	!assign variables to time points
  time_01 = years_since_bl_01;
  time_02 = years_since_bl_02;
  time_03 = years_since_bl_03;
  	
  ANALYSIS: TYPE = RANDOM COMPLEX;
  COVERAGE=.00;
  MODEL:
  	!first-level equation
  	! assign process (A) to time points
  ia sa qa | a_01 AT time_01 ;
  ia sa qa | a_02 AT time_02 ;
  ia sa qa | a_03 AT time_03 ;
  	!variance of the first-level terms
  ia (v_ia);
  sa (v_sa);
  qa (v_qa);
  	!covariance among first-level terms
  ia WITH sa (c_iasa);
  ia WITH qa (c_iaqa);
  sa WITH qa (c_saqa);
  	!second-level equation
  ia sa qa ON age_c80;
  	!residual covariance of process (A)
  a_01 (res_a);
  a_02 (res_a);
  a_03 (res_a);	
  SAVEDATA:
  FILE is   u2_123_a_info_fscores.dat;
  SAVE = FSCORES;
  RESULTS are   u2_123_a_info_results.dat;
  	
  OUTPUT: sampstat cinterval;
  PLOT: Type is Plot1 Plot2 Plot3;



*** WARNING
  Data set contains cases with missing on all variables except
  x-variables.  These cases were not included in the analysis.
  Number of cases with missing on all variables except x-variables:  85
   1 WARNING(S) FOUND IN THE INPUT INSTRUCTIONS




Script produced from the prototype in ./sandbox/syntax-creator/

SUMMARY OF ANALYSIS

Number of groups                                                 1
Number of observations                                         451

Number of dependent variables                                    3
Number of independent variables                                  1
Number of continuous latent variables                            3

Observed dependent variables

  Continuous
   A_01        A_02        A_03

Observed independent variables
   AGE_C80

Continuous latent variables
   IA          SA          QA

Variables with special functions

  Cluster variable      PAIRID
  Weight variable       _WEIGHT

  Time scores
   TIME_01     TIME_02     TIME_03


Estimator                                                      MLR
Information matrix                                        OBSERVED
Maximum number of iterations                                   100
Convergence criterion                                    0.100D-05
Maximum number of EM iterations                                500
Convergence criteria for the EM algorithm
  Loglikelihood change                                   0.100D-02
  Relative loglikelihood change                          0.100D-05
  Derivative                                             0.100D-03
Minimum variance                                         0.100D-03
Maximum number of steepest descent iterations                   20
Maximum number of iterations for H1                           2000
Convergence criterion for H1                             0.100D-03
Optimization algorithm                                         EMA

Input data file(s)
  wide-dataset.dat
Input data format  FREE



SAMPLE STATISTICS


     ESTIMATED SAMPLE STATISTICS


           Means
              A_01          A_02          A_03          AGE_C80
              ________      ________      ________      ________
 1             28.883        29.073        28.055         3.378


           Covariances
              A_01          A_02          A_03          AGE_C80
              ________      ________      ________      ________
 A_01         113.789
 A_02         102.156       114.309
 A_03         108.684       113.549       140.315
 AGE_C80       -7.570        -8.205       -10.424         9.551


           Correlations
              A_01          A_02          A_03          AGE_C80
              ________      ________      ________      ________
 A_01           1.000
 A_02           0.896         1.000
 A_03           0.860         0.897         1.000
 AGE_C80       -0.230        -0.248        -0.285         1.000


     MAXIMUM LOG-LIKELIHOOD VALUE FOR THE UNRESTRICTED (H1) MODEL IS -6295.780


UNIVARIATE HIGHER-ORDER MOMENT DESCRIPTIVE STATISTICS


     UNIVARIATE HIGHER-ORDER MOMENT DESCRIPTIVE STATISTICS

         Variable/         Mean/     Skewness/   Minimum/ % with                Percentiles
        Sample Size      Variance    Kurtosis    Maximum  Min/Max      20%/60%    40%/80%    Median

     A_01                 29.210      -0.731       0.000    1.89%      15.000     26.000     29.000
             582.000     110.054      -0.180      44.000    3.26%      32.000     38.000
     A_02                 30.368      -0.703       0.000    2.40%      16.000     26.000     30.000
             458.000     101.098      -0.173      44.000    4.59%      33.000     38.000
     A_03                 30.041      -0.676       0.000    0.59%      14.000     26.000     30.000
             340.000     116.859      -0.497      44.000    5.88%      33.000     39.000
     AGE_C80               3.378       1.444      -0.630    0.16%       0.904      1.842      2.483
             617.000       9.551       2.679      17.918    0.16%       3.351      5.921


THE MODEL ESTIMATION TERMINATED NORMALLY



MODEL FIT INFORMATION

Number of Free Parameters                       13

Loglikelihood

          H0 Value                       -3453.520
          H0 Scaling Correction Factor      1.1690
            for MLR

Information Criteria

          Akaike (AIC)                    6933.039
          Bayesian (BIC)                  6986.488
          Sample-Size Adjusted BIC        6945.231
            (n* = (n + 2) / 24)



MODEL RESULTS

                                                    Two-Tailed
                    Estimate       S.E.  Est./S.E.    P-Value

 IA         ON
    AGE_C80           -0.795      0.193     -4.108      0.000

 SA         ON
    AGE_C80            0.010      0.079      0.123      0.902

 QA         ON
    AGE_C80           -0.020      0.022     -0.927      0.354

 IA       WITH
    SA                -3.382      4.938     -0.685      0.493
    QA                 0.906      0.927      0.977      0.329

 SA       WITH
    QA                -0.630      2.111     -0.299      0.765

 Intercepts
    A_01               0.000      0.000    999.000    999.000
    A_02               0.000      0.000    999.000    999.000
    A_03               0.000      0.000    999.000    999.000
    IA                31.568      0.811     38.912      0.000
    SA                 0.342      0.316      1.084      0.278
    QA                -0.073      0.079     -0.929      0.353

 Residual Variances
    A_01               8.867      5.804      1.528      0.127
    A_02               8.867      5.804      1.528      0.127
    A_03               8.867      5.804      1.528      0.127
    IA                98.846      9.852     10.033      0.000
    SA                 3.248      9.280      0.350      0.726
    QA                 0.181      0.517      0.350      0.726


QUALITY OF NUMERICAL RESULTS

     Condition Number for the Information Matrix              0.900E-06
       (ratio of smallest to largest eigenvalue)


CONFIDENCE INTERVALS OF MODEL RESULTS

                  Lower .5%  Lower 2.5%    Lower 5%    Estimate    Upper 5%  Upper 2.5%   Upper .5%

 IA       ON
    AGE_C80         -1.293      -1.174      -1.113      -0.795      -0.476      -0.415      -0.296

 SA       ON
    AGE_C80         -0.195      -0.146      -0.121       0.010       0.141       0.166       0.214

 QA       ON
    AGE_C80         -0.075      -0.062      -0.055      -0.020       0.015       0.022       0.036

 IA       WITH
    SA             -16.101     -13.060     -11.505      -3.382       4.741       6.296       9.337
    QA              -1.483      -0.911      -0.619       0.906       2.431       2.723       3.294

 SA       WITH
    QA              -6.067      -4.767      -4.103      -0.630       2.842       3.507       4.806

 Intercepts
    A_01             0.000       0.000       0.000       0.000       0.000       0.000       0.000
    A_02             0.000       0.000       0.000       0.000       0.000       0.000       0.000
    A_03             0.000       0.000       0.000       0.000       0.000       0.000       0.000
    IA              29.478      29.978      30.233      31.568      32.903      33.158      33.658
    SA              -0.471      -0.276      -0.177       0.342       0.861       0.961       1.155
    QA              -0.277      -0.228      -0.203      -0.073       0.057       0.081       0.130

 Residual Variances
    A_01            -6.083      -2.509      -0.680       8.867      18.415      20.243      23.818
    A_02            -6.083      -2.509      -0.680       8.867      18.415      20.243      23.818
    A_03            -6.083      -2.509      -0.680       8.867      18.415      20.243      23.818
    IA              73.468      79.535      82.639      98.846     115.053     118.156     124.223
    SA             -20.655     -14.940     -12.017       3.248      18.513      21.436      27.151
    QA              -1.150      -0.832      -0.669       0.181       1.031       1.193       1.511


SAMPLE STATISTICS FOR ESTIMATED FACTOR SCORES


     SAMPLE STATISTICS


           Means
              IA            IA_SE         SA            SA_SE         QA
              ________      ________      ________      ________      ________
 1             26.147         2.482         0.320         1.651        -0.169


           Means
              QA_SE
              ________
 1              0.393


           Covariances
              IA            IA_SE         SA            SA_SE         QA
              ________      ________      ________      ________      ________
 IA           130.233
 IA_SE         -1.355         0.147
 SA            -2.261         0.034         0.663
 SA_SE         -0.304         0.027         0.010         0.007
 QA             1.070        -0.011        -0.088        -0.003         0.037
 QA_SE         -0.079         0.005         0.000         0.001         0.000


           Covariances
              QA_SE
              ________
 QA_SE          0.000


           Correlations
              IA            IA_SE         SA            SA_SE         QA
              ________      ________      ________      ________      ________
 IA             1.000
 IA_SE         -0.310         1.000
 SA            -0.243         0.108         1.000
 SA_SE         -0.328         0.881         0.156         1.000
 QA             0.488        -0.144        -0.564        -0.194         1.000
 QA_SE         -0.328         0.597         0.026         0.707        -0.083


           Correlations
              QA_SE
              ________
 QA_SE          1.000


RESULTS SAVING INFORMATION

  Order of data

    Parameter estimates
     (saved in order shown in Technical 1 output)
    Standard errors
     (saved in order shown in Technical 1 output)
    H0 Loglikelihood
    H0 Scaling Correction Factor for MLR
    Number of Free Parameters
    Akaike (AIC)
    Bayesian (BIC)
    Sample-Size Adjusted BIC

  Save file
    u2_123_a_info_results.dat

  Save file format           Free


PLOT INFORMATION

The following plots are available:

  Histograms (sample values, estimated factor scores)
  Scatterplots (sample values, estimated factor scores)
  Latent variable distribution plots

SAVEDATA INFORMATION


  Save file
    u2_123_a_info_fscores.dat

  Order and format of variables

    A_01           F10.3
    A_02           F10.3
    A_03           F10.3
    AGE_C80        F10.3
    TIME_01        F10.3
    TIME_02        F10.3
    TIME_03        F10.3
    _WEIGHT        F10.3
    IA             F10.3
    IA_SE          F10.3
    SA             F10.3
    SA_SE          F10.3
    QA             F10.3
    QA_SE          F10.3
    PAIRID         I6

  Save file format
    14F10.3 I6

  Save file record length    10000


     Beginning Time:  18:09:40
        Ending Time:  18:09:41
       Elapsed Time:  00:00:01



MUTHEN & MUTHEN
3463 Stoner Ave.
Los Angeles, CA  90066

Tel: (310) 391-9971
Fax: (310) 391-8971
Web: www.StatModel.com
Support: Support@StatModel.com

Copyright (c) 1998-2014 Muthen & Muthen
