Mplus VERSION 7.3
MUTHEN & MUTHEN
12/17/2016  12:08 PM

INPUT INSTRUCTIONS

  TITLE:
  Script produced from the prototype in ./sandbox/syntax-creator/
  DATA:
  File = wide-dataset.dat ;
  VARIABLE:
  NAMES are
   Case PairID female age_c80 edu_c7 sbp_c167 smoke cardio diabetes dementia_ever
      years_since_bl_01 years_since_bl_02 years_since_bl_03 years_since_bl_04
      years_since_bl_05 pef_01 pef_02 pef_03 pef_04 pef_05 grip_01 grip_02 grip_03
      grip_04 grip_05 gait_01 gait_02 gait_03 gait_04 gait_05 block_01 block_02
      block_03 block_04 block_05 digitspanbackward_01 digitspanbackward_02
      digitspanbackward_03 digitspanbackward_04 digitspanbackward_05
      digitspanforward_01 digitspanforward_02 digitspanforward_03 digitspanforward_04
      digitspanforward_05 symbol_01 symbol_02 symbol_03 symbol_04 symbol_05 prose_01
      prose_02 prose_03 prose_04 prose_05 info_01 info_02 info_03 info_04 info_05
      synonyms_01 synonyms_02 synonyms_03 synonyms_04 synonyms_05 psif_01 psif_02
      psif_03 psif_04 psif_05 figure_01 figure_02 figure_03 figure_04 figure_05
      mirrecall_01 mirrecall_02 mirrecall_03 mirrecall_04 mirrecall_05 mmse_01 mmse_02
      mmse_03 mmse_04 mmse_05 mirnaming_01 mirnaming_02 mirnaming_03 mirnaming_04
      mirnaming_05 mirrecog_01 mirrecog_02 mirrecog_03 mirrecog_04 mirrecog_05
      clock_01 clock_02 clock_03 clock_04 clock_05
  	;
  Missing are all (-9999);
  USEVARIABLES are
  	!define the variables used in the analysis
  	! covariates used in the model
  age_c80
  edu_c7
  female	
  	!estimated time points
  time_01
  time_03
  time_04
  time_05
  	!modelled time points of process (A)
  a_01
  a_03
  a_04
  a_05
  ;
  TSCORES are
  	!estimated time points
  time_01
  time_03
  time_04
  time_05;
  CLUSTER = PairID;
  SUBPOPULATION are
  	!select a subset of observations
  dementia_ever NE 1
  ;
  DEFINE:
  	! assign variables to the process (A)
  a_01 = info_01;
  a_03 = info_03;
  a_04 = info_04;
  a_05 = info_05;
  	!assign variables to time points
  time_01 = years_since_bl_01;
  time_03 = years_since_bl_03;
  time_04 = years_since_bl_04;
  time_05 = years_since_bl_05;
  	
  ANALYSIS: TYPE = RANDOM COMPLEX;
  COVERAGE=.00;
  MODEL:
  	!first-level equation
  	! assign process (A) to time points
  ia sa qa | a_01 AT time_01 ;
  ia sa qa | a_03 AT time_03 ;
  ia sa qa | a_04 AT time_04 ;
  ia sa qa | a_05 AT time_05 ;
  	!variance of the first-level terms
  ia (v_ia);
  sa (v_sa);
  qa (v_qa);
  	!covariance among first-level terms
  ia WITH sa (c_iasa);
  ia WITH qa (c_iaqa);
  sa WITH qa (c_saqa);
  	!second-level equation
  ia sa qa ON age_c80
  edu_c7
  female;
  	!residual covariance of process (A)
  a_01 (res_a);
  a_03 (res_a);
  a_04 (res_a);
  a_05 (res_a);	
  SAVEDATA:
  FILE is   u2_1345_aef_info_fscores.dat;
  SAVE = FSCORES;
  RESULTS are   u2_1345_aef_info_results.dat;
  	
  OUTPUT: sampstat cinterval;
  PLOT: Type is Plot1 Plot2 Plot3;



*** WARNING
  Data set contains cases with missing on x-variables.
  These cases were not included in the analysis.
  Number of cases with missing on x-variables:  46
*** WARNING
  Data set contains cases with missing on all variables except
  x-variables.  These cases were not included in the analysis.
  Number of cases with missing on all variables except x-variables:  63
   2 WARNING(S) FOUND IN THE INPUT INSTRUCTIONS




Script produced from the prototype in ./sandbox/syntax-creator/

SUMMARY OF ANALYSIS

Number of groups                                                 1
Number of observations                                         439

Number of dependent variables                                    4
Number of independent variables                                  3
Number of continuous latent variables                            3

Observed dependent variables

  Continuous
   A_01        A_03        A_04        A_05

Observed independent variables
   AGE_C80     EDU_C7      FEMALE

Continuous latent variables
   IA          SA          QA

Variables with special functions

  Cluster variable      PAIRID
  Weight variable       _WEIGHT

  Time scores
   TIME_01     TIME_03     TIME_04     TIME_05


Estimator                                                      MLR
Information matrix                                        OBSERVED
Maximum number of iterations                                   100
Convergence criterion                                    0.100D-05
Maximum number of EM iterations                                500
Convergence criteria for the EM algorithm
  Loglikelihood change                                   0.100D-02
  Relative loglikelihood change                          0.100D-05
  Derivative                                             0.100D-03
Minimum variance                                         0.100D-03
Maximum number of steepest descent iterations                   20
Maximum number of iterations for H1                           2000
Convergence criterion for H1                             0.100D-03
Optimization algorithm                                         EMA

Input data file(s)
  wide-dataset.dat
Input data format  FREE



SAMPLE STATISTICS


     ESTIMATED SAMPLE STATISTICS


           Means
              A_01          A_03          A_04          A_05          AGE_C80
              ________      ________      ________      ________      ________
 1             29.177        28.454        27.548        24.427         3.352


           Means
              EDU_C7        FEMALE
              ________      ________
 1              0.305         0.656


           Covariances
              A_01          A_03          A_04          A_05          AGE_C80
              ________      ________      ________      ________      ________
 A_01         109.434
 A_03         102.724       131.957
 A_04         108.300       128.646       150.066
 A_05          95.375       116.378       126.457       140.084
 AGE_C80       -7.143        -9.444       -10.868        -8.188         9.452
 EDU_C7        10.293        10.859        11.007         9.669        -0.505
 FEMALE        -1.116        -0.851        -0.961        -0.827         0.113


           Covariances
              EDU_C7        FEMALE
              ________      ________
 EDU_C7         5.770
 FEMALE        -0.116         0.226


           Correlations
              A_01          A_03          A_04          A_05          AGE_C80
              ________      ________      ________      ________      ________
 A_01           1.000
 A_03           0.855         1.000
 A_04           0.845         0.914         1.000
 A_05           0.770         0.856         0.872         1.000
 AGE_C80       -0.222        -0.267        -0.289        -0.225         1.000
 EDU_C7         0.410         0.394         0.374         0.340        -0.068
 FEMALE        -0.225        -0.156        -0.165        -0.147         0.078


           Correlations
              EDU_C7        FEMALE
              ________      ________
 EDU_C7         1.000
 FEMALE        -0.102         1.000


     MAXIMUM LOG-LIKELIHOOD VALUE FOR THE UNRESTRICTED (H1) MODEL IS -7962.817


UNIVARIATE HIGHER-ORDER MOMENT DESCRIPTIVE STATISTICS


     UNIVARIATE HIGHER-ORDER MOMENT DESCRIPTIVE STATISTICS

         Variable/         Mean/     Skewness/   Minimum/ % with                Percentiles
        Sample Size      Variance    Kurtosis    Maximum  Min/Max      20%/60%    40%/80%    Median

     A_01                 29.278      -0.719       0.000    1.39%      15.000     26.000     30.000
             577.000     108.313      -0.208      44.000    3.29%      33.000     38.000
     A_03                 30.041      -0.676       0.000    0.59%      14.000     26.000     30.000
             340.000     116.859      -0.497      44.000    5.88%      33.000     39.000
     A_04                 29.919      -0.823       0.000    2.00%      14.000     25.000     29.500
             250.000     125.740      -0.143      44.000    6.40%      33.000     39.000
     A_05                 27.510      -0.498       1.000    0.56%      14.000     26.000     29.000
             179.000     109.682      -0.704      44.000    3.35%      31.000     36.000
     AGE_C80               3.352       1.477      -0.630    0.17%       0.912      1.842      2.463
             593.000       9.452       2.870      17.918    0.17%       3.314      5.866
     EDU_C7                0.305       1.876      -7.000    0.17%      -1.000     -1.000     -1.000
             593.000       5.770       4.929      13.000    0.17%       0.000      1.000
     FEMALE                0.656      -0.657       0.000   34.57%       0.000      1.000      1.000
             593.000       0.226      -1.568       1.000   65.43%       1.000      1.000


THE MODEL ESTIMATION TERMINATED NORMALLY



MODEL FIT INFORMATION

Number of Free Parameters                       19

Loglikelihood

          H0 Value                       -3486.880
          H0 Scaling Correction Factor      1.0274
            for MLR

Information Criteria

          Akaike (AIC)                    7011.761
          Bayesian (BIC)                  7089.366
          Sample-Size Adjusted BIC        7029.069
            (n* = (n + 2) / 24)



MODEL RESULTS

                                                    Two-Tailed
                    Estimate       S.E.  Est./S.E.    P-Value

 IA         ON
    AGE_C80           -0.618      0.158     -3.910      0.000
    EDU_C7             1.652      0.155     10.685      0.000
    FEMALE            -3.766      0.946     -3.980      0.000

 SA         ON
    AGE_C80           -0.136      0.061     -2.225      0.026
    EDU_C7             0.067      0.046      1.461      0.144
    FEMALE             0.482      0.304      1.585      0.113

 QA         ON
    AGE_C80            0.014      0.008      1.664      0.096
    EDU_C7            -0.010      0.007     -1.291      0.197
    FEMALE            -0.043      0.043     -1.010      0.312

 IA       WITH
    SA                 3.117      1.485      2.099      0.036
    QA                -0.357      0.193     -1.845      0.065

 SA       WITH
    QA                -0.138      0.101     -1.370      0.171

 Intercepts
    A_01               0.000      0.000    999.000    999.000
    A_03               0.000      0.000    999.000    999.000
    A_04               0.000      0.000    999.000    999.000
    A_05               0.000      0.000    999.000    999.000
    IA                33.187      0.813     40.816      0.000
    SA                 0.472      0.286      1.651      0.099
    QA                -0.129      0.040     -3.224      0.001

 Residual Variances
    A_01              12.881      1.559      8.261      0.000
    A_03              12.881      1.559      8.261      0.000
    A_04              12.881      1.559      8.261      0.000
    A_05              12.881      1.559      8.261      0.000
    IA                70.535      6.162     11.446      0.000
    SA                 1.368      0.860      1.590      0.112
    QA                 0.020      0.013      1.574      0.115


QUALITY OF NUMERICAL RESULTS

     Condition Number for the Information Matrix              0.152E-05
       (ratio of smallest to largest eigenvalue)


CONFIDENCE INTERVALS OF MODEL RESULTS

                  Lower .5%  Lower 2.5%    Lower 5%    Estimate    Upper 5%  Upper 2.5%   Upper .5%

 IA       ON
    AGE_C80         -1.025      -0.927      -0.878      -0.618      -0.358      -0.308      -0.211
    EDU_C7           1.254       1.349       1.398       1.652       1.906       1.955       2.050
    FEMALE          -6.203      -5.620      -5.322      -3.766      -2.210      -1.912      -1.329

 SA       ON
    AGE_C80         -0.293      -0.256      -0.237      -0.136      -0.035      -0.016       0.021
    EDU_C7          -0.051      -0.023      -0.008       0.067       0.143       0.158       0.186
    FEMALE          -0.302      -0.114      -0.018       0.482       0.983       1.079       1.267

 QA       ON
    AGE_C80         -0.007      -0.002       0.000       0.014       0.027       0.029       0.034
    EDU_C7          -0.029      -0.024      -0.022      -0.010       0.003       0.005       0.009
    FEMALE          -0.153      -0.127      -0.113      -0.043       0.027       0.041       0.067

 IA       WITH
    SA              -0.707       0.207       0.675       3.117       5.559       6.027       6.941
    QA              -0.855      -0.736      -0.675      -0.357      -0.039       0.022       0.141

 SA       WITH
    QA              -0.397      -0.335      -0.304      -0.138       0.028       0.059       0.121

 Intercepts
    A_01             0.000       0.000       0.000       0.000       0.000       0.000       0.000
    A_03             0.000       0.000       0.000       0.000       0.000       0.000       0.000
    A_04             0.000       0.000       0.000       0.000       0.000       0.000       0.000
    A_05             0.000       0.000       0.000       0.000       0.000       0.000       0.000
    IA              31.093      31.593      31.849      33.187      34.524      34.781      35.281
    SA              -0.265      -0.088       0.002       0.472       0.943       1.033       1.209
    QA              -0.232      -0.207      -0.194      -0.129      -0.063      -0.050      -0.026

 Residual Variances
    A_01             8.865       9.825      10.316      12.881      15.446      15.937      16.897
    A_03             8.865       9.825      10.316      12.881      15.446      15.937      16.897
    A_04             8.865       9.825      10.316      12.881      15.446      15.937      16.897
    A_05             8.865       9.825      10.316      12.881      15.446      15.937      16.897
    IA              54.662      58.457      60.398      70.535      80.672      82.614      86.408
    SA              -0.848      -0.318      -0.047       1.368       2.783       3.054       3.584
    QA              -0.013      -0.005      -0.001       0.020       0.041       0.046       0.053


SAMPLE STATISTICS FOR ESTIMATED FACTOR SCORES


     SAMPLE STATISTICS


           Means
              IA            IA_SE         SA            SA_SE         QA
              ________      ________      ________      ________      ________
 1             26.811         2.881         0.146         1.007        -0.098


           Means
              QA_SE
              ________
 1              0.129


           Covariances
              IA            IA_SE         SA            SA_SE         QA
              ________      ________      ________      ________      ________
 IA           110.024
 IA_SE         -0.866         0.164
 SA             5.736        -0.049         0.722
 SA_SE         -0.183         0.034        -0.010         0.009
 QA            -0.615         0.007        -0.062         0.001         0.007
 QA_SE         -0.022         0.003        -0.002         0.001         0.000


           Covariances
              QA_SE
              ________
 QA_SE          0.000


           Correlations
              IA            IA_SE         SA            SA_SE         QA
              ________      ________      ________      ________      ________
 IA             1.000
 IA_SE         -0.204         1.000
 SA             0.643        -0.143         1.000
 SA_SE         -0.187         0.903        -0.125         1.000
 QA            -0.707         0.206        -0.886         0.193         1.000
 QA_SE         -0.252         0.773        -0.274         0.841         0.283


           Correlations
              QA_SE
              ________
 QA_SE          1.000


RESULTS SAVING INFORMATION

  Order of data

    Parameter estimates
     (saved in order shown in Technical 1 output)
    Standard errors
     (saved in order shown in Technical 1 output)
    H0 Loglikelihood
    H0 Scaling Correction Factor for MLR
    Number of Free Parameters
    Akaike (AIC)
    Bayesian (BIC)
    Sample-Size Adjusted BIC

  Save file
    u2_1345_aef_info_results.dat

  Save file format           Free


PLOT INFORMATION

The following plots are available:

  Histograms (sample values, estimated factor scores)
  Scatterplots (sample values, estimated factor scores)
  Latent variable distribution plots

SAVEDATA INFORMATION


  Save file
    u2_1345_aef_info_fscores.dat

  Order and format of variables

    A_01           F10.3
    A_03           F10.3
    A_04           F10.3
    A_05           F10.3
    AGE_C80        F10.3
    EDU_C7         F10.3
    FEMALE         F10.3
    TIME_01        F10.3
    TIME_03        F10.3
    TIME_04        F10.3
    TIME_05        F10.3
    _WEIGHT        F10.3
    IA             F10.3
    IA_SE          F10.3
    SA             F10.3
    SA_SE          F10.3
    QA             F10.3
    QA_SE          F10.3
    PAIRID         I6

  Save file format
    18F10.3 I6

  Save file record length    10000


     Beginning Time:  12:08:45
        Ending Time:  12:08:47
       Elapsed Time:  00:00:02



MUTHEN & MUTHEN
3463 Stoner Ave.
Los Angeles, CA  90066

Tel: (310) 391-9971
Fax: (310) 391-8971
Web: www.StatModel.com
Support: Support@StatModel.com

Copyright (c) 1998-2014 Muthen & Muthen
