Mplus VERSION 7.3
MUTHEN & MUTHEN
12/17/2016   6:04 PM

INPUT INSTRUCTIONS

  TITLE:
  Script produced from the prototype in ./sandbox/syntax-creator/
  DATA:
  File = wide-dataset.dat ;
  VARIABLE:
  NAMES are
   Case PairID female age_c80 edu_c7 sbp_c167 smoke cardio diabetes dementia_ever
      years_since_bl_01 years_since_bl_02 years_since_bl_03 years_since_bl_04
      years_since_bl_05 pef_01 pef_02 pef_03 pef_04 pef_05 grip_01 grip_02 grip_03
      grip_04 grip_05 gait_01 gait_02 gait_03 gait_04 gait_05 block_01 block_02
      block_03 block_04 block_05 digitspanbackward_01 digitspanbackward_02
      digitspanbackward_03 digitspanbackward_04 digitspanbackward_05
      digitspanforward_01 digitspanforward_02 digitspanforward_03 digitspanforward_04
      digitspanforward_05 symbol_01 symbol_02 symbol_03 symbol_04 symbol_05 prose_01
      prose_02 prose_03 prose_04 prose_05 info_01 info_02 info_03 info_04 info_05
      synonyms_01 synonyms_02 synonyms_03 synonyms_04 synonyms_05 psif_01 psif_02
      psif_03 psif_04 psif_05 figure_01 figure_02 figure_03 figure_04 figure_05
      mirrecall_01 mirrecall_02 mirrecall_03 mirrecall_04 mirrecall_05 mmse_01 mmse_02
      mmse_03 mmse_04 mmse_05 mirnaming_01 mirnaming_02 mirnaming_03 mirnaming_04
      mirnaming_05 mirrecog_01 mirrecog_02 mirrecog_03 mirrecog_04 mirrecog_05
      clock_01 clock_02 clock_03 clock_04 clock_05
  	;
  Missing are all (-9999);
  USEVARIABLES are
  	!define the variables used in the analysis
  	! covariates used in the model
  age_c80
  edu_c7
  female	
  	!estimated time points
  time_01
  time_03
  time_05
  	!modelled time points of process (A)
  a_01
  a_03
  a_05
  ;
  TSCORES are
  	!estimated time points
  time_01
  time_03
  time_05;
  CLUSTER = PairID;
  SUBPOPULATION are
  	!select a subset of observations
  dementia_ever NE 1
  ;
  DEFINE:
  	! assign variables to the process (A)
  a_01 = info_01;
  a_03 = info_03;
  a_05 = info_05;
  	!assign variables to time points
  time_01 = years_since_bl_01;
  time_03 = years_since_bl_03;
  time_05 = years_since_bl_05;
  	
  ANALYSIS: TYPE = RANDOM COMPLEX;
  COVERAGE=.00;
  MODEL:
  	!first-level equation
  	! assign process (A) to time points
  ia sa qa | a_01 AT time_01 ;
  ia sa qa | a_03 AT time_03 ;
  ia sa qa | a_05 AT time_05 ;
  	!variance of the first-level terms
  ia (v_ia);
  sa (v_sa);
  qa (v_qa);
  	!covariance among first-level terms
  ia WITH sa (c_iasa);
  ia WITH qa (c_iaqa);
  sa WITH qa (c_saqa);
  	!second-level equation
  ia sa qa ON age_c80
  edu_c7
  female;
  	!residual covariance of process (A)
  a_01 (res_a);
  a_03 (res_a);
  a_05 (res_a);	
  SAVEDATA:
  FILE is   u2_135_aef_info_fscores.dat;
  SAVE = FSCORES;
  RESULTS are   u2_135_aef_info_results.dat;
  	
  OUTPUT: sampstat cinterval;
  PLOT: Type is Plot1 Plot2 Plot3;



*** WARNING
  Data set contains cases with missing on x-variables.
  These cases were not included in the analysis.
  Number of cases with missing on x-variables:  46
*** WARNING
  Data set contains cases with missing on all variables except
  x-variables.  These cases were not included in the analysis.
  Number of cases with missing on all variables except x-variables:  67
   2 WARNING(S) FOUND IN THE INPUT INSTRUCTIONS




Script produced from the prototype in ./sandbox/syntax-creator/

SUMMARY OF ANALYSIS

Number of groups                                                 1
Number of observations                                         437

Number of dependent variables                                    3
Number of independent variables                                  3
Number of continuous latent variables                            3

Observed dependent variables

  Continuous
   A_01        A_03        A_05

Observed independent variables
   AGE_C80     EDU_C7      FEMALE

Continuous latent variables
   IA          SA          QA

Variables with special functions

  Cluster variable      PAIRID
  Weight variable       _WEIGHT

  Time scores
   TIME_01     TIME_03     TIME_05


Estimator                                                      MLR
Information matrix                                        OBSERVED
Maximum number of iterations                                   100
Convergence criterion                                    0.100D-05
Maximum number of EM iterations                                500
Convergence criteria for the EM algorithm
  Loglikelihood change                                   0.100D-02
  Relative loglikelihood change                          0.100D-05
  Derivative                                             0.100D-03
Minimum variance                                         0.100D-03
Maximum number of steepest descent iterations                   20
Maximum number of iterations for H1                           2000
Convergence criterion for H1                             0.100D-03
Optimization algorithm                                         EMA

Input data file(s)
  wide-dataset.dat
Input data format  FREE



SAMPLE STATISTICS


     ESTIMATED SAMPLE STATISTICS


           Means
              A_01          A_03          A_05          AGE_C80       EDU_C7
              ________      ________      ________      ________      ________
 1             29.240        28.598        24.765         3.353         0.311


           Means
              FEMALE
              ________
 1              0.654


           Covariances
              A_01          A_03          A_05          AGE_C80       EDU_C7
              ________      ________      ________      ________      ________
 A_01         108.876
 A_03         101.497       129.952
 A_05          94.126       113.674       136.564
 AGE_C80       -7.100        -9.334        -7.767         9.456
 EDU_C7        10.264        10.767         9.447        -0.509         5.789
 FEMALE        -1.099        -0.807        -0.735         0.114        -0.114


           Covariances
              FEMALE
              ________
 FEMALE         0.226


           Correlations
              A_01          A_03          A_05          AGE_C80       EDU_C7
              ________      ________      ________      ________      ________
 A_01           1.000
 A_03           0.853         1.000
 A_05           0.772         0.853         1.000
 AGE_C80       -0.221        -0.266        -0.216         1.000
 EDU_C7         0.409         0.393         0.336        -0.069         1.000
 FEMALE        -0.222        -0.149        -0.132         0.078        -0.100


           Correlations
              FEMALE
              ________
 FEMALE         1.000


     MAXIMUM LOG-LIKELIHOOD VALUE FOR THE UNRESTRICTED (H1) MODEL IS -7156.054


UNIVARIATE HIGHER-ORDER MOMENT DESCRIPTIVE STATISTICS


     UNIVARIATE HIGHER-ORDER MOMENT DESCRIPTIVE STATISTICS

         Variable/         Mean/     Skewness/   Minimum/ % with                Percentiles
        Sample Size      Variance    Kurtosis    Maximum  Min/Max      20%/60%    40%/80%    Median

     A_01                 29.278      -0.719       0.000    1.39%      15.000     26.000     30.000
             577.000     108.313      -0.208      44.000    3.29%      33.000     38.000
     A_03                 30.041      -0.676       0.000    0.59%      14.000     26.000     30.000
             340.000     116.859      -0.497      44.000    5.88%      33.000     39.000
     A_05                 27.510      -0.498       1.000    0.56%      14.000     26.000     29.000
             179.000     109.682      -0.704      44.000    3.35%      31.000     36.000
     AGE_C80               3.353       1.483      -0.630    0.17%       0.912      1.845      2.477
             589.000       9.456       2.886      17.918    0.17%       3.314      5.866
     EDU_C7                0.311       1.869      -7.000    0.17%      -1.000     -1.000     -1.000
             589.000       5.789       4.895      13.000    0.17%       0.000      1.000
     FEMALE                0.654      -0.650       0.000   34.63%       0.000      1.000      1.000
             589.000       0.226      -1.578       1.000   65.37%       1.000      1.000


THE MODEL ESTIMATION TERMINATED NORMALLY



MODEL FIT INFORMATION

Number of Free Parameters                       19

Loglikelihood

          H0 Value                       -2904.052
          H0 Scaling Correction Factor      0.9858
            for MLR

Information Criteria

          Akaike (AIC)                    5846.104
          Bayesian (BIC)                  5923.623
          Sample-Size Adjusted BIC        5863.327
            (n* = (n + 2) / 24)



MODEL RESULTS

                                                    Two-Tailed
                    Estimate       S.E.  Est./S.E.    P-Value

 IA         ON
    AGE_C80           -0.618      0.159     -3.891      0.000
    EDU_C7             1.646      0.155     10.628      0.000
    FEMALE            -3.714      0.948     -3.917      0.000

 SA         ON
    AGE_C80           -0.109      0.062     -1.768      0.077
    EDU_C7             0.060      0.043      1.395      0.163
    FEMALE             0.507      0.316      1.606      0.108

 QA         ON
    AGE_C80            0.012      0.008      1.449      0.147
    EDU_C7            -0.009      0.007     -1.377      0.169
    FEMALE            -0.038      0.042     -0.893      0.372

 IA       WITH
    SA                 1.563      2.769      0.565      0.572
    QA                -0.210      0.270     -0.779      0.436

 SA       WITH
    QA                -0.161      0.297     -0.542      0.588

 Intercepts
    A_01               0.000      0.000    999.000    999.000
    A_03               0.000      0.000    999.000    999.000
    A_05               0.000      0.000    999.000    999.000
    IA                33.233      0.814     40.836      0.000
    SA                 0.259      0.312      0.831      0.406
    QA                -0.112      0.041     -2.754      0.006

 Residual Variances
    A_01              11.383      6.679      1.704      0.088
    A_03              11.383      6.679      1.704      0.088
    A_05              11.383      6.679      1.704      0.088
    IA                72.118      9.150      7.882      0.000
    SA                 1.666      2.622      0.635      0.525
    QA                 0.022      0.036      0.617      0.537


QUALITY OF NUMERICAL RESULTS

     Condition Number for the Information Matrix              0.459E-07
       (ratio of smallest to largest eigenvalue)


CONFIDENCE INTERVALS OF MODEL RESULTS

                  Lower .5%  Lower 2.5%    Lower 5%    Estimate    Upper 5%  Upper 2.5%   Upper .5%

 IA       ON
    AGE_C80         -1.027      -0.929      -0.879      -0.618      -0.357      -0.307      -0.209
    EDU_C7           1.247       1.342       1.391       1.646       1.900       1.949       2.044
    FEMALE          -6.156      -5.572      -5.274      -3.714      -2.154      -1.855      -1.271

 SA       ON
    AGE_C80         -0.268      -0.230      -0.211      -0.109      -0.008       0.012       0.050
    EDU_C7          -0.051      -0.024      -0.011       0.060       0.132       0.145       0.172
    FEMALE          -0.306      -0.112      -0.012       0.507       1.026       1.126       1.320

 QA       ON
    AGE_C80         -0.009      -0.004      -0.002       0.012       0.026       0.028       0.033
    EDU_C7          -0.027      -0.023      -0.020      -0.009       0.002       0.004       0.008
    FEMALE          -0.147      -0.121      -0.107      -0.038       0.032       0.045       0.071

 IA       WITH
    SA              -5.568      -3.863      -2.991       1.563       6.117       6.989       8.694
    QA              -0.905      -0.739      -0.654      -0.210       0.234       0.318       0.485

 SA       WITH
    QA              -0.928      -0.744      -0.651      -0.161       0.328       0.422       0.605

 Intercepts
    A_01             0.000       0.000       0.000       0.000       0.000       0.000       0.000
    A_03             0.000       0.000       0.000       0.000       0.000       0.000       0.000
    A_05             0.000       0.000       0.000       0.000       0.000       0.000       0.000
    IA              31.136      31.638      31.894      33.233      34.571      34.828      35.329
    SA              -0.544      -0.352      -0.254       0.259       0.771       0.870       1.062
    QA              -0.217      -0.192      -0.179      -0.112      -0.045      -0.032      -0.007

 Residual Variances
    A_01            -5.821      -1.708       0.396      11.383      22.370      24.474      28.587
    A_03            -5.821      -1.708       0.396      11.383      22.370      24.474      28.587
    A_05            -5.821      -1.708       0.396      11.383      22.370      24.474      28.587
    IA              48.549      54.184      57.066      72.118      87.169      90.052      95.686
    SA              -5.088      -3.473      -2.647       1.666       5.979       6.804       8.419
    QA              -0.071      -0.049      -0.037       0.022       0.082       0.094       0.116


SAMPLE STATISTICS FOR ESTIMATED FACTOR SCORES


     SAMPLE STATISTICS


           Means
              IA            IA_SE         SA            SA_SE         QA
              ________      ________      ________      ________      ________
 1             26.987         2.845         0.071         1.148        -0.085


           Means
              QA_SE
              ________
 1              0.139


           Covariances
              IA            IA_SE         SA            SA_SE         QA
              ________      ________      ________      ________      ________
 IA           112.663
 IA_SE         -0.640         0.104
 SA             3.750        -0.014         0.663
 SA_SE         -0.236         0.031        -0.002         0.013
 QA            -0.458         0.003        -0.055         0.001         0.006
 QA_SE         -0.024         0.002        -0.001         0.001         0.000


           Covariances
              QA_SE
              ________
 QA_SE          0.000


           Correlations
              IA            IA_SE         SA            SA_SE         QA
              ________      ________      ________      ________      ________
 IA             1.000
 IA_SE         -0.187         1.000
 SA             0.434        -0.054         1.000
 SA_SE         -0.197         0.845        -0.018         1.000
 QA            -0.559         0.123        -0.875         0.095         1.000
 QA_SE         -0.248         0.734        -0.157         0.861         0.208


           Correlations
              QA_SE
              ________
 QA_SE          1.000


RESULTS SAVING INFORMATION

  Order of data

    Parameter estimates
     (saved in order shown in Technical 1 output)
    Standard errors
     (saved in order shown in Technical 1 output)
    H0 Loglikelihood
    H0 Scaling Correction Factor for MLR
    Number of Free Parameters
    Akaike (AIC)
    Bayesian (BIC)
    Sample-Size Adjusted BIC

  Save file
    u2_135_aef_info_results.dat

  Save file format           Free


PLOT INFORMATION

The following plots are available:

  Histograms (sample values, estimated factor scores)
  Scatterplots (sample values, estimated factor scores)
  Latent variable distribution plots

SAVEDATA INFORMATION


  Save file
    u2_135_aef_info_fscores.dat

  Order and format of variables

    A_01           F10.3
    A_03           F10.3
    A_05           F10.3
    AGE_C80        F10.3
    EDU_C7         F10.3
    FEMALE         F10.3
    TIME_01        F10.3
    TIME_03        F10.3
    TIME_05        F10.3
    _WEIGHT        F10.3
    IA             F10.3
    IA_SE          F10.3
    SA             F10.3
    SA_SE          F10.3
    QA             F10.3
    QA_SE          F10.3
    PAIRID         I6

  Save file format
    16F10.3 I6

  Save file record length    10000


     Beginning Time:  18:04:48
        Ending Time:  18:04:53
       Elapsed Time:  00:00:05



MUTHEN & MUTHEN
3463 Stoner Ave.
Los Angeles, CA  90066

Tel: (310) 391-9971
Fax: (310) 391-8971
Web: www.StatModel.com
Support: Support@StatModel.com

Copyright (c) 1998-2014 Muthen & Muthen
