Mplus VERSION 7.3
MUTHEN & MUTHEN
12/17/2016  12:08 PM

INPUT INSTRUCTIONS

  TITLE:
  Script produced from the prototype in ./sandbox/syntax-creator/
  DATA:
  File = wide-dataset.dat ;
  VARIABLE:
  NAMES are
   Case PairID female age_c80 edu_c7 sbp_c167 smoke cardio diabetes dementia_ever
      years_since_bl_01 years_since_bl_02 years_since_bl_03 years_since_bl_04
      years_since_bl_05 pef_01 pef_02 pef_03 pef_04 pef_05 grip_01 grip_02 grip_03
      grip_04 grip_05 gait_01 gait_02 gait_03 gait_04 gait_05 block_01 block_02
      block_03 block_04 block_05 digitspanbackward_01 digitspanbackward_02
      digitspanbackward_03 digitspanbackward_04 digitspanbackward_05
      digitspanforward_01 digitspanforward_02 digitspanforward_03 digitspanforward_04
      digitspanforward_05 symbol_01 symbol_02 symbol_03 symbol_04 symbol_05 prose_01
      prose_02 prose_03 prose_04 prose_05 info_01 info_02 info_03 info_04 info_05
      synonyms_01 synonyms_02 synonyms_03 synonyms_04 synonyms_05 psif_01 psif_02
      psif_03 psif_04 psif_05 figure_01 figure_02 figure_03 figure_04 figure_05
      mirrecall_01 mirrecall_02 mirrecall_03 mirrecall_04 mirrecall_05 mmse_01 mmse_02
      mmse_03 mmse_04 mmse_05 mirnaming_01 mirnaming_02 mirnaming_03 mirnaming_04
      mirnaming_05 mirrecog_01 mirrecog_02 mirrecog_03 mirrecog_04 mirrecog_05
      clock_01 clock_02 clock_03 clock_04 clock_05
  	;
  Missing are all (-9999);
  USEVARIABLES are
  	!define the variables used in the analysis
  	! covariates used in the model
  age_c80
  edu_c7
  female
  sbp_c167	
  	!estimated time points
  time_01
  time_03
  time_04
  time_05
  	!modelled time points of process (A)
  a_01
  a_03
  a_04
  a_05
  ;
  TSCORES are
  	!estimated time points
  time_01
  time_03
  time_04
  time_05;
  CLUSTER = PairID;
  SUBPOPULATION are
  	!select a subset of observations
  dementia_ever NE 1
  ;
  DEFINE:
  	! assign variables to the process (A)
  a_01 = info_01;
  a_03 = info_03;
  a_04 = info_04;
  a_05 = info_05;
  	!assign variables to time points
  time_01 = years_since_bl_01;
  time_03 = years_since_bl_03;
  time_04 = years_since_bl_04;
  time_05 = years_since_bl_05;
  	
  ANALYSIS: TYPE = RANDOM COMPLEX;
  COVERAGE=.00;
  MODEL:
  	!first-level equation
  	! assign process (A) to time points
  ia sa qa | a_01 AT time_01 ;
  ia sa qa | a_03 AT time_03 ;
  ia sa qa | a_04 AT time_04 ;
  ia sa qa | a_05 AT time_05 ;
  	!variance of the first-level terms
  ia (v_ia);
  sa (v_sa);
  qa (v_qa);
  	!covariance among first-level terms
  ia WITH sa (c_iasa);
  ia WITH qa (c_iaqa);
  sa WITH qa (c_saqa);
  	!second-level equation
  ia sa qa ON age_c80
  edu_c7
  female
  sbp_c167;
  	!residual covariance of process (A)
  a_01 (res_a);
  a_03 (res_a);
  a_04 (res_a);
  a_05 (res_a);	
  SAVEDATA:
  FILE is   u2_1345_aefb_info_fscores.dat;
  SAVE = FSCORES;
  RESULTS are   u2_1345_aefb_info_results.dat;
  	
  OUTPUT: sampstat cinterval;
  PLOT: Type is Plot1 Plot2 Plot3;



*** WARNING
  Data set contains cases with missing on x-variables.
  These cases were not included in the analysis.
  Number of cases with missing on x-variables:  92
*** WARNING
  Data set contains cases with missing on all variables except
  x-variables.  These cases were not included in the analysis.
  Number of cases with missing on all variables except x-variables:  43
   2 WARNING(S) FOUND IN THE INPUT INSTRUCTIONS




Script produced from the prototype in ./sandbox/syntax-creator/

SUMMARY OF ANALYSIS

Number of groups                                                 1
Number of observations                                         422

Number of dependent variables                                    4
Number of independent variables                                  4
Number of continuous latent variables                            3

Observed dependent variables

  Continuous
   A_01        A_03        A_04        A_05

Observed independent variables
   AGE_C80     EDU_C7      FEMALE      SBP_C167

Continuous latent variables
   IA          SA          QA

Variables with special functions

  Cluster variable      PAIRID
  Weight variable       _WEIGHT

  Time scores
   TIME_01     TIME_03     TIME_04     TIME_05


Estimator                                                      MLR
Information matrix                                        OBSERVED
Maximum number of iterations                                   100
Convergence criterion                                    0.100D-05
Maximum number of EM iterations                                500
Convergence criteria for the EM algorithm
  Loglikelihood change                                   0.100D-02
  Relative loglikelihood change                          0.100D-05
  Derivative                                             0.100D-03
Minimum variance                                         0.100D-03
Maximum number of steepest descent iterations                   20
Maximum number of iterations for H1                           2000
Convergence criterion for H1                             0.100D-03
Optimization algorithm                                         EMA

Input data file(s)
  wide-dataset.dat
Input data format  FREE



SAMPLE STATISTICS


     ESTIMATED SAMPLE STATISTICS


           Means
              A_01          A_03          A_04          A_05          AGE_C80
              ________      ________      ________      ________      ________
 1             29.454        28.755        27.838        24.695         3.346


           Means
              EDU_C7        FEMALE        SBP_C167
              ________      ________      ________
 1              0.296         0.656        -6.467


           Covariances
              A_01          A_03          A_04          A_05          AGE_C80
              ________      ________      ________      ________      ________
 A_01         106.283
 A_03          99.468       128.643
 A_04         106.788       126.706       149.797
 A_05          92.681       113.835       125.414       138.125
 AGE_C80       -6.892        -9.162       -10.450        -7.967         9.082
 EDU_C7         9.865        10.309        10.740         9.225        -0.373
 FEMALE        -1.050        -0.836        -0.930        -0.825         0.087
 SBP_C167      14.384        -2.533        12.930       -11.642        -5.908


           Covariances
              EDU_C7        FEMALE        SBP_C167
              ________      ________      ________
 EDU_C7         5.735
 FEMALE        -0.102         0.226
 SBP_C167       0.754         0.681       510.202


           Correlations
              A_01          A_03          A_04          A_05          AGE_C80
              ________      ________      ________      ________      ________
 A_01           1.000
 A_03           0.851         1.000
 A_04           0.846         0.913         1.000
 A_05           0.765         0.854         0.872         1.000
 AGE_C80       -0.222        -0.268        -0.283        -0.225         1.000
 EDU_C7         0.400         0.380         0.366         0.328        -0.052
 FEMALE        -0.214        -0.155        -0.160        -0.148         0.061
 SBP_C167       0.062        -0.010         0.047        -0.044        -0.087


           Correlations
              EDU_C7        FEMALE        SBP_C167
              ________      ________      ________
 EDU_C7         1.000
 FEMALE        -0.090         1.000
 SBP_C167       0.014         0.063         1.000


     MAXIMUM LOG-LIKELIHOOD VALUE FOR THE UNRESTRICTED (H1) MODEL IS -10218.120


UNIVARIATE HIGHER-ORDER MOMENT DESCRIPTIVE STATISTICS


     UNIVARIATE HIGHER-ORDER MOMENT DESCRIPTIVE STATISTICS

         Variable/         Mean/     Skewness/   Minimum/ % with                Percentiles
        Sample Size      Variance    Kurtosis    Maximum  Min/Max      20%/60%    40%/80%    Median

     A_01                 29.553      -0.734       0.000    1.27%      16.000     26.000     30.000
             552.000     104.946      -0.167      44.000    3.08%      33.000     38.000
     A_03                 30.250      -0.696       0.000    0.60%      14.000     26.000     30.000
             332.000     114.772      -0.456      44.000    6.02%      33.000     39.000
     A_04                 29.979      -0.835       0.000    2.02%      13.000     25.000     30.000
             247.000     126.938      -0.140      44.000    6.48%      33.000     39.000
     A_05                 27.630      -0.509       1.000    0.56%      14.000     26.000     29.000
             177.000     108.155      -0.666      44.000    3.39%      31.000     36.000
     AGE_C80               3.346       1.370      -0.630    0.18%       0.912      1.842      2.459
             567.000       9.082       2.336      17.918    0.18%       3.301      5.825
     EDU_C7                0.296       1.893      -7.000    0.18%      -1.000     -1.000     -1.000
             567.000       5.735       5.079      13.000    0.18%       0.000      1.000
     FEMALE                0.656      -0.659       0.000   34.57%       0.000      1.000      1.000
             567.000       0.226      -1.566       1.000   65.43%       1.000      1.000
     SBP_C167             -6.467       0.399     -67.000    0.18%     -27.000    -12.000     -7.000
             567.000     510.202       0.704      93.000    0.18%      -7.000     13.000


THE MODEL ESTIMATION TERMINATED NORMALLY



MODEL FIT INFORMATION

Number of Free Parameters                       22

Loglikelihood

          H0 Value                       -3390.833
          H0 Scaling Correction Factor      1.0420
            for MLR

Information Criteria

          Akaike (AIC)                    6825.667
          Bayesian (BIC)                  6914.657
          Sample-Size Adjusted BIC        6844.844
            (n* = (n + 2) / 24)



MODEL RESULTS

                                                    Two-Tailed
                    Estimate       S.E.  Est./S.E.    P-Value

 IA         ON
    AGE_C80           -0.639      0.166     -3.837      0.000
    EDU_C7             1.608      0.157     10.244      0.000
    FEMALE            -3.735      0.965     -3.872      0.000
    SBP_C167           0.022      0.022      1.001      0.317

 SA         ON
    AGE_C80           -0.141      0.062     -2.267      0.023
    EDU_C7             0.066      0.047      1.392      0.164
    FEMALE             0.407      0.308      1.323      0.186
    SBP_C167          -0.006      0.007     -0.834      0.404

 QA         ON
    AGE_C80            0.014      0.008      1.692      0.091
    EDU_C7            -0.009      0.007     -1.244      0.214
    FEMALE            -0.035      0.043     -0.807      0.419
    SBP_C167           0.000      0.001      0.052      0.958

 IA       WITH
    SA                 3.434      1.460      2.351      0.019
    QA                -0.385      0.191     -2.021      0.043

 SA       WITH
    QA                -0.128      0.100     -1.280      0.200

 Intercepts
    A_01               0.000      0.000    999.000    999.000
    A_03               0.000      0.000    999.000    999.000
    A_04               0.000      0.000    999.000    999.000
    A_05               0.000      0.000    999.000    999.000
    IA                33.677      0.845     39.873      0.000
    SA                 0.502      0.292      1.718      0.086
    QA                -0.135      0.041     -3.314      0.001

 Residual Variances
    A_01              12.984      1.583      8.203      0.000
    A_03              12.984      1.583      8.203      0.000
    A_04              12.984      1.583      8.203      0.000
    A_05              12.984      1.583      8.203      0.000
    IA                68.422      6.271     10.911      0.000
    SA                 1.277      0.854      1.495      0.135
    QA                 0.019      0.013      1.490      0.136


QUALITY OF NUMERICAL RESULTS

     Condition Number for the Information Matrix              0.179E-05
       (ratio of smallest to largest eigenvalue)


CONFIDENCE INTERVALS OF MODEL RESULTS

                  Lower .5%  Lower 2.5%    Lower 5%    Estimate    Upper 5%  Upper 2.5%   Upper .5%

 IA       ON
    AGE_C80         -1.067      -0.965      -0.912      -0.639      -0.365      -0.312      -0.210
    EDU_C7           1.203       1.300       1.350       1.608       1.866       1.915       2.012
    FEMALE          -6.220      -5.626      -5.322      -3.735      -2.148      -1.844      -1.250
    SBP_C167        -0.034      -0.021      -0.014       0.022       0.058       0.065       0.078

 SA       ON
    AGE_C80         -0.301      -0.263      -0.244      -0.141      -0.039      -0.019       0.019
    EDU_C7          -0.056      -0.027      -0.012       0.066       0.143       0.158       0.187
    FEMALE          -0.386      -0.196      -0.099       0.407       0.914       1.011       1.201
    SBP_C167        -0.023      -0.019      -0.017      -0.006       0.005       0.008       0.012

 QA       ON
    AGE_C80         -0.007      -0.002       0.000       0.014       0.027       0.030       0.035
    EDU_C7          -0.029      -0.024      -0.022      -0.009       0.003       0.005       0.010
    FEMALE          -0.146      -0.119      -0.106      -0.035       0.036       0.050       0.076
    SBP_C167        -0.002      -0.002      -0.001       0.000       0.002       0.002       0.002

 IA       WITH
    SA              -0.328       0.571       1.031       3.434       5.836       6.296       7.195
    QA              -0.876      -0.758      -0.698      -0.385      -0.072      -0.012       0.106

 SA       WITH
    QA              -0.386      -0.325      -0.293      -0.128       0.037       0.068       0.130

 Intercepts
    A_01             0.000       0.000       0.000       0.000       0.000       0.000       0.000
    A_03             0.000       0.000       0.000       0.000       0.000       0.000       0.000
    A_04             0.000       0.000       0.000       0.000       0.000       0.000       0.000
    A_05             0.000       0.000       0.000       0.000       0.000       0.000       0.000
    IA              31.502      32.022      32.288      33.677      35.067      35.333      35.853
    SA              -0.250      -0.071       0.021       0.502       0.982       1.074       1.254
    QA              -0.240      -0.215      -0.202      -0.135      -0.068      -0.055      -0.030

 Residual Variances
    A_01             8.907       9.881      10.380      12.984      15.588      16.086      17.061
    A_03             8.907       9.881      10.380      12.984      15.588      16.086      17.061
    A_04             8.907       9.881      10.380      12.984      15.588      16.086      17.061
    A_05             8.907       9.881      10.380      12.984      15.588      16.086      17.061
    IA              52.269      56.130      58.106      68.422      78.738      80.713      84.575
    SA              -0.923      -0.397      -0.128       1.277       2.683       2.952       3.478
    QA              -0.014      -0.006      -0.002       0.019       0.040       0.044       0.052


SAMPLE STATISTICS FOR ESTIMATED FACTOR SCORES


     SAMPLE STATISTICS


           Means
              IA            IA_SE         SA            SA_SE         QA
              ________      ________      ________      ________      ________
 1             27.099         2.851         0.143         0.957        -0.098


           Means
              QA_SE
              ________
 1              0.124


           Covariances
              IA            IA_SE         SA            SA_SE         QA
              ________      ________      ________      ________      ________
 IA           106.339
 IA_SE         -0.894         0.173
 SA             6.092        -0.049         0.729
 SA_SE         -0.167         0.033        -0.009         0.008
 QA            -0.646         0.007        -0.062         0.001         0.007
 QA_SE         -0.020         0.002        -0.002         0.001         0.000


           Covariances
              QA_SE
              ________
 QA_SE          0.000


           Correlations
              IA            IA_SE         SA            SA_SE         QA
              ________      ________      ________      ________      ________
 IA             1.000
 IA_SE         -0.209         1.000
 SA             0.692        -0.139         1.000
 SA_SE         -0.186         0.916        -0.124         1.000
 QA            -0.754         0.212        -0.879         0.197         1.000
 QA_SE         -0.255         0.780        -0.277         0.830         0.287


           Correlations
              QA_SE
              ________
 QA_SE          1.000


RESULTS SAVING INFORMATION

  Order of data

    Parameter estimates
     (saved in order shown in Technical 1 output)
    Standard errors
     (saved in order shown in Technical 1 output)
    H0 Loglikelihood
    H0 Scaling Correction Factor for MLR
    Number of Free Parameters
    Akaike (AIC)
    Bayesian (BIC)
    Sample-Size Adjusted BIC

  Save file
    u2_1345_aefb_info_results.dat

  Save file format           Free


PLOT INFORMATION

The following plots are available:

  Histograms (sample values, estimated factor scores)
  Scatterplots (sample values, estimated factor scores)
  Latent variable distribution plots

SAVEDATA INFORMATION


  Save file
    u2_1345_aefb_info_fscores.dat

  Order and format of variables

    A_01           F10.3
    A_03           F10.3
    A_04           F10.3
    A_05           F10.3
    AGE_C80        F10.3
    EDU_C7         F10.3
    FEMALE         F10.3
    SBP_C167       F10.3
    TIME_01        F10.3
    TIME_03        F10.3
    TIME_04        F10.3
    TIME_05        F10.3
    _WEIGHT        F10.3
    IA             F10.3
    IA_SE          F10.3
    SA             F10.3
    SA_SE          F10.3
    QA             F10.3
    QA_SE          F10.3
    PAIRID         I6

  Save file format
    19F10.3 I6

  Save file record length    10000


     Beginning Time:  12:08:47
        Ending Time:  12:08:49
       Elapsed Time:  00:00:02



MUTHEN & MUTHEN
3463 Stoner Ave.
Los Angeles, CA  90066

Tel: (310) 391-9971
Fax: (310) 391-8971
Web: www.StatModel.com
Support: Support@StatModel.com

Copyright (c) 1998-2014 Muthen & Muthen
