Mplus VERSION 7.3
MUTHEN & MUTHEN
12/17/2016  12:08 PM

INPUT INSTRUCTIONS

  TITLE:
  Script produced from the prototype in ./sandbox/syntax-creator/
  DATA:
  File = wide-dataset.dat ;
  VARIABLE:
  NAMES are
   Case PairID female age_c80 edu_c7 sbp_c167 smoke cardio diabetes dementia_ever
      years_since_bl_01 years_since_bl_02 years_since_bl_03 years_since_bl_04
      years_since_bl_05 pef_01 pef_02 pef_03 pef_04 pef_05 grip_01 grip_02 grip_03
      grip_04 grip_05 gait_01 gait_02 gait_03 gait_04 gait_05 block_01 block_02
      block_03 block_04 block_05 digitspanbackward_01 digitspanbackward_02
      digitspanbackward_03 digitspanbackward_04 digitspanbackward_05
      digitspanforward_01 digitspanforward_02 digitspanforward_03 digitspanforward_04
      digitspanforward_05 symbol_01 symbol_02 symbol_03 symbol_04 symbol_05 prose_01
      prose_02 prose_03 prose_04 prose_05 info_01 info_02 info_03 info_04 info_05
      synonyms_01 synonyms_02 synonyms_03 synonyms_04 synonyms_05 psif_01 psif_02
      psif_03 psif_04 psif_05 figure_01 figure_02 figure_03 figure_04 figure_05
      mirrecall_01 mirrecall_02 mirrecall_03 mirrecall_04 mirrecall_05 mmse_01 mmse_02
      mmse_03 mmse_04 mmse_05 mirnaming_01 mirnaming_02 mirnaming_03 mirnaming_04
      mirnaming_05 mirrecog_01 mirrecog_02 mirrecog_03 mirrecog_04 mirrecog_05
      clock_01 clock_02 clock_03 clock_04 clock_05
  	;
  Missing are all (-9999);
  USEVARIABLES are
  	!define the variables used in the analysis
  	! covariates used in the model
  age_c80
  edu_c7
  female
  sbp_c167	
  	!estimated time points
  time_01
  time_02
  time_03
  time_05
  	!modelled time points of process (A)
  a_01
  a_02
  a_03
  a_05
  ;
  TSCORES are
  	!estimated time points
  time_01
  time_02
  time_03
  time_05;
  CLUSTER = PairID;
  SUBPOPULATION are
  	!select a subset of observations
  dementia_ever NE 1
  ;
  DEFINE:
  	! assign variables to the process (A)
  a_01 = info_01;
  a_02 = info_02;
  a_03 = info_03;
  a_05 = info_05;
  	!assign variables to time points
  time_01 = years_since_bl_01;
  time_02 = years_since_bl_02;
  time_03 = years_since_bl_03;
  time_05 = years_since_bl_05;
  	
  ANALYSIS: TYPE = RANDOM COMPLEX;
  COVERAGE=.00;
  MODEL:
  	!first-level equation
  	! assign process (A) to time points
  ia sa qa | a_01 AT time_01 ;
  ia sa qa | a_02 AT time_02 ;
  ia sa qa | a_03 AT time_03 ;
  ia sa qa | a_05 AT time_05 ;
  	!variance of the first-level terms
  ia (v_ia);
  sa (v_sa);
  qa (v_qa);
  	!covariance among first-level terms
  ia WITH sa (c_iasa);
  ia WITH qa (c_iaqa);
  sa WITH qa (c_saqa);
  	!second-level equation
  ia sa qa ON age_c80
  edu_c7
  female
  sbp_c167;
  	!residual covariance of process (A)
  a_01 (res_a);
  a_02 (res_a);
  a_03 (res_a);
  a_05 (res_a);	
  SAVEDATA:
  FILE is   u2_1235_aefb_info_fscores.dat;
  SAVE = FSCORES;
  RESULTS are   u2_1235_aefb_info_results.dat;
  	
  OUTPUT: sampstat cinterval;
  PLOT: Type is Plot1 Plot2 Plot3;



*** WARNING
  Data set contains cases with missing on x-variables.
  These cases were not included in the analysis.
  Number of cases with missing on x-variables:  92
*** WARNING
  Data set contains cases with missing on all variables except
  x-variables.  These cases were not included in the analysis.
  Number of cases with missing on all variables except x-variables:  30
   2 WARNING(S) FOUND IN THE INPUT INSTRUCTIONS




Script produced from the prototype in ./sandbox/syntax-creator/

SUMMARY OF ANALYSIS

Number of groups                                                 1
Number of observations                                         429

Number of dependent variables                                    4
Number of independent variables                                  4
Number of continuous latent variables                            3

Observed dependent variables

  Continuous
   A_01        A_02        A_03        A_05

Observed independent variables
   AGE_C80     EDU_C7      FEMALE      SBP_C167

Continuous latent variables
   IA          SA          QA

Variables with special functions

  Cluster variable      PAIRID
  Weight variable       _WEIGHT

  Time scores
   TIME_01     TIME_02     TIME_03     TIME_05


Estimator                                                      MLR
Information matrix                                        OBSERVED
Maximum number of iterations                                   100
Convergence criterion                                    0.100D-05
Maximum number of EM iterations                                500
Convergence criteria for the EM algorithm
  Loglikelihood change                                   0.100D-02
  Relative loglikelihood change                          0.100D-05
  Derivative                                             0.100D-03
Minimum variance                                         0.100D-03
Maximum number of steepest descent iterations                   20
Maximum number of iterations for H1                           2000
Convergence criterion for H1                             0.100D-03
Optimization algorithm                                         EMA

Input data file(s)
  wide-dataset.dat
Input data format  FREE



SAMPLE STATISTICS


     ESTIMATED SAMPLE STATISTICS


           Means
              A_01          A_02          A_03          A_05          AGE_C80
              ________      ________      ________      ________      ________
 1             29.335        29.523        28.577        24.735         3.366


           Means
              EDU_C7        FEMALE        SBP_C167
              ________      ________      ________
 1              0.289         0.660        -6.231


           Covariances
              A_01          A_02          A_03          A_05          AGE_C80
              ________      ________      ________      ________      ________
 A_01         107.023
 A_02          94.539       105.916
 A_03         101.143       105.063       131.593
 A_05          93.858        96.542       114.833       137.617
 AGE_C80       -7.305        -7.876        -9.922        -8.436         9.194
 EDU_C7         9.763         9.407        10.350         9.060        -0.378
 FEMALE        -1.045        -0.851        -0.851        -0.796         0.097
 SBP_C167      11.143         6.141        -1.843       -13.987        -5.537


           Covariances
              EDU_C7        FEMALE        SBP_C167
              ________      ________      ________
 EDU_C7         5.697
 FEMALE        -0.100         0.225
 SBP_C167       0.617         0.705       499.991


           Correlations
              A_01          A_02          A_03          A_05          AGE_C80
              ________      ________      ________      ________      ________
 A_01           1.000
 A_02           0.888         1.000
 A_03           0.852         0.890         1.000
 A_05           0.773         0.800         0.853         1.000
 AGE_C80       -0.233        -0.252        -0.285        -0.237         1.000
 EDU_C7         0.395         0.383         0.378         0.324        -0.052
 FEMALE        -0.213        -0.175        -0.157        -0.143         0.068
 SBP_C167       0.048         0.027        -0.007        -0.053        -0.082


           Correlations
              EDU_C7        FEMALE        SBP_C167
              ________      ________      ________
 EDU_C7         1.000
 FEMALE        -0.088         1.000
 SBP_C167       0.012         0.067         1.000


     MAXIMUM LOG-LIKELIHOOD VALUE FOR THE UNRESTRICTED (H1) MODEL IS -10882.924


UNIVARIATE HIGHER-ORDER MOMENT DESCRIPTIVE STATISTICS


     UNIVARIATE HIGHER-ORDER MOMENT DESCRIPTIVE STATISTICS

         Variable/         Mean/     Skewness/   Minimum/ % with                Percentiles
        Sample Size      Variance    Kurtosis    Maximum  Min/Max      20%/60%    40%/80%    Median

     A_01                 29.553      -0.734       0.000    1.27%      16.000     26.000     30.000
             552.000     104.946      -0.167      44.000    3.08%      33.000     38.000
     A_02                 30.748      -0.641       0.000    1.15%      17.000     27.000     30.000
             434.000      92.432      -0.354      44.000    4.38%      33.000     38.000
     A_03                 30.250      -0.696       0.000    0.60%      14.000     26.000     30.000
             332.000     114.772      -0.456      44.000    6.02%      33.000     39.000
     A_05                 27.630      -0.509       1.000    0.56%      14.000     26.000     29.000
             177.000     108.155      -0.666      44.000    3.39%      31.000     36.000
     AGE_C80               3.366       1.354      -0.630    0.17%       0.904      1.839      2.458
             580.000       9.194       2.214      17.918    0.17%       3.319      5.825
     EDU_C7                0.289       1.895      -7.000    0.17%      -1.000     -1.000     -1.000
             580.000       5.697       5.090      13.000    0.17%       0.000      1.000
     FEMALE                0.660      -0.674       0.000   33.97%       0.000      1.000      1.000
             580.000       0.225      -1.546       1.000   66.03%       1.000      1.000
     SBP_C167             -6.231       0.405     -67.000    0.17%     -27.000    -12.000     -7.000
             580.000     499.991       0.721      93.000    0.17%      -7.000     13.000


THE MODEL ESTIMATION TERMINATED NORMALLY



MODEL FIT INFORMATION

Number of Free Parameters                       22

Loglikelihood

          H0 Value                       -3764.197
          H0 Scaling Correction Factor      1.0550
            for MLR

Information Criteria

          Akaike (AIC)                    7572.394
          Bayesian (BIC)                  7661.746
          Sample-Size Adjusted BIC        7591.932
            (n* = (n + 2) / 24)



MODEL RESULTS

                                                    Two-Tailed
                    Estimate       S.E.  Est./S.E.    P-Value

 IA         ON
    AGE_C80           -0.665      0.167     -3.979      0.000
    EDU_C7             1.581      0.157     10.094      0.000
    FEMALE            -3.674      0.959     -3.829      0.000
    SBP_C167           0.019      0.021      0.873      0.382

 SA         ON
    AGE_C80           -0.094      0.050     -1.869      0.062
    EDU_C7             0.030      0.039      0.767      0.443
    FEMALE             0.446      0.282      1.581      0.114
    SBP_C167          -0.008      0.006     -1.281      0.200

 QA         ON
    AGE_C80            0.009      0.007      1.270      0.204
    EDU_C7            -0.004      0.006     -0.723      0.470
    FEMALE            -0.037      0.038     -0.984      0.325
    SBP_C167           0.000      0.001      0.111      0.911

 IA       WITH
    SA                 0.733      1.293      0.567      0.571
    QA                -0.094      0.168     -0.561      0.575

 SA       WITH
    QA                -0.135      0.081     -1.671      0.095

 Intercepts
    A_01               0.000      0.000    999.000    999.000
    A_02               0.000      0.000    999.000    999.000
    A_03               0.000      0.000    999.000    999.000
    A_05               0.000      0.000    999.000    999.000
    IA                33.670      0.850     39.629      0.000
    SA                 0.222      0.276      0.804      0.421
    QA                -0.107      0.036     -2.994      0.003

 Residual Variances
    A_01              11.070      1.194      9.275      0.000
    A_02              11.070      1.194      9.275      0.000
    A_03              11.070      1.194      9.275      0.000
    A_05              11.070      1.194      9.275      0.000
    IA                70.507      6.180     11.409      0.000
    SA                 1.446      0.716      2.021      0.043
    QA                 0.020      0.010      1.938      0.053


QUALITY OF NUMERICAL RESULTS

     Condition Number for the Information Matrix              0.826E-06
       (ratio of smallest to largest eigenvalue)


CONFIDENCE INTERVALS OF MODEL RESULTS

                  Lower .5%  Lower 2.5%    Lower 5%    Estimate    Upper 5%  Upper 2.5%   Upper .5%

 IA       ON
    AGE_C80         -1.095      -0.992      -0.940      -0.665      -0.390      -0.337      -0.235
    EDU_C7           1.177       1.274       1.323       1.581       1.839       1.888       1.984
    FEMALE          -6.145      -5.554      -5.252      -3.674      -2.095      -1.793      -1.202
    SBP_C167        -0.036      -0.023      -0.016       0.019       0.054       0.061       0.074

 SA       ON
    AGE_C80         -0.224      -0.193      -0.177      -0.094      -0.011       0.005       0.036
    EDU_C7          -0.071      -0.047      -0.034       0.030       0.094       0.107       0.131
    FEMALE          -0.280      -0.107      -0.018       0.446       0.910       0.999       1.172
    SBP_C167        -0.023      -0.020      -0.018      -0.008       0.002       0.004       0.008

 QA       ON
    AGE_C80         -0.009      -0.005      -0.003       0.009       0.020       0.022       0.026
    EDU_C7          -0.020      -0.016      -0.014      -0.004       0.006       0.007       0.011
    FEMALE          -0.135      -0.111      -0.099      -0.037       0.025       0.037       0.060
    SBP_C167        -0.002      -0.001      -0.001       0.000       0.001       0.002       0.002

 IA       WITH
    SA              -2.597      -1.801      -1.394       0.733       2.860       3.268       4.064
    QA              -0.526      -0.423      -0.370      -0.094       0.182       0.234       0.338

 SA       WITH
    QA              -0.343      -0.293      -0.268      -0.135      -0.002       0.023       0.073

 Intercepts
    A_01             0.000       0.000       0.000       0.000       0.000       0.000       0.000
    A_02             0.000       0.000       0.000       0.000       0.000       0.000       0.000
    A_03             0.000       0.000       0.000       0.000       0.000       0.000       0.000
    A_05             0.000       0.000       0.000       0.000       0.000       0.000       0.000
    IA              31.482      32.005      32.272      33.670      35.068      35.335      35.859
    SA              -0.490      -0.319      -0.232       0.222       0.677       0.764       0.934
    QA              -0.198      -0.176      -0.165      -0.107      -0.048      -0.037      -0.015

 Residual Variances
    A_01             7.996       8.731       9.107      11.070      13.033      13.409      14.144
    A_02             7.996       8.731       9.107      11.070      13.033      13.409      14.144
    A_03             7.996       8.731       9.107      11.070      13.033      13.409      14.144
    A_05             7.996       8.731       9.107      11.070      13.033      13.409      14.144
    IA              54.588      58.394      60.340      70.507      80.673      82.620      86.426
    SA              -0.397       0.043       0.269       1.446       2.623       2.848       3.289
    QA              -0.006       0.000       0.003       0.020       0.036       0.040       0.046


SAMPLE STATISTICS FOR ESTIMATED FACTOR SCORES


     SAMPLE STATISTICS


           Means
              IA            IA_SE         SA            SA_SE         QA
              ________      ________      ________      ________      ________
 1             26.815         2.544         0.077         1.061        -0.091


           Means
              QA_SE
              ________
 1              0.130


           Covariances
              IA            IA_SE         SA            SA_SE         QA
              ________      ________      ________      ________      ________
 IA           115.249
 IA_SE         -1.235         0.138
 SA             2.890        -0.012         0.599
 SA_SE         -0.249         0.027        -0.002         0.007
 QA            -0.295         0.003        -0.042         0.001         0.004
 QA_SE         -0.029         0.002        -0.001         0.001         0.000


           Covariances
              QA_SE
              ________
 QA_SE          0.000


           Correlations
              IA            IA_SE         SA            SA_SE         QA
              ________      ________      ________      ________      ________
 IA             1.000
 IA_SE         -0.309         1.000
 SA             0.348        -0.042         1.000
 SA_SE         -0.278         0.860        -0.038         1.000
 QA            -0.411         0.119        -0.811         0.119         1.000
 QA_SE         -0.301         0.634        -0.206         0.747         0.235


           Correlations
              QA_SE
              ________
 QA_SE          1.000


RESULTS SAVING INFORMATION

  Order of data

    Parameter estimates
     (saved in order shown in Technical 1 output)
    Standard errors
     (saved in order shown in Technical 1 output)
    H0 Loglikelihood
    H0 Scaling Correction Factor for MLR
    Number of Free Parameters
    Akaike (AIC)
    Bayesian (BIC)
    Sample-Size Adjusted BIC

  Save file
    u2_1235_aefb_info_results.dat

  Save file format           Free


PLOT INFORMATION

The following plots are available:

  Histograms (sample values, estimated factor scores)
  Scatterplots (sample values, estimated factor scores)
  Latent variable distribution plots

SAVEDATA INFORMATION


  Save file
    u2_1235_aefb_info_fscores.dat

  Order and format of variables

    A_01           F10.3
    A_02           F10.3
    A_03           F10.3
    A_05           F10.3
    AGE_C80        F10.3
    EDU_C7         F10.3
    FEMALE         F10.3
    SBP_C167       F10.3
    TIME_01        F10.3
    TIME_02        F10.3
    TIME_03        F10.3
    TIME_05        F10.3
    _WEIGHT        F10.3
    IA             F10.3
    IA_SE          F10.3
    SA             F10.3
    SA_SE          F10.3
    QA             F10.3
    QA_SE          F10.3
    PAIRID         I6

  Save file format
    19F10.3 I6

  Save file record length    10000


     Beginning Time:  12:08:31
        Ending Time:  12:08:32
       Elapsed Time:  00:00:01



MUTHEN & MUTHEN
3463 Stoner Ave.
Los Angeles, CA  90066

Tel: (310) 391-9971
Fax: (310) 391-8971
Web: www.StatModel.com
Support: Support@StatModel.com

Copyright (c) 1998-2014 Muthen & Muthen
