Mplus VERSION 7.3
MUTHEN & MUTHEN
12/17/2016  12:08 PM

INPUT INSTRUCTIONS

  TITLE:
  Script produced from the prototype in ./sandbox/syntax-creator/
  DATA:
  File = wide-dataset.dat ;
  VARIABLE:
  NAMES are
   Case PairID female age_c80 edu_c7 sbp_c167 smoke cardio diabetes dementia_ever
      years_since_bl_01 years_since_bl_02 years_since_bl_03 years_since_bl_04
      years_since_bl_05 pef_01 pef_02 pef_03 pef_04 pef_05 grip_01 grip_02 grip_03
      grip_04 grip_05 gait_01 gait_02 gait_03 gait_04 gait_05 block_01 block_02
      block_03 block_04 block_05 digitspanbackward_01 digitspanbackward_02
      digitspanbackward_03 digitspanbackward_04 digitspanbackward_05
      digitspanforward_01 digitspanforward_02 digitspanforward_03 digitspanforward_04
      digitspanforward_05 symbol_01 symbol_02 symbol_03 symbol_04 symbol_05 prose_01
      prose_02 prose_03 prose_04 prose_05 info_01 info_02 info_03 info_04 info_05
      synonyms_01 synonyms_02 synonyms_03 synonyms_04 synonyms_05 psif_01 psif_02
      psif_03 psif_04 psif_05 figure_01 figure_02 figure_03 figure_04 figure_05
      mirrecall_01 mirrecall_02 mirrecall_03 mirrecall_04 mirrecall_05 mmse_01 mmse_02
      mmse_03 mmse_04 mmse_05 mirnaming_01 mirnaming_02 mirnaming_03 mirnaming_04
      mirnaming_05 mirrecog_01 mirrecog_02 mirrecog_03 mirrecog_04 mirrecog_05
      clock_01 clock_02 clock_03 clock_04 clock_05
  	;
  Missing are all (-9999);
  USEVARIABLES are
  	!define the variables used in the analysis
  	! covariates used in the model
  age_c80
  edu_c7
  female	
  	!estimated time points
  time_01
  time_02
  time_03
  time_04
  time_05
  	!modelled time points of process (A)
  a_01
  a_02
  a_03
  a_04
  a_05
  ;
  TSCORES are
  	!estimated time points
  time_01
  time_02
  time_03
  time_04
  time_05;
  CLUSTER = PairID;
  SUBPOPULATION are
  	!select a subset of observations
  dementia_ever NE 1
  ;
  DEFINE:
  	! assign variables to the process (A)
  a_01 = info_01;
  a_02 = info_02;
  a_03 = info_03;
  a_04 = info_04;
  a_05 = info_05;
  	!assign variables to time points
  time_01 = years_since_bl_01;
  time_02 = years_since_bl_02;
  time_03 = years_since_bl_03;
  time_04 = years_since_bl_04;
  time_05 = years_since_bl_05;
  	
  ANALYSIS: TYPE = RANDOM COMPLEX;
  COVERAGE=.00;
  MODEL:
  	!first-level equation
  	! assign process (A) to time points
  ia sa qa | a_01 AT time_01 ;
  ia sa qa | a_02 AT time_02 ;
  ia sa qa | a_03 AT time_03 ;
  ia sa qa | a_04 AT time_04 ;
  ia sa qa | a_05 AT time_05 ;
  	!variance of the first-level terms
  ia (v_ia);
  sa (v_sa);
  qa (v_qa);
  	!covariance among first-level terms
  ia WITH sa (c_iasa);
  ia WITH qa (c_iaqa);
  sa WITH qa (c_saqa);
  	!second-level equation
  ia sa qa ON age_c80
  edu_c7
  female;
  	!residual covariance of process (A)
  a_01 (res_a);
  a_02 (res_a);
  a_03 (res_a);
  a_04 (res_a);
  a_05 (res_a);	
  SAVEDATA:
  FILE is   u2_12345_aef_info_fscores.dat;
  SAVE = FSCORES;
  RESULTS are   u2_12345_aef_info_results.dat;
  	
  OUTPUT: sampstat cinterval;
  PLOT: Type is Plot1 Plot2 Plot3;



*** WARNING
  Data set contains cases with missing on x-variables.
  These cases were not included in the analysis.
  Number of cases with missing on x-variables:  46
*** WARNING
  Data set contains cases with missing on all variables except
  x-variables.  These cases were not included in the analysis.
  Number of cases with missing on all variables except x-variables:  44
   2 WARNING(S) FOUND IN THE INPUT INSTRUCTIONS




Script produced from the prototype in ./sandbox/syntax-creator/

SUMMARY OF ANALYSIS

Number of groups                                                 1
Number of observations                                         450

Number of dependent variables                                    5
Number of independent variables                                  3
Number of continuous latent variables                            3

Observed dependent variables

  Continuous
   A_01        A_02        A_03        A_04        A_05

Observed independent variables
   AGE_C80     EDU_C7      FEMALE

Continuous latent variables
   IA          SA          QA

Variables with special functions

  Cluster variable      PAIRID
  Weight variable       _WEIGHT

  Time scores
   TIME_01     TIME_02     TIME_03     TIME_04     TIME_05


Estimator                                                      MLR
Information matrix                                        OBSERVED
Maximum number of iterations                                   100
Convergence criterion                                    0.100D-05
Maximum number of EM iterations                                500
Convergence criteria for the EM algorithm
  Loglikelihood change                                   0.100D-02
  Relative loglikelihood change                          0.100D-05
  Derivative                                             0.100D-03
Minimum variance                                         0.100D-03
Maximum number of steepest descent iterations                   20
Maximum number of iterations for H1                           2000
Convergence criterion for H1                             0.100D-03
Optimization algorithm                                         EMA

Input data file(s)
  wide-dataset.dat
Input data format  FREE



SAMPLE STATISTICS


     ESTIMATED SAMPLE STATISTICS


           Means
              A_01          A_02          A_03          A_04          A_05
              ________      ________      ________      ________      ________
 1             28.965        29.158        28.075        27.139        24.063


           Means
              AGE_C80       EDU_C7        FEMALE
              ________      ________      ________
 1              3.373         0.291         0.660


           Covariances
              A_01          A_02          A_03          A_04          A_05
              ________      ________      ________      ________      ________
 A_01         111.327
 A_02          99.401       111.264
 A_03         106.272       110.552       137.789
 A_04         112.289       114.755       134.483       156.561
 A_05          98.760       101.039       121.704       132.280       145.158
 AGE_C80       -7.385        -8.005       -10.097       -11.528        -8.792
 EDU_C7        10.265        10.085        11.011        11.167         9.832
 FEMALE        -1.117        -0.902        -0.887        -1.007        -0.865


           Covariances
              AGE_C80       EDU_C7        FEMALE
              ________      ________      ________
 AGE_C80        9.532
 EDU_C7        -0.492         5.695
 FEMALE         0.127        -0.112         0.224


           Correlations
              A_01          A_02          A_03          A_04          A_05
              ________      ________      ________      ________      ________
 A_01           1.000
 A_02           0.893         1.000
 A_03           0.858         0.893         1.000
 A_04           0.851         0.869         0.916         1.000
 A_05           0.777         0.795         0.861         0.877         1.000
 AGE_C80       -0.227        -0.246        -0.279        -0.298        -0.236
 EDU_C7         0.408         0.401         0.393         0.374         0.342
 FEMALE        -0.223        -0.180        -0.160        -0.170        -0.152


           Correlations
              AGE_C80       EDU_C7        FEMALE
              ________      ________      ________
 AGE_C80        1.000
 EDU_C7        -0.067         1.000
 FEMALE         0.087        -0.099         1.000


     MAXIMUM LOG-LIKELIHOOD VALUE FOR THE UNRESTRICTED (H1) MODEL IS -9432.640


UNIVARIATE HIGHER-ORDER MOMENT DESCRIPTIVE STATISTICS


     UNIVARIATE HIGHER-ORDER MOMENT DESCRIPTIVE STATISTICS

         Variable/         Mean/     Skewness/   Minimum/ % with                Percentiles
        Sample Size      Variance    Kurtosis    Maximum  Min/Max      20%/60%    40%/80%    Median

     A_01                 29.278      -0.719       0.000    1.39%      15.000     26.000     30.000
             577.000     108.313      -0.208      44.000    3.29%      33.000     38.000
     A_02                 30.457      -0.674       0.000    1.32%      16.000     26.000     30.000
             453.000      98.682      -0.257      44.000    4.64%      33.000     38.000
     A_03                 30.041      -0.676       0.000    0.59%      14.000     26.000     30.000
             340.000     116.859      -0.497      44.000    5.88%      33.000     39.000
     A_04                 29.919      -0.823       0.000    2.00%      14.000     25.000     29.500
             250.000     125.740      -0.143      44.000    6.40%      33.000     39.000
     A_05                 27.510      -0.498       1.000    0.56%      14.000     26.000     29.000
             179.000     109.682      -0.704      44.000    3.35%      31.000     36.000
     AGE_C80               3.373       1.449      -0.630    0.16%       0.904      1.839      2.462
             612.000       9.532       2.710      17.918    0.16%       3.319      5.921
     EDU_C7                0.291       1.888      -7.000    0.16%      -1.000     -1.000     -1.000
             612.000       5.695       5.000      13.000    0.16%       0.000      1.000
     FEMALE                0.660      -0.676       0.000   33.99%       0.000      1.000      1.000
             612.000       0.224      -1.544       1.000   66.01%       1.000      1.000


THE MODEL ESTIMATION TERMINATED NORMALLY



MODEL FIT INFORMATION

Number of Free Parameters                       19

Loglikelihood

          H0 Value                       -4477.091
          H0 Scaling Correction Factor      1.0406
            for MLR

Information Criteria

          Akaike (AIC)                    8992.182
          Bayesian (BIC)                  9070.257
          Sample-Size Adjusted BIC        9009.959
            (n* = (n + 2) / 24)



MODEL RESULTS

                                                    Two-Tailed
                    Estimate       S.E.  Est./S.E.    P-Value

 IA         ON
    AGE_C80           -0.616      0.158     -3.904      0.000
    EDU_C7             1.650      0.155     10.666      0.000
    FEMALE            -3.748      0.934     -4.014      0.000

 SA         ON
    AGE_C80           -0.105      0.047     -2.233      0.026
    EDU_C7             0.045      0.040      1.140      0.254
    FEMALE             0.531      0.269      1.973      0.049

 QA         ON
    AGE_C80            0.008      0.006      1.303      0.193
    EDU_C7            -0.005      0.006     -0.819      0.413
    FEMALE            -0.054      0.038     -1.430      0.153

 IA       WITH
    SA                 2.023      1.275      1.586      0.113
    QA                -0.205      0.172     -1.190      0.234

 SA       WITH
    QA                -0.114      0.074     -1.537      0.124

 Intercepts
    A_01               0.000      0.000    999.000    999.000
    A_02               0.000      0.000    999.000    999.000
    A_03               0.000      0.000    999.000    999.000
    A_04               0.000      0.000    999.000    999.000
    A_05               0.000      0.000    999.000    999.000
    IA                32.998      0.806     40.951      0.000
    SA                 0.333      0.252      1.320      0.187
    QA                -0.108      0.035     -3.080      0.002

 Residual Variances
    A_01              12.155      1.053     11.538      0.000
    A_02              12.155      1.053     11.538      0.000
    A_03              12.155      1.053     11.538      0.000
    A_04              12.155      1.053     11.538      0.000
    A_05              12.155      1.053     11.538      0.000
    IA                71.454      5.946     12.017      0.000
    SA                 1.181      0.622      1.897      0.058
    QA                 0.019      0.010      1.859      0.063


QUALITY OF NUMERICAL RESULTS

     Condition Number for the Information Matrix              0.105E-05
       (ratio of smallest to largest eigenvalue)


CONFIDENCE INTERVALS OF MODEL RESULTS

                  Lower .5%  Lower 2.5%    Lower 5%    Estimate    Upper 5%  Upper 2.5%   Upper .5%

 IA       ON
    AGE_C80         -1.022      -0.925      -0.875      -0.616      -0.356      -0.307      -0.210
    EDU_C7           1.252       1.347       1.396       1.650       1.905       1.953       2.049
    FEMALE          -6.153      -5.578      -5.284      -3.748      -2.212      -1.918      -1.343

 SA       ON
    AGE_C80         -0.225      -0.196      -0.182      -0.105      -0.028      -0.013       0.016
    EDU_C7          -0.057      -0.033      -0.020       0.045       0.110       0.123       0.147
    FEMALE          -0.162       0.003       0.088       0.531       0.974       1.059       1.225

 QA       ON
    AGE_C80         -0.008      -0.004      -0.002       0.008       0.019       0.021       0.025
    EDU_C7          -0.021      -0.017      -0.015      -0.005       0.005       0.007       0.011
    FEMALE          -0.151      -0.128      -0.116      -0.054       0.008       0.020       0.043

 IA       WITH
    SA              -1.262      -0.476      -0.075       2.023       4.120       4.522       5.307
    QA              -0.648      -0.542      -0.488      -0.205       0.078       0.133       0.238

 SA       WITH
    QA              -0.304      -0.259      -0.235      -0.114       0.008       0.031       0.077

 Intercepts
    A_01             0.000       0.000       0.000       0.000       0.000       0.000       0.000
    A_02             0.000       0.000       0.000       0.000       0.000       0.000       0.000
    A_03             0.000       0.000       0.000       0.000       0.000       0.000       0.000
    A_04             0.000       0.000       0.000       0.000       0.000       0.000       0.000
    A_05             0.000       0.000       0.000       0.000       0.000       0.000       0.000
    IA              30.922      31.418      31.672      32.998      34.323      34.577      35.073
    SA              -0.317      -0.161      -0.082       0.333       0.748       0.828       0.983
    QA              -0.198      -0.176      -0.165      -0.108      -0.050      -0.039      -0.018

 Residual Variances
    A_01             9.441      10.090      10.422      12.155      13.888      14.219      14.868
    A_02             9.441      10.090      10.422      12.155      13.888      14.219      14.868
    A_03             9.441      10.090      10.422      12.155      13.888      14.219      14.868
    A_04             9.441      10.090      10.422      12.155      13.888      14.219      14.868
    A_05             9.441      10.090      10.422      12.155      13.888      14.219      14.868
    IA              56.138      59.800      61.673      71.454      81.234      83.107      86.769
    SA              -0.422      -0.039       0.157       1.181       2.205       2.401       2.784
    QA              -0.007      -0.001       0.002       0.019       0.035       0.038       0.044


SAMPLE STATISTICS FOR ESTIMATED FACTOR SCORES


     SAMPLE STATISTICS


           Means
              IA            IA_SE         SA            SA_SE         QA
              ________      ________      ________      ________      ________
 1             26.338         2.567         0.145         0.950        -0.106


           Means
              QA_SE
              ________
 1              0.125


           Covariances
              IA            IA_SE         SA            SA_SE         QA
              ________      ________      ________      ________      ________
 IA           116.162
 IA_SE         -1.441         0.184
 SA             4.301        -0.050         0.558
 SA_SE         -0.200         0.026        -0.008         0.005
 QA            -0.380         0.006        -0.039         0.001         0.005
 QA_SE         -0.029         0.002        -0.002         0.000         0.000


           Covariances
              QA_SE
              ________
 QA_SE          0.000


           Correlations
              IA            IA_SE         SA            SA_SE         QA
              ________      ________      ________      ________      ________
 IA             1.000
 IA_SE         -0.311         1.000
 SA             0.534        -0.155         1.000
 SA_SE         -0.268         0.872        -0.162         1.000
 QA            -0.514         0.203        -0.760         0.219         1.000
 QA_SE         -0.288         0.610        -0.321         0.747         0.274


           Correlations
              QA_SE
              ________
 QA_SE          1.000


RESULTS SAVING INFORMATION

  Order of data

    Parameter estimates
     (saved in order shown in Technical 1 output)
    Standard errors
     (saved in order shown in Technical 1 output)
    H0 Loglikelihood
    H0 Scaling Correction Factor for MLR
    Number of Free Parameters
    Akaike (AIC)
    Bayesian (BIC)
    Sample-Size Adjusted BIC

  Save file
    u2_12345_aef_info_results.dat

  Save file format           Free


PLOT INFORMATION

The following plots are available:

  Histograms (sample values, estimated factor scores)
  Scatterplots (sample values, estimated factor scores)
  Latent variable distribution plots

SAVEDATA INFORMATION


  Save file
    u2_12345_aef_info_fscores.dat

  Order and format of variables

    A_01           F10.3
    A_02           F10.3
    A_03           F10.3
    A_04           F10.3
    A_05           F10.3
    AGE_C80        F10.3
    EDU_C7         F10.3
    FEMALE         F10.3
    TIME_01        F10.3
    TIME_02        F10.3
    TIME_03        F10.3
    TIME_04        F10.3
    TIME_05        F10.3
    _WEIGHT        F10.3
    IA             F10.3
    IA_SE          F10.3
    SA             F10.3
    SA_SE          F10.3
    QA             F10.3
    QA_SE          F10.3
    PAIRID         I6

  Save file format
    20F10.3 I6

  Save file record length    10000


     Beginning Time:  12:08:14
        Ending Time:  12:08:16
       Elapsed Time:  00:00:02



MUTHEN & MUTHEN
3463 Stoner Ave.
Los Angeles, CA  90066

Tel: (310) 391-9971
Fax: (310) 391-8971
Web: www.StatModel.com
Support: Support@StatModel.com

Copyright (c) 1998-2014 Muthen & Muthen
