Mplus VERSION 7.3
MUTHEN & MUTHEN
12/17/2016  12:08 PM

INPUT INSTRUCTIONS

  TITLE:
  Script produced from the prototype in ./sandbox/syntax-creator/
  DATA:
  File = wide-dataset.dat ;
  VARIABLE:
  NAMES are
   Case PairID female age_c80 edu_c7 sbp_c167 smoke cardio diabetes dementia_ever
      years_since_bl_01 years_since_bl_02 years_since_bl_03 years_since_bl_04
      years_since_bl_05 pef_01 pef_02 pef_03 pef_04 pef_05 grip_01 grip_02 grip_03
      grip_04 grip_05 gait_01 gait_02 gait_03 gait_04 gait_05 block_01 block_02
      block_03 block_04 block_05 digitspanbackward_01 digitspanbackward_02
      digitspanbackward_03 digitspanbackward_04 digitspanbackward_05
      digitspanforward_01 digitspanforward_02 digitspanforward_03 digitspanforward_04
      digitspanforward_05 symbol_01 symbol_02 symbol_03 symbol_04 symbol_05 prose_01
      prose_02 prose_03 prose_04 prose_05 info_01 info_02 info_03 info_04 info_05
      synonyms_01 synonyms_02 synonyms_03 synonyms_04 synonyms_05 psif_01 psif_02
      psif_03 psif_04 psif_05 figure_01 figure_02 figure_03 figure_04 figure_05
      mirrecall_01 mirrecall_02 mirrecall_03 mirrecall_04 mirrecall_05 mmse_01 mmse_02
      mmse_03 mmse_04 mmse_05 mirnaming_01 mirnaming_02 mirnaming_03 mirnaming_04
      mirnaming_05 mirrecog_01 mirrecog_02 mirrecog_03 mirrecog_04 mirrecog_05
      clock_01 clock_02 clock_03 clock_04 clock_05
  	;
  Missing are all (-9999);
  USEVARIABLES are
  	!define the variables used in the analysis
  	! covariates used in the model
  age_c80
  edu_c7
  female
  sbp_c167	
  	!estimated time points
  time_01
  time_02
  time_03
  time_04
  	!modelled time points of process (A)
  a_01
  a_02
  a_03
  a_04
  ;
  TSCORES are
  	!estimated time points
  time_01
  time_02
  time_03
  time_04;
  CLUSTER = PairID;
  SUBPOPULATION are
  	!select a subset of observations
  dementia_ever NE 1
  ;
  DEFINE:
  	! assign variables to the process (A)
  a_01 = info_01;
  a_02 = info_02;
  a_03 = info_03;
  a_04 = info_04;
  	!assign variables to time points
  time_01 = years_since_bl_01;
  time_02 = years_since_bl_02;
  time_03 = years_since_bl_03;
  time_04 = years_since_bl_04;
  	
  ANALYSIS: TYPE = RANDOM COMPLEX;
  COVERAGE=.00;
  MODEL:
  	!first-level equation
  	! assign process (A) to time points
  ia sa qa | a_01 AT time_01 ;
  ia sa qa | a_02 AT time_02 ;
  ia sa qa | a_03 AT time_03 ;
  ia sa qa | a_04 AT time_04 ;
  	!variance of the first-level terms
  ia (v_ia);
  sa (v_sa);
  qa (v_qa);
  	!covariance among first-level terms
  ia WITH sa (c_iasa);
  ia WITH qa (c_iaqa);
  sa WITH qa (c_saqa);
  	!second-level equation
  ia sa qa ON age_c80
  edu_c7
  female
  sbp_c167;
  	!residual covariance of process (A)
  a_01 (res_a);
  a_02 (res_a);
  a_03 (res_a);
  a_04 (res_a);	
  SAVEDATA:
  FILE is   u2_1234_aefb_info_fscores.dat;
  SAVE = FSCORES;
  RESULTS are   u2_1234_aefb_info_results.dat;
  	
  OUTPUT: sampstat cinterval;
  PLOT: Type is Plot1 Plot2 Plot3;



*** WARNING
  Data set contains cases with missing on x-variables.
  These cases were not included in the analysis.
  Number of cases with missing on x-variables:  92
*** WARNING
  Data set contains cases with missing on all variables except
  x-variables.  These cases were not included in the analysis.
  Number of cases with missing on all variables except x-variables:  28
   2 WARNING(S) FOUND IN THE INPUT INSTRUCTIONS




Script produced from the prototype in ./sandbox/syntax-creator/

SUMMARY OF ANALYSIS

Number of groups                                                 1
Number of observations                                         430

Number of dependent variables                                    4
Number of independent variables                                  4
Number of continuous latent variables                            3

Observed dependent variables

  Continuous
   A_01        A_02        A_03        A_04

Observed independent variables
   AGE_C80     EDU_C7      FEMALE      SBP_C167

Continuous latent variables
   IA          SA          QA

Variables with special functions

  Cluster variable      PAIRID
  Weight variable       _WEIGHT

  Time scores
   TIME_01     TIME_02     TIME_03     TIME_04


Estimator                                                      MLR
Information matrix                                        OBSERVED
Maximum number of iterations                                   100
Convergence criterion                                    0.100D-05
Maximum number of EM iterations                                500
Convergence criteria for the EM algorithm
  Loglikelihood change                                   0.100D-02
  Relative loglikelihood change                          0.100D-05
  Derivative                                             0.100D-03
Minimum variance                                         0.100D-03
Maximum number of steepest descent iterations                   20
Maximum number of iterations for H1                           2000
Convergence criterion for H1                             0.100D-03
Optimization algorithm                                         EMA

Input data file(s)
  wide-dataset.dat
Input data format  FREE



SAMPLE STATISTICS


     ESTIMATED SAMPLE STATISTICS


           Means
              A_01          A_02          A_03          A_04          AGE_C80
              ________      ________      ________      ________      ________
 1             29.285        29.473        28.449        27.502         3.372


           Means
              EDU_C7        FEMALE        SBP_C167
              ________      ________      ________
 1              0.286         0.660        -6.349


           Covariances
              A_01          A_02          A_03          A_04          AGE_C80
              ________      ________      ________      ________      ________
 A_01         107.810
 A_02          95.299       106.616
 A_03         102.583       106.117       133.511
 A_04         110.102       111.561       131.597       155.086
 AGE_C80       -7.419        -8.006       -10.051       -11.342         9.190
 EDU_C7         9.800         9.442        10.437        10.869        -0.385
 FEMALE        -1.060        -0.864        -0.892        -0.978         0.099
 SBP_C167      13.512         8.636         1.212        14.267        -5.845


           Covariances
              EDU_C7        FEMALE        SBP_C167
              ________      ________      ________
 EDU_C7         5.688
 FEMALE        -0.101         0.224
 SBP_C167       0.767         0.663       504.809


           Correlations
              A_01          A_02          A_03          A_04          AGE_C80
              ________      ________      ________      ________      ________
 A_01           1.000
 A_02           0.889         1.000
 A_03           0.855         0.889         1.000
 A_04           0.851         0.868         0.915         1.000
 AGE_C80       -0.236        -0.256        -0.287        -0.300         1.000
 EDU_C7         0.396         0.383         0.379         0.366        -0.053
 FEMALE        -0.215        -0.177        -0.163        -0.166         0.069
 SBP_C167       0.058         0.037         0.005         0.051        -0.086


           Correlations
              EDU_C7        FEMALE        SBP_C167
              ________      ________      ________
 EDU_C7         1.000
 FEMALE        -0.089         1.000
 SBP_C167       0.014         0.062         1.000


     MAXIMUM LOG-LIKELIHOOD VALUE FOR THE UNRESTRICTED (H1) MODEL IS -11024.687


UNIVARIATE HIGHER-ORDER MOMENT DESCRIPTIVE STATISTICS


     UNIVARIATE HIGHER-ORDER MOMENT DESCRIPTIVE STATISTICS

         Variable/         Mean/     Skewness/   Minimum/ % with                Percentiles
        Sample Size      Variance    Kurtosis    Maximum  Min/Max      20%/60%    40%/80%    Median

     A_01                 29.553      -0.734       0.000    1.27%      16.000     26.000     30.000
             552.000     104.946      -0.167      44.000    3.08%      33.000     38.000
     A_02                 30.748      -0.641       0.000    1.15%      17.000     27.000     30.000
             434.000      92.432      -0.354      44.000    4.38%      33.000     38.000
     A_03                 30.250      -0.696       0.000    0.60%      14.000     26.000     30.000
             332.000     114.772      -0.456      44.000    6.02%      33.000     39.000
     A_04                 29.979      -0.835       0.000    2.02%      13.000     25.000     30.000
             247.000     126.938      -0.140      44.000    6.48%      33.000     39.000
     AGE_C80               3.372       1.347      -0.630    0.17%       0.904      1.839      2.458
             582.000       9.190       2.197      17.918    0.17%       3.319      5.866
     EDU_C7                0.286       1.899      -7.000    0.17%      -1.000     -1.000     -1.000
             582.000       5.688       5.108      13.000    0.17%       0.000      1.000
     FEMALE                0.660      -0.678       0.000   34.02%       0.000      1.000      1.000
             582.000       0.224      -1.541       1.000   65.98%       1.000      1.000
     SBP_C167             -6.349       0.387     -67.000    0.17%     -27.000    -12.000     -7.000
             582.000     504.809       0.710      93.000    0.17%      -7.000     13.000


THE MODEL ESTIMATION TERMINATED NORMALLY



MODEL FIT INFORMATION

Number of Free Parameters                       22

Loglikelihood

          H0 Value                       -3847.161
          H0 Scaling Correction Factor      1.0312
            for MLR

Information Criteria

          Akaike (AIC)                    7738.322
          Bayesian (BIC)                  7827.725
          Sample-Size Adjusted BIC        7757.910
            (n* = (n + 2) / 24)



MODEL RESULTS

                                                    Two-Tailed
                    Estimate       S.E.  Est./S.E.    P-Value

 IA         ON
    AGE_C80           -0.681      0.169     -4.035      0.000
    EDU_C7             1.598      0.159     10.076      0.000
    FEMALE            -3.774      0.963     -3.917      0.000
    SBP_C167           0.023      0.022      1.068      0.286

 SA         ON
    AGE_C80           -0.049      0.056     -0.873      0.383
    EDU_C7            -0.023      0.049     -0.470      0.638
    FEMALE             0.625      0.355      1.760      0.078
    SBP_C167          -0.014      0.007     -2.099      0.036

 QA         ON
    AGE_C80           -0.004      0.010     -0.430      0.667
    EDU_C7             0.010      0.008      1.174      0.240
    FEMALE            -0.085      0.060     -1.409      0.159
    SBP_C167           0.002      0.001      1.905      0.057

 IA       WITH
    SA                -1.007      1.589     -0.634      0.526
    QA                 0.396      0.264      1.504      0.133

 SA       WITH
    QA                -0.194      0.155     -1.254      0.210

 Intercepts
    A_01               0.000      0.000    999.000    999.000
    A_02               0.000      0.000    999.000    999.000
    A_03               0.000      0.000    999.000    999.000
    A_04               0.000      0.000    999.000    999.000
    IA                33.790      0.850     39.768      0.000
    SA                -0.154      0.354     -0.435      0.663
    QA                -0.001      0.060     -0.022      0.983

 Residual Variances
    A_01              10.729      1.184      9.063      0.000
    A_02              10.729      1.184      9.063      0.000
    A_03              10.729      1.184      9.063      0.000
    A_04              10.729      1.184      9.063      0.000
    IA                71.645      6.177     11.598      0.000
    SA                 1.620      1.019      1.590      0.112
    QA                 0.037      0.026      1.433      0.152


QUALITY OF NUMERICAL RESULTS

     Condition Number for the Information Matrix              0.224E-05
       (ratio of smallest to largest eigenvalue)


CONFIDENCE INTERVALS OF MODEL RESULTS

                  Lower .5%  Lower 2.5%    Lower 5%    Estimate    Upper 5%  Upper 2.5%   Upper .5%

 IA       ON
    AGE_C80         -1.116      -1.012      -0.958      -0.681      -0.403      -0.350      -0.246
    EDU_C7           1.190       1.287       1.337       1.598       1.859       1.909       2.007
    FEMALE          -6.256      -5.662      -5.359      -3.774      -2.189      -1.886      -1.293
    SBP_C167        -0.032      -0.019      -0.012       0.023       0.058       0.065       0.078

 SA       ON
    AGE_C80         -0.193      -0.158      -0.141      -0.049       0.043       0.061       0.095
    EDU_C7          -0.150      -0.120      -0.104      -0.023       0.058       0.073       0.104
    FEMALE          -0.289      -0.071       0.041       0.625       1.208       1.320       1.539
    SBP_C167        -0.032      -0.028      -0.026      -0.014      -0.003      -0.001       0.003

 QA       ON
    AGE_C80         -0.029      -0.023      -0.020      -0.004       0.012       0.015       0.020
    EDU_C7          -0.012      -0.007      -0.004       0.010       0.024       0.026       0.032
    FEMALE          -0.240      -0.203      -0.184      -0.085       0.014       0.033       0.070
    SBP_C167        -0.001       0.000       0.000       0.002       0.004       0.004       0.005

 IA       WITH
    SA              -5.100      -4.121      -3.621      -1.007       1.606       2.107       3.085
    QA              -0.283      -0.120      -0.037       0.396       0.830       0.913       1.075

 SA       WITH
    QA              -0.594      -0.498      -0.449      -0.194       0.061       0.109       0.205

 Intercepts
    A_01             0.000       0.000       0.000       0.000       0.000       0.000       0.000
    A_02             0.000       0.000       0.000       0.000       0.000       0.000       0.000
    A_03             0.000       0.000       0.000       0.000       0.000       0.000       0.000
    A_04             0.000       0.000       0.000       0.000       0.000       0.000       0.000
    IA              31.601      32.124      32.392      33.790      35.187      35.455      35.978
    SA              -1.065      -0.847      -0.736      -0.154       0.428       0.539       0.757
    QA              -0.155      -0.118      -0.099      -0.001       0.097       0.115       0.152

 Residual Variances
    A_01             7.680       8.409       8.782      10.729      12.676      13.049      13.778
    A_02             7.680       8.409       8.782      10.729      12.676      13.049      13.778
    A_03             7.680       8.409       8.782      10.729      12.676      13.049      13.778
    A_04             7.680       8.409       8.782      10.729      12.676      13.049      13.778
    IA              55.734      59.538      61.484      71.645      81.807      83.753      87.557
    SA              -1.005      -0.377      -0.056       1.620       3.297       3.618       4.246
    QA              -0.029      -0.014      -0.005       0.037       0.079       0.087       0.103


SAMPLE STATISTICS FOR ESTIMATED FACTOR SCORES


     SAMPLE STATISTICS


           Means
              IA            IA_SE         SA            SA_SE         QA
              ________      ________      ________      ________      ________
 1             26.719         2.513         0.070         1.162        -0.092


           Means
              QA_SE
              ________
 1              0.179


           Covariances
              IA            IA_SE         SA            SA_SE         QA
              ________      ________      ________      ________      ________
 IA           117.389
 IA_SE         -1.337         0.151
 SA            -0.443         0.027         0.576
 SA_SE         -0.207         0.023         0.004         0.004
 QA             0.616        -0.009        -0.048        -0.001         0.011
 QA_SE         -0.023         0.002         0.000         0.000         0.000


           Covariances
              QA_SE
              ________
 QA_SE          0.000


           Correlations
              IA            IA_SE         SA            SA_SE         QA
              ________      ________      ________      ________      ________
 IA             1.000
 IA_SE         -0.318         1.000
 SA            -0.054         0.091         1.000
 SA_SE         -0.296         0.918         0.091         1.000
 QA             0.552        -0.224        -0.616        -0.196         1.000
 QA_SE         -0.285         0.695        -0.074         0.751        -0.065


           Correlations
              QA_SE
              ________
 QA_SE          1.000


RESULTS SAVING INFORMATION

  Order of data

    Parameter estimates
     (saved in order shown in Technical 1 output)
    Standard errors
     (saved in order shown in Technical 1 output)
    H0 Loglikelihood
    H0 Scaling Correction Factor for MLR
    Number of Free Parameters
    Akaike (AIC)
    Bayesian (BIC)
    Sample-Size Adjusted BIC

  Save file
    u2_1234_aefb_info_results.dat

  Save file format           Free


PLOT INFORMATION

The following plots are available:

  Histograms (sample values, estimated factor scores)
  Scatterplots (sample values, estimated factor scores)
  Latent variable distribution plots

SAVEDATA INFORMATION


  Save file
    u2_1234_aefb_info_fscores.dat

  Order and format of variables

    A_01           F10.3
    A_02           F10.3
    A_03           F10.3
    A_04           F10.3
    AGE_C80        F10.3
    EDU_C7         F10.3
    FEMALE         F10.3
    SBP_C167       F10.3
    TIME_01        F10.3
    TIME_02        F10.3
    TIME_03        F10.3
    TIME_04        F10.3
    _WEIGHT        F10.3
    IA             F10.3
    IA_SE          F10.3
    SA             F10.3
    SA_SE          F10.3
    QA             F10.3
    QA_SE          F10.3
    PAIRID         I6

  Save file format
    19F10.3 I6

  Save file record length    10000


     Beginning Time:  12:08:24
        Ending Time:  12:08:25
       Elapsed Time:  00:00:01



MUTHEN & MUTHEN
3463 Stoner Ave.
Los Angeles, CA  90066

Tel: (310) 391-9971
Fax: (310) 391-8971
Web: www.StatModel.com
Support: Support@StatModel.com

Copyright (c) 1998-2014 Muthen & Muthen
