Mplus VERSION 7.3
MUTHEN & MUTHEN
12/17/2016  12:08 PM

INPUT INSTRUCTIONS

  TITLE:
  Script produced from the prototype in ./sandbox/syntax-creator/
  DATA:
  File = wide-dataset.dat ;
  VARIABLE:
  NAMES are
   Case PairID female age_c80 edu_c7 sbp_c167 smoke cardio diabetes dementia_ever
      years_since_bl_01 years_since_bl_02 years_since_bl_03 years_since_bl_04
      years_since_bl_05 pef_01 pef_02 pef_03 pef_04 pef_05 grip_01 grip_02 grip_03
      grip_04 grip_05 gait_01 gait_02 gait_03 gait_04 gait_05 block_01 block_02
      block_03 block_04 block_05 digitspanbackward_01 digitspanbackward_02
      digitspanbackward_03 digitspanbackward_04 digitspanbackward_05
      digitspanforward_01 digitspanforward_02 digitspanforward_03 digitspanforward_04
      digitspanforward_05 symbol_01 symbol_02 symbol_03 symbol_04 symbol_05 prose_01
      prose_02 prose_03 prose_04 prose_05 info_01 info_02 info_03 info_04 info_05
      synonyms_01 synonyms_02 synonyms_03 synonyms_04 synonyms_05 psif_01 psif_02
      psif_03 psif_04 psif_05 figure_01 figure_02 figure_03 figure_04 figure_05
      mirrecall_01 mirrecall_02 mirrecall_03 mirrecall_04 mirrecall_05 mmse_01 mmse_02
      mmse_03 mmse_04 mmse_05 mirnaming_01 mirnaming_02 mirnaming_03 mirnaming_04
      mirnaming_05 mirrecog_01 mirrecog_02 mirrecog_03 mirrecog_04 mirrecog_05
      clock_01 clock_02 clock_03 clock_04 clock_05
  	;
  Missing are all (-9999);
  USEVARIABLES are
  	!define the variables used in the analysis
  	! covariates used in the model
  age_c80
  edu_c7
  female
  sbp_c167	
  	!estimated time points
  time_01
  time_02
  time_04
  time_05
  	!modelled time points of process (A)
  a_01
  a_02
  a_04
  a_05
  ;
  TSCORES are
  	!estimated time points
  time_01
  time_02
  time_04
  time_05;
  CLUSTER = PairID;
  SUBPOPULATION are
  	!select a subset of observations
  dementia_ever NE 1
  ;
  DEFINE:
  	! assign variables to the process (A)
  a_01 = info_01;
  a_02 = info_02;
  a_04 = info_04;
  a_05 = info_05;
  	!assign variables to time points
  time_01 = years_since_bl_01;
  time_02 = years_since_bl_02;
  time_04 = years_since_bl_04;
  time_05 = years_since_bl_05;
  	
  ANALYSIS: TYPE = RANDOM COMPLEX;
  COVERAGE=.00;
  MODEL:
  	!first-level equation
  	! assign process (A) to time points
  ia sa qa | a_01 AT time_01 ;
  ia sa qa | a_02 AT time_02 ;
  ia sa qa | a_04 AT time_04 ;
  ia sa qa | a_05 AT time_05 ;
  	!variance of the first-level terms
  ia (v_ia);
  sa (v_sa);
  qa (v_qa);
  	!covariance among first-level terms
  ia WITH sa (c_iasa);
  ia WITH qa (c_iaqa);
  sa WITH qa (c_saqa);
  	!second-level equation
  ia sa qa ON age_c80
  edu_c7
  female
  sbp_c167;
  	!residual covariance of process (A)
  a_01 (res_a);
  a_02 (res_a);
  a_04 (res_a);
  a_05 (res_a);	
  SAVEDATA:
  FILE is   u2_1245_aefb_info_fscores.dat;
  SAVE = FSCORES;
  RESULTS are   u2_1245_aefb_info_results.dat;
  	
  OUTPUT: sampstat cinterval;
  PLOT: Type is Plot1 Plot2 Plot3;



*** WARNING
  Data set contains cases with missing on x-variables.
  These cases were not included in the analysis.
  Number of cases with missing on x-variables:  92
*** WARNING
  Data set contains cases with missing on all variables except
  x-variables.  These cases were not included in the analysis.
  Number of cases with missing on all variables except x-variables:  30
   2 WARNING(S) FOUND IN THE INPUT INSTRUCTIONS




Script produced from the prototype in ./sandbox/syntax-creator/

SUMMARY OF ANALYSIS

Number of groups                                                 1
Number of observations                                         428

Number of dependent variables                                    4
Number of independent variables                                  4
Number of continuous latent variables                            3

Observed dependent variables

  Continuous
   A_01        A_02        A_04        A_05

Observed independent variables
   AGE_C80     EDU_C7      FEMALE      SBP_C167

Continuous latent variables
   IA          SA          QA

Variables with special functions

  Cluster variable      PAIRID
  Weight variable       _WEIGHT

  Time scores
   TIME_01     TIME_02     TIME_04     TIME_05


Estimator                                                      MLR
Information matrix                                        OBSERVED
Maximum number of iterations                                   100
Convergence criterion                                    0.100D-05
Maximum number of EM iterations                                500
Convergence criteria for the EM algorithm
  Loglikelihood change                                   0.100D-02
  Relative loglikelihood change                          0.100D-05
  Derivative                                             0.100D-03
Minimum variance                                         0.100D-03
Maximum number of steepest descent iterations                   20
Maximum number of iterations for H1                           2000
Convergence criterion for H1                             0.100D-03
Optimization algorithm                                         EMA

Input data file(s)
  wide-dataset.dat
Input data format  FREE



SAMPLE STATISTICS


     ESTIMATED SAMPLE STATISTICS


           Means
              A_01          A_02          A_04          A_05          AGE_C80
              ________      ________      ________      ________      ________
 1             29.303        29.510        27.586        24.432         3.380


           Means
              EDU_C7        FEMALE        SBP_C167
              ________      ________      ________
 1              0.290         0.661        -6.346


           Covariances
              A_01          A_02          A_04          A_05          AGE_C80
              ________      ________      ________      ________      ________
 A_01         107.345
 A_02          95.661       107.407
 A_04         110.540       112.441       153.971
 A_05          96.057        97.607       128.832       140.346
 AGE_C80       -7.511        -8.027       -11.993        -9.720         9.219
 EDU_C7         9.820         9.411        10.949         9.660        -0.393
 FEMALE        -1.037        -0.870        -0.922        -0.803         0.098
 SBP_C167      12.622         7.875        16.328        -7.654        -5.884


           Covariances
              EDU_C7        FEMALE        SBP_C167
              ________      ________      ________
 EDU_C7         5.710
 FEMALE        -0.100         0.224
 SBP_C167       0.722         0.712       505.296


           Correlations
              A_01          A_02          A_04          A_05          AGE_C80
              ________      ________      ________      ________      ________
 A_01           1.000
 A_02           0.891         1.000
 A_04           0.860         0.874         1.000
 A_05           0.783         0.795         0.876         1.000
 AGE_C80       -0.239        -0.255        -0.318        -0.270         1.000
 EDU_C7         0.397         0.380         0.369         0.341        -0.054
 FEMALE        -0.211        -0.177        -0.157        -0.143         0.069
 SBP_C167       0.054         0.034         0.059        -0.029        -0.086


           Correlations
              EDU_C7        FEMALE        SBP_C167
              ________      ________      ________
 EDU_C7         1.000
 FEMALE        -0.089         1.000
 SBP_C167       0.013         0.067         1.000


     MAXIMUM LOG-LIKELIHOOD VALUE FOR THE UNRESTRICTED (H1) MODEL IS -10639.563


UNIVARIATE HIGHER-ORDER MOMENT DESCRIPTIVE STATISTICS


     UNIVARIATE HIGHER-ORDER MOMENT DESCRIPTIVE STATISTICS

         Variable/         Mean/     Skewness/   Minimum/ % with                Percentiles
        Sample Size      Variance    Kurtosis    Maximum  Min/Max      20%/60%    40%/80%    Median

     A_01                 29.553      -0.734       0.000    1.27%      16.000     26.000     30.000
             552.000     104.946      -0.167      44.000    3.08%      33.000     38.000
     A_02                 30.748      -0.641       0.000    1.15%      17.000     27.000     30.000
             434.000      92.432      -0.354      44.000    4.38%      33.000     38.000
     A_04                 29.979      -0.835       0.000    2.02%      13.000     25.000     30.000
             247.000     126.938      -0.140      44.000    6.48%      33.000     39.000
     A_05                 27.630      -0.509       1.000    0.56%      14.000     26.000     29.000
             177.000     108.155      -0.666      44.000    3.39%      31.000     36.000
     AGE_C80               3.380       1.340      -0.630    0.17%       0.904      1.842      2.460
             580.000       9.219       2.173      17.918    0.17%       3.334      5.866
     EDU_C7                0.290       1.892      -7.000    0.17%      -1.000     -1.000     -1.000
             580.000       5.710       5.070      13.000    0.17%       0.000      1.000
     FEMALE                0.661      -0.681       0.000   33.97%       0.000      1.000      1.000
             580.000       0.224      -1.536       1.000   66.03%       1.000      1.000
     SBP_C167             -6.346       0.389     -67.000    0.17%     -27.000    -12.000     -7.000
             580.000     505.296       0.717      93.000    0.17%      -7.000     13.000


THE MODEL ESTIMATION TERMINATED NORMALLY



MODEL FIT INFORMATION

Number of Free Parameters                       22

Loglikelihood

          H0 Value                       -3579.068
          H0 Scaling Correction Factor      1.0211
            for MLR

Information Criteria

          Akaike (AIC)                    7202.135
          Bayesian (BIC)                  7291.436
          Sample-Size Adjusted BIC        7221.621
            (n* = (n + 2) / 24)



MODEL RESULTS

                                                    Two-Tailed
                    Estimate       S.E.  Est./S.E.    P-Value

 IA         ON
    AGE_C80           -0.673      0.165     -4.086      0.000
    EDU_C7             1.586      0.153     10.378      0.000
    FEMALE            -3.642      0.953     -3.819      0.000
    SBP_C167           0.016      0.021      0.760      0.447

 SA         ON
    AGE_C80           -0.095      0.057     -1.679      0.093
    EDU_C7             0.003      0.051      0.068      0.946
    FEMALE             0.395      0.312      1.264      0.206
    SBP_C167           0.004      0.007      0.550      0.582

 QA         ON
    AGE_C80            0.006      0.008      0.712      0.476
    EDU_C7             0.001      0.008      0.083      0.934
    FEMALE            -0.035      0.044     -0.797      0.425
    SBP_C167          -0.001      0.001     -1.062      0.288

 IA       WITH
    SA                 2.506      1.800      1.392      0.164
    QA                -0.245      0.235     -1.043      0.297

 SA       WITH
    QA                -0.087      0.113     -0.774      0.439

 Intercepts
    A_01               0.000      0.000    999.000    999.000
    A_02               0.000      0.000    999.000    999.000
    A_04               0.000      0.000    999.000    999.000
    A_05               0.000      0.000    999.000    999.000
    IA                33.529      0.856     39.170      0.000
    SA                 0.612      0.281      2.176      0.030
    QA                -0.140      0.039     -3.634      0.000

 Residual Variances
    A_01              12.212      1.490      8.195      0.000
    A_02              12.212      1.490      8.195      0.000
    A_04              12.212      1.490      8.195      0.000
    A_05              12.212      1.490      8.195      0.000
    IA                68.695      6.248     10.995      0.000
    SA                 0.676      0.954      0.709      0.479
    QA                 0.019      0.015      1.291      0.197


QUALITY OF NUMERICAL RESULTS

     Condition Number for the Information Matrix              0.823E-06
       (ratio of smallest to largest eigenvalue)


CONFIDENCE INTERVALS OF MODEL RESULTS

                  Lower .5%  Lower 2.5%    Lower 5%    Estimate    Upper 5%  Upper 2.5%   Upper .5%

 IA       ON
    AGE_C80         -1.097      -0.995      -0.944      -0.673      -0.402      -0.350      -0.249
    EDU_C7           1.193       1.287       1.335       1.586       1.838       1.886       1.980
    FEMALE          -6.098      -5.510      -5.210      -3.642      -2.073      -1.773      -1.186
    SBP_C167        -0.039      -0.026      -0.019       0.016       0.051       0.058       0.071

 SA       ON
    AGE_C80         -0.242      -0.207      -0.189      -0.095      -0.002       0.016       0.051
    EDU_C7          -0.127      -0.096      -0.080       0.003       0.087       0.103       0.134
    FEMALE          -0.409      -0.217      -0.119       0.395       0.908       1.006       1.198
    SBP_C167        -0.013      -0.009      -0.007       0.004       0.014       0.016       0.020

 QA       ON
    AGE_C80         -0.014      -0.010      -0.007       0.006       0.018       0.021       0.025
    EDU_C7          -0.019      -0.015      -0.012       0.001       0.013       0.016       0.021
    FEMALE          -0.148      -0.121      -0.107      -0.035       0.037       0.051       0.078
    SBP_C167        -0.003      -0.003      -0.002      -0.001       0.001       0.001       0.001

 IA       WITH
    SA              -2.130      -1.021      -0.454       2.506       5.466       6.033       7.141
    QA              -0.849      -0.704      -0.630      -0.245       0.141       0.215       0.360

 SA       WITH
    QA              -0.377      -0.308      -0.272      -0.087       0.098       0.134       0.203

 Intercepts
    A_01             0.000       0.000       0.000       0.000       0.000       0.000       0.000
    A_02             0.000       0.000       0.000       0.000       0.000       0.000       0.000
    A_04             0.000       0.000       0.000       0.000       0.000       0.000       0.000
    A_05             0.000       0.000       0.000       0.000       0.000       0.000       0.000
    IA              31.324      31.851      32.121      33.529      34.937      35.207      35.734
    SA              -0.113       0.061       0.149       0.612       1.075       1.164       1.337
    QA              -0.240      -0.216      -0.204      -0.140      -0.077      -0.065      -0.041

 Residual Variances
    A_01             8.374       9.292       9.761      12.212      14.664      15.133      16.051
    A_02             8.374       9.292       9.761      12.212      14.664      15.133      16.051
    A_04             8.374       9.292       9.761      12.212      14.664      15.133      16.051
    A_05             8.374       9.292       9.761      12.212      14.664      15.133      16.051
    IA              52.602      56.450      58.418      68.695      78.973      80.941      84.788
    SA              -1.781      -1.194      -0.893       0.676       2.245       2.546       3.133
    QA              -0.019      -0.010      -0.005       0.019       0.043       0.047       0.056


SAMPLE STATISTICS FOR ESTIMATED FACTOR SCORES


     SAMPLE STATISTICS


           Means
              IA            IA_SE         SA            SA_SE         QA
              ________      ________      ________      ________      ________
 1             26.673         2.513         0.411         0.734        -0.133


           Means
              QA_SE
              ________
 1              0.124


           Covariances
              IA            IA_SE         SA            SA_SE         QA
              ________      ________      ________      ________      ________
 IA           112.444
 IA_SE         -1.488         0.197
 SA             3.954        -0.070         0.299
 SA_SE         -0.074         0.010        -0.004         0.001
 QA            -0.330         0.008        -0.028         0.000         0.005
 QA_SE         -0.036         0.003        -0.002         0.000         0.000


           Covariances
              QA_SE
              ________
 QA_SE          0.000


           Correlations
              IA            IA_SE         SA            SA_SE         QA
              ________      ________      ________      ________      ________
 IA             1.000
 IA_SE         -0.316         1.000
 SA             0.682        -0.290         1.000
 SA_SE         -0.294         0.904        -0.295         1.000
 QA            -0.430         0.242        -0.698         0.204         1.000
 QA_SE         -0.269         0.626        -0.354         0.769         0.218


           Correlations
              QA_SE
              ________
 QA_SE          1.000


RESULTS SAVING INFORMATION

  Order of data

    Parameter estimates
     (saved in order shown in Technical 1 output)
    Standard errors
     (saved in order shown in Technical 1 output)
    H0 Loglikelihood
    H0 Scaling Correction Factor for MLR
    Number of Free Parameters
    Akaike (AIC)
    Bayesian (BIC)
    Sample-Size Adjusted BIC

  Save file
    u2_1245_aefb_info_results.dat

  Save file format           Free


PLOT INFORMATION

The following plots are available:

  Histograms (sample values, estimated factor scores)
  Scatterplots (sample values, estimated factor scores)
  Latent variable distribution plots

SAVEDATA INFORMATION


  Save file
    u2_1245_aefb_info_fscores.dat

  Order and format of variables

    A_01           F10.3
    A_02           F10.3
    A_04           F10.3
    A_05           F10.3
    AGE_C80        F10.3
    EDU_C7         F10.3
    FEMALE         F10.3
    SBP_C167       F10.3
    TIME_01        F10.3
    TIME_02        F10.3
    TIME_04        F10.3
    TIME_05        F10.3
    _WEIGHT        F10.3
    IA             F10.3
    IA_SE          F10.3
    SA             F10.3
    SA_SE          F10.3
    QA             F10.3
    QA_SE          F10.3
    PAIRID         I6

  Save file format
    19F10.3 I6

  Save file record length    10000


     Beginning Time:  12:08:38
        Ending Time:  12:08:42
       Elapsed Time:  00:00:04



MUTHEN & MUTHEN
3463 Stoner Ave.
Los Angeles, CA  90066

Tel: (310) 391-9971
Fax: (310) 391-8971
Web: www.StatModel.com
Support: Support@StatModel.com

Copyright (c) 1998-2014 Muthen & Muthen
