Mplus VERSION 7.3
MUTHEN & MUTHEN
12/17/2016   6:24 PM

INPUT INSTRUCTIONS

  TITLE:
  Script produced from the prototype in ./sandbox/syntax-creator/
  DATA:
  File = wide-dataset.dat ;
  VARIABLE:
  NAMES are
   Case PairID female age_c80 edu_c7 sbp_c167 smoke cardio diabetes dementia_ever
      years_since_bl_01 years_since_bl_02 years_since_bl_03 years_since_bl_04
      years_since_bl_05 pef_01 pef_02 pef_03 pef_04 pef_05 grip_01 grip_02 grip_03
      grip_04 grip_05 gait_01 gait_02 gait_03 gait_04 gait_05 block_01 block_02
      block_03 block_04 block_05 digitspanbackward_01 digitspanbackward_02
      digitspanbackward_03 digitspanbackward_04 digitspanbackward_05
      digitspanforward_01 digitspanforward_02 digitspanforward_03 digitspanforward_04
      digitspanforward_05 symbol_01 symbol_02 symbol_03 symbol_04 symbol_05 prose_01
      prose_02 prose_03 prose_04 prose_05 info_01 info_02 info_03 info_04 info_05
      synonyms_01 synonyms_02 synonyms_03 synonyms_04 synonyms_05 psif_01 psif_02
      psif_03 psif_04 psif_05 figure_01 figure_02 figure_03 figure_04 figure_05
      mirrecall_01 mirrecall_02 mirrecall_03 mirrecall_04 mirrecall_05 mmse_01 mmse_02
      mmse_03 mmse_04 mmse_05 mirnaming_01 mirnaming_02 mirnaming_03 mirnaming_04
      mirnaming_05 mirrecog_01 mirrecog_02 mirrecog_03 mirrecog_04 mirrecog_05
      clock_01 clock_02 clock_03 clock_04 clock_05
  	;
  Missing are all (-9999);
  USEVARIABLES are
  	!define the variables used in the analysis
  	! covariates used in the model
  age_c80
  edu_c7	
  	!estimated time points
  time_01
  time_03
  time_04
  	!modelled time points of process (A)
  a_01
  a_03
  a_04
  ;
  TSCORES are
  	!estimated time points
  time_01
  time_03
  time_04;
  CLUSTER = PairID;
  SUBPOPULATION are
  	!select a subset of observations
  dementia_ever NE 1
  ;
  DEFINE:
  	! assign variables to the process (A)
  a_01 = info_01;
  a_03 = info_03;
  a_04 = info_04;
  	!assign variables to time points
  time_01 = years_since_bl_01;
  time_03 = years_since_bl_03;
  time_04 = years_since_bl_04;
  	
  ANALYSIS: TYPE = RANDOM COMPLEX;
  COVERAGE=.00;
  MODEL:
  	!first-level equation
  	! assign process (A) to time points
  ia sa qa | a_01 AT time_01 ;
  ia sa qa | a_03 AT time_03 ;
  ia sa qa | a_04 AT time_04 ;
  	!variance of the first-level terms
  ia (v_ia);
  sa (v_sa);
  qa (v_qa);
  	!covariance among first-level terms
  ia WITH sa (c_iasa);
  ia WITH qa (c_iaqa);
  sa WITH qa (c_saqa);
  	!second-level equation
  ia sa qa ON age_c80
  edu_c7;
  	!residual covariance of process (A)
  a_01 (res_a);
  a_03 (res_a);
  a_04 (res_a);	
  SAVEDATA:
  FILE is   u2_134_ae_info_fscores.dat;
  SAVE = FSCORES;
  RESULTS are   u2_134_ae_info_results.dat;
  	
  OUTPUT: sampstat cinterval;
  PLOT: Type is Plot1 Plot2 Plot3;



*** WARNING
  Data set contains cases with missing on x-variables.
  These cases were not included in the analysis.
  Number of cases with missing on x-variables:  46
*** WARNING
  Data set contains cases with missing on all variables except
  x-variables.  These cases were not included in the analysis.
  Number of cases with missing on all variables except x-variables:  63
   2 WARNING(S) FOUND IN THE INPUT INSTRUCTIONS




Script produced from the prototype in ./sandbox/syntax-creator/

SUMMARY OF ANALYSIS

Number of groups                                                 1
Number of observations                                         439

Number of dependent variables                                    3
Number of independent variables                                  2
Number of continuous latent variables                            3

Observed dependent variables

  Continuous
   A_01        A_03        A_04

Observed independent variables
   AGE_C80     EDU_C7

Continuous latent variables
   IA          SA          QA

Variables with special functions

  Cluster variable      PAIRID
  Weight variable       _WEIGHT

  Time scores
   TIME_01     TIME_03     TIME_04


Estimator                                                      MLR
Information matrix                                        OBSERVED
Maximum number of iterations                                   100
Convergence criterion                                    0.100D-05
Maximum number of EM iterations                                500
Convergence criteria for the EM algorithm
  Loglikelihood change                                   0.100D-02
  Relative loglikelihood change                          0.100D-05
  Derivative                                             0.100D-03
Minimum variance                                         0.100D-03
Maximum number of steepest descent iterations                   20
Maximum number of iterations for H1                           2000
Convergence criterion for H1                             0.100D-03
Optimization algorithm                                         EMA

Input data file(s)
  wide-dataset.dat
Input data format  FREE



SAMPLE STATISTICS


     ESTIMATED SAMPLE STATISTICS


           Means
              A_01          A_03          A_04          AGE_C80       EDU_C7
              ________      ________      ________      ________      ________
 1             29.169        28.470        27.562         3.352         0.305


           Covariances
              A_01          A_03          A_04          AGE_C80       EDU_C7
              ________      ________      ________      ________      ________
 A_01         109.325
 A_03         102.646       131.963
 A_04         108.152       128.621       149.973
 AGE_C80       -7.155        -9.425       -10.850         9.452
 EDU_C7        10.306        10.812        10.998        -0.505         5.770


           Correlations
              A_01          A_03          A_04          AGE_C80       EDU_C7
              ________      ________      ________      ________      ________
 A_01           1.000
 A_03           0.855         1.000
 A_04           0.845         0.914         1.000
 AGE_C80       -0.223        -0.267        -0.288         1.000
 EDU_C7         0.410         0.392         0.374        -0.068         1.000


     MAXIMUM LOG-LIKELIHOOD VALUE FOR THE UNRESTRICTED (H1) MODEL IS -6923.576


UNIVARIATE HIGHER-ORDER MOMENT DESCRIPTIVE STATISTICS


     UNIVARIATE HIGHER-ORDER MOMENT DESCRIPTIVE STATISTICS

         Variable/         Mean/     Skewness/   Minimum/ % with                Percentiles
        Sample Size      Variance    Kurtosis    Maximum  Min/Max      20%/60%    40%/80%    Median

     A_01                 29.278      -0.719       0.000    1.39%      15.000     26.000     30.000
             577.000     108.313      -0.208      44.000    3.29%      33.000     38.000
     A_03                 30.041      -0.676       0.000    0.59%      14.000     26.000     30.000
             340.000     116.859      -0.497      44.000    5.88%      33.000     39.000
     A_04                 29.919      -0.823       0.000    2.00%      14.000     25.000     29.500
             250.000     125.740      -0.143      44.000    6.40%      33.000     39.000
     AGE_C80               3.352       1.477      -0.630    0.17%       0.912      1.842      2.463
             593.000       9.452       2.870      17.918    0.17%       3.314      5.866
     EDU_C7                0.305       1.876      -7.000    0.17%      -1.000     -1.000     -1.000
             593.000       5.770       4.929      13.000    0.17%       0.000      1.000


THE MODEL ESTIMATION TERMINATED NORMALLY



MODEL FIT INFORMATION

Number of Free Parameters                       16

Loglikelihood

          H0 Value                       -3001.929
          H0 Scaling Correction Factor      0.9554
            for MLR

Information Criteria

          Akaike (AIC)                    6035.858
          Bayesian (BIC)                  6101.210
          Sample-Size Adjusted BIC        6050.433
            (n* = (n + 2) / 24)



MODEL RESULTS

                                                    Two-Tailed
                    Estimate       S.E.  Est./S.E.    P-Value

 IA         ON
    AGE_C80           -0.665      0.158     -4.196      0.000
    EDU_C7             1.728      0.145     11.899      0.000

 SA         ON
    AGE_C80           -0.047      0.072     -0.657      0.511
    EDU_C7             0.022      0.060      0.362      0.717

 QA         ON
    AGE_C80           -0.003      0.012     -0.228      0.819
    EDU_C7            -0.001      0.010     -0.134      0.894

 IA       WITH
    SA                -4.453      2.484     -1.792      0.073
    QA                 0.646      0.385      1.676      0.094

 SA       WITH
    QA                -1.497      0.534     -2.802      0.005

 Intercepts
    A_01               0.000      0.000    999.000    999.000
    A_03               0.000      0.000    999.000    999.000
    A_04               0.000      0.000    999.000    999.000
    IA                30.869      0.709     43.553      0.000
    SA                 0.179      0.324      0.554      0.580
    QA                -0.037      0.055     -0.676      0.499

 Residual Variances
    A_01               1.773      3.300      0.537      0.591
    A_03               1.773      3.300      0.537      0.591
    A_04               1.773      3.300      0.537      0.591
    IA                85.030      7.390     11.506      0.000
    SA                 9.928      3.252      3.053      0.002
    QA                 0.252      0.092      2.728      0.006


QUALITY OF NUMERICAL RESULTS

     Condition Number for the Information Matrix              0.262E-06
       (ratio of smallest to largest eigenvalue)


CONFIDENCE INTERVALS OF MODEL RESULTS

                  Lower .5%  Lower 2.5%    Lower 5%    Estimate    Upper 5%  Upper 2.5%   Upper .5%

 IA       ON
    AGE_C80         -1.073      -0.975      -0.925      -0.665      -0.404      -0.354      -0.257
    EDU_C7           1.354       1.443       1.489       1.728       1.966       2.012       2.102

 SA       ON
    AGE_C80         -0.233      -0.189      -0.166      -0.047       0.071       0.094       0.138
    EDU_C7          -0.132      -0.095      -0.076       0.022       0.119       0.138       0.175

 QA       ON
    AGE_C80         -0.032      -0.025      -0.022      -0.003       0.016       0.020       0.027
    EDU_C7          -0.027      -0.021      -0.018      -0.001       0.015       0.018       0.025

 IA       WITH
    SA             -10.853      -9.323      -8.540      -4.453      -0.366       0.416       1.946
    QA              -0.346      -0.109       0.012       0.646       1.279       1.401       1.638

 SA       WITH
    QA              -2.872      -2.543      -2.375      -1.497      -0.618      -0.450      -0.121

 Intercepts
    A_01             0.000       0.000       0.000       0.000       0.000       0.000       0.000
    A_03             0.000       0.000       0.000       0.000       0.000       0.000       0.000
    A_04             0.000       0.000       0.000       0.000       0.000       0.000       0.000
    IA              29.044      29.480      29.703      30.869      32.035      32.258      32.695
    SA              -0.654      -0.455      -0.353       0.179       0.711       0.813       1.012
    QA              -0.179      -0.145      -0.128      -0.037       0.053       0.071       0.104

 Residual Variances
    A_01            -6.727      -4.694      -3.655       1.773       7.202       8.241      10.273
    A_03            -6.727      -4.694      -3.655       1.773       7.202       8.241      10.273
    A_04            -6.727      -4.694      -3.655       1.773       7.202       8.241      10.273
    IA              65.994      70.545      72.873      85.030      97.187      99.515     104.066
    SA               1.551       3.554       4.578       9.928      15.277      16.302      18.304
    QA               0.014       0.071       0.100       0.252       0.403       0.432       0.489


SAMPLE STATISTICS FOR ESTIMATED FACTOR SCORES


     SAMPLE STATISTICS


           Means
              IA            IA_SE         SA            SA_SE         QA
              ________      ________      ________      ________      ________
 1             26.889         1.403        -0.205         2.109        -0.035


           Means
              QA_SE
              ________
 1              0.357


           Covariances
              IA            IA_SE         SA            SA_SE         QA
              ________      ________      ________      ________      ________
 IA           133.469
 IA_SE         -0.642         0.388
 SA            -3.792        -0.014         6.440
 SA_SE         -2.626         0.083         0.178         0.826
 QA             0.617        -0.002        -0.885        -0.021         0.138
 QA_SE         -0.400         0.009         0.004         0.122         0.000


           Covariances
              QA_SE
              ________
 QA_SE          0.019


           Correlations
              IA            IA_SE         SA            SA_SE         QA
              ________      ________      ________      ________      ________
 IA             1.000
 IA_SE         -0.089         1.000
 SA            -0.129        -0.009         1.000
 SA_SE         -0.250         0.147         0.077         1.000
 QA             0.144        -0.007        -0.938        -0.063         1.000
 QA_SE         -0.249         0.101         0.012         0.963        -0.004


           Correlations
              QA_SE
              ________
 QA_SE          1.000


RESULTS SAVING INFORMATION

  Order of data

    Parameter estimates
     (saved in order shown in Technical 1 output)
    Standard errors
     (saved in order shown in Technical 1 output)
    H0 Loglikelihood
    H0 Scaling Correction Factor for MLR
    Number of Free Parameters
    Akaike (AIC)
    Bayesian (BIC)
    Sample-Size Adjusted BIC

  Save file
    u2_134_ae_info_results.dat

  Save file format           Free


PLOT INFORMATION

The following plots are available:

  Histograms (sample values, estimated factor scores)
  Scatterplots (sample values, estimated factor scores)
  Latent variable distribution plots

SAVEDATA INFORMATION


  Save file
    u2_134_ae_info_fscores.dat

  Order and format of variables

    A_01           F10.3
    A_03           F10.3
    A_04           F10.3
    AGE_C80        F10.3
    EDU_C7         F10.3
    TIME_01        F10.3
    TIME_03        F10.3
    TIME_04        F10.3
    _WEIGHT        F10.3
    IA             F10.3
    IA_SE          F10.3
    SA             F10.3
    SA_SE          F10.3
    QA             F10.3
    QA_SE          F10.3
    PAIRID         I6

  Save file format
    15F10.3 I6

  Save file record length    10000


     Beginning Time:  18:24:42
        Ending Time:  18:24:43
       Elapsed Time:  00:00:01



MUTHEN & MUTHEN
3463 Stoner Ave.
Los Angeles, CA  90066

Tel: (310) 391-9971
Fax: (310) 391-8971
Web: www.StatModel.com
Support: Support@StatModel.com

Copyright (c) 1998-2014 Muthen & Muthen
