Mplus VERSION 7.3
MUTHEN & MUTHEN
12/17/2016  11:42 AM

INPUT INSTRUCTIONS

  TITLE:
  Script produced from the prototype in ./sandbox/syntax-creator/
  DATA:
  File = wide-dataset.dat ;
  VARIABLE:
  NAMES are
   Case PairID female age_c80 edu_c7 sbp_c167 smoke cardio diabetes dementia_ever
      years_since_bl_01 years_since_bl_02 years_since_bl_03 years_since_bl_04
      years_since_bl_05 pef_01 pef_02 pef_03 pef_04 pef_05 grip_01 grip_02 grip_03
      grip_04 grip_05 gait_01 gait_02 gait_03 gait_04 gait_05 block_01 block_02
      block_03 block_04 block_05 digitspanbackward_01 digitspanbackward_02
      digitspanbackward_03 digitspanbackward_04 digitspanbackward_05
      digitspanforward_01 digitspanforward_02 digitspanforward_03 digitspanforward_04
      digitspanforward_05 symbol_01 symbol_02 symbol_03 symbol_04 symbol_05 prose_01
      prose_02 prose_03 prose_04 prose_05 info_01 info_02 info_03 info_04 info_05
      synonyms_01 synonyms_02 synonyms_03 synonyms_04 synonyms_05 psif_01 psif_02
      psif_03 psif_04 psif_05 figure_01 figure_02 figure_03 figure_04 figure_05
      mirrecall_01 mirrecall_02 mirrecall_03 mirrecall_04 mirrecall_05 mmse_01 mmse_02
      mmse_03 mmse_04 mmse_05 mirnaming_01 mirnaming_02 mirnaming_03 mirnaming_04
      mirnaming_05 mirrecog_01 mirrecog_02 mirrecog_03 mirrecog_04 mirrecog_05
      clock_01 clock_02 clock_03 clock_04 clock_05
  	;
  Missing are all (-9999);
  USEVARIABLES are
  	!define the variables used in the analysis
  	! covariates used in the model
  age_c80
  edu_c7	
  	!estimated time points
  time_01
  time_02
  time_03
  time_05
  	!modelled time points of process (A)
  a_01
  a_02
  a_03
  a_05
  ;
  TSCORES are
  	!estimated time points
  time_01
  time_02
  time_03
  time_05;
  CLUSTER = PairID;
  SUBPOPULATION are
  	!select a subset of observations
  dementia_ever NE 1
  ;
  DEFINE:
  	! assign variables to the process (A)
  a_01 = pef_01;
  a_02 = pef_02;
  a_03 = pef_03;
  a_05 = pef_05;
  	!assign variables to time points
  time_01 = years_since_bl_01;
  time_02 = years_since_bl_02;
  time_03 = years_since_bl_03;
  time_05 = years_since_bl_05;
  	
  ANALYSIS: TYPE = RANDOM COMPLEX;
  COVERAGE=.00;
  MODEL:
  	!first-level equation
  	! assign process (A) to time points
  ia sa | a_01 AT time_01 ;
  ia sa | a_02 AT time_02 ;
  ia sa | a_03 AT time_03 ;
  ia sa | a_05 AT time_05 ;
  	!variance of the first-level terms
  ia (v_ia);
  sa (v_sa);
  	!covariance among first-level terms
  ia WITH sa (c_iasa);
  	!second-level equation
  ia sa ON age_c80
  edu_c7;
  	!residual covariance of process (A)
  a_01 (res_a);
  a_02 (res_a);
  a_03 (res_a);
  a_05 (res_a);	
  SAVEDATA:
  FILE is   u1_1235_ae_pef_fscores.dat;
  SAVE = FSCORES;
  RESULTS are   u1_1235_ae_pef_results.dat;
  	
  OUTPUT: sampstat cinterval;
  PLOT: Type is Plot1 Plot2 Plot3;



*** WARNING
  Data set contains cases with missing on x-variables.
  These cases were not included in the analysis.
  Number of cases with missing on x-variables:  46
*** WARNING
  Data set contains cases with missing on all variables except
  x-variables.  These cases were not included in the analysis.
  Number of cases with missing on all variables except x-variables:  161
   2 WARNING(S) FOUND IN THE INPUT INSTRUCTIONS




Script produced from the prototype in ./sandbox/syntax-creator/

SUMMARY OF ANALYSIS

Number of groups                                                 1
Number of observations                                         379

Number of dependent variables                                    4
Number of independent variables                                  2
Number of continuous latent variables                            2

Observed dependent variables

  Continuous
   A_01        A_02        A_03        A_05

Observed independent variables
   AGE_C80     EDU_C7

Continuous latent variables
   IA          SA

Variables with special functions

  Cluster variable      PAIRID
  Weight variable       _WEIGHT

  Time scores
   TIME_01     TIME_02     TIME_03     TIME_05


Estimator                                                      MLR
Information matrix                                        OBSERVED
Maximum number of iterations                                   100
Convergence criterion                                    0.100D-05
Maximum number of EM iterations                                500
Convergence criteria for the EM algorithm
  Loglikelihood change                                   0.100D-02
  Relative loglikelihood change                          0.100D-05
  Derivative                                             0.100D-03
Minimum variance                                         0.100D-03
Maximum number of steepest descent iterations                   20
Maximum number of iterations for H1                           2000
Convergence criterion for H1                             0.100D-03
Optimization algorithm                                         EMA

Input data file(s)
  wide-dataset.dat
Input data format  FREE



SAMPLE STATISTICS


     ESTIMATED SAMPLE STATISTICS


           Means
              A_01          A_02          A_03          A_05          AGE_C80
              ________      ________      ________      ________      ________
 1            320.590       329.720       313.882       263.078         2.931


           Means
              EDU_C7
              ________
 1              0.354


           Covariances
              A_01          A_02          A_03          A_05          AGE_C80
              ________      ________      ________      ________      ________
 A_01       11325.842
 A_02        9071.024     11785.274
 A_03        7999.925      8136.608      9749.882
 A_05        6969.799      8176.263      6992.018     10018.568
 AGE_C80      -58.241       -50.247       -33.576       -14.108         6.795
 EDU_C7        52.807        18.124        31.287        27.790        -0.305


           Covariances
              EDU_C7
              ________
 EDU_C7         6.017


           Correlations
              A_01          A_02          A_03          A_05          AGE_C80
              ________      ________      ________      ________      ________
 A_01           1.000
 A_02           0.785         1.000
 A_03           0.761         0.759         1.000
 A_05           0.654         0.752         0.707         1.000
 AGE_C80       -0.210        -0.178        -0.130        -0.054         1.000
 EDU_C7         0.202         0.068         0.129         0.113        -0.048


           Correlations
              EDU_C7
              ________
 EDU_C7         1.000


     MAXIMUM LOG-LIKELIHOOD VALUE FOR THE UNRESTRICTED (H1) MODEL IS -9259.086


UNIVARIATE HIGHER-ORDER MOMENT DESCRIPTIVE STATISTICS


     UNIVARIATE HIGHER-ORDER MOMENT DESCRIPTIVE STATISTICS

         Variable/         Mean/     Skewness/   Minimum/ % with                Percentiles
        Sample Size      Variance    Kurtosis    Maximum  Min/Max      20%/60%    40%/80%    Median

     A_01                325.306       0.143      90.000    0.23%     230.000    300.000    310.000
             444.000   11299.250      -0.209     620.000    0.23%     350.000    400.000
     A_02                340.278       0.291      90.000    0.29%     250.000    300.000    330.000
             350.000   11451.867      -0.010     680.000    0.29%     350.000    430.000
     A_03                331.041       0.206      60.000    0.41%     250.000    300.000    320.000
             241.000    9299.044      -0.375     600.000    0.41%     350.000    420.000
     A_05                278.973       0.863      60.000    0.81%     200.000    250.000    250.000
             124.000    9205.419       1.024     630.000    0.81%     270.000    350.000
     AGE_C80               2.931       1.066      -0.630    0.20%       0.823      1.519      2.085
             495.000       6.795       0.509      12.937    0.20%       2.768      5.153
     EDU_C7                0.354       2.344      -5.000    0.40%      -1.000     -1.000     -1.000
             495.000       6.017       7.973      16.000    0.20%       0.000      1.000


THE MODEL ESTIMATION TERMINATED NORMALLY



MODEL FIT INFORMATION

Number of Free Parameters                       10

Loglikelihood

          H0 Value                       -5339.000
          H0 Scaling Correction Factor      1.2424
            for MLR

Information Criteria

          Akaike (AIC)                   10698.000
          Bayesian (BIC)                 10737.376
          Sample-Size Adjusted BIC       10705.648
            (n* = (n + 2) / 24)



MODEL RESULTS

                                                    Two-Tailed
                    Estimate       S.E.  Est./S.E.    P-Value

 IA         ON
    AGE_C80           -8.800      2.254     -3.904      0.000
    EDU_C7             6.900      2.126      3.246      0.001

 SA         ON
    AGE_C80            0.998      0.386      2.583      0.010
    EDU_C7            -0.478      0.391     -1.221      0.222

 IA       WITH
    SA              -172.644     87.563     -1.972      0.049

 Intercepts
    A_01               0.000      0.000    999.000    999.000
    A_02               0.000      0.000    999.000    999.000
    A_03               0.000      0.000    999.000    999.000
    A_05               0.000      0.000    999.000    999.000
    IA               353.061      9.210     38.335      0.000
    SA                -9.063      1.154     -7.856      0.000

 Residual Variances
    A_01            2623.217    269.667      9.728      0.000
    A_02            2623.217    269.667      9.728      0.000
    A_03            2623.217    269.667      9.728      0.000
    A_05            2623.217    269.667      9.728      0.000
    IA              8522.410    756.786     11.261      0.000
    SA                23.841     13.819      1.725      0.084


QUALITY OF NUMERICAL RESULTS

     Condition Number for the Information Matrix              0.377E-03
       (ratio of smallest to largest eigenvalue)


CONFIDENCE INTERVALS OF MODEL RESULTS

                  Lower .5%  Lower 2.5%    Lower 5%    Estimate    Upper 5%  Upper 2.5%   Upper .5%

 IA       ON
    AGE_C80        -14.606     -13.218     -12.508      -8.800      -5.093      -4.383      -2.995
    EDU_C7           1.424       2.733       3.403       6.900      10.396      11.066      12.375

 SA       ON
    AGE_C80          0.003       0.241       0.362       0.998       1.634       1.755       1.993
    EDU_C7          -1.486      -1.245      -1.121      -0.478       0.166       0.289       0.530

 IA       WITH
    SA            -398.188    -344.267    -316.685    -172.644     -28.603      -1.021      52.900

 Intercepts
    A_01             0.000       0.000       0.000       0.000       0.000       0.000       0.000
    A_02             0.000       0.000       0.000       0.000       0.000       0.000       0.000
    A_03             0.000       0.000       0.000       0.000       0.000       0.000       0.000
    A_05             0.000       0.000       0.000       0.000       0.000       0.000       0.000
    IA             329.338     335.010     337.911     353.061     368.211     371.112     376.784
    SA             -12.035     -11.324     -10.961      -9.063      -7.165      -6.802      -6.091

 Residual Variances
    A_01          1928.609    2094.670    2179.615    2623.217    3066.818    3151.763    3317.824
    A_02          1928.609    2094.670    2179.615    2623.217    3066.818    3151.763    3317.824
    A_03          1928.609    2094.670    2179.615    2623.217    3066.818    3151.763    3317.824
    A_05          1928.609    2094.670    2179.615    2623.217    3066.818    3151.763    3317.824
    IA            6573.080    7039.109    7277.497    8522.410    9767.323   10005.711   10471.740
    SA             -11.755      -3.245       1.108      23.841      46.574      50.927      59.437


SAMPLE STATISTICS FOR ESTIMATED FACTOR SCORES


     SAMPLE STATISTICS


           Means
              IA            IA_SE         SA            SA_SE
              ________      ________      ________      ________
 1            324.288        36.155        -6.132         4.504


           Covariances
              IA            IA_SE         SA            SA_SE
              ________      ________      ________      ________
 IA          8233.914
 IA_SE       -197.070        46.245
 SA          -206.603         6.287        11.945
 SA_SE         -4.062         0.826         0.165         0.034


           Correlations
              IA            IA_SE         SA            SA_SE
              ________      ________      ________      ________
 IA             1.000
 IA_SE         -0.319         1.000
 SA            -0.659         0.267         1.000
 SA_SE         -0.244         0.661         0.260         1.000


RESULTS SAVING INFORMATION

  Order of data

    Parameter estimates
     (saved in order shown in Technical 1 output)
    Standard errors
     (saved in order shown in Technical 1 output)
    H0 Loglikelihood
    H0 Scaling Correction Factor for MLR
    Number of Free Parameters
    Akaike (AIC)
    Bayesian (BIC)
    Sample-Size Adjusted BIC

  Save file
    u1_1235_ae_pef_results.dat

  Save file format           Free


PLOT INFORMATION

The following plots are available:

  Histograms (sample values, estimated factor scores)
  Scatterplots (sample values, estimated factor scores)
  Latent variable distribution plots

SAVEDATA INFORMATION


  Save file
    u1_1235_ae_pef_fscores.dat

  Order and format of variables

    A_01           F10.3
    A_02           F10.3
    A_03           F10.3
    A_05           F10.3
    AGE_C80        F10.3
    EDU_C7         F10.3
    TIME_01        F10.3
    TIME_02        F10.3
    TIME_03        F10.3
    TIME_05        F10.3
    _WEIGHT        F10.3
    IA             F10.3
    IA_SE          F10.3
    SA             F10.3
    SA_SE          F10.3
    PAIRID         I5

  Save file format
    15F10.3 I5

  Save file record length    10000


     Beginning Time:  11:42:36
        Ending Time:  11:42:37
       Elapsed Time:  00:00:01



MUTHEN & MUTHEN
3463 Stoner Ave.
Los Angeles, CA  90066

Tel: (310) 391-9971
Fax: (310) 391-8971
Web: www.StatModel.com
Support: Support@StatModel.com

Copyright (c) 1998-2014 Muthen & Muthen
