Mplus VERSION 7.3
MUTHEN & MUTHEN
12/17/2016   5:17 PM

INPUT INSTRUCTIONS

  TITLE:
  Script produced from the prototype in ./sandbox/syntax-creator/
  DATA:
  File = wide-dataset.dat ;
  VARIABLE:
  NAMES are
   Case PairID female age_c80 edu_c7 sbp_c167 smoke cardio diabetes dementia_ever
      years_since_bl_01 years_since_bl_02 years_since_bl_03 years_since_bl_04
      years_since_bl_05 pef_01 pef_02 pef_03 pef_04 pef_05 grip_01 grip_02 grip_03
      grip_04 grip_05 gait_01 gait_02 gait_03 gait_04 gait_05 block_01 block_02
      block_03 block_04 block_05 digitspanbackward_01 digitspanbackward_02
      digitspanbackward_03 digitspanbackward_04 digitspanbackward_05
      digitspanforward_01 digitspanforward_02 digitspanforward_03 digitspanforward_04
      digitspanforward_05 symbol_01 symbol_02 symbol_03 symbol_04 symbol_05 prose_01
      prose_02 prose_03 prose_04 prose_05 info_01 info_02 info_03 info_04 info_05
      synonyms_01 synonyms_02 synonyms_03 synonyms_04 synonyms_05 psif_01 psif_02
      psif_03 psif_04 psif_05 figure_01 figure_02 figure_03 figure_04 figure_05
      mirrecall_01 mirrecall_02 mirrecall_03 mirrecall_04 mirrecall_05 mmse_01 mmse_02
      mmse_03 mmse_04 mmse_05 mirnaming_01 mirnaming_02 mirnaming_03 mirnaming_04
      mirnaming_05 mirrecog_01 mirrecog_02 mirrecog_03 mirrecog_04 mirrecog_05
      clock_01 clock_02 clock_03 clock_04 clock_05
  	;
  Missing are all (-9999);
  USEVARIABLES are
  	!define the variables used in the analysis
  	! covariates used in the model
  age_c80
  edu_c7
  female	
  	!estimated time points
  time_01
  time_03
  time_05
  	!modelled time points of process (A)
  a_01
  a_03
  a_05
  ;
  TSCORES are
  	!estimated time points
  time_01
  time_03
  time_05;
  CLUSTER = PairID;
  SUBPOPULATION are
  	!select a subset of observations
  dementia_ever NE 1
  ;
  DEFINE:
  	! assign variables to the process (A)
  a_01 = pef_01;
  a_03 = pef_03;
  a_05 = pef_05;
  	!assign variables to time points
  time_01 = years_since_bl_01;
  time_03 = years_since_bl_03;
  time_05 = years_since_bl_05;
  	
  ANALYSIS: TYPE = RANDOM COMPLEX;
  COVERAGE=.00;
  MODEL:
  	!first-level equation
  	! assign process (A) to time points
  ia sa | a_01 AT time_01 ;
  ia sa | a_03 AT time_03 ;
  ia sa | a_05 AT time_05 ;
  	!variance of the first-level terms
  ia (v_ia);
  sa (v_sa);
  	!covariance among first-level terms
  ia WITH sa (c_iasa);
  	!second-level equation
  ia sa ON age_c80
  edu_c7
  female;
  	!residual covariance of process (A)
  a_01 (res_a);
  a_03 (res_a);
  a_05 (res_a);	
  SAVEDATA:
  FILE is   u1_135_aef_pef_fscores.dat;
  SAVE = FSCORES;
  RESULTS are   u1_135_aef_pef_results.dat;
  	
  OUTPUT: sampstat cinterval;
  PLOT: Type is Plot1 Plot2 Plot3;



*** WARNING
  Data set contains cases with missing on x-variables.
  These cases were not included in the analysis.
  Number of cases with missing on x-variables:  46
*** WARNING
  Data set contains cases with missing on all variables except
  x-variables.  These cases were not included in the analysis.
  Number of cases with missing on all variables except x-variables:  186
   2 WARNING(S) FOUND IN THE INPUT INSTRUCTIONS




Script produced from the prototype in ./sandbox/syntax-creator/

SUMMARY OF ANALYSIS

Number of groups                                                 1
Number of observations                                         364

Number of dependent variables                                    3
Number of independent variables                                  3
Number of continuous latent variables                            2

Observed dependent variables

  Continuous
   A_01        A_03        A_05

Observed independent variables
   AGE_C80     EDU_C7      FEMALE

Continuous latent variables
   IA          SA

Variables with special functions

  Cluster variable      PAIRID
  Weight variable       _WEIGHT

  Time scores
   TIME_01     TIME_03     TIME_05


Estimator                                                      MLR
Information matrix                                        OBSERVED
Maximum number of iterations                                   100
Convergence criterion                                    0.100D-05
Maximum number of EM iterations                                500
Convergence criteria for the EM algorithm
  Loglikelihood change                                   0.100D-02
  Relative loglikelihood change                          0.100D-05
  Derivative                                             0.100D-03
Minimum variance                                         0.100D-03
Maximum number of steepest descent iterations                   20
Maximum number of iterations for H1                           2000
Convergence criterion for H1                             0.100D-03
Optimization algorithm                                         EMA

Input data file(s)
  wide-dataset.dat
Input data format  FREE



SAMPLE STATISTICS


     ESTIMATED SAMPLE STATISTICS


           Means
              A_01          A_03          A_05          AGE_C80       EDU_C7
              ________      ________      ________      ________      ________
 1            323.109       317.935       265.840         2.905         0.321


           Means
              FEMALE
              ________
 1              0.659


           Covariances
              A_01          A_03          A_05          AGE_C80       EDU_C7
              ________      ________      ________      ________      ________
 A_01       11364.272
 A_03        8099.833      9613.485
 A_05        7208.492      7039.939     10019.760
 AGE_C80      -55.082       -35.420       -18.692         6.724
 EDU_C7        59.130        37.243        33.627        -0.370         5.938
 FEMALE       -23.814       -19.886       -15.626         0.084        -0.135


           Covariances
              FEMALE
              ________
 FEMALE         0.225


           Correlations
              A_01          A_03          A_05          AGE_C80       EDU_C7
              ________      ________      ________      ________      ________
 A_01           1.000
 A_03           0.775         1.000
 A_05           0.676         0.717         1.000
 AGE_C80       -0.199        -0.139        -0.072         1.000
 EDU_C7         0.228         0.156         0.138        -0.058         1.000
 FEMALE        -0.471        -0.428        -0.329         0.068        -0.117


           Correlations
              FEMALE
              ________
 FEMALE         1.000


     MAXIMUM LOG-LIKELIHOOD VALUE FOR THE UNRESTRICTED (H1) MODEL IS -7367.722


UNIVARIATE HIGHER-ORDER MOMENT DESCRIPTIVE STATISTICS


     UNIVARIATE HIGHER-ORDER MOMENT DESCRIPTIVE STATISTICS

         Variable/         Mean/     Skewness/   Minimum/ % with                Percentiles
        Sample Size      Variance    Kurtosis    Maximum  Min/Max      20%/60%    40%/80%    Median

     A_01                325.306       0.143      90.000    0.23%     230.000    300.000    310.000
             444.000   11299.250      -0.209     620.000    0.23%     350.000    400.000
     A_03                331.041       0.206      60.000    0.41%     250.000    300.000    320.000
             241.000    9299.044      -0.375     600.000    0.41%     350.000    420.000
     A_05                278.973       0.863      60.000    0.81%     200.000    250.000    250.000
             124.000    9205.419       1.024     630.000    0.81%     270.000    350.000
     AGE_C80               2.905       1.093      -0.630    0.21%       0.823      1.506      1.994
             470.000       6.724       0.613      12.937    0.21%       2.696      5.146
     EDU_C7                0.321       2.460      -5.000    0.43%      -1.000     -1.000     -1.000
             470.000       5.938       8.628      16.000    0.21%       0.000      1.000
     FEMALE                0.659      -0.672       0.000   35.11%       0.000      1.000      1.000
             470.000       0.225      -1.548       1.000   64.89%       1.000      1.000


THE MODEL ESTIMATION TERMINATED NORMALLY



MODEL FIT INFORMATION

Number of Free Parameters                       12

Loglikelihood

          H0 Value                       -3773.914
          H0 Scaling Correction Factor      1.1288
            for MLR

Information Criteria

          Akaike (AIC)                    7571.827
          Bayesian (BIC)                  7618.593
          Sample-Size Adjusted BIC        7580.522
            (n* = (n + 2) / 24)



MODEL RESULTS

                                                    Two-Tailed
                    Estimate       S.E.  Est./S.E.    P-Value

 IA         ON
    AGE_C80           -6.870      2.019     -3.403      0.001
    EDU_C7             7.143      1.627      4.391      0.000
    FEMALE           -98.799     11.766     -8.397      0.000

 SA         ON
    AGE_C80            0.829      0.393      2.109      0.035
    EDU_C7            -0.499      0.406     -1.228      0.220
    FEMALE             3.308      1.908      1.734      0.083

 IA       WITH
    SA              -101.703     89.518     -1.136      0.256

 Intercepts
    A_01               0.000      0.000    999.000    999.000
    A_03               0.000      0.000    999.000    999.000
    A_05               0.000      0.000    999.000    999.000
    IA               410.012     11.929     34.372      0.000
    SA               -10.186      1.853     -5.496      0.000

 Residual Variances
    A_01            2483.329    298.609      8.316      0.000
    A_03            2483.329    298.609      8.316      0.000
    A_05            2483.329    298.609      8.316      0.000
    IA              5838.473    670.469      8.708      0.000
    SA                25.689     15.264      1.683      0.092


QUALITY OF NUMERICAL RESULTS

     Condition Number for the Information Matrix              0.106E-03
       (ratio of smallest to largest eigenvalue)


CONFIDENCE INTERVALS OF MODEL RESULTS

                  Lower .5%  Lower 2.5%    Lower 5%    Estimate    Upper 5%  Upper 2.5%   Upper .5%

 IA       ON
    AGE_C80        -12.071     -10.827     -10.191      -6.870      -3.549      -2.913      -1.670
    EDU_C7           2.952       3.954       4.467       7.143       9.818      10.331      11.333
    FEMALE        -129.106    -121.861    -118.154     -98.799     -79.443     -75.737     -68.491

 SA       ON
    AGE_C80         -0.184       0.059       0.182       0.829       1.476       1.600       1.842
    EDU_C7          -1.546      -1.296      -1.168      -0.499       0.170       0.298       0.548
    FEMALE          -1.606      -0.431       0.169       3.308       6.446       7.047       8.222

 IA       WITH
    SA            -332.284    -277.159    -248.961    -101.703      45.555      73.753     128.879

 Intercepts
    A_01             0.000       0.000       0.000       0.000       0.000       0.000       0.000
    A_03             0.000       0.000       0.000       0.000       0.000       0.000       0.000
    A_05             0.000       0.000       0.000       0.000       0.000       0.000       0.000
    IA             379.286     386.631     390.389     410.012     429.635     433.392     440.738
    SA             -14.960     -13.818     -13.235     -10.186      -7.137      -6.554      -5.412

 Residual Variances
    A_01          1714.171    1898.054    1992.116    2483.329    2974.541    3068.603    3252.487
    A_03          1714.171    1898.054    1992.116    2483.329    2974.541    3068.603    3252.487
    A_05          1714.171    1898.054    1992.116    2483.329    2974.541    3068.603    3252.487
    IA            4111.478    4524.353    4735.551    5838.473    6941.396    7152.593    7565.468
    SA             -13.630      -4.230       0.579      25.689      50.799      55.607      65.007


SAMPLE STATISTICS FOR ESTIMATED FACTOR SCORES


     SAMPLE STATISTICS


           Means
              IA            IA_SE         SA            SA_SE
              ________      ________      ________      ________
 1            322.849        37.813        -5.650         4.785


           Covariances
              IA            IA_SE         SA            SA_SE
              ________      ________      ________      ________
 IA          7788.465
 IA_SE       -104.489        22.200
 SA          -210.043         3.194        12.421
 SA_SE         -3.969         0.868         0.161         0.054


           Correlations
              IA            IA_SE         SA            SA_SE
              ________      ________      ________      ________
 IA             1.000
 IA_SE         -0.251         1.000
 SA            -0.675         0.192         1.000
 SA_SE         -0.193         0.790         0.196         1.000


RESULTS SAVING INFORMATION

  Order of data

    Parameter estimates
     (saved in order shown in Technical 1 output)
    Standard errors
     (saved in order shown in Technical 1 output)
    H0 Loglikelihood
    H0 Scaling Correction Factor for MLR
    Number of Free Parameters
    Akaike (AIC)
    Bayesian (BIC)
    Sample-Size Adjusted BIC

  Save file
    u1_135_aef_pef_results.dat

  Save file format           Free


PLOT INFORMATION

The following plots are available:

  Histograms (sample values, estimated factor scores)
  Scatterplots (sample values, estimated factor scores)
  Latent variable distribution plots

SAVEDATA INFORMATION


  Save file
    u1_135_aef_pef_fscores.dat

  Order and format of variables

    A_01           F10.3
    A_03           F10.3
    A_05           F10.3
    AGE_C80        F10.3
    EDU_C7         F10.3
    FEMALE         F10.3
    TIME_01        F10.3
    TIME_03        F10.3
    TIME_05        F10.3
    _WEIGHT        F10.3
    IA             F10.3
    IA_SE          F10.3
    SA             F10.3
    SA_SE          F10.3
    PAIRID         I5

  Save file format
    14F10.3 I5

  Save file record length    10000


     Beginning Time:  17:17:26
        Ending Time:  17:17:27
       Elapsed Time:  00:00:01



MUTHEN & MUTHEN
3463 Stoner Ave.
Los Angeles, CA  90066

Tel: (310) 391-9971
Fax: (310) 391-8971
Web: www.StatModel.com
Support: Support@StatModel.com

Copyright (c) 1998-2014 Muthen & Muthen
