Mplus VERSION 7.3
MUTHEN & MUTHEN
12/17/2016  11:43 AM

INPUT INSTRUCTIONS

  TITLE:
  Script produced from the prototype in ./sandbox/syntax-creator/
  DATA:
  File = wide-dataset.dat ;
  VARIABLE:
  NAMES are
   Case PairID female age_c80 edu_c7 sbp_c167 smoke cardio diabetes dementia_ever
      years_since_bl_01 years_since_bl_02 years_since_bl_03 years_since_bl_04
      years_since_bl_05 pef_01 pef_02 pef_03 pef_04 pef_05 grip_01 grip_02 grip_03
      grip_04 grip_05 gait_01 gait_02 gait_03 gait_04 gait_05 block_01 block_02
      block_03 block_04 block_05 digitspanbackward_01 digitspanbackward_02
      digitspanbackward_03 digitspanbackward_04 digitspanbackward_05
      digitspanforward_01 digitspanforward_02 digitspanforward_03 digitspanforward_04
      digitspanforward_05 symbol_01 symbol_02 symbol_03 symbol_04 symbol_05 prose_01
      prose_02 prose_03 prose_04 prose_05 info_01 info_02 info_03 info_04 info_05
      synonyms_01 synonyms_02 synonyms_03 synonyms_04 synonyms_05 psif_01 psif_02
      psif_03 psif_04 psif_05 figure_01 figure_02 figure_03 figure_04 figure_05
      mirrecall_01 mirrecall_02 mirrecall_03 mirrecall_04 mirrecall_05 mmse_01 mmse_02
      mmse_03 mmse_04 mmse_05 mirnaming_01 mirnaming_02 mirnaming_03 mirnaming_04
      mirnaming_05 mirrecog_01 mirrecog_02 mirrecog_03 mirrecog_04 mirrecog_05
      clock_01 clock_02 clock_03 clock_04 clock_05
  	;
  Missing are all (-9999);
  USEVARIABLES are
  	!define the variables used in the analysis
  	! covariates used in the model
  age_c80
  edu_c7
  female	
  	!estimated time points
  time_01
  time_02
  time_05
  	!modelled time points of process (A)
  a_01
  a_02
  a_05
  ;
  TSCORES are
  	!estimated time points
  time_01
  time_02
  time_05;
  CLUSTER = PairID;
  SUBPOPULATION are
  	!select a subset of observations
  dementia_ever NE 1
  ;
  DEFINE:
  	! assign variables to the process (A)
  a_01 = pef_01;
  a_02 = pef_02;
  a_05 = pef_05;
  	!assign variables to time points
  time_01 = years_since_bl_01;
  time_02 = years_since_bl_02;
  time_05 = years_since_bl_05;
  	
  ANALYSIS: TYPE = RANDOM COMPLEX;
  COVERAGE=.00;
  MODEL:
  	!first-level equation
  	! assign process (A) to time points
  ia sa | a_01 AT time_01 ;
  ia sa | a_02 AT time_02 ;
  ia sa | a_05 AT time_05 ;
  	!variance of the first-level terms
  ia (v_ia);
  sa (v_sa);
  	!covariance among first-level terms
  ia WITH sa (c_iasa);
  	!second-level equation
  ia sa ON age_c80
  edu_c7
  female;
  	!residual covariance of process (A)
  a_01 (res_a);
  a_02 (res_a);
  a_05 (res_a);	
  SAVEDATA:
  FILE is   u1_125_aef_pef_fscores.dat;
  SAVE = FSCORES;
  RESULTS are   u1_125_aef_pef_results.dat;
  	
  OUTPUT: sampstat cinterval;
  PLOT: Type is Plot1 Plot2 Plot3;



*** WARNING
  Data set contains cases with missing on x-variables.
  These cases were not included in the analysis.
  Number of cases with missing on x-variables:  46
*** WARNING
  Data set contains cases with missing on all variables except
  x-variables.  These cases were not included in the analysis.
  Number of cases with missing on all variables except x-variables:  167
   2 WARNING(S) FOUND IN THE INPUT INSTRUCTIONS




Script produced from the prototype in ./sandbox/syntax-creator/

SUMMARY OF ANALYSIS

Number of groups                                                 1
Number of observations                                         374

Number of dependent variables                                    3
Number of independent variables                                  3
Number of continuous latent variables                            2

Observed dependent variables

  Continuous
   A_01        A_02        A_05

Observed independent variables
   AGE_C80     EDU_C7      FEMALE

Continuous latent variables
   IA          SA

Variables with special functions

  Cluster variable      PAIRID
  Weight variable       _WEIGHT

  Time scores
   TIME_01     TIME_02     TIME_05


Estimator                                                      MLR
Information matrix                                        OBSERVED
Maximum number of iterations                                   100
Convergence criterion                                    0.100D-05
Maximum number of EM iterations                                500
Convergence criteria for the EM algorithm
  Loglikelihood change                                   0.100D-02
  Relative loglikelihood change                          0.100D-05
  Derivative                                             0.100D-03
Minimum variance                                         0.100D-03
Maximum number of steepest descent iterations                   20
Maximum number of iterations for H1                           2000
Convergence criterion for H1                             0.100D-03
Optimization algorithm                                         EMA

Input data file(s)
  wide-dataset.dat
Input data format  FREE



SAMPLE STATISTICS


     ESTIMATED SAMPLE STATISTICS


           Means
              A_01          A_02          A_05          AGE_C80       EDU_C7
              ________      ________      ________      ________      ________
 1            321.896       331.250       264.715         2.944         0.366


           Means
              FEMALE
              ________
 1              0.660


           Covariances
              A_01          A_02          A_05          AGE_C80       EDU_C7
              ________      ________      ________      ________      ________
 A_01       11282.039
 A_02        8984.998     11631.000
 A_05        6856.344      8141.307     10056.037
 AGE_C80      -61.211       -50.830       -13.477         6.805
 EDU_C7        51.991        18.368        27.084        -0.325         6.082
 FEMALE       -23.177       -22.758       -16.471         0.077        -0.103


           Covariances
              FEMALE
              ________
 FEMALE         0.224


           Correlations
              A_01          A_02          A_05          AGE_C80       EDU_C7
              ________      ________      ________      ________      ________
 A_01           1.000
 A_02           0.784         1.000
 A_05           0.644         0.753         1.000
 AGE_C80       -0.221        -0.181        -0.052         1.000
 EDU_C7         0.198         0.069         0.110        -0.051         1.000
 FEMALE        -0.461        -0.446        -0.347         0.062        -0.088


           Correlations
              FEMALE
              ________
 FEMALE         1.000


     MAXIMUM LOG-LIKELIHOOD VALUE FOR THE UNRESTRICTED (H1) MODEL IS -8091.280


UNIVARIATE HIGHER-ORDER MOMENT DESCRIPTIVE STATISTICS


     UNIVARIATE HIGHER-ORDER MOMENT DESCRIPTIVE STATISTICS

         Variable/         Mean/     Skewness/   Minimum/ % with                Percentiles
        Sample Size      Variance    Kurtosis    Maximum  Min/Max      20%/60%    40%/80%    Median

     A_01                325.306       0.143      90.000    0.23%     230.000    300.000    310.000
             444.000   11299.250      -0.209     620.000    0.23%     350.000    400.000
     A_02                340.278       0.291      90.000    0.29%     250.000    300.000    330.000
             350.000   11451.867      -0.010     680.000    0.29%     350.000    430.000
     A_05                278.973       0.863      60.000    0.81%     200.000    250.000    250.000
             124.000    9205.419       1.024     630.000    0.81%     270.000    350.000
     AGE_C80               2.944       1.070      -0.630    0.20%       0.853      1.522      2.085
             489.000       6.805       0.511      12.937    0.20%       2.768      5.146
     EDU_C7                0.366       2.323      -5.000    0.41%      -1.000     -1.000     -1.000
             489.000       6.082       7.834      16.000    0.20%       0.000      1.000
     FEMALE                0.660      -0.678       0.000   34.97%       0.000      1.000      1.000
             489.000       0.224      -1.541       1.000   65.03%       1.000      1.000


THE MODEL ESTIMATION TERMINATED NORMALLY



MODEL FIT INFORMATION

Number of Free Parameters                       12

Loglikelihood

          H0 Value                       -4205.279
          H0 Scaling Correction Factor      1.1641
            for MLR

Information Criteria

          Akaike (AIC)                    8434.559
          Bayesian (BIC)                  8481.650
          Sample-Size Adjusted BIC        8443.577
            (n* = (n + 2) / 24)



MODEL RESULTS

                                                    Two-Tailed
                    Estimate       S.E.  Est./S.E.    P-Value

 IA         ON
    AGE_C80           -7.962      1.978     -4.025      0.000
    EDU_C7             5.067      1.702      2.977      0.003
    FEMALE          -100.790     11.904     -8.467      0.000

 SA         ON
    AGE_C80            0.982      0.436      2.255      0.024
    EDU_C7            -0.478      0.401     -1.191      0.234
    FEMALE             2.583      2.104      1.228      0.220

 IA       WITH
    SA               -78.181     87.090     -0.898      0.369

 Intercepts
    A_01               0.000      0.000    999.000    999.000
    A_02               0.000      0.000    999.000    999.000
    A_05               0.000      0.000    999.000    999.000
    IA               418.215     12.366     33.820      0.000
    SA               -11.141      2.072     -5.377      0.000

 Residual Variances
    A_01            2630.835    317.127      8.296      0.000
    A_02            2630.835    317.127      8.296      0.000
    A_05            2630.835    317.127      8.296      0.000
    IA              6177.905    620.680      9.953      0.000
    SA                23.417     15.246      1.536      0.125


QUALITY OF NUMERICAL RESULTS

     Condition Number for the Information Matrix              0.720E-04
       (ratio of smallest to largest eigenvalue)


CONFIDENCE INTERVALS OF MODEL RESULTS

                  Lower .5%  Lower 2.5%    Lower 5%    Estimate    Upper 5%  Upper 2.5%   Upper .5%

 IA       ON
    AGE_C80        -13.057     -11.839     -11.216      -7.962      -4.708      -4.085      -2.866
    EDU_C7           0.683       1.731       2.267       5.067       7.866       8.402       9.450
    FEMALE        -131.452    -124.122    -120.372    -100.790     -81.209     -77.459     -70.128

 SA       ON
    AGE_C80         -0.140       0.128       0.265       0.982       1.698       1.836       2.104
    EDU_C7          -1.512      -1.265      -1.139      -0.478       0.182       0.309       0.556
    FEMALE          -2.836      -1.541      -0.878       2.583       6.044       6.707       8.002

 IA       WITH
    SA            -302.507    -248.877    -221.444     -78.181      65.081      92.514     146.144

 Intercepts
    A_01             0.000       0.000       0.000       0.000       0.000       0.000       0.000
    A_02             0.000       0.000       0.000       0.000       0.000       0.000       0.000
    A_05             0.000       0.000       0.000       0.000       0.000       0.000       0.000
    IA             386.363     393.978     397.873     418.215     438.557     442.452     450.067
    SA             -16.478     -15.202     -14.549     -11.141      -7.733      -7.080      -5.805

 Residual Variances
    A_01          1813.979    2009.266    2109.161    2630.835    3152.510    3252.405    3447.691
    A_02          1813.979    2009.266    2109.161    2630.835    3152.510    3252.405    3447.691
    A_05          1813.979    2009.266    2109.161    2630.835    3152.510    3252.405    3447.691
    IA            4579.158    4961.373    5156.887    6177.905    7198.924    7394.438    7776.653
    SA             -15.853      -6.465      -1.663      23.417      48.496      53.298      62.687


SAMPLE STATISTICS FOR ESTIMATED FACTOR SCORES


     SAMPLE STATISTICS


           Means
              IA            IA_SE         SA            SA_SE
              ________      ________      ________      ________
 1            325.460        36.532        -6.596         4.635


           Covariances
              IA            IA_SE         SA            SA_SE
              ________      ________      ________      ________
 IA          8157.814
 IA_SE       -125.481        27.917
 SA          -186.381         4.072        12.095
 SA_SE         -3.640         0.706         0.163         0.053


           Correlations
              IA            IA_SE         SA            SA_SE
              ________      ________      ________      ________
 IA             1.000
 IA_SE         -0.263         1.000
 SA            -0.593         0.222         1.000
 SA_SE         -0.176         0.582         0.204         1.000


RESULTS SAVING INFORMATION

  Order of data

    Parameter estimates
     (saved in order shown in Technical 1 output)
    Standard errors
     (saved in order shown in Technical 1 output)
    H0 Loglikelihood
    H0 Scaling Correction Factor for MLR
    Number of Free Parameters
    Akaike (AIC)
    Bayesian (BIC)
    Sample-Size Adjusted BIC

  Save file
    u1_125_aef_pef_results.dat

  Save file format           Free


PLOT INFORMATION

The following plots are available:

  Histograms (sample values, estimated factor scores)
  Scatterplots (sample values, estimated factor scores)
  Latent variable distribution plots

SAVEDATA INFORMATION


  Save file
    u1_125_aef_pef_fscores.dat

  Order and format of variables

    A_01           F10.3
    A_02           F10.3
    A_05           F10.3
    AGE_C80        F10.3
    EDU_C7         F10.3
    FEMALE         F10.3
    TIME_01        F10.3
    TIME_02        F10.3
    TIME_05        F10.3
    _WEIGHT        F10.3
    IA             F10.3
    IA_SE          F10.3
    SA             F10.3
    SA_SE          F10.3
    PAIRID         I5

  Save file format
    14F10.3 I5

  Save file record length    10000


     Beginning Time:  11:43:05
        Ending Time:  11:43:07
       Elapsed Time:  00:00:02



MUTHEN & MUTHEN
3463 Stoner Ave.
Los Angeles, CA  90066

Tel: (310) 391-9971
Fax: (310) 391-8971
Web: www.StatModel.com
Support: Support@StatModel.com

Copyright (c) 1998-2014 Muthen & Muthen
