Mplus VERSION 7.3
MUTHEN & MUTHEN
12/17/2016  11:43 AM

INPUT INSTRUCTIONS

  TITLE:
  Script produced from the prototype in ./sandbox/syntax-creator/
  DATA:
  File = wide-dataset.dat ;
  VARIABLE:
  NAMES are
   Case PairID female age_c80 edu_c7 sbp_c167 smoke cardio diabetes dementia_ever
      years_since_bl_01 years_since_bl_02 years_since_bl_03 years_since_bl_04
      years_since_bl_05 pef_01 pef_02 pef_03 pef_04 pef_05 grip_01 grip_02 grip_03
      grip_04 grip_05 gait_01 gait_02 gait_03 gait_04 gait_05 block_01 block_02
      block_03 block_04 block_05 digitspanbackward_01 digitspanbackward_02
      digitspanbackward_03 digitspanbackward_04 digitspanbackward_05
      digitspanforward_01 digitspanforward_02 digitspanforward_03 digitspanforward_04
      digitspanforward_05 symbol_01 symbol_02 symbol_03 symbol_04 symbol_05 prose_01
      prose_02 prose_03 prose_04 prose_05 info_01 info_02 info_03 info_04 info_05
      synonyms_01 synonyms_02 synonyms_03 synonyms_04 synonyms_05 psif_01 psif_02
      psif_03 psif_04 psif_05 figure_01 figure_02 figure_03 figure_04 figure_05
      mirrecall_01 mirrecall_02 mirrecall_03 mirrecall_04 mirrecall_05 mmse_01 mmse_02
      mmse_03 mmse_04 mmse_05 mirnaming_01 mirnaming_02 mirnaming_03 mirnaming_04
      mirnaming_05 mirrecog_01 mirrecog_02 mirrecog_03 mirrecog_04 mirrecog_05
      clock_01 clock_02 clock_03 clock_04 clock_05
  	;
  Missing are all (-9999);
  USEVARIABLES are
  	!define the variables used in the analysis
  	! covariates used in the model
  age_c80
  edu_c7
  female	
  	!estimated time points
  time_01
  time_04
  time_05
  	!modelled time points of process (A)
  a_01
  a_04
  a_05
  ;
  TSCORES are
  	!estimated time points
  time_01
  time_04
  time_05;
  CLUSTER = PairID;
  SUBPOPULATION are
  	!select a subset of observations
  dementia_ever NE 1
  ;
  DEFINE:
  	! assign variables to the process (A)
  a_01 = pef_01;
  a_04 = pef_04;
  a_05 = pef_05;
  	!assign variables to time points
  time_01 = years_since_bl_01;
  time_04 = years_since_bl_04;
  time_05 = years_since_bl_05;
  	
  ANALYSIS: TYPE = RANDOM COMPLEX;
  COVERAGE=.00;
  MODEL:
  	!first-level equation
  	! assign process (A) to time points
  ia sa | a_01 AT time_01 ;
  ia sa | a_04 AT time_04 ;
  ia sa | a_05 AT time_05 ;
  	!variance of the first-level terms
  ia (v_ia);
  sa (v_sa);
  	!covariance among first-level terms
  ia WITH sa (c_iasa);
  	!second-level equation
  ia sa ON age_c80
  edu_c7
  female;
  	!residual covariance of process (A)
  a_01 (res_a);
  a_04 (res_a);
  a_05 (res_a);	
  SAVEDATA:
  FILE is   u1_145_aef_pef_fscores.dat;
  SAVE = FSCORES;
  RESULTS are   u1_145_aef_pef_results.dat;
  	
  OUTPUT: sampstat cinterval;
  PLOT: Type is Plot1 Plot2 Plot3;



*** WARNING
  Data set contains cases with missing on x-variables.
  These cases were not included in the analysis.
  Number of cases with missing on x-variables:  46
*** WARNING
  Data set contains cases with missing on all variables except
  x-variables.  These cases were not included in the analysis.
  Number of cases with missing on all variables except x-variables:  193
   2 WARNING(S) FOUND IN THE INPUT INSTRUCTIONS




Script produced from the prototype in ./sandbox/syntax-creator/

SUMMARY OF ANALYSIS

Number of groups                                                 1
Number of observations                                         355

Number of dependent variables                                    3
Number of independent variables                                  3
Number of continuous latent variables                            2

Observed dependent variables

  Continuous
   A_01        A_04        A_05

Observed independent variables
   AGE_C80     EDU_C7      FEMALE

Continuous latent variables
   IA          SA

Variables with special functions

  Cluster variable      PAIRID
  Weight variable       _WEIGHT

  Time scores
   TIME_01     TIME_04     TIME_05


Estimator                                                      MLR
Information matrix                                        OBSERVED
Maximum number of iterations                                   100
Convergence criterion                                    0.100D-05
Maximum number of EM iterations                                500
Convergence criteria for the EM algorithm
  Loglikelihood change                                   0.100D-02
  Relative loglikelihood change                          0.100D-05
  Derivative                                             0.100D-03
Minimum variance                                         0.100D-03
Maximum number of steepest descent iterations                   20
Maximum number of iterations for H1                           2000
Convergence criterion for H1                             0.100D-03
Optimization algorithm                                         EMA

Input data file(s)
  wide-dataset.dat
Input data format  FREE



SAMPLE STATISTICS


     ESTIMATED SAMPLE STATISTICS


           Means
              A_01          A_04          A_05          AGE_C80       EDU_C7
              ________      ________      ________      ________      ________
 1            324.523       296.036       267.331         2.890         0.332


           Means
              FEMALE
              ________
 1              0.659


           Covariances
              A_01          A_04          A_05          AGE_C80       EDU_C7
              ________      ________      ________      ________      ________
 A_01       11340.698
 A_04        7279.938      9537.970
 A_05        6779.424      7012.430      9671.360
 AGE_C80      -59.560       -19.381       -12.524         6.770
 EDU_C7        59.930        24.524        36.126        -0.334         5.963
 FEMALE       -23.744       -22.298       -16.111         0.090        -0.146


           Covariances
              FEMALE
              ________
 FEMALE         0.225


           Correlations
              A_01          A_04          A_05          AGE_C80       EDU_C7
              ________      ________      ________      ________      ________
 A_01           1.000
 A_04           0.700         1.000
 A_05           0.647         0.730         1.000
 AGE_C80       -0.215        -0.076        -0.049         1.000
 EDU_C7         0.230         0.103         0.150        -0.053         1.000
 FEMALE        -0.470        -0.482        -0.346         0.073        -0.126


           Correlations
              FEMALE
              ________
 FEMALE         1.000


     MAXIMUM LOG-LIKELIHOOD VALUE FOR THE UNRESTRICTED (H1) MODEL IS -7104.520


UNIVARIATE HIGHER-ORDER MOMENT DESCRIPTIVE STATISTICS


     UNIVARIATE HIGHER-ORDER MOMENT DESCRIPTIVE STATISTICS

         Variable/         Mean/     Skewness/   Minimum/ % with                Percentiles
        Sample Size      Variance    Kurtosis    Maximum  Min/Max      20%/60%    40%/80%    Median

     A_01                325.306       0.143      90.000    0.23%     230.000    300.000    310.000
             444.000   11299.250      -0.209     620.000    0.23%     350.000    400.000
     A_04                300.316       0.580     110.000    1.05%     210.000    250.000    270.000
             191.000    9298.001      -0.185     590.000    0.52%     300.000    370.000
     A_05                278.973       0.863      60.000    0.81%     200.000    250.000    250.000
             124.000    9205.419       1.024     630.000    0.81%     270.000    350.000
     AGE_C80               2.890       1.109      -0.630    0.22%       0.823      1.498      1.992
             463.000       6.770       0.644      12.937    0.22%       2.690      5.081
     EDU_C7                0.332       2.461      -5.000    0.43%      -1.000     -1.000     -1.000
             463.000       5.963       8.695      16.000    0.22%       0.000      1.000
     FEMALE                0.659      -0.672       0.000   35.42%       0.000      1.000      1.000
             463.000       0.225      -1.549       1.000   64.58%       1.000      1.000


THE MODEL ESTIMATION TERMINATED NORMALLY



MODEL FIT INFORMATION

Number of Free Parameters                       12

Loglikelihood

          H0 Value                       -3553.331
          H0 Scaling Correction Factor      1.1345
            for MLR

Information Criteria

          Akaike (AIC)                    7130.662
          Bayesian (BIC)                  7177.127
          Sample-Size Adjusted BIC        7139.058
            (n* = (n + 2) / 24)



MODEL RESULTS

                                                    Two-Tailed
                    Estimate       S.E.  Est./S.E.    P-Value

 IA         ON
    AGE_C80           -7.190      2.021     -3.558      0.000
    EDU_C7             7.072      1.661      4.257      0.000
    FEMALE           -99.032     11.970     -8.273      0.000

 SA         ON
    AGE_C80            0.888      0.366      2.429      0.015
    EDU_C7            -0.589      0.386     -1.524      0.127
    FEMALE             2.147      1.759      1.221      0.222

 IA       WITH
    SA              -127.145    100.855     -1.261      0.207

 Intercepts
    A_01               0.000      0.000    999.000    999.000
    A_04               0.000      0.000    999.000    999.000
    A_05               0.000      0.000    999.000    999.000
    IA               408.998     12.041     33.968      0.000
    SA                -9.872      1.640     -6.019      0.000

 Residual Variances
    A_01            2539.232    390.759      6.498      0.000
    A_04            2539.232    390.759      6.498      0.000
    A_05            2539.232    390.759      6.498      0.000
    IA              5618.698    750.492      7.487      0.000
    SA                28.485     17.512      1.627      0.104


QUALITY OF NUMERICAL RESULTS

     Condition Number for the Information Matrix              0.135E-03
       (ratio of smallest to largest eigenvalue)


CONFIDENCE INTERVALS OF MODEL RESULTS

                  Lower .5%  Lower 2.5%    Lower 5%    Estimate    Upper 5%  Upper 2.5%   Upper .5%

 IA       ON
    AGE_C80        -12.396     -11.152     -10.515      -7.190      -3.865      -3.229      -1.984
    EDU_C7           2.793       3.816       4.339       7.072       9.804      10.327      11.350
    FEMALE        -129.864    -122.493    -118.722     -99.032     -79.341     -75.570     -68.199

 SA       ON
    AGE_C80         -0.054       0.171       0.287       0.888       1.490       1.605       1.831
    EDU_C7          -1.584      -1.346      -1.224      -0.589       0.047       0.168       0.406
    FEMALE          -2.383      -1.300      -0.746       2.147       5.041       5.595       6.678

 IA       WITH
    SA            -386.928    -324.821    -293.052    -127.145      38.762      70.532     132.638

 Intercepts
    A_01             0.000       0.000       0.000       0.000       0.000       0.000       0.000
    A_04             0.000       0.000       0.000       0.000       0.000       0.000       0.000
    A_05             0.000       0.000       0.000       0.000       0.000       0.000       0.000
    IA             377.984     385.399     389.192     408.998     428.805     432.598     440.013
    SA             -14.097     -13.087     -12.570      -9.872      -7.174      -6.658      -5.648

 Residual Variances
    A_01          1532.717    1773.346    1896.435    2539.232    3182.030    3305.119    3545.748
    A_04          1532.717    1773.346    1896.435    2539.232    3182.030    3305.119    3545.748
    A_05          1532.717    1773.346    1896.435    2539.232    3182.030    3305.119    3545.748
    IA            3685.579    4147.732    4384.138    5618.698    6853.258    7089.663    7551.816
    SA             -16.621      -5.838      -0.321      28.485      57.291      62.808      73.591


SAMPLE STATISTICS FOR ESTIMATED FACTOR SCORES


     SAMPLE STATISTICS


           Means
              IA            IA_SE         SA            SA_SE
              ________      ________      ________      ________
 1            320.761        39.382        -5.967         4.953


           Covariances
              IA            IA_SE         SA            SA_SE
              ________      ________      ________      ________
 IA          7552.202
 IA_SE        -49.977        15.716
 SA          -206.721         2.032        13.082
 SA_SE         -3.442         0.980         0.163         0.073


           Correlations
              IA            IA_SE         SA            SA_SE
              ________      ________      ________      ________
 IA             1.000
 IA_SE         -0.145         1.000
 SA            -0.658         0.142         1.000
 SA_SE         -0.146         0.914         0.166         1.000


RESULTS SAVING INFORMATION

  Order of data

    Parameter estimates
     (saved in order shown in Technical 1 output)
    Standard errors
     (saved in order shown in Technical 1 output)
    H0 Loglikelihood
    H0 Scaling Correction Factor for MLR
    Number of Free Parameters
    Akaike (AIC)
    Bayesian (BIC)
    Sample-Size Adjusted BIC

  Save file
    u1_145_aef_pef_results.dat

  Save file format           Free


PLOT INFORMATION

The following plots are available:

  Histograms (sample values, estimated factor scores)
  Scatterplots (sample values, estimated factor scores)
  Latent variable distribution plots

SAVEDATA INFORMATION


  Save file
    u1_145_aef_pef_fscores.dat

  Order and format of variables

    A_01           F10.3
    A_04           F10.3
    A_05           F10.3
    AGE_C80        F10.3
    EDU_C7         F10.3
    FEMALE         F10.3
    TIME_01        F10.3
    TIME_04        F10.3
    TIME_05        F10.3
    _WEIGHT        F10.3
    IA             F10.3
    IA_SE          F10.3
    SA             F10.3
    SA_SE          F10.3
    PAIRID         I5

  Save file format
    14F10.3 I5

  Save file record length    10000


     Beginning Time:  11:43:09
        Ending Time:  11:43:09
       Elapsed Time:  00:00:00



MUTHEN & MUTHEN
3463 Stoner Ave.
Los Angeles, CA  90066

Tel: (310) 391-9971
Fax: (310) 391-8971
Web: www.StatModel.com
Support: Support@StatModel.com

Copyright (c) 1998-2014 Muthen & Muthen
