Mplus VERSION 7.3
MUTHEN & MUTHEN
12/17/2016  11:42 AM

INPUT INSTRUCTIONS

  TITLE:
  Script produced from the prototype in ./sandbox/syntax-creator/
  DATA:
  File = wide-dataset.dat ;
  VARIABLE:
  NAMES are
   Case PairID female age_c80 edu_c7 sbp_c167 smoke cardio diabetes dementia_ever
      years_since_bl_01 years_since_bl_02 years_since_bl_03 years_since_bl_04
      years_since_bl_05 pef_01 pef_02 pef_03 pef_04 pef_05 grip_01 grip_02 grip_03
      grip_04 grip_05 gait_01 gait_02 gait_03 gait_04 gait_05 block_01 block_02
      block_03 block_04 block_05 digitspanbackward_01 digitspanbackward_02
      digitspanbackward_03 digitspanbackward_04 digitspanbackward_05
      digitspanforward_01 digitspanforward_02 digitspanforward_03 digitspanforward_04
      digitspanforward_05 symbol_01 symbol_02 symbol_03 symbol_04 symbol_05 prose_01
      prose_02 prose_03 prose_04 prose_05 info_01 info_02 info_03 info_04 info_05
      synonyms_01 synonyms_02 synonyms_03 synonyms_04 synonyms_05 psif_01 psif_02
      psif_03 psif_04 psif_05 figure_01 figure_02 figure_03 figure_04 figure_05
      mirrecall_01 mirrecall_02 mirrecall_03 mirrecall_04 mirrecall_05 mmse_01 mmse_02
      mmse_03 mmse_04 mmse_05 mirnaming_01 mirnaming_02 mirnaming_03 mirnaming_04
      mirnaming_05 mirrecog_01 mirrecog_02 mirrecog_03 mirrecog_04 mirrecog_05
      clock_01 clock_02 clock_03 clock_04 clock_05
  	;
  Missing are all (-9999);
  USEVARIABLES are
  	!define the variables used in the analysis
  	! covariates used in the model
  age_c80
  edu_c7
  female
  sbp_c167	
  	!estimated time points
  time_01
  time_02
  time_03
  time_04
  	!modelled time points of process (A)
  a_01
  a_02
  a_03
  a_04
  ;
  TSCORES are
  	!estimated time points
  time_01
  time_02
  time_03
  time_04;
  CLUSTER = PairID;
  SUBPOPULATION are
  	!select a subset of observations
  dementia_ever NE 1
  ;
  DEFINE:
  	! assign variables to the process (A)
  a_01 = pef_01;
  a_02 = pef_02;
  a_03 = pef_03;
  a_04 = pef_04;
  	!assign variables to time points
  time_01 = years_since_bl_01;
  time_02 = years_since_bl_02;
  time_03 = years_since_bl_03;
  time_04 = years_since_bl_04;
  	
  ANALYSIS: TYPE = RANDOM COMPLEX;
  COVERAGE=.00;
  MODEL:
  	!first-level equation
  	! assign process (A) to time points
  ia sa | a_01 AT time_01 ;
  ia sa | a_02 AT time_02 ;
  ia sa | a_03 AT time_03 ;
  ia sa | a_04 AT time_04 ;
  	!variance of the first-level terms
  ia (v_ia);
  sa (v_sa);
  	!covariance among first-level terms
  ia WITH sa (c_iasa);
  	!second-level equation
  ia sa ON age_c80
  edu_c7
  female
  sbp_c167;
  	!residual covariance of process (A)
  a_01 (res_a);
  a_02 (res_a);
  a_03 (res_a);
  a_04 (res_a);	
  SAVEDATA:
  FILE is   u1_1234_aefb_pef_fscores.dat;
  SAVE = FSCORES;
  RESULTS are   u1_1234_aefb_pef_results.dat;
  	
  OUTPUT: sampstat cinterval;
  PLOT: Type is Plot1 Plot2 Plot3;



*** WARNING
  Data set contains cases with missing on x-variables.
  These cases were not included in the analysis.
  Number of cases with missing on x-variables:  92
*** WARNING
  Data set contains cases with missing on all variables except
  x-variables.  These cases were not included in the analysis.
  Number of cases with missing on all variables except x-variables:  119
   2 WARNING(S) FOUND IN THE INPUT INSTRUCTIONS




Script produced from the prototype in ./sandbox/syntax-creator/

SUMMARY OF ANALYSIS

Number of groups                                                 1
Number of observations                                         375

Number of dependent variables                                    4
Number of independent variables                                  4
Number of continuous latent variables                            2

Observed dependent variables

  Continuous
   A_01        A_02        A_03        A_04

Observed independent variables
   AGE_C80     EDU_C7      FEMALE      SBP_C167

Continuous latent variables
   IA          SA

Variables with special functions

  Cluster variable      PAIRID
  Weight variable       _WEIGHT

  Time scores
   TIME_01     TIME_02     TIME_03     TIME_04


Estimator                                                      MLR
Information matrix                                        OBSERVED
Maximum number of iterations                                   100
Convergence criterion                                    0.100D-05
Maximum number of EM iterations                                500
Convergence criteria for the EM algorithm
  Loglikelihood change                                   0.100D-02
  Relative loglikelihood change                          0.100D-05
  Derivative                                             0.100D-03
Minimum variance                                         0.100D-03
Maximum number of steepest descent iterations                   20
Maximum number of iterations for H1                           2000
Convergence criterion for H1                             0.100D-03
Optimization algorithm                                         EMA

Input data file(s)
  wide-dataset.dat
Input data format  FREE



SAMPLE STATISTICS


     ESTIMATED SAMPLE STATISTICS


           Means
              A_01          A_02          A_03          A_04          AGE_C80
              ________      ________      ________      ________      ________
 1            322.086       331.839       315.335       292.658         2.939


           Means
              EDU_C7        FEMALE        SBP_C167
              ________      ________      ________
 1              0.339         0.659        -5.413


           Covariances
              A_01          A_02          A_03          A_04          AGE_C80
              ________      ________      ________      ________      ________
 A_01       11202.431
 A_02        8841.501     11459.994
 A_03        7730.270      7866.114      9476.495
 A_04        6837.828      7492.496      7201.602      9300.637
 AGE_C80      -60.767       -50.783       -36.413       -22.073         6.774
 EDU_C7        52.161        20.299        31.185        21.841        -0.350
 FEMALE       -23.502       -22.590       -20.943       -22.050         0.069
 SBP_C167     -81.506       -65.078         7.541      -159.814        -3.502


           Covariances
              EDU_C7        FEMALE        SBP_C167
              ________      ________      ________
 EDU_C7         6.011
 FEMALE        -0.108         0.225
 SBP_C167       0.449         0.742       509.016


           Correlations
              A_01          A_02          A_03          A_04          AGE_C80
              ________      ________      ________      ________      ________
 A_01           1.000
 A_02           0.780         1.000
 A_03           0.750         0.755         1.000
 A_04           0.670         0.726         0.767         1.000
 AGE_C80       -0.221        -0.182        -0.144        -0.088         1.000
 EDU_C7         0.201         0.077         0.131         0.092        -0.055
 FEMALE        -0.468        -0.445        -0.454        -0.482         0.056
 SBP_C167      -0.034        -0.027         0.003        -0.073        -0.060


           Correlations
              EDU_C7        FEMALE        SBP_C167
              ________      ________      ________
 EDU_C7         1.000
 FEMALE        -0.093         1.000
 SBP_C167       0.008         0.069         1.000


     MAXIMUM LOG-LIKELIHOOD VALUE FOR THE UNRESTRICTED (H1) MODEL IS -11996.037


UNIVARIATE HIGHER-ORDER MOMENT DESCRIPTIVE STATISTICS


     UNIVARIATE HIGHER-ORDER MOMENT DESCRIPTIVE STATISTICS

         Variable/         Mean/     Skewness/   Minimum/ % with                Percentiles
        Sample Size      Variance    Kurtosis    Maximum  Min/Max      20%/60%    40%/80%    Median

     A_01                325.912       0.138      90.000    0.23%     230.000    300.000    310.000
             441.000   11289.757      -0.197     620.000    0.23%     350.000    400.000
     A_02                341.929       0.326      90.000    0.29%     250.000    300.000    330.000
             346.000   11211.354      -0.015     680.000    0.29%     350.000    430.000
     A_03                330.689       0.216      60.000    0.42%     250.000    300.000    320.000
             240.000    9322.102      -0.373     600.000    0.42%     350.000    420.000
     A_04                300.064       0.587     110.000    1.05%     210.000    250.000    270.000
             190.000    9347.130      -0.191     590.000    0.53%     300.000    370.000
     AGE_C80               2.939       1.071      -0.630    0.20%       0.847      1.522      2.110
             491.000       6.774       0.536      12.937    0.20%       2.768      5.093
     EDU_C7                0.339       2.372      -5.000    0.41%      -1.000     -1.000     -1.000
             491.000       6.011       8.137      16.000    0.20%       0.000      1.000
     FEMALE                0.659      -0.669       0.000   35.23%       0.000      1.000      1.000
             491.000       0.225      -1.552       1.000   64.77%       1.000      1.000
     SBP_C167             -5.413       0.381     -57.000    1.22%     -27.000     -7.000     -7.000
             491.000     509.016       0.738      93.000    0.20%      -2.000     13.000


THE MODEL ESTIMATION TERMINATED NORMALLY



MODEL FIT INFORMATION

Number of Free Parameters                       14

Loglikelihood

          H0 Value                       -5475.921
          H0 Scaling Correction Factor      1.1652
            for MLR

Information Criteria

          Akaike (AIC)                   10979.843
          Bayesian (BIC)                 11034.820
          Sample-Size Adjusted BIC       10990.401
            (n* = (n + 2) / 24)



MODEL RESULTS

                                                    Two-Tailed
                    Estimate       S.E.  Est./S.E.    P-Value

 IA         ON
    AGE_C80           -8.084      1.994     -4.054      0.000
    EDU_C7             5.444      1.691      3.219      0.001
    FEMALE           -98.894     11.899     -8.311      0.000
    SBP_C167          -0.034      0.222     -0.152      0.879

 SA         ON
    AGE_C80            0.997      0.390      2.556      0.011
    EDU_C7            -0.764      0.382     -1.997      0.046
    FEMALE             0.635      2.077      0.306      0.760
    SBP_C167          -0.001      0.037     -0.023      0.982

 IA       WITH
    SA              -217.647    100.152     -2.173      0.030

 Intercepts
    A_01               0.000      0.000    999.000    999.000
    A_02               0.000      0.000    999.000    999.000
    A_03               0.000      0.000    999.000    999.000
    A_04               0.000      0.000    999.000    999.000
    IA               415.602     12.237     33.964      0.000
    SA                -7.431      1.855     -4.007      0.000

 Residual Variances
    A_01            2479.081    259.994      9.535      0.000
    A_02            2479.081    259.994      9.535      0.000
    A_03            2479.081    259.994      9.535      0.000
    A_04            2479.081    259.994      9.535      0.000
    IA              6230.030    624.113      9.982      0.000
    SA                38.078     21.262      1.791      0.073


QUALITY OF NUMERICAL RESULTS

     Condition Number for the Information Matrix              0.102E-03
       (ratio of smallest to largest eigenvalue)


CONFIDENCE INTERVALS OF MODEL RESULTS

                  Lower .5%  Lower 2.5%    Lower 5%    Estimate    Upper 5%  Upper 2.5%   Upper .5%

 IA       ON
    AGE_C80        -13.220     -11.992     -11.364      -8.084      -4.803      -4.175      -2.947
    EDU_C7           1.088       2.129       2.662       5.444       8.226       8.758       9.800
    FEMALE        -129.545    -122.217    -118.469     -98.894     -79.320     -75.572     -68.244
    SBP_C167        -0.605      -0.468      -0.398      -0.034       0.331       0.401       0.538

 SA       ON
    AGE_C80         -0.008       0.232       0.355       0.997       1.639       1.762       2.002
    EDU_C7          -1.749      -1.513      -1.393      -0.764      -0.135      -0.014       0.221
    FEMALE          -4.715      -3.436      -2.781       0.635       4.052       4.706       5.985
    SBP_C167        -0.096      -0.074      -0.062      -0.001       0.060       0.072       0.095

 IA       WITH
    SA            -475.617    -413.944    -382.396    -217.647     -52.897     -21.349      40.324

 Intercepts
    A_01             0.000       0.000       0.000       0.000       0.000       0.000       0.000
    A_02             0.000       0.000       0.000       0.000       0.000       0.000       0.000
    A_03             0.000       0.000       0.000       0.000       0.000       0.000       0.000
    A_04             0.000       0.000       0.000       0.000       0.000       0.000       0.000
    IA             384.083     391.618     395.473     415.602     435.732     439.586     447.122
    SA             -12.208     -11.066     -10.482      -7.431      -4.380      -3.796      -2.654

 Residual Variances
    A_01          1809.387    1969.492    2051.390    2479.081    2906.771    2988.669    3148.774
    A_02          1809.387    1969.492    2051.390    2479.081    2906.771    2988.669    3148.774
    A_03          1809.387    1969.492    2051.390    2479.081    2906.771    2988.669    3148.774
    A_04          1809.387    1969.492    2051.390    2479.081    2906.771    2988.669    3148.774
    IA            4622.439    5006.768    5203.364    6230.030    7256.696    7453.292    7837.621
    SA             -16.689      -3.596       3.102      38.078      73.054      79.752      92.845


SAMPLE STATISTICS FOR ESTIMATED FACTOR SCORES


     SAMPLE STATISTICS


           Means
              IA            IA_SE         SA            SA_SE
              ________      ________      ________      ________
 1            323.260        34.962        -4.119         5.579


           Covariances
              IA            IA_SE         SA            SA_SE
              ________      ________      ________      ________
 IA          8297.409
 IA_SE       -144.094        35.036
 SA          -255.019         6.417        17.682
 SA_SE         -4.344         1.087         0.213         0.053


           Correlations
              IA            IA_SE         SA            SA_SE
              ________      ________      ________      ________
 IA             1.000
 IA_SE         -0.267         1.000
 SA            -0.666         0.258         1.000
 SA_SE         -0.207         0.796         0.219         1.000


RESULTS SAVING INFORMATION

  Order of data

    Parameter estimates
     (saved in order shown in Technical 1 output)
    Standard errors
     (saved in order shown in Technical 1 output)
    H0 Loglikelihood
    H0 Scaling Correction Factor for MLR
    Number of Free Parameters
    Akaike (AIC)
    Bayesian (BIC)
    Sample-Size Adjusted BIC

  Save file
    u1_1234_aefb_pef_results.dat

  Save file format           Free


PLOT INFORMATION

The following plots are available:

  Histograms (sample values, estimated factor scores)
  Scatterplots (sample values, estimated factor scores)
  Latent variable distribution plots

SAVEDATA INFORMATION


  Save file
    u1_1234_aefb_pef_fscores.dat

  Order and format of variables

    A_01           F10.3
    A_02           F10.3
    A_03           F10.3
    A_04           F10.3
    AGE_C80        F10.3
    EDU_C7         F10.3
    FEMALE         F10.3
    SBP_C167       F10.3
    TIME_01        F10.3
    TIME_02        F10.3
    TIME_03        F10.3
    TIME_04        F10.3
    _WEIGHT        F10.3
    IA             F10.3
    IA_SE          F10.3
    SA             F10.3
    SA_SE          F10.3
    PAIRID         I5

  Save file format
    17F10.3 I5

  Save file record length    10000


     Beginning Time:  11:42:33
        Ending Time:  11:42:35
       Elapsed Time:  00:00:02



MUTHEN & MUTHEN
3463 Stoner Ave.
Los Angeles, CA  90066

Tel: (310) 391-9971
Fax: (310) 391-8971
Web: www.StatModel.com
Support: Support@StatModel.com

Copyright (c) 1998-2014 Muthen & Muthen
