Mplus VERSION 7.3
MUTHEN & MUTHEN
12/17/2016  11:42 AM

INPUT INSTRUCTIONS

  TITLE:
  Script produced from the prototype in ./sandbox/syntax-creator/
  DATA:
  File = wide-dataset.dat ;
  VARIABLE:
  NAMES are
   Case PairID female age_c80 edu_c7 sbp_c167 smoke cardio diabetes dementia_ever
      years_since_bl_01 years_since_bl_02 years_since_bl_03 years_since_bl_04
      years_since_bl_05 pef_01 pef_02 pef_03 pef_04 pef_05 grip_01 grip_02 grip_03
      grip_04 grip_05 gait_01 gait_02 gait_03 gait_04 gait_05 block_01 block_02
      block_03 block_04 block_05 digitspanbackward_01 digitspanbackward_02
      digitspanbackward_03 digitspanbackward_04 digitspanbackward_05
      digitspanforward_01 digitspanforward_02 digitspanforward_03 digitspanforward_04
      digitspanforward_05 symbol_01 symbol_02 symbol_03 symbol_04 symbol_05 prose_01
      prose_02 prose_03 prose_04 prose_05 info_01 info_02 info_03 info_04 info_05
      synonyms_01 synonyms_02 synonyms_03 synonyms_04 synonyms_05 psif_01 psif_02
      psif_03 psif_04 psif_05 figure_01 figure_02 figure_03 figure_04 figure_05
      mirrecall_01 mirrecall_02 mirrecall_03 mirrecall_04 mirrecall_05 mmse_01 mmse_02
      mmse_03 mmse_04 mmse_05 mirnaming_01 mirnaming_02 mirnaming_03 mirnaming_04
      mirnaming_05 mirrecog_01 mirrecog_02 mirrecog_03 mirrecog_04 mirrecog_05
      clock_01 clock_02 clock_03 clock_04 clock_05
  	;
  Missing are all (-9999);
  USEVARIABLES are
  	!define the variables used in the analysis
  	! covariates used in the model
  age_c80
  edu_c7
  female
  sbp_c167	
  	!estimated time points
  time_01
  time_02
  time_03
  	!modelled time points of process (A)
  a_01
  a_02
  a_03
  ;
  TSCORES are
  	!estimated time points
  time_01
  time_02
  time_03;
  CLUSTER = PairID;
  SUBPOPULATION are
  	!select a subset of observations
  dementia_ever NE 1
  ;
  DEFINE:
  	! assign variables to the process (A)
  a_01 = pef_01;
  a_02 = pef_02;
  a_03 = pef_03;
  	!assign variables to time points
  time_01 = years_since_bl_01;
  time_02 = years_since_bl_02;
  time_03 = years_since_bl_03;
  	
  ANALYSIS: TYPE = RANDOM COMPLEX;
  COVERAGE=.00;
  MODEL:
  	!first-level equation
  	! assign process (A) to time points
  ia sa | a_01 AT time_01 ;
  ia sa | a_02 AT time_02 ;
  ia sa | a_03 AT time_03 ;
  	!variance of the first-level terms
  ia (v_ia);
  sa (v_sa);
  	!covariance among first-level terms
  ia WITH sa (c_iasa);
  	!second-level equation
  ia sa ON age_c80
  edu_c7
  female
  sbp_c167;
  	!residual covariance of process (A)
  a_01 (res_a);
  a_02 (res_a);
  a_03 (res_a);	
  SAVEDATA:
  FILE is   u1_123_aefb_pef_fscores.dat;
  SAVE = FSCORES;
  RESULTS are   u1_123_aefb_pef_results.dat;
  	
  OUTPUT: sampstat cinterval;
  PLOT: Type is Plot1 Plot2 Plot3;



*** WARNING
  Data set contains cases with missing on x-variables.
  These cases were not included in the analysis.
  Number of cases with missing on x-variables:  92
*** WARNING
  Data set contains cases with missing on all variables except
  x-variables.  These cases were not included in the analysis.
  Number of cases with missing on all variables except x-variables:  122
   2 WARNING(S) FOUND IN THE INPUT INSTRUCTIONS




Script produced from the prototype in ./sandbox/syntax-creator/

SUMMARY OF ANALYSIS

Number of groups                                                 1
Number of observations                                         373

Number of dependent variables                                    3
Number of independent variables                                  4
Number of continuous latent variables                            2

Observed dependent variables

  Continuous
   A_01        A_02        A_03

Observed independent variables
   AGE_C80     EDU_C7      FEMALE      SBP_C167

Continuous latent variables
   IA          SA

Variables with special functions

  Cluster variable      PAIRID
  Weight variable       _WEIGHT

  Time scores
   TIME_01     TIME_02     TIME_03


Estimator                                                      MLR
Information matrix                                        OBSERVED
Maximum number of iterations                                   100
Convergence criterion                                    0.100D-05
Maximum number of EM iterations                                500
Convergence criteria for the EM algorithm
  Loglikelihood change                                   0.100D-02
  Relative loglikelihood change                          0.100D-05
  Derivative                                             0.100D-03
Minimum variance                                         0.100D-03
Maximum number of steepest descent iterations                   20
Maximum number of iterations for H1                           2000
Convergence criterion for H1                             0.100D-03
Optimization algorithm                                         EMA

Input data file(s)
  wide-dataset.dat
Input data format  FREE



SAMPLE STATISTICS


     ESTIMATED SAMPLE STATISTICS


           Means
              A_01          A_02          A_03          AGE_C80       EDU_C7
              ________      ________      ________      ________      ________
 1            322.140       331.773       315.946         2.939         0.343


           Means
              FEMALE        SBP_C167
              ________      ________
 1              0.660        -5.485


           Covariances
              A_01          A_02          A_03          AGE_C80       EDU_C7
              ________      ________      ________      ________      ________
 A_01       11206.421
 A_02        8853.761     11481.003
 A_03        7790.866      7933.169      9582.866
 AGE_C80      -61.346       -51.865       -35.999         6.789
 EDU_C7        52.317        20.213        30.514        -0.357         6.038
 FEMALE       -23.545       -22.618       -20.943         0.075        -0.108
 SBP_C167     -74.512       -58.445        -2.041        -3.363         0.553


           Covariances
              FEMALE        SBP_C167
              ________      ________
 FEMALE         0.225
 SBP_C167       0.717       509.569


           Correlations
              A_01          A_02          A_03          AGE_C80       EDU_C7
              ________      ________      ________      ________      ________
 A_01           1.000
 A_02           0.781         1.000
 A_03           0.752         0.756         1.000
 AGE_C80       -0.222        -0.186        -0.141         1.000
 EDU_C7         0.201         0.077         0.127        -0.056         1.000
 FEMALE        -0.469        -0.445        -0.451         0.061        -0.093
 SBP_C167      -0.031        -0.024        -0.001        -0.057         0.010


           Correlations
              FEMALE        SBP_C167
              ________      ________
 FEMALE         1.000
 SBP_C167       0.067         1.000


     MAXIMUM LOG-LIKELIHOOD VALUE FOR THE UNRESTRICTED (H1) MODEL IS -10839.845


UNIVARIATE HIGHER-ORDER MOMENT DESCRIPTIVE STATISTICS


     UNIVARIATE HIGHER-ORDER MOMENT DESCRIPTIVE STATISTICS

         Variable/         Mean/     Skewness/   Minimum/ % with                Percentiles
        Sample Size      Variance    Kurtosis    Maximum  Min/Max      20%/60%    40%/80%    Median

     A_01                325.912       0.138      90.000    0.23%     230.000    300.000    310.000
             441.000   11289.757      -0.197     620.000    0.23%     350.000    400.000
     A_02                341.929       0.326      90.000    0.29%     250.000    300.000    330.000
             346.000   11211.354      -0.015     680.000    0.29%     350.000    430.000
     A_03                330.689       0.216      60.000    0.42%     250.000    300.000    320.000
             240.000    9322.102      -0.373     600.000    0.42%     350.000    420.000
     AGE_C80               2.939       1.073      -0.630    0.20%       0.847      1.522      2.097
             488.000       6.789       0.537      12.937    0.20%       2.768      5.093
     EDU_C7                0.343       2.364      -5.000    0.41%      -1.000     -1.000     -1.000
             488.000       6.038       8.079      16.000    0.20%       0.000      1.000
     FEMALE                0.660      -0.673       0.000   35.04%       0.000      1.000      1.000
             488.000       0.225      -1.547       1.000   64.96%       1.000      1.000
     SBP_C167             -5.485       0.387     -57.000    1.23%     -27.000     -7.000     -7.000
             488.000     509.569       0.748      93.000    0.20%      -2.000     13.000


THE MODEL ESTIMATION TERMINATED NORMALLY



MODEL FIT INFORMATION

Number of Free Parameters                       14

Loglikelihood

          H0 Value                       -4606.400
          H0 Scaling Correction Factor      1.1113
            for MLR

Information Criteria

          Akaike (AIC)                    9240.800
          Bayesian (BIC)                  9295.702
          Sample-Size Adjusted BIC        9251.284
            (n* = (n + 2) / 24)



MODEL RESULTS

                                                    Two-Tailed
                    Estimate       S.E.  Est./S.E.    P-Value

 IA         ON
    AGE_C80           -7.855      1.987     -3.953      0.000
    EDU_C7             5.637      1.675      3.366      0.001
    FEMALE          -100.388     11.849     -8.472      0.000
    SBP_C167          -0.063      0.226     -0.280      0.779

 SA         ON
    AGE_C80            0.859      0.520      1.652      0.098
    EDU_C7            -1.019      0.496     -2.053      0.040
    FEMALE             2.012      2.539      0.793      0.428
    SBP_C167           0.031      0.052      0.605      0.545

 IA       WITH
    SA              -115.903    120.014     -0.966      0.334

 Intercepts
    A_01               0.000      0.000    999.000    999.000
    A_02               0.000      0.000    999.000    999.000
    A_03               0.000      0.000    999.000    999.000
    IA               412.332     12.052     34.214      0.000
    SA                -4.390      2.074     -2.116      0.034

 Residual Variances
    A_01            2496.006    305.334      8.175      0.000
    A_02            2496.006    305.334      8.175      0.000
    A_03            2496.006    305.334      8.175      0.000
    IA              6004.050    621.255      9.664      0.000
    SA                21.365     27.441      0.779      0.436


QUALITY OF NUMERICAL RESULTS

     Condition Number for the Information Matrix              0.308E-04
       (ratio of smallest to largest eigenvalue)


CONFIDENCE INTERVALS OF MODEL RESULTS

                  Lower .5%  Lower 2.5%    Lower 5%    Estimate    Upper 5%  Upper 2.5%   Upper .5%

 IA       ON
    AGE_C80        -12.974     -11.750     -11.124      -7.855      -4.586      -3.960      -2.736
    EDU_C7           1.323       2.355       2.882       5.637       8.392       8.919       9.951
    FEMALE        -130.909    -123.612    -119.880    -100.388     -80.896     -77.164     -69.867
    SBP_C167        -0.644      -0.505      -0.434      -0.063       0.308       0.379       0.518

 SA       ON
    AGE_C80         -0.480      -0.160       0.004       0.859       1.714       1.878       2.198
    EDU_C7          -2.298      -1.992      -1.836      -1.019      -0.203      -0.046       0.259
    FEMALE          -4.528      -2.965      -2.165       2.012       6.190       6.989       8.553
    SBP_C167        -0.102      -0.070      -0.054       0.031       0.116       0.132       0.164

 IA       WITH
    SA            -425.035    -351.130    -313.326    -115.903      81.519     119.323     193.228

 Intercepts
    A_01             0.000       0.000       0.000       0.000       0.000       0.000       0.000
    A_02             0.000       0.000       0.000       0.000       0.000       0.000       0.000
    A_03             0.000       0.000       0.000       0.000       0.000       0.000       0.000
    IA             381.289     388.711     392.507     412.332     432.157     435.953     443.374
    SA              -9.733      -8.456      -7.803      -4.390      -0.978      -0.324       0.953

 Residual Variances
    A_01          1709.527    1897.551    1993.732    2496.006    2998.281    3094.461    3282.486
    A_02          1709.527    1897.551    1993.732    2496.006    2998.281    3094.461    3282.486
    A_03          1709.527    1897.551    1993.732    2496.006    2998.281    3094.461    3282.486
    IA            4403.821    4786.391    4982.086    6004.050    7026.015    7221.710    7604.279
    SA             -49.319     -32.421     -23.777      21.365      66.506      75.150      92.048


SAMPLE STATISTICS FOR ESTIMATED FACTOR SCORES


     SAMPLE STATISTICS


           Means
              IA            IA_SE         SA            SA_SE
              ________      ________      ________      ________
 1            320.148        34.401        -0.844         4.432


           Covariances
              IA            IA_SE         SA            SA_SE
              ________      ________      ________      ________
 IA          8160.061
 IA_SE       -146.347        34.192
 SA          -229.448         4.910        15.038
 SA_SE         -1.089         0.224         0.026         0.003


           Correlations
              IA            IA_SE         SA            SA_SE
              ________      ________      ________      ________
 IA             1.000
 IA_SE         -0.277         1.000
 SA            -0.655         0.217         1.000
 SA_SE         -0.231         0.735         0.127         1.000


RESULTS SAVING INFORMATION

  Order of data

    Parameter estimates
     (saved in order shown in Technical 1 output)
    Standard errors
     (saved in order shown in Technical 1 output)
    H0 Loglikelihood
    H0 Scaling Correction Factor for MLR
    Number of Free Parameters
    Akaike (AIC)
    Bayesian (BIC)
    Sample-Size Adjusted BIC

  Save file
    u1_123_aefb_pef_results.dat

  Save file format           Free


PLOT INFORMATION

The following plots are available:

  Histograms (sample values, estimated factor scores)
  Scatterplots (sample values, estimated factor scores)
  Latent variable distribution plots

SAVEDATA INFORMATION


  Save file
    u1_123_aefb_pef_fscores.dat

  Order and format of variables

    A_01           F10.3
    A_02           F10.3
    A_03           F10.3
    AGE_C80        F10.3
    EDU_C7         F10.3
    FEMALE         F10.3
    SBP_C167       F10.3
    TIME_01        F10.3
    TIME_02        F10.3
    TIME_03        F10.3
    _WEIGHT        F10.3
    IA             F10.3
    IA_SE          F10.3
    SA             F10.3
    SA_SE          F10.3
    PAIRID         I5

  Save file format
    15F10.3 I5

  Save file record length    10000


     Beginning Time:  11:42:59
        Ending Time:  11:43:04
       Elapsed Time:  00:00:05



MUTHEN & MUTHEN
3463 Stoner Ave.
Los Angeles, CA  90066

Tel: (310) 391-9971
Fax: (310) 391-8971
Web: www.StatModel.com
Support: Support@StatModel.com

Copyright (c) 1998-2014 Muthen & Muthen
