Mplus VERSION 7.3
MUTHEN & MUTHEN
12/17/2016  12:00 PM

INPUT INSTRUCTIONS

  TITLE:
  Script produced from the prototype in ./sandbox/syntax-creator/
  DATA:
  File = wide-dataset.dat ;
  VARIABLE:
  NAMES are
   Case PairID female age_c80 edu_c7 sbp_c167 smoke cardio diabetes dementia_ever
      years_since_bl_01 years_since_bl_02 years_since_bl_03 years_since_bl_04
      years_since_bl_05 pef_01 pef_02 pef_03 pef_04 pef_05 grip_01 grip_02 grip_03
      grip_04 grip_05 gait_01 gait_02 gait_03 gait_04 gait_05 block_01 block_02
      block_03 block_04 block_05 digitspanbackward_01 digitspanbackward_02
      digitspanbackward_03 digitspanbackward_04 digitspanbackward_05
      digitspanforward_01 digitspanforward_02 digitspanforward_03 digitspanforward_04
      digitspanforward_05 symbol_01 symbol_02 symbol_03 symbol_04 symbol_05 prose_01
      prose_02 prose_03 prose_04 prose_05 info_01 info_02 info_03 info_04 info_05
      synonyms_01 synonyms_02 synonyms_03 synonyms_04 synonyms_05 psif_01 psif_02
      psif_03 psif_04 psif_05 figure_01 figure_02 figure_03 figure_04 figure_05
      mirrecall_01 mirrecall_02 mirrecall_03 mirrecall_04 mirrecall_05 mmse_01 mmse_02
      mmse_03 mmse_04 mmse_05 mirnaming_01 mirnaming_02 mirnaming_03 mirnaming_04
      mirnaming_05 mirrecog_01 mirrecog_02 mirrecog_03 mirrecog_04 mirrecog_05
      clock_01 clock_02 clock_03 clock_04 clock_05
  	;
  Missing are all (-9999);
  USEVARIABLES are
  	!define the variables used in the analysis
  	! covariates used in the model
  age_c80
  edu_c7
  female
  sbp_c167	
  	!estimated time points
  time_01
  time_03
  time_04
  time_05
  	!modelled time points of process (A)
  a_01
  a_03
  a_04
  a_05
  ;
  TSCORES are
  	!estimated time points
  time_01
  time_03
  time_04
  time_05;
  CLUSTER = PairID;
  SUBPOPULATION are
  	!select a subset of observations
  dementia_ever NE 1
  ;
  DEFINE:
  	! assign variables to the process (A)
  a_01 = pef_01;
  a_03 = pef_03;
  a_04 = pef_04;
  a_05 = pef_05;
  	!assign variables to time points
  time_01 = years_since_bl_01;
  time_03 = years_since_bl_03;
  time_04 = years_since_bl_04;
  time_05 = years_since_bl_05;
  	
  ANALYSIS: TYPE = RANDOM COMPLEX;
  COVERAGE=.00;
  MODEL:
  	!first-level equation
  	! assign process (A) to time points
  ia sa qa | a_01 AT time_01 ;
  ia sa qa | a_03 AT time_03 ;
  ia sa qa | a_04 AT time_04 ;
  ia sa qa | a_05 AT time_05 ;
  	!variance of the first-level terms
  ia (v_ia);
  sa (v_sa);
  qa (v_qa);
  	!covariance among first-level terms
  ia WITH sa (c_iasa);
  ia WITH qa (c_iaqa);
  sa WITH qa (c_saqa);
  	!second-level equation
  ia sa qa ON age_c80
  edu_c7
  female
  sbp_c167;
  	!residual covariance of process (A)
  a_01 (res_a);
  a_03 (res_a);
  a_04 (res_a);
  a_05 (res_a);	
  SAVEDATA:
  FILE is   u2_1345_aefb_pef_fscores.dat;
  SAVE = FSCORES;
  RESULTS are   u2_1345_aefb_pef_results.dat;
  	
  OUTPUT: sampstat cinterval;
  PLOT: Type is Plot1 Plot2 Plot3;



*** WARNING
  Data set contains cases with missing on x-variables.
  These cases were not included in the analysis.
  Number of cases with missing on x-variables:  92
*** WARNING
  Data set contains cases with missing on all variables except
  x-variables.  These cases were not included in the analysis.
  Number of cases with missing on all variables except x-variables:  140
   2 WARNING(S) FOUND IN THE INPUT INSTRUCTIONS




Script produced from the prototype in ./sandbox/syntax-creator/

SUMMARY OF ANALYSIS

Number of groups                                                 1
Number of observations                                         362

Number of dependent variables                                    4
Number of independent variables                                  4
Number of continuous latent variables                            3

Observed dependent variables

  Continuous
   A_01        A_03        A_04        A_05

Observed independent variables
   AGE_C80     EDU_C7      FEMALE      SBP_C167

Continuous latent variables
   IA          SA          QA

Variables with special functions

  Cluster variable      PAIRID
  Weight variable       _WEIGHT

  Time scores
   TIME_01     TIME_03     TIME_04     TIME_05


Estimator                                                      MLR
Information matrix                                        OBSERVED
Maximum number of iterations                                   100
Convergence criterion                                    0.100D-05
Maximum number of EM iterations                                500
Convergence criteria for the EM algorithm
  Loglikelihood change                                   0.100D-02
  Relative loglikelihood change                          0.100D-05
  Derivative                                             0.100D-03
Minimum variance                                         0.100D-03
Maximum number of steepest descent iterations                   20
Maximum number of iterations for H1                           2000
Convergence criterion for H1                             0.100D-03
Optimization algorithm                                         EMA

Input data file(s)
  wide-dataset.dat
Input data format  FREE



SAMPLE STATISTICS


     ESTIMATED SAMPLE STATISTICS


           Means
              A_01          A_03          A_04          A_05          AGE_C80
              ________      ________      ________      ________      ________
 1            323.865       317.584       294.141       265.241         2.915


           Means
              EDU_C7        FEMALE        SBP_C167
              ________      ________      ________
 1              0.312         0.657        -5.260


           Covariances
              A_01          A_03          A_04          A_05          AGE_C80
              ________      ________      ________      ________      ________
 A_01       11335.091
 A_03        8024.042      9529.465
 A_04        7199.340      7356.568      9445.948
 A_05        6913.878      6852.298      7031.538      9729.005
 AGE_C80      -57.829       -39.491       -23.520       -18.359         6.716
 EDU_C7        58.165        36.206        25.539        35.936        -0.421
 FEMALE       -24.107       -20.314       -21.420       -15.690         0.075
 SBP_C167    -103.291        13.189      -174.113       -96.731        -4.697


           Covariances
              EDU_C7        FEMALE        SBP_C167
              ________      ________      ________
 EDU_C7         5.905
 FEMALE        -0.139         0.225
 SBP_C167       1.252         0.776       508.573


           Correlations
              A_01          A_03          A_04          A_05          AGE_C80
              ________      ________      ________      ________      ________
 A_01           1.000
 A_03           0.772         1.000
 A_04           0.696         0.775         1.000
 A_05           0.658         0.712         0.733         1.000
 AGE_C80       -0.210        -0.156        -0.093        -0.072         1.000
 EDU_C7         0.225         0.153         0.108         0.150        -0.067
 FEMALE        -0.477        -0.439        -0.464        -0.335         0.061
 SBP_C167      -0.043         0.006        -0.079        -0.043        -0.080


           Correlations
              EDU_C7        FEMALE        SBP_C167
              ________      ________      ________
 EDU_C7         1.000
 FEMALE        -0.120         1.000
 SBP_C167       0.023         0.072         1.000


     MAXIMUM LOG-LIKELIHOOD VALUE FOR THE UNRESTRICTED (H1) MODEL IS -10596.515


UNIVARIATE HIGHER-ORDER MOMENT DESCRIPTIVE STATISTICS


     UNIVARIATE HIGHER-ORDER MOMENT DESCRIPTIVE STATISTICS

         Variable/         Mean/     Skewness/   Minimum/ % with                Percentiles
        Sample Size      Variance    Kurtosis    Maximum  Min/Max      20%/60%    40%/80%    Median

     A_01                325.912       0.138      90.000    0.23%     230.000    300.000    310.000
             441.000   11289.757      -0.197     620.000    0.23%     350.000    400.000
     A_03                330.689       0.216      60.000    0.42%     250.000    300.000    320.000
             240.000    9322.102      -0.373     600.000    0.42%     350.000    420.000
     A_04                300.064       0.587     110.000    1.05%     210.000    250.000    270.000
             190.000    9347.130      -0.191     590.000    0.53%     300.000    370.000
     A_05                278.973       0.863      60.000    0.81%     200.000    250.000    250.000
             124.000    9205.419       1.024     630.000    0.81%     270.000    350.000
     AGE_C80               2.915       1.091      -0.630    0.21%       0.847      1.518      2.019
             470.000       6.716       0.615      12.937    0.21%       2.707      5.093
     EDU_C7                0.312       2.486      -5.000    0.43%      -1.000     -1.000     -1.000
             470.000       5.905       8.821      16.000    0.21%       0.000      1.000
     FEMALE                0.657      -0.664       0.000   35.53%       0.000      1.000      1.000
             470.000       0.225      -1.560       1.000   64.47%       1.000      1.000
     SBP_C167             -5.260       0.414     -57.000    1.06%     -27.000     -7.000     -7.000
             470.000     508.573       0.764      93.000    0.21%      -2.000     13.000


THE MODEL ESTIMATION TERMINATED NORMALLY



MODEL FIT INFORMATION

Number of Free Parameters                       22

Loglikelihood

          H0 Value                       -4592.447
          H0 Scaling Correction Factor      1.0410
            for MLR

Information Criteria

          Akaike (AIC)                    9228.893
          Bayesian (BIC)                  9314.509
          Sample-Size Adjusted BIC        9244.713
            (n* = (n + 2) / 24)



MODEL RESULTS

                                                    Two-Tailed
                    Estimate       S.E.  Est./S.E.    P-Value

 IA         ON
    AGE_C80           -7.200      1.998     -3.603      0.000
    EDU_C7             7.084      1.627      4.355      0.000
    FEMALE           -99.182     11.717     -8.465      0.000
    SBP_C167          -0.124      0.223     -0.556      0.578

 SA         ON
    AGE_C80            0.678      0.907      0.747      0.455
    EDU_C7            -1.570      0.789     -1.989      0.047
    FEMALE             0.220      4.927      0.045      0.964
    SBP_C167           0.077      0.088      0.876      0.381

 QA         ON
    AGE_C80            0.006      0.128      0.051      0.959
    EDU_C7             0.146      0.102      1.437      0.151
    FEMALE             0.404      0.691      0.585      0.559
    SBP_C167          -0.011      0.011     -0.974      0.330

 IA       WITH
    SA              -207.780    209.370     -0.992      0.321
    QA                 5.079     26.275      0.193      0.847

 SA       WITH
    QA                -8.255     10.452     -0.790      0.430

 Intercepts
    A_01               0.000      0.000    999.000    999.000
    A_03               0.000      0.000    999.000    999.000
    A_04               0.000      0.000    999.000    999.000
    A_05               0.000      0.000    999.000    999.000
    IA               407.472     11.729     34.740      0.000
    SA                 2.561      4.442      0.577      0.564
    QA                -1.782      0.652     -2.731      0.006

 Residual Variances
    A_01            2093.428    257.265      8.137      0.000
    A_03            2093.428    257.265      8.137      0.000
    A_04            2093.428    257.265      8.137      0.000
    A_05            2093.428    257.265      8.137      0.000
    IA              6007.883    676.962      8.875      0.000
    SA                96.497     95.483      1.011      0.312
    QA                 1.209      1.234      0.979      0.327


QUALITY OF NUMERICAL RESULTS

     Condition Number for the Information Matrix              0.121E-06
       (ratio of smallest to largest eigenvalue)


CONFIDENCE INTERVALS OF MODEL RESULTS

                  Lower .5%  Lower 2.5%    Lower 5%    Estimate    Upper 5%  Upper 2.5%   Upper .5%

 IA       ON
    AGE_C80        -12.348     -11.117     -10.488      -7.200      -3.913      -3.284      -2.053
    EDU_C7           2.895       3.896       4.409       7.084       9.760      10.272      11.274
    FEMALE        -129.364    -122.148    -118.457     -99.182     -79.907     -76.216     -69.001
    SBP_C167        -0.699      -0.561      -0.491      -0.124       0.243       0.313       0.450

 SA       ON
    AGE_C80         -1.658      -1.099      -0.814       0.678       2.169       2.455       3.013
    EDU_C7          -3.603      -3.117      -2.869      -1.570      -0.271      -0.023       0.463
    FEMALE         -12.471      -9.437      -7.885       0.220       8.325       9.877      12.911
    SBP_C167        -0.150      -0.095      -0.068       0.077       0.222       0.250       0.304

 QA       ON
    AGE_C80         -0.322      -0.243      -0.203       0.006       0.216       0.256       0.335
    EDU_C7          -0.116      -0.053      -0.021       0.146       0.314       0.346       0.409
    FEMALE          -1.376      -0.950      -0.733       0.404       1.541       1.759       2.185
    SBP_C167        -0.040      -0.033      -0.030      -0.011       0.008       0.011       0.018

 IA       WITH
    SA            -747.075    -618.145    -552.194    -207.780     136.633     202.585     331.515
    QA             -62.599     -46.420     -38.143       5.079      48.300      56.577      72.757

 SA       WITH
    QA             -35.178     -28.742     -25.449      -8.255       8.939      12.232      18.668

 Intercepts
    A_01             0.000       0.000       0.000       0.000       0.000       0.000       0.000
    A_03             0.000       0.000       0.000       0.000       0.000       0.000       0.000
    A_04             0.000       0.000       0.000       0.000       0.000       0.000       0.000
    A_05             0.000       0.000       0.000       0.000       0.000       0.000       0.000
    IA             377.260     384.482     388.177     407.472     426.766     430.461     437.684
    SA              -8.880      -6.144      -4.745       2.561       9.868      11.267      14.002
    QA              -3.462      -3.060      -2.855      -1.782      -0.708      -0.503      -0.101

 Residual Variances
    A_01          1430.765    1589.189    1670.227    2093.428    2516.629    2597.667    2756.091
    A_03          1430.765    1589.189    1670.227    2093.428    2516.629    2597.667    2756.091
    A_04          1430.765    1589.189    1670.227    2093.428    2516.629    2597.667    2756.091
    A_05          1430.765    1589.189    1670.227    2093.428    2516.629    2597.667    2756.091
    IA            4264.164    4681.037    4894.280    6007.883    7121.485    7334.729    7751.602
    SA            -149.449     -90.651     -60.573      96.497     253.567     283.644     342.443
    QA              -1.970      -1.210      -0.821       1.209       3.239       3.627       4.387


SAMPLE STATISTICS FOR ESTIMATED FACTOR SCORES


     SAMPLE STATISTICS


           Means
              IA            IA_SE         SA            SA_SE         QA
              ________      ________      ________      ________      ________
 1            319.216        36.148         4.011         9.278        -1.417


           Means
              QA_SE
              ________
 1              1.078


           Covariances
              IA            IA_SE         SA            SA_SE         QA
              ________      ________      ________      ________      ________
 IA          8155.077
 IA_SE        -80.580        21.335
 SA          -255.010         3.514        30.598
 SA_SE         -5.476         1.393         0.243         0.099
 QA             1.566        -0.076        -1.849        -0.003         0.239
 QA_SE         -0.495         0.076         0.020         0.006        -0.001


           Covariances
              QA_SE
              ________
 QA_SE          0.001


           Correlations
              IA            IA_SE         SA            SA_SE         QA
              ________      ________      ________      ________      ________
 IA             1.000
 IA_SE         -0.193         1.000
 SA            -0.511         0.138         1.000
 SA_SE         -0.193         0.958         0.140         1.000
 QA             0.035        -0.034        -0.684        -0.021         1.000
 QA_SE         -0.212         0.633         0.143         0.701        -0.061


           Correlations
              QA_SE
              ________
 QA_SE          1.000


RESULTS SAVING INFORMATION

  Order of data

    Parameter estimates
     (saved in order shown in Technical 1 output)
    Standard errors
     (saved in order shown in Technical 1 output)
    H0 Loglikelihood
    H0 Scaling Correction Factor for MLR
    Number of Free Parameters
    Akaike (AIC)
    Bayesian (BIC)
    Sample-Size Adjusted BIC

  Save file
    u2_1345_aefb_pef_results.dat

  Save file format           Free


PLOT INFORMATION

The following plots are available:

  Histograms (sample values, estimated factor scores)
  Scatterplots (sample values, estimated factor scores)
  Latent variable distribution plots

SAVEDATA INFORMATION


  Save file
    u2_1345_aefb_pef_fscores.dat

  Order and format of variables

    A_01           F10.3
    A_03           F10.3
    A_04           F10.3
    A_05           F10.3
    AGE_C80        F10.3
    EDU_C7         F10.3
    FEMALE         F10.3
    SBP_C167       F10.3
    TIME_01        F10.3
    TIME_03        F10.3
    TIME_04        F10.3
    TIME_05        F10.3
    _WEIGHT        F10.3
    IA             F10.3
    IA_SE          F10.3
    SA             F10.3
    SA_SE          F10.3
    QA             F10.3
    QA_SE          F10.3
    PAIRID         I5

  Save file format
    19F10.3 I5

  Save file record length    10000


     Beginning Time:  12:00:09
        Ending Time:  12:00:11
       Elapsed Time:  00:00:02



MUTHEN & MUTHEN
3463 Stoner Ave.
Los Angeles, CA  90066

Tel: (310) 391-9971
Fax: (310) 391-8971
Web: www.StatModel.com
Support: Support@StatModel.com

Copyright (c) 1998-2014 Muthen & Muthen
