Mplus VERSION 7.3
MUTHEN & MUTHEN
12/17/2016  11:56 AM

INPUT INSTRUCTIONS

  TITLE:
  Script produced from the prototype in ./sandbox/syntax-creator/
  DATA:
  File = wide-dataset.dat ;
  VARIABLE:
  NAMES are
   Case PairID female age_c80 edu_c7 sbp_c167 smoke cardio diabetes dementia_ever
      years_since_bl_01 years_since_bl_02 years_since_bl_03 years_since_bl_04
      years_since_bl_05 pef_01 pef_02 pef_03 pef_04 pef_05 grip_01 grip_02 grip_03
      grip_04 grip_05 gait_01 gait_02 gait_03 gait_04 gait_05 block_01 block_02
      block_03 block_04 block_05 digitspanbackward_01 digitspanbackward_02
      digitspanbackward_03 digitspanbackward_04 digitspanbackward_05
      digitspanforward_01 digitspanforward_02 digitspanforward_03 digitspanforward_04
      digitspanforward_05 symbol_01 symbol_02 symbol_03 symbol_04 symbol_05 prose_01
      prose_02 prose_03 prose_04 prose_05 info_01 info_02 info_03 info_04 info_05
      synonyms_01 synonyms_02 synonyms_03 synonyms_04 synonyms_05 psif_01 psif_02
      psif_03 psif_04 psif_05 figure_01 figure_02 figure_03 figure_04 figure_05
      mirrecall_01 mirrecall_02 mirrecall_03 mirrecall_04 mirrecall_05 mmse_01 mmse_02
      mmse_03 mmse_04 mmse_05 mirnaming_01 mirnaming_02 mirnaming_03 mirnaming_04
      mirnaming_05 mirrecog_01 mirrecog_02 mirrecog_03 mirrecog_04 mirrecog_05
      clock_01 clock_02 clock_03 clock_04 clock_05
  	;
  Missing are all (-9999);
  USEVARIABLES are
  	!define the variables used in the analysis
  	! covariates used in the model
  age_c80
  edu_c7
  female
  sbp_c167	
  	!estimated time points
  time_01
  time_02
  time_03
  time_04
  time_05
  	!modelled time points of process (A)
  a_01
  a_02
  a_03
  a_04
  a_05
  ;
  TSCORES are
  	!estimated time points
  time_01
  time_02
  time_03
  time_04
  time_05;
  CLUSTER = PairID;
  SUBPOPULATION are
  	!select a subset of observations
  dementia_ever NE 1
  ;
  DEFINE:
  	! assign variables to the process (A)
  a_01 = pef_01;
  a_02 = pef_02;
  a_03 = pef_03;
  a_04 = pef_04;
  a_05 = pef_05;
  	!assign variables to time points
  time_01 = years_since_bl_01;
  time_02 = years_since_bl_02;
  time_03 = years_since_bl_03;
  time_04 = years_since_bl_04;
  time_05 = years_since_bl_05;
  	
  ANALYSIS: TYPE = RANDOM COMPLEX;
  COVERAGE=.00;
  MODEL:
  	!first-level equation
  	! assign process (A) to time points
  ia sa qa | a_01 AT time_01 ;
  ia sa qa | a_02 AT time_02 ;
  ia sa qa | a_03 AT time_03 ;
  ia sa qa | a_04 AT time_04 ;
  ia sa qa | a_05 AT time_05 ;
  	!variance of the first-level terms
  ia (v_ia);
  sa (v_sa);
  qa (v_qa);
  	!covariance among first-level terms
  ia WITH sa (c_iasa);
  ia WITH qa (c_iaqa);
  sa WITH qa (c_saqa);
  	!second-level equation
  ia sa qa ON age_c80
  edu_c7
  female
  sbp_c167;
  	!residual covariance of process (A)
  a_01 (res_a);
  a_02 (res_a);
  a_03 (res_a);
  a_04 (res_a);
  a_05 (res_a);	
  SAVEDATA:
  FILE is   u2_12345_aefb_pef_fscores.dat;
  SAVE = FSCORES;
  RESULTS are   u2_12345_aefb_pef_results.dat;
  	
  OUTPUT: sampstat cinterval;
  PLOT: Type is Plot1 Plot2 Plot3;



*** WARNING
  Data set contains cases with missing on x-variables.
  These cases were not included in the analysis.
  Number of cases with missing on x-variables:  92
*** WARNING
  Data set contains cases with missing on all variables except
  x-variables.  These cases were not included in the analysis.
  Number of cases with missing on all variables except x-variables:  119
   2 WARNING(S) FOUND IN THE INPUT INSTRUCTIONS




Script produced from the prototype in ./sandbox/syntax-creator/

SUMMARY OF ANALYSIS

Number of groups                                                 1
Number of observations                                         375

Number of dependent variables                                    5
Number of independent variables                                  4
Number of continuous latent variables                            3

Observed dependent variables

  Continuous
   A_01        A_02        A_03        A_04        A_05

Observed independent variables
   AGE_C80     EDU_C7      FEMALE      SBP_C167

Continuous latent variables
   IA          SA          QA

Variables with special functions

  Cluster variable      PAIRID
  Weight variable       _WEIGHT

  Time scores
   TIME_01     TIME_02     TIME_03     TIME_04     TIME_05


Estimator                                                      MLR
Information matrix                                        OBSERVED
Maximum number of iterations                                   100
Convergence criterion                                    0.100D-05
Maximum number of EM iterations                                500
Convergence criteria for the EM algorithm
  Loglikelihood change                                   0.100D-02
  Relative loglikelihood change                          0.100D-05
  Derivative                                             0.100D-03
Minimum variance                                         0.100D-03
Maximum number of steepest descent iterations                   20
Maximum number of iterations for H1                           2000
Convergence criterion for H1                             0.100D-03
Optimization algorithm                                         EMA

Input data file(s)
  wide-dataset.dat
Input data format  FREE



SAMPLE STATISTICS


     ESTIMATED SAMPLE STATISTICS


           Means
              A_01          A_02          A_03          A_04          A_05
              ________      ________      ________      ________      ________
 1            322.100       331.894       315.106       292.519       263.519


           Means
              AGE_C80       EDU_C7        FEMALE        SBP_C167
              ________      ________      ________      ________
 1              2.939         0.339         0.659        -5.413


           Covariances
              A_01          A_02          A_03          A_04          A_05
              ________      ________      ________      ________      ________
 A_01       11205.923
 A_02        8854.479     11476.646
 A_03        7740.631      7872.520      9476.648
 A_04        6847.364      7526.408      7213.400      9315.358
 A_05        6581.422      7757.569      6651.700      6852.924      9594.750
 AGE_C80      -60.772       -50.871       -36.220       -21.307       -14.562
 EDU_C7        52.138        20.222        31.492        21.981        31.840
 FEMALE       -23.515       -22.608       -20.888       -22.160       -16.104
 SBP_C167     -82.562       -66.656        11.957      -158.080       -57.583


           Covariances
              AGE_C80       EDU_C7        FEMALE        SBP_C167
              ________      ________      ________      ________
 AGE_C80        6.774
 EDU_C7        -0.350         6.011
 FEMALE         0.069        -0.108         0.225
 SBP_C167      -3.502         0.449         0.742       509.016


           Correlations
              A_01          A_02          A_03          A_04          A_05
              ________      ________      ________      ________      ________
 A_01           1.000
 A_02           0.781         1.000
 A_03           0.751         0.755         1.000
 A_04           0.670         0.728         0.768         1.000
 A_05           0.635         0.739         0.698         0.725         1.000
 AGE_C80       -0.221        -0.182        -0.143        -0.085        -0.057
 EDU_C7         0.201         0.077         0.132         0.093         0.133
 FEMALE        -0.468        -0.445        -0.453        -0.484        -0.347
 SBP_C167      -0.035        -0.028         0.005        -0.073        -0.026


           Correlations
              AGE_C80       EDU_C7        FEMALE        SBP_C167
              ________      ________      ________      ________
 AGE_C80        1.000
 EDU_C7        -0.055         1.000
 FEMALE         0.056        -0.093         1.000
 SBP_C167      -0.060         0.008         0.069         1.000


     MAXIMUM LOG-LIKELIHOOD VALUE FOR THE UNRESTRICTED (H1) MODEL IS -12801.912


UNIVARIATE HIGHER-ORDER MOMENT DESCRIPTIVE STATISTICS


     UNIVARIATE HIGHER-ORDER MOMENT DESCRIPTIVE STATISTICS

         Variable/         Mean/     Skewness/   Minimum/ % with                Percentiles
        Sample Size      Variance    Kurtosis    Maximum  Min/Max      20%/60%    40%/80%    Median

     A_01                325.912       0.138      90.000    0.23%     230.000    300.000    310.000
             441.000   11289.757      -0.197     620.000    0.23%     350.000    400.000
     A_02                341.929       0.326      90.000    0.29%     250.000    300.000    330.000
             346.000   11211.354      -0.015     680.000    0.29%     350.000    430.000
     A_03                330.689       0.216      60.000    0.42%     250.000    300.000    320.000
             240.000    9322.102      -0.373     600.000    0.42%     350.000    420.000
     A_04                300.064       0.587     110.000    1.05%     210.000    250.000    270.000
             190.000    9347.130      -0.191     590.000    0.53%     300.000    370.000
     A_05                278.973       0.863      60.000    0.81%     200.000    250.000    250.000
             124.000    9205.419       1.024     630.000    0.81%     270.000    350.000
     AGE_C80               2.939       1.071      -0.630    0.20%       0.847      1.522      2.110
             491.000       6.774       0.536      12.937    0.20%       2.768      5.093
     EDU_C7                0.339       2.372      -5.000    0.41%      -1.000     -1.000     -1.000
             491.000       6.011       8.137      16.000    0.20%       0.000      1.000
     FEMALE                0.659      -0.669       0.000   35.23%       0.000      1.000      1.000
             491.000       0.225      -1.552       1.000   64.77%       1.000      1.000
     SBP_C167             -5.413       0.381     -57.000    1.22%     -27.000     -7.000     -7.000
             491.000     509.016       0.738      93.000    0.20%      -2.000     13.000


THE MODEL ESTIMATION TERMINATED NORMALLY



MODEL FIT INFORMATION

Number of Free Parameters                       22

Loglikelihood

          H0 Value                       -6081.917
          H0 Scaling Correction Factor      1.0477
            for MLR

Information Criteria

          Akaike (AIC)                   12207.833
          Bayesian (BIC)                 12294.226
          Sample-Size Adjusted BIC       12224.425
            (n* = (n + 2) / 24)



MODEL RESULTS

                                                    Two-Tailed
                    Estimate       S.E.  Est./S.E.    P-Value

 IA         ON
    AGE_C80           -7.884      1.994     -3.954      0.000
    EDU_C7             6.016      1.660      3.623      0.000
    FEMALE           -98.574     11.832     -8.331      0.000
    SBP_C167          -0.078      0.227     -0.346      0.730

 SA         ON
    AGE_C80            0.960      0.806      1.191      0.234
    EDU_C7            -2.047      0.708     -2.890      0.004
    FEMALE            -1.186      4.148     -0.286      0.775
    SBP_C167           0.055      0.083      0.663      0.507

 QA         ON
    AGE_C80           -0.018      0.103     -0.172      0.863
    EDU_C7             0.227      0.096      2.349      0.019
    FEMALE             0.526      0.548      0.960      0.337
    SBP_C167          -0.008      0.010     -0.850      0.395

 IA       WITH
    SA              -174.514    185.692     -0.940      0.347
    QA                -1.606     21.347     -0.075      0.940

 SA       WITH
    QA                -5.557      5.420     -1.025      0.305

 Intercepts
    A_01               0.000      0.000    999.000    999.000
    A_02               0.000      0.000    999.000    999.000
    A_03               0.000      0.000    999.000    999.000
    A_04               0.000      0.000    999.000    999.000
    A_05               0.000      0.000    999.000    999.000
    IA               409.514     11.976     34.195      0.000
    SA                 3.723      3.555      1.047      0.295
    QA                -1.989      0.498     -3.995      0.000

 Residual Variances
    A_01            2352.802    235.555      9.988      0.000
    A_02            2352.802    235.555      9.988      0.000
    A_03            2352.802    235.555      9.988      0.000
    A_04            2352.802    235.555      9.988      0.000
    A_05            2352.802    235.555      9.988      0.000
    IA              6102.461    630.437      9.680      0.000
    SA                82.809     63.579      1.302      0.193
    QA                 0.642      0.448      1.434      0.151


QUALITY OF NUMERICAL RESULTS

     Condition Number for the Information Matrix              0.708E-06
       (ratio of smallest to largest eigenvalue)


CONFIDENCE INTERVALS OF MODEL RESULTS

                  Lower .5%  Lower 2.5%    Lower 5%    Estimate    Upper 5%  Upper 2.5%   Upper .5%

 IA       ON
    AGE_C80        -13.019     -11.792     -11.164      -7.884      -4.604      -3.976      -2.748
    EDU_C7           1.740       2.762       3.285       6.016       8.748       9.271      10.293
    FEMALE        -129.052    -121.766    -118.039     -98.574     -79.110     -75.383     -68.097
    SBP_C167        -0.663      -0.523      -0.452      -0.078       0.295       0.366       0.506

 SA       ON
    AGE_C80         -1.116      -0.620      -0.366       0.960       2.286       2.540       3.036
    EDU_C7          -3.872      -3.436      -3.213      -2.047      -0.882      -0.659      -0.223
    FEMALE         -11.871      -9.317      -8.010      -1.186       5.638       6.945       9.500
    SBP_C167        -0.159      -0.108      -0.081       0.055       0.192       0.218       0.269

 QA       ON
    AGE_C80         -0.283      -0.220      -0.187      -0.018       0.152       0.184       0.248
    EDU_C7          -0.022       0.038       0.068       0.227       0.385       0.416       0.475
    FEMALE          -0.885      -0.548      -0.375       0.526       1.427       1.599       1.937
    SBP_C167        -0.034      -0.028      -0.025      -0.008       0.008       0.011       0.017

 IA       WITH
    SA            -652.820    -538.471    -479.977    -174.514     130.950     189.443     303.792
    QA             -56.592     -43.446     -36.722      -1.606      33.510      40.235      53.380

 SA       WITH
    QA             -19.517     -16.180     -14.472      -5.557       3.359       5.066       8.403

 Intercepts
    A_01             0.000       0.000       0.000       0.000       0.000       0.000       0.000
    A_02             0.000       0.000       0.000       0.000       0.000       0.000       0.000
    A_03             0.000       0.000       0.000       0.000       0.000       0.000       0.000
    A_04             0.000       0.000       0.000       0.000       0.000       0.000       0.000
    A_05             0.000       0.000       0.000       0.000       0.000       0.000       0.000
    IA             378.666     386.041     389.813     409.514     429.214     432.986     440.361
    SA              -5.436      -3.246      -2.126       3.723       9.571      10.691      12.881
    QA              -3.271      -2.964      -2.808      -1.989      -1.170      -1.013      -0.706

 Residual Variances
    A_01          1746.059    1891.114    1965.314    2352.802    2740.290    2814.490    2959.545
    A_02          1746.059    1891.114    1965.314    2352.802    2740.290    2814.490    2959.545
    A_03          1746.059    1891.114    1965.314    2352.802    2740.290    2814.490    2959.545
    A_04          1746.059    1891.114    1965.314    2352.802    2740.290    2814.490    2959.545
    A_05          1746.059    1891.114    1965.314    2352.802    2740.290    2814.490    2959.545
    IA            4478.582    4866.805    5065.393    6102.461    7139.529    7338.117    7726.340
    SA             -80.957     -41.805     -21.778      82.809     187.396     207.423     246.575
    QA              -0.511      -0.235      -0.094       0.642       1.378       1.519       1.795


SAMPLE STATISTICS FOR ESTIMATED FACTOR SCORES


     SAMPLE STATISTICS


           Means
              IA            IA_SE         SA            SA_SE         QA
              ________      ________      ________      ________      ________
 1            318.290        34.442         5.055         8.544        -1.600


           Means
              QA_SE
              ________
 1              0.784


           Covariances
              IA            IA_SE         SA            SA_SE         QA
              ________      ________      ________      ________      ________
 IA          8232.186
 IA_SE       -129.719        31.826
 SA          -209.251         5.148        39.876
 SA_SE         -7.920         1.802         0.315         0.144
 QA            -4.708        -0.036        -3.032        -0.003         0.365
 QA_SE         -0.275         0.059         0.013         0.004         0.000


           Covariances
              QA_SE
              ________
 QA_SE          0.000


           Correlations
              IA            IA_SE         SA            SA_SE         QA
              ________      ________      ________      ________      ________
 IA             1.000
 IA_SE         -0.253         1.000
 SA            -0.365         0.144         1.000
 SA_SE         -0.230         0.842         0.131         1.000
 QA            -0.086        -0.011        -0.795        -0.014         1.000
 QA_SE         -0.247         0.852         0.163         0.896        -0.035


           Correlations
              QA_SE
              ________
 QA_SE          1.000


RESULTS SAVING INFORMATION

  Order of data

    Parameter estimates
     (saved in order shown in Technical 1 output)
    Standard errors
     (saved in order shown in Technical 1 output)
    H0 Loglikelihood
    H0 Scaling Correction Factor for MLR
    Number of Free Parameters
    Akaike (AIC)
    Bayesian (BIC)
    Sample-Size Adjusted BIC

  Save file
    u2_12345_aefb_pef_results.dat

  Save file format           Free


PLOT INFORMATION

The following plots are available:

  Histograms (sample values, estimated factor scores)
  Scatterplots (sample values, estimated factor scores)
  Latent variable distribution plots

SAVEDATA INFORMATION


  Save file
    u2_12345_aefb_pef_fscores.dat

  Order and format of variables

    A_01           F10.3
    A_02           F10.3
    A_03           F10.3
    A_04           F10.3
    A_05           F10.3
    AGE_C80        F10.3
    EDU_C7         F10.3
    FEMALE         F10.3
    SBP_C167       F10.3
    TIME_01        F10.3
    TIME_02        F10.3
    TIME_03        F10.3
    TIME_04        F10.3
    TIME_05        F10.3
    _WEIGHT        F10.3
    IA             F10.3
    IA_SE          F10.3
    SA             F10.3
    SA_SE          F10.3
    QA             F10.3
    QA_SE          F10.3
    PAIRID         I5

  Save file format
    21F10.3 I5

  Save file record length    10000


     Beginning Time:  11:56:26
        Ending Time:  11:57:16
       Elapsed Time:  00:00:50



MUTHEN & MUTHEN
3463 Stoner Ave.
Los Angeles, CA  90066

Tel: (310) 391-9971
Fax: (310) 391-8971
Web: www.StatModel.com
Support: Support@StatModel.com

Copyright (c) 1998-2014 Muthen & Muthen
