Mplus VERSION 7.3
MUTHEN & MUTHEN
12/17/2016   6:13 PM

INPUT INSTRUCTIONS

  TITLE:
  Script produced from the prototype in ./sandbox/syntax-creator/
  DATA:
  File = wide-dataset.dat ;
  VARIABLE:
  NAMES are
   Case PairID female age_c80 edu_c7 sbp_c167 smoke cardio diabetes dementia_ever
      years_since_bl_01 years_since_bl_02 years_since_bl_03 years_since_bl_04
      years_since_bl_05 pef_01 pef_02 pef_03 pef_04 pef_05 grip_01 grip_02 grip_03
      grip_04 grip_05 gait_01 gait_02 gait_03 gait_04 gait_05 block_01 block_02
      block_03 block_04 block_05 digitspanbackward_01 digitspanbackward_02
      digitspanbackward_03 digitspanbackward_04 digitspanbackward_05
      digitspanforward_01 digitspanforward_02 digitspanforward_03 digitspanforward_04
      digitspanforward_05 symbol_01 symbol_02 symbol_03 symbol_04 symbol_05 prose_01
      prose_02 prose_03 prose_04 prose_05 info_01 info_02 info_03 info_04 info_05
      synonyms_01 synonyms_02 synonyms_03 synonyms_04 synonyms_05 psif_01 psif_02
      psif_03 psif_04 psif_05 figure_01 figure_02 figure_03 figure_04 figure_05
      mirrecall_01 mirrecall_02 mirrecall_03 mirrecall_04 mirrecall_05 mmse_01 mmse_02
      mmse_03 mmse_04 mmse_05 mirnaming_01 mirnaming_02 mirnaming_03 mirnaming_04
      mirnaming_05 mirrecog_01 mirrecog_02 mirrecog_03 mirrecog_04 mirrecog_05
      clock_01 clock_02 clock_03 clock_04 clock_05
  	;
  Missing are all (-9999);
  USEVARIABLES are
  	!define the variables used in the analysis
  	! covariates used in the model
  age_c80
  edu_c7
  female
  sbp_c167	
  	!estimated time points
  time_01
  time_02
  time_05
  	!modelled time points of process (A)
  a_01
  a_02
  a_05
  ;
  TSCORES are
  	!estimated time points
  time_01
  time_02
  time_05;
  CLUSTER = PairID;
  SUBPOPULATION are
  	!select a subset of observations
  dementia_ever NE 1
  ;
  DEFINE:
  	! assign variables to the process (A)
  a_01 = pef_01;
  a_02 = pef_02;
  a_05 = pef_05;
  	!assign variables to time points
  time_01 = years_since_bl_01;
  time_02 = years_since_bl_02;
  time_05 = years_since_bl_05;
  	
  ANALYSIS: TYPE = RANDOM COMPLEX;
  COVERAGE=.00;
  MODEL:
  	!first-level equation
  	! assign process (A) to time points
  ia sa qa | a_01 AT time_01 ;
  ia sa qa | a_02 AT time_02 ;
  ia sa qa | a_05 AT time_05 ;
  	!variance of the first-level terms
  ia (v_ia);
  sa (v_sa);
  qa (v_qa);
  	!covariance among first-level terms
  ia WITH sa (c_iasa);
  ia WITH qa (c_iaqa);
  sa WITH qa (c_saqa);
  	!second-level equation
  ia sa qa ON age_c80
  edu_c7
  female
  sbp_c167;
  	!residual covariance of process (A)
  a_01 (res_a);
  a_02 (res_a);
  a_05 (res_a);	
  SAVEDATA:
  FILE is   u2_125_aefb_pef_fscores.dat;
  SAVE = FSCORES;
  RESULTS are   u2_125_aefb_pef_results.dat;
  	
  OUTPUT: sampstat cinterval;
  PLOT: Type is Plot1 Plot2 Plot3;



*** WARNING
  Data set contains cases with missing on x-variables.
  These cases were not included in the analysis.
  Number of cases with missing on x-variables:  92
*** WARNING
  Data set contains cases with missing on all variables except
  x-variables.  These cases were not included in the analysis.
  Number of cases with missing on all variables except x-variables:  127
   2 WARNING(S) FOUND IN THE INPUT INSTRUCTIONS




Script produced from the prototype in ./sandbox/syntax-creator/

SUMMARY OF ANALYSIS

Number of groups                                                 1
Number of observations                                         369

Number of dependent variables                                    3
Number of independent variables                                  4
Number of continuous latent variables                            3

Observed dependent variables

  Continuous
   A_01        A_02        A_05

Observed independent variables
   AGE_C80     EDU_C7      FEMALE      SBP_C167

Continuous latent variables
   IA          SA          QA

Variables with special functions

  Cluster variable      PAIRID
  Weight variable       _WEIGHT

  Time scores
   TIME_01     TIME_02     TIME_05


Estimator                                                      MLR
Information matrix                                        OBSERVED
Maximum number of iterations                                   100
Convergence criterion                                    0.100D-05
Maximum number of EM iterations                                500
Convergence criteria for the EM algorithm
  Loglikelihood change                                   0.100D-02
  Relative loglikelihood change                          0.100D-05
  Derivative                                             0.100D-03
Minimum variance                                         0.100D-03
Maximum number of steepest descent iterations                   20
Maximum number of iterations for H1                           2000
Convergence criterion for H1                             0.100D-03
Optimization algorithm                                         EMA

Input data file(s)
  wide-dataset.dat
Input data format  FREE



SAMPLE STATISTICS


     ESTIMATED SAMPLE STATISTICS


           Means
              A_01          A_02          A_05          AGE_C80       EDU_C7
              ________      ________      ________      ________      ________
 1            323.274       333.071       265.846         2.947         0.352


           Means
              FEMALE        SBP_C167
              ________      ________
 1              0.659        -5.374


           Covariances
              A_01          A_02          A_05          AGE_C80       EDU_C7
              ________      ________      ________      ________      ________
 A_01       11189.315
 A_02        8837.129     11419.285
 A_05        6753.606      7983.137      9945.369
 AGE_C80      -64.090       -52.608       -14.999         6.792
 EDU_C7        52.269        19.521        27.825        -0.370         6.093
 FEMALE       -23.380       -22.649       -16.571         0.071        -0.110
 SBP_C167     -84.976       -71.271      -115.900        -4.318         0.416


           Covariances
              FEMALE        SBP_C167
              ________      ________
 FEMALE         0.225
 SBP_C167       0.772       503.860


           Correlations
              A_01          A_02          A_05          AGE_C80       EDU_C7
              ________      ________      ________      ________      ________
 A_01           1.000
 A_02           0.782         1.000
 A_05           0.640         0.749         1.000
 AGE_C80       -0.232        -0.189        -0.058         1.000
 EDU_C7         0.200         0.074         0.113        -0.058         1.000
 FEMALE        -0.466        -0.447        -0.350         0.058        -0.094
 SBP_C167      -0.036        -0.030        -0.052        -0.074         0.008


           Correlations
              FEMALE        SBP_C167
              ________      ________
 FEMALE         1.000
 SBP_C167       0.073         1.000


     MAXIMUM LOG-LIKELIHOOD VALUE FOR THE UNRESTRICTED (H1) MODEL IS -10198.444


UNIVARIATE HIGHER-ORDER MOMENT DESCRIPTIVE STATISTICS


     UNIVARIATE HIGHER-ORDER MOMENT DESCRIPTIVE STATISTICS

         Variable/         Mean/     Skewness/   Minimum/ % with                Percentiles
        Sample Size      Variance    Kurtosis    Maximum  Min/Max      20%/60%    40%/80%    Median

     A_01                325.912       0.138      90.000    0.23%     230.000    300.000    310.000
             441.000   11289.757      -0.197     620.000    0.23%     350.000    400.000
     A_02                341.929       0.326      90.000    0.29%     250.000    300.000    330.000
             346.000   11211.354      -0.015     680.000    0.29%     350.000    430.000
     A_05                278.973       0.863      60.000    0.81%     200.000    250.000    250.000
             124.000    9205.419       1.024     630.000    0.81%     270.000    350.000
     AGE_C80               2.947       1.082      -0.630    0.21%       0.854      1.522      2.085
             483.000       6.792       0.548      12.937    0.21%       2.768      5.081
     EDU_C7                0.352       2.347      -5.000    0.41%      -1.000     -1.000     -1.000
             483.000       6.093       7.963      16.000    0.21%       0.000      1.000
     FEMALE                0.659      -0.669       0.000   35.20%       0.000      1.000      1.000
             483.000       0.225      -1.553       1.000   64.80%       1.000      1.000
     SBP_C167             -5.374       0.408     -57.000    1.04%     -27.000     -7.000     -7.000
             483.000     503.860       0.771      93.000    0.21%      -2.000     13.000


THE MODEL ESTIMATION TERMINATED NORMALLY



MODEL FIT INFORMATION

Number of Free Parameters                       22

Loglikelihood

          H0 Value                       -4142.010
          H0 Scaling Correction Factor      1.0872
            for MLR

Information Criteria

          Akaike (AIC)                    8328.021
          Bayesian (BIC)                  8414.058
          Sample-Size Adjusted BIC        8344.260
            (n* = (n + 2) / 24)



MODEL RESULTS

                                                    Two-Tailed
                    Estimate       S.E.  Est./S.E.    P-Value

 IA         ON
    AGE_C80           -8.145      2.006     -4.061      0.000
    EDU_C7             6.301      1.616      3.900      0.000
    FEMALE           -98.251     11.701     -8.397      0.000
    SBP_C167          -0.101      0.222     -0.453      0.651

 SA         ON
    AGE_C80            0.645      1.201      0.537      0.592
    EDU_C7            -3.284      1.026     -3.202      0.001
    FEMALE            -0.489      5.948     -0.082      0.935
    SBP_C167           0.038      0.124      0.309      0.757

 QA         ON
    AGE_C80            0.032      0.133      0.242      0.809
    EDU_C7             0.362      0.132      2.737      0.006
    FEMALE             0.470      0.706      0.665      0.506
    SBP_C167          -0.005      0.014     -0.389      0.697

 IA       WITH
    SA              -401.345    412.294     -0.973      0.330
    QA                16.619     42.589      0.390      0.696

 SA       WITH
    QA               -90.985     46.920     -1.939      0.052

 Intercepts
    A_01               0.000      0.000    999.000    999.000
    A_02               0.000      0.000    999.000    999.000
    A_05               0.000      0.000    999.000    999.000
    IA               409.353     11.788     34.726      0.000
    SA                 8.528      5.611      1.520      0.129
    QA                -2.533      0.676     -3.745      0.000

 Residual Variances
    A_01            1206.263    490.747      2.458      0.014
    A_02            1206.263    490.747      2.458      0.014
    A_05            1206.263    490.747      2.458      0.014
    IA              6828.580    799.181      8.544      0.000
    SA               885.233    432.809      2.045      0.041
    QA                10.060      5.186      1.940      0.052


QUALITY OF NUMERICAL RESULTS

     Condition Number for the Information Matrix              0.255E-05
       (ratio of smallest to largest eigenvalue)


CONFIDENCE INTERVALS OF MODEL RESULTS

                  Lower .5%  Lower 2.5%    Lower 5%    Estimate    Upper 5%  Upper 2.5%   Upper .5%

 IA       ON
    AGE_C80        -13.310     -12.075     -11.444      -8.145      -4.845      -4.214      -2.979
    EDU_C7           2.139       3.134       3.643       6.301       8.959       9.468      10.463
    FEMALE        -128.390    -121.185    -117.499     -98.251     -79.003     -75.317     -68.112
    SBP_C167        -0.673      -0.536      -0.466      -0.101       0.265       0.335       0.471

 SA       ON
    AGE_C80         -2.450      -1.710      -1.332       0.645       2.621       2.999       3.739
    EDU_C7          -5.926      -5.294      -4.971      -3.284      -1.597      -1.274      -0.642
    FEMALE         -15.810     -12.147     -10.273      -0.489       9.296      11.170      14.833
    SBP_C167        -0.282      -0.205      -0.166       0.038       0.243       0.282       0.358

 QA       ON
    AGE_C80         -0.310      -0.228      -0.186       0.032       0.250       0.292       0.374
    EDU_C7           0.021       0.103       0.144       0.362       0.579       0.621       0.702
    FEMALE          -1.349      -0.914      -0.692       0.470       1.632       1.854       2.289
    SBP_C167        -0.042      -0.033      -0.029      -0.005       0.018       0.022       0.031

 IA       WITH
    SA           -1463.332   -1209.441   -1079.569    -401.345     276.879     406.751     660.642
    QA             -93.082     -66.855     -53.440      16.619      86.678     100.094     126.320

 SA       WITH
    QA            -211.841    -182.948    -168.168     -90.985     -13.801       0.979      29.872

 Intercepts
    A_01             0.000       0.000       0.000       0.000       0.000       0.000       0.000
    A_02             0.000       0.000       0.000       0.000       0.000       0.000       0.000
    A_05             0.000       0.000       0.000       0.000       0.000       0.000       0.000
    IA             378.990     386.249     389.962     409.353     428.744     432.458     439.717
    SA              -5.925      -2.470      -0.702       8.528      17.758      19.525      22.981
    QA              -4.276      -3.859      -3.646      -2.533      -1.420      -1.207      -0.791

 Residual Variances
    A_01           -57.801     244.400     398.985    1206.263    2013.542    2168.127    2470.328
    A_02           -57.801     244.400     398.985    1206.263    2013.542    2168.127    2470.328
    A_05           -57.801     244.400     398.985    1206.263    2013.542    2168.127    2470.328
    IA            4770.048    5262.184    5513.926    6828.580    8143.233    8394.975    8887.111
    SA            -229.597      36.927     173.262     885.233    1597.204    1733.539    2000.062
    QA              -3.299      -0.106       1.528      10.060      18.592      20.225      23.419


SAMPLE STATISTICS FOR ESTIMATED FACTOR SCORES


     SAMPLE STATISTICS


           Means
              IA            IA_SE         SA            SA_SE         QA
              ________      ________      ________      ________      ________
 1            317.991        31.762         8.754        23.896        -1.961


           Means
              QA_SE
              ________
 1              2.604


           Covariances
              IA            IA_SE         SA            SA_SE         QA
              ________      ________      ________      ________      ________
 IA          9245.449
 IA_SE        -84.605        45.883
 SA          -278.757        -6.157       345.388
 SA_SE        -82.134        12.691         5.341        14.907
 QA            -6.763         1.009       -34.427        -0.169         3.701
 QA_SE         -7.783         1.060         0.609         1.456        -0.027


           Covariances
              QA_SE
              ________
 QA_SE          0.144


           Correlations
              IA            IA_SE         SA            SA_SE         QA
              ________      ________      ________      ________      ________
 IA             1.000
 IA_SE         -0.130         1.000
 SA            -0.156        -0.049         1.000
 SA_SE         -0.221         0.485         0.074         1.000
 QA            -0.037         0.077        -0.963        -0.023         1.000
 QA_SE         -0.213         0.412         0.086         0.993        -0.037


           Correlations
              QA_SE
              ________
 QA_SE          1.000


RESULTS SAVING INFORMATION

  Order of data

    Parameter estimates
     (saved in order shown in Technical 1 output)
    Standard errors
     (saved in order shown in Technical 1 output)
    H0 Loglikelihood
    H0 Scaling Correction Factor for MLR
    Number of Free Parameters
    Akaike (AIC)
    Bayesian (BIC)
    Sample-Size Adjusted BIC

  Save file
    u2_125_aefb_pef_results.dat

  Save file format           Free


PLOT INFORMATION

The following plots are available:

  Histograms (sample values, estimated factor scores)
  Scatterplots (sample values, estimated factor scores)
  Latent variable distribution plots

SAVEDATA INFORMATION


  Save file
    u2_125_aefb_pef_fscores.dat

  Order and format of variables

    A_01           F10.3
    A_02           F10.3
    A_05           F10.3
    AGE_C80        F10.3
    EDU_C7         F10.3
    FEMALE         F10.3
    SBP_C167       F10.3
    TIME_01        F10.3
    TIME_02        F10.3
    TIME_05        F10.3
    _WEIGHT        F10.3
    IA             F10.3
    IA_SE          F10.3
    SA             F10.3
    SA_SE          F10.3
    QA             F10.3
    QA_SE          F10.3
    PAIRID         I5

  Save file format
    17F10.3 I5

  Save file record length    10000


     Beginning Time:  18:13:04
        Ending Time:  18:13:05
       Elapsed Time:  00:00:01



MUTHEN & MUTHEN
3463 Stoner Ave.
Los Angeles, CA  90066

Tel: (310) 391-9971
Fax: (310) 391-8971
Web: www.StatModel.com
Support: Support@StatModel.com

Copyright (c) 1998-2014 Muthen & Muthen
