Mplus VERSION 7.3
MUTHEN & MUTHEN
12/17/2016   6:07 PM

INPUT INSTRUCTIONS

  TITLE:
  Script produced from the prototype in ./sandbox/syntax-creator/
  DATA:
  File = wide-dataset.dat ;
  VARIABLE:
  NAMES are
   Case PairID female age_c80 edu_c7 sbp_c167 smoke cardio diabetes dementia_ever
      years_since_bl_01 years_since_bl_02 years_since_bl_03 years_since_bl_04
      years_since_bl_05 pef_01 pef_02 pef_03 pef_04 pef_05 grip_01 grip_02 grip_03
      grip_04 grip_05 gait_01 gait_02 gait_03 gait_04 gait_05 block_01 block_02
      block_03 block_04 block_05 digitspanbackward_01 digitspanbackward_02
      digitspanbackward_03 digitspanbackward_04 digitspanbackward_05
      digitspanforward_01 digitspanforward_02 digitspanforward_03 digitspanforward_04
      digitspanforward_05 symbol_01 symbol_02 symbol_03 symbol_04 symbol_05 prose_01
      prose_02 prose_03 prose_04 prose_05 info_01 info_02 info_03 info_04 info_05
      synonyms_01 synonyms_02 synonyms_03 synonyms_04 synonyms_05 psif_01 psif_02
      psif_03 psif_04 psif_05 figure_01 figure_02 figure_03 figure_04 figure_05
      mirrecall_01 mirrecall_02 mirrecall_03 mirrecall_04 mirrecall_05 mmse_01 mmse_02
      mmse_03 mmse_04 mmse_05 mirnaming_01 mirnaming_02 mirnaming_03 mirnaming_04
      mirnaming_05 mirrecog_01 mirrecog_02 mirrecog_03 mirrecog_04 mirrecog_05
      clock_01 clock_02 clock_03 clock_04 clock_05
  	;
  Missing are all (-9999);
  USEVARIABLES are
  	!define the variables used in the analysis
  	! covariates used in the model
  age_c80
  edu_c7
  female	
  	!estimated time points
  time_01
  time_02
  time_03
  	!modelled time points of process (A)
  a_01
  a_02
  a_03
  ;
  TSCORES are
  	!estimated time points
  time_01
  time_02
  time_03;
  CLUSTER = PairID;
  SUBPOPULATION are
  	!select a subset of observations
  dementia_ever NE 1
  ;
  DEFINE:
  	! assign variables to the process (A)
  a_01 = pef_01;
  a_02 = pef_02;
  a_03 = pef_03;
  	!assign variables to time points
  time_01 = years_since_bl_01;
  time_02 = years_since_bl_02;
  time_03 = years_since_bl_03;
  	
  ANALYSIS: TYPE = RANDOM COMPLEX;
  COVERAGE=.00;
  MODEL:
  	!first-level equation
  	! assign process (A) to time points
  ia sa qa | a_01 AT time_01 ;
  ia sa qa | a_02 AT time_02 ;
  ia sa qa | a_03 AT time_03 ;
  	!variance of the first-level terms
  ia (v_ia);
  sa (v_sa);
  qa (v_qa);
  	!covariance among first-level terms
  ia WITH sa (c_iasa);
  ia WITH qa (c_iaqa);
  sa WITH qa (c_saqa);
  	!second-level equation
  ia sa qa ON age_c80
  edu_c7
  female;
  	!residual covariance of process (A)
  a_01 (res_a);
  a_02 (res_a);
  a_03 (res_a);	
  SAVEDATA:
  FILE is   u2_123_aef_pef_fscores.dat;
  SAVE = FSCORES;
  RESULTS are   u2_123_aef_pef_results.dat;
  	
  OUTPUT: sampstat cinterval;
  PLOT: Type is Plot1 Plot2 Plot3;



*** WARNING
  Data set contains cases with missing on x-variables.
  These cases were not included in the analysis.
  Number of cases with missing on x-variables:  46
*** WARNING
  Data set contains cases with missing on all variables except
  x-variables.  These cases were not included in the analysis.
  Number of cases with missing on all variables except x-variables:  162
   2 WARNING(S) FOUND IN THE INPUT INSTRUCTIONS




Script produced from the prototype in ./sandbox/syntax-creator/

SUMMARY OF ANALYSIS

Number of groups                                                 1
Number of observations                                         378

Number of dependent variables                                    3
Number of independent variables                                  3
Number of continuous latent variables                            3

Observed dependent variables

  Continuous
   A_01        A_02        A_03

Observed independent variables
   AGE_C80     EDU_C7      FEMALE

Continuous latent variables
   IA          SA          QA

Variables with special functions

  Cluster variable      PAIRID
  Weight variable       _WEIGHT

  Time scores
   TIME_01     TIME_02     TIME_03


Estimator                                                      MLR
Information matrix                                        OBSERVED
Maximum number of iterations                                   100
Convergence criterion                                    0.100D-05
Maximum number of EM iterations                                500
Convergence criteria for the EM algorithm
  Loglikelihood change                                   0.100D-02
  Relative loglikelihood change                          0.100D-05
  Derivative                                             0.100D-03
Minimum variance                                         0.100D-03
Maximum number of steepest descent iterations                   20
Maximum number of iterations for H1                           2000
Convergence criterion for H1                             0.100D-03
Optimization algorithm                                         EMA

Input data file(s)
  wide-dataset.dat
Input data format  FREE



SAMPLE STATISTICS


     ESTIMATED SAMPLE STATISTICS


           Means
              A_01          A_02          A_03          AGE_C80       EDU_C7
              ________      ________      ________      ________      ________
 1            320.737       329.978       315.313         2.936         0.357


           Means
              FEMALE
              ________
 1              0.661


           Covariances
              A_01          A_02          A_03          AGE_C80       EDU_C7
              ________      ________      ________      ________      ________
 A_01       11297.159
 A_02        8991.998     11677.391
 A_03        7877.015      8044.002      9646.961
 AGE_C80      -58.376       -50.122       -33.069         6.802
 EDU_C7        52.066        19.066        31.072        -0.313         6.029
 FEMALE       -23.335       -22.706       -20.772         0.080        -0.101


           Covariances
              FEMALE
              ________
 FEMALE         0.224


           Correlations
              A_01          A_02          A_03          AGE_C80       EDU_C7
              ________      ________      ________      ________      ________
 A_01           1.000
 A_02           0.783         1.000
 A_03           0.755         0.758         1.000
 AGE_C80       -0.211        -0.178        -0.129         1.000
 EDU_C7         0.200         0.072         0.129        -0.049         1.000
 FEMALE        -0.464        -0.444        -0.447         0.065        -0.087


           Correlations
              FEMALE
              ________
 FEMALE         1.000


     MAXIMUM LOG-LIKELIHOOD VALUE FOR THE UNRESTRICTED (H1) MODEL IS -8713.150


UNIVARIATE HIGHER-ORDER MOMENT DESCRIPTIVE STATISTICS


     UNIVARIATE HIGHER-ORDER MOMENT DESCRIPTIVE STATISTICS

         Variable/         Mean/     Skewness/   Minimum/ % with                Percentiles
        Sample Size      Variance    Kurtosis    Maximum  Min/Max      20%/60%    40%/80%    Median

     A_01                325.306       0.143      90.000    0.23%     230.000    300.000    310.000
             444.000   11299.250      -0.209     620.000    0.23%     350.000    400.000
     A_02                340.278       0.291      90.000    0.29%     250.000    300.000    330.000
             350.000   11451.867      -0.010     680.000    0.29%     350.000    430.000
     A_03                331.041       0.206      60.000    0.41%     250.000    300.000    320.000
             241.000    9299.044      -0.375     600.000    0.41%     350.000    420.000
     AGE_C80               2.936       1.062      -0.630    0.20%       0.823      1.522      2.097
             494.000       6.802       0.501      12.937    0.20%       2.768      5.153
     EDU_C7                0.357       2.340      -5.000    0.40%      -1.000     -1.000     -1.000
             494.000       6.029       7.947      16.000    0.20%       0.000      1.000
     FEMALE                0.661      -0.682       0.000   34.82%       0.000      1.000      1.000
             494.000       0.224      -1.535       1.000   65.18%       1.000      1.000


THE MODEL ESTIMATION TERMINATED NORMALLY



MODEL FIT INFORMATION

Number of Free Parameters                       19

Loglikelihood

          H0 Value                       -4643.830
          H0 Scaling Correction Factor      1.0418
            for MLR

Information Criteria

          Akaike (AIC)                    9325.661
          Bayesian (BIC)                  9400.424
          Sample-Size Adjusted BIC        9340.141
            (n* = (n + 2) / 24)



MODEL RESULTS

                                                    Two-Tailed
                    Estimate       S.E.  Est./S.E.    P-Value

 IA         ON
    AGE_C80           -7.205      1.981     -3.636      0.000
    EDU_C7             6.543      1.632      4.010      0.000
    FEMALE           -98.737     11.608     -8.506      0.000

 SA         ON
    AGE_C80            0.342      1.709      0.200      0.841
    EDU_C7            -4.287      1.415     -3.030      0.002
    FEMALE            -1.876      8.726     -0.215      0.830

 QA         ON
    AGE_C80            0.136      0.417      0.326      0.744
    EDU_C7             0.862      0.359      2.399      0.016
    FEMALE             0.992      2.247      0.441      0.659

 IA       WITH
    SA               288.068    411.809      0.700      0.484
    QA              -122.059    103.660     -1.177      0.239

 SA       WITH
    QA              -106.696    106.869     -0.998      0.318

 Intercepts
    A_01               0.000      0.000    999.000    999.000
    A_02               0.000      0.000    999.000    999.000
    A_03               0.000      0.000    999.000    999.000
    IA               405.145     11.688     34.662      0.000
    SA                11.426      8.488      1.346      0.178
    QA                -4.083      2.234     -1.828      0.068

 Residual Variances
    A_01            2125.146    259.526      8.189      0.000
    A_02            2125.146    259.526      8.189      0.000
    A_03            2125.146    259.526      8.189      0.000
    IA              6155.174    620.539      9.919      0.000
    SA               450.771    429.639      1.049      0.294
    QA                28.881     26.928      1.073      0.283


QUALITY OF NUMERICAL RESULTS

     Condition Number for the Information Matrix              0.624E-05
       (ratio of smallest to largest eigenvalue)


CONFIDENCE INTERVALS OF MODEL RESULTS

                  Lower .5%  Lower 2.5%    Lower 5%    Estimate    Upper 5%  Upper 2.5%   Upper .5%

 IA       ON
    AGE_C80        -12.309     -11.089     -10.464      -7.205      -3.945      -3.321      -2.101
    EDU_C7           2.340       3.345       3.859       6.543       9.227       9.742      10.746
    FEMALE        -128.637    -121.489    -117.832     -98.737     -79.642     -75.986     -68.837

 SA       ON
    AGE_C80         -4.060      -3.007      -2.469       0.342       3.153       3.692       4.744
    EDU_C7          -7.932      -7.061      -6.615      -4.287      -1.960      -1.514      -0.643
    FEMALE         -24.352     -18.979     -16.230      -1.876      12.478      15.226      20.600

 QA       ON
    AGE_C80         -0.938      -0.681      -0.550       0.136       0.822       0.953       1.210
    EDU_C7          -0.063       0.158       0.271       0.862       1.453       1.567       1.788
    FEMALE          -4.796      -3.412      -2.705       0.992       4.688       5.396       6.780

 IA       WITH
    SA            -772.669    -519.077    -389.357     288.068     965.494    1095.214    1348.806
    QA            -389.065    -325.232    -292.579    -122.059      48.461      81.114     144.947

 SA       WITH
    QA            -381.969    -316.159    -282.495    -106.696      69.104     102.768     168.578

 Intercepts
    A_01             0.000       0.000       0.000       0.000       0.000       0.000       0.000
    A_02             0.000       0.000       0.000       0.000       0.000       0.000       0.000
    A_03             0.000       0.000       0.000       0.000       0.000       0.000       0.000
    IA             375.038     382.236     385.918     405.145     424.373     428.055     435.252
    SA             -10.437      -5.210      -2.536      11.426      25.389      28.063      33.290
    QA              -9.837      -8.462      -7.758      -4.083      -0.409       0.295       1.671

 Residual Variances
    A_01          1456.659    1616.475    1698.226    2125.146    2552.066    2633.817    2793.633
    A_02          1456.659    1616.475    1698.226    2125.146    2552.066    2633.817    2793.633
    A_03          1456.659    1616.475    1698.226    2125.146    2552.066    2633.817    2793.633
    IA            4556.790    4938.918    5134.388    6155.174    7175.961    7371.431    7753.559
    SA            -655.893    -391.322    -255.985     450.771    1157.527    1292.863    1557.435
    QA             -40.480     -23.898     -15.416      28.881      73.177      81.659      98.242


SAMPLE STATISTICS FOR ESTIMATED FACTOR SCORES


     SAMPLE STATISTICS


           Means
              IA            IA_SE         SA            SA_SE         QA
              ________      ________      ________      ________      ________
 1            315.780        33.647         9.805        19.781        -2.703


           Means
              QA_SE
              ________
 1              4.903


           Covariances
              IA            IA_SE         SA            SA_SE         QA
              ________      ________      ________      ________      ________
 IA          8257.267
 IA_SE       -137.902        29.570
 SA           178.901        -2.436       150.254
 SA_SE        -14.775         3.422         0.422         0.615
 QA          -111.569         1.892       -33.603         0.060         8.633
 QA_SE         -4.041         0.885         0.083         0.161         0.019


           Covariances
              QA_SE
              ________
 QA_SE          0.044


           Correlations
              IA            IA_SE         SA            SA_SE         QA
              ________      ________      ________      ________      ________
 IA             1.000
 IA_SE         -0.279         1.000
 SA             0.161        -0.037         1.000
 SA_SE         -0.207         0.802         0.044         1.000
 QA            -0.418         0.118        -0.933         0.026         1.000
 QA_SE         -0.211         0.773         0.032         0.973         0.031


           Correlations
              QA_SE
              ________
 QA_SE          1.000


RESULTS SAVING INFORMATION

  Order of data

    Parameter estimates
     (saved in order shown in Technical 1 output)
    Standard errors
     (saved in order shown in Technical 1 output)
    H0 Loglikelihood
    H0 Scaling Correction Factor for MLR
    Number of Free Parameters
    Akaike (AIC)
    Bayesian (BIC)
    Sample-Size Adjusted BIC

  Save file
    u2_123_aef_pef_results.dat

  Save file format           Free


PLOT INFORMATION

The following plots are available:

  Histograms (sample values, estimated factor scores)
  Scatterplots (sample values, estimated factor scores)
  Latent variable distribution plots

SAVEDATA INFORMATION


  Save file
    u2_123_aef_pef_fscores.dat

  Order and format of variables

    A_01           F10.3
    A_02           F10.3
    A_03           F10.3
    AGE_C80        F10.3
    EDU_C7         F10.3
    FEMALE         F10.3
    TIME_01        F10.3
    TIME_02        F10.3
    TIME_03        F10.3
    _WEIGHT        F10.3
    IA             F10.3
    IA_SE          F10.3
    SA             F10.3
    SA_SE          F10.3
    QA             F10.3
    QA_SE          F10.3
    PAIRID         I5

  Save file format
    16F10.3 I5

  Save file record length    10000


     Beginning Time:  18:07:51
        Ending Time:  18:08:04
       Elapsed Time:  00:00:13



MUTHEN & MUTHEN
3463 Stoner Ave.
Los Angeles, CA  90066

Tel: (310) 391-9971
Fax: (310) 391-8971
Web: www.StatModel.com
Support: Support@StatModel.com

Copyright (c) 1998-2014 Muthen & Muthen
