Mplus VERSION 7.3
MUTHEN & MUTHEN
12/17/2016  11:59 AM

INPUT INSTRUCTIONS

  TITLE:
  Script produced from the prototype in ./sandbox/syntax-creator/
  DATA:
  File = wide-dataset.dat ;
  VARIABLE:
  NAMES are
   Case PairID female age_c80 edu_c7 sbp_c167 smoke cardio diabetes dementia_ever
      years_since_bl_01 years_since_bl_02 years_since_bl_03 years_since_bl_04
      years_since_bl_05 pef_01 pef_02 pef_03 pef_04 pef_05 grip_01 grip_02 grip_03
      grip_04 grip_05 gait_01 gait_02 gait_03 gait_04 gait_05 block_01 block_02
      block_03 block_04 block_05 digitspanbackward_01 digitspanbackward_02
      digitspanbackward_03 digitspanbackward_04 digitspanbackward_05
      digitspanforward_01 digitspanforward_02 digitspanforward_03 digitspanforward_04
      digitspanforward_05 symbol_01 symbol_02 symbol_03 symbol_04 symbol_05 prose_01
      prose_02 prose_03 prose_04 prose_05 info_01 info_02 info_03 info_04 info_05
      synonyms_01 synonyms_02 synonyms_03 synonyms_04 synonyms_05 psif_01 psif_02
      psif_03 psif_04 psif_05 figure_01 figure_02 figure_03 figure_04 figure_05
      mirrecall_01 mirrecall_02 mirrecall_03 mirrecall_04 mirrecall_05 mmse_01 mmse_02
      mmse_03 mmse_04 mmse_05 mirnaming_01 mirnaming_02 mirnaming_03 mirnaming_04
      mirnaming_05 mirrecog_01 mirrecog_02 mirrecog_03 mirrecog_04 mirrecog_05
      clock_01 clock_02 clock_03 clock_04 clock_05
  	;
  Missing are all (-9999);
  USEVARIABLES are
  	!define the variables used in the analysis
  	! covariates used in the model
  age_c80
  edu_c7	
  	!estimated time points
  time_01
  time_02
  time_04
  time_05
  	!modelled time points of process (A)
  a_01
  a_02
  a_04
  a_05
  ;
  TSCORES are
  	!estimated time points
  time_01
  time_02
  time_04
  time_05;
  CLUSTER = PairID;
  SUBPOPULATION are
  	!select a subset of observations
  dementia_ever NE 1
  ;
  DEFINE:
  	! assign variables to the process (A)
  a_01 = pef_01;
  a_02 = pef_02;
  a_04 = pef_04;
  a_05 = pef_05;
  	!assign variables to time points
  time_01 = years_since_bl_01;
  time_02 = years_since_bl_02;
  time_04 = years_since_bl_04;
  time_05 = years_since_bl_05;
  	
  ANALYSIS: TYPE = RANDOM COMPLEX;
  COVERAGE=.00;
  MODEL:
  	!first-level equation
  	! assign process (A) to time points
  ia sa qa | a_01 AT time_01 ;
  ia sa qa | a_02 AT time_02 ;
  ia sa qa | a_04 AT time_04 ;
  ia sa qa | a_05 AT time_05 ;
  	!variance of the first-level terms
  ia (v_ia);
  sa (v_sa);
  qa (v_qa);
  	!covariance among first-level terms
  ia WITH sa (c_iasa);
  ia WITH qa (c_iaqa);
  sa WITH qa (c_saqa);
  	!second-level equation
  ia sa qa ON age_c80
  edu_c7;
  	!residual covariance of process (A)
  a_01 (res_a);
  a_02 (res_a);
  a_04 (res_a);
  a_05 (res_a);	
  SAVEDATA:
  FILE is   u2_1245_ae_pef_fscores.dat;
  SAVE = FSCORES;
  RESULTS are   u2_1245_ae_pef_results.dat;
  	
  OUTPUT: sampstat cinterval;
  PLOT: Type is Plot1 Plot2 Plot3;



*** WARNING
  Data set contains cases with missing on x-variables.
  These cases were not included in the analysis.
  Number of cases with missing on x-variables:  46
*** WARNING
  Data set contains cases with missing on all variables except
  x-variables.  These cases were not included in the analysis.
  Number of cases with missing on all variables except x-variables:  161
   2 WARNING(S) FOUND IN THE INPUT INSTRUCTIONS




Script produced from the prototype in ./sandbox/syntax-creator/

SUMMARY OF ANALYSIS

Number of groups                                                 1
Number of observations                                         378

Number of dependent variables                                    4
Number of independent variables                                  2
Number of continuous latent variables                            3

Observed dependent variables

  Continuous
   A_01        A_02        A_04        A_05

Observed independent variables
   AGE_C80     EDU_C7

Continuous latent variables
   IA          SA          QA

Variables with special functions

  Cluster variable      PAIRID
  Weight variable       _WEIGHT

  Time scores
   TIME_01     TIME_02     TIME_04     TIME_05


Estimator                                                      MLR
Information matrix                                        OBSERVED
Maximum number of iterations                                   100
Convergence criterion                                    0.100D-05
Maximum number of EM iterations                                500
Convergence criteria for the EM algorithm
  Loglikelihood change                                   0.100D-02
  Relative loglikelihood change                          0.100D-05
  Derivative                                             0.100D-03
Minimum variance                                         0.100D-03
Maximum number of steepest descent iterations                   20
Maximum number of iterations for H1                           2000
Convergence criterion for H1                             0.100D-03
Optimization algorithm                                         EMA

Input data file(s)
  wide-dataset.dat
Input data format  FREE



SAMPLE STATISTICS


     ESTIMATED SAMPLE STATISTICS


           Means
              A_01          A_02          A_04          A_05          AGE_C80
              ________      ________      ________      ________      ________
 1            321.429       330.426       290.278       264.163         2.940


           Means
              EDU_C7
              ________
 1              0.360


           Covariances
              A_01          A_02          A_04          A_05          AGE_C80
              ________      ________      ________      ________      ________
 A_01       11348.468
 A_02        9071.320     11718.464
 A_04        7190.539      7845.259      9531.757
 A_05        6654.476      7939.841      6987.090      9705.617
 AGE_C80      -61.188       -49.267       -23.696       -10.821         6.801
 EDU_C7        52.400        17.967        20.059        29.666        -0.313


           Covariances
              EDU_C7
              ________
 EDU_C7         6.024


           Correlations
              A_01          A_02          A_04          A_05          AGE_C80
              ________      ________      ________      ________      ________
 A_01           1.000
 A_02           0.787         1.000
 A_04           0.691         0.742         1.000
 A_05           0.634         0.745         0.726         1.000
 AGE_C80       -0.220        -0.175        -0.093        -0.042         1.000
 EDU_C7         0.200         0.068         0.084         0.123        -0.049


           Correlations
              EDU_C7
              ________
 EDU_C7         1.000


     MAXIMUM LOG-LIKELIHOOD VALUE FOR THE UNRESTRICTED (H1) MODEL IS -9003.735


UNIVARIATE HIGHER-ORDER MOMENT DESCRIPTIVE STATISTICS


     UNIVARIATE HIGHER-ORDER MOMENT DESCRIPTIVE STATISTICS

         Variable/         Mean/     Skewness/   Minimum/ % with                Percentiles
        Sample Size      Variance    Kurtosis    Maximum  Min/Max      20%/60%    40%/80%    Median

     A_01                325.306       0.143      90.000    0.23%     230.000    300.000    310.000
             444.000   11299.250      -0.209     620.000    0.23%     350.000    400.000
     A_02                340.278       0.291      90.000    0.29%     250.000    300.000    330.000
             350.000   11451.867      -0.010     680.000    0.29%     350.000    430.000
     A_04                300.316       0.580     110.000    1.05%     210.000    250.000    270.000
             191.000    9298.001      -0.185     590.000    0.52%     300.000    370.000
     A_05                278.973       0.863      60.000    0.81%     200.000    250.000    250.000
             124.000    9205.419       1.024     630.000    0.81%     270.000    350.000
     AGE_C80               2.940       1.060      -0.630    0.20%       0.847      1.522      2.110
             495.000       6.801       0.495      12.937    0.20%       2.768      5.153
     EDU_C7                0.360       2.339      -5.000    0.40%      -1.000     -1.000     -1.000
             495.000       6.024       7.954      16.000    0.20%       0.000      1.000


THE MODEL ESTIMATION TERMINATED NORMALLY



MODEL FIT INFORMATION

Number of Free Parameters                       16

Loglikelihood

          H0 Value                       -5106.926
          H0 Scaling Correction Factor      0.9838
            for MLR

Information Criteria

          Akaike (AIC)                   10245.852
          Bayesian (BIC)                 10308.811
          Sample-Size Adjusted BIC       10258.046
            (n* = (n + 2) / 24)



MODEL RESULTS

                                                    Two-Tailed
                    Estimate       S.E.  Est./S.E.    P-Value

 IA         ON
    AGE_C80           -8.748      2.253     -3.883      0.000
    EDU_C7             8.015      2.126      3.771      0.000

 SA         ON
    AGE_C80            0.921      0.946      0.973      0.331
    EDU_C7            -3.010      0.802     -3.752      0.000

 QA         ON
    AGE_C80           -0.002      0.118     -0.016      0.987
    EDU_C7             0.337      0.111      3.045      0.002

 IA       WITH
    SA                48.691    222.425      0.219      0.827
    QA               -37.603     25.761     -1.460      0.144

 SA       WITH
    QA                -8.089      5.849     -1.383      0.167

 Intercepts
    A_01               0.000      0.000    999.000    999.000
    A_02               0.000      0.000    999.000    999.000
    A_04               0.000      0.000    999.000    999.000
    A_05               0.000      0.000    999.000    999.000
    IA               345.603      9.081     38.057      0.000
    SA                 3.876      3.266      1.187      0.235
    QA                -1.764      0.414     -4.258      0.000

 Residual Variances
    A_01            2310.668    221.732     10.421      0.000
    A_02            2310.668    221.732     10.421      0.000
    A_04            2310.668    221.732     10.421      0.000
    A_05            2310.668    221.732     10.421      0.000
    IA              8360.230    768.161     10.883      0.000
    SA               103.578     66.176      1.565      0.118
    QA                 0.981      0.538      1.825      0.068


QUALITY OF NUMERICAL RESULTS

     Condition Number for the Information Matrix              0.798E-05
       (ratio of smallest to largest eigenvalue)


CONFIDENCE INTERVALS OF MODEL RESULTS

                  Lower .5%  Lower 2.5%    Lower 5%    Estimate    Upper 5%  Upper 2.5%   Upper .5%

 IA       ON
    AGE_C80        -14.550     -13.163     -12.453      -8.748      -5.042      -4.332      -2.945
    EDU_C7           2.540       3.849       4.518       8.015      11.512      12.181      13.490

 SA       ON
    AGE_C80         -1.516      -0.934      -0.636       0.921       2.477       2.775       3.358
    EDU_C7          -5.076      -4.582      -4.329      -3.010      -1.690      -1.437      -0.943

 QA       ON
    AGE_C80         -0.307      -0.234      -0.197      -0.002       0.193       0.230       0.303
    EDU_C7           0.052       0.120       0.155       0.337       0.520       0.555       0.623

 IA       WITH
    SA            -524.232    -387.262    -317.199      48.691     414.580     484.644     621.613
    QA            -103.958     -88.095     -79.980     -37.603       4.774      12.888      28.752

 SA       WITH
    QA             -23.154     -19.552     -17.710      -8.089       1.532       3.374       6.976

 Intercepts
    A_01             0.000       0.000       0.000       0.000       0.000       0.000       0.000
    A_02             0.000       0.000       0.000       0.000       0.000       0.000       0.000
    A_04             0.000       0.000       0.000       0.000       0.000       0.000       0.000
    A_05             0.000       0.000       0.000       0.000       0.000       0.000       0.000
    IA             322.211     327.803     330.664     345.603     360.541     363.402     368.994
    SA              -4.537      -2.526      -1.497       3.876       9.249      10.278      12.289
    QA              -2.830      -2.575      -2.445      -1.764      -1.082      -0.952      -0.697

 Residual Variances
    A_01          1739.532    1876.074    1945.920    2310.668    2675.417    2745.262    2881.805
    A_02          1739.532    1876.074    1945.920    2310.668    2675.417    2745.262    2881.805
    A_04          1739.532    1876.074    1945.920    2310.668    2675.417    2745.262    2881.805
    A_05          1739.532    1876.074    1945.920    2310.668    2675.417    2745.262    2881.805
    IA            6381.601    6854.635    7096.605    8360.230    9623.855    9865.826   10338.859
    SA             -66.878     -26.127      -5.281     103.578     212.437     233.282     274.033
    QA              -0.404      -0.073       0.097       0.981       1.866       2.035       2.367


SAMPLE STATISTICS FOR ESTIMATED FACTOR SCORES


     SAMPLE STATISTICS


           Means
              IA            IA_SE         SA            SA_SE         QA
              ________      ________      ________      ________      ________
 1            316.936        36.020         5.795         9.487        -1.671


           Means
              QA_SE
              ________
 1              0.869


           Covariances
              IA            IA_SE         SA            SA_SE         QA
              ________      ________      ________      ________      ________
 IA          8208.933
 IA_SE       -133.944        35.220
 SA           -77.519         3.298        66.591
 SA_SE        -11.125         2.488         0.402         0.363
 QA           -21.366         0.228        -6.471         0.014         0.809
 QA_SE         -0.581         0.141         0.032         0.018         0.000


           Covariances
              QA_SE
              ________
 QA_SE          0.001


           Correlations
              IA            IA_SE         SA            SA_SE         QA
              ________      ________      ________      ________      ________
 IA             1.000
 IA_SE         -0.249         1.000
 SA            -0.105         0.068         1.000
 SA_SE         -0.204         0.695         0.082         1.000
 QA            -0.262         0.043        -0.882         0.026         1.000
 QA_SE         -0.190         0.702         0.115         0.887        -0.016


           Correlations
              QA_SE
              ________
 QA_SE          1.000


RESULTS SAVING INFORMATION

  Order of data

    Parameter estimates
     (saved in order shown in Technical 1 output)
    Standard errors
     (saved in order shown in Technical 1 output)
    H0 Loglikelihood
    H0 Scaling Correction Factor for MLR
    Number of Free Parameters
    Akaike (AIC)
    Bayesian (BIC)
    Sample-Size Adjusted BIC

  Save file
    u2_1245_ae_pef_results.dat

  Save file format           Free


PLOT INFORMATION

The following plots are available:

  Histograms (sample values, estimated factor scores)
  Scatterplots (sample values, estimated factor scores)
  Latent variable distribution plots

SAVEDATA INFORMATION


  Save file
    u2_1245_ae_pef_fscores.dat

  Order and format of variables

    A_01           F10.3
    A_02           F10.3
    A_04           F10.3
    A_05           F10.3
    AGE_C80        F10.3
    EDU_C7         F10.3
    TIME_01        F10.3
    TIME_02        F10.3
    TIME_04        F10.3
    TIME_05        F10.3
    _WEIGHT        F10.3
    IA             F10.3
    IA_SE          F10.3
    SA             F10.3
    SA_SE          F10.3
    QA             F10.3
    QA_SE          F10.3
    PAIRID         I5

  Save file format
    17F10.3 I5

  Save file record length    10000


     Beginning Time:  11:59:30
        Ending Time:  11:59:41
       Elapsed Time:  00:00:11



MUTHEN & MUTHEN
3463 Stoner Ave.
Los Angeles, CA  90066

Tel: (310) 391-9971
Fax: (310) 391-8971
Web: www.StatModel.com
Support: Support@StatModel.com

Copyright (c) 1998-2014 Muthen & Muthen
