Mplus VERSION 7.3
MUTHEN & MUTHEN
12/17/2016   6:02 PM

INPUT INSTRUCTIONS

  TITLE:
  Script produced from the prototype in ./sandbox/syntax-creator/
  DATA:
  File = wide-dataset.dat ;
  VARIABLE:
  NAMES are
   Case PairID female age_c80 edu_c7 sbp_c167 smoke cardio diabetes dementia_ever
      years_since_bl_01 years_since_bl_02 years_since_bl_03 years_since_bl_04
      years_since_bl_05 pef_01 pef_02 pef_03 pef_04 pef_05 grip_01 grip_02 grip_03
      grip_04 grip_05 gait_01 gait_02 gait_03 gait_04 gait_05 block_01 block_02
      block_03 block_04 block_05 digitspanbackward_01 digitspanbackward_02
      digitspanbackward_03 digitspanbackward_04 digitspanbackward_05
      digitspanforward_01 digitspanforward_02 digitspanforward_03 digitspanforward_04
      digitspanforward_05 symbol_01 symbol_02 symbol_03 symbol_04 symbol_05 prose_01
      prose_02 prose_03 prose_04 prose_05 info_01 info_02 info_03 info_04 info_05
      synonyms_01 synonyms_02 synonyms_03 synonyms_04 synonyms_05 psif_01 psif_02
      psif_03 psif_04 psif_05 figure_01 figure_02 figure_03 figure_04 figure_05
      mirrecall_01 mirrecall_02 mirrecall_03 mirrecall_04 mirrecall_05 mmse_01 mmse_02
      mmse_03 mmse_04 mmse_05 mirnaming_01 mirnaming_02 mirnaming_03 mirnaming_04
      mirnaming_05 mirrecog_01 mirrecog_02 mirrecog_03 mirrecog_04 mirrecog_05
      clock_01 clock_02 clock_03 clock_04 clock_05
  	;
  Missing are all (-9999);
  USEVARIABLES are
  	!define the variables used in the analysis
  	! covariates used in the model
  age_c80
  edu_c7	
  	!estimated time points
  time_01
  time_03
  time_05
  	!modelled time points of process (A)
  a_01
  a_03
  a_05
  ;
  TSCORES are
  	!estimated time points
  time_01
  time_03
  time_05;
  CLUSTER = PairID;
  SUBPOPULATION are
  	!select a subset of observations
  dementia_ever NE 1
  ;
  DEFINE:
  	! assign variables to the process (A)
  a_01 = pef_01;
  a_03 = pef_03;
  a_05 = pef_05;
  	!assign variables to time points
  time_01 = years_since_bl_01;
  time_03 = years_since_bl_03;
  time_05 = years_since_bl_05;
  	
  ANALYSIS: TYPE = RANDOM COMPLEX;
  COVERAGE=.00;
  MODEL:
  	!first-level equation
  	! assign process (A) to time points
  ia sa qa | a_01 AT time_01 ;
  ia sa qa | a_03 AT time_03 ;
  ia sa qa | a_05 AT time_05 ;
  	!variance of the first-level terms
  ia (v_ia);
  sa (v_sa);
  qa (v_qa);
  	!covariance among first-level terms
  ia WITH sa (c_iasa);
  ia WITH qa (c_iaqa);
  sa WITH qa (c_saqa);
  	!second-level equation
  ia sa qa ON age_c80
  edu_c7;
  	!residual covariance of process (A)
  a_01 (res_a);
  a_03 (res_a);
  a_05 (res_a);	
  SAVEDATA:
  FILE is   u2_135_ae_pef_fscores.dat;
  SAVE = FSCORES;
  RESULTS are   u2_135_ae_pef_results.dat;
  	
  OUTPUT: sampstat cinterval;
  PLOT: Type is Plot1 Plot2 Plot3;



*** WARNING
  Data set contains cases with missing on x-variables.
  These cases were not included in the analysis.
  Number of cases with missing on x-variables:  46
*** WARNING
  Data set contains cases with missing on all variables except
  x-variables.  These cases were not included in the analysis.
  Number of cases with missing on all variables except x-variables:  186
   2 WARNING(S) FOUND IN THE INPUT INSTRUCTIONS




Script produced from the prototype in ./sandbox/syntax-creator/

SUMMARY OF ANALYSIS

Number of groups                                                 1
Number of observations                                         364

Number of dependent variables                                    3
Number of independent variables                                  2
Number of continuous latent variables                            3

Observed dependent variables

  Continuous
   A_01        A_03        A_05

Observed independent variables
   AGE_C80     EDU_C7

Continuous latent variables
   IA          SA          QA

Variables with special functions

  Cluster variable      PAIRID
  Weight variable       _WEIGHT

  Time scores
   TIME_01     TIME_03     TIME_05


Estimator                                                      MLR
Information matrix                                        OBSERVED
Maximum number of iterations                                   100
Convergence criterion                                    0.100D-05
Maximum number of EM iterations                                500
Convergence criteria for the EM algorithm
  Loglikelihood change                                   0.100D-02
  Relative loglikelihood change                          0.100D-05
  Derivative                                             0.100D-03
Minimum variance                                         0.100D-03
Maximum number of steepest descent iterations                   20
Maximum number of iterations for H1                           2000
Convergence criterion for H1                             0.100D-03
Optimization algorithm                                         EMA

Input data file(s)
  wide-dataset.dat
Input data format  FREE



SAMPLE STATISTICS


     ESTIMATED SAMPLE STATISTICS


           Means
              A_01          A_03          A_05          AGE_C80       EDU_C7
              ________      ________      ________      ________      ________
 1            323.181       317.202       265.984         2.905         0.321


           Covariances
              A_01          A_03          A_05          AGE_C80       EDU_C7
              ________      ________      ________      ________      ________
 A_01       11363.799
 A_03        8183.802      9739.868
 A_05        7222.261      7108.275     10042.106
 AGE_C80      -55.252       -36.330       -18.487         6.724
 EDU_C7        59.541        36.371        33.079        -0.370         5.938


           Correlations
              A_01          A_03          A_05          AGE_C80       EDU_C7
              ________      ________      ________      ________      ________
 A_01           1.000
 A_03           0.778         1.000
 A_05           0.676         0.719         1.000
 AGE_C80       -0.200        -0.142        -0.071         1.000
 EDU_C7         0.229         0.151         0.135        -0.058         1.000


     MAXIMUM LOG-LIKELIHOOD VALUE FOR THE UNRESTRICTED (H1) MODEL IS -7111.904


UNIVARIATE HIGHER-ORDER MOMENT DESCRIPTIVE STATISTICS


     UNIVARIATE HIGHER-ORDER MOMENT DESCRIPTIVE STATISTICS

         Variable/         Mean/     Skewness/   Minimum/ % with                Percentiles
        Sample Size      Variance    Kurtosis    Maximum  Min/Max      20%/60%    40%/80%    Median

     A_01                325.306       0.143      90.000    0.23%     230.000    300.000    310.000
             444.000   11299.250      -0.209     620.000    0.23%     350.000    400.000
     A_03                331.041       0.206      60.000    0.41%     250.000    300.000    320.000
             241.000    9299.044      -0.375     600.000    0.41%     350.000    420.000
     A_05                278.973       0.863      60.000    0.81%     200.000    250.000    250.000
             124.000    9205.419       1.024     630.000    0.81%     270.000    350.000
     AGE_C80               2.905       1.093      -0.630    0.21%       0.823      1.506      1.994
             470.000       6.724       0.613      12.937    0.21%       2.696      5.146
     EDU_C7                0.321       2.460      -5.000    0.43%      -1.000     -1.000     -1.000
             470.000       5.938       8.628      16.000    0.21%       0.000      1.000


THE MODEL ESTIMATION TERMINATED NORMALLY



MODEL FIT INFORMATION

Number of Free Parameters                       16

Loglikelihood

          H0 Value                       -3804.489
          H0 Scaling Correction Factor      1.0257
            for MLR

Information Criteria

          Akaike (AIC)                    7640.979
          Bayesian (BIC)                  7703.333
          Sample-Size Adjusted BIC        7652.572
            (n* = (n + 2) / 24)



MODEL RESULTS

                                                    Two-Tailed
                    Estimate       S.E.  Est./S.E.    P-Value

 IA         ON
    AGE_C80           -7.692      2.251     -3.417      0.001
    EDU_C7             9.559      1.966      4.863      0.000

 SA         ON
    AGE_C80            0.631      0.942      0.670      0.503
    EDU_C7            -1.334      0.896     -1.489      0.136

 QA         ON
    AGE_C80            0.004      0.133      0.033      0.974
    EDU_C7             0.102      0.111      0.919      0.358

 IA       WITH
    SA              -309.223    288.822     -1.071      0.284
    QA                 8.043     37.868      0.212      0.832

 SA       WITH
    QA               -21.532     23.525     -0.915      0.360

 Intercepts
    A_01               0.000      0.000    999.000    999.000
    A_03               0.000      0.000    999.000    999.000
    A_05               0.000      0.000    999.000    999.000
    IA               342.429      8.934     38.327      0.000
    SA                 2.906      3.019      0.963      0.336
    QA                -1.461      0.400     -3.655      0.000

 Residual Variances
    A_01            1711.905    486.262      3.521      0.000
    A_03            1711.905    486.262      3.521      0.000
    A_05            1711.905    486.262      3.521      0.000
    IA              8652.707    850.239     10.177      0.000
    SA               197.943    195.954      1.010      0.312
    QA                 3.081      2.967      1.038      0.299


QUALITY OF NUMERICAL RESULTS

     Condition Number for the Information Matrix              0.470E-05
       (ratio of smallest to largest eigenvalue)


CONFIDENCE INTERVALS OF MODEL RESULTS

                  Lower .5%  Lower 2.5%    Lower 5%    Estimate    Upper 5%  Upper 2.5%   Upper .5%

 IA       ON
    AGE_C80        -13.491     -12.105     -11.395      -7.692      -3.989      -3.280      -1.894
    EDU_C7           4.496       5.706       6.326       9.559      12.792      13.412      14.622

 SA       ON
    AGE_C80         -1.796      -1.215      -0.919       0.631       2.181       2.478       3.058
    EDU_C7          -3.642      -3.090      -2.808      -1.334       0.139       0.422       0.973

 QA       ON
    AGE_C80         -0.337      -0.255      -0.214       0.004       0.222       0.264       0.346
    EDU_C7          -0.183      -0.115      -0.080       0.102       0.284       0.319       0.387

 IA       WITH
    SA           -1053.170    -875.314    -784.335    -309.223     165.888     256.867     434.724
    QA             -89.497     -66.178     -54.249       8.043      70.336      82.265     105.584

 SA       WITH
    QA             -82.127     -67.640     -60.230     -21.532      17.167      24.577      39.064

 Intercepts
    A_01             0.000       0.000       0.000       0.000       0.000       0.000       0.000
    A_03             0.000       0.000       0.000       0.000       0.000       0.000       0.000
    A_05             0.000       0.000       0.000       0.000       0.000       0.000       0.000
    IA             319.416     324.918     327.732     342.429     357.126     359.940     365.442
    SA              -4.871      -3.012      -2.061       2.906       7.873       8.824      10.683
    QA              -2.491      -2.245      -2.119      -1.461      -0.804      -0.678      -0.432

 Residual Variances
    A_01           459.390     758.830     912.003    1711.905    2511.806    2664.979    2964.419
    A_03           459.390     758.830     912.003    1711.905    2511.806    2664.979    2964.419
    A_05           459.390     758.830     912.003    1711.905    2511.806    2664.979    2964.419
    IA            6462.662    6986.239    7254.064    8652.707   10051.350   10319.175   10842.752
    SA            -306.796    -186.128    -124.402     197.943     520.287     582.013     702.681
    QA              -4.561      -2.734      -1.800       3.081       7.962       8.897      10.724


SAMPLE STATISTICS FOR ESTIMATED FACTOR SCORES


     SAMPLE STATISTICS


           Means
              IA            IA_SE         SA            SA_SE         QA
              ________      ________      ________      ________      ________
 1            318.162        35.660         4.502        13.123        -1.424


           Means
              QA_SE
              ________
 1              1.672


           Covariances
              IA            IA_SE         SA            SA_SE         QA
              ________      ________      ________      ________      ________
 IA          8607.601
 IA_SE        -94.535        23.811
 SA          -312.868         2.844        40.873
 SA_SE        -16.034         2.635         0.646         0.466
 QA             8.040         0.000        -2.938        -0.014         0.346
 QA_SE         -2.167         0.256         0.077         0.055        -0.001


           Covariances
              QA_SE
              ________
 QA_SE          0.010


           Correlations
              IA            IA_SE         SA            SA_SE         QA
              ________      ________      ________      ________      ________
 IA             1.000
 IA_SE         -0.209         1.000
 SA            -0.527         0.091         1.000
 SA_SE         -0.253         0.791         0.148         1.000
 QA             0.147         0.000        -0.781        -0.036         1.000
 QA_SE         -0.238         0.536         0.123         0.818        -0.011


           Correlations
              QA_SE
              ________
 QA_SE          1.000


RESULTS SAVING INFORMATION

  Order of data

    Parameter estimates
     (saved in order shown in Technical 1 output)
    Standard errors
     (saved in order shown in Technical 1 output)
    H0 Loglikelihood
    H0 Scaling Correction Factor for MLR
    Number of Free Parameters
    Akaike (AIC)
    Bayesian (BIC)
    Sample-Size Adjusted BIC

  Save file
    u2_135_ae_pef_results.dat

  Save file format           Free


PLOT INFORMATION

The following plots are available:

  Histograms (sample values, estimated factor scores)
  Scatterplots (sample values, estimated factor scores)
  Latent variable distribution plots

SAVEDATA INFORMATION


  Save file
    u2_135_ae_pef_fscores.dat

  Order and format of variables

    A_01           F10.3
    A_03           F10.3
    A_05           F10.3
    AGE_C80        F10.3
    EDU_C7         F10.3
    TIME_01        F10.3
    TIME_03        F10.3
    TIME_05        F10.3
    _WEIGHT        F10.3
    IA             F10.3
    IA_SE          F10.3
    SA             F10.3
    SA_SE          F10.3
    QA             F10.3
    QA_SE          F10.3
    PAIRID         I5

  Save file format
    15F10.3 I5

  Save file record length    10000


     Beginning Time:  18:02:37
        Ending Time:  18:02:39
       Elapsed Time:  00:00:02



MUTHEN & MUTHEN
3463 Stoner Ave.
Los Angeles, CA  90066

Tel: (310) 391-9971
Fax: (310) 391-8971
Web: www.StatModel.com
Support: Support@StatModel.com

Copyright (c) 1998-2014 Muthen & Muthen
