Mplus VERSION 7.3
MUTHEN & MUTHEN
12/17/2016   6:13 PM

INPUT INSTRUCTIONS

  TITLE:
  Script produced from the prototype in ./sandbox/syntax-creator/
  DATA:
  File = wide-dataset.dat ;
  VARIABLE:
  NAMES are
   Case PairID female age_c80 edu_c7 sbp_c167 smoke cardio diabetes dementia_ever
      years_since_bl_01 years_since_bl_02 years_since_bl_03 years_since_bl_04
      years_since_bl_05 pef_01 pef_02 pef_03 pef_04 pef_05 grip_01 grip_02 grip_03
      grip_04 grip_05 gait_01 gait_02 gait_03 gait_04 gait_05 block_01 block_02
      block_03 block_04 block_05 digitspanbackward_01 digitspanbackward_02
      digitspanbackward_03 digitspanbackward_04 digitspanbackward_05
      digitspanforward_01 digitspanforward_02 digitspanforward_03 digitspanforward_04
      digitspanforward_05 symbol_01 symbol_02 symbol_03 symbol_04 symbol_05 prose_01
      prose_02 prose_03 prose_04 prose_05 info_01 info_02 info_03 info_04 info_05
      synonyms_01 synonyms_02 synonyms_03 synonyms_04 synonyms_05 psif_01 psif_02
      psif_03 psif_04 psif_05 figure_01 figure_02 figure_03 figure_04 figure_05
      mirrecall_01 mirrecall_02 mirrecall_03 mirrecall_04 mirrecall_05 mmse_01 mmse_02
      mmse_03 mmse_04 mmse_05 mirnaming_01 mirnaming_02 mirnaming_03 mirnaming_04
      mirnaming_05 mirrecog_01 mirrecog_02 mirrecog_03 mirrecog_04 mirrecog_05
      clock_01 clock_02 clock_03 clock_04 clock_05
  	;
  Missing are all (-9999);
  USEVARIABLES are
  	!define the variables used in the analysis
  	! covariates used in the model
  age_c80
  edu_c7
  female	
  	!estimated time points
  time_01
  time_02
  time_05
  	!modelled time points of process (A)
  a_01
  a_02
  a_05
  ;
  TSCORES are
  	!estimated time points
  time_01
  time_02
  time_05;
  CLUSTER = PairID;
  SUBPOPULATION are
  	!select a subset of observations
  dementia_ever NE 1
  ;
  DEFINE:
  	! assign variables to the process (A)
  a_01 = pef_01;
  a_02 = pef_02;
  a_05 = pef_05;
  	!assign variables to time points
  time_01 = years_since_bl_01;
  time_02 = years_since_bl_02;
  time_05 = years_since_bl_05;
  	
  ANALYSIS: TYPE = RANDOM COMPLEX;
  COVERAGE=.00;
  MODEL:
  	!first-level equation
  	! assign process (A) to time points
  ia sa qa | a_01 AT time_01 ;
  ia sa qa | a_02 AT time_02 ;
  ia sa qa | a_05 AT time_05 ;
  	!variance of the first-level terms
  ia (v_ia);
  sa (v_sa);
  qa (v_qa);
  	!covariance among first-level terms
  ia WITH sa (c_iasa);
  ia WITH qa (c_iaqa);
  sa WITH qa (c_saqa);
  	!second-level equation
  ia sa qa ON age_c80
  edu_c7
  female;
  	!residual covariance of process (A)
  a_01 (res_a);
  a_02 (res_a);
  a_05 (res_a);	
  SAVEDATA:
  FILE is   u2_125_aef_pef_fscores.dat;
  SAVE = FSCORES;
  RESULTS are   u2_125_aef_pef_results.dat;
  	
  OUTPUT: sampstat cinterval;
  PLOT: Type is Plot1 Plot2 Plot3;



*** WARNING
  Data set contains cases with missing on x-variables.
  These cases were not included in the analysis.
  Number of cases with missing on x-variables:  46
*** WARNING
  Data set contains cases with missing on all variables except
  x-variables.  These cases were not included in the analysis.
  Number of cases with missing on all variables except x-variables:  167
   2 WARNING(S) FOUND IN THE INPUT INSTRUCTIONS




Script produced from the prototype in ./sandbox/syntax-creator/

SUMMARY OF ANALYSIS

Number of groups                                                 1
Number of observations                                         374

Number of dependent variables                                    3
Number of independent variables                                  3
Number of continuous latent variables                            3

Observed dependent variables

  Continuous
   A_01        A_02        A_05

Observed independent variables
   AGE_C80     EDU_C7      FEMALE

Continuous latent variables
   IA          SA          QA

Variables with special functions

  Cluster variable      PAIRID
  Weight variable       _WEIGHT

  Time scores
   TIME_01     TIME_02     TIME_05


Estimator                                                      MLR
Information matrix                                        OBSERVED
Maximum number of iterations                                   100
Convergence criterion                                    0.100D-05
Maximum number of EM iterations                                500
Convergence criteria for the EM algorithm
  Loglikelihood change                                   0.100D-02
  Relative loglikelihood change                          0.100D-05
  Derivative                                             0.100D-03
Minimum variance                                         0.100D-03
Maximum number of steepest descent iterations                   20
Maximum number of iterations for H1                           2000
Convergence criterion for H1                             0.100D-03
Optimization algorithm                                         EMA

Input data file(s)
  wide-dataset.dat
Input data format  FREE



SAMPLE STATISTICS


     ESTIMATED SAMPLE STATISTICS


           Means
              A_01          A_02          A_05          AGE_C80       EDU_C7
              ________      ________      ________      ________      ________
 1            321.896       331.250       264.715         2.944         0.366


           Means
              FEMALE
              ________
 1              0.660


           Covariances
              A_01          A_02          A_05          AGE_C80       EDU_C7
              ________      ________      ________      ________      ________
 A_01       11282.039
 A_02        8984.998     11631.000
 A_05        6856.344      8141.307     10056.037
 AGE_C80      -61.211       -50.830       -13.477         6.805
 EDU_C7        51.991        18.368        27.084        -0.325         6.082
 FEMALE       -23.177       -22.758       -16.471         0.077        -0.103


           Covariances
              FEMALE
              ________
 FEMALE         0.224


           Correlations
              A_01          A_02          A_05          AGE_C80       EDU_C7
              ________      ________      ________      ________      ________
 A_01           1.000
 A_02           0.784         1.000
 A_05           0.644         0.753         1.000
 AGE_C80       -0.221        -0.181        -0.052         1.000
 EDU_C7         0.198         0.069         0.110        -0.051         1.000
 FEMALE        -0.461        -0.446        -0.347         0.062        -0.088


           Correlations
              FEMALE
              ________
 FEMALE         1.000


     MAXIMUM LOG-LIKELIHOOD VALUE FOR THE UNRESTRICTED (H1) MODEL IS -8091.280


UNIVARIATE HIGHER-ORDER MOMENT DESCRIPTIVE STATISTICS


     UNIVARIATE HIGHER-ORDER MOMENT DESCRIPTIVE STATISTICS

         Variable/         Mean/     Skewness/   Minimum/ % with                Percentiles
        Sample Size      Variance    Kurtosis    Maximum  Min/Max      20%/60%    40%/80%    Median

     A_01                325.306       0.143      90.000    0.23%     230.000    300.000    310.000
             444.000   11299.250      -0.209     620.000    0.23%     350.000    400.000
     A_02                340.278       0.291      90.000    0.29%     250.000    300.000    330.000
             350.000   11451.867      -0.010     680.000    0.29%     350.000    430.000
     A_05                278.973       0.863      60.000    0.81%     200.000    250.000    250.000
             124.000    9205.419       1.024     630.000    0.81%     270.000    350.000
     AGE_C80               2.944       1.070      -0.630    0.20%       0.853      1.522      2.085
             489.000       6.805       0.511      12.937    0.20%       2.768      5.146
     EDU_C7                0.366       2.323      -5.000    0.41%      -1.000     -1.000     -1.000
             489.000       6.082       7.834      16.000    0.20%       0.000      1.000
     FEMALE                0.660      -0.678       0.000   34.97%       0.000      1.000      1.000
             489.000       0.224      -1.541       1.000   65.03%       1.000      1.000


THE MODEL ESTIMATION TERMINATED NORMALLY



MODEL FIT INFORMATION

Number of Free Parameters                       19

Loglikelihood

          H0 Value                       -4182.010
          H0 Scaling Correction Factor      1.1082
            for MLR

Information Criteria

          Akaike (AIC)                    8402.020
          Bayesian (BIC)                  8476.581
          Sample-Size Adjusted BIC        8416.300
            (n* = (n + 2) / 24)



MODEL RESULTS

                                                    Two-Tailed
                    Estimate       S.E.  Est./S.E.    P-Value

 IA         ON
    AGE_C80           -7.588      2.001     -3.792      0.000
    EDU_C7             6.468      1.641      3.942      0.000
    FEMALE           -98.050     11.761     -8.337      0.000

 SA         ON
    AGE_C80            0.540      1.205      0.448      0.654
    EDU_C7            -3.403      1.026     -3.317      0.001
    FEMALE            -1.238      5.933     -0.209      0.835

 QA         ON
    AGE_C80            0.042      0.132      0.318      0.750
    EDU_C7             0.374      0.133      2.818      0.005
    FEMALE             0.555      0.701      0.792      0.428

 IA       WITH
    SA              -430.187    422.161     -1.019      0.308
    QA                18.678     43.628      0.428      0.669

 SA       WITH
    QA               -97.254     49.385     -1.969      0.049

 Intercepts
    A_01               0.000      0.000    999.000    999.000
    A_02               0.000      0.000    999.000    999.000
    A_05               0.000      0.000    999.000    999.000
    IA               406.750     11.885     34.225      0.000
    SA                 8.917      5.569      1.601      0.109
    QA                -2.558      0.672     -3.806      0.000

 Residual Variances
    A_01            1136.797    511.598      2.222      0.026
    A_02            1136.797    511.598      2.222      0.026
    A_05            1136.797    511.598      2.222      0.026
    IA              7075.960    815.145      8.681      0.000
    SA               941.075    452.868      2.078      0.038
    QA                10.794      5.497      1.964      0.050


QUALITY OF NUMERICAL RESULTS

     Condition Number for the Information Matrix              0.260E-05
       (ratio of smallest to largest eigenvalue)


CONFIDENCE INTERVALS OF MODEL RESULTS

                  Lower .5%  Lower 2.5%    Lower 5%    Estimate    Upper 5%  Upper 2.5%   Upper .5%

 IA       ON
    AGE_C80        -12.741     -11.509     -10.879      -7.588      -4.296      -3.666      -2.434
    EDU_C7           2.242       3.252       3.769       6.468       9.167       9.683      10.694
    FEMALE        -128.343    -121.101    -117.396     -98.050     -78.704     -74.999     -67.757

 SA       ON
    AGE_C80         -2.564      -1.822      -1.442       0.540       2.523       2.902       3.645
    EDU_C7          -6.045      -5.413      -5.090      -3.403      -1.715      -1.392      -0.760
    FEMALE         -16.520     -12.866     -10.997      -1.238       8.522      10.391      14.044

 QA       ON
    AGE_C80         -0.298      -0.217      -0.175       0.042       0.259       0.301       0.382
    EDU_C7           0.032       0.114       0.156       0.374       0.592       0.634       0.715
    FEMALE          -1.251      -0.819      -0.598       0.555       1.709       1.930       2.361

 IA       WITH
    SA           -1517.588   -1257.622   -1124.641    -430.187     264.267     397.248     657.214
    QA             -93.700     -66.833     -53.091      18.678      90.446     104.189     131.055

 SA       WITH
    QA            -224.460    -194.048    -178.492     -97.254     -16.015      -0.459      29.952

 Intercepts
    A_01             0.000       0.000       0.000       0.000       0.000       0.000       0.000
    A_02             0.000       0.000       0.000       0.000       0.000       0.000       0.000
    A_05             0.000       0.000       0.000       0.000       0.000       0.000       0.000
    IA             376.137     383.456     387.200     406.750     426.300     430.044     437.362
    SA              -5.427      -1.998      -0.244       8.917      18.077      19.831      23.260
    QA              -4.289      -3.875      -3.664      -2.558      -1.452      -1.241      -0.827

 Residual Variances
    A_01          -180.978     134.065     295.218    1136.797    1978.376    2139.530    2454.572
    A_02          -180.978     134.065     295.218    1136.797    1978.376    2139.530    2454.572
    A_05          -180.978     134.065     295.218    1136.797    1978.376    2139.530    2454.572
    IA            4976.311    5478.276    5735.047    7075.960    8416.874    8673.645    9175.610
    SA            -225.422      53.453     196.107     941.075    1686.042    1828.696    2107.572
    QA              -3.366       0.019       1.751      10.794      19.837      21.569      24.954


SAMPLE STATISTICS FOR ESTIMATED FACTOR SCORES


     SAMPLE STATISTICS


           Means
              IA            IA_SE         SA            SA_SE         QA
              ________      ________      ________      ________      ________
 1            316.762        31.465         8.474        24.289        -1.920


           Means
              QA_SE
              ________
 1              2.662


           Covariances
              IA            IA_SE         SA            SA_SE         QA
              ________      ________      ________      ________      ________
 IA          9387.486
 IA_SE       -101.658        52.939
 SA          -276.436        -9.109       378.735
 SA_SE        -96.002        14.540         5.542        18.147
 QA            -8.125         1.424       -38.130        -0.133         4.123
 QA_SE         -9.172         1.213         0.650         1.785        -0.025


           Covariances
              QA_SE
              ________
 QA_SE          0.178


           Correlations
              IA            IA_SE         SA            SA_SE         QA
              ________      ________      ________      ________      ________
 IA             1.000
 IA_SE         -0.144         1.000
 SA            -0.147        -0.064         1.000
 SA_SE         -0.233         0.469         0.067         1.000
 QA            -0.041         0.096        -0.965        -0.015         1.000
 QA_SE         -0.225         0.396         0.079         0.994        -0.030


           Correlations
              QA_SE
              ________
 QA_SE          1.000


RESULTS SAVING INFORMATION

  Order of data

    Parameter estimates
     (saved in order shown in Technical 1 output)
    Standard errors
     (saved in order shown in Technical 1 output)
    H0 Loglikelihood
    H0 Scaling Correction Factor for MLR
    Number of Free Parameters
    Akaike (AIC)
    Bayesian (BIC)
    Sample-Size Adjusted BIC

  Save file
    u2_125_aef_pef_results.dat

  Save file format           Free


PLOT INFORMATION

The following plots are available:

  Histograms (sample values, estimated factor scores)
  Scatterplots (sample values, estimated factor scores)
  Latent variable distribution plots

SAVEDATA INFORMATION


  Save file
    u2_125_aef_pef_fscores.dat

  Order and format of variables

    A_01           F10.3
    A_02           F10.3
    A_05           F10.3
    AGE_C80        F10.3
    EDU_C7         F10.3
    FEMALE         F10.3
    TIME_01        F10.3
    TIME_02        F10.3
    TIME_05        F10.3
    _WEIGHT        F10.3
    IA             F10.3
    IA_SE          F10.3
    SA             F10.3
    SA_SE          F10.3
    QA             F10.3
    QA_SE          F10.3
    PAIRID         I5

  Save file format
    16F10.3 I5

  Save file record length    10000


     Beginning Time:  18:13:02
        Ending Time:  18:13:04
       Elapsed Time:  00:00:02



MUTHEN & MUTHEN
3463 Stoner Ave.
Los Angeles, CA  90066

Tel: (310) 391-9971
Fax: (310) 391-8971
Web: www.StatModel.com
Support: Support@StatModel.com

Copyright (c) 1998-2014 Muthen & Muthen
