Mplus VERSION 7.3
MUTHEN & MUTHEN
12/17/2016   6:18 PM

INPUT INSTRUCTIONS

  TITLE:
  Script produced from the prototype in ./sandbox/syntax-creator/
  DATA:
  File = wide-dataset.dat ;
  VARIABLE:
  NAMES are
   Case PairID female age_c80 edu_c7 sbp_c167 smoke cardio diabetes dementia_ever
      years_since_bl_01 years_since_bl_02 years_since_bl_03 years_since_bl_04
      years_since_bl_05 pef_01 pef_02 pef_03 pef_04 pef_05 grip_01 grip_02 grip_03
      grip_04 grip_05 gait_01 gait_02 gait_03 gait_04 gait_05 block_01 block_02
      block_03 block_04 block_05 digitspanbackward_01 digitspanbackward_02
      digitspanbackward_03 digitspanbackward_04 digitspanbackward_05
      digitspanforward_01 digitspanforward_02 digitspanforward_03 digitspanforward_04
      digitspanforward_05 symbol_01 symbol_02 symbol_03 symbol_04 symbol_05 prose_01
      prose_02 prose_03 prose_04 prose_05 info_01 info_02 info_03 info_04 info_05
      synonyms_01 synonyms_02 synonyms_03 synonyms_04 synonyms_05 psif_01 psif_02
      psif_03 psif_04 psif_05 figure_01 figure_02 figure_03 figure_04 figure_05
      mirrecall_01 mirrecall_02 mirrecall_03 mirrecall_04 mirrecall_05 mmse_01 mmse_02
      mmse_03 mmse_04 mmse_05 mirnaming_01 mirnaming_02 mirnaming_03 mirnaming_04
      mirnaming_05 mirrecog_01 mirrecog_02 mirrecog_03 mirrecog_04 mirrecog_05
      clock_01 clock_02 clock_03 clock_04 clock_05
  	;
  Missing are all (-9999);
  USEVARIABLES are
  	!define the variables used in the analysis
  	! covariates used in the model
  age_c80
  edu_c7
  female
  sbp_c167	
  	!estimated time points
  time_01
  time_04
  time_05
  	!modelled time points of process (A)
  a_01
  a_04
  a_05
  ;
  TSCORES are
  	!estimated time points
  time_01
  time_04
  time_05;
  CLUSTER = PairID;
  SUBPOPULATION are
  	!select a subset of observations
  dementia_ever NE 1
  ;
  DEFINE:
  	! assign variables to the process (A)
  a_01 = pef_01;
  a_04 = pef_04;
  a_05 = pef_05;
  	!assign variables to time points
  time_01 = years_since_bl_01;
  time_04 = years_since_bl_04;
  time_05 = years_since_bl_05;
  	
  ANALYSIS: TYPE = RANDOM COMPLEX;
  COVERAGE=.00;
  MODEL:
  	!first-level equation
  	! assign process (A) to time points
  ia sa qa | a_01 AT time_01 ;
  ia sa qa | a_04 AT time_04 ;
  ia sa qa | a_05 AT time_05 ;
  	!variance of the first-level terms
  ia (v_ia);
  sa (v_sa);
  qa (v_qa);
  	!covariance among first-level terms
  ia WITH sa (c_iasa);
  ia WITH qa (c_iaqa);
  sa WITH qa (c_saqa);
  	!second-level equation
  ia sa qa ON age_c80
  edu_c7
  female
  sbp_c167;
  	!residual covariance of process (A)
  a_01 (res_a);
  a_04 (res_a);
  a_05 (res_a);	
  SAVEDATA:
  FILE is   u2_145_aefb_pef_fscores.dat;
  SAVE = FSCORES;
  RESULTS are   u2_145_aefb_pef_results.dat;
  	
  OUTPUT: sampstat cinterval;
  PLOT: Type is Plot1 Plot2 Plot3;



*** WARNING
  Data set contains cases with missing on x-variables.
  These cases were not included in the analysis.
  Number of cases with missing on x-variables:  92
*** WARNING
  Data set contains cases with missing on all variables except
  x-variables.  These cases were not included in the analysis.
  Number of cases with missing on all variables except x-variables:  150
   2 WARNING(S) FOUND IN THE INPUT INSTRUCTIONS




Script produced from the prototype in ./sandbox/syntax-creator/

SUMMARY OF ANALYSIS

Number of groups                                                 1
Number of observations                                         352

Number of dependent variables                                    3
Number of independent variables                                  4
Number of continuous latent variables                            3

Observed dependent variables

  Continuous
   A_01        A_04        A_05

Observed independent variables
   AGE_C80     EDU_C7      FEMALE      SBP_C167

Continuous latent variables
   IA          SA          QA

Variables with special functions

  Cluster variable      PAIRID
  Weight variable       _WEIGHT

  Time scores
   TIME_01     TIME_04     TIME_05


Estimator                                                      MLR
Information matrix                                        OBSERVED
Maximum number of iterations                                   100
Convergence criterion                                    0.100D-05
Maximum number of EM iterations                                500
Convergence criteria for the EM algorithm
  Loglikelihood change                                   0.100D-02
  Relative loglikelihood change                          0.100D-05
  Derivative                                             0.100D-03
Minimum variance                                         0.100D-03
Maximum number of steepest descent iterations                   20
Maximum number of iterations for H1                           2000
Convergence criterion for H1                             0.100D-03
Optimization algorithm                                         EMA

Input data file(s)
  wide-dataset.dat
Input data format  FREE



SAMPLE STATISTICS


     ESTIMATED SAMPLE STATISTICS


           Means
              A_01          A_04          A_05          AGE_C80       EDU_C7
              ________      ________      ________      ________      ________
 1            325.169       296.146       267.636         2.895         0.324


           Means
              FEMALE        SBP_C167
              ________      ________
 1              0.659        -5.565


           Covariances
              A_01          A_04          A_05          AGE_C80       EDU_C7
              ________      ________      ________      ________      ________
 A_01       11330.093
 A_04        7274.799      9567.978
 A_05        6756.548      7034.915      9678.454
 AGE_C80      -62.389       -21.168       -14.388         6.770
 EDU_C7        59.076        23.072        34.845        -0.386         5.946
 FEMALE       -24.094       -22.576       -16.348         0.085        -0.151
 SBP_C167     -92.797      -125.768       -55.795        -4.914         1.510


           Covariances
              FEMALE        SBP_C167
              ________      ________
 FEMALE         0.225
 SBP_C167       0.574       492.189


           Correlations
              A_01          A_04          A_05          AGE_C80       EDU_C7
              ________      ________      ________      ________      ________
 A_01           1.000
 A_04           0.699         1.000
 A_05           0.645         0.731         1.000
 AGE_C80       -0.225        -0.083        -0.056         1.000
 EDU_C7         0.228         0.097         0.145        -0.061         1.000
 FEMALE        -0.478        -0.487        -0.351         0.069        -0.131
 SBP_C167      -0.039        -0.058        -0.026        -0.085         0.028


           Correlations
              FEMALE        SBP_C167
              ________      ________
 FEMALE         1.000
 SBP_C167       0.055         1.000


     MAXIMUM LOG-LIKELIHOOD VALUE FOR THE UNRESTRICTED (H1) MODEL IS -9138.959


UNIVARIATE HIGHER-ORDER MOMENT DESCRIPTIVE STATISTICS


     UNIVARIATE HIGHER-ORDER MOMENT DESCRIPTIVE STATISTICS

         Variable/         Mean/     Skewness/   Minimum/ % with                Percentiles
        Sample Size      Variance    Kurtosis    Maximum  Min/Max      20%/60%    40%/80%    Median

     A_01                325.912       0.138      90.000    0.23%     230.000    300.000    310.000
             441.000   11289.757      -0.197     620.000    0.23%     350.000    400.000
     A_04                300.064       0.587     110.000    1.05%     210.000    250.000    270.000
             190.000    9347.130      -0.191     590.000    0.53%     300.000    370.000
     A_05                278.973       0.863      60.000    0.81%     200.000    250.000    250.000
             124.000    9205.419       1.024     630.000    0.81%     270.000    350.000
     AGE_C80               2.895       1.113      -0.630    0.22%       0.823      1.506      1.994
             460.000       6.770       0.658      12.937    0.22%       2.690      5.081
     EDU_C7                0.324       2.483      -5.000    0.43%      -1.000     -1.000     -1.000
             460.000       5.946       8.857      16.000    0.22%       0.000      1.000
     FEMALE                0.659      -0.671       0.000   35.43%       0.000      1.000      1.000
             460.000       0.225      -1.549       1.000   64.57%       1.000      1.000
     SBP_C167             -5.565       0.383     -57.000    0.87%     -27.000     -7.000     -7.000
             460.000     492.189       0.603      93.000    0.22%      -7.000     13.000


THE MODEL ESTIMATION TERMINATED NORMALLY



MODEL FIT INFORMATION

Number of Free Parameters                       22

Loglikelihood

          H0 Value                       -3523.542
          H0 Scaling Correction Factor      1.0050
            for MLR

Information Criteria

          Akaike (AIC)                    7091.084
          Bayesian (BIC)                  7176.083
          Sample-Size Adjusted BIC        7106.291
            (n* = (n + 2) / 24)



MODEL RESULTS

                                                    Two-Tailed
                    Estimate       S.E.  Est./S.E.    P-Value

 IA         ON
    AGE_C80           -7.711      2.017     -3.823      0.000
    EDU_C7             6.956      1.652      4.211      0.000
    FEMALE           -99.219     11.939     -8.310      0.000
    SBP_C167          -0.173      0.224     -0.775      0.438

 SA         ON
    AGE_C80            1.156      1.409      0.821      0.412
    EDU_C7            -2.588      1.332     -1.943      0.052
    FEMALE            -9.894      8.771     -1.128      0.259
    SBP_C167          -0.037      0.135     -0.276      0.782

 QA         ON
    AGE_C80           -0.034      0.198     -0.173      0.863
    EDU_C7             0.276      0.182      1.516      0.130
    FEMALE             1.675      1.201      1.395      0.163
    SBP_C167           0.006      0.018      0.356      0.722

 IA       WITH
    SA              -450.644    371.330     -1.214      0.225
    QA                31.931     46.255      0.690      0.490

 SA       WITH
    QA               -48.117     50.622     -0.951      0.342

 Intercepts
    A_01               0.000      0.000    999.000    999.000
    A_04               0.000      0.000    999.000    999.000
    A_05               0.000      0.000    999.000    999.000
    IA               409.693     11.958     34.261      0.000
    SA                 6.024      8.661      0.696      0.487
    QA                -2.216      1.198     -1.849      0.064

 Residual Variances
    A_01            1808.202    524.053      3.450      0.001
    A_04            1808.202    524.053      3.450      0.001
    A_05            1808.202    524.053      3.450      0.001
    IA              6229.737    791.361      7.872      0.000
    SA               410.841    401.623      1.023      0.306
    QA                 6.420      6.479      0.991      0.322


QUALITY OF NUMERICAL RESULTS

     Condition Number for the Information Matrix              0.990E-05
       (ratio of smallest to largest eigenvalue)


CONFIDENCE INTERVALS OF MODEL RESULTS

                  Lower .5%  Lower 2.5%    Lower 5%    Estimate    Upper 5%  Upper 2.5%   Upper .5%

 IA       ON
    AGE_C80        -12.907     -11.665     -11.029      -7.711      -4.393      -3.757      -2.515
    EDU_C7           2.701       3.719       4.239       6.956       9.674      10.194      11.212
    FEMALE        -129.972    -122.620    -118.859     -99.219     -79.579     -75.818     -68.466
    SBP_C167        -0.750      -0.612      -0.542      -0.173       0.195       0.265       0.403

 SA       ON
    AGE_C80         -2.473      -1.605      -1.161       1.156       3.474       3.917       4.785
    EDU_C7          -6.019      -5.199      -4.779      -2.588      -0.397       0.023       0.843
    FEMALE         -32.485     -27.084     -24.322      -9.894       4.534       7.297      12.698
    SBP_C167        -0.384      -0.301      -0.259      -0.037       0.184       0.227       0.310

 QA       ON
    AGE_C80         -0.544      -0.422      -0.360      -0.034       0.291       0.354       0.475
    EDU_C7          -0.193      -0.081      -0.023       0.276       0.575       0.632       0.744
    FEMALE          -1.418      -0.679      -0.300       1.675       3.651       4.029       4.769
    SBP_C167        -0.039      -0.029      -0.023       0.006       0.036       0.041       0.052

 IA       WITH
    SA           -1407.117   -1178.452   -1061.483    -450.644     160.194     277.163     505.828
    QA             -87.212     -58.728     -44.158      31.931     108.021     122.591     151.075

 SA       WITH
    QA            -178.510    -147.337    -131.391     -48.117      35.157      51.103      82.276

 Intercepts
    A_01             0.000       0.000       0.000       0.000       0.000       0.000       0.000
    A_04             0.000       0.000       0.000       0.000       0.000       0.000       0.000
    A_05             0.000       0.000       0.000       0.000       0.000       0.000       0.000
    IA             378.892     386.256     390.022     409.693     429.364     433.130     440.494
    SA             -16.285     -10.951      -8.223       6.024      20.272      23.000      28.334
    QA              -5.302      -4.564      -4.187      -2.216      -0.244       0.133       0.871

 Residual Variances
    A_01           458.346     781.058     946.135    1808.202    2670.269    2835.345    3158.057
    A_04           458.346     781.058     946.135    1808.202    2670.269    2835.345    3158.057
    A_05           458.346     781.058     946.135    1808.202    2670.269    2835.345    3158.057
    IA            4191.351    4678.670    4927.949    6229.737    7531.525    7780.804    8268.123
    SA            -623.659    -376.339    -249.828     410.841    1071.510    1198.021    1445.340
    QA             -10.268      -6.279      -4.238       6.420      17.078      19.118      23.108


SAMPLE STATISTICS FOR ESTIMATED FACTOR SCORES


     SAMPLE STATISTICS


           Means
              IA            IA_SE         SA            SA_SE         QA
              ________      ________      ________      ________      ________
 1            320.180        36.689         2.859        18.849        -1.229


           Means
              QA_SE
              ________
 1              2.418


           Covariances
              IA            IA_SE         SA            SA_SE         QA
              ________      ________      ________      ________      ________
 IA          8492.423
 IA_SE        -40.948        19.099
 SA          -277.106         3.271       116.014
 SA_SE        -15.592         2.347         2.047         1.063
 QA            -1.389        -0.309       -11.957        -0.173         1.507
 QA_SE         -2.164         0.186         0.215         0.122        -0.017


           Covariances
              QA_SE
              ________
 QA_SE          0.017


           Correlations
              IA            IA_SE         SA            SA_SE         QA
              ________      ________      ________      ________      ________
 IA             1.000
 IA_SE         -0.102         1.000
 SA            -0.279         0.069         1.000
 SA_SE         -0.164         0.521         0.184         1.000
 QA            -0.012        -0.058        -0.904        -0.137         1.000
 QA_SE         -0.178         0.323         0.151         0.902        -0.104


           Correlations
              QA_SE
              ________
 QA_SE          1.000


RESULTS SAVING INFORMATION

  Order of data

    Parameter estimates
     (saved in order shown in Technical 1 output)
    Standard errors
     (saved in order shown in Technical 1 output)
    H0 Loglikelihood
    H0 Scaling Correction Factor for MLR
    Number of Free Parameters
    Akaike (AIC)
    Bayesian (BIC)
    Sample-Size Adjusted BIC

  Save file
    u2_145_aefb_pef_results.dat

  Save file format           Free


PLOT INFORMATION

The following plots are available:

  Histograms (sample values, estimated factor scores)
  Scatterplots (sample values, estimated factor scores)
  Latent variable distribution plots

SAVEDATA INFORMATION


  Save file
    u2_145_aefb_pef_fscores.dat

  Order and format of variables

    A_01           F10.3
    A_04           F10.3
    A_05           F10.3
    AGE_C80        F10.3
    EDU_C7         F10.3
    FEMALE         F10.3
    SBP_C167       F10.3
    TIME_01        F10.3
    TIME_04        F10.3
    TIME_05        F10.3
    _WEIGHT        F10.3
    IA             F10.3
    IA_SE          F10.3
    SA             F10.3
    SA_SE          F10.3
    QA             F10.3
    QA_SE          F10.3
    PAIRID         I5

  Save file format
    17F10.3 I5

  Save file record length    10000


     Beginning Time:  18:18:11
        Ending Time:  18:18:18
       Elapsed Time:  00:00:07



MUTHEN & MUTHEN
3463 Stoner Ave.
Los Angeles, CA  90066

Tel: (310) 391-9971
Fax: (310) 391-8971
Web: www.StatModel.com
Support: Support@StatModel.com

Copyright (c) 1998-2014 Muthen & Muthen
