Mplus VERSION 7.3
MUTHEN & MUTHEN
12/17/2016  11:58 AM

INPUT INSTRUCTIONS

  TITLE:
  Script produced from the prototype in ./sandbox/syntax-creator/
  DATA:
  File = wide-dataset.dat ;
  VARIABLE:
  NAMES are
   Case PairID female age_c80 edu_c7 sbp_c167 smoke cardio diabetes dementia_ever
      years_since_bl_01 years_since_bl_02 years_since_bl_03 years_since_bl_04
      years_since_bl_05 pef_01 pef_02 pef_03 pef_04 pef_05 grip_01 grip_02 grip_03
      grip_04 grip_05 gait_01 gait_02 gait_03 gait_04 gait_05 block_01 block_02
      block_03 block_04 block_05 digitspanbackward_01 digitspanbackward_02
      digitspanbackward_03 digitspanbackward_04 digitspanbackward_05
      digitspanforward_01 digitspanforward_02 digitspanforward_03 digitspanforward_04
      digitspanforward_05 symbol_01 symbol_02 symbol_03 symbol_04 symbol_05 prose_01
      prose_02 prose_03 prose_04 prose_05 info_01 info_02 info_03 info_04 info_05
      synonyms_01 synonyms_02 synonyms_03 synonyms_04 synonyms_05 psif_01 psif_02
      psif_03 psif_04 psif_05 figure_01 figure_02 figure_03 figure_04 figure_05
      mirrecall_01 mirrecall_02 mirrecall_03 mirrecall_04 mirrecall_05 mmse_01 mmse_02
      mmse_03 mmse_04 mmse_05 mirnaming_01 mirnaming_02 mirnaming_03 mirnaming_04
      mirnaming_05 mirrecog_01 mirrecog_02 mirrecog_03 mirrecog_04 mirrecog_05
      clock_01 clock_02 clock_03 clock_04 clock_05
  	;
  Missing are all (-9999);
  USEVARIABLES are
  	!define the variables used in the analysis
  	! covariates used in the model
  age_c80
  edu_c7
  female	
  	!estimated time points
  time_01
  time_02
  time_03
  time_05
  	!modelled time points of process (A)
  a_01
  a_02
  a_03
  a_05
  ;
  TSCORES are
  	!estimated time points
  time_01
  time_02
  time_03
  time_05;
  CLUSTER = PairID;
  SUBPOPULATION are
  	!select a subset of observations
  dementia_ever NE 1
  ;
  DEFINE:
  	! assign variables to the process (A)
  a_01 = pef_01;
  a_02 = pef_02;
  a_03 = pef_03;
  a_05 = pef_05;
  	!assign variables to time points
  time_01 = years_since_bl_01;
  time_02 = years_since_bl_02;
  time_03 = years_since_bl_03;
  time_05 = years_since_bl_05;
  	
  ANALYSIS: TYPE = RANDOM COMPLEX;
  COVERAGE=.00;
  MODEL:
  	!first-level equation
  	! assign process (A) to time points
  ia sa qa | a_01 AT time_01 ;
  ia sa qa | a_02 AT time_02 ;
  ia sa qa | a_03 AT time_03 ;
  ia sa qa | a_05 AT time_05 ;
  	!variance of the first-level terms
  ia (v_ia);
  sa (v_sa);
  qa (v_qa);
  	!covariance among first-level terms
  ia WITH sa (c_iasa);
  ia WITH qa (c_iaqa);
  sa WITH qa (c_saqa);
  	!second-level equation
  ia sa qa ON age_c80
  edu_c7
  female;
  	!residual covariance of process (A)
  a_01 (res_a);
  a_02 (res_a);
  a_03 (res_a);
  a_05 (res_a);	
  SAVEDATA:
  FILE is   u2_1235_aef_pef_fscores.dat;
  SAVE = FSCORES;
  RESULTS are   u2_1235_aef_pef_results.dat;
  	
  OUTPUT: sampstat cinterval;
  PLOT: Type is Plot1 Plot2 Plot3;



*** WARNING
  Data set contains cases with missing on x-variables.
  These cases were not included in the analysis.
  Number of cases with missing on x-variables:  46
*** WARNING
  Data set contains cases with missing on all variables except
  x-variables.  These cases were not included in the analysis.
  Number of cases with missing on all variables except x-variables:  161
   2 WARNING(S) FOUND IN THE INPUT INSTRUCTIONS




Script produced from the prototype in ./sandbox/syntax-creator/

SUMMARY OF ANALYSIS

Number of groups                                                 1
Number of observations                                         379

Number of dependent variables                                    4
Number of independent variables                                  3
Number of continuous latent variables                            3

Observed dependent variables

  Continuous
   A_01        A_02        A_03        A_05

Observed independent variables
   AGE_C80     EDU_C7      FEMALE

Continuous latent variables
   IA          SA          QA

Variables with special functions

  Cluster variable      PAIRID
  Weight variable       _WEIGHT

  Time scores
   TIME_01     TIME_02     TIME_03     TIME_05


Estimator                                                      MLR
Information matrix                                        OBSERVED
Maximum number of iterations                                   100
Convergence criterion                                    0.100D-05
Maximum number of EM iterations                                500
Convergence criteria for the EM algorithm
  Loglikelihood change                                   0.100D-02
  Relative loglikelihood change                          0.100D-05
  Derivative                                             0.100D-03
Minimum variance                                         0.100D-03
Maximum number of steepest descent iterations                   20
Maximum number of iterations for H1                           2000
Convergence criterion for H1                             0.100D-03
Optimization algorithm                                         EMA

Input data file(s)
  wide-dataset.dat
Input data format  FREE



SAMPLE STATISTICS


     ESTIMATED SAMPLE STATISTICS


           Means
              A_01          A_02          A_03          A_05          AGE_C80
              ________      ________      ________      ________      ________
 1            320.663       330.021       314.807       262.529         2.931


           Means
              EDU_C7        FEMALE
              ________      ________
 1              0.354         0.662


           Covariances
              A_01          A_02          A_03          A_05          AGE_C80
              ________      ________      ________      ________      ________
 A_01       11308.782
 A_02        9018.379     11711.055
 A_03        7884.862      8047.433      9622.141
 A_05        6953.616      8136.787      6927.114      9992.327
 AGE_C80      -57.965       -49.918       -32.234       -14.820         6.795
 EDU_C7        52.010        18.948        31.736        28.721        -0.305
 FEMALE       -23.364       -22.761       -20.618       -16.177         0.078


           Covariances
              EDU_C7        FEMALE
              ________      ________
 EDU_C7         6.017
 FEMALE        -0.102         0.224


           Correlations
              A_01          A_02          A_03          A_05          AGE_C80
              ________      ________      ________      ________      ________
 A_01           1.000
 A_02           0.784         1.000
 A_03           0.756         0.758         1.000
 A_05           0.654         0.752         0.706         1.000
 AGE_C80       -0.209        -0.177        -0.126        -0.057         1.000
 EDU_C7         0.199         0.071         0.132         0.117        -0.048
 FEMALE        -0.465        -0.445        -0.444        -0.342         0.064


           Correlations
              EDU_C7        FEMALE
              ________      ________
 EDU_C7         1.000
 FEMALE        -0.088         1.000


     MAXIMUM LOG-LIKELIHOOD VALUE FOR THE UNRESTRICTED (H1) MODEL IS -9525.506


UNIVARIATE HIGHER-ORDER MOMENT DESCRIPTIVE STATISTICS


     UNIVARIATE HIGHER-ORDER MOMENT DESCRIPTIVE STATISTICS

         Variable/         Mean/     Skewness/   Minimum/ % with                Percentiles
        Sample Size      Variance    Kurtosis    Maximum  Min/Max      20%/60%    40%/80%    Median

     A_01                325.306       0.143      90.000    0.23%     230.000    300.000    310.000
             444.000   11299.250      -0.209     620.000    0.23%     350.000    400.000
     A_02                340.278       0.291      90.000    0.29%     250.000    300.000    330.000
             350.000   11451.867      -0.010     680.000    0.29%     350.000    430.000
     A_03                331.041       0.206      60.000    0.41%     250.000    300.000    320.000
             241.000    9299.044      -0.375     600.000    0.41%     350.000    420.000
     A_05                278.973       0.863      60.000    0.81%     200.000    250.000    250.000
             124.000    9205.419       1.024     630.000    0.81%     270.000    350.000
     AGE_C80               2.931       1.066      -0.630    0.20%       0.823      1.519      2.085
             495.000       6.795       0.509      12.937    0.20%       2.768      5.153
     EDU_C7                0.354       2.344      -5.000    0.40%      -1.000     -1.000     -1.000
             495.000       6.017       7.973      16.000    0.20%       0.000      1.000
     FEMALE                0.662      -0.686       0.000   34.75%       0.000      1.000      1.000
             495.000       0.224      -1.529       1.000   65.25%       1.000      1.000


THE MODEL ESTIMATION TERMINATED NORMALLY



MODEL FIT INFORMATION

Number of Free Parameters                       19

Loglikelihood

          H0 Value                       -5270.625
          H0 Scaling Correction Factor      1.0796
            for MLR

Information Criteria

          Akaike (AIC)                   10579.251
          Bayesian (BIC)                 10654.064
          Sample-Size Adjusted BIC       10593.781
            (n* = (n + 2) / 24)



MODEL RESULTS

                                                    Two-Tailed
                    Estimate       S.E.  Est./S.E.    P-Value

 IA         ON
    AGE_C80           -7.261      1.983     -3.661      0.000
    EDU_C7             6.044      1.673      3.613      0.000
    FEMALE          -100.285     11.839     -8.471      0.000

 SA         ON
    AGE_C80            0.833      0.839      0.993      0.321
    EDU_C7            -1.950      0.784     -2.487      0.013
    FEMALE             0.770      4.171      0.185      0.854

 QA         ON
    AGE_C80           -0.013      0.103     -0.124      0.901
    EDU_C7             0.211      0.104      2.031      0.042
    FEMALE             0.384      0.552      0.695      0.487

 IA       WITH
    SA               -72.130    192.395     -0.375      0.708
    QA                -4.146     23.598     -0.176      0.861

 SA       WITH
    QA                -3.599      5.221     -0.689      0.491

 Intercepts
    A_01               0.000      0.000    999.000    999.000
    A_02               0.000      0.000    999.000    999.000
    A_03               0.000      0.000    999.000    999.000
    A_05               0.000      0.000    999.000    999.000
    IA               407.310     11.972     34.021      0.000
    SA                 3.296      3.479      0.948      0.343
    QA                -1.919      0.501     -3.828      0.000

 Residual Variances
    A_01            2398.357    289.910      8.273      0.000
    A_02            2398.357    289.910      8.273      0.000
    A_03            2398.357    289.910      8.273      0.000
    A_05            2398.357    289.910      8.273      0.000
    IA              6143.411    628.479      9.775      0.000
    SA                48.955     58.210      0.841      0.400
    QA                 0.523      0.560      0.935      0.350


QUALITY OF NUMERICAL RESULTS

     Condition Number for the Information Matrix              0.242E-05
       (ratio of smallest to largest eigenvalue)


CONFIDENCE INTERVALS OF MODEL RESULTS

                  Lower .5%  Lower 2.5%    Lower 5%    Estimate    Upper 5%  Upper 2.5%   Upper .5%

 IA       ON
    AGE_C80        -12.369     -11.148     -10.523      -7.261      -3.998      -3.374      -2.152
    EDU_C7           1.735       2.765       3.292       6.044       8.796       9.323      10.353
    FEMALE        -130.780    -123.489    -119.760    -100.285     -80.810     -77.081     -69.791

 SA       ON
    AGE_C80         -1.328      -0.811      -0.547       0.833       2.214       2.478       2.995
    EDU_C7          -3.969      -3.487      -3.240      -1.950      -0.660      -0.414       0.069
    FEMALE          -9.974      -7.405      -6.091       0.770       7.632       8.946      11.514

 QA       ON
    AGE_C80         -0.279      -0.216      -0.183      -0.013       0.157       0.190       0.254
    EDU_C7          -0.057       0.007       0.040       0.211       0.382       0.415       0.479
    FEMALE          -1.038      -0.698      -0.524       0.384       1.292       1.466       1.805

 IA       WITH
    SA            -567.700    -449.223    -388.619     -72.130     244.359     304.963     423.440
    QA             -64.929     -50.398     -42.964      -4.146      34.673      42.106      56.638

 SA       WITH
    QA             -17.048     -13.832     -12.188      -3.599       4.990       6.635       9.850

 Intercepts
    A_01             0.000       0.000       0.000       0.000       0.000       0.000       0.000
    A_02             0.000       0.000       0.000       0.000       0.000       0.000       0.000
    A_03             0.000       0.000       0.000       0.000       0.000       0.000       0.000
    A_05             0.000       0.000       0.000       0.000       0.000       0.000       0.000
    IA             376.472     383.844     387.616     407.310     427.004     430.775     438.148
    SA              -5.664      -3.522      -2.426       3.296       9.019      10.115      12.257
    QA              -3.210      -2.901      -2.743      -1.919      -1.094      -0.936      -0.628

 Residual Variances
    A_01          1651.609    1830.135    1921.456    2398.357    2875.259    2966.580    3145.106
    A_02          1651.609    1830.135    1921.456    2398.357    2875.259    2966.580    3145.106
    A_03          1651.609    1830.135    1921.456    2398.357    2875.259    2966.580    3145.106
    A_05          1651.609    1830.135    1921.456    2398.357    2875.259    2966.580    3145.106
    IA            4524.576    4911.593    5109.563    6143.411    7177.258    7375.229    7762.246
    SA            -100.984     -65.138     -46.802      48.955     144.711     163.047     198.893
    QA              -0.919      -0.574      -0.398       0.523       1.444       1.620       1.965


SAMPLE STATISTICS FOR ESTIMATED FACTOR SCORES


     SAMPLE STATISTICS


           Means
              IA            IA_SE         SA            SA_SE         QA
              ________      ________      ________      ________      ________
 1            316.555        33.919         5.858         6.814        -1.656


           Means
              QA_SE
              ________
 1              0.713


           Covariances
              IA            IA_SE         SA            SA_SE         QA
              ________      ________      ________      ________      ________
 IA          8254.645
 IA_SE       -157.161        35.907
 SA          -178.955         4.858        28.498
 SA_SE         -3.450         0.724         0.095         0.019
 QA            -3.842        -0.055        -2.168        -0.001         0.268
 QA_SE         -0.174         0.037         0.006         0.001         0.000


           Covariances
              QA_SE
              ________
 QA_SE          0.000


           Correlations
              IA            IA_SE         SA            SA_SE         QA
              ________      ________      ________      ________      ________
 IA             1.000
 IA_SE         -0.289         1.000
 SA            -0.369         0.152         1.000
 SA_SE         -0.278         0.885         0.130         1.000
 QA            -0.082        -0.018        -0.785        -0.010         1.000
 QA_SE         -0.245         0.790         0.142         0.885        -0.041


           Correlations
              QA_SE
              ________
 QA_SE          1.000


RESULTS SAVING INFORMATION

  Order of data

    Parameter estimates
     (saved in order shown in Technical 1 output)
    Standard errors
     (saved in order shown in Technical 1 output)
    H0 Loglikelihood
    H0 Scaling Correction Factor for MLR
    Number of Free Parameters
    Akaike (AIC)
    Bayesian (BIC)
    Sample-Size Adjusted BIC

  Save file
    u2_1235_aef_pef_results.dat

  Save file format           Free


PLOT INFORMATION

The following plots are available:

  Histograms (sample values, estimated factor scores)
  Scatterplots (sample values, estimated factor scores)
  Latent variable distribution plots

SAVEDATA INFORMATION


  Save file
    u2_1235_aef_pef_fscores.dat

  Order and format of variables

    A_01           F10.3
    A_02           F10.3
    A_03           F10.3
    A_05           F10.3
    AGE_C80        F10.3
    EDU_C7         F10.3
    FEMALE         F10.3
    TIME_01        F10.3
    TIME_02        F10.3
    TIME_03        F10.3
    TIME_05        F10.3
    _WEIGHT        F10.3
    IA             F10.3
    IA_SE          F10.3
    SA             F10.3
    SA_SE          F10.3
    QA             F10.3
    QA_SE          F10.3
    PAIRID         I5

  Save file format
    18F10.3 I5

  Save file record length    10000


     Beginning Time:  11:58:37
        Ending Time:  11:58:51
       Elapsed Time:  00:00:14



MUTHEN & MUTHEN
3463 Stoner Ave.
Los Angeles, CA  90066

Tel: (310) 391-9971
Fax: (310) 391-8971
Web: www.StatModel.com
Support: Support@StatModel.com

Copyright (c) 1998-2014 Muthen & Muthen
