Mplus VERSION 7.3
MUTHEN & MUTHEN
12/17/2016   6:18 PM

INPUT INSTRUCTIONS

  TITLE:
  Script produced from the prototype in ./sandbox/syntax-creator/
  DATA:
  File = wide-dataset.dat ;
  VARIABLE:
  NAMES are
   Case PairID female age_c80 edu_c7 sbp_c167 smoke cardio diabetes dementia_ever
      years_since_bl_01 years_since_bl_02 years_since_bl_03 years_since_bl_04
      years_since_bl_05 pef_01 pef_02 pef_03 pef_04 pef_05 grip_01 grip_02 grip_03
      grip_04 grip_05 gait_01 gait_02 gait_03 gait_04 gait_05 block_01 block_02
      block_03 block_04 block_05 digitspanbackward_01 digitspanbackward_02
      digitspanbackward_03 digitspanbackward_04 digitspanbackward_05
      digitspanforward_01 digitspanforward_02 digitspanforward_03 digitspanforward_04
      digitspanforward_05 symbol_01 symbol_02 symbol_03 symbol_04 symbol_05 prose_01
      prose_02 prose_03 prose_04 prose_05 info_01 info_02 info_03 info_04 info_05
      synonyms_01 synonyms_02 synonyms_03 synonyms_04 synonyms_05 psif_01 psif_02
      psif_03 psif_04 psif_05 figure_01 figure_02 figure_03 figure_04 figure_05
      mirrecall_01 mirrecall_02 mirrecall_03 mirrecall_04 mirrecall_05 mmse_01 mmse_02
      mmse_03 mmse_04 mmse_05 mirnaming_01 mirnaming_02 mirnaming_03 mirnaming_04
      mirnaming_05 mirrecog_01 mirrecog_02 mirrecog_03 mirrecog_04 mirrecog_05
      clock_01 clock_02 clock_03 clock_04 clock_05
  	;
  Missing are all (-9999);
  USEVARIABLES are
  	!define the variables used in the analysis
  	! covariates used in the model
  age_c80
  edu_c7	
  	!estimated time points
  time_01
  time_04
  time_05
  	!modelled time points of process (A)
  a_01
  a_04
  a_05
  ;
  TSCORES are
  	!estimated time points
  time_01
  time_04
  time_05;
  CLUSTER = PairID;
  SUBPOPULATION are
  	!select a subset of observations
  dementia_ever NE 1
  ;
  DEFINE:
  	! assign variables to the process (A)
  a_01 = pef_01;
  a_04 = pef_04;
  a_05 = pef_05;
  	!assign variables to time points
  time_01 = years_since_bl_01;
  time_04 = years_since_bl_04;
  time_05 = years_since_bl_05;
  	
  ANALYSIS: TYPE = RANDOM COMPLEX;
  COVERAGE=.00;
  MODEL:
  	!first-level equation
  	! assign process (A) to time points
  ia sa qa | a_01 AT time_01 ;
  ia sa qa | a_04 AT time_04 ;
  ia sa qa | a_05 AT time_05 ;
  	!variance of the first-level terms
  ia (v_ia);
  sa (v_sa);
  qa (v_qa);
  	!covariance among first-level terms
  ia WITH sa (c_iasa);
  ia WITH qa (c_iaqa);
  sa WITH qa (c_saqa);
  	!second-level equation
  ia sa qa ON age_c80
  edu_c7;
  	!residual covariance of process (A)
  a_01 (res_a);
  a_04 (res_a);
  a_05 (res_a);	
  SAVEDATA:
  FILE is   u2_145_ae_pef_fscores.dat;
  SAVE = FSCORES;
  RESULTS are   u2_145_ae_pef_results.dat;
  	
  OUTPUT: sampstat cinterval;
  PLOT: Type is Plot1 Plot2 Plot3;



*** WARNING
  Data set contains cases with missing on x-variables.
  These cases were not included in the analysis.
  Number of cases with missing on x-variables:  46
*** WARNING
  Data set contains cases with missing on all variables except
  x-variables.  These cases were not included in the analysis.
  Number of cases with missing on all variables except x-variables:  193
   2 WARNING(S) FOUND IN THE INPUT INSTRUCTIONS




Script produced from the prototype in ./sandbox/syntax-creator/

SUMMARY OF ANALYSIS

Number of groups                                                 1
Number of observations                                         355

Number of dependent variables                                    3
Number of independent variables                                  2
Number of continuous latent variables                            3

Observed dependent variables

  Continuous
   A_01        A_04        A_05

Observed independent variables
   AGE_C80     EDU_C7

Continuous latent variables
   IA          SA          QA

Variables with special functions

  Cluster variable      PAIRID
  Weight variable       _WEIGHT

  Time scores
   TIME_01     TIME_04     TIME_05


Estimator                                                      MLR
Information matrix                                        OBSERVED
Maximum number of iterations                                   100
Convergence criterion                                    0.100D-05
Maximum number of EM iterations                                500
Convergence criteria for the EM algorithm
  Loglikelihood change                                   0.100D-02
  Relative loglikelihood change                          0.100D-05
  Derivative                                             0.100D-03
Minimum variance                                         0.100D-03
Maximum number of steepest descent iterations                   20
Maximum number of iterations for H1                           2000
Convergence criterion for H1                             0.100D-03
Optimization algorithm                                         EMA

Input data file(s)
  wide-dataset.dat
Input data format  FREE



SAMPLE STATISTICS


     ESTIMATED SAMPLE STATISTICS


           Means
              A_01          A_04          A_05          AGE_C80       EDU_C7
              ________      ________      ________      ________      ________
 1            324.735       292.683       266.581         2.890         0.332


           Covariances
              A_01          A_04          A_05          AGE_C80       EDU_C7
              ________      ________      ________      ________      ________
 A_01       11348.446
 A_04        7436.978      9669.276
 A_05        6817.179      7095.943      9712.354
 AGE_C80      -59.838       -24.869       -14.129         6.770
 EDU_C7        59.962        23.310        35.219        -0.334         5.963


           Correlations
              A_01          A_04          A_05          AGE_C80       EDU_C7
              ________      ________      ________      ________      ________
 A_01           1.000
 A_04           0.710         1.000
 A_05           0.649         0.732         1.000
 AGE_C80       -0.216        -0.097        -0.055         1.000
 EDU_C7         0.231         0.097         0.146        -0.053         1.000


     MAXIMUM LOG-LIKELIHOOD VALUE FOR THE UNRESTRICTED (H1) MODEL IS -6856.906


UNIVARIATE HIGHER-ORDER MOMENT DESCRIPTIVE STATISTICS


     UNIVARIATE HIGHER-ORDER MOMENT DESCRIPTIVE STATISTICS

         Variable/         Mean/     Skewness/   Minimum/ % with                Percentiles
        Sample Size      Variance    Kurtosis    Maximum  Min/Max      20%/60%    40%/80%    Median

     A_01                325.306       0.143      90.000    0.23%     230.000    300.000    310.000
             444.000   11299.250      -0.209     620.000    0.23%     350.000    400.000
     A_04                300.316       0.580     110.000    1.05%     210.000    250.000    270.000
             191.000    9298.001      -0.185     590.000    0.52%     300.000    370.000
     A_05                278.973       0.863      60.000    0.81%     200.000    250.000    250.000
             124.000    9205.419       1.024     630.000    0.81%     270.000    350.000
     AGE_C80               2.890       1.109      -0.630    0.22%       0.823      1.498      1.992
             463.000       6.770       0.644      12.937    0.22%       2.690      5.081
     EDU_C7                0.332       2.461      -5.000    0.43%      -1.000     -1.000     -1.000
             463.000       5.963       8.695      16.000    0.22%       0.000      1.000


THE MODEL ESTIMATION TERMINATED NORMALLY



MODEL FIT INFORMATION

Number of Free Parameters                       16

Loglikelihood

          H0 Value                       -3594.034
          H0 Scaling Correction Factor      0.9740
            for MLR

Information Criteria

          Akaike (AIC)                    7220.068
          Bayesian (BIC)                  7282.021
          Sample-Size Adjusted BIC        7231.263
            (n* = (n + 2) / 24)



MODEL RESULTS

                                                    Two-Tailed
                    Estimate       S.E.  Est./S.E.    P-Value

 IA         ON
    AGE_C80           -8.373      2.260     -3.704      0.000
    EDU_C7             9.589      1.979      4.844      0.000

 SA         ON
    AGE_C80            0.676      1.416      0.477      0.633
    EDU_C7            -2.414      1.150     -2.100      0.036

 QA         ON
    AGE_C80            0.022      0.199      0.109      0.913
    EDU_C7             0.242      0.157      1.539      0.124

 IA       WITH
    SA              -133.904    403.426     -0.332      0.740
    QA               -14.196     51.919     -0.273      0.785

 SA       WITH
    QA               -36.149     42.795     -0.845      0.398

 Intercepts
    A_01               0.000      0.000    999.000    999.000
    A_04               0.000      0.000    999.000    999.000
    A_05               0.000      0.000    999.000    999.000
    IA               345.770      9.076     38.098      0.000
    SA                -0.515      5.003     -0.103      0.918
    QA                -1.121      0.695     -1.613      0.107

 Residual Variances
    A_01            1980.385    451.808      4.383      0.000
    A_04            1980.385    451.808      4.383      0.000
    A_05            1980.385    451.808      4.383      0.000
    IA              8298.727    872.368      9.513      0.000
    SA               302.765    336.398      0.900      0.368
    QA                 5.054      5.535      0.913      0.361


QUALITY OF NUMERICAL RESULTS

     Condition Number for the Information Matrix              0.570E-05
       (ratio of smallest to largest eigenvalue)


CONFIDENCE INTERVALS OF MODEL RESULTS

                  Lower .5%  Lower 2.5%    Lower 5%    Estimate    Upper 5%  Upper 2.5%   Upper .5%

 IA       ON
    AGE_C80        -14.196     -12.804     -12.092      -8.373      -4.655      -3.943      -2.551
    EDU_C7           4.491       5.710       6.333       9.589      12.846      13.469      14.688

 SA       ON
    AGE_C80         -2.970      -2.099      -1.653       0.676       3.004       3.450       4.322
    EDU_C7          -5.374      -4.667      -4.304      -2.414      -0.523      -0.160       0.547

 QA       ON
    AGE_C80         -0.490      -0.368      -0.305       0.022       0.349       0.411       0.534
    EDU_C7          -0.163      -0.066      -0.017       0.242       0.500       0.549       0.646

 IA       WITH
    SA           -1173.050    -924.620    -797.540    -133.904     529.732     656.811     905.241
    QA            -147.929    -115.957     -99.603     -14.196      71.210      87.565     119.537

 SA       WITH
    QA            -146.381    -120.028    -106.547     -36.149      34.249      47.729      74.082

 Intercepts
    A_01             0.000       0.000       0.000       0.000       0.000       0.000       0.000
    A_04             0.000       0.000       0.000       0.000       0.000       0.000       0.000
    A_05             0.000       0.000       0.000       0.000       0.000       0.000       0.000
    IA             322.392     327.981     330.840     345.770     360.700     363.559     369.148
    SA             -13.402     -10.321      -8.745      -0.515       7.715       9.291      12.372
    QA              -2.911      -2.483      -2.264      -1.121       0.022       0.241       0.669

 Residual Variances
    A_01           816.618    1094.841    1237.161    1980.385    2723.609    2865.928    3144.151
    A_04           816.618    1094.841    1237.161    1980.385    2723.609    2865.928    3144.151
    A_05           816.618    1094.841    1237.161    1980.385    2723.609    2865.928    3144.151
    IA            6051.682    6588.886    6863.682    8298.727    9733.771   10008.567   10545.771
    SA            -563.728    -356.575    -250.609     302.765     856.140     962.105    1169.259
    QA              -9.204      -5.795      -4.052       5.054      14.160      15.904      19.313


SAMPLE STATISTICS FOR ESTIMATED FACTOR SCORES


     SAMPLE STATISTICS


           Means
              IA            IA_SE         SA            SA_SE         QA
              ________      ________      ________      ________      ________
 1            319.246        38.471         0.896        16.729        -0.996


           Means
              QA_SE
              ________
 1              2.176


           Covariances
              IA            IA_SE         SA            SA_SE         QA
              ________      ________      ________      ________      ________
 IA          8211.000
 IA_SE        -52.317        19.837
 SA          -229.361         1.962        55.832
 SA_SE        -12.133         1.995         0.609         0.594
 QA            -2.995        -0.051        -4.839        -0.010         0.601
 QA_SE         -1.666         0.180         0.050         0.066         0.002


           Covariances
              QA_SE
              ________
 QA_SE          0.009


           Correlations
              IA            IA_SE         SA            SA_SE         QA
              ________      ________      ________      ________      ________
 IA             1.000
 IA_SE         -0.130         1.000
 SA            -0.339         0.059         1.000
 SA_SE         -0.174         0.581         0.106         1.000
 QA            -0.043        -0.015        -0.836        -0.017         1.000
 QA_SE         -0.193         0.426         0.070         0.905         0.025


           Correlations
              QA_SE
              ________
 QA_SE          1.000


RESULTS SAVING INFORMATION

  Order of data

    Parameter estimates
     (saved in order shown in Technical 1 output)
    Standard errors
     (saved in order shown in Technical 1 output)
    H0 Loglikelihood
    H0 Scaling Correction Factor for MLR
    Number of Free Parameters
    Akaike (AIC)
    Bayesian (BIC)
    Sample-Size Adjusted BIC

  Save file
    u2_145_ae_pef_results.dat

  Save file format           Free


PLOT INFORMATION

The following plots are available:

  Histograms (sample values, estimated factor scores)
  Scatterplots (sample values, estimated factor scores)
  Latent variable distribution plots

SAVEDATA INFORMATION


  Save file
    u2_145_ae_pef_fscores.dat

  Order and format of variables

    A_01           F10.3
    A_04           F10.3
    A_05           F10.3
    AGE_C80        F10.3
    EDU_C7         F10.3
    TIME_01        F10.3
    TIME_04        F10.3
    TIME_05        F10.3
    _WEIGHT        F10.3
    IA             F10.3
    IA_SE          F10.3
    SA             F10.3
    SA_SE          F10.3
    QA             F10.3
    QA_SE          F10.3
    PAIRID         I5

  Save file format
    15F10.3 I5

  Save file record length    10000


     Beginning Time:  18:18:06
        Ending Time:  18:18:08
       Elapsed Time:  00:00:02



MUTHEN & MUTHEN
3463 Stoner Ave.
Los Angeles, CA  90066

Tel: (310) 391-9971
Fax: (310) 391-8971
Web: www.StatModel.com
Support: Support@StatModel.com

Copyright (c) 1998-2014 Muthen & Muthen
