Mplus VERSION 7.3
MUTHEN & MUTHEN
12/17/2016  11:57 AM

INPUT INSTRUCTIONS

  TITLE:
  Script produced from the prototype in ./sandbox/syntax-creator/
  DATA:
  File = wide-dataset.dat ;
  VARIABLE:
  NAMES are
   Case PairID female age_c80 edu_c7 sbp_c167 smoke cardio diabetes dementia_ever
      years_since_bl_01 years_since_bl_02 years_since_bl_03 years_since_bl_04
      years_since_bl_05 pef_01 pef_02 pef_03 pef_04 pef_05 grip_01 grip_02 grip_03
      grip_04 grip_05 gait_01 gait_02 gait_03 gait_04 gait_05 block_01 block_02
      block_03 block_04 block_05 digitspanbackward_01 digitspanbackward_02
      digitspanbackward_03 digitspanbackward_04 digitspanbackward_05
      digitspanforward_01 digitspanforward_02 digitspanforward_03 digitspanforward_04
      digitspanforward_05 symbol_01 symbol_02 symbol_03 symbol_04 symbol_05 prose_01
      prose_02 prose_03 prose_04 prose_05 info_01 info_02 info_03 info_04 info_05
      synonyms_01 synonyms_02 synonyms_03 synonyms_04 synonyms_05 psif_01 psif_02
      psif_03 psif_04 psif_05 figure_01 figure_02 figure_03 figure_04 figure_05
      mirrecall_01 mirrecall_02 mirrecall_03 mirrecall_04 mirrecall_05 mmse_01 mmse_02
      mmse_03 mmse_04 mmse_05 mirnaming_01 mirnaming_02 mirnaming_03 mirnaming_04
      mirnaming_05 mirrecog_01 mirrecog_02 mirrecog_03 mirrecog_04 mirrecog_05
      clock_01 clock_02 clock_03 clock_04 clock_05
  	;
  Missing are all (-9999);
  USEVARIABLES are
  	!define the variables used in the analysis
  	! covariates used in the model
  age_c80
  edu_c7	
  	!estimated time points
  time_01
  time_02
  time_03
  time_04
  	!modelled time points of process (A)
  a_01
  a_02
  a_03
  a_04
  ;
  TSCORES are
  	!estimated time points
  time_01
  time_02
  time_03
  time_04;
  CLUSTER = PairID;
  SUBPOPULATION are
  	!select a subset of observations
  dementia_ever NE 1
  ;
  DEFINE:
  	! assign variables to the process (A)
  a_01 = pef_01;
  a_02 = pef_02;
  a_03 = pef_03;
  a_04 = pef_04;
  	!assign variables to time points
  time_01 = years_since_bl_01;
  time_02 = years_since_bl_02;
  time_03 = years_since_bl_03;
  time_04 = years_since_bl_04;
  	
  ANALYSIS: TYPE = RANDOM COMPLEX;
  COVERAGE=.00;
  MODEL:
  	!first-level equation
  	! assign process (A) to time points
  ia sa qa | a_01 AT time_01 ;
  ia sa qa | a_02 AT time_02 ;
  ia sa qa | a_03 AT time_03 ;
  ia sa qa | a_04 AT time_04 ;
  	!variance of the first-level terms
  ia (v_ia);
  sa (v_sa);
  qa (v_qa);
  	!covariance among first-level terms
  ia WITH sa (c_iasa);
  ia WITH qa (c_iaqa);
  sa WITH qa (c_saqa);
  	!second-level equation
  ia sa qa ON age_c80
  edu_c7;
  	!residual covariance of process (A)
  a_01 (res_a);
  a_02 (res_a);
  a_03 (res_a);
  a_04 (res_a);	
  SAVEDATA:
  FILE is   u2_1234_ae_pef_fscores.dat;
  SAVE = FSCORES;
  RESULTS are   u2_1234_ae_pef_results.dat;
  	
  OUTPUT: sampstat cinterval;
  PLOT: Type is Plot1 Plot2 Plot3;



*** WARNING
  Data set contains cases with missing on x-variables.
  These cases were not included in the analysis.
  Number of cases with missing on x-variables:  46
*** WARNING
  Data set contains cases with missing on all variables except
  x-variables.  These cases were not included in the analysis.
  Number of cases with missing on all variables except x-variables:  159
   2 WARNING(S) FOUND IN THE INPUT INSTRUCTIONS




Script produced from the prototype in ./sandbox/syntax-creator/

SUMMARY OF ANALYSIS

Number of groups                                                 1
Number of observations                                         380

Number of dependent variables                                    4
Number of independent variables                                  2
Number of continuous latent variables                            3

Observed dependent variables

  Continuous
   A_01        A_02        A_03        A_04

Observed independent variables
   AGE_C80     EDU_C7

Continuous latent variables
   IA          SA          QA

Variables with special functions

  Cluster variable      PAIRID
  Weight variable       _WEIGHT

  Time scores
   TIME_01     TIME_02     TIME_03     TIME_04


Estimator                                                      MLR
Information matrix                                        OBSERVED
Maximum number of iterations                                   100
Convergence criterion                                    0.100D-05
Maximum number of EM iterations                                500
Convergence criteria for the EM algorithm
  Loglikelihood change                                   0.100D-02
  Relative loglikelihood change                          0.100D-05
  Derivative                                             0.100D-03
Minimum variance                                         0.100D-03
Maximum number of steepest descent iterations                   20
Maximum number of iterations for H1                           2000
Convergence criterion for H1                             0.100D-03
Optimization algorithm                                         EMA

Input data file(s)
  wide-dataset.dat
Input data format  FREE



SAMPLE STATISTICS


     ESTIMATED SAMPLE STATISTICS


           Means
              A_01          A_02          A_03          A_04          AGE_C80
              ________      ________      ________      ________      ________
 1            320.578       329.758       313.743       289.322         2.936


           Means
              EDU_C7
              ________
 1              0.353


           Covariances
              A_01          A_02          A_03          A_04          AGE_C80
              ________      ________      ________      ________      ________
 A_01       11321.554
 A_02        9037.054     11727.937
 A_03        7938.767      8058.437      9649.536
 A_04        7071.258      7645.640      7358.170      9393.790
 AGE_C80      -58.191       -49.392       -34.854       -24.707         6.787
 EDU_C7        52.691        18.313        31.208        21.553        -0.306


           Covariances
              EDU_C7
              ________
 EDU_C7         6.002


           Correlations
              A_01          A_02          A_03          A_04          AGE_C80
              ________      ________      ________      ________      ________
 A_01           1.000
 A_02           0.784         1.000
 A_03           0.760         0.758         1.000
 A_04           0.686         0.728         0.773         1.000
 AGE_C80       -0.210        -0.175        -0.136        -0.098         1.000
 EDU_C7         0.202         0.069         0.130         0.091        -0.048


           Correlations
              EDU_C7
              ________
 EDU_C7         1.000


     MAXIMUM LOG-LIKELIHOOD VALUE FOR THE UNRESTRICTED (H1) MODEL IS -9596.987


UNIVARIATE HIGHER-ORDER MOMENT DESCRIPTIVE STATISTICS


     UNIVARIATE HIGHER-ORDER MOMENT DESCRIPTIVE STATISTICS

         Variable/         Mean/     Skewness/   Minimum/ % with                Percentiles
        Sample Size      Variance    Kurtosis    Maximum  Min/Max      20%/60%    40%/80%    Median

     A_01                325.306       0.143      90.000    0.23%     230.000    300.000    310.000
             444.000   11299.250      -0.209     620.000    0.23%     350.000    400.000
     A_02                340.278       0.291      90.000    0.29%     250.000    300.000    330.000
             350.000   11451.867      -0.010     680.000    0.29%     350.000    430.000
     A_03                331.041       0.206      60.000    0.41%     250.000    300.000    320.000
             241.000    9299.044      -0.375     600.000    0.41%     350.000    420.000
     A_04                300.316       0.580     110.000    1.05%     210.000    250.000    270.000
             191.000    9298.001      -0.185     590.000    0.52%     300.000    370.000
     AGE_C80               2.936       1.060      -0.630    0.20%       0.823      1.522      2.110
             497.000       6.787       0.500      12.937    0.20%       2.768      5.153
     EDU_C7                0.353       2.348      -5.000    0.40%      -1.000     -1.000     -1.000
             497.000       6.002       8.004      16.000    0.20%       0.000      1.000


THE MODEL ESTIMATION TERMINATED NORMALLY



MODEL FIT INFORMATION

Number of Free Parameters                       16

Loglikelihood

          H0 Value                       -5561.574
          H0 Scaling Correction Factor      1.0586
            for MLR

Information Criteria

          Akaike (AIC)                   11155.149
          Bayesian (BIC)                 11218.192
          Sample-Size Adjusted BIC       11167.427
            (n* = (n + 2) / 24)



MODEL RESULTS

                                                    Two-Tailed
                    Estimate       S.E.  Est./S.E.    P-Value

 IA         ON
    AGE_C80           -8.342      2.240     -3.724      0.000
    EDU_C7             7.968      2.102      3.790      0.000

 SA         ON
    AGE_C80            0.676      1.066      0.634      0.526
    EDU_C7            -2.523      1.043     -2.420      0.016

 QA         ON
    AGE_C80            0.024      0.177      0.133      0.894
    EDU_C7             0.310      0.184      1.681      0.093

 IA       WITH
    SA                64.143    241.419      0.266      0.790
    QA               -58.351     39.757     -1.468      0.142

 SA       WITH
    QA                -9.631     10.168     -0.947      0.344

 Intercepts
    A_01               0.000      0.000    999.000    999.000
    A_02               0.000      0.000    999.000    999.000
    A_03               0.000      0.000    999.000    999.000
    A_04               0.000      0.000    999.000    999.000
    IA               342.993      9.000     38.111      0.000
    SA                 5.921      3.465      1.709      0.087
    QA                -2.242      0.585     -3.835      0.000

 Residual Variances
    A_01            2239.263    273.938      8.174      0.000
    A_02            2239.263    273.938      8.174      0.000
    A_03            2239.263    273.938      8.174      0.000
    A_04            2239.263    273.938      8.174      0.000
    IA              8397.195    775.357     10.830      0.000
    SA                87.592     81.528      1.074      0.283
    QA                 2.292      1.593      1.439      0.150


QUALITY OF NUMERICAL RESULTS

     Condition Number for the Information Matrix              0.104E-04
       (ratio of smallest to largest eigenvalue)


CONFIDENCE INTERVALS OF MODEL RESULTS

                  Lower .5%  Lower 2.5%    Lower 5%    Estimate    Upper 5%  Upper 2.5%   Upper .5%

 IA       ON
    AGE_C80        -14.112     -12.733     -12.027      -8.342      -4.657      -3.952      -2.572
    EDU_C7           2.553       3.847       4.510       7.968      11.427      12.089      13.384

 SA       ON
    AGE_C80         -2.071      -1.414      -1.078       0.676       2.430       2.766       3.422
    EDU_C7          -5.209      -4.567      -4.239      -2.523      -0.808      -0.480       0.162

 QA       ON
    AGE_C80         -0.433      -0.324      -0.268       0.024       0.315       0.371       0.480
    EDU_C7          -0.165      -0.051       0.007       0.310       0.612       0.670       0.784

 IA       WITH
    SA            -557.704    -409.038    -332.991      64.143     461.278     537.325     685.991
    QA            -160.758    -136.275    -123.751     -58.351       7.050      19.574      44.057

 SA       WITH
    QA             -35.822     -29.560     -26.357      -9.631       7.096      10.299      16.560

 Intercepts
    A_01             0.000       0.000       0.000       0.000       0.000       0.000       0.000
    A_02             0.000       0.000       0.000       0.000       0.000       0.000       0.000
    A_03             0.000       0.000       0.000       0.000       0.000       0.000       0.000
    A_04             0.000       0.000       0.000       0.000       0.000       0.000       0.000
    IA             319.811     325.353     328.188     342.993     357.797     360.632     366.174
    SA              -3.004      -0.870       0.221       5.921      11.621      12.712      14.846
    QA              -3.748      -3.388      -3.204      -2.242      -1.280      -1.096      -0.736

 Residual Variances
    A_01          1533.654    1702.345    1788.635    2239.263    2689.890    2776.181    2944.872
    A_02          1533.654    1702.345    1788.635    2239.263    2689.890    2776.181    2944.872
    A_03          1533.654    1702.345    1788.635    2239.263    2689.890    2776.181    2944.872
    A_04          1533.654    1702.345    1788.635    2239.263    2689.890    2776.181    2944.872
    IA            6400.030    6877.495    7121.733    8397.195    9672.658    9916.896   10394.360
    SA            -122.408     -72.203     -46.522      87.592     221.706     247.387     297.592
    QA              -1.810      -0.829      -0.328       2.292       4.912       5.414       6.395


SAMPLE STATISTICS FOR ESTIMATED FACTOR SCORES


     SAMPLE STATISTICS


           Means
              IA            IA_SE         SA            SA_SE         QA
              ________      ________      ________      ________      ________
 1            315.578        34.565         7.268         8.934        -2.080


           Means
              QA_SE
              ________
 1              1.360


           Covariances
              IA            IA_SE         SA            SA_SE         QA
              ________      ________      ________      ________      ________
 IA          8263.940
 IA_SE       -158.142        39.574
 SA           -39.431         2.311        44.215
 SA_SE         -6.695         1.528         0.126         0.083
 QA           -40.329         0.748        -4.847         0.030         0.925
 QA_SE         -0.660         0.168         0.018         0.008         0.002


           Covariances
              QA_SE
              ________
 QA_SE          0.001


           Correlations
              IA            IA_SE         SA            SA_SE         QA
              ________      ________      ________      ________      ________
 IA             1.000
 IA_SE         -0.277         1.000
 SA            -0.065         0.055         1.000
 SA_SE         -0.255         0.841         0.066         1.000
 QA            -0.461         0.124        -0.758         0.107         1.000
 QA_SE         -0.231         0.853         0.087         0.882         0.061


           Correlations
              QA_SE
              ________
 QA_SE          1.000


RESULTS SAVING INFORMATION

  Order of data

    Parameter estimates
     (saved in order shown in Technical 1 output)
    Standard errors
     (saved in order shown in Technical 1 output)
    H0 Loglikelihood
    H0 Scaling Correction Factor for MLR
    Number of Free Parameters
    Akaike (AIC)
    Bayesian (BIC)
    Sample-Size Adjusted BIC

  Save file
    u2_1234_ae_pef_results.dat

  Save file format           Free


PLOT INFORMATION

The following plots are available:

  Histograms (sample values, estimated factor scores)
  Scatterplots (sample values, estimated factor scores)
  Latent variable distribution plots

SAVEDATA INFORMATION


  Save file
    u2_1234_ae_pef_fscores.dat

  Order and format of variables

    A_01           F10.3
    A_02           F10.3
    A_03           F10.3
    A_04           F10.3
    AGE_C80        F10.3
    EDU_C7         F10.3
    TIME_01        F10.3
    TIME_02        F10.3
    TIME_03        F10.3
    TIME_04        F10.3
    _WEIGHT        F10.3
    IA             F10.3
    IA_SE          F10.3
    SA             F10.3
    SA_SE          F10.3
    QA             F10.3
    QA_SE          F10.3
    PAIRID         I5

  Save file format
    17F10.3 I5

  Save file record length    10000


     Beginning Time:  11:57:23
        Ending Time:  11:57:37
       Elapsed Time:  00:00:14



MUTHEN & MUTHEN
3463 Stoner Ave.
Los Angeles, CA  90066

Tel: (310) 391-9971
Fax: (310) 391-8971
Web: www.StatModel.com
Support: Support@StatModel.com

Copyright (c) 1998-2014 Muthen & Muthen
