Mplus VERSION 7.3
MUTHEN & MUTHEN
12/17/2016  11:47 AM

INPUT INSTRUCTIONS

  TITLE:
  Script produced from the prototype in ./sandbox/syntax-creator/
  DATA:
  File = wide-dataset.dat ;
  VARIABLE:
  NAMES are
   Case PairID female age_c80 edu_c7 sbp_c167 smoke cardio diabetes dementia_ever
      years_since_bl_01 years_since_bl_02 years_since_bl_03 years_since_bl_04
      years_since_bl_05 pef_01 pef_02 pef_03 pef_04 pef_05 grip_01 grip_02 grip_03
      grip_04 grip_05 gait_01 gait_02 gait_03 gait_04 gait_05 block_01 block_02
      block_03 block_04 block_05 digitspanbackward_01 digitspanbackward_02
      digitspanbackward_03 digitspanbackward_04 digitspanbackward_05
      digitspanforward_01 digitspanforward_02 digitspanforward_03 digitspanforward_04
      digitspanforward_05 symbol_01 symbol_02 symbol_03 symbol_04 symbol_05 prose_01
      prose_02 prose_03 prose_04 prose_05 info_01 info_02 info_03 info_04 info_05
      synonyms_01 synonyms_02 synonyms_03 synonyms_04 synonyms_05 psif_01 psif_02
      psif_03 psif_04 psif_05 figure_01 figure_02 figure_03 figure_04 figure_05
      mirrecall_01 mirrecall_02 mirrecall_03 mirrecall_04 mirrecall_05 mmse_01 mmse_02
      mmse_03 mmse_04 mmse_05 mirnaming_01 mirnaming_02 mirnaming_03 mirnaming_04
      mirnaming_05 mirrecog_01 mirrecog_02 mirrecog_03 mirrecog_04 mirrecog_05
      clock_01 clock_02 clock_03 clock_04 clock_05
  	;
  Missing are all (-9999);
  USEVARIABLES are
  	!define the variables used in the analysis
  	! covariates used in the model
  age_c80
  edu_c7
  female
  sbp_c167	
  	!estimated time points
  time_01
  time_02
  time_03
  time_04
  time_05
  	!modelled time points of process (A)
  a_01
  a_02
  a_03
  a_04
  a_05
  ;
  TSCORES are
  	!estimated time points
  time_01
  time_02
  time_03
  time_04
  time_05;
  CLUSTER = PairID;
  SUBPOPULATION are
  	!select a subset of observations
  dementia_ever NE 1
  ;
  DEFINE:
  	! assign variables to the process (A)
  a_01 = symbol_01;
  a_02 = symbol_02;
  a_03 = symbol_03;
  a_04 = symbol_04;
  a_05 = symbol_05;
  	!assign variables to time points
  time_01 = years_since_bl_01;
  time_02 = years_since_bl_02;
  time_03 = years_since_bl_03;
  time_04 = years_since_bl_04;
  time_05 = years_since_bl_05;
  	
  ANALYSIS: TYPE = RANDOM COMPLEX;
  COVERAGE=.00;
  MODEL:
  	!first-level equation
  	! assign process (A) to time points
  ia sa | a_01 AT time_01 ;
  ia sa | a_02 AT time_02 ;
  ia sa | a_03 AT time_03 ;
  ia sa | a_04 AT time_04 ;
  ia sa | a_05 AT time_05 ;
  	!variance of the first-level terms
  ia (v_ia);
  sa (v_sa);
  	!covariance among first-level terms
  ia WITH sa (c_iasa);
  	!second-level equation
  ia sa ON age_c80
  edu_c7
  female
  sbp_c167;
  	!residual covariance of process (A)
  a_01 (res_a);
  a_02 (res_a);
  a_03 (res_a);
  a_04 (res_a);
  a_05 (res_a);	
  SAVEDATA:
  FILE is   u1_12345_aefb_symbol_fscores.dat;
  SAVE = FSCORES;
  RESULTS are   u1_12345_aefb_symbol_results.dat;
  	
  OUTPUT: sampstat cinterval;
  PLOT: Type is Plot1 Plot2 Plot3;



*** WARNING
  Data set contains cases with missing on x-variables.
  These cases were not included in the analysis.
  Number of cases with missing on x-variables:  92
*** WARNING
  Data set contains cases with missing on all variables except
  x-variables.  These cases were not included in the analysis.
  Number of cases with missing on all variables except x-variables:  112
   2 WARNING(S) FOUND IN THE INPUT INSTRUCTIONS




Script produced from the prototype in ./sandbox/syntax-creator/

SUMMARY OF ANALYSIS

Number of groups                                                 1
Number of observations                                         367

Number of dependent variables                                    5
Number of independent variables                                  4
Number of continuous latent variables                            2

Observed dependent variables

  Continuous
   A_01        A_02        A_03        A_04        A_05

Observed independent variables
   AGE_C80     EDU_C7      FEMALE      SBP_C167

Continuous latent variables
   IA          SA

Variables with special functions

  Cluster variable      PAIRID
  Weight variable       _WEIGHT

  Time scores
   TIME_01     TIME_02     TIME_03     TIME_04     TIME_05


Estimator                                                      MLR
Information matrix                                        OBSERVED
Maximum number of iterations                                   100
Convergence criterion                                    0.100D-05
Maximum number of EM iterations                                500
Convergence criteria for the EM algorithm
  Loglikelihood change                                   0.100D-02
  Relative loglikelihood change                          0.100D-05
  Derivative                                             0.100D-03
Minimum variance                                         0.100D-03
Maximum number of steepest descent iterations                   20
Maximum number of iterations for H1                           2000
Convergence criterion for H1                             0.100D-03
Optimization algorithm                                         EMA

Input data file(s)
  wide-dataset.dat
Input data format  FREE



SAMPLE STATISTICS


     ESTIMATED SAMPLE STATISTICS


           Means
              A_01          A_02          A_03          A_04          A_05
              ________      ________      ________      ________      ________
 1             25.236        25.090        24.965        23.410        20.593


           Means
              AGE_C80       EDU_C7        FEMALE        SBP_C167
              ________      ________      ________      ________
 1              2.979         0.354         0.654        -5.134


           Covariances
              A_01          A_02          A_03          A_04          A_05
              ________      ________      ________      ________      ________
 A_01         111.515
 A_02          83.208       103.902
 A_03          80.308        83.731       105.236
 A_04          76.489        81.890        80.559       109.985
 A_05          64.755        69.693        70.079        81.618       106.080
 AGE_C80       -6.097        -4.733        -4.992        -5.996        -5.793
 EDU_C7         8.656         7.759         8.591         8.269         7.605
 FEMALE         0.136         0.399         0.243         0.323        -0.005
 SBP_C167      20.614         2.992        -6.763       -17.790       -14.838


           Covariances
              AGE_C80       EDU_C7        FEMALE        SBP_C167
              ________      ________      ________      ________
 AGE_C80        6.712
 EDU_C7        -0.351         5.526
 FEMALE         0.060        -0.082         0.226
 SBP_C167      -3.000        -0.321         0.837       493.587


           Correlations
              A_01          A_02          A_03          A_04          A_05
              ________      ________      ________      ________      ________
 A_01           1.000
 A_02           0.773         1.000
 A_03           0.741         0.801         1.000
 A_04           0.691         0.766         0.749         1.000
 A_05           0.595         0.664         0.663         0.756         1.000
 AGE_C80       -0.223        -0.179        -0.188        -0.221        -0.217
 EDU_C7         0.349         0.324         0.356         0.335         0.314
 FEMALE         0.027         0.082         0.050         0.065        -0.001
 SBP_C167       0.088         0.013        -0.030        -0.076        -0.065


           Correlations
              AGE_C80       EDU_C7        FEMALE        SBP_C167
              ________      ________      ________      ________
 AGE_C80        1.000
 EDU_C7        -0.058         1.000
 FEMALE         0.049        -0.073         1.000
 SBP_C167      -0.052        -0.006         0.079         1.000


     MAXIMUM LOG-LIKELIHOOD VALUE FOR THE UNRESTRICTED (H1) MODEL IS -9921.546


UNIVARIATE HIGHER-ORDER MOMENT DESCRIPTIVE STATISTICS


     UNIVARIATE HIGHER-ORDER MOMENT DESCRIPTIVE STATISTICS

         Variable/         Mean/     Skewness/   Minimum/ % with                Percentiles
        Sample Size      Variance    Kurtosis    Maximum  Min/Max      20%/60%    40%/80%    Median

     A_01                 25.628       0.090       0.000    3.10%      14.000     20.000     24.000
             451.000     111.096      -0.284      59.000    0.22%      27.000     34.000
     A_02                 25.937       0.208       0.000    2.53%      13.000     20.000     23.000
             356.000     105.112      -0.553      58.000    0.28%      27.000     34.000
     A_03                 26.500       0.182       0.000    5.28%      13.000     19.000     22.000
             284.000     110.465      -0.750      56.000    0.35%      26.000     34.000
     A_04                 26.151       0.168       0.000    8.16%      12.000     18.000     21.000
             196.000     114.944      -0.948      52.000    0.51%      26.000     36.000
     A_05                 23.686       0.467       0.000    7.86%      13.000     18.000     20.000
             140.000     105.758      -0.514      51.000    0.71%      22.000     32.000
     AGE_C80               2.979       1.097      -0.581    0.20%       0.854      1.618      2.135
             498.000       6.712       0.683      13.313    0.20%       2.768      5.146
     EDU_C7                0.354       2.034      -5.000    0.40%      -1.000     -1.000     -1.000
             498.000       5.526       5.212      13.000    0.20%       0.000      1.000
     FEMALE                0.654      -0.647       0.000   34.94%       0.000      1.000      1.000
             498.000       0.226      -1.581       1.000   65.06%       1.000      1.000
     SBP_C167             -5.134       0.406     -57.000    0.80%     -27.000     -7.000     -7.000
             498.000     493.587       0.793      93.000    0.20%      -2.000     13.000


THE MODEL ESTIMATION TERMINATED NORMALLY



MODEL FIT INFORMATION

Number of Free Parameters                       14

Loglikelihood

          H0 Value                       -3726.950
          H0 Scaling Correction Factor      1.0403
            for MLR

Information Criteria

          Akaike (AIC)                    7481.900
          Bayesian (BIC)                  7536.575
          Sample-Size Adjusted BIC        7492.158
            (n* = (n + 2) / 24)



MODEL RESULTS

                                                    Two-Tailed
                    Estimate       S.E.  Est./S.E.    P-Value

 IA         ON
    AGE_C80           -0.807      0.222     -3.642      0.000
    EDU_C7             1.497      0.202      7.427      0.000
    FEMALE             1.784      1.142      1.563      0.118
    SBP_C167           0.027      0.024      1.130      0.259

 SA         ON
    AGE_C80            0.017      0.034      0.482      0.630
    EDU_C7            -0.002      0.034     -0.049      0.961
    FEMALE            -0.039      0.159     -0.244      0.808
    SBP_C167          -0.010      0.003     -3.024      0.002

 IA       WITH
    SA                -2.369      0.749     -3.161      0.002

 Intercepts
    A_01               0.000      0.000    999.000    999.000
    A_02               0.000      0.000    999.000    999.000
    A_03               0.000      0.000    999.000    999.000
    A_04               0.000      0.000    999.000    999.000
    A_05               0.000      0.000    999.000    999.000
    IA                26.564      1.136     23.387      0.000
    SA                -0.512      0.140     -3.660      0.000

 Residual Variances
    A_01              24.768      1.813     13.661      0.000
    A_02              24.768      1.813     13.661      0.000
    A_03              24.768      1.813     13.661      0.000
    A_04              24.768      1.813     13.661      0.000
    A_05              24.768      1.813     13.661      0.000
    IA                72.010      6.578     10.947      0.000
    SA                 0.508      0.136      3.739      0.000


QUALITY OF NUMERICAL RESULTS

     Condition Number for the Information Matrix              0.779E-05
       (ratio of smallest to largest eigenvalue)


CONFIDENCE INTERVALS OF MODEL RESULTS

                  Lower .5%  Lower 2.5%    Lower 5%    Estimate    Upper 5%  Upper 2.5%   Upper .5%

 IA       ON
    AGE_C80         -1.378      -1.242      -1.172      -0.807      -0.443      -0.373      -0.236
    EDU_C7           0.978       1.102       1.166       1.497       1.829       1.892       2.017
    FEMALE          -1.156      -0.453      -0.093       1.784       3.662       4.022       4.725
    SBP_C167        -0.035      -0.020      -0.012       0.027       0.067       0.075       0.090

 SA       ON
    AGE_C80         -0.072      -0.051      -0.040       0.017       0.073       0.084       0.105
    EDU_C7          -0.090      -0.069      -0.058      -0.002       0.055       0.066       0.087
    FEMALE          -0.450      -0.351      -0.301      -0.039       0.223       0.274       0.372
    SBP_C167        -0.019      -0.017      -0.016      -0.010      -0.005      -0.004      -0.001

 IA       WITH
    SA              -4.300      -3.838      -3.602      -2.369      -1.137      -0.900      -0.439

 Intercepts
    A_01             0.000       0.000       0.000       0.000       0.000       0.000       0.000
    A_02             0.000       0.000       0.000       0.000       0.000       0.000       0.000
    A_03             0.000       0.000       0.000       0.000       0.000       0.000       0.000
    A_04             0.000       0.000       0.000       0.000       0.000       0.000       0.000
    A_05             0.000       0.000       0.000       0.000       0.000       0.000       0.000
    IA              23.639      24.338      24.696      26.564      28.433      28.791      29.490
    SA              -0.873      -0.786      -0.742      -0.512      -0.282      -0.238      -0.152

 Residual Variances
    A_01            20.098      21.214      21.785      24.768      27.750      28.321      29.437
    A_02            20.098      21.214      21.785      24.768      27.750      28.321      29.437
    A_03            20.098      21.214      21.785      24.768      27.750      28.321      29.437
    A_04            20.098      21.214      21.785      24.768      27.750      28.321      29.437
    A_05            20.098      21.214      21.785      24.768      27.750      28.321      29.437
    IA              55.066      59.117      61.189      72.010      82.831      84.903      88.954
    SA               0.158       0.242       0.285       0.508       0.732       0.775       0.858


SAMPLE STATISTICS FOR ESTIMATED FACTOR SCORES


     SAMPLE STATISTICS


           Means
              IA            IA_SE         SA            SA_SE
              ________      ________      ________      ________
 1             23.395         3.533        -0.446         0.621


           Covariances
              IA            IA_SE         SA            SA_SE
              ________      ________      ________      ________
 IA            92.293
 IA_SE         -1.776         0.355
 SA            -1.757         0.056         0.196
 SA_SE         -0.200         0.025         0.006         0.004


           Correlations
              IA            IA_SE         SA            SA_SE
              ________      ________      ________      ________
 IA             1.000
 IA_SE         -0.310         1.000
 SA            -0.413         0.212         1.000
 SA_SE         -0.336         0.692         0.234         1.000


RESULTS SAVING INFORMATION

  Order of data

    Parameter estimates
     (saved in order shown in Technical 1 output)
    Standard errors
     (saved in order shown in Technical 1 output)
    H0 Loglikelihood
    H0 Scaling Correction Factor for MLR
    Number of Free Parameters
    Akaike (AIC)
    Bayesian (BIC)
    Sample-Size Adjusted BIC

  Save file
    u1_12345_aefb_symbol_results.dat

  Save file format           Free


PLOT INFORMATION

The following plots are available:

  Histograms (sample values, estimated factor scores)
  Scatterplots (sample values, estimated factor scores)
  Latent variable distribution plots

SAVEDATA INFORMATION


  Save file
    u1_12345_aefb_symbol_fscores.dat

  Order and format of variables

    A_01           F10.3
    A_02           F10.3
    A_03           F10.3
    A_04           F10.3
    A_05           F10.3
    AGE_C80        F10.3
    EDU_C7         F10.3
    FEMALE         F10.3
    SBP_C167       F10.3
    TIME_01        F10.3
    TIME_02        F10.3
    TIME_03        F10.3
    TIME_04        F10.3
    TIME_05        F10.3
    _WEIGHT        F10.3
    IA             F10.3
    IA_SE          F10.3
    SA             F10.3
    SA_SE          F10.3
    PAIRID         I6

  Save file format
    19F10.3 I6

  Save file record length    10000


     Beginning Time:  11:47:31
        Ending Time:  11:47:32
       Elapsed Time:  00:00:01



MUTHEN & MUTHEN
3463 Stoner Ave.
Los Angeles, CA  90066

Tel: (310) 391-9971
Fax: (310) 391-8971
Web: www.StatModel.com
Support: Support@StatModel.com

Copyright (c) 1998-2014 Muthen & Muthen
