Mplus VERSION 7.3
MUTHEN & MUTHEN
12/17/2016  11:47 AM

INPUT INSTRUCTIONS

  TITLE:
  Script produced from the prototype in ./sandbox/syntax-creator/
  DATA:
  File = wide-dataset.dat ;
  VARIABLE:
  NAMES are
   Case PairID female age_c80 edu_c7 sbp_c167 smoke cardio diabetes dementia_ever
      years_since_bl_01 years_since_bl_02 years_since_bl_03 years_since_bl_04
      years_since_bl_05 pef_01 pef_02 pef_03 pef_04 pef_05 grip_01 grip_02 grip_03
      grip_04 grip_05 gait_01 gait_02 gait_03 gait_04 gait_05 block_01 block_02
      block_03 block_04 block_05 digitspanbackward_01 digitspanbackward_02
      digitspanbackward_03 digitspanbackward_04 digitspanbackward_05
      digitspanforward_01 digitspanforward_02 digitspanforward_03 digitspanforward_04
      digitspanforward_05 symbol_01 symbol_02 symbol_03 symbol_04 symbol_05 prose_01
      prose_02 prose_03 prose_04 prose_05 info_01 info_02 info_03 info_04 info_05
      synonyms_01 synonyms_02 synonyms_03 synonyms_04 synonyms_05 psif_01 psif_02
      psif_03 psif_04 psif_05 figure_01 figure_02 figure_03 figure_04 figure_05
      mirrecall_01 mirrecall_02 mirrecall_03 mirrecall_04 mirrecall_05 mmse_01 mmse_02
      mmse_03 mmse_04 mmse_05 mirnaming_01 mirnaming_02 mirnaming_03 mirnaming_04
      mirnaming_05 mirrecog_01 mirrecog_02 mirrecog_03 mirrecog_04 mirrecog_05
      clock_01 clock_02 clock_03 clock_04 clock_05
  	;
  Missing are all (-9999);
  USEVARIABLES are
  	!define the variables used in the analysis
  	! covariates used in the model
  age_c80
  edu_c7
  female	
  	!estimated time points
  time_01
  time_02
  time_03
  time_04
  	!modelled time points of process (A)
  a_01
  a_02
  a_03
  a_04
  ;
  TSCORES are
  	!estimated time points
  time_01
  time_02
  time_03
  time_04;
  CLUSTER = PairID;
  SUBPOPULATION are
  	!select a subset of observations
  dementia_ever NE 1
  ;
  DEFINE:
  	! assign variables to the process (A)
  a_01 = symbol_01;
  a_02 = symbol_02;
  a_03 = symbol_03;
  a_04 = symbol_04;
  	!assign variables to time points
  time_01 = years_since_bl_01;
  time_02 = years_since_bl_02;
  time_03 = years_since_bl_03;
  time_04 = years_since_bl_04;
  	
  ANALYSIS: TYPE = RANDOM COMPLEX;
  COVERAGE=.00;
  MODEL:
  	!first-level equation
  	! assign process (A) to time points
  ia sa | a_01 AT time_01 ;
  ia sa | a_02 AT time_02 ;
  ia sa | a_03 AT time_03 ;
  ia sa | a_04 AT time_04 ;
  	!variance of the first-level terms
  ia (v_ia);
  sa (v_sa);
  	!covariance among first-level terms
  ia WITH sa (c_iasa);
  	!second-level equation
  ia sa ON age_c80
  edu_c7
  female;
  	!residual covariance of process (A)
  a_01 (res_a);
  a_02 (res_a);
  a_03 (res_a);
  a_04 (res_a);	
  SAVEDATA:
  FILE is   u1_1234_aef_symbol_fscores.dat;
  SAVE = FSCORES;
  RESULTS are   u1_1234_aef_symbol_results.dat;
  	
  OUTPUT: sampstat cinterval;
  PLOT: Type is Plot1 Plot2 Plot3;



*** WARNING
  Data set contains cases with missing on x-variables.
  These cases were not included in the analysis.
  Number of cases with missing on x-variables:  46
*** WARNING
  Data set contains cases with missing on all variables except
  x-variables.  These cases were not included in the analysis.
  Number of cases with missing on all variables except x-variables:  144
   2 WARNING(S) FOUND IN THE INPUT INSTRUCTIONS




Script produced from the prototype in ./sandbox/syntax-creator/

SUMMARY OF ANALYSIS

Number of groups                                                 1
Number of observations                                         374

Number of dependent variables                                    4
Number of independent variables                                  3
Number of continuous latent variables                            2

Observed dependent variables

  Continuous
   A_01        A_02        A_03        A_04

Observed independent variables
   AGE_C80     EDU_C7      FEMALE

Continuous latent variables
   IA          SA

Variables with special functions

  Cluster variable      PAIRID
  Weight variable       _WEIGHT

  Time scores
   TIME_01     TIME_02     TIME_03     TIME_04


Estimator                                                      MLR
Information matrix                                        OBSERVED
Maximum number of iterations                                   100
Convergence criterion                                    0.100D-05
Maximum number of EM iterations                                500
Convergence criteria for the EM algorithm
  Loglikelihood change                                   0.100D-02
  Relative loglikelihood change                          0.100D-05
  Derivative                                             0.100D-03
Minimum variance                                         0.100D-03
Maximum number of steepest descent iterations                   20
Maximum number of iterations for H1                           2000
Convergence criterion for H1                             0.100D-03
Optimization algorithm                                         EMA

Input data file(s)
  wide-dataset.dat
Input data format  FREE



SAMPLE STATISTICS


     ESTIMATED SAMPLE STATISTICS


           Means
              A_01          A_02          A_03          A_04          AGE_C80
              ________      ________      ________      ________      ________
 1             25.093        25.022        24.832        23.285         2.978


           Means
              EDU_C7        FEMALE
              ________      ________
 1              0.361         0.660


           Covariances
              A_01          A_02          A_03          A_04          AGE_C80
              ________      ________      ________      ________      ________
 A_01         115.539
 A_02          86.466       106.071
 A_03          83.819        86.640       108.395
 A_04          76.719        83.266        81.154       109.640
 AGE_C80       -5.769        -4.415        -4.507        -5.876         6.699
 EDU_C7         8.962         8.077         8.891         8.078        -0.309
 FEMALE         0.087         0.373         0.209         0.272         0.059


           Covariances
              EDU_C7        FEMALE
              ________      ________
 EDU_C7         5.498
 FEMALE        -0.078         0.224


           Correlations
              A_01          A_02          A_03          A_04          AGE_C80
              ________      ________      ________      ________      ________
 A_01           1.000
 A_02           0.781         1.000
 A_03           0.749         0.808         1.000
 A_04           0.682         0.772         0.744         1.000
 AGE_C80       -0.207        -0.166        -0.167        -0.217         1.000
 EDU_C7         0.356         0.334         0.364         0.329        -0.051
 FEMALE         0.017         0.076         0.042         0.055         0.048


           Correlations
              EDU_C7        FEMALE
              ________      ________
 EDU_C7         1.000
 FEMALE        -0.070         1.000


     MAXIMUM LOG-LIKELIHOOD VALUE FOR THE UNRESTRICTED (H1) MODEL IS -7345.534


UNIVARIATE HIGHER-ORDER MOMENT DESCRIPTIVE STATISTICS


     UNIVARIATE HIGHER-ORDER MOMENT DESCRIPTIVE STATISTICS

         Variable/         Mean/     Skewness/   Minimum/ % with                Percentiles
        Sample Size      Variance    Kurtosis    Maximum  Min/Max      20%/60%    40%/80%    Median

     A_01                 25.474       0.111       0.000    3.03%      13.000     20.000     24.000
             462.000     115.014      -0.266      59.000    0.22%      26.000     34.000
     A_02                 25.993       0.228       0.000    2.75%      13.000     20.000     22.500
             364.000     106.539      -0.536      58.000    0.27%      26.000     33.000
     A_03                 26.525       0.226       0.000    5.21%      13.000     19.000     22.000
             288.000     113.272      -0.701      56.000    0.35%      26.000     34.000
     A_04                 26.116       0.177       0.000    8.04%      12.000     18.000     21.000
             199.000     113.690      -0.936      52.000    0.50%      26.000     36.000
     AGE_C80               2.978       1.091      -0.581    0.20%       0.853      1.618      2.135
             512.000       6.699       0.659      13.313    0.20%       2.789      5.204
     EDU_C7                0.361       2.023      -5.000    0.39%      -1.000     -1.000     -1.000
             512.000       5.498       5.159      13.000    0.20%       0.000      1.000
     FEMALE                0.660      -0.678       0.000   34.18%       0.000      1.000      1.000
             512.000       0.224      -1.541       1.000   65.82%       1.000      1.000


THE MODEL ESTIMATION TERMINATED NORMALLY



MODEL FIT INFORMATION

Number of Free Parameters                       12

Loglikelihood

          H0 Value                       -3388.550
          H0 Scaling Correction Factor      1.0468
            for MLR

Information Criteria

          Akaike (AIC)                    6801.100
          Bayesian (BIC)                  6848.191
          Sample-Size Adjusted BIC        6810.119
            (n* = (n + 2) / 24)



MODEL RESULTS

                                                    Two-Tailed
                    Estimate       S.E.  Est./S.E.    P-Value

 IA         ON
    AGE_C80           -0.764      0.221     -3.456      0.001
    EDU_C7             1.572      0.213      7.372      0.000
    FEMALE             1.467      1.133      1.295      0.195

 SA         ON
    AGE_C80            0.022      0.040      0.553      0.580
    EDU_C7            -0.010      0.040     -0.245      0.807
    FEMALE             0.072      0.177      0.409      0.682

 IA       WITH
    SA                -2.063      0.810     -2.548      0.011

 Intercepts
    A_01               0.000      0.000    999.000    999.000
    A_02               0.000      0.000    999.000    999.000
    A_03               0.000      0.000    999.000    999.000
    A_04               0.000      0.000    999.000    999.000
    IA                26.009      1.127     23.070      0.000
    SA                -0.333      0.167     -1.991      0.047

 Residual Variances
    A_01              23.097      1.948     11.859      0.000
    A_02              23.097      1.948     11.859      0.000
    A_03              23.097      1.948     11.859      0.000
    A_04              23.097      1.948     11.859      0.000
    IA                74.143      6.748     10.988      0.000
    SA                 0.556      0.221      2.523      0.012


QUALITY OF NUMERICAL RESULTS

     Condition Number for the Information Matrix              0.475E-03
       (ratio of smallest to largest eigenvalue)


CONFIDENCE INTERVALS OF MODEL RESULTS

                  Lower .5%  Lower 2.5%    Lower 5%    Estimate    Upper 5%  Upper 2.5%   Upper .5%

 IA       ON
    AGE_C80         -1.334      -1.198      -1.128      -0.764      -0.401      -0.331      -0.195
    EDU_C7           1.023       1.154       1.221       1.572       1.923       1.990       2.121
    FEMALE          -1.451      -0.753      -0.396       1.467       3.330       3.687       4.385

 SA       ON
    AGE_C80         -0.081      -0.056      -0.044       0.022       0.088       0.100       0.125
    EDU_C7          -0.113      -0.088      -0.076      -0.010       0.056       0.069       0.093
    FEMALE          -0.383      -0.274      -0.219       0.072       0.363       0.419       0.528

 IA       WITH
    SA              -4.148      -3.650      -3.395      -2.063      -0.731      -0.476       0.023

 Intercepts
    A_01             0.000       0.000       0.000       0.000       0.000       0.000       0.000
    A_02             0.000       0.000       0.000       0.000       0.000       0.000       0.000
    A_03             0.000       0.000       0.000       0.000       0.000       0.000       0.000
    A_04             0.000       0.000       0.000       0.000       0.000       0.000       0.000
    IA              23.105      23.799      24.154      26.009      27.863      28.218      28.913
    SA              -0.764      -0.661      -0.609      -0.333      -0.058      -0.005       0.098

 Residual Variances
    A_01            18.081      19.280      19.893      23.097      26.301      26.915      28.114
    A_02            18.081      19.280      19.893      23.097      26.301      26.915      28.114
    A_03            18.081      19.280      19.893      23.097      26.301      26.915      28.114
    A_04            18.081      19.280      19.893      23.097      26.301      26.915      28.114
    IA              56.762      60.917      63.043      74.143      85.244      87.369      91.524
    SA              -0.012       0.124       0.194       0.556       0.919       0.989       1.124


SAMPLE STATISTICS FOR ESTIMATED FACTOR SCORES


     SAMPLE STATISTICS


           Means
              IA            IA_SE         SA            SA_SE
              ________      ________      ________      ________
 1             22.854         3.469        -0.242         0.671


           Covariances
              IA            IA_SE         SA            SA_SE
              ________      ________      ________      ________
 IA            94.864
 IA_SE         -1.825         0.349
 SA            -1.329         0.048         0.140
 SA_SE         -0.153         0.022         0.004         0.002


           Correlations
              IA            IA_SE         SA            SA_SE
              ________      ________      ________      ________
 IA             1.000
 IA_SE         -0.317         1.000
 SA            -0.365         0.216         1.000
 SA_SE         -0.322         0.765         0.227         1.000


RESULTS SAVING INFORMATION

  Order of data

    Parameter estimates
     (saved in order shown in Technical 1 output)
    Standard errors
     (saved in order shown in Technical 1 output)
    H0 Loglikelihood
    H0 Scaling Correction Factor for MLR
    Number of Free Parameters
    Akaike (AIC)
    Bayesian (BIC)
    Sample-Size Adjusted BIC

  Save file
    u1_1234_aef_symbol_results.dat

  Save file format           Free


PLOT INFORMATION

The following plots are available:

  Histograms (sample values, estimated factor scores)
  Scatterplots (sample values, estimated factor scores)
  Latent variable distribution plots

SAVEDATA INFORMATION


  Save file
    u1_1234_aef_symbol_fscores.dat

  Order and format of variables

    A_01           F10.3
    A_02           F10.3
    A_03           F10.3
    A_04           F10.3
    AGE_C80        F10.3
    EDU_C7         F10.3
    FEMALE         F10.3
    TIME_01        F10.3
    TIME_02        F10.3
    TIME_03        F10.3
    TIME_04        F10.3
    _WEIGHT        F10.3
    IA             F10.3
    IA_SE          F10.3
    SA             F10.3
    SA_SE          F10.3
    PAIRID         I6

  Save file format
    16F10.3 I6

  Save file record length    10000


     Beginning Time:  11:47:33
        Ending Time:  11:47:34
       Elapsed Time:  00:00:01



MUTHEN & MUTHEN
3463 Stoner Ave.
Los Angeles, CA  90066

Tel: (310) 391-9971
Fax: (310) 391-8971
Web: www.StatModel.com
Support: Support@StatModel.com

Copyright (c) 1998-2014 Muthen & Muthen
