Mplus VERSION 7.3
MUTHEN & MUTHEN
12/17/2016  11:47 AM

INPUT INSTRUCTIONS

  TITLE:
  Script produced from the prototype in ./sandbox/syntax-creator/
  DATA:
  File = wide-dataset.dat ;
  VARIABLE:
  NAMES are
   Case PairID female age_c80 edu_c7 sbp_c167 smoke cardio diabetes dementia_ever
      years_since_bl_01 years_since_bl_02 years_since_bl_03 years_since_bl_04
      years_since_bl_05 pef_01 pef_02 pef_03 pef_04 pef_05 grip_01 grip_02 grip_03
      grip_04 grip_05 gait_01 gait_02 gait_03 gait_04 gait_05 block_01 block_02
      block_03 block_04 block_05 digitspanbackward_01 digitspanbackward_02
      digitspanbackward_03 digitspanbackward_04 digitspanbackward_05
      digitspanforward_01 digitspanforward_02 digitspanforward_03 digitspanforward_04
      digitspanforward_05 symbol_01 symbol_02 symbol_03 symbol_04 symbol_05 prose_01
      prose_02 prose_03 prose_04 prose_05 info_01 info_02 info_03 info_04 info_05
      synonyms_01 synonyms_02 synonyms_03 synonyms_04 synonyms_05 psif_01 psif_02
      psif_03 psif_04 psif_05 figure_01 figure_02 figure_03 figure_04 figure_05
      mirrecall_01 mirrecall_02 mirrecall_03 mirrecall_04 mirrecall_05 mmse_01 mmse_02
      mmse_03 mmse_04 mmse_05 mirnaming_01 mirnaming_02 mirnaming_03 mirnaming_04
      mirnaming_05 mirrecog_01 mirrecog_02 mirrecog_03 mirrecog_04 mirrecog_05
      clock_01 clock_02 clock_03 clock_04 clock_05
  	;
  Missing are all (-9999);
  USEVARIABLES are
  	!define the variables used in the analysis
  	! covariates used in the model
  age_c80
  edu_c7
  female	
  	!estimated time points
  time_01
  time_04
  time_05
  	!modelled time points of process (A)
  a_01
  a_04
  a_05
  ;
  TSCORES are
  	!estimated time points
  time_01
  time_04
  time_05;
  CLUSTER = PairID;
  SUBPOPULATION are
  	!select a subset of observations
  dementia_ever NE 1
  ;
  DEFINE:
  	! assign variables to the process (A)
  a_01 = symbol_01;
  a_04 = symbol_04;
  a_05 = symbol_05;
  	!assign variables to time points
  time_01 = years_since_bl_01;
  time_04 = years_since_bl_04;
  time_05 = years_since_bl_05;
  	
  ANALYSIS: TYPE = RANDOM COMPLEX;
  COVERAGE=.00;
  MODEL:
  	!first-level equation
  	! assign process (A) to time points
  ia sa | a_01 AT time_01 ;
  ia sa | a_04 AT time_04 ;
  ia sa | a_05 AT time_05 ;
  	!variance of the first-level terms
  ia (v_ia);
  sa (v_sa);
  	!covariance among first-level terms
  ia WITH sa (c_iasa);
  	!second-level equation
  ia sa ON age_c80
  edu_c7
  female;
  	!residual covariance of process (A)
  a_01 (res_a);
  a_04 (res_a);
  a_05 (res_a);	
  SAVEDATA:
  FILE is   u1_145_aef_symbol_fscores.dat;
  SAVE = FSCORES;
  RESULTS are   u1_145_aef_symbol_results.dat;
  	
  OUTPUT: sampstat cinterval;
  PLOT: Type is Plot1 Plot2 Plot3;



*** WARNING
  Data set contains cases with missing on x-variables.
  These cases were not included in the analysis.
  Number of cases with missing on x-variables:  46
*** WARNING
  Data set contains cases with missing on all variables except
  x-variables.  These cases were not included in the analysis.
  Number of cases with missing on all variables except x-variables:  182
   2 WARNING(S) FOUND IN THE INPUT INSTRUCTIONS




Script produced from the prototype in ./sandbox/syntax-creator/

SUMMARY OF ANALYSIS

Number of groups                                                 1
Number of observations                                         355

Number of dependent variables                                    3
Number of independent variables                                  3
Number of continuous latent variables                            2

Observed dependent variables

  Continuous
   A_01        A_04        A_05

Observed independent variables
   AGE_C80     EDU_C7      FEMALE

Continuous latent variables
   IA          SA

Variables with special functions

  Cluster variable      PAIRID
  Weight variable       _WEIGHT

  Time scores
   TIME_01     TIME_04     TIME_05


Estimator                                                      MLR
Information matrix                                        OBSERVED
Maximum number of iterations                                   100
Convergence criterion                                    0.100D-05
Maximum number of EM iterations                                500
Convergence criteria for the EM algorithm
  Loglikelihood change                                   0.100D-02
  Relative loglikelihood change                          0.100D-05
  Derivative                                             0.100D-03
Minimum variance                                         0.100D-03
Maximum number of steepest descent iterations                   20
Maximum number of iterations for H1                           2000
Convergence criterion for H1                             0.100D-03
Optimization algorithm                                         EMA

Input data file(s)
  wide-dataset.dat
Input data format  FREE



SAMPLE STATISTICS


     ESTIMATED SAMPLE STATISTICS


           Means
              A_01          A_04          A_05          AGE_C80       EDU_C7
              ________      ________      ________      ________      ________
 1             25.449        24.271        21.443         2.942         0.394


           Means
              FEMALE
              ________
 1              0.665


           Covariances
              A_01          A_04          A_05          AGE_C80       EDU_C7
              ________      ________      ________      ________      ________
 A_01         114.215
 A_04          76.963       109.128
 A_05          66.460        81.521       106.548
 AGE_C80       -5.365        -6.033        -5.419         6.749
 EDU_C7         8.976         9.240         8.416        -0.297         5.585
 FEMALE         0.001         0.179        -0.169         0.066        -0.104


           Covariances
              FEMALE
              ________
 FEMALE         0.223


           Correlations
              A_01          A_04          A_05          AGE_C80       EDU_C7
              ________      ________      ________      ________      ________
 A_01           1.000
 A_04           0.689         1.000
 A_05           0.602         0.756         1.000
 AGE_C80       -0.193        -0.222        -0.202         1.000
 EDU_C7         0.355         0.374         0.345        -0.048         1.000
 FEMALE         0.000         0.036        -0.035         0.054        -0.094


           Correlations
              FEMALE
              ________
 FEMALE         1.000


     MAXIMUM LOG-LIKELIHOOD VALUE FOR THE UNRESTRICTED (H1) MODEL IS -5474.750


UNIVARIATE HIGHER-ORDER MOMENT DESCRIPTIVE STATISTICS


     UNIVARIATE HIGHER-ORDER MOMENT DESCRIPTIVE STATISTICS

         Variable/         Mean/     Skewness/   Minimum/ % with                Percentiles
        Sample Size      Variance    Kurtosis    Maximum  Min/Max      20%/60%    40%/80%    Median

     A_01                 25.474       0.111       0.000    3.03%      13.000     20.000     24.000
             462.000     115.014      -0.266      59.000    0.22%      26.000     34.000
     A_04                 26.116       0.177       0.000    8.04%      12.000     18.000     21.000
             199.000     113.690      -0.936      52.000    0.50%      26.000     36.000
     A_05                 23.538       0.453       0.000    7.80%      12.000     18.000     20.000
             141.000     107.475      -0.517      51.000    0.71%      22.000     32.000
     AGE_C80               2.942       1.122      -0.581    0.21%       0.853      1.544      2.115
             474.000       6.749       0.740      12.937    0.21%       2.726      5.093
     EDU_C7                0.394       2.043      -5.000    0.42%      -1.000     -1.000      0.000
             474.000       5.585       5.141      13.000    0.21%       0.000      1.000
     FEMALE                0.665      -0.698       0.000   34.18%       0.000      1.000      1.000
             474.000       0.223      -1.513       1.000   65.82%       1.000      1.000


THE MODEL ESTIMATION TERMINATED NORMALLY



MODEL FIT INFORMATION

Number of Free Parameters                       12

Loglikelihood

          H0 Value                       -2220.891
          H0 Scaling Correction Factor      0.9841
            for MLR

Information Criteria

          Akaike (AIC)                    4465.782
          Bayesian (BIC)                  4512.248
          Sample-Size Adjusted BIC        4474.178
            (n* = (n + 2) / 24)



MODEL RESULTS

                                                    Two-Tailed
                    Estimate       S.E.  Est./S.E.    P-Value

 IA         ON
    AGE_C80           -0.753      0.222     -3.394      0.001
    EDU_C7             1.594      0.211      7.563      0.000
    FEMALE             1.106      1.185      0.933      0.351

 SA         ON
    AGE_C80           -0.005      0.038     -0.129      0.897
    EDU_C7             0.001      0.041      0.030      0.976
    FEMALE            -0.030      0.162     -0.188      0.851

 IA       WITH
    SA                -2.366      0.861     -2.748      0.006

 Intercepts
    A_01               0.000      0.000    999.000    999.000
    A_04               0.000      0.000    999.000    999.000
    A_05               0.000      0.000    999.000    999.000
    IA                26.425      1.167     22.637      0.000
    SA                -0.344      0.141     -2.443      0.015

 Residual Variances
    A_01              27.479      3.590      7.654      0.000
    A_04              27.479      3.590      7.654      0.000
    A_05              27.479      3.590      7.654      0.000
    IA                69.661      7.664      9.090      0.000
    SA                 0.493      0.175      2.811      0.005


QUALITY OF NUMERICAL RESULTS

     Condition Number for the Information Matrix              0.940E-03
       (ratio of smallest to largest eigenvalue)


CONFIDENCE INTERVALS OF MODEL RESULTS

                  Lower .5%  Lower 2.5%    Lower 5%    Estimate    Upper 5%  Upper 2.5%   Upper .5%

 IA       ON
    AGE_C80         -1.324      -1.187      -1.118      -0.753      -0.388      -0.318      -0.181
    EDU_C7           1.051       1.181       1.247       1.594       1.940       2.007       2.137
    FEMALE          -1.946      -1.216      -0.843       1.106       3.055       3.428       4.157

 SA       ON
    AGE_C80         -0.103      -0.080      -0.068      -0.005       0.058       0.070       0.093
    EDU_C7          -0.105      -0.080      -0.067       0.001       0.069       0.082       0.108
    FEMALE          -0.447      -0.348      -0.297      -0.030       0.236       0.287       0.386

 IA       WITH
    SA              -4.585      -4.055      -3.783      -2.366      -0.950      -0.678      -0.148

 Intercepts
    A_01             0.000       0.000       0.000       0.000       0.000       0.000       0.000
    A_04             0.000       0.000       0.000       0.000       0.000       0.000       0.000
    A_05             0.000       0.000       0.000       0.000       0.000       0.000       0.000
    IA              23.418      24.137      24.504      26.425      28.345      28.712      29.431
    SA              -0.707      -0.621      -0.576      -0.344      -0.112      -0.068       0.019

 Residual Variances
    A_01            18.231      20.442      21.573      27.479      33.385      34.516      36.727
    A_04            18.231      20.442      21.573      27.479      33.385      34.516      36.727
    A_05            18.231      20.442      21.573      27.479      33.385      34.516      36.727
    IA              49.921      54.640      57.055      69.661      82.268      84.682      89.402
    SA               0.041       0.149       0.204       0.493       0.781       0.836       0.944


SAMPLE STATISTICS FOR ESTIMATED FACTOR SCORES


     SAMPLE STATISTICS


           Means
              IA            IA_SE         SA            SA_SE
              ________      ________      ________      ________
 1             23.696         4.232        -0.380         0.622


           Covariances
              IA            IA_SE         SA            SA_SE
              ________      ________      ________      ________
 IA            80.778
 IA_SE         -0.715         0.145
 SA            -1.403         0.024         0.127
 SA_SE         -0.104         0.016         0.004         0.002


           Correlations
              IA            IA_SE         SA            SA_SE
              ________      ________      ________      ________
 IA             1.000
 IA_SE         -0.209         1.000
 SA            -0.438         0.179         1.000
 SA_SE         -0.236         0.835         0.249         1.000


RESULTS SAVING INFORMATION

  Order of data

    Parameter estimates
     (saved in order shown in Technical 1 output)
    Standard errors
     (saved in order shown in Technical 1 output)
    H0 Loglikelihood
    H0 Scaling Correction Factor for MLR
    Number of Free Parameters
    Akaike (AIC)
    Bayesian (BIC)
    Sample-Size Adjusted BIC

  Save file
    u1_145_aef_symbol_results.dat

  Save file format           Free


PLOT INFORMATION

The following plots are available:

  Histograms (sample values, estimated factor scores)
  Scatterplots (sample values, estimated factor scores)
  Latent variable distribution plots

SAVEDATA INFORMATION


  Save file
    u1_145_aef_symbol_fscores.dat

  Order and format of variables

    A_01           F10.3
    A_04           F10.3
    A_05           F10.3
    AGE_C80        F10.3
    EDU_C7         F10.3
    FEMALE         F10.3
    TIME_01        F10.3
    TIME_04        F10.3
    TIME_05        F10.3
    _WEIGHT        F10.3
    IA             F10.3
    IA_SE          F10.3
    SA             F10.3
    SA_SE          F10.3
    PAIRID         I5

  Save file format
    14F10.3 I5

  Save file record length    10000


     Beginning Time:  11:47:48
        Ending Time:  11:47:48
       Elapsed Time:  00:00:00



MUTHEN & MUTHEN
3463 Stoner Ave.
Los Angeles, CA  90066

Tel: (310) 391-9971
Fax: (310) 391-8971
Web: www.StatModel.com
Support: Support@StatModel.com

Copyright (c) 1998-2014 Muthen & Muthen
