Mplus VERSION 7.3
MUTHEN & MUTHEN
12/17/2016  11:47 AM

INPUT INSTRUCTIONS

  TITLE:
  Script produced from the prototype in ./sandbox/syntax-creator/
  DATA:
  File = wide-dataset.dat ;
  VARIABLE:
  NAMES are
   Case PairID female age_c80 edu_c7 sbp_c167 smoke cardio diabetes dementia_ever
      years_since_bl_01 years_since_bl_02 years_since_bl_03 years_since_bl_04
      years_since_bl_05 pef_01 pef_02 pef_03 pef_04 pef_05 grip_01 grip_02 grip_03
      grip_04 grip_05 gait_01 gait_02 gait_03 gait_04 gait_05 block_01 block_02
      block_03 block_04 block_05 digitspanbackward_01 digitspanbackward_02
      digitspanbackward_03 digitspanbackward_04 digitspanbackward_05
      digitspanforward_01 digitspanforward_02 digitspanforward_03 digitspanforward_04
      digitspanforward_05 symbol_01 symbol_02 symbol_03 symbol_04 symbol_05 prose_01
      prose_02 prose_03 prose_04 prose_05 info_01 info_02 info_03 info_04 info_05
      synonyms_01 synonyms_02 synonyms_03 synonyms_04 synonyms_05 psif_01 psif_02
      psif_03 psif_04 psif_05 figure_01 figure_02 figure_03 figure_04 figure_05
      mirrecall_01 mirrecall_02 mirrecall_03 mirrecall_04 mirrecall_05 mmse_01 mmse_02
      mmse_03 mmse_04 mmse_05 mirnaming_01 mirnaming_02 mirnaming_03 mirnaming_04
      mirnaming_05 mirrecog_01 mirrecog_02 mirrecog_03 mirrecog_04 mirrecog_05
      clock_01 clock_02 clock_03 clock_04 clock_05
  	;
  Missing are all (-9999);
  USEVARIABLES are
  	!define the variables used in the analysis
  	! covariates used in the model
  age_c80
  edu_c7
  female	
  	!estimated time points
  time_01
  time_03
  time_04
  	!modelled time points of process (A)
  a_01
  a_03
  a_04
  ;
  TSCORES are
  	!estimated time points
  time_01
  time_03
  time_04;
  CLUSTER = PairID;
  SUBPOPULATION are
  	!select a subset of observations
  dementia_ever NE 1
  ;
  DEFINE:
  	! assign variables to the process (A)
  a_01 = symbol_01;
  a_03 = symbol_03;
  a_04 = symbol_04;
  	!assign variables to time points
  time_01 = years_since_bl_01;
  time_03 = years_since_bl_03;
  time_04 = years_since_bl_04;
  	
  ANALYSIS: TYPE = RANDOM COMPLEX;
  COVERAGE=.00;
  MODEL:
  	!first-level equation
  	! assign process (A) to time points
  ia sa | a_01 AT time_01 ;
  ia sa | a_03 AT time_03 ;
  ia sa | a_04 AT time_04 ;
  	!variance of the first-level terms
  ia (v_ia);
  sa (v_sa);
  	!covariance among first-level terms
  ia WITH sa (c_iasa);
  	!second-level equation
  ia sa ON age_c80
  edu_c7
  female;
  	!residual covariance of process (A)
  a_01 (res_a);
  a_03 (res_a);
  a_04 (res_a);	
  SAVEDATA:
  FILE is   u1_134_aef_symbol_fscores.dat;
  SAVE = FSCORES;
  RESULTS are   u1_134_aef_symbol_results.dat;
  	
  OUTPUT: sampstat cinterval;
  PLOT: Type is Plot1 Plot2 Plot3;



*** WARNING
  Data set contains cases with missing on x-variables.
  These cases were not included in the analysis.
  Number of cases with missing on x-variables:  46
*** WARNING
  Data set contains cases with missing on all variables except
  x-variables.  These cases were not included in the analysis.
  Number of cases with missing on all variables except x-variables:  170
   2 WARNING(S) FOUND IN THE INPUT INSTRUCTIONS




Script produced from the prototype in ./sandbox/syntax-creator/

SUMMARY OF ANALYSIS

Number of groups                                                 1
Number of observations                                         363

Number of dependent variables                                    3
Number of independent variables                                  3
Number of continuous latent variables                            2

Observed dependent variables

  Continuous
   A_01        A_03        A_04

Observed independent variables
   AGE_C80     EDU_C7      FEMALE

Continuous latent variables
   IA          SA

Variables with special functions

  Cluster variable      PAIRID
  Weight variable       _WEIGHT

  Time scores
   TIME_01     TIME_03     TIME_04


Estimator                                                      MLR
Information matrix                                        OBSERVED
Maximum number of iterations                                   100
Convergence criterion                                    0.100D-05
Maximum number of EM iterations                                500
Convergence criteria for the EM algorithm
  Loglikelihood change                                   0.100D-02
  Relative loglikelihood change                          0.100D-05
  Derivative                                             0.100D-03
Minimum variance                                         0.100D-03
Maximum number of steepest descent iterations                   20
Maximum number of iterations for H1                           2000
Convergence criterion for H1                             0.100D-03
Optimization algorithm                                         EMA

Input data file(s)
  wide-dataset.dat
Input data format  FREE



SAMPLE STATISTICS


     ESTIMATED SAMPLE STATISTICS


           Means
              A_01          A_03          A_04          AGE_C80       EDU_C7
              ________      ________      ________      ________      ________
 1             25.296        25.430        23.789         2.954         0.361


           Means
              FEMALE
              ________
 1              0.656


           Covariances
              A_01          A_03          A_04          AGE_C80       EDU_C7
              ________      ________      ________      ________      ________
 A_01         114.320
 A_03          84.249       108.386
 A_04          78.617        80.918       110.894
 AGE_C80       -5.510        -3.871        -5.382         6.734
 EDU_C7         9.061         9.112         9.010        -0.347         5.547
 FEMALE         0.077         0.155         0.228         0.061        -0.088


           Covariances
              FEMALE
              ________
 FEMALE         0.226


           Correlations
              A_01          A_03          A_04          AGE_C80       EDU_C7
              ________      ________      ________      ________      ________
 A_01           1.000
 A_03           0.757         1.000
 A_04           0.698         0.738         1.000
 AGE_C80       -0.199        -0.143        -0.197         1.000
 EDU_C7         0.360         0.372         0.363        -0.057         1.000
 FEMALE         0.015         0.031         0.046         0.050        -0.078


           Correlations
              FEMALE
              ________
 FEMALE         1.000


     MAXIMUM LOG-LIKELIHOOD VALUE FOR THE UNRESTRICTED (H1) MODEL IS -5968.769


UNIVARIATE HIGHER-ORDER MOMENT DESCRIPTIVE STATISTICS


     UNIVARIATE HIGHER-ORDER MOMENT DESCRIPTIVE STATISTICS

         Variable/         Mean/     Skewness/   Minimum/ % with                Percentiles
        Sample Size      Variance    Kurtosis    Maximum  Min/Max      20%/60%    40%/80%    Median

     A_01                 25.474       0.111       0.000    3.03%      13.000     20.000     24.000
             462.000     115.014      -0.266      59.000    0.22%      26.000     34.000
     A_03                 26.525       0.226       0.000    5.21%      13.000     19.000     22.000
             288.000     113.272      -0.701      56.000    0.35%      26.000     34.000
     A_04                 26.116       0.177       0.000    8.04%      12.000     18.000     21.000
             199.000     113.690      -0.936      52.000    0.50%      26.000     36.000
     AGE_C80               2.954       1.106      -0.581    0.21%       0.854      1.582      2.135
             486.000       6.734       0.692      13.313    0.21%       2.768      5.204
     EDU_C7                0.361       2.040      -5.000    0.41%      -1.000     -1.000     -1.000
             486.000       5.547       5.221      13.000    0.21%       0.000      1.000
     FEMALE                0.656      -0.655       0.000   34.57%       0.000      1.000      1.000
             486.000       0.226      -1.571       1.000   65.43%       1.000      1.000


THE MODEL ESTIMATION TERMINATED NORMALLY



MODEL FIT INFORMATION

Number of Free Parameters                       12

Loglikelihood

          H0 Value                       -2531.548
          H0 Scaling Correction Factor      1.0513
            for MLR

Information Criteria

          Akaike (AIC)                    5087.097
          Bayesian (BIC)                  5133.829
          Sample-Size Adjusted BIC        5095.759
            (n* = (n + 2) / 24)



MODEL RESULTS

                                                    Two-Tailed
                    Estimate       S.E.  Est./S.E.    P-Value

 IA         ON
    AGE_C80           -0.736      0.220     -3.346      0.001
    EDU_C7             1.606      0.212      7.573      0.000
    FEMALE             1.161      1.148      1.011      0.312

 SA         ON
    AGE_C80            0.030      0.040      0.736      0.462
    EDU_C7             0.004      0.043      0.084      0.933
    FEMALE             0.069      0.183      0.377      0.706

 IA       WITH
    SA                -1.493      0.941     -1.587      0.113

 Intercepts
    A_01               0.000      0.000    999.000    999.000
    A_03               0.000      0.000    999.000    999.000
    A_04               0.000      0.000    999.000    999.000
    IA                26.265      1.141     23.014      0.000
    SA                -0.293      0.170     -1.720      0.085

 Residual Variances
    A_01              26.761      3.569      7.498      0.000
    A_03              26.761      3.569      7.498      0.000
    A_04              26.761      3.569      7.498      0.000
    IA                70.047      7.692      9.106      0.000
    SA                 0.330      0.279      1.183      0.237


QUALITY OF NUMERICAL RESULTS

     Condition Number for the Information Matrix              0.459E-03
       (ratio of smallest to largest eigenvalue)


CONFIDENCE INTERVALS OF MODEL RESULTS

                  Lower .5%  Lower 2.5%    Lower 5%    Estimate    Upper 5%  Upper 2.5%   Upper .5%

 IA       ON
    AGE_C80         -1.303      -1.168      -1.099      -0.736      -0.374      -0.305      -0.170
    EDU_C7           1.059       1.190       1.257       1.606       1.954       2.021       2.152
    FEMALE          -1.796      -1.089      -0.727       1.161       3.049       3.411       4.118

 SA       ON
    AGE_C80         -0.074      -0.050      -0.037       0.030       0.096       0.109       0.134
    EDU_C7          -0.106      -0.080      -0.067       0.004       0.074       0.087       0.114
    FEMALE          -0.402      -0.289      -0.232       0.069       0.370       0.427       0.540

 IA       WITH
    SA              -3.918      -3.339      -3.042      -1.493       0.055       0.352       0.931

 Intercepts
    A_01             0.000       0.000       0.000       0.000       0.000       0.000       0.000
    A_03             0.000       0.000       0.000       0.000       0.000       0.000       0.000
    A_04             0.000       0.000       0.000       0.000       0.000       0.000       0.000
    IA              23.325      24.028      24.387      26.265      28.142      28.502      29.204
    SA              -0.731      -0.626      -0.573      -0.293      -0.013       0.041       0.146

 Residual Variances
    A_01            17.567      19.765      20.890      26.761      32.633      33.757      35.955
    A_03            17.567      19.765      20.890      26.761      32.633      33.757      35.955
    A_04            17.567      19.765      20.890      26.761      32.633      33.757      35.955
    IA              50.233      54.970      57.393      70.047      82.701      85.124      89.861
    SA              -0.388      -0.216      -0.129       0.330       0.788       0.876       1.047


SAMPLE STATISTICS FOR ESTIMATED FACTOR SCORES


     SAMPLE STATISTICS


           Means
              IA            IA_SE         SA            SA_SE
              ________      ________      ________      ________
 1             23.274         3.866        -0.164         0.538


           Covariances
              IA            IA_SE         SA            SA_SE
              ________      ________      ________      ________
 IA            86.591
 IA_SE         -1.208         0.277
 SA            -0.920         0.035         0.059
 SA_SE         -0.045         0.009         0.001         0.000


           Correlations
              IA            IA_SE         SA            SA_SE
              ________      ________      ________      ________
 IA             1.000
 IA_SE         -0.247         1.000
 SA            -0.407         0.271         1.000
 SA_SE         -0.257         0.925         0.260         1.000


RESULTS SAVING INFORMATION

  Order of data

    Parameter estimates
     (saved in order shown in Technical 1 output)
    Standard errors
     (saved in order shown in Technical 1 output)
    H0 Loglikelihood
    H0 Scaling Correction Factor for MLR
    Number of Free Parameters
    Akaike (AIC)
    Bayesian (BIC)
    Sample-Size Adjusted BIC

  Save file
    u1_134_aef_symbol_results.dat

  Save file format           Free


PLOT INFORMATION

The following plots are available:

  Histograms (sample values, estimated factor scores)
  Scatterplots (sample values, estimated factor scores)
  Latent variable distribution plots

SAVEDATA INFORMATION


  Save file
    u1_134_aef_symbol_fscores.dat

  Order and format of variables

    A_01           F10.3
    A_03           F10.3
    A_04           F10.3
    AGE_C80        F10.3
    EDU_C7         F10.3
    FEMALE         F10.3
    TIME_01        F10.3
    TIME_03        F10.3
    TIME_04        F10.3
    _WEIGHT        F10.3
    IA             F10.3
    IA_SE          F10.3
    SA             F10.3
    SA_SE          F10.3
    PAIRID         I6

  Save file format
    14F10.3 I6

  Save file record length    10000


     Beginning Time:  11:47:50
        Ending Time:  11:47:51
       Elapsed Time:  00:00:01



MUTHEN & MUTHEN
3463 Stoner Ave.
Los Angeles, CA  90066

Tel: (310) 391-9971
Fax: (310) 391-8971
Web: www.StatModel.com
Support: Support@StatModel.com

Copyright (c) 1998-2014 Muthen & Muthen
