Mplus VERSION 7.3
MUTHEN & MUTHEN
12/17/2016  11:47 AM

INPUT INSTRUCTIONS

  TITLE:
  Script produced from the prototype in ./sandbox/syntax-creator/
  DATA:
  File = wide-dataset.dat ;
  VARIABLE:
  NAMES are
   Case PairID female age_c80 edu_c7 sbp_c167 smoke cardio diabetes dementia_ever
      years_since_bl_01 years_since_bl_02 years_since_bl_03 years_since_bl_04
      years_since_bl_05 pef_01 pef_02 pef_03 pef_04 pef_05 grip_01 grip_02 grip_03
      grip_04 grip_05 gait_01 gait_02 gait_03 gait_04 gait_05 block_01 block_02
      block_03 block_04 block_05 digitspanbackward_01 digitspanbackward_02
      digitspanbackward_03 digitspanbackward_04 digitspanbackward_05
      digitspanforward_01 digitspanforward_02 digitspanforward_03 digitspanforward_04
      digitspanforward_05 symbol_01 symbol_02 symbol_03 symbol_04 symbol_05 prose_01
      prose_02 prose_03 prose_04 prose_05 info_01 info_02 info_03 info_04 info_05
      synonyms_01 synonyms_02 synonyms_03 synonyms_04 synonyms_05 psif_01 psif_02
      psif_03 psif_04 psif_05 figure_01 figure_02 figure_03 figure_04 figure_05
      mirrecall_01 mirrecall_02 mirrecall_03 mirrecall_04 mirrecall_05 mmse_01 mmse_02
      mmse_03 mmse_04 mmse_05 mirnaming_01 mirnaming_02 mirnaming_03 mirnaming_04
      mirnaming_05 mirrecog_01 mirrecog_02 mirrecog_03 mirrecog_04 mirrecog_05
      clock_01 clock_02 clock_03 clock_04 clock_05
  	;
  Missing are all (-9999);
  USEVARIABLES are
  	!define the variables used in the analysis
  	! covariates used in the model
  age_c80
  edu_c7
  female
  sbp_c167	
  	!estimated time points
  time_01
  time_04
  time_05
  	!modelled time points of process (A)
  a_01
  a_04
  a_05
  ;
  TSCORES are
  	!estimated time points
  time_01
  time_04
  time_05;
  CLUSTER = PairID;
  SUBPOPULATION are
  	!select a subset of observations
  dementia_ever NE 1
  ;
  DEFINE:
  	! assign variables to the process (A)
  a_01 = symbol_01;
  a_04 = symbol_04;
  a_05 = symbol_05;
  	!assign variables to time points
  time_01 = years_since_bl_01;
  time_04 = years_since_bl_04;
  time_05 = years_since_bl_05;
  	
  ANALYSIS: TYPE = RANDOM COMPLEX;
  COVERAGE=.00;
  MODEL:
  	!first-level equation
  	! assign process (A) to time points
  ia sa | a_01 AT time_01 ;
  ia sa | a_04 AT time_04 ;
  ia sa | a_05 AT time_05 ;
  	!variance of the first-level terms
  ia (v_ia);
  sa (v_sa);
  	!covariance among first-level terms
  ia WITH sa (c_iasa);
  	!second-level equation
  ia sa ON age_c80
  edu_c7
  female
  sbp_c167;
  	!residual covariance of process (A)
  a_01 (res_a);
  a_04 (res_a);
  a_05 (res_a);	
  SAVEDATA:
  FILE is   u1_145_aefb_symbol_fscores.dat;
  SAVE = FSCORES;
  RESULTS are   u1_145_aefb_symbol_results.dat;
  	
  OUTPUT: sampstat cinterval;
  PLOT: Type is Plot1 Plot2 Plot3;



*** WARNING
  Data set contains cases with missing on x-variables.
  These cases were not included in the analysis.
  Number of cases with missing on x-variables:  92
*** WARNING
  Data set contains cases with missing on all variables except
  x-variables.  These cases were not included in the analysis.
  Number of cases with missing on all variables except x-variables:  147
   2 WARNING(S) FOUND IN THE INPUT INSTRUCTIONS




Script produced from the prototype in ./sandbox/syntax-creator/

SUMMARY OF ANALYSIS

Number of groups                                                 1
Number of observations                                         348

Number of dependent variables                                    3
Number of independent variables                                  4
Number of continuous latent variables                            2

Observed dependent variables

  Continuous
   A_01        A_04        A_05

Observed independent variables
   AGE_C80     EDU_C7      FEMALE      SBP_C167

Continuous latent variables
   IA          SA

Variables with special functions

  Cluster variable      PAIRID
  Weight variable       _WEIGHT

  Time scores
   TIME_01     TIME_04     TIME_05


Estimator                                                      MLR
Information matrix                                        OBSERVED
Maximum number of iterations                                   100
Convergence criterion                                    0.100D-05
Maximum number of EM iterations                                500
Convergence criteria for the EM algorithm
  Loglikelihood change                                   0.100D-02
  Relative loglikelihood change                          0.100D-05
  Derivative                                             0.100D-03
Minimum variance                                         0.100D-03
Maximum number of steepest descent iterations                   20
Maximum number of iterations for H1                           2000
Convergence criterion for H1                             0.100D-03
Optimization algorithm                                         EMA

Input data file(s)
  wide-dataset.dat
Input data format  FREE



SAMPLE STATISTICS


     ESTIMATED SAMPLE STATISTICS


           Means
              A_01          A_04          A_05          AGE_C80       EDU_C7
              ________      ________      ________      ________      ________
 1             25.610        24.387        21.540         2.943         0.388


           Means
              FEMALE        SBP_C167
              ________      ________
 1              0.658        -4.917


           Covariances
              A_01          A_04          A_05          AGE_C80       EDU_C7
              ________      ________      ________      ________      ________
 A_01         110.327
 A_04          77.478       110.606
 A_05          66.053        82.350       106.487
 AGE_C80       -5.725        -6.074        -5.753         6.763
 EDU_C7         8.699         8.901         8.022        -0.341         5.617
 FEMALE         0.056         0.206        -0.128         0.068        -0.109
 SBP_C167      21.679       -22.373       -20.355        -3.355         0.183


           Covariances
              FEMALE        SBP_C167
              ________      ________
 FEMALE         0.225
 SBP_C167       0.885       481.507


           Correlations
              A_01          A_04          A_05          AGE_C80       EDU_C7
              ________      ________      ________      ________      ________
 A_01           1.000
 A_04           0.701         1.000
 A_05           0.609         0.759         1.000
 AGE_C80       -0.210        -0.222        -0.214         1.000
 EDU_C7         0.349         0.357         0.328        -0.055         1.000
 FEMALE         0.011         0.041        -0.026         0.055        -0.097
 SBP_C167       0.094        -0.097        -0.090        -0.059         0.004


           Correlations
              FEMALE        SBP_C167
              ________      ________
 FEMALE         1.000
 SBP_C167       0.085         1.000


     MAXIMUM LOG-LIKELIHOOD VALUE FOR THE UNRESTRICTED (H1) MODEL IS -7423.890


UNIVARIATE HIGHER-ORDER MOMENT DESCRIPTIVE STATISTICS


     UNIVARIATE HIGHER-ORDER MOMENT DESCRIPTIVE STATISTICS

         Variable/         Mean/     Skewness/   Minimum/ % with                Percentiles
        Sample Size      Variance    Kurtosis    Maximum  Min/Max      20%/60%    40%/80%    Median

     A_01                 25.628       0.090       0.000    3.10%      14.000     20.000     24.000
             451.000     111.096      -0.284      59.000    0.22%      27.000     34.000
     A_04                 26.151       0.168       0.000    8.16%      12.000     18.000     21.000
             196.000     114.944      -0.948      52.000    0.51%      26.000     36.000
     A_05                 23.686       0.467       0.000    7.86%      13.000     18.000     20.000
             140.000     105.758      -0.514      51.000    0.71%      22.000     32.000
     AGE_C80               2.943       1.129      -0.581    0.22%       0.847      1.529      2.112
             463.000       6.763       0.768      12.937    0.22%       2.715      5.081
     EDU_C7                0.388       2.054      -5.000    0.43%      -1.000     -1.000      0.000
             463.000       5.617       5.192      13.000    0.22%       0.000      1.000
     FEMALE                0.658      -0.666       0.000   34.77%       0.000      1.000      1.000
             463.000       0.225      -1.556       1.000   65.23%       1.000      1.000
     SBP_C167             -4.917       0.340     -57.000    0.65%     -27.000     -7.000     -7.000
             463.000     481.507       0.608      93.000    0.22%      -2.000     13.000


THE MODEL ESTIMATION TERMINATED NORMALLY



MODEL FIT INFORMATION

Number of Free Parameters                       14

Loglikelihood

          H0 Value                       -2169.777
          H0 Scaling Correction Factor      0.9919
            for MLR

Information Criteria

          Akaike (AIC)                    4367.553
          Bayesian (BIC)                  4421.484
          Sample-Size Adjusted BIC        4377.071
            (n* = (n + 2) / 24)



MODEL RESULTS

                                                    Two-Tailed
                    Estimate       S.E.  Est./S.E.    P-Value

 IA         ON
    AGE_C80           -0.780      0.225     -3.473      0.001
    EDU_C7             1.530      0.199      7.688      0.000
    FEMALE             1.220      1.178      1.036      0.300
    SBP_C167           0.035      0.026      1.364      0.173

 SA         ON
    AGE_C80           -0.009      0.038     -0.226      0.821
    EDU_C7             0.001      0.040      0.030      0.976
    FEMALE            -0.002      0.163     -0.014      0.989
    SBP_C167          -0.012      0.003     -3.505      0.000

 IA       WITH
    SA                -1.645      0.845     -1.947      0.051

 Intercepts
    A_01               0.000      0.000    999.000    999.000
    A_04               0.000      0.000    999.000    999.000
    A_05               0.000      0.000    999.000    999.000
    IA                26.812      1.177     22.774      0.000
    SA                -0.430      0.136     -3.158      0.002

 Residual Variances
    A_01              26.966      3.557      7.581      0.000
    A_04              26.966      3.557      7.581      0.000
    A_05              26.966      3.557      7.581      0.000
    IA                66.122      7.325      9.027      0.000
    SA                 0.386      0.167      2.314      0.021


QUALITY OF NUMERICAL RESULTS

     Condition Number for the Information Matrix              0.736E-06
       (ratio of smallest to largest eigenvalue)


CONFIDENCE INTERVALS OF MODEL RESULTS

                  Lower .5%  Lower 2.5%    Lower 5%    Estimate    Upper 5%  Upper 2.5%   Upper .5%

 IA       ON
    AGE_C80         -1.359      -1.221      -1.150      -0.780      -0.411      -0.340      -0.202
    EDU_C7           1.017       1.140       1.202       1.530       1.857       1.920       2.042
    FEMALE          -1.814      -1.089      -0.718       1.220       3.158       3.529       4.254
    SBP_C167        -0.031      -0.015      -0.007       0.035       0.077       0.085       0.101

 SA       ON
    AGE_C80         -0.105      -0.082      -0.070      -0.009       0.053       0.065       0.088
    EDU_C7          -0.102      -0.077      -0.064       0.001       0.067       0.079       0.104
    FEMALE          -0.423      -0.322      -0.271      -0.002       0.266       0.318       0.418
    SBP_C167        -0.021      -0.019      -0.018      -0.012      -0.006      -0.005      -0.003

 IA       WITH
    SA              -3.820      -3.300      -3.034      -1.645      -0.255       0.011       0.531

 Intercepts
    A_01             0.000       0.000       0.000       0.000       0.000       0.000       0.000
    A_04             0.000       0.000       0.000       0.000       0.000       0.000       0.000
    A_05             0.000       0.000       0.000       0.000       0.000       0.000       0.000
    IA              23.780      24.505      24.875      26.812      28.749      29.120      29.845
    SA              -0.781      -0.697      -0.655      -0.430      -0.206      -0.163      -0.079

 Residual Variances
    A_01            17.804      19.995      21.115      26.966      32.818      33.938      36.129
    A_04            17.804      19.995      21.115      26.966      32.818      33.938      36.129
    A_05            17.804      19.995      21.115      26.966      32.818      33.938      36.129
    IA              47.254      51.765      54.072      66.122      78.171      80.478      84.989
    SA              -0.044       0.059       0.111       0.386       0.660       0.712       0.815


SAMPLE STATISTICS FOR ESTIMATED FACTOR SCORES


     SAMPLE STATISTICS


           Means
              IA            IA_SE         SA            SA_SE
              ________      ________      ________      ________
 1             23.881         4.117        -0.402         0.565


           Covariances
              IA            IA_SE         SA            SA_SE
              ________      ________      ________      ________
 IA            78.868
 IA_SE         -0.723         0.154
 SA            -1.046         0.022         0.149
 SA_SE         -0.079         0.014         0.003         0.002


           Correlations
              IA            IA_SE         SA            SA_SE
              ________      ________      ________      ________
 IA             1.000
 IA_SE         -0.208         1.000
 SA            -0.305         0.143         1.000
 SA_SE         -0.221         0.892         0.176         1.000


RESULTS SAVING INFORMATION

  Order of data

    Parameter estimates
     (saved in order shown in Technical 1 output)
    Standard errors
     (saved in order shown in Technical 1 output)
    H0 Loglikelihood
    H0 Scaling Correction Factor for MLR
    Number of Free Parameters
    Akaike (AIC)
    Bayesian (BIC)
    Sample-Size Adjusted BIC

  Save file
    u1_145_aefb_symbol_results.dat

  Save file format           Free


PLOT INFORMATION

The following plots are available:

  Histograms (sample values, estimated factor scores)
  Scatterplots (sample values, estimated factor scores)
  Latent variable distribution plots

SAVEDATA INFORMATION


  Save file
    u1_145_aefb_symbol_fscores.dat

  Order and format of variables

    A_01           F10.3
    A_04           F10.3
    A_05           F10.3
    AGE_C80        F10.3
    EDU_C7         F10.3
    FEMALE         F10.3
    SBP_C167       F10.3
    TIME_01        F10.3
    TIME_04        F10.3
    TIME_05        F10.3
    _WEIGHT        F10.3
    IA             F10.3
    IA_SE          F10.3
    SA             F10.3
    SA_SE          F10.3
    PAIRID         I5

  Save file format
    15F10.3 I5

  Save file record length    10000


     Beginning Time:  11:47:48
        Ending Time:  11:47:49
       Elapsed Time:  00:00:01



MUTHEN & MUTHEN
3463 Stoner Ave.
Los Angeles, CA  90066

Tel: (310) 391-9971
Fax: (310) 391-8971
Web: www.StatModel.com
Support: Support@StatModel.com

Copyright (c) 1998-2014 Muthen & Muthen
