Mplus VERSION 7.3
MUTHEN & MUTHEN
12/17/2016  12:06 PM

INPUT INSTRUCTIONS

  TITLE:
  Script produced from the prototype in ./sandbox/syntax-creator/
  DATA:
  File = wide-dataset.dat ;
  VARIABLE:
  NAMES are
   Case PairID female age_c80 edu_c7 sbp_c167 smoke cardio diabetes dementia_ever
      years_since_bl_01 years_since_bl_02 years_since_bl_03 years_since_bl_04
      years_since_bl_05 pef_01 pef_02 pef_03 pef_04 pef_05 grip_01 grip_02 grip_03
      grip_04 grip_05 gait_01 gait_02 gait_03 gait_04 gait_05 block_01 block_02
      block_03 block_04 block_05 digitspanbackward_01 digitspanbackward_02
      digitspanbackward_03 digitspanbackward_04 digitspanbackward_05
      digitspanforward_01 digitspanforward_02 digitspanforward_03 digitspanforward_04
      digitspanforward_05 symbol_01 symbol_02 symbol_03 symbol_04 symbol_05 prose_01
      prose_02 prose_03 prose_04 prose_05 info_01 info_02 info_03 info_04 info_05
      synonyms_01 synonyms_02 synonyms_03 synonyms_04 synonyms_05 psif_01 psif_02
      psif_03 psif_04 psif_05 figure_01 figure_02 figure_03 figure_04 figure_05
      mirrecall_01 mirrecall_02 mirrecall_03 mirrecall_04 mirrecall_05 mmse_01 mmse_02
      mmse_03 mmse_04 mmse_05 mirnaming_01 mirnaming_02 mirnaming_03 mirnaming_04
      mirnaming_05 mirrecog_01 mirrecog_02 mirrecog_03 mirrecog_04 mirrecog_05
      clock_01 clock_02 clock_03 clock_04 clock_05
  	;
  Missing are all (-9999);
  USEVARIABLES are
  	!define the variables used in the analysis
  	! covariates used in the model
  age_c80
  edu_c7
  female	
  	!estimated time points
  time_01
  time_02
  time_03
  time_04
  time_05
  	!modelled time points of process (A)
  a_01
  a_02
  a_03
  a_04
  a_05
  ;
  TSCORES are
  	!estimated time points
  time_01
  time_02
  time_03
  time_04
  time_05;
  CLUSTER = PairID;
  SUBPOPULATION are
  	!select a subset of observations
  dementia_ever NE 1
  ;
  DEFINE:
  	! assign variables to the process (A)
  a_01 = symbol_01;
  a_02 = symbol_02;
  a_03 = symbol_03;
  a_04 = symbol_04;
  a_05 = symbol_05;
  	!assign variables to time points
  time_01 = years_since_bl_01;
  time_02 = years_since_bl_02;
  time_03 = years_since_bl_03;
  time_04 = years_since_bl_04;
  time_05 = years_since_bl_05;
  	
  ANALYSIS: TYPE = RANDOM COMPLEX;
  COVERAGE=.00;
  MODEL:
  	!first-level equation
  	! assign process (A) to time points
  ia sa qa | a_01 AT time_01 ;
  ia sa qa | a_02 AT time_02 ;
  ia sa qa | a_03 AT time_03 ;
  ia sa qa | a_04 AT time_04 ;
  ia sa qa | a_05 AT time_05 ;
  	!variance of the first-level terms
  ia (v_ia);
  sa (v_sa);
  qa (v_qa);
  	!covariance among first-level terms
  ia WITH sa (c_iasa);
  ia WITH qa (c_iaqa);
  sa WITH qa (c_saqa);
  	!second-level equation
  ia sa qa ON age_c80
  edu_c7
  female;
  	!residual covariance of process (A)
  a_01 (res_a);
  a_02 (res_a);
  a_03 (res_a);
  a_04 (res_a);
  a_05 (res_a);	
  SAVEDATA:
  FILE is   u2_12345_aef_symbol_fscores.dat;
  SAVE = FSCORES;
  RESULTS are   u2_12345_aef_symbol_results.dat;
  	
  OUTPUT: sampstat cinterval;
  PLOT: Type is Plot1 Plot2 Plot3;



*** WARNING
  Data set contains cases with missing on x-variables.
  These cases were not included in the analysis.
  Number of cases with missing on x-variables:  46
*** WARNING
  Data set contains cases with missing on all variables except
  x-variables.  These cases were not included in the analysis.
  Number of cases with missing on all variables except x-variables:  144
   2 WARNING(S) FOUND IN THE INPUT INSTRUCTIONS




Script produced from the prototype in ./sandbox/syntax-creator/

SUMMARY OF ANALYSIS

Number of groups                                                 1
Number of observations                                         374

Number of dependent variables                                    5
Number of independent variables                                  3
Number of continuous latent variables                            3

Observed dependent variables

  Continuous
   A_01        A_02        A_03        A_04        A_05

Observed independent variables
   AGE_C80     EDU_C7      FEMALE

Continuous latent variables
   IA          SA          QA

Variables with special functions

  Cluster variable      PAIRID
  Weight variable       _WEIGHT

  Time scores
   TIME_01     TIME_02     TIME_03     TIME_04     TIME_05


Estimator                                                      MLR
Information matrix                                        OBSERVED
Maximum number of iterations                                   100
Convergence criterion                                    0.100D-05
Maximum number of EM iterations                                500
Convergence criteria for the EM algorithm
  Loglikelihood change                                   0.100D-02
  Relative loglikelihood change                          0.100D-05
  Derivative                                             0.100D-03
Minimum variance                                         0.100D-03
Maximum number of steepest descent iterations                   20
Maximum number of iterations for H1                           2000
Convergence criterion for H1                             0.100D-03
Optimization algorithm                                         EMA

Input data file(s)
  wide-dataset.dat
Input data format  FREE



SAMPLE STATISTICS


     ESTIMATED SAMPLE STATISTICS


           Means
              A_01          A_02          A_03          A_04          A_05
              ________      ________      ________      ________      ________
 1             25.092        25.020        24.829        23.234        20.398


           Means
              AGE_C80       EDU_C7        FEMALE
              ________      ________      ________
 1              2.978         0.361         0.660


           Covariances
              A_01          A_02          A_03          A_04          A_05
              ________      ________      ________      ________      ________
 A_01         115.486
 A_02          86.377       105.989
 A_03          83.744        86.491       108.225
 A_04          76.295        82.454        80.883       109.346
 A_05          66.006        71.581        72.101        81.972       107.482
 AGE_C80       -5.760        -4.400        -4.443        -6.030        -5.490
 EDU_C7         8.962         8.076         8.894         8.238         7.767
 FEMALE         0.087         0.372         0.214         0.294        -0.042


           Covariances
              AGE_C80       EDU_C7        FEMALE
              ________      ________      ________
 AGE_C80        6.699
 EDU_C7        -0.309         5.498
 FEMALE         0.059        -0.078         0.224


           Correlations
              A_01          A_02          A_03          A_04          A_05
              ________      ________      ________      ________      ________
 A_01           1.000
 A_02           0.781         1.000
 A_03           0.749         0.808         1.000
 A_04           0.679         0.766         0.744         1.000
 A_05           0.592         0.671         0.669         0.756         1.000
 AGE_C80       -0.207        -0.165        -0.165        -0.223        -0.205
 EDU_C7         0.356         0.335         0.365         0.336         0.320
 FEMALE         0.017         0.076         0.043         0.059        -0.008


           Correlations
              AGE_C80       EDU_C7        FEMALE
              ________      ________      ________
 AGE_C80        1.000
 EDU_C7        -0.051         1.000
 FEMALE         0.048        -0.070         1.000


     MAXIMUM LOG-LIKELIHOOD VALUE FOR THE UNRESTRICTED (H1) MODEL IS -7883.895


UNIVARIATE HIGHER-ORDER MOMENT DESCRIPTIVE STATISTICS


     UNIVARIATE HIGHER-ORDER MOMENT DESCRIPTIVE STATISTICS

         Variable/         Mean/     Skewness/   Minimum/ % with                Percentiles
        Sample Size      Variance    Kurtosis    Maximum  Min/Max      20%/60%    40%/80%    Median

     A_01                 25.474       0.111       0.000    3.03%      13.000     20.000     24.000
             462.000     115.014      -0.266      59.000    0.22%      26.000     34.000
     A_02                 25.993       0.228       0.000    2.75%      13.000     20.000     22.500
             364.000     106.539      -0.536      58.000    0.27%      26.000     33.000
     A_03                 26.525       0.226       0.000    5.21%      13.000     19.000     22.000
             288.000     113.272      -0.701      56.000    0.35%      26.000     34.000
     A_04                 26.116       0.177       0.000    8.04%      12.000     18.000     21.000
             199.000     113.690      -0.936      52.000    0.50%      26.000     36.000
     A_05                 23.538       0.453       0.000    7.80%      12.000     18.000     20.000
             141.000     107.475      -0.517      51.000    0.71%      22.000     32.000
     AGE_C80               2.978       1.091      -0.581    0.20%       0.853      1.618      2.135
             512.000       6.699       0.659      13.313    0.20%       2.789      5.204
     EDU_C7                0.361       2.023      -5.000    0.39%      -1.000     -1.000     -1.000
             512.000       5.498       5.159      13.000    0.20%       0.000      1.000
     FEMALE                0.660      -0.678       0.000   34.18%       0.000      1.000      1.000
             512.000       0.224      -1.541       1.000   65.82%       1.000      1.000


THE MODEL ESTIMATION TERMINATED NORMALLY



MODEL FIT INFORMATION

Number of Free Parameters                       19

Loglikelihood

          H0 Value                       -3779.166
          H0 Scaling Correction Factor      1.0241
            for MLR

Information Criteria

          Akaike (AIC)                    7596.333
          Bayesian (BIC)                  7670.894
          Sample-Size Adjusted BIC        7610.612
            (n* = (n + 2) / 24)



MODEL RESULTS

                                                    Two-Tailed
                    Estimate       S.E.  Est./S.E.    P-Value

 IA         ON
    AGE_C80           -0.771      0.223     -3.462      0.001
    EDU_C7             1.575      0.210      7.487      0.000
    FEMALE             1.185      1.144      1.036      0.300

 SA         ON
    AGE_C80            0.066      0.083      0.788      0.431
    EDU_C7            -0.014      0.080     -0.173      0.862
    FEMALE             0.618      0.383      1.614      0.106

 QA         ON
    AGE_C80           -0.008      0.011     -0.738      0.461
    EDU_C7             0.000      0.011      0.025      0.980
    FEMALE            -0.091      0.051     -1.791      0.073

 IA       WITH
    SA                -1.057      2.102     -0.503      0.615
    QA                -0.232      0.282     -0.822      0.411

 SA       WITH
    QA                -0.151      0.149     -1.014      0.311

 Intercepts
    A_01               0.000      0.000    999.000    999.000
    A_02               0.000      0.000    999.000    999.000
    A_03               0.000      0.000    999.000    999.000
    A_04               0.000      0.000    999.000    999.000
    A_05               0.000      0.000    999.000    999.000
    IA                25.939      1.136     22.839      0.000
    SA                -0.210      0.367     -0.571      0.568
    QA                -0.031      0.048     -0.642      0.521

 Residual Variances
    A_01              22.121      2.089     10.592      0.000
    A_02              22.121      2.089     10.592      0.000
    A_03              22.121      2.089     10.592      0.000
    A_04              22.121      2.089     10.592      0.000
    A_05              22.121      2.089     10.592      0.000
    IA                73.283      6.888     10.639      0.000
    SA                 1.617      1.265      1.278      0.201
    QA                 0.023      0.018      1.233      0.218


QUALITY OF NUMERICAL RESULTS

     Condition Number for the Information Matrix              0.564E-06
       (ratio of smallest to largest eigenvalue)


CONFIDENCE INTERVALS OF MODEL RESULTS

                  Lower .5%  Lower 2.5%    Lower 5%    Estimate    Upper 5%  Upper 2.5%   Upper .5%

 IA       ON
    AGE_C80         -1.344      -1.207      -1.137      -0.771      -0.404      -0.334      -0.197
    EDU_C7           1.033       1.163       1.229       1.575       1.922       1.988       2.117
    FEMALE          -1.760      -1.056      -0.696       1.185       3.066       3.427       4.131

 SA       ON
    AGE_C80         -0.149      -0.098      -0.071       0.066       0.202       0.229       0.280
    EDU_C7          -0.221      -0.171      -0.146      -0.014       0.118       0.144       0.193
    FEMALE          -0.368      -0.132      -0.012       0.618       1.248       1.369       1.605

 QA       ON
    AGE_C80         -0.037      -0.031      -0.027      -0.008       0.010       0.014       0.021
    EDU_C7          -0.028      -0.021      -0.018       0.000       0.018       0.022       0.029
    FEMALE          -0.221      -0.190      -0.174      -0.091      -0.007       0.009       0.040

 IA       WITH
    SA              -6.472      -5.177      -4.515      -1.057       2.401       3.063       4.358
    QA              -0.959      -0.785      -0.696      -0.232       0.232       0.321       0.495

 SA       WITH
    QA              -0.534      -0.443      -0.396      -0.151       0.094       0.141       0.233

 Intercepts
    A_01             0.000       0.000       0.000       0.000       0.000       0.000       0.000
    A_02             0.000       0.000       0.000       0.000       0.000       0.000       0.000
    A_03             0.000       0.000       0.000       0.000       0.000       0.000       0.000
    A_04             0.000       0.000       0.000       0.000       0.000       0.000       0.000
    A_05             0.000       0.000       0.000       0.000       0.000       0.000       0.000
    IA              23.013      23.713      24.070      25.939      27.807      28.165      28.864
    SA              -1.156      -0.930      -0.814      -0.210       0.394       0.510       0.736
    QA              -0.154      -0.124      -0.109      -0.031       0.048       0.063       0.092

 Residual Variances
    A_01            16.741      18.027      18.685      22.121      25.556      26.214      27.500
    A_02            16.741      18.027      18.685      22.121      25.556      26.214      27.500
    A_03            16.741      18.027      18.685      22.121      25.556      26.214      27.500
    A_04            16.741      18.027      18.685      22.121      25.556      26.214      27.500
    A_05            16.741      18.027      18.685      22.121      25.556      26.214      27.500
    IA              55.540      59.782      61.951      73.283      84.614      86.784      91.026
    SA              -1.641      -0.862      -0.464       1.617       3.698       4.096       4.875
    QA              -0.025      -0.013      -0.008       0.023       0.053       0.059       0.070


SAMPLE STATISTICS FOR ESTIMATED FACTOR SCORES


     SAMPLE STATISTICS


           Means
              IA            IA_SE         SA            SA_SE         QA
              ________      ________      ________      ________      ________
 1             22.616         3.485         0.290         1.176        -0.104


           Means
              QA_SE
              ________
 1              0.140


           Covariances
              IA            IA_SE         SA            SA_SE         QA
              ________      ________      ________      ________      ________
 IA            93.823
 IA_SE         -1.720         0.319
 SA             0.174         0.033         0.434
 SA_SE         -0.194         0.031         0.004         0.004
 QA            -0.292         0.003        -0.037         0.000         0.006
 QA_SE         -0.018         0.002         0.000         0.000         0.000


           Covariances
              QA_SE
              ________
 QA_SE          0.000


           Correlations
              IA            IA_SE         SA            SA_SE         QA
              ________      ________      ________      ________      ________
 IA             1.000
 IA_SE         -0.314         1.000
 SA             0.027         0.090         1.000
 SA_SE         -0.301         0.830         0.091         1.000
 QA            -0.389         0.063        -0.733         0.090         1.000
 QA_SE         -0.293         0.655        -0.009         0.844         0.152


           Correlations
              QA_SE
              ________
 QA_SE          1.000


RESULTS SAVING INFORMATION

  Order of data

    Parameter estimates
     (saved in order shown in Technical 1 output)
    Standard errors
     (saved in order shown in Technical 1 output)
    H0 Loglikelihood
    H0 Scaling Correction Factor for MLR
    Number of Free Parameters
    Akaike (AIC)
    Bayesian (BIC)
    Sample-Size Adjusted BIC

  Save file
    u2_12345_aef_symbol_results.dat

  Save file format           Free


PLOT INFORMATION

The following plots are available:

  Histograms (sample values, estimated factor scores)
  Scatterplots (sample values, estimated factor scores)
  Latent variable distribution plots

SAVEDATA INFORMATION


  Save file
    u2_12345_aef_symbol_fscores.dat

  Order and format of variables

    A_01           F10.3
    A_02           F10.3
    A_03           F10.3
    A_04           F10.3
    A_05           F10.3
    AGE_C80        F10.3
    EDU_C7         F10.3
    FEMALE         F10.3
    TIME_01        F10.3
    TIME_02        F10.3
    TIME_03        F10.3
    TIME_04        F10.3
    TIME_05        F10.3
    _WEIGHT        F10.3
    IA             F10.3
    IA_SE          F10.3
    SA             F10.3
    SA_SE          F10.3
    QA             F10.3
    QA_SE          F10.3
    PAIRID         I6

  Save file format
    20F10.3 I6

  Save file record length    10000


     Beginning Time:  12:06:31
        Ending Time:  12:06:34
       Elapsed Time:  00:00:03



MUTHEN & MUTHEN
3463 Stoner Ave.
Los Angeles, CA  90066

Tel: (310) 391-9971
Fax: (310) 391-8971
Web: www.StatModel.com
Support: Support@StatModel.com

Copyright (c) 1998-2014 Muthen & Muthen
