Mplus VERSION 7.3
MUTHEN & MUTHEN
12/17/2016  12:06 PM

INPUT INSTRUCTIONS

  TITLE:
  Script produced from the prototype in ./sandbox/syntax-creator/
  DATA:
  File = wide-dataset.dat ;
  VARIABLE:
  NAMES are
   Case PairID female age_c80 edu_c7 sbp_c167 smoke cardio diabetes dementia_ever
      years_since_bl_01 years_since_bl_02 years_since_bl_03 years_since_bl_04
      years_since_bl_05 pef_01 pef_02 pef_03 pef_04 pef_05 grip_01 grip_02 grip_03
      grip_04 grip_05 gait_01 gait_02 gait_03 gait_04 gait_05 block_01 block_02
      block_03 block_04 block_05 digitspanbackward_01 digitspanbackward_02
      digitspanbackward_03 digitspanbackward_04 digitspanbackward_05
      digitspanforward_01 digitspanforward_02 digitspanforward_03 digitspanforward_04
      digitspanforward_05 symbol_01 symbol_02 symbol_03 symbol_04 symbol_05 prose_01
      prose_02 prose_03 prose_04 prose_05 info_01 info_02 info_03 info_04 info_05
      synonyms_01 synonyms_02 synonyms_03 synonyms_04 synonyms_05 psif_01 psif_02
      psif_03 psif_04 psif_05 figure_01 figure_02 figure_03 figure_04 figure_05
      mirrecall_01 mirrecall_02 mirrecall_03 mirrecall_04 mirrecall_05 mmse_01 mmse_02
      mmse_03 mmse_04 mmse_05 mirnaming_01 mirnaming_02 mirnaming_03 mirnaming_04
      mirnaming_05 mirrecog_01 mirrecog_02 mirrecog_03 mirrecog_04 mirrecog_05
      clock_01 clock_02 clock_03 clock_04 clock_05
  	;
  Missing are all (-9999);
  USEVARIABLES are
  	!define the variables used in the analysis
  	! covariates used in the model
  age_c80
  edu_c7
  female
  sbp_c167	
  	!estimated time points
  time_01
  time_02
  time_04
  time_05
  	!modelled time points of process (A)
  a_01
  a_02
  a_04
  a_05
  ;
  TSCORES are
  	!estimated time points
  time_01
  time_02
  time_04
  time_05;
  CLUSTER = PairID;
  SUBPOPULATION are
  	!select a subset of observations
  dementia_ever NE 1
  ;
  DEFINE:
  	! assign variables to the process (A)
  a_01 = symbol_01;
  a_02 = symbol_02;
  a_04 = symbol_04;
  a_05 = symbol_05;
  	!assign variables to time points
  time_01 = years_since_bl_01;
  time_02 = years_since_bl_02;
  time_04 = years_since_bl_04;
  time_05 = years_since_bl_05;
  	
  ANALYSIS: TYPE = RANDOM COMPLEX;
  COVERAGE=.00;
  MODEL:
  	!first-level equation
  	! assign process (A) to time points
  ia sa qa | a_01 AT time_01 ;
  ia sa qa | a_02 AT time_02 ;
  ia sa qa | a_04 AT time_04 ;
  ia sa qa | a_05 AT time_05 ;
  	!variance of the first-level terms
  ia (v_ia);
  sa (v_sa);
  qa (v_qa);
  	!covariance among first-level terms
  ia WITH sa (c_iasa);
  ia WITH qa (c_iaqa);
  sa WITH qa (c_saqa);
  	!second-level equation
  ia sa qa ON age_c80
  edu_c7
  female
  sbp_c167;
  	!residual covariance of process (A)
  a_01 (res_a);
  a_02 (res_a);
  a_04 (res_a);
  a_05 (res_a);	
  SAVEDATA:
  FILE is   u2_1245_aefb_symbol_fscores.dat;
  SAVE = FSCORES;
  RESULTS are   u2_1245_aefb_symbol_results.dat;
  	
  OUTPUT: sampstat cinterval;
  PLOT: Type is Plot1 Plot2 Plot3;



*** WARNING
  Data set contains cases with missing on x-variables.
  These cases were not included in the analysis.
  Number of cases with missing on x-variables:  92
*** WARNING
  Data set contains cases with missing on all variables except
  x-variables.  These cases were not included in the analysis.
  Number of cases with missing on all variables except x-variables:  117
   2 WARNING(S) FOUND IN THE INPUT INSTRUCTIONS




Script produced from the prototype in ./sandbox/syntax-creator/

SUMMARY OF ANALYSIS

Number of groups                                                 1
Number of observations                                         364

Number of dependent variables                                    4
Number of independent variables                                  4
Number of continuous latent variables                            3

Observed dependent variables

  Continuous
   A_01        A_02        A_04        A_05

Observed independent variables
   AGE_C80     EDU_C7      FEMALE      SBP_C167

Continuous latent variables
   IA          SA          QA

Variables with special functions

  Cluster variable      PAIRID
  Weight variable       _WEIGHT

  Time scores
   TIME_01     TIME_02     TIME_04     TIME_05


Estimator                                                      MLR
Information matrix                                        OBSERVED
Maximum number of iterations                                   100
Convergence criterion                                    0.100D-05
Maximum number of EM iterations                                500
Convergence criteria for the EM algorithm
  Loglikelihood change                                   0.100D-02
  Relative loglikelihood change                          0.100D-05
  Derivative                                             0.100D-03
Minimum variance                                         0.100D-03
Maximum number of steepest descent iterations                   20
Maximum number of iterations for H1                           2000
Convergence criterion for H1                             0.100D-03
Optimization algorithm                                         EMA

Input data file(s)
  wide-dataset.dat
Input data format  FREE



SAMPLE STATISTICS


     ESTIMATED SAMPLE STATISTICS


           Means
              A_01          A_02          A_04          A_05          AGE_C80
              ________      ________      ________      ________      ________
 1             25.303        25.220        23.713        20.820         2.975


           Means
              EDU_C7        FEMALE        SBP_C167
              ________      ________      ________
 1              0.368         0.659        -5.146


           Covariances
              A_01          A_02          A_04          A_05          AGE_C80
              ________      ________      ________      ________      ________
 A_01         111.451
 A_02          82.726       103.359
 A_04          76.027        79.575       107.865
 A_05          65.018        67.863        79.954       105.295
 AGE_C80       -6.039        -4.599        -6.233        -6.170         6.694
 EDU_C7         8.584         7.544         8.194         7.647        -0.309
 FEMALE         0.100         0.392         0.277        -0.067         0.063
 SBP_C167      21.682         3.616       -17.421       -15.148        -3.243


           Covariances
              EDU_C7        FEMALE        SBP_C167
              ________      ________      ________
 EDU_C7         5.513
 FEMALE        -0.092         0.225
 SBP_C167      -0.065         0.851       495.943


           Correlations
              A_01          A_02          A_04          A_05          AGE_C80
              ________      ________      ________      ________      ________
 A_01           1.000
 A_02           0.771         1.000
 A_04           0.693         0.754         1.000
 A_05           0.600         0.651         0.750         1.000
 AGE_C80       -0.221        -0.175        -0.232        -0.232         1.000
 EDU_C7         0.346         0.316         0.336         0.317        -0.051
 FEMALE         0.020         0.081         0.056        -0.014         0.051
 SBP_C167       0.092         0.016        -0.075        -0.066        -0.056


           Correlations
              EDU_C7        FEMALE        SBP_C167
              ________      ________      ________
 EDU_C7         1.000
 FEMALE        -0.082         1.000
 SBP_C167      -0.001         0.081         1.000


     MAXIMUM LOG-LIKELIHOOD VALUE FOR THE UNRESTRICTED (H1) MODEL IS -8948.076


UNIVARIATE HIGHER-ORDER MOMENT DESCRIPTIVE STATISTICS


     UNIVARIATE HIGHER-ORDER MOMENT DESCRIPTIVE STATISTICS

         Variable/         Mean/     Skewness/   Minimum/ % with                Percentiles
        Sample Size      Variance    Kurtosis    Maximum  Min/Max      20%/60%    40%/80%    Median

     A_01                 25.628       0.090       0.000    3.10%      14.000     20.000     24.000
             451.000     111.096      -0.284      59.000    0.22%      27.000     34.000
     A_02                 25.937       0.208       0.000    2.53%      13.000     20.000     23.000
             356.000     105.112      -0.553      58.000    0.28%      27.000     34.000
     A_04                 26.151       0.168       0.000    8.16%      12.000     18.000     21.000
             196.000     114.944      -0.948      52.000    0.51%      26.000     36.000
     A_05                 23.686       0.467       0.000    7.86%      13.000     18.000     20.000
             140.000     105.758      -0.514      51.000    0.71%      22.000     32.000
     AGE_C80               2.975       1.104      -0.581    0.20%       0.854      1.585      2.121
             493.000       6.694       0.714      13.313    0.20%       2.768      5.093
     EDU_C7                0.368       2.058      -5.000    0.41%      -1.000     -1.000     -1.000
             493.000       5.513       5.237      13.000    0.20%       0.000      1.000
     FEMALE                0.659      -0.672       0.000   34.69%       0.000      1.000      1.000
             493.000       0.225      -1.548       1.000   65.31%       1.000      1.000
     SBP_C167             -5.146       0.407     -57.000    0.81%     -27.000     -7.000     -7.000
             493.000     495.943       0.787      93.000    0.20%      -2.000     13.000


THE MODEL ESTIMATION TERMINATED NORMALLY



MODEL FIT INFORMATION

Number of Free Parameters                       22

Loglikelihood

          H0 Value                       -3031.699
          H0 Scaling Correction Factor      0.9859
            for MLR

Information Criteria

          Akaike (AIC)                    6107.398
          Bayesian (BIC)                  6193.136
          Sample-Size Adjusted BIC        6123.339
            (n* = (n + 2) / 24)



MODEL RESULTS

                                                    Two-Tailed
                    Estimate       S.E.  Est./S.E.    P-Value

 IA         ON
    AGE_C80           -0.794      0.226     -3.507      0.000
    EDU_C7             1.518      0.198      7.671      0.000
    FEMALE             1.099      1.146      0.959      0.337
    SBP_C167           0.038      0.025      1.538      0.124

 SA         ON
    AGE_C80            0.047      0.103      0.455      0.649
    EDU_C7            -0.070      0.099     -0.709      0.479
    FEMALE             1.039      0.461      2.251      0.024
    SBP_C167          -0.024      0.009     -2.484      0.013

 QA         ON
    AGE_C80           -0.008      0.013     -0.596      0.551
    EDU_C7             0.008      0.014      0.575      0.565
    FEMALE            -0.139      0.061     -2.280      0.023
    SBP_C167           0.002      0.001      1.465      0.143

 IA       WITH
    SA                -0.312      2.493     -0.125      0.900
    QA                -0.280      0.316     -0.888      0.375

 SA       WITH
    QA                -0.119      0.175     -0.679      0.497

 Intercepts
    A_01               0.000      0.000    999.000    999.000
    A_02               0.000      0.000    999.000    999.000
    A_04               0.000      0.000    999.000    999.000
    A_05               0.000      0.000    999.000    999.000
    IA                26.481      1.154     22.957      0.000
    SA                -0.587      0.425     -1.381      0.167
    QA                 0.016      0.057      0.282      0.778

 Residual Variances
    A_01              22.229      2.701      8.229      0.000
    A_02              22.229      2.701      8.229      0.000
    A_04              22.229      2.701      8.229      0.000
    A_05              22.229      2.701      8.229      0.000
    IA                69.204      6.779     10.208      0.000
    SA                 1.377      1.554      0.886      0.376
    QA                 0.017      0.021      0.816      0.415


QUALITY OF NUMERICAL RESULTS

     Condition Number for the Information Matrix              0.306E-06
       (ratio of smallest to largest eigenvalue)


CONFIDENCE INTERVALS OF MODEL RESULTS

                  Lower .5%  Lower 2.5%    Lower 5%    Estimate    Upper 5%  Upper 2.5%   Upper .5%

 IA       ON
    AGE_C80         -1.377      -1.237      -1.166      -0.794      -0.421      -0.350      -0.211
    EDU_C7           1.008       1.130       1.193       1.518       1.844       1.906       2.028
    FEMALE          -1.852      -1.147      -0.786       1.099       2.984       3.345       4.050
    SBP_C167        -0.026      -0.010      -0.003       0.038       0.078       0.086       0.101

 SA       ON
    AGE_C80         -0.219      -0.156      -0.123       0.047       0.217       0.250       0.314
    EDU_C7          -0.324      -0.264      -0.233      -0.070       0.093       0.124       0.184
    FEMALE          -0.150       0.134       0.280       1.039       1.798       1.943       2.227
    SBP_C167        -0.048      -0.042      -0.039      -0.024      -0.008      -0.005       0.001

 QA       ON
    AGE_C80         -0.043      -0.034      -0.030      -0.008       0.014       0.018       0.027
    EDU_C7          -0.027      -0.019      -0.014       0.008       0.030       0.034       0.043
    FEMALE          -0.296      -0.259      -0.240      -0.139      -0.039      -0.020       0.018
    SBP_C167        -0.001      -0.001       0.000       0.002       0.004       0.004       0.005

 IA       WITH
    SA              -6.735      -5.199      -4.414      -0.312       3.790       4.575       6.111
    QA              -1.094      -0.899      -0.800      -0.280       0.239       0.338       0.533

 SA       WITH
    QA              -0.570      -0.462      -0.407      -0.119       0.169       0.224       0.332

 Intercepts
    A_01             0.000       0.000       0.000       0.000       0.000       0.000       0.000
    A_02             0.000       0.000       0.000       0.000       0.000       0.000       0.000
    A_04             0.000       0.000       0.000       0.000       0.000       0.000       0.000
    A_05             0.000       0.000       0.000       0.000       0.000       0.000       0.000
    IA              23.510      24.220      24.584      26.481      28.379      28.742      29.452
    SA              -1.680      -1.419      -1.285      -0.587       0.112       0.246       0.507
    QA              -0.131      -0.096      -0.078       0.016       0.110       0.128       0.163

 Residual Variances
    A_01            15.271      16.935      17.786      22.229      26.672      27.523      29.187
    A_02            15.271      16.935      17.786      22.229      26.672      27.523      29.187
    A_04            15.271      16.935      17.786      22.229      26.672      27.523      29.187
    A_05            15.271      16.935      17.786      22.229      26.672      27.523      29.187
    IA              51.742      55.917      58.053      69.204      80.356      82.492      86.666
    SA              -2.626      -1.669      -1.179       1.377       3.934       4.423       5.380
    QA              -0.037      -0.024      -0.017       0.017       0.051       0.058       0.071


SAMPLE STATISTICS FOR ESTIMATED FACTOR SCORES


     SAMPLE STATISTICS


           Means
              IA            IA_SE         SA            SA_SE         QA
              ________      ________      ________      ________      ________
 1             23.048         3.520         0.261         1.101        -0.096


           Means
              QA_SE
              ________
 1              0.122


           Covariances
              IA            IA_SE         SA            SA_SE         QA
              ________      ________      ________      ________      ________
 IA            89.431
 IA_SE         -1.456         0.282
 SA            -0.380         0.043         0.723
 SA_SE         -0.153         0.022         0.003         0.003
 QA            -0.203         0.000        -0.066         0.000         0.009
 QA_SE         -0.008         0.001         0.000         0.000         0.000


           Covariances
              QA_SE
              ________
 QA_SE          0.000


           Correlations
              IA            IA_SE         SA            SA_SE         QA
              ________      ________      ________      ________      ________
 IA             1.000
 IA_SE         -0.290         1.000
 SA            -0.047         0.095         1.000
 SA_SE         -0.281         0.708         0.060         1.000
 QA            -0.230        -0.003        -0.832         0.078         1.000
 QA_SE         -0.248         0.719         0.060         0.841         0.031


           Correlations
              QA_SE
              ________
 QA_SE          1.000


RESULTS SAVING INFORMATION

  Order of data

    Parameter estimates
     (saved in order shown in Technical 1 output)
    Standard errors
     (saved in order shown in Technical 1 output)
    H0 Loglikelihood
    H0 Scaling Correction Factor for MLR
    Number of Free Parameters
    Akaike (AIC)
    Bayesian (BIC)
    Sample-Size Adjusted BIC

  Save file
    u2_1245_aefb_symbol_results.dat

  Save file format           Free


PLOT INFORMATION

The following plots are available:

  Histograms (sample values, estimated factor scores)
  Scatterplots (sample values, estimated factor scores)
  Latent variable distribution plots

SAVEDATA INFORMATION


  Save file
    u2_1245_aefb_symbol_fscores.dat

  Order and format of variables

    A_01           F10.3
    A_02           F10.3
    A_04           F10.3
    A_05           F10.3
    AGE_C80        F10.3
    EDU_C7         F10.3
    FEMALE         F10.3
    SBP_C167       F10.3
    TIME_01        F10.3
    TIME_02        F10.3
    TIME_04        F10.3
    TIME_05        F10.3
    _WEIGHT        F10.3
    IA             F10.3
    IA_SE          F10.3
    SA             F10.3
    SA_SE          F10.3
    QA             F10.3
    QA_SE          F10.3
    PAIRID         I6

  Save file format
    19F10.3 I6

  Save file record length    10000


     Beginning Time:  12:06:52
        Ending Time:  12:06:54
       Elapsed Time:  00:00:02



MUTHEN & MUTHEN
3463 Stoner Ave.
Los Angeles, CA  90066

Tel: (310) 391-9971
Fax: (310) 391-8971
Web: www.StatModel.com
Support: Support@StatModel.com

Copyright (c) 1998-2014 Muthen & Muthen
