Mplus VERSION 7.3
MUTHEN & MUTHEN
12/17/2016   6:09 PM

INPUT INSTRUCTIONS

  TITLE:
  Script produced from the prototype in ./sandbox/syntax-creator/
  DATA:
  File = wide-dataset.dat ;
  VARIABLE:
  NAMES are
   Case PairID female age_c80 edu_c7 sbp_c167 smoke cardio diabetes dementia_ever
      years_since_bl_01 years_since_bl_02 years_since_bl_03 years_since_bl_04
      years_since_bl_05 pef_01 pef_02 pef_03 pef_04 pef_05 grip_01 grip_02 grip_03
      grip_04 grip_05 gait_01 gait_02 gait_03 gait_04 gait_05 block_01 block_02
      block_03 block_04 block_05 digitspanbackward_01 digitspanbackward_02
      digitspanbackward_03 digitspanbackward_04 digitspanbackward_05
      digitspanforward_01 digitspanforward_02 digitspanforward_03 digitspanforward_04
      digitspanforward_05 symbol_01 symbol_02 symbol_03 symbol_04 symbol_05 prose_01
      prose_02 prose_03 prose_04 prose_05 info_01 info_02 info_03 info_04 info_05
      synonyms_01 synonyms_02 synonyms_03 synonyms_04 synonyms_05 psif_01 psif_02
      psif_03 psif_04 psif_05 figure_01 figure_02 figure_03 figure_04 figure_05
      mirrecall_01 mirrecall_02 mirrecall_03 mirrecall_04 mirrecall_05 mmse_01 mmse_02
      mmse_03 mmse_04 mmse_05 mirnaming_01 mirnaming_02 mirnaming_03 mirnaming_04
      mirnaming_05 mirrecog_01 mirrecog_02 mirrecog_03 mirrecog_04 mirrecog_05
      clock_01 clock_02 clock_03 clock_04 clock_05
  	;
  Missing are all (-9999);
  USEVARIABLES are
  	!define the variables used in the analysis
  	! covariates used in the model
  age_c80
  edu_c7	
  	!estimated time points
  time_01
  time_02
  time_03
  	!modelled time points of process (A)
  a_01
  a_02
  a_03
  ;
  TSCORES are
  	!estimated time points
  time_01
  time_02
  time_03;
  CLUSTER = PairID;
  SUBPOPULATION are
  	!select a subset of observations
  dementia_ever NE 1
  ;
  DEFINE:
  	! assign variables to the process (A)
  a_01 = symbol_01;
  a_02 = symbol_02;
  a_03 = symbol_03;
  	!assign variables to time points
  time_01 = years_since_bl_01;
  time_02 = years_since_bl_02;
  time_03 = years_since_bl_03;
  	
  ANALYSIS: TYPE = RANDOM COMPLEX;
  COVERAGE=.00;
  MODEL:
  	!first-level equation
  	! assign process (A) to time points
  ia sa qa | a_01 AT time_01 ;
  ia sa qa | a_02 AT time_02 ;
  ia sa qa | a_03 AT time_03 ;
  	!variance of the first-level terms
  ia (v_ia);
  sa (v_sa);
  qa (v_qa);
  	!covariance among first-level terms
  ia WITH sa (c_iasa);
  ia WITH qa (c_iaqa);
  sa WITH qa (c_saqa);
  	!second-level equation
  ia sa qa ON age_c80
  edu_c7;
  	!residual covariance of process (A)
  a_01 (res_a);
  a_02 (res_a);
  a_03 (res_a);	
  SAVEDATA:
  FILE is   u2_123_ae_symbol_fscores.dat;
  SAVE = FSCORES;
  RESULTS are   u2_123_ae_symbol_results.dat;
  	
  OUTPUT: sampstat cinterval;
  PLOT: Type is Plot1 Plot2 Plot3;



*** WARNING
  Data set contains cases with missing on x-variables.
  These cases were not included in the analysis.
  Number of cases with missing on x-variables:  46
*** WARNING
  Data set contains cases with missing on all variables except
  x-variables.  These cases were not included in the analysis.
  Number of cases with missing on all variables except x-variables:  146
   2 WARNING(S) FOUND IN THE INPUT INSTRUCTIONS




Script produced from the prototype in ./sandbox/syntax-creator/

SUMMARY OF ANALYSIS

Number of groups                                                 1
Number of observations                                         373

Number of dependent variables                                    3
Number of independent variables                                  2
Number of continuous latent variables                            3

Observed dependent variables

  Continuous
   A_01        A_02        A_03

Observed independent variables
   AGE_C80     EDU_C7

Continuous latent variables
   IA          SA          QA

Variables with special functions

  Cluster variable      PAIRID
  Weight variable       _WEIGHT

  Time scores
   TIME_01     TIME_02     TIME_03


Estimator                                                      MLR
Information matrix                                        OBSERVED
Maximum number of iterations                                   100
Convergence criterion                                    0.100D-05
Maximum number of EM iterations                                500
Convergence criteria for the EM algorithm
  Loglikelihood change                                   0.100D-02
  Relative loglikelihood change                          0.100D-05
  Derivative                                             0.100D-03
Minimum variance                                         0.100D-03
Maximum number of steepest descent iterations                   20
Maximum number of iterations for H1                           2000
Convergence criterion for H1                             0.100D-03
Optimization algorithm                                         EMA

Input data file(s)
  wide-dataset.dat
Input data format  FREE



SAMPLE STATISTICS


     ESTIMATED SAMPLE STATISTICS


           Means
              A_01          A_02          A_03          AGE_C80       EDU_C7
              ________      ________      ________      ________      ________
 1             25.091        24.973        24.848         2.984         0.362


           Covariances
              A_01          A_02          A_03          AGE_C80       EDU_C7
              ________      ________      ________      ________      ________
 A_01         115.739
 A_02          86.563       106.031
 A_03          84.076        86.555       108.590
 AGE_C80       -5.758        -4.426        -4.527         6.702
 EDU_C7         8.999         8.031         8.971        -0.312         5.512


           Correlations
              A_01          A_02          A_03          AGE_C80       EDU_C7
              ________      ________      ________      ________      ________
 A_01           1.000
 A_02           0.781         1.000
 A_03           0.750         0.807         1.000
 AGE_C80       -0.207        -0.166        -0.168         1.000
 EDU_C7         0.356         0.332         0.367        -0.051         1.000


     MAXIMUM LOG-LIKELIHOOD VALUE FOR THE UNRESTRICTED (H1) MODEL IS -6303.666


UNIVARIATE HIGHER-ORDER MOMENT DESCRIPTIVE STATISTICS


     UNIVARIATE HIGHER-ORDER MOMENT DESCRIPTIVE STATISTICS

         Variable/         Mean/     Skewness/   Minimum/ % with                Percentiles
        Sample Size      Variance    Kurtosis    Maximum  Min/Max      20%/60%    40%/80%    Median

     A_01                 25.474       0.111       0.000    3.03%      13.000     20.000     24.000
             462.000     115.014      -0.266      59.000    0.22%      26.000     34.000
     A_02                 25.993       0.228       0.000    2.75%      13.000     20.000     22.500
             364.000     106.539      -0.536      58.000    0.27%      26.000     33.000
     A_03                 26.525       0.226       0.000    5.21%      13.000     19.000     22.000
             288.000     113.272      -0.701      56.000    0.35%      26.000     34.000
     AGE_C80               2.984       1.088      -0.581    0.20%       0.854      1.618      2.135
             510.000       6.702       0.653      13.313    0.20%       2.789      5.194
     EDU_C7                0.362       2.019      -5.000    0.39%      -1.000     -1.000     -1.000
             510.000       5.512       5.135      13.000    0.20%       0.000      1.000


THE MODEL ESTIMATION TERMINATED NORMALLY



MODEL FIT INFORMATION

Number of Free Parameters                       16

Loglikelihood

          H0 Value                       -2879.033
          H0 Scaling Correction Factor      0.9280
            for MLR

Information Criteria

          Akaike (AIC)                    5790.067
          Bayesian (BIC)                  5852.812
          Sample-Size Adjusted BIC        5802.049
            (n* = (n + 2) / 24)



MODEL RESULTS

                                                    Two-Tailed
                    Estimate       S.E.  Est./S.E.    P-Value

 IA         ON
    AGE_C80           -0.782      0.224     -3.491      0.000
    EDU_C7             1.587      0.207      7.685      0.000

 SA         ON
    AGE_C80            0.132      0.161      0.824      0.410
    EDU_C7            -0.154      0.138     -1.115      0.265

 QA         ON
    AGE_C80           -0.021      0.039     -0.546      0.585
    EDU_C7             0.038      0.031      1.195      0.232

 IA       WITH
    SA                -4.392      3.732     -1.177      0.239
    QA                 0.379      0.788      0.481      0.630

 SA       WITH
    QA                -0.693      0.520     -1.334      0.182

 Intercepts
    A_01               0.000      0.000    999.000    999.000
    A_02               0.000      0.000    999.000    999.000
    A_03               0.000      0.000    999.000    999.000
    IA                26.838      0.862     31.122      0.000
    SA                -0.327      0.578     -0.566      0.572
    QA                 0.031      0.134      0.227      0.820

 Residual Variances
    A_01              19.188      2.327      8.247      0.000
    A_02              19.188      2.327      8.247      0.000
    A_03              19.188      2.327      8.247      0.000
    IA                77.673      7.384     10.519      0.000
    SA                 4.810      3.045      1.579      0.114
    QA                 0.115      0.088      1.305      0.192


QUALITY OF NUMERICAL RESULTS

     Condition Number for the Information Matrix              0.127E-04
       (ratio of smallest to largest eigenvalue)


CONFIDENCE INTERVALS OF MODEL RESULTS

                  Lower .5%  Lower 2.5%    Lower 5%    Estimate    Upper 5%  Upper 2.5%   Upper .5%

 IA       ON
    AGE_C80         -1.359      -1.221      -1.150      -0.782      -0.413      -0.343      -0.205
    EDU_C7           1.055       1.182       1.247       1.587       1.927       1.992       2.119

 SA       ON
    AGE_C80         -0.282      -0.183      -0.132       0.132       0.397       0.448       0.547
    EDU_C7          -0.508      -0.423      -0.380      -0.154       0.073       0.116       0.201

 QA       ON
    AGE_C80         -0.122      -0.098      -0.086      -0.021       0.043       0.055       0.080
    EDU_C7          -0.043      -0.024      -0.014       0.038       0.089       0.099       0.119

 IA       WITH
    SA             -14.006     -11.707     -10.532      -4.392       1.747       2.923       5.221
    QA              -1.650      -1.165      -0.917       0.379       1.675       1.923       2.408

 SA       WITH
    QA              -2.033      -1.713      -1.549      -0.693       0.162       0.326       0.646

 Intercepts
    A_01             0.000       0.000       0.000       0.000       0.000       0.000       0.000
    A_02             0.000       0.000       0.000       0.000       0.000       0.000       0.000
    A_03             0.000       0.000       0.000       0.000       0.000       0.000       0.000
    IA              24.617      25.148      25.419      26.838      28.257      28.528      29.059
    SA              -1.815      -1.459      -1.277      -0.327       0.624       0.805       1.161
    QA              -0.316      -0.233      -0.191       0.031       0.252       0.294       0.377

 Residual Variances
    A_01            13.195      14.628      15.361      19.188      23.016      23.749      25.182
    A_02            13.195      14.628      15.361      19.188      23.016      23.749      25.182
    A_03            13.195      14.628      15.361      19.188      23.016      23.749      25.182
    IA              58.653      63.200      65.526      77.673      89.820      92.146      96.693
    SA              -3.034      -1.159      -0.200       4.810       9.820      10.779      12.655
    QA              -0.112      -0.057      -0.030       0.115       0.259       0.287       0.341


SAMPLE STATISTICS FOR ESTIMATED FACTOR SCORES


     SAMPLE STATISTICS


           Means
              IA            IA_SE         SA            SA_SE         QA
              ________      ________      ________      ________      ________
 1             22.780         3.514        -0.061         1.969        -0.010


           Means
              QA_SE
              ________
 1              0.316


           Covariances
              IA            IA_SE         SA            SA_SE         QA
              ________      ________      ________      ________      ________
 IA            97.963
 IA_SE         -1.660         0.301
 SA            -3.487         0.062         1.304
 SA_SE         -0.390         0.062         0.023         0.017
 QA             0.439        -0.007        -0.177        -0.003         0.026
 QA_SE         -0.040         0.006         0.003         0.002         0.000


           Covariances
              QA_SE
              ________
 QA_SE          0.000


           Correlations
              IA            IA_SE         SA            SA_SE         QA
              ________      ________      ________      ________      ________
 IA             1.000
 IA_SE         -0.306         1.000
 SA            -0.309         0.098         1.000
 SA_SE         -0.305         0.874         0.155         1.000
 QA             0.273        -0.084        -0.954        -0.130         1.000
 QA_SE         -0.298         0.843         0.175         0.983        -0.156


           Correlations
              QA_SE
              ________
 QA_SE          1.000


RESULTS SAVING INFORMATION

  Order of data

    Parameter estimates
     (saved in order shown in Technical 1 output)
    Standard errors
     (saved in order shown in Technical 1 output)
    H0 Loglikelihood
    H0 Scaling Correction Factor for MLR
    Number of Free Parameters
    Akaike (AIC)
    Bayesian (BIC)
    Sample-Size Adjusted BIC

  Save file
    u2_123_ae_symbol_results.dat

  Save file format           Free


PLOT INFORMATION

The following plots are available:

  Histograms (sample values, estimated factor scores)
  Scatterplots (sample values, estimated factor scores)
  Latent variable distribution plots

SAVEDATA INFORMATION


  Save file
    u2_123_ae_symbol_fscores.dat

  Order and format of variables

    A_01           F10.3
    A_02           F10.3
    A_03           F10.3
    AGE_C80        F10.3
    EDU_C7         F10.3
    TIME_01        F10.3
    TIME_02        F10.3
    TIME_03        F10.3
    _WEIGHT        F10.3
    IA             F10.3
    IA_SE          F10.3
    SA             F10.3
    SA_SE          F10.3
    QA             F10.3
    QA_SE          F10.3
    PAIRID         I6

  Save file format
    15F10.3 I6

  Save file record length    10000


     Beginning Time:  18:09:25
        Ending Time:  18:09:26
       Elapsed Time:  00:00:01



MUTHEN & MUTHEN
3463 Stoner Ave.
Los Angeles, CA  90066

Tel: (310) 391-9971
Fax: (310) 391-8971
Web: www.StatModel.com
Support: Support@StatModel.com

Copyright (c) 1998-2014 Muthen & Muthen
