Mplus VERSION 7.3
MUTHEN & MUTHEN
12/17/2016   6:19 PM

INPUT INSTRUCTIONS

  TITLE:
  Script produced from the prototype in ./sandbox/syntax-creator/
  DATA:
  File = wide-dataset.dat ;
  VARIABLE:
  NAMES are
   Case PairID female age_c80 edu_c7 sbp_c167 smoke cardio diabetes dementia_ever
      years_since_bl_01 years_since_bl_02 years_since_bl_03 years_since_bl_04
      years_since_bl_05 pef_01 pef_02 pef_03 pef_04 pef_05 grip_01 grip_02 grip_03
      grip_04 grip_05 gait_01 gait_02 gait_03 gait_04 gait_05 block_01 block_02
      block_03 block_04 block_05 digitspanbackward_01 digitspanbackward_02
      digitspanbackward_03 digitspanbackward_04 digitspanbackward_05
      digitspanforward_01 digitspanforward_02 digitspanforward_03 digitspanforward_04
      digitspanforward_05 symbol_01 symbol_02 symbol_03 symbol_04 symbol_05 prose_01
      prose_02 prose_03 prose_04 prose_05 info_01 info_02 info_03 info_04 info_05
      synonyms_01 synonyms_02 synonyms_03 synonyms_04 synonyms_05 psif_01 psif_02
      psif_03 psif_04 psif_05 figure_01 figure_02 figure_03 figure_04 figure_05
      mirrecall_01 mirrecall_02 mirrecall_03 mirrecall_04 mirrecall_05 mmse_01 mmse_02
      mmse_03 mmse_04 mmse_05 mirnaming_01 mirnaming_02 mirnaming_03 mirnaming_04
      mirnaming_05 mirrecog_01 mirrecog_02 mirrecog_03 mirrecog_04 mirrecog_05
      clock_01 clock_02 clock_03 clock_04 clock_05
  	;
  Missing are all (-9999);
  USEVARIABLES are
  	!define the variables used in the analysis
  	! covariates used in the model
  age_c80
  edu_c7
  female
  sbp_c167	
  	!estimated time points
  time_01
  time_04
  time_05
  	!modelled time points of process (A)
  a_01
  a_04
  a_05
  ;
  TSCORES are
  	!estimated time points
  time_01
  time_04
  time_05;
  CLUSTER = PairID;
  SUBPOPULATION are
  	!select a subset of observations
  dementia_ever NE 1
  ;
  DEFINE:
  	! assign variables to the process (A)
  a_01 = symbol_01;
  a_04 = symbol_04;
  a_05 = symbol_05;
  	!assign variables to time points
  time_01 = years_since_bl_01;
  time_04 = years_since_bl_04;
  time_05 = years_since_bl_05;
  	
  ANALYSIS: TYPE = RANDOM COMPLEX;
  COVERAGE=.00;
  MODEL:
  	!first-level equation
  	! assign process (A) to time points
  ia sa qa | a_01 AT time_01 ;
  ia sa qa | a_04 AT time_04 ;
  ia sa qa | a_05 AT time_05 ;
  	!variance of the first-level terms
  ia (v_ia);
  sa (v_sa);
  qa (v_qa);
  	!covariance among first-level terms
  ia WITH sa (c_iasa);
  ia WITH qa (c_iaqa);
  sa WITH qa (c_saqa);
  	!second-level equation
  ia sa qa ON age_c80
  edu_c7
  female
  sbp_c167;
  	!residual covariance of process (A)
  a_01 (res_a);
  a_04 (res_a);
  a_05 (res_a);	
  SAVEDATA:
  FILE is   u2_145_aefb_symbol_fscores.dat;
  SAVE = FSCORES;
  RESULTS are   u2_145_aefb_symbol_results.dat;
  	
  OUTPUT: sampstat cinterval;
  PLOT: Type is Plot1 Plot2 Plot3;



*** WARNING
  Data set contains cases with missing on x-variables.
  These cases were not included in the analysis.
  Number of cases with missing on x-variables:  92
*** WARNING
  Data set contains cases with missing on all variables except
  x-variables.  These cases were not included in the analysis.
  Number of cases with missing on all variables except x-variables:  147
   2 WARNING(S) FOUND IN THE INPUT INSTRUCTIONS




Script produced from the prototype in ./sandbox/syntax-creator/

SUMMARY OF ANALYSIS

Number of groups                                                 1
Number of observations                                         348

Number of dependent variables                                    3
Number of independent variables                                  4
Number of continuous latent variables                            3

Observed dependent variables

  Continuous
   A_01        A_04        A_05

Observed independent variables
   AGE_C80     EDU_C7      FEMALE      SBP_C167

Continuous latent variables
   IA          SA          QA

Variables with special functions

  Cluster variable      PAIRID
  Weight variable       _WEIGHT

  Time scores
   TIME_01     TIME_04     TIME_05


Estimator                                                      MLR
Information matrix                                        OBSERVED
Maximum number of iterations                                   100
Convergence criterion                                    0.100D-05
Maximum number of EM iterations                                500
Convergence criteria for the EM algorithm
  Loglikelihood change                                   0.100D-02
  Relative loglikelihood change                          0.100D-05
  Derivative                                             0.100D-03
Minimum variance                                         0.100D-03
Maximum number of steepest descent iterations                   20
Maximum number of iterations for H1                           2000
Convergence criterion for H1                             0.100D-03
Optimization algorithm                                         EMA

Input data file(s)
  wide-dataset.dat
Input data format  FREE



SAMPLE STATISTICS


     ESTIMATED SAMPLE STATISTICS


           Means
              A_01          A_04          A_05          AGE_C80       EDU_C7
              ________      ________      ________      ________      ________
 1             25.610        24.387        21.540         2.943         0.388


           Means
              FEMALE        SBP_C167
              ________      ________
 1              0.658        -4.917


           Covariances
              A_01          A_04          A_05          AGE_C80       EDU_C7
              ________      ________      ________      ________      ________
 A_01         110.327
 A_04          77.478       110.606
 A_05          66.053        82.350       106.487
 AGE_C80       -5.725        -6.074        -5.753         6.763
 EDU_C7         8.699         8.901         8.022        -0.341         5.617
 FEMALE         0.056         0.206        -0.128         0.068        -0.109
 SBP_C167      21.679       -22.373       -20.355        -3.355         0.183


           Covariances
              FEMALE        SBP_C167
              ________      ________
 FEMALE         0.225
 SBP_C167       0.885       481.507


           Correlations
              A_01          A_04          A_05          AGE_C80       EDU_C7
              ________      ________      ________      ________      ________
 A_01           1.000
 A_04           0.701         1.000
 A_05           0.609         0.759         1.000
 AGE_C80       -0.210        -0.222        -0.214         1.000
 EDU_C7         0.349         0.357         0.328        -0.055         1.000
 FEMALE         0.011         0.041        -0.026         0.055        -0.097
 SBP_C167       0.094        -0.097        -0.090        -0.059         0.004


           Correlations
              FEMALE        SBP_C167
              ________      ________
 FEMALE         1.000
 SBP_C167       0.085         1.000


     MAXIMUM LOG-LIKELIHOOD VALUE FOR THE UNRESTRICTED (H1) MODEL IS -7423.890


UNIVARIATE HIGHER-ORDER MOMENT DESCRIPTIVE STATISTICS


     UNIVARIATE HIGHER-ORDER MOMENT DESCRIPTIVE STATISTICS

         Variable/         Mean/     Skewness/   Minimum/ % with                Percentiles
        Sample Size      Variance    Kurtosis    Maximum  Min/Max      20%/60%    40%/80%    Median

     A_01                 25.628       0.090       0.000    3.10%      14.000     20.000     24.000
             451.000     111.096      -0.284      59.000    0.22%      27.000     34.000
     A_04                 26.151       0.168       0.000    8.16%      12.000     18.000     21.000
             196.000     114.944      -0.948      52.000    0.51%      26.000     36.000
     A_05                 23.686       0.467       0.000    7.86%      13.000     18.000     20.000
             140.000     105.758      -0.514      51.000    0.71%      22.000     32.000
     AGE_C80               2.943       1.129      -0.581    0.22%       0.847      1.529      2.112
             463.000       6.763       0.768      12.937    0.22%       2.715      5.081
     EDU_C7                0.388       2.054      -5.000    0.43%      -1.000     -1.000      0.000
             463.000       5.617       5.192      13.000    0.22%       0.000      1.000
     FEMALE                0.658      -0.666       0.000   34.77%       0.000      1.000      1.000
             463.000       0.225      -1.556       1.000   65.23%       1.000      1.000
     SBP_C167             -4.917       0.340     -57.000    0.65%     -27.000     -7.000     -7.000
             463.000     481.507       0.608      93.000    0.22%      -2.000     13.000


THE MODEL ESTIMATION TERMINATED NORMALLY



MODEL FIT INFORMATION

Number of Free Parameters                       22

Loglikelihood

          H0 Value                       -2160.598
          H0 Scaling Correction Factor      0.9548
            for MLR

Information Criteria

          Akaike (AIC)                    4365.195
          Bayesian (BIC)                  4449.944
          Sample-Size Adjusted BIC        4380.153
            (n* = (n + 2) / 24)



MODEL RESULTS

                                                    Two-Tailed
                    Estimate       S.E.  Est./S.E.    P-Value

 IA         ON
    AGE_C80           -0.761      0.224     -3.398      0.001
    EDU_C7             1.523      0.198      7.686      0.000
    FEMALE             1.067      1.169      0.913      0.361
    SBP_C167           0.037      0.026      1.455      0.146

 SA         ON
    AGE_C80           -0.068      0.172     -0.393      0.694
    EDU_C7             0.069      0.167      0.414      0.679
    FEMALE             1.039      0.737      1.410      0.159
    SBP_C167          -0.031      0.012     -2.502      0.012

 QA         ON
    AGE_C80            0.008      0.023      0.344      0.731
    EDU_C7            -0.010      0.024     -0.428      0.669
    FEMALE            -0.139      0.101     -1.377      0.169
    SBP_C167           0.002      0.002      1.493      0.135

 IA       WITH
    SA                -0.105      4.617     -0.023      0.982
    QA                -0.348      0.553     -0.629      0.529

 SA       WITH
    QA                -0.409      0.683     -0.598      0.550

 Intercepts
    A_01               0.000      0.000    999.000    999.000
    A_04               0.000      0.000    999.000    999.000
    A_05               0.000      0.000    999.000    999.000
    IA                26.739      1.175     22.759      0.000
    SA                 0.060      0.654      0.092      0.927
    QA                -0.069      0.089     -0.771      0.440

 Residual Variances
    A_01              18.794      8.587      2.189      0.029
    A_04              18.794      8.587      2.189      0.029
    A_05              18.794      8.587      2.189      0.029
    IA                73.104     10.497      6.965      0.000
    SA                 3.483      5.487      0.635      0.526
    QA                 0.058      0.089      0.655      0.512


QUALITY OF NUMERICAL RESULTS

     Condition Number for the Information Matrix              0.542E-07
       (ratio of smallest to largest eigenvalue)


CONFIDENCE INTERVALS OF MODEL RESULTS

                  Lower .5%  Lower 2.5%    Lower 5%    Estimate    Upper 5%  Upper 2.5%   Upper .5%

 IA       ON
    AGE_C80         -1.338      -1.201      -1.130      -0.761      -0.393      -0.322      -0.184
    EDU_C7           1.012       1.134       1.197       1.523       1.849       1.911       2.033
    FEMALE          -1.944      -1.224      -0.856       1.067       2.990       3.358       4.078
    SBP_C167        -0.029      -0.013      -0.005       0.037       0.079       0.087       0.103

 SA       ON
    AGE_C80         -0.512      -0.406      -0.351      -0.068       0.216       0.270       0.376
    EDU_C7          -0.362      -0.259      -0.206       0.069       0.344       0.397       0.500
    FEMALE          -0.860      -0.406      -0.173       1.039       2.252       2.485       2.939
    SBP_C167        -0.063      -0.055      -0.051      -0.031      -0.011      -0.007       0.001

 QA       ON
    AGE_C80         -0.051      -0.037      -0.030       0.008       0.046       0.053       0.067
    EDU_C7          -0.071      -0.057      -0.049      -0.010       0.029       0.036       0.051
    FEMALE          -0.398      -0.336      -0.304      -0.139       0.027       0.059       0.121
    SBP_C167        -0.002      -0.001       0.000       0.002       0.005       0.006       0.007

 IA       WITH
    SA             -11.996      -9.154      -7.699      -0.105       7.490       8.944      11.787
    QA              -1.771      -1.431      -1.257      -0.348       0.561       0.735       1.076

 SA       WITH
    QA              -2.168      -1.747      -1.532      -0.409       0.715       0.930       1.351

 Intercepts
    A_01             0.000       0.000       0.000       0.000       0.000       0.000       0.000
    A_04             0.000       0.000       0.000       0.000       0.000       0.000       0.000
    A_05             0.000       0.000       0.000       0.000       0.000       0.000       0.000
    IA              23.713      24.437      24.807      26.739      28.672      29.042      29.766
    SA              -1.625      -1.222      -1.016       0.060       1.136       1.342       1.745
    QA              -0.297      -0.243      -0.215      -0.069       0.078       0.106       0.160

 Residual Variances
    A_01            -3.324       1.964       4.669      18.794      32.920      35.625      40.912
    A_04            -3.324       1.964       4.669      18.794      32.920      35.625      40.912
    A_05            -3.324       1.964       4.669      18.794      32.920      35.625      40.912
    IA              46.067      52.530      55.837      73.104      90.371      93.677     100.141
    SA             -10.650      -7.272      -5.543       3.483      12.509      14.237      17.616
    QA              -0.170      -0.116      -0.088       0.058       0.204       0.232       0.286


SAMPLE STATISTICS FOR ESTIMATED FACTOR SCORES


     SAMPLE STATISTICS


           Means
              IA            IA_SE         SA            SA_SE         QA
              ________      ________      ________      ________      ________
 1             23.691         3.744         0.616         1.771        -0.139


           Means
              QA_SE
              ________
 1              0.229


           Covariances
              IA            IA_SE         SA            SA_SE         QA
              ________      ________      ________      ________      ________
 IA            90.082
 IA_SE         -0.596         0.157
 SA             1.385        -0.009         1.112
 SA_SE         -0.220         0.021         0.004         0.013
 QA            -0.475         0.004        -0.106         0.001         0.013
 QA_SE         -0.026         0.002        -0.001         0.001         0.000


           Covariances
              QA_SE
              ________
 QA_SE          0.000


           Correlations
              IA            IA_SE         SA            SA_SE         QA
              ________      ________      ________      ________      ________
 IA             1.000
 IA_SE         -0.159         1.000
 SA             0.138        -0.022         1.000
 SA_SE         -0.207         0.474         0.033         1.000
 QA            -0.432         0.077        -0.864         0.098         1.000
 QA_SE         -0.223         0.371        -0.068         0.912         0.184


           Correlations
              QA_SE
              ________
 QA_SE          1.000


RESULTS SAVING INFORMATION

  Order of data

    Parameter estimates
     (saved in order shown in Technical 1 output)
    Standard errors
     (saved in order shown in Technical 1 output)
    H0 Loglikelihood
    H0 Scaling Correction Factor for MLR
    Number of Free Parameters
    Akaike (AIC)
    Bayesian (BIC)
    Sample-Size Adjusted BIC

  Save file
    u2_145_aefb_symbol_results.dat

  Save file format           Free


PLOT INFORMATION

The following plots are available:

  Histograms (sample values, estimated factor scores)
  Scatterplots (sample values, estimated factor scores)
  Latent variable distribution plots

SAVEDATA INFORMATION


  Save file
    u2_145_aefb_symbol_fscores.dat

  Order and format of variables

    A_01           F10.3
    A_04           F10.3
    A_05           F10.3
    AGE_C80        F10.3
    EDU_C7         F10.3
    FEMALE         F10.3
    SBP_C167       F10.3
    TIME_01        F10.3
    TIME_04        F10.3
    TIME_05        F10.3
    _WEIGHT        F10.3
    IA             F10.3
    IA_SE          F10.3
    SA             F10.3
    SA_SE          F10.3
    QA             F10.3
    QA_SE          F10.3
    PAIRID         I5

  Save file format
    17F10.3 I5

  Save file record length    10000


     Beginning Time:  18:19:41
        Ending Time:  18:19:46
       Elapsed Time:  00:00:05



MUTHEN & MUTHEN
3463 Stoner Ave.
Los Angeles, CA  90066

Tel: (310) 391-9971
Fax: (310) 391-8971
Web: www.StatModel.com
Support: Support@StatModel.com

Copyright (c) 1998-2014 Muthen & Muthen
