Mplus VERSION 7.3
MUTHEN & MUTHEN
12/17/2016  12:07 PM

INPUT INSTRUCTIONS

  TITLE:
  Script produced from the prototype in ./sandbox/syntax-creator/
  DATA:
  File = wide-dataset.dat ;
  VARIABLE:
  NAMES are
   Case PairID female age_c80 edu_c7 sbp_c167 smoke cardio diabetes dementia_ever
      years_since_bl_01 years_since_bl_02 years_since_bl_03 years_since_bl_04
      years_since_bl_05 pef_01 pef_02 pef_03 pef_04 pef_05 grip_01 grip_02 grip_03
      grip_04 grip_05 gait_01 gait_02 gait_03 gait_04 gait_05 block_01 block_02
      block_03 block_04 block_05 digitspanbackward_01 digitspanbackward_02
      digitspanbackward_03 digitspanbackward_04 digitspanbackward_05
      digitspanforward_01 digitspanforward_02 digitspanforward_03 digitspanforward_04
      digitspanforward_05 symbol_01 symbol_02 symbol_03 symbol_04 symbol_05 prose_01
      prose_02 prose_03 prose_04 prose_05 info_01 info_02 info_03 info_04 info_05
      synonyms_01 synonyms_02 synonyms_03 synonyms_04 synonyms_05 psif_01 psif_02
      psif_03 psif_04 psif_05 figure_01 figure_02 figure_03 figure_04 figure_05
      mirrecall_01 mirrecall_02 mirrecall_03 mirrecall_04 mirrecall_05 mmse_01 mmse_02
      mmse_03 mmse_04 mmse_05 mirnaming_01 mirnaming_02 mirnaming_03 mirnaming_04
      mirnaming_05 mirrecog_01 mirrecog_02 mirrecog_03 mirrecog_04 mirrecog_05
      clock_01 clock_02 clock_03 clock_04 clock_05
  	;
  Missing are all (-9999);
  USEVARIABLES are
  	!define the variables used in the analysis
  	! covariates used in the model
  age_c80
  edu_c7
  female
  sbp_c167	
  	!estimated time points
  time_01
  time_03
  time_04
  time_05
  	!modelled time points of process (A)
  a_01
  a_03
  a_04
  a_05
  ;
  TSCORES are
  	!estimated time points
  time_01
  time_03
  time_04
  time_05;
  CLUSTER = PairID;
  SUBPOPULATION are
  	!select a subset of observations
  dementia_ever NE 1
  ;
  DEFINE:
  	! assign variables to the process (A)
  a_01 = symbol_01;
  a_03 = symbol_03;
  a_04 = symbol_04;
  a_05 = symbol_05;
  	!assign variables to time points
  time_01 = years_since_bl_01;
  time_03 = years_since_bl_03;
  time_04 = years_since_bl_04;
  time_05 = years_since_bl_05;
  	
  ANALYSIS: TYPE = RANDOM COMPLEX;
  COVERAGE=.00;
  MODEL:
  	!first-level equation
  	! assign process (A) to time points
  ia sa qa | a_01 AT time_01 ;
  ia sa qa | a_03 AT time_03 ;
  ia sa qa | a_04 AT time_04 ;
  ia sa qa | a_05 AT time_05 ;
  	!variance of the first-level terms
  ia (v_ia);
  sa (v_sa);
  qa (v_qa);
  	!covariance among first-level terms
  ia WITH sa (c_iasa);
  ia WITH qa (c_iaqa);
  sa WITH qa (c_saqa);
  	!second-level equation
  ia sa qa ON age_c80
  edu_c7
  female
  sbp_c167;
  	!residual covariance of process (A)
  a_01 (res_a);
  a_03 (res_a);
  a_04 (res_a);
  a_05 (res_a);	
  SAVEDATA:
  FILE is   u2_1345_aefb_symbol_fscores.dat;
  SAVE = FSCORES;
  RESULTS are   u2_1345_aefb_symbol_results.dat;
  	
  OUTPUT: sampstat cinterval;
  PLOT: Type is Plot1 Plot2 Plot3;



*** WARNING
  Data set contains cases with missing on x-variables.
  These cases were not included in the analysis.
  Number of cases with missing on x-variables:  92
*** WARNING
  Data set contains cases with missing on all variables except
  x-variables.  These cases were not included in the analysis.
  Number of cases with missing on all variables except x-variables:  135
   2 WARNING(S) FOUND IN THE INPUT INSTRUCTIONS




Script produced from the prototype in ./sandbox/syntax-creator/

SUMMARY OF ANALYSIS

Number of groups                                                 1
Number of observations                                         356

Number of dependent variables                                    4
Number of independent variables                                  4
Number of continuous latent variables                            3

Observed dependent variables

  Continuous
   A_01        A_03        A_04        A_05

Observed independent variables
   AGE_C80     EDU_C7      FEMALE      SBP_C167

Continuous latent variables
   IA          SA          QA

Variables with special functions

  Cluster variable      PAIRID
  Weight variable       _WEIGHT

  Time scores
   TIME_01     TIME_03     TIME_04     TIME_05


Estimator                                                      MLR
Information matrix                                        OBSERVED
Maximum number of iterations                                   100
Convergence criterion                                    0.100D-05
Maximum number of EM iterations                                500
Convergence criteria for the EM algorithm
  Loglikelihood change                                   0.100D-02
  Relative loglikelihood change                          0.100D-05
  Derivative                                             0.100D-03
Minimum variance                                         0.100D-03
Maximum number of steepest descent iterations                   20
Maximum number of iterations for H1                           2000
Convergence criterion for H1                             0.100D-03
Optimization algorithm                                         EMA

Input data file(s)
  wide-dataset.dat
Input data format  FREE



SAMPLE STATISTICS


     ESTIMATED SAMPLE STATISTICS


           Means
              A_01          A_03          A_04          A_05          AGE_C80
              ________      ________      ________      ________      ________
 1             25.461        25.562        23.915        21.124         2.955


           Means
              EDU_C7        FEMALE        SBP_C167
              ________      ________      ________
 1              0.354         0.649        -4.739


           Covariances
              A_01          A_03          A_04          A_05          AGE_C80
              ________      ________      ________      ________      ________
 A_01         110.092
 A_03          80.731       105.783
 A_04          78.329        81.325       112.782
 A_05          66.146        70.843        84.020       107.332
 AGE_C80       -5.845        -4.358        -5.457        -5.132         6.748
 EDU_C7         8.758         8.773         8.913         7.907        -0.390
 FEMALE         0.138         0.185         0.272        -0.055         0.063
 SBP_C167      19.195       -13.413       -26.800       -23.580        -3.173


           Covariances
              EDU_C7        FEMALE        SBP_C167
              ________      ________      ________
 EDU_C7         5.577
 FEMALE        -0.092         0.228
 SBP_C167      -0.309         1.019       498.890


           Correlations
              A_01          A_03          A_04          A_05          AGE_C80
              ________      ________      ________      ________      ________
 A_01           1.000
 A_03           0.748         1.000
 A_04           0.703         0.745         1.000
 A_05           0.608         0.665         0.764         1.000
 AGE_C80       -0.214        -0.163        -0.198        -0.191         1.000
 EDU_C7         0.353         0.361         0.355         0.323        -0.064
 FEMALE         0.028         0.038         0.054        -0.011         0.051
 SBP_C167       0.082        -0.058        -0.113        -0.102        -0.055


           Correlations
              EDU_C7        FEMALE        SBP_C167
              ________      ________      ________
 EDU_C7         1.000
 FEMALE        -0.082         1.000
 SBP_C167      -0.006         0.096         1.000


     MAXIMUM LOG-LIKELIHOOD VALUE FOR THE UNRESTRICTED (H1) MODEL IS -8488.060


UNIVARIATE HIGHER-ORDER MOMENT DESCRIPTIVE STATISTICS


     UNIVARIATE HIGHER-ORDER MOMENT DESCRIPTIVE STATISTICS

         Variable/         Mean/     Skewness/   Minimum/ % with                Percentiles
        Sample Size      Variance    Kurtosis    Maximum  Min/Max      20%/60%    40%/80%    Median

     A_01                 25.628       0.090       0.000    3.10%      14.000     20.000     24.000
             451.000     111.096      -0.284      59.000    0.22%      27.000     34.000
     A_03                 26.500       0.182       0.000    5.28%      13.000     19.000     22.000
             284.000     110.465      -0.750      56.000    0.35%      26.000     34.000
     A_04                 26.151       0.168       0.000    8.16%      12.000     18.000     21.000
             196.000     114.944      -0.948      52.000    0.51%      26.000     36.000
     A_05                 23.686       0.467       0.000    7.86%      13.000     18.000     20.000
             140.000     105.758      -0.514      51.000    0.71%      22.000     32.000
     AGE_C80               2.955       1.113      -0.581    0.21%       0.853      1.582      2.135
             475.000       6.748       0.718      13.313    0.21%       2.726      5.153
     EDU_C7                0.354       2.051      -5.000    0.42%      -1.000     -1.000     -1.000
             475.000       5.577       5.275      13.000    0.21%       0.000      1.000
     FEMALE                0.649      -0.624       0.000   35.16%       0.000      1.000      1.000
             475.000       0.228      -1.611       1.000   64.84%       1.000      1.000
     SBP_C167             -4.739       0.378     -57.000    0.84%     -27.000     -7.000     -7.000
             475.000     498.890       0.776      93.000    0.21%       3.000     13.000


THE MODEL ESTIMATION TERMINATED NORMALLY



MODEL FIT INFORMATION

Number of Free Parameters                       22

Loglikelihood

          H0 Value                       -2858.318
          H0 Scaling Correction Factor      0.9789
            for MLR

Information Criteria

          Akaike (AIC)                    5760.636
          Bayesian (BIC)                  5845.884
          Sample-Size Adjusted BIC        5776.090
            (n* = (n + 2) / 24)



MODEL RESULTS

                                                    Two-Tailed
                    Estimate       S.E.  Est./S.E.    P-Value

 IA         ON
    AGE_C80           -0.767      0.221     -3.467      0.001
    EDU_C7             1.535      0.196      7.820      0.000
    FEMALE             1.249      1.144      1.092      0.275
    SBP_C167           0.032      0.025      1.295      0.195

 SA         ON
    AGE_C80            0.055      0.091      0.606      0.544
    EDU_C7             0.038      0.085      0.447      0.655
    FEMALE             0.482      0.424      1.137      0.255
    SBP_C167          -0.024      0.009     -2.571      0.010

 QA         ON
    AGE_C80           -0.006      0.013     -0.480      0.631
    EDU_C7            -0.006      0.012     -0.513      0.608
    FEMALE            -0.065      0.057     -1.147      0.251
    SBP_C167           0.002      0.001      1.345      0.179

 IA       WITH
    SA                 0.490      2.084      0.235      0.814
    QA                -0.320      0.297     -1.078      0.281

 SA       WITH
    QA                -0.093      0.138     -0.677      0.498

 Intercepts
    A_01               0.000      0.000    999.000    999.000
    A_03               0.000      0.000    999.000    999.000
    A_04               0.000      0.000    999.000    999.000
    A_05               0.000      0.000    999.000    999.000
    IA                26.528      1.153     23.015      0.000
    SA                 0.018      0.406      0.044      0.965
    QA                -0.074      0.053     -1.386      0.166

 Residual Variances
    A_01              23.705      2.692      8.804      0.000
    A_03              23.705      2.692      8.804      0.000
    A_04              23.705      2.692      8.804      0.000
    A_05              23.705      2.692      8.804      0.000
    IA                67.598      6.967      9.703      0.000
    SA                 0.775      1.056      0.734      0.463
    QA                 0.020      0.019      1.047      0.295


QUALITY OF NUMERICAL RESULTS

     Condition Number for the Information Matrix              0.610E-06
       (ratio of smallest to largest eigenvalue)


CONFIDENCE INTERVALS OF MODEL RESULTS

                  Lower .5%  Lower 2.5%    Lower 5%    Estimate    Upper 5%  Upper 2.5%   Upper .5%

 IA       ON
    AGE_C80         -1.337      -1.201      -1.131      -0.767      -0.403      -0.333      -0.197
    EDU_C7           1.030       1.151       1.212       1.535       1.858       1.920       2.041
    FEMALE          -1.699      -0.994      -0.633       1.249       3.132       3.493       4.197
    SBP_C167        -0.032      -0.017      -0.009       0.032       0.074       0.082       0.097

 SA       ON
    AGE_C80         -0.179      -0.123      -0.095       0.055       0.205       0.234       0.290
    EDU_C7          -0.181      -0.128      -0.102       0.038       0.178       0.204       0.257
    FEMALE          -0.610      -0.349      -0.215       0.482       1.179       1.312       1.573
    SBP_C167        -0.048      -0.042      -0.039      -0.024      -0.009      -0.006       0.000

 QA       ON
    AGE_C80         -0.040      -0.032      -0.027      -0.006       0.015       0.019       0.027
    EDU_C7          -0.038      -0.031      -0.027      -0.006       0.014       0.018       0.026
    FEMALE          -0.212      -0.177      -0.159      -0.065       0.028       0.046       0.081
    SBP_C167        -0.001      -0.001       0.000       0.002       0.004       0.004       0.005

 IA       WITH
    SA              -4.877      -3.594      -2.938       0.490       3.918       4.575       5.858
    QA              -1.084      -0.901      -0.808      -0.320       0.168       0.262       0.444

 SA       WITH
    QA              -0.447      -0.363      -0.319      -0.093       0.133       0.176       0.261

 Intercepts
    A_01             0.000       0.000       0.000       0.000       0.000       0.000       0.000
    A_03             0.000       0.000       0.000       0.000       0.000       0.000       0.000
    A_04             0.000       0.000       0.000       0.000       0.000       0.000       0.000
    A_05             0.000       0.000       0.000       0.000       0.000       0.000       0.000
    IA              23.559      24.269      24.632      26.528      28.424      28.787      29.497
    SA              -1.027      -0.777      -0.649       0.018       0.685       0.813       1.063
    QA              -0.211      -0.178      -0.161      -0.074       0.014       0.031       0.063

 Residual Variances
    A_01            16.770      18.428      19.276      23.705      28.134      28.982      30.640
    A_03            16.770      18.428      19.276      23.705      28.134      28.982      30.640
    A_04            16.770      18.428      19.276      23.705      28.134      28.982      30.640
    A_05            16.770      18.428      19.276      23.705      28.134      28.982      30.640
    IA              49.654      53.944      56.138      67.598      79.058      81.253      85.543
    SA              -1.946      -1.295      -0.963       0.775       2.513       2.845       3.496
    QA              -0.029      -0.017      -0.011       0.020       0.051       0.057       0.069


SAMPLE STATISTICS FOR ESTIMATED FACTOR SCORES


     SAMPLE STATISTICS


           Means
              IA            IA_SE         SA            SA_SE         QA
              ________      ________      ________      ________      ________
 1             23.308         3.665         0.564         0.851        -0.139


           Means
              QA_SE
              ________
 1              0.131


           Covariances
              IA            IA_SE         SA            SA_SE         QA
              ________      ________      ________      ________      ________
 IA            86.357
 IA_SE         -1.076         0.257
 SA             0.744         0.011         0.411
 SA_SE         -0.039         0.010         0.001         0.001
 QA            -0.288         0.004        -0.035         0.000         0.005
 QA_SE         -0.016         0.002         0.000         0.000         0.000


           Covariances
              QA_SE
              ________
 QA_SE          0.000


           Correlations
              IA            IA_SE         SA            SA_SE         QA
              ________      ________      ________      ________      ________
 IA             1.000
 IA_SE         -0.229         1.000
 SA             0.125         0.034         1.000
 SA_SE         -0.186         0.901         0.069         1.000
 QA            -0.421         0.100        -0.741         0.074         1.000
 QA_SE         -0.244         0.635        -0.085         0.726         0.196


           Correlations
              QA_SE
              ________
 QA_SE          1.000


RESULTS SAVING INFORMATION

  Order of data

    Parameter estimates
     (saved in order shown in Technical 1 output)
    Standard errors
     (saved in order shown in Technical 1 output)
    H0 Loglikelihood
    H0 Scaling Correction Factor for MLR
    Number of Free Parameters
    Akaike (AIC)
    Bayesian (BIC)
    Sample-Size Adjusted BIC

  Save file
    u2_1345_aefb_symbol_results.dat

  Save file format           Free


PLOT INFORMATION

The following plots are available:

  Histograms (sample values, estimated factor scores)
  Scatterplots (sample values, estimated factor scores)
  Latent variable distribution plots

SAVEDATA INFORMATION


  Save file
    u2_1345_aefb_symbol_fscores.dat

  Order and format of variables

    A_01           F10.3
    A_03           F10.3
    A_04           F10.3
    A_05           F10.3
    AGE_C80        F10.3
    EDU_C7         F10.3
    FEMALE         F10.3
    SBP_C167       F10.3
    TIME_01        F10.3
    TIME_03        F10.3
    TIME_04        F10.3
    TIME_05        F10.3
    _WEIGHT        F10.3
    IA             F10.3
    IA_SE          F10.3
    SA             F10.3
    SA_SE          F10.3
    QA             F10.3
    QA_SE          F10.3
    PAIRID         I6

  Save file format
    19F10.3 I6

  Save file record length    10000


     Beginning Time:  12:07:09
        Ending Time:  12:07:15
       Elapsed Time:  00:00:06



MUTHEN & MUTHEN
3463 Stoner Ave.
Los Angeles, CA  90066

Tel: (310) 391-9971
Fax: (310) 391-8971
Web: www.StatModel.com
Support: Support@StatModel.com

Copyright (c) 1998-2014 Muthen & Muthen
