Mplus VERSION 7.3
MUTHEN & MUTHEN
12/17/2016   6:14 PM

INPUT INSTRUCTIONS

  TITLE:
  Script produced from the prototype in ./sandbox/syntax-creator/
  DATA:
  File = wide-dataset.dat ;
  VARIABLE:
  NAMES are
   Case PairID female age_c80 edu_c7 sbp_c167 smoke cardio diabetes dementia_ever
      years_since_bl_01 years_since_bl_02 years_since_bl_03 years_since_bl_04
      years_since_bl_05 pef_01 pef_02 pef_03 pef_04 pef_05 grip_01 grip_02 grip_03
      grip_04 grip_05 gait_01 gait_02 gait_03 gait_04 gait_05 block_01 block_02
      block_03 block_04 block_05 digitspanbackward_01 digitspanbackward_02
      digitspanbackward_03 digitspanbackward_04 digitspanbackward_05
      digitspanforward_01 digitspanforward_02 digitspanforward_03 digitspanforward_04
      digitspanforward_05 symbol_01 symbol_02 symbol_03 symbol_04 symbol_05 prose_01
      prose_02 prose_03 prose_04 prose_05 info_01 info_02 info_03 info_04 info_05
      synonyms_01 synonyms_02 synonyms_03 synonyms_04 synonyms_05 psif_01 psif_02
      psif_03 psif_04 psif_05 figure_01 figure_02 figure_03 figure_04 figure_05
      mirrecall_01 mirrecall_02 mirrecall_03 mirrecall_04 mirrecall_05 mmse_01 mmse_02
      mmse_03 mmse_04 mmse_05 mirnaming_01 mirnaming_02 mirnaming_03 mirnaming_04
      mirnaming_05 mirrecog_01 mirrecog_02 mirrecog_03 mirrecog_04 mirrecog_05
      clock_01 clock_02 clock_03 clock_04 clock_05
  	;
  Missing are all (-9999);
  USEVARIABLES are
  	!define the variables used in the analysis
  	! covariates used in the model
  age_c80
  edu_c7
  female
  sbp_c167	
  	!estimated time points
  time_01
  time_02
  time_05
  	!modelled time points of process (A)
  a_01
  a_02
  a_05
  ;
  TSCORES are
  	!estimated time points
  time_01
  time_02
  time_05;
  CLUSTER = PairID;
  SUBPOPULATION are
  	!select a subset of observations
  dementia_ever NE 1
  ;
  DEFINE:
  	! assign variables to the process (A)
  a_01 = symbol_01;
  a_02 = symbol_02;
  a_05 = symbol_05;
  	!assign variables to time points
  time_01 = years_since_bl_01;
  time_02 = years_since_bl_02;
  time_05 = years_since_bl_05;
  	
  ANALYSIS: TYPE = RANDOM COMPLEX;
  COVERAGE=.00;
  MODEL:
  	!first-level equation
  	! assign process (A) to time points
  ia sa qa | a_01 AT time_01 ;
  ia sa qa | a_02 AT time_02 ;
  ia sa qa | a_05 AT time_05 ;
  	!variance of the first-level terms
  ia (v_ia);
  sa (v_sa);
  qa (v_qa);
  	!covariance among first-level terms
  ia WITH sa (c_iasa);
  ia WITH qa (c_iaqa);
  sa WITH qa (c_saqa);
  	!second-level equation
  ia sa qa ON age_c80
  edu_c7
  female
  sbp_c167;
  	!residual covariance of process (A)
  a_01 (res_a);
  a_02 (res_a);
  a_05 (res_a);	
  SAVEDATA:
  FILE is   u2_125_aefb_symbol_fscores.dat;
  SAVE = FSCORES;
  RESULTS are   u2_125_aefb_symbol_results.dat;
  	
  OUTPUT: sampstat cinterval;
  PLOT: Type is Plot1 Plot2 Plot3;



*** WARNING
  Data set contains cases with missing on x-variables.
  These cases were not included in the analysis.
  Number of cases with missing on x-variables:  92
*** WARNING
  Data set contains cases with missing on all variables except
  x-variables.  These cases were not included in the analysis.
  Number of cases with missing on all variables except x-variables:  120
   2 WARNING(S) FOUND IN THE INPUT INSTRUCTIONS




Script produced from the prototype in ./sandbox/syntax-creator/

SUMMARY OF ANALYSIS

Number of groups                                                 1
Number of observations                                         364

Number of dependent variables                                    3
Number of independent variables                                  4
Number of continuous latent variables                            3

Observed dependent variables

  Continuous
   A_01        A_02        A_05

Observed independent variables
   AGE_C80     EDU_C7      FEMALE      SBP_C167

Continuous latent variables
   IA          SA          QA

Variables with special functions

  Cluster variable      PAIRID
  Weight variable       _WEIGHT

  Time scores
   TIME_01     TIME_02     TIME_05


Estimator                                                      MLR
Information matrix                                        OBSERVED
Maximum number of iterations                                   100
Convergence criterion                                    0.100D-05
Maximum number of EM iterations                                500
Convergence criteria for the EM algorithm
  Loglikelihood change                                   0.100D-02
  Relative loglikelihood change                          0.100D-05
  Derivative                                             0.100D-03
Minimum variance                                         0.100D-03
Maximum number of steepest descent iterations                   20
Maximum number of iterations for H1                           2000
Convergence criterion for H1                             0.100D-03
Optimization algorithm                                         EMA

Input data file(s)
  wide-dataset.dat
Input data format  FREE



SAMPLE STATISTICS


     ESTIMATED SAMPLE STATISTICS


           Means
              A_01          A_02          A_05          AGE_C80       EDU_C7
              ________      ________      ________      ________      ________
 1             25.305        25.202        21.131         2.975         0.368


           Means
              FEMALE        SBP_C167
              ________      ________
 1              0.659        -5.146


           Covariances
              A_01          A_02          A_05          AGE_C80       EDU_C7
              ________      ________      ________      ________      ________
 A_01         111.591
 A_02          82.669       103.082
 A_05          63.364        66.555       105.079
 AGE_C80       -6.028        -4.587        -6.543         6.694
 EDU_C7         8.579         7.430         7.576        -0.309         5.513
 FEMALE         0.101         0.392        -0.155         0.063        -0.092
 SBP_C167      21.610         4.053       -14.253        -3.243        -0.065


           Covariances
              FEMALE        SBP_C167
              ________      ________
 FEMALE         0.225
 SBP_C167       0.851       495.943


           Correlations
              A_01          A_02          A_05          AGE_C80       EDU_C7
              ________      ________      ________      ________      ________
 A_01           1.000
 A_02           0.771         1.000
 A_05           0.585         0.639         1.000
 AGE_C80       -0.221        -0.175        -0.247         1.000
 EDU_C7         0.346         0.312         0.315        -0.051         1.000
 FEMALE         0.020         0.081        -0.032         0.051        -0.082
 SBP_C167       0.092         0.018        -0.062        -0.056        -0.001


           Correlations
              FEMALE        SBP_C167
              ________      ________
 FEMALE         1.000
 SBP_C167       0.081         1.000


     MAXIMUM LOG-LIKELIHOOD VALUE FOR THE UNRESTRICTED (H1) MODEL IS -8243.279


UNIVARIATE HIGHER-ORDER MOMENT DESCRIPTIVE STATISTICS


     UNIVARIATE HIGHER-ORDER MOMENT DESCRIPTIVE STATISTICS

         Variable/         Mean/     Skewness/   Minimum/ % with                Percentiles
        Sample Size      Variance    Kurtosis    Maximum  Min/Max      20%/60%    40%/80%    Median

     A_01                 25.628       0.090       0.000    3.10%      14.000     20.000     24.000
             451.000     111.096      -0.284      59.000    0.22%      27.000     34.000
     A_02                 25.937       0.208       0.000    2.53%      13.000     20.000     23.000
             356.000     105.112      -0.553      58.000    0.28%      27.000     34.000
     A_05                 23.686       0.467       0.000    7.86%      13.000     18.000     20.000
             140.000     105.758      -0.514      51.000    0.71%      22.000     32.000
     AGE_C80               2.975       1.104      -0.581    0.20%       0.853      1.585      2.119
             490.000       6.694       0.714      13.313    0.20%       2.768      5.093
     EDU_C7                0.368       2.058      -5.000    0.20%      -1.000     -1.000     -1.000
             490.000       5.513       5.237      13.000    0.20%       0.000      1.000
     FEMALE                0.659      -0.672       0.000   34.69%       0.000      1.000      1.000
             490.000       0.225      -1.548       1.000   65.31%       1.000      1.000
     SBP_C167             -5.146       0.407     -57.000    0.82%     -27.000     -7.000     -7.000
             490.000     495.943       0.787      93.000    0.20%      -2.000     13.000


THE MODEL ESTIMATION TERMINATED NORMALLY



MODEL FIT INFORMATION

Number of Free Parameters                       22

Loglikelihood

          H0 Value                       -2546.764
          H0 Scaling Correction Factor      0.9920
            for MLR

Information Criteria

          Akaike (AIC)                    5137.529
          Bayesian (BIC)                  5223.266
          Sample-Size Adjusted BIC        5153.469
            (n* = (n + 2) / 24)



MODEL RESULTS

                                                    Two-Tailed
                    Estimate       S.E.  Est./S.E.    P-Value

 IA         ON
    AGE_C80           -0.819      0.229     -3.580      0.000
    EDU_C7             1.535      0.198      7.744      0.000
    FEMALE             1.144      1.164      0.982      0.326
    SBP_C167           0.037      0.025      1.454      0.146

 SA         ON
    AGE_C80            0.113      0.114      0.992      0.321
    EDU_C7            -0.116      0.102     -1.137      0.255
    FEMALE             0.952      0.502      1.897      0.058
    SBP_C167          -0.021      0.011     -1.910      0.056

 QA         ON
    AGE_C80           -0.016      0.014     -1.123      0.261
    EDU_C7             0.011      0.013      0.893      0.372
    FEMALE            -0.133      0.062     -2.132      0.033
    SBP_C167           0.002      0.001      1.183      0.237

 IA       WITH
    SA                -3.583      7.218     -0.496      0.620
    QA                 0.017      0.751      0.023      0.982

 SA       WITH
    QA                -0.432      0.982     -0.440      0.660

 Intercepts
    A_01               0.000      0.000    999.000    999.000
    A_02               0.000      0.000    999.000    999.000
    A_05               0.000      0.000    999.000    999.000
    IA                26.603      1.157     22.994      0.000
    SA                -0.900      0.462     -1.946      0.052
    QA                 0.058      0.059      0.980      0.327

 Residual Variances
    A_01              18.238     10.697      1.705      0.088
    A_02              18.238     10.697      1.705      0.088
    A_05              18.238     10.697      1.705      0.088
    IA                74.226     12.682      5.853      0.000
    SA                 4.306      8.758      0.492      0.623
    QA                 0.053      0.114      0.466      0.641


QUALITY OF NUMERICAL RESULTS

     Condition Number for the Information Matrix              0.838E-07
       (ratio of smallest to largest eigenvalue)


CONFIDENCE INTERVALS OF MODEL RESULTS

                  Lower .5%  Lower 2.5%    Lower 5%    Estimate    Upper 5%  Upper 2.5%   Upper .5%

 IA       ON
    AGE_C80         -1.407      -1.267      -1.195      -0.819      -0.442      -0.370      -0.230
    EDU_C7           1.024       1.146       1.209       1.535       1.861       1.923       2.045
    FEMALE          -1.855      -1.138      -0.771       1.144       3.059       3.426       4.143
    SBP_C167        -0.028      -0.013      -0.005       0.037       0.078       0.086       0.101

 SA       ON
    AGE_C80         -0.180      -0.110      -0.074       0.113       0.300       0.336       0.406
    EDU_C7          -0.380      -0.317      -0.285      -0.116       0.052       0.084       0.147
    FEMALE          -0.340      -0.031       0.127       0.952       1.778       1.936       2.245
    SBP_C167        -0.049      -0.043      -0.039      -0.021      -0.003       0.001       0.007

 QA       ON
    AGE_C80         -0.052      -0.044      -0.039      -0.016       0.007       0.012       0.021
    EDU_C7          -0.022      -0.014      -0.010       0.011       0.033       0.037       0.044
    FEMALE          -0.294      -0.255      -0.235      -0.133      -0.030      -0.011       0.028
    SBP_C167        -0.002      -0.001      -0.001       0.002       0.004       0.004       0.005

 IA       WITH
    SA             -22.176     -17.731     -15.458      -3.583       8.291      10.565      15.010
    QA              -1.917      -1.455      -1.218       0.017       1.252       1.489       1.952

 SA       WITH
    QA              -2.962      -2.357      -2.048      -0.432       1.183       1.493       2.097

 Intercepts
    A_01             0.000       0.000       0.000       0.000       0.000       0.000       0.000
    A_02             0.000       0.000       0.000       0.000       0.000       0.000       0.000
    A_05             0.000       0.000       0.000       0.000       0.000       0.000       0.000
    IA              23.623      24.335      24.700      26.603      28.506      28.871      29.583
    SA              -2.090      -1.806      -1.660      -0.900      -0.139       0.006       0.291
    QA              -0.094      -0.058      -0.039       0.058       0.154       0.173       0.209

 Residual Variances
    A_01            -9.316      -2.729       0.641      18.238      35.835      39.204      45.791
    A_02            -9.316      -2.729       0.641      18.238      35.835      39.204      45.791
    A_05            -9.316      -2.729       0.641      18.238      35.835      39.204      45.791
    IA              41.561      49.370      53.365      74.226      95.088      99.083     106.892
    SA             -18.254     -12.861     -10.102       4.306      18.713      21.472      26.865
    QA              -0.240      -0.170      -0.134       0.053       0.240       0.276       0.346


SAMPLE STATISTICS FOR ESTIMATED FACTOR SCORES


     SAMPLE STATISTICS


           Means
              IA            IA_SE         SA            SA_SE         QA
              ________      ________      ________      ________      ________
 1             23.262         3.520         0.089         1.885        -0.071


           Means
              QA_SE
              ________
 1              0.213


           Covariances
              IA            IA_SE         SA            SA_SE         QA
              ________      ________      ________      ________      ________
 IA            94.592
 IA_SE         -1.310         0.286
 SA            -3.234         0.042         1.343
 SA_SE         -0.308         0.048         0.020         0.013
 QA             0.015        -0.001        -0.126        -0.001         0.015
 QA_SE         -0.029         0.004         0.002         0.001         0.000


           Covariances
              QA_SE
              ________
 QA_SE          0.000


           Correlations
              IA            IA_SE         SA            SA_SE         QA
              ________      ________      ________      ________      ________
 IA             1.000
 IA_SE         -0.252         1.000
 SA            -0.287         0.067         1.000
 SA_SE         -0.278         0.781         0.149         1.000
 QA             0.012        -0.010        -0.882        -0.079         1.000
 QA_SE         -0.254         0.630         0.165         0.960        -0.100


           Correlations
              QA_SE
              ________
 QA_SE          1.000


RESULTS SAVING INFORMATION

  Order of data

    Parameter estimates
     (saved in order shown in Technical 1 output)
    Standard errors
     (saved in order shown in Technical 1 output)
    H0 Loglikelihood
    H0 Scaling Correction Factor for MLR
    Number of Free Parameters
    Akaike (AIC)
    Bayesian (BIC)
    Sample-Size Adjusted BIC

  Save file
    u2_125_aefb_symbol_results.dat

  Save file format           Free


PLOT INFORMATION

The following plots are available:

  Histograms (sample values, estimated factor scores)
  Scatterplots (sample values, estimated factor scores)
  Latent variable distribution plots

SAVEDATA INFORMATION


  Save file
    u2_125_aefb_symbol_fscores.dat

  Order and format of variables

    A_01           F10.3
    A_02           F10.3
    A_05           F10.3
    AGE_C80        F10.3
    EDU_C7         F10.3
    FEMALE         F10.3
    SBP_C167       F10.3
    TIME_01        F10.3
    TIME_02        F10.3
    TIME_05        F10.3
    _WEIGHT        F10.3
    IA             F10.3
    IA_SE          F10.3
    SA             F10.3
    SA_SE          F10.3
    QA             F10.3
    QA_SE          F10.3
    PAIRID         I6

  Save file format
    17F10.3 I6

  Save file record length    10000


     Beginning Time:  18:14:32
        Ending Time:  18:14:36
       Elapsed Time:  00:00:04



MUTHEN & MUTHEN
3463 Stoner Ave.
Los Angeles, CA  90066

Tel: (310) 391-9971
Fax: (310) 391-8971
Web: www.StatModel.com
Support: Support@StatModel.com

Copyright (c) 1998-2014 Muthen & Muthen
