Mplus VERSION 7.3
MUTHEN & MUTHEN
12/17/2016  12:06 PM

INPUT INSTRUCTIONS

  TITLE:
  Script produced from the prototype in ./sandbox/syntax-creator/
  DATA:
  File = wide-dataset.dat ;
  VARIABLE:
  NAMES are
   Case PairID female age_c80 edu_c7 sbp_c167 smoke cardio diabetes dementia_ever
      years_since_bl_01 years_since_bl_02 years_since_bl_03 years_since_bl_04
      years_since_bl_05 pef_01 pef_02 pef_03 pef_04 pef_05 grip_01 grip_02 grip_03
      grip_04 grip_05 gait_01 gait_02 gait_03 gait_04 gait_05 block_01 block_02
      block_03 block_04 block_05 digitspanbackward_01 digitspanbackward_02
      digitspanbackward_03 digitspanbackward_04 digitspanbackward_05
      digitspanforward_01 digitspanforward_02 digitspanforward_03 digitspanforward_04
      digitspanforward_05 symbol_01 symbol_02 symbol_03 symbol_04 symbol_05 prose_01
      prose_02 prose_03 prose_04 prose_05 info_01 info_02 info_03 info_04 info_05
      synonyms_01 synonyms_02 synonyms_03 synonyms_04 synonyms_05 psif_01 psif_02
      psif_03 psif_04 psif_05 figure_01 figure_02 figure_03 figure_04 figure_05
      mirrecall_01 mirrecall_02 mirrecall_03 mirrecall_04 mirrecall_05 mmse_01 mmse_02
      mmse_03 mmse_04 mmse_05 mirnaming_01 mirnaming_02 mirnaming_03 mirnaming_04
      mirnaming_05 mirrecog_01 mirrecog_02 mirrecog_03 mirrecog_04 mirrecog_05
      clock_01 clock_02 clock_03 clock_04 clock_05
  	;
  Missing are all (-9999);
  USEVARIABLES are
  	!define the variables used in the analysis
  	! covariates used in the model
  age_c80
  edu_c7
  female	
  	!estimated time points
  time_01
  time_02
  time_04
  time_05
  	!modelled time points of process (A)
  a_01
  a_02
  a_04
  a_05
  ;
  TSCORES are
  	!estimated time points
  time_01
  time_02
  time_04
  time_05;
  CLUSTER = PairID;
  SUBPOPULATION are
  	!select a subset of observations
  dementia_ever NE 1
  ;
  DEFINE:
  	! assign variables to the process (A)
  a_01 = symbol_01;
  a_02 = symbol_02;
  a_04 = symbol_04;
  a_05 = symbol_05;
  	!assign variables to time points
  time_01 = years_since_bl_01;
  time_02 = years_since_bl_02;
  time_04 = years_since_bl_04;
  time_05 = years_since_bl_05;
  	
  ANALYSIS: TYPE = RANDOM COMPLEX;
  COVERAGE=.00;
  MODEL:
  	!first-level equation
  	! assign process (A) to time points
  ia sa qa | a_01 AT time_01 ;
  ia sa qa | a_02 AT time_02 ;
  ia sa qa | a_04 AT time_04 ;
  ia sa qa | a_05 AT time_05 ;
  	!variance of the first-level terms
  ia (v_ia);
  sa (v_sa);
  qa (v_qa);
  	!covariance among first-level terms
  ia WITH sa (c_iasa);
  ia WITH qa (c_iaqa);
  sa WITH qa (c_saqa);
  	!second-level equation
  ia sa qa ON age_c80
  edu_c7
  female;
  	!residual covariance of process (A)
  a_01 (res_a);
  a_02 (res_a);
  a_04 (res_a);
  a_05 (res_a);	
  SAVEDATA:
  FILE is   u2_1245_aef_symbol_fscores.dat;
  SAVE = FSCORES;
  RESULTS are   u2_1245_aef_symbol_results.dat;
  	
  OUTPUT: sampstat cinterval;
  PLOT: Type is Plot1 Plot2 Plot3;



*** WARNING
  Data set contains cases with missing on x-variables.
  These cases were not included in the analysis.
  Number of cases with missing on x-variables:  46
*** WARNING
  Data set contains cases with missing on all variables except
  x-variables.  These cases were not included in the analysis.
  Number of cases with missing on all variables except x-variables:  149
   2 WARNING(S) FOUND IN THE INPUT INSTRUCTIONS




Script produced from the prototype in ./sandbox/syntax-creator/

SUMMARY OF ANALYSIS

Number of groups                                                 1
Number of observations                                         371

Number of dependent variables                                    4
Number of independent variables                                  3
Number of continuous latent variables                            3

Observed dependent variables

  Continuous
   A_01        A_02        A_04        A_05

Observed independent variables
   AGE_C80     EDU_C7      FEMALE

Continuous latent variables
   IA          SA          QA

Variables with special functions

  Cluster variable      PAIRID
  Weight variable       _WEIGHT

  Time scores
   TIME_01     TIME_02     TIME_04     TIME_05


Estimator                                                      MLR
Information matrix                                        OBSERVED
Maximum number of iterations                                   100
Convergence criterion                                    0.100D-05
Maximum number of EM iterations                                500
Convergence criteria for the EM algorithm
  Loglikelihood change                                   0.100D-02
  Relative loglikelihood change                          0.100D-05
  Derivative                                             0.100D-03
Minimum variance                                         0.100D-03
Maximum number of steepest descent iterations                   20
Maximum number of iterations for H1                           2000
Convergence criterion for H1                             0.100D-03
Optimization algorithm                                         EMA

Input data file(s)
  wide-dataset.dat
Input data format  FREE



SAMPLE STATISTICS


     ESTIMATED SAMPLE STATISTICS


           Means
              A_01          A_02          A_04          A_05          AGE_C80
              ________      ________      ________      ________      ________
 1             25.159        25.153        23.552        20.659         2.974


           Means
              EDU_C7        FEMALE
              ________      ________
 1              0.375         0.666


           Covariances
              A_01          A_02          A_04          A_05          AGE_C80
              ________      ________      ________      ________      ________
 A_01         115.331
 A_02          85.823       105.323
 A_04          75.751        79.932       107.157
 A_05          65.879        69.333        80.027       106.226
 AGE_C80       -5.689        -4.245        -6.217        -5.876         6.681
 EDU_C7         8.879         7.857         8.239         7.855        -0.268
 FEMALE         0.051         0.365         0.248        -0.103         0.061


           Covariances
              EDU_C7        FEMALE
              ________      ________
 EDU_C7         5.485
 FEMALE        -0.088         0.223


           Correlations
              A_01          A_02          A_04          A_05          AGE_C80
              ________      ________      ________      ________      ________
 A_01           1.000
 A_02           0.779         1.000
 A_04           0.681         0.752         1.000
 A_05           0.595         0.655         0.750         1.000
 AGE_C80       -0.205        -0.160        -0.232        -0.221         1.000
 EDU_C7         0.353         0.327         0.340         0.325        -0.044
 FEMALE         0.010         0.075         0.051        -0.021         0.050


           Correlations
              EDU_C7        FEMALE
              ________      ________
 EDU_C7         1.000
 FEMALE        -0.079         1.000


     MAXIMUM LOG-LIKELIHOOD VALUE FOR THE UNRESTRICTED (H1) MODEL IS -6910.318


UNIVARIATE HIGHER-ORDER MOMENT DESCRIPTIVE STATISTICS


     UNIVARIATE HIGHER-ORDER MOMENT DESCRIPTIVE STATISTICS

         Variable/         Mean/     Skewness/   Minimum/ % with                Percentiles
        Sample Size      Variance    Kurtosis    Maximum  Min/Max      20%/60%    40%/80%    Median

     A_01                 25.474       0.111       0.000    3.03%      13.000     20.000     24.000
             462.000     115.014      -0.266      59.000    0.22%      26.000     34.000
     A_02                 25.993       0.228       0.000    2.75%      13.000     20.000     22.500
             364.000     106.539      -0.536      58.000    0.27%      26.000     33.000
     A_04                 26.116       0.177       0.000    8.04%      12.000     18.000     21.000
             199.000     113.690      -0.936      52.000    0.50%      26.000     36.000
     A_05                 23.538       0.453       0.000    7.80%      12.000     18.000     20.000
             141.000     107.475      -0.517      51.000    0.71%      22.000     32.000
     AGE_C80               2.974       1.098      -0.581    0.20%       0.853      1.585      2.121
             507.000       6.681       0.688      13.313    0.20%       2.789      5.194
     EDU_C7                0.375       2.047      -5.000    0.39%      -1.000     -1.000     -1.000
             507.000       5.485       5.183      13.000    0.20%       0.000      1.000
     FEMALE                0.666      -0.703       0.000   33.93%       0.000      1.000      1.000
             507.000       0.223      -1.506       1.000   66.07%       1.000      1.000


THE MODEL ESTIMATION TERMINATED NORMALLY



MODEL FIT INFORMATION

Number of Free Parameters                       19

Loglikelihood

          H0 Value                       -3091.363
          H0 Scaling Correction Factor      0.9994
            for MLR

Information Criteria

          Akaike (AIC)                    6220.725
          Bayesian (BIC)                  6295.133
          Sample-Size Adjusted BIC        6234.852
            (n* = (n + 2) / 24)



MODEL RESULTS

                                                    Two-Tailed
                    Estimate       S.E.  Est./S.E.    P-Value

 IA         ON
    AGE_C80           -0.764      0.224     -3.406      0.001
    EDU_C7             1.589      0.212      7.492      0.000
    FEMALE             1.032      1.153      0.895      0.371

 SA         ON
    AGE_C80            0.052      0.102      0.512      0.608
    EDU_C7            -0.079      0.103     -0.769      0.442
    FEMALE             0.992      0.464      2.138      0.033

 QA         ON
    AGE_C80           -0.008      0.013     -0.637      0.524
    EDU_C7             0.008      0.014      0.611      0.541
    FEMALE            -0.138      0.061     -2.259      0.024

 IA       WITH
    SA                -1.792      2.584     -0.693      0.488
    QA                -0.179      0.325     -0.551      0.582

 SA       WITH
    QA                -0.149      0.172     -0.867      0.386

 Intercepts
    A_01               0.000      0.000    999.000    999.000
    A_02               0.000      0.000    999.000    999.000
    A_04               0.000      0.000    999.000    999.000
    A_05               0.000      0.000    999.000    999.000
    IA                26.064      1.146     22.738      0.000
    SA                -0.419      0.433     -0.967      0.334
    QA                 0.003      0.057      0.055      0.957

 Residual Variances
    A_01              21.921      2.616      8.379      0.000
    A_02              21.921      2.616      8.379      0.000
    A_04              21.921      2.616      8.379      0.000
    A_05              21.921      2.616      8.379      0.000
    IA                74.013      7.168     10.326      0.000
    SA                 1.865      1.565      1.192      0.233
    QA                 0.019      0.020      0.933      0.351


QUALITY OF NUMERICAL RESULTS

     Condition Number for the Information Matrix              0.315E-06
       (ratio of smallest to largest eigenvalue)


CONFIDENCE INTERVALS OF MODEL RESULTS

                  Lower .5%  Lower 2.5%    Lower 5%    Estimate    Upper 5%  Upper 2.5%   Upper .5%

 IA       ON
    AGE_C80         -1.342      -1.204      -1.133      -0.764      -0.395      -0.324      -0.186
    EDU_C7           1.043       1.174       1.240       1.589       1.938       2.005       2.136
    FEMALE          -1.938      -1.228      -0.865       1.032       2.928       3.291       4.001

 SA       ON
    AGE_C80         -0.210      -0.147      -0.115       0.052       0.219       0.251       0.314
    EDU_C7          -0.343      -0.280      -0.248      -0.079       0.090       0.122       0.185
    FEMALE          -0.203       0.083       0.229       0.992       1.756       1.902       2.188

 QA       ON
    AGE_C80         -0.042      -0.034      -0.030      -0.008       0.013       0.017       0.026
    EDU_C7          -0.027      -0.018      -0.014       0.008       0.031       0.035       0.043
    FEMALE          -0.295      -0.257      -0.238      -0.138      -0.037      -0.018       0.019

 IA       WITH
    SA              -8.448      -6.857      -6.043      -1.792       2.460       3.274       4.865
    QA              -1.015      -0.815      -0.713      -0.179       0.355       0.458       0.658

 SA       WITH
    QA              -0.591      -0.486      -0.431      -0.149       0.134       0.188       0.294

 Intercepts
    A_01             0.000       0.000       0.000       0.000       0.000       0.000       0.000
    A_02             0.000       0.000       0.000       0.000       0.000       0.000       0.000
    A_04             0.000       0.000       0.000       0.000       0.000       0.000       0.000
    A_05             0.000       0.000       0.000       0.000       0.000       0.000       0.000
    IA              23.112      23.818      24.179      26.064      27.950      28.311      29.017
    SA              -1.534      -1.267      -1.131      -0.419       0.294       0.430       0.697
    QA              -0.144      -0.109      -0.091       0.003       0.097       0.115       0.151

 Residual Variances
    A_01            15.182      16.793      17.617      21.921      26.224      27.048      28.659
    A_02            15.182      16.793      17.617      21.921      26.224      27.048      28.659
    A_04            15.182      16.793      17.617      21.921      26.224      27.048      28.659
    A_05            15.182      16.793      17.617      21.921      26.224      27.048      28.659
    IA              55.550      59.964      62.222      74.013      85.804      88.062      92.476
    SA              -2.167      -1.203      -0.710       1.865       4.440       4.933       5.897
    QA              -0.033      -0.020      -0.014       0.019       0.051       0.058       0.070


SAMPLE STATISTICS FOR ESTIMATED FACTOR SCORES


     SAMPLE STATISTICS


           Means
              IA            IA_SE         SA            SA_SE         QA
              ________      ________      ________      ________      ________
 1             22.823         3.621         0.294         1.256        -0.100


           Means
              QA_SE
              ________
 1              0.129


           Covariances
              IA            IA_SE         SA            SA_SE         QA
              ________      ________      ________      ________      ________
 IA            93.168
 IA_SE         -1.562         0.298
 SA            -1.138         0.058         0.641
 SA_SE         -0.259         0.031         0.007         0.007
 QA            -0.156        -0.002        -0.055         0.000         0.008
 QA_SE         -0.010         0.001         0.000         0.000         0.000


           Covariances
              QA_SE
              ________
 QA_SE          0.000


           Correlations
              IA            IA_SE         SA            SA_SE         QA
              ________      ________      ________      ________      ________
 IA             1.000
 IA_SE         -0.297         1.000
 SA            -0.147         0.134         1.000
 SA_SE         -0.311         0.668         0.100         1.000
 QA            -0.186        -0.035        -0.797         0.065         1.000
 QA_SE         -0.269         0.662         0.155         0.865        -0.032


           Correlations
              QA_SE
              ________
 QA_SE          1.000


RESULTS SAVING INFORMATION

  Order of data

    Parameter estimates
     (saved in order shown in Technical 1 output)
    Standard errors
     (saved in order shown in Technical 1 output)
    H0 Loglikelihood
    H0 Scaling Correction Factor for MLR
    Number of Free Parameters
    Akaike (AIC)
    Bayesian (BIC)
    Sample-Size Adjusted BIC

  Save file
    u2_1245_aef_symbol_results.dat

  Save file format           Free


PLOT INFORMATION

The following plots are available:

  Histograms (sample values, estimated factor scores)
  Scatterplots (sample values, estimated factor scores)
  Latent variable distribution plots

SAVEDATA INFORMATION


  Save file
    u2_1245_aef_symbol_fscores.dat

  Order and format of variables

    A_01           F10.3
    A_02           F10.3
    A_04           F10.3
    A_05           F10.3
    AGE_C80        F10.3
    EDU_C7         F10.3
    FEMALE         F10.3
    TIME_01        F10.3
    TIME_02        F10.3
    TIME_04        F10.3
    TIME_05        F10.3
    _WEIGHT        F10.3
    IA             F10.3
    IA_SE          F10.3
    SA             F10.3
    SA_SE          F10.3
    QA             F10.3
    QA_SE          F10.3
    PAIRID         I6

  Save file format
    18F10.3 I6

  Save file record length    10000


     Beginning Time:  12:06:50
        Ending Time:  12:06:52
       Elapsed Time:  00:00:02



MUTHEN & MUTHEN
3463 Stoner Ave.
Los Angeles, CA  90066

Tel: (310) 391-9971
Fax: (310) 391-8971
Web: www.StatModel.com
Support: Support@StatModel.com

Copyright (c) 1998-2014 Muthen & Muthen
