Mplus VERSION 7.3
MUTHEN & MUTHEN
12/17/2016   6:19 PM

INPUT INSTRUCTIONS

  TITLE:
  Script produced from the prototype in ./sandbox/syntax-creator/
  DATA:
  File = wide-dataset.dat ;
  VARIABLE:
  NAMES are
   Case PairID female age_c80 edu_c7 sbp_c167 smoke cardio diabetes dementia_ever
      years_since_bl_01 years_since_bl_02 years_since_bl_03 years_since_bl_04
      years_since_bl_05 pef_01 pef_02 pef_03 pef_04 pef_05 grip_01 grip_02 grip_03
      grip_04 grip_05 gait_01 gait_02 gait_03 gait_04 gait_05 block_01 block_02
      block_03 block_04 block_05 digitspanbackward_01 digitspanbackward_02
      digitspanbackward_03 digitspanbackward_04 digitspanbackward_05
      digitspanforward_01 digitspanforward_02 digitspanforward_03 digitspanforward_04
      digitspanforward_05 symbol_01 symbol_02 symbol_03 symbol_04 symbol_05 prose_01
      prose_02 prose_03 prose_04 prose_05 info_01 info_02 info_03 info_04 info_05
      synonyms_01 synonyms_02 synonyms_03 synonyms_04 synonyms_05 psif_01 psif_02
      psif_03 psif_04 psif_05 figure_01 figure_02 figure_03 figure_04 figure_05
      mirrecall_01 mirrecall_02 mirrecall_03 mirrecall_04 mirrecall_05 mmse_01 mmse_02
      mmse_03 mmse_04 mmse_05 mirnaming_01 mirnaming_02 mirnaming_03 mirnaming_04
      mirnaming_05 mirrecog_01 mirrecog_02 mirrecog_03 mirrecog_04 mirrecog_05
      clock_01 clock_02 clock_03 clock_04 clock_05
  	;
  Missing are all (-9999);
  USEVARIABLES are
  	!define the variables used in the analysis
  	! covariates used in the model
  age_c80
  edu_c7
  female	
  	!estimated time points
  time_01
  time_04
  time_05
  	!modelled time points of process (A)
  a_01
  a_04
  a_05
  ;
  TSCORES are
  	!estimated time points
  time_01
  time_04
  time_05;
  CLUSTER = PairID;
  SUBPOPULATION are
  	!select a subset of observations
  dementia_ever NE 1
  ;
  DEFINE:
  	! assign variables to the process (A)
  a_01 = symbol_01;
  a_04 = symbol_04;
  a_05 = symbol_05;
  	!assign variables to time points
  time_01 = years_since_bl_01;
  time_04 = years_since_bl_04;
  time_05 = years_since_bl_05;
  	
  ANALYSIS: TYPE = RANDOM COMPLEX;
  COVERAGE=.00;
  MODEL:
  	!first-level equation
  	! assign process (A) to time points
  ia sa qa | a_01 AT time_01 ;
  ia sa qa | a_04 AT time_04 ;
  ia sa qa | a_05 AT time_05 ;
  	!variance of the first-level terms
  ia (v_ia);
  sa (v_sa);
  qa (v_qa);
  	!covariance among first-level terms
  ia WITH sa (c_iasa);
  ia WITH qa (c_iaqa);
  sa WITH qa (c_saqa);
  	!second-level equation
  ia sa qa ON age_c80
  edu_c7
  female;
  	!residual covariance of process (A)
  a_01 (res_a);
  a_04 (res_a);
  a_05 (res_a);	
  SAVEDATA:
  FILE is   u2_145_aef_symbol_fscores.dat;
  SAVE = FSCORES;
  RESULTS are   u2_145_aef_symbol_results.dat;
  	
  OUTPUT: sampstat cinterval;
  PLOT: Type is Plot1 Plot2 Plot3;



*** WARNING
  Data set contains cases with missing on x-variables.
  These cases were not included in the analysis.
  Number of cases with missing on x-variables:  46
*** WARNING
  Data set contains cases with missing on all variables except
  x-variables.  These cases were not included in the analysis.
  Number of cases with missing on all variables except x-variables:  182
   2 WARNING(S) FOUND IN THE INPUT INSTRUCTIONS




Script produced from the prototype in ./sandbox/syntax-creator/

SUMMARY OF ANALYSIS

Number of groups                                                 1
Number of observations                                         355

Number of dependent variables                                    3
Number of independent variables                                  3
Number of continuous latent variables                            3

Observed dependent variables

  Continuous
   A_01        A_04        A_05

Observed independent variables
   AGE_C80     EDU_C7      FEMALE

Continuous latent variables
   IA          SA          QA

Variables with special functions

  Cluster variable      PAIRID
  Weight variable       _WEIGHT

  Time scores
   TIME_01     TIME_04     TIME_05


Estimator                                                      MLR
Information matrix                                        OBSERVED
Maximum number of iterations                                   100
Convergence criterion                                    0.100D-05
Maximum number of EM iterations                                500
Convergence criteria for the EM algorithm
  Loglikelihood change                                   0.100D-02
  Relative loglikelihood change                          0.100D-05
  Derivative                                             0.100D-03
Minimum variance                                         0.100D-03
Maximum number of steepest descent iterations                   20
Maximum number of iterations for H1                           2000
Convergence criterion for H1                             0.100D-03
Optimization algorithm                                         EMA

Input data file(s)
  wide-dataset.dat
Input data format  FREE



SAMPLE STATISTICS


     ESTIMATED SAMPLE STATISTICS


           Means
              A_01          A_04          A_05          AGE_C80       EDU_C7
              ________      ________      ________      ________      ________
 1             25.449        24.271        21.443         2.942         0.394


           Means
              FEMALE
              ________
 1              0.665


           Covariances
              A_01          A_04          A_05          AGE_C80       EDU_C7
              ________      ________      ________      ________      ________
 A_01         114.215
 A_04          76.963       109.128
 A_05          66.460        81.521       106.548
 AGE_C80       -5.365        -6.033        -5.419         6.749
 EDU_C7         8.976         9.240         8.416        -0.297         5.585
 FEMALE         0.001         0.179        -0.169         0.066        -0.104


           Covariances
              FEMALE
              ________
 FEMALE         0.223


           Correlations
              A_01          A_04          A_05          AGE_C80       EDU_C7
              ________      ________      ________      ________      ________
 A_01           1.000
 A_04           0.689         1.000
 A_05           0.602         0.756         1.000
 AGE_C80       -0.193        -0.222        -0.202         1.000
 EDU_C7         0.355         0.374         0.345        -0.048         1.000
 FEMALE         0.000         0.036        -0.035         0.054        -0.094


           Correlations
              FEMALE
              ________
 FEMALE         1.000


     MAXIMUM LOG-LIKELIHOOD VALUE FOR THE UNRESTRICTED (H1) MODEL IS -5474.750


UNIVARIATE HIGHER-ORDER MOMENT DESCRIPTIVE STATISTICS


     UNIVARIATE HIGHER-ORDER MOMENT DESCRIPTIVE STATISTICS

         Variable/         Mean/     Skewness/   Minimum/ % with                Percentiles
        Sample Size      Variance    Kurtosis    Maximum  Min/Max      20%/60%    40%/80%    Median

     A_01                 25.474       0.111       0.000    3.03%      13.000     20.000     24.000
             462.000     115.014      -0.266      59.000    0.22%      26.000     34.000
     A_04                 26.116       0.177       0.000    8.04%      12.000     18.000     21.000
             199.000     113.690      -0.936      52.000    0.50%      26.000     36.000
     A_05                 23.538       0.453       0.000    7.80%      12.000     18.000     20.000
             141.000     107.475      -0.517      51.000    0.71%      22.000     32.000
     AGE_C80               2.942       1.122      -0.581    0.21%       0.853      1.544      2.115
             474.000       6.749       0.740      12.937    0.21%       2.726      5.093
     EDU_C7                0.394       2.043      -5.000    0.42%      -1.000     -1.000      0.000
             474.000       5.585       5.141      13.000    0.21%       0.000      1.000
     FEMALE                0.665      -0.698       0.000   34.18%       0.000      1.000      1.000
             474.000       0.223      -1.513       1.000   65.82%       1.000      1.000


THE MODEL ESTIMATION TERMINATED NORMALLY



MODEL FIT INFORMATION

Number of Free Parameters                       19

Loglikelihood

          H0 Value                       -2213.239
          H0 Scaling Correction Factor      0.9730
            for MLR

Information Criteria

          Akaike (AIC)                    4464.478
          Bayesian (BIC)                  4538.048
          Sample-Size Adjusted BIC        4477.772
            (n* = (n + 2) / 24)



MODEL RESULTS

                                                    Two-Tailed
                    Estimate       S.E.  Est./S.E.    P-Value

 IA         ON
    AGE_C80           -0.734      0.221     -3.315      0.001
    EDU_C7             1.587      0.211      7.525      0.000
    FEMALE             0.965      1.177      0.821      0.412

 SA         ON
    AGE_C80           -0.086      0.175     -0.491      0.623
    EDU_C7             0.063      0.175      0.359      0.719
    FEMALE             0.985      0.746      1.320      0.187

 QA         ON
    AGE_C80            0.011      0.023      0.471      0.638
    EDU_C7            -0.009      0.024     -0.375      0.707
    FEMALE            -0.136      0.101     -1.343      0.179

 IA       WITH
    SA                -2.278      4.870     -0.468      0.640
    QA                -0.153      0.588     -0.260      0.795

 SA       WITH
    QA                -0.442      0.639     -0.691      0.489

 Intercepts
    A_01               0.000      0.000    999.000    999.000
    A_04               0.000      0.000    999.000    999.000
    A_05               0.000      0.000    999.000    999.000
    IA                26.340      1.165     22.606      0.000
    SA                 0.300      0.684      0.439      0.661
    QA                -0.090      0.092     -0.977      0.329

 Residual Variances
    A_01              19.155      8.339      2.297      0.022
    A_04              19.155      8.339      2.297      0.022
    A_05              19.155      8.339      2.297      0.022
    IA                76.912     10.355      7.427      0.000
    SA                 4.024      5.272      0.763      0.445
    QA                 0.059      0.081      0.735      0.463


QUALITY OF NUMERICAL RESULTS

     Condition Number for the Information Matrix              0.843E-07
       (ratio of smallest to largest eigenvalue)


CONFIDENCE INTERVALS OF MODEL RESULTS

                  Lower .5%  Lower 2.5%    Lower 5%    Estimate    Upper 5%  Upper 2.5%   Upper .5%

 IA       ON
    AGE_C80         -1.304      -1.168      -1.098      -0.734      -0.370      -0.300      -0.164
    EDU_C7           1.044       1.173       1.240       1.587       1.934       2.000       2.130
    FEMALE          -2.065      -1.341      -0.970       0.965       2.901       3.272       3.996

 SA       ON
    AGE_C80         -0.537      -0.430      -0.374      -0.086       0.202       0.257       0.365
    EDU_C7          -0.388      -0.280      -0.225       0.063       0.351       0.406       0.514
    FEMALE          -0.937      -0.477      -0.242       0.985       2.212       2.447       2.907

 QA       ON
    AGE_C80         -0.049      -0.034      -0.027       0.011       0.049       0.056       0.071
    EDU_C7          -0.071      -0.057      -0.049      -0.009       0.031       0.038       0.053
    FEMALE          -0.398      -0.335      -0.303      -0.136       0.031       0.063       0.125

 IA       WITH
    SA             -14.823     -11.824     -10.290      -2.278       5.734       7.268      10.267
    QA              -1.668      -1.306      -1.120      -0.153       0.814       1.000       1.362

 SA       WITH
    QA              -2.087      -1.694      -1.492      -0.442       0.609       0.810       1.204

 Intercepts
    A_01             0.000       0.000       0.000       0.000       0.000       0.000       0.000
    A_04             0.000       0.000       0.000       0.000       0.000       0.000       0.000
    A_05             0.000       0.000       0.000       0.000       0.000       0.000       0.000
    IA              23.339      24.056      24.423      26.340      28.257      28.624      29.341
    SA              -1.461      -1.040      -0.825       0.300       1.425       1.640       2.061
    QA              -0.327      -0.270      -0.241      -0.090       0.062       0.091       0.147

 Residual Variances
    A_01            -2.324       2.811       5.438      19.155      32.873      35.500      40.635
    A_04            -2.324       2.811       5.438      19.155      32.873      35.500      40.635
    A_05            -2.324       2.811       5.438      19.155      32.873      35.500      40.635
    IA              50.239      56.616      59.878      76.912      93.946      97.208     103.585
    SA              -9.556      -6.310      -4.649       4.024      12.697      14.358      17.604
    QA              -0.149      -0.099      -0.074       0.059       0.192       0.218       0.267


SAMPLE STATISTICS FOR ESTIMATED FACTOR SCORES


     SAMPLE STATISTICS


           Means
              IA            IA_SE         SA            SA_SE         QA
              ________      ________      ________      ________      ________
 1             23.517         3.839         0.629         1.879        -0.140


           Means
              QA_SE
              ________
 1              0.233


           Covariances
              IA            IA_SE         SA            SA_SE         QA
              ________      ________      ________      ________      ________
 IA            92.230
 IA_SE         -0.603         0.188
 SA             0.047         0.000         0.913
 SA_SE         -0.292         0.023         0.010         0.018
 QA            -0.348         0.002        -0.082         0.001         0.011
 QA_SE         -0.028         0.001         0.000         0.002         0.000


           Covariances
              QA_SE
              ________
 QA_SE          0.000


           Correlations
              IA            IA_SE         SA            SA_SE         QA
              ________      ________      ________      ________      ________
 IA             1.000
 IA_SE         -0.145         1.000
 SA             0.005         0.000         1.000
 SA_SE         -0.225         0.393         0.077         1.000
 QA            -0.352         0.050        -0.830         0.086         1.000
 QA_SE         -0.235         0.257        -0.013         0.923         0.162


           Correlations
              QA_SE
              ________
 QA_SE          1.000


RESULTS SAVING INFORMATION

  Order of data

    Parameter estimates
     (saved in order shown in Technical 1 output)
    Standard errors
     (saved in order shown in Technical 1 output)
    H0 Loglikelihood
    H0 Scaling Correction Factor for MLR
    Number of Free Parameters
    Akaike (AIC)
    Bayesian (BIC)
    Sample-Size Adjusted BIC

  Save file
    u2_145_aef_symbol_results.dat

  Save file format           Free


PLOT INFORMATION

The following plots are available:

  Histograms (sample values, estimated factor scores)
  Scatterplots (sample values, estimated factor scores)
  Latent variable distribution plots

SAVEDATA INFORMATION


  Save file
    u2_145_aef_symbol_fscores.dat

  Order and format of variables

    A_01           F10.3
    A_04           F10.3
    A_05           F10.3
    AGE_C80        F10.3
    EDU_C7         F10.3
    FEMALE         F10.3
    TIME_01        F10.3
    TIME_04        F10.3
    TIME_05        F10.3
    _WEIGHT        F10.3
    IA             F10.3
    IA_SE          F10.3
    SA             F10.3
    SA_SE          F10.3
    QA             F10.3
    QA_SE          F10.3
    PAIRID         I5

  Save file format
    16F10.3 I5

  Save file record length    10000


     Beginning Time:  18:19:37
        Ending Time:  18:19:41
       Elapsed Time:  00:00:04



MUTHEN & MUTHEN
3463 Stoner Ave.
Los Angeles, CA  90066

Tel: (310) 391-9971
Fax: (310) 391-8971
Web: www.StatModel.com
Support: Support@StatModel.com

Copyright (c) 1998-2014 Muthen & Muthen
