Mplus VERSION 7.3
MUTHEN & MUTHEN
12/17/2016   6:24 PM

INPUT INSTRUCTIONS

  TITLE:
  Script produced from the prototype in ./sandbox/syntax-creator/
  DATA:
  File = wide-dataset.dat ;
  VARIABLE:
  NAMES are
   Case PairID female age_c80 edu_c7 sbp_c167 smoke cardio diabetes dementia_ever
      years_since_bl_01 years_since_bl_02 years_since_bl_03 years_since_bl_04
      years_since_bl_05 pef_01 pef_02 pef_03 pef_04 pef_05 grip_01 grip_02 grip_03
      grip_04 grip_05 gait_01 gait_02 gait_03 gait_04 gait_05 block_01 block_02
      block_03 block_04 block_05 digitspanbackward_01 digitspanbackward_02
      digitspanbackward_03 digitspanbackward_04 digitspanbackward_05
      digitspanforward_01 digitspanforward_02 digitspanforward_03 digitspanforward_04
      digitspanforward_05 symbol_01 symbol_02 symbol_03 symbol_04 symbol_05 prose_01
      prose_02 prose_03 prose_04 prose_05 info_01 info_02 info_03 info_04 info_05
      synonyms_01 synonyms_02 synonyms_03 synonyms_04 synonyms_05 psif_01 psif_02
      psif_03 psif_04 psif_05 figure_01 figure_02 figure_03 figure_04 figure_05
      mirrecall_01 mirrecall_02 mirrecall_03 mirrecall_04 mirrecall_05 mmse_01 mmse_02
      mmse_03 mmse_04 mmse_05 mirnaming_01 mirnaming_02 mirnaming_03 mirnaming_04
      mirnaming_05 mirrecog_01 mirrecog_02 mirrecog_03 mirrecog_04 mirrecog_05
      clock_01 clock_02 clock_03 clock_04 clock_05
  	;
  Missing are all (-9999);
  USEVARIABLES are
  	!define the variables used in the analysis
  	! covariates used in the model
  age_c80	
  	!estimated time points
  time_01
  time_03
  time_04
  	!modelled time points of process (A)
  a_01
  a_03
  a_04
  ;
  TSCORES are
  	!estimated time points
  time_01
  time_03
  time_04;
  CLUSTER = PairID;
  SUBPOPULATION are
  	!select a subset of observations
  dementia_ever NE 1
  ;
  DEFINE:
  	! assign variables to the process (A)
  a_01 = symbol_01;
  a_03 = symbol_03;
  a_04 = symbol_04;
  	!assign variables to time points
  time_01 = years_since_bl_01;
  time_03 = years_since_bl_03;
  time_04 = years_since_bl_04;
  	
  ANALYSIS: TYPE = RANDOM COMPLEX;
  COVERAGE=.00;
  MODEL:
  	!first-level equation
  	! assign process (A) to time points
  ia sa qa | a_01 AT time_01 ;
  ia sa qa | a_03 AT time_03 ;
  ia sa qa | a_04 AT time_04 ;
  	!variance of the first-level terms
  ia (v_ia);
  sa (v_sa);
  qa (v_qa);
  	!covariance among first-level terms
  ia WITH sa (c_iasa);
  ia WITH qa (c_iaqa);
  sa WITH qa (c_saqa);
  	!second-level equation
  ia sa qa ON age_c80;
  	!residual covariance of process (A)
  a_01 (res_a);
  a_03 (res_a);
  a_04 (res_a);	
  SAVEDATA:
  FILE is   u2_134_a_symbol_fscores.dat;
  SAVE = FSCORES;
  RESULTS are   u2_134_a_symbol_results.dat;
  	
  OUTPUT: sampstat cinterval;
  PLOT: Type is Plot1 Plot2 Plot3;



*** WARNING
  Data set contains cases with missing on all variables except
  x-variables.  These cases were not included in the analysis.
  Number of cases with missing on all variables except x-variables:  209
   1 WARNING(S) FOUND IN THE INPUT INSTRUCTIONS




Script produced from the prototype in ./sandbox/syntax-creator/

SUMMARY OF ANALYSIS

Number of groups                                                 1
Number of observations                                         364

Number of dependent variables                                    3
Number of independent variables                                  1
Number of continuous latent variables                            3

Observed dependent variables

  Continuous
   A_01        A_03        A_04

Observed independent variables
   AGE_C80

Continuous latent variables
   IA          SA          QA

Variables with special functions

  Cluster variable      PAIRID
  Weight variable       _WEIGHT

  Time scores
   TIME_01     TIME_03     TIME_04


Estimator                                                      MLR
Information matrix                                        OBSERVED
Maximum number of iterations                                   100
Convergence criterion                                    0.100D-05
Maximum number of EM iterations                                500
Convergence criteria for the EM algorithm
  Loglikelihood change                                   0.100D-02
  Relative loglikelihood change                          0.100D-05
  Derivative                                             0.100D-03
Minimum variance                                         0.100D-03
Maximum number of steepest descent iterations                   20
Maximum number of iterations for H1                           2000
Convergence criterion for H1                             0.100D-03
Optimization algorithm                                         EMA

Input data file(s)
  wide-dataset.dat
Input data format  FREE



SAMPLE STATISTICS


     ESTIMATED SAMPLE STATISTICS


           Means
              A_01          A_03          A_04          AGE_C80
              ________      ________      ________      ________
 1             25.255        25.265        23.668         2.956


           Covariances
              A_01          A_03          A_04          AGE_C80
              ________      ________      ________      ________
 A_01         115.018
 A_03          86.910       112.444
 A_04          80.471        84.119       113.191
 AGE_C80       -5.508        -4.233        -5.610         6.716


           Correlations
              A_01          A_03          A_04          AGE_C80
              ________      ________      ________      ________
 A_01           1.000
 A_03           0.764         1.000
 A_04           0.705         0.746         1.000
 AGE_C80       -0.198        -0.154        -0.203         1.000


     MAXIMUM LOG-LIKELIHOOD VALUE FOR THE UNRESTRICTED (H1) MODEL IS -4640.771


UNIVARIATE HIGHER-ORDER MOMENT DESCRIPTIVE STATISTICS


     UNIVARIATE HIGHER-ORDER MOMENT DESCRIPTIVE STATISTICS

         Variable/         Mean/     Skewness/   Minimum/ % with                Percentiles
        Sample Size      Variance    Kurtosis    Maximum  Min/Max      20%/60%    40%/80%    Median

     A_01                 25.474       0.111       0.000    4.27%      13.000     19.000     24.000
             468.000     115.014      -0.266      59.000    0.21%      26.000     33.000
     A_03                 26.404       0.182       0.000    5.86%      13.000     19.000     22.000
             290.000     115.965      -0.641      56.000    0.34%      26.000     34.000
     A_04                 26.116       0.177       0.000    8.04%      12.000     18.000     21.000
             199.000     113.690      -0.936      52.000    0.50%      26.000     36.000
     AGE_C80               2.956       1.106      -0.581    0.20%       0.874      1.623      2.164
             493.000       6.716       0.699      13.313    0.20%       2.827      5.204


THE MODEL ESTIMATION TERMINATED NORMALLY



MODEL FIT INFORMATION

Number of Free Parameters                       13

Loglikelihood

          H0 Value                       -2563.481
          H0 Scaling Correction Factor      0.9653
            for MLR

Information Criteria

          Akaike (AIC)                    5152.961
          Bayesian (BIC)                  5203.624
          Sample-Size Adjusted BIC        5162.381
            (n* = (n + 2) / 24)



MODEL RESULTS

                                                    Two-Tailed
                    Estimate       S.E.  Est./S.E.    P-Value

 IA         ON
    AGE_C80           -0.819      0.223     -3.678      0.000

 SA         ON
    AGE_C80            0.135      0.158      0.851      0.395

 QA         ON
    AGE_C80           -0.023      0.030     -0.765      0.444

 IA       WITH
    SA                -1.065      3.925     -0.271      0.786
    QA                -0.283      0.623     -0.454      0.650

 SA       WITH
    QA                -0.994      1.096     -0.907      0.365

 Intercepts
    A_01               0.000      0.000    999.000    999.000
    A_03               0.000      0.000    999.000    999.000
    A_04               0.000      0.000    999.000    999.000
    IA                27.676      0.940     29.431      0.000
    SA                 0.153      0.477      0.322      0.747
    QA                -0.069      0.085     -0.807      0.419

 Residual Variances
    A_01              18.294      6.627      2.761      0.006
    A_03              18.294      6.627      2.761      0.006
    A_04              18.294      6.627      2.761      0.006
    IA                92.270      9.816      9.400      0.000
    SA                 5.971      6.403      0.932      0.351
    QA                 0.189      0.196      0.964      0.335


QUALITY OF NUMERICAL RESULTS

     Condition Number for the Information Matrix              0.410E-06
       (ratio of smallest to largest eigenvalue)


CONFIDENCE INTERVALS OF MODEL RESULTS

                  Lower .5%  Lower 2.5%    Lower 5%    Estimate    Upper 5%  Upper 2.5%   Upper .5%

 IA       ON
    AGE_C80         -1.392      -1.255      -1.185      -0.819      -0.453      -0.382      -0.245

 SA       ON
    AGE_C80         -0.272      -0.175      -0.125       0.135       0.394       0.444       0.542

 QA       ON
    AGE_C80         -0.099      -0.081      -0.071      -0.023       0.026       0.035       0.054

 IA       WITH
    SA             -11.175      -8.758      -7.521      -1.065       5.392       6.629       9.046
    QA              -1.887      -1.503      -1.307      -0.283       0.741       0.937       1.321

 SA       WITH
    QA              -3.817      -3.142      -2.797      -0.994       0.809       1.155       1.830

 Intercepts
    A_01             0.000       0.000       0.000       0.000       0.000       0.000       0.000
    A_03             0.000       0.000       0.000       0.000       0.000       0.000       0.000
    A_04             0.000       0.000       0.000       0.000       0.000       0.000       0.000
    IA              25.254      25.833      26.130      27.676      29.223      29.520      30.099
    SA              -1.074      -0.781      -0.631       0.153       0.938       1.088       1.381
    QA              -0.287      -0.235      -0.208      -0.069       0.071       0.098       0.150

 Residual Variances
    A_01             1.225       5.305       7.393      18.294      29.195      31.282      35.363
    A_03             1.225       5.305       7.393      18.294      29.195      31.282      35.363
    A_04             1.225       5.305       7.393      18.294      29.195      31.282      35.363
    IA              66.985      73.030      76.122      92.270     108.417     111.509     117.554
    SA             -10.523      -6.580      -4.563       5.971      16.504      18.521      22.464
    QA              -0.316      -0.195      -0.133       0.189       0.511       0.573       0.694


SAMPLE STATISTICS FOR ESTIMATED FACTOR SCORES


     SAMPLE STATISTICS


           Means
              IA            IA_SE         SA            SA_SE         QA
              ________      ________      ________      ________      ________
 1             22.869         3.631         0.482         2.252        -0.129


           Means
              QA_SE
              ________
 1              0.400


           Covariances
              IA            IA_SE         SA            SA_SE         QA
              ________      ________      ________      ________      ________
 IA           100.695
 IA_SE         -1.248         0.250
 SA            -0.559         0.037         1.212
 SA_SE         -0.404         0.055         0.017         0.028
 QA            -0.203        -0.002        -0.184         0.000         0.035
 QA_SE         -0.085         0.009         0.000         0.005         0.000


           Covariances
              QA_SE
              ________
 QA_SE          0.001


           Correlations
              IA            IA_SE         SA            SA_SE         QA
              ________      ________      ________      ________      ________
 IA             1.000
 IA_SE         -0.249         1.000
 SA            -0.051         0.067         1.000
 SA_SE         -0.239         0.653         0.091         1.000
 QA            -0.109        -0.017        -0.896        -0.002         1.000
 QA_SE         -0.251         0.547         0.010         0.936         0.076


           Correlations
              QA_SE
              ________
 QA_SE          1.000


RESULTS SAVING INFORMATION

  Order of data

    Parameter estimates
     (saved in order shown in Technical 1 output)
    Standard errors
     (saved in order shown in Technical 1 output)
    H0 Loglikelihood
    H0 Scaling Correction Factor for MLR
    Number of Free Parameters
    Akaike (AIC)
    Bayesian (BIC)
    Sample-Size Adjusted BIC

  Save file
    u2_134_a_symbol_results.dat

  Save file format           Free


PLOT INFORMATION

The following plots are available:

  Histograms (sample values, estimated factor scores)
  Scatterplots (sample values, estimated factor scores)
  Latent variable distribution plots

SAVEDATA INFORMATION


  Save file
    u2_134_a_symbol_fscores.dat

  Order and format of variables

    A_01           F10.3
    A_03           F10.3
    A_04           F10.3
    AGE_C80        F10.3
    TIME_01        F10.3
    TIME_03        F10.3
    TIME_04        F10.3
    _WEIGHT        F10.3
    IA             F10.3
    IA_SE          F10.3
    SA             F10.3
    SA_SE          F10.3
    QA             F10.3
    QA_SE          F10.3
    PAIRID         I6

  Save file format
    14F10.3 I6

  Save file record length    10000


     Beginning Time:  18:24:05
        Ending Time:  18:24:08
       Elapsed Time:  00:00:03



MUTHEN & MUTHEN
3463 Stoner Ave.
Los Angeles, CA  90066

Tel: (310) 391-9971
Fax: (310) 391-8971
Web: www.StatModel.com
Support: Support@StatModel.com

Copyright (c) 1998-2014 Muthen & Muthen
