Mplus VERSION 7.3
MUTHEN & MUTHEN
12/17/2016  12:06 PM

INPUT INSTRUCTIONS

  TITLE:
  Script produced from the prototype in ./sandbox/syntax-creator/
  DATA:
  File = wide-dataset.dat ;
  VARIABLE:
  NAMES are
   Case PairID female age_c80 edu_c7 sbp_c167 smoke cardio diabetes dementia_ever
      years_since_bl_01 years_since_bl_02 years_since_bl_03 years_since_bl_04
      years_since_bl_05 pef_01 pef_02 pef_03 pef_04 pef_05 grip_01 grip_02 grip_03
      grip_04 grip_05 gait_01 gait_02 gait_03 gait_04 gait_05 block_01 block_02
      block_03 block_04 block_05 digitspanbackward_01 digitspanbackward_02
      digitspanbackward_03 digitspanbackward_04 digitspanbackward_05
      digitspanforward_01 digitspanforward_02 digitspanforward_03 digitspanforward_04
      digitspanforward_05 symbol_01 symbol_02 symbol_03 symbol_04 symbol_05 prose_01
      prose_02 prose_03 prose_04 prose_05 info_01 info_02 info_03 info_04 info_05
      synonyms_01 synonyms_02 synonyms_03 synonyms_04 synonyms_05 psif_01 psif_02
      psif_03 psif_04 psif_05 figure_01 figure_02 figure_03 figure_04 figure_05
      mirrecall_01 mirrecall_02 mirrecall_03 mirrecall_04 mirrecall_05 mmse_01 mmse_02
      mmse_03 mmse_04 mmse_05 mirnaming_01 mirnaming_02 mirnaming_03 mirnaming_04
      mirnaming_05 mirrecog_01 mirrecog_02 mirrecog_03 mirrecog_04 mirrecog_05
      clock_01 clock_02 clock_03 clock_04 clock_05
  	;
  Missing are all (-9999);
  USEVARIABLES are
  	!define the variables used in the analysis
  	! covariates used in the model
  age_c80
  edu_c7	
  	!estimated time points
  time_01
  time_02
  time_03
  time_05
  	!modelled time points of process (A)
  a_01
  a_02
  a_03
  a_05
  ;
  TSCORES are
  	!estimated time points
  time_01
  time_02
  time_03
  time_05;
  CLUSTER = PairID;
  SUBPOPULATION are
  	!select a subset of observations
  dementia_ever NE 1
  ;
  DEFINE:
  	! assign variables to the process (A)
  a_01 = symbol_01;
  a_02 = symbol_02;
  a_03 = symbol_03;
  a_05 = symbol_05;
  	!assign variables to time points
  time_01 = years_since_bl_01;
  time_02 = years_since_bl_02;
  time_03 = years_since_bl_03;
  time_05 = years_since_bl_05;
  	
  ANALYSIS: TYPE = RANDOM COMPLEX;
  COVERAGE=.00;
  MODEL:
  	!first-level equation
  	! assign process (A) to time points
  ia sa qa | a_01 AT time_01 ;
  ia sa qa | a_02 AT time_02 ;
  ia sa qa | a_03 AT time_03 ;
  ia sa qa | a_05 AT time_05 ;
  	!variance of the first-level terms
  ia (v_ia);
  sa (v_sa);
  qa (v_qa);
  	!covariance among first-level terms
  ia WITH sa (c_iasa);
  ia WITH qa (c_iaqa);
  sa WITH qa (c_saqa);
  	!second-level equation
  ia sa qa ON age_c80
  edu_c7;
  	!residual covariance of process (A)
  a_01 (res_a);
  a_02 (res_a);
  a_03 (res_a);
  a_05 (res_a);	
  SAVEDATA:
  FILE is   u2_1235_ae_symbol_fscores.dat;
  SAVE = FSCORES;
  RESULTS are   u2_1235_ae_symbol_results.dat;
  	
  OUTPUT: sampstat cinterval;
  PLOT: Type is Plot1 Plot2 Plot3;



*** WARNING
  Data set contains cases with missing on x-variables.
  These cases were not included in the analysis.
  Number of cases with missing on x-variables:  46
*** WARNING
  Data set contains cases with missing on all variables except
  x-variables.  These cases were not included in the analysis.
  Number of cases with missing on all variables except x-variables:  145
   2 WARNING(S) FOUND IN THE INPUT INSTRUCTIONS




Script produced from the prototype in ./sandbox/syntax-creator/

SUMMARY OF ANALYSIS

Number of groups                                                 1
Number of observations                                         374

Number of dependent variables                                    4
Number of independent variables                                  2
Number of continuous latent variables                            3

Observed dependent variables

  Continuous
   A_01        A_02        A_03        A_05

Observed independent variables
   AGE_C80     EDU_C7

Continuous latent variables
   IA          SA          QA

Variables with special functions

  Cluster variable      PAIRID
  Weight variable       _WEIGHT

  Time scores
   TIME_01     TIME_02     TIME_03     TIME_05


Estimator                                                      MLR
Information matrix                                        OBSERVED
Maximum number of iterations                                   100
Convergence criterion                                    0.100D-05
Maximum number of EM iterations                                500
Convergence criteria for the EM algorithm
  Loglikelihood change                                   0.100D-02
  Relative loglikelihood change                          0.100D-05
  Derivative                                             0.100D-03
Minimum variance                                         0.100D-03
Maximum number of steepest descent iterations                   20
Maximum number of iterations for H1                           2000
Convergence criterion for H1                             0.100D-03
Optimization algorithm                                         EMA

Input data file(s)
  wide-dataset.dat
Input data format  FREE



SAMPLE STATISTICS


     ESTIMATED SAMPLE STATISTICS


           Means
              A_01          A_02          A_03          A_05          AGE_C80
              ________      ________      ________      ________      ________
 1             25.093        24.972        24.841        20.754         2.978


           Means
              EDU_C7
              ________
 1              0.361


           Covariances
              A_01          A_02          A_03          A_05          AGE_C80
              ________      ________      ________      ________      ________
 A_01         115.584
 A_02          86.371       105.959
 A_03          83.828        86.406       108.205
 A_05          64.116        70.331        70.119       106.361
 AGE_C80       -5.740        -4.409        -4.434        -5.774         6.699
 EDU_C7         8.975         8.030         8.918         7.772        -0.309


           Covariances
              EDU_C7
              ________
 EDU_C7         5.498


           Correlations
              A_01          A_02          A_03          A_05          AGE_C80
              ________      ________      ________      ________      ________
 A_01           1.000
 A_02           0.780         1.000
 A_03           0.750         0.807         1.000
 A_05           0.578         0.663         0.654         1.000
 AGE_C80       -0.206        -0.165        -0.165        -0.216         1.000
 EDU_C7         0.356         0.333         0.366         0.321        -0.051


           Correlations
              EDU_C7
              ________
 EDU_C7         1.000


     MAXIMUM LOG-LIKELIHOOD VALUE FOR THE UNRESTRICTED (H1) MODEL IS -6859.758


UNIVARIATE HIGHER-ORDER MOMENT DESCRIPTIVE STATISTICS


     UNIVARIATE HIGHER-ORDER MOMENT DESCRIPTIVE STATISTICS

         Variable/         Mean/     Skewness/   Minimum/ % with                Percentiles
        Sample Size      Variance    Kurtosis    Maximum  Min/Max      20%/60%    40%/80%    Median

     A_01                 25.474       0.111       0.000    3.03%      13.000     20.000     24.000
             462.000     115.014      -0.266      59.000    0.22%      26.000     34.000
     A_02                 25.993       0.228       0.000    2.75%      13.000     20.000     22.500
             364.000     106.539      -0.536      58.000    0.27%      26.000     33.000
     A_03                 26.525       0.226       0.000    5.21%      13.000     19.000     22.000
             288.000     113.272      -0.701      56.000    0.35%      26.000     34.000
     A_05                 23.538       0.453       0.000    7.80%      12.000     18.000     20.000
             141.000     107.475      -0.517      51.000    0.71%      22.000     32.000
     AGE_C80               2.978       1.091      -0.581    0.20%       0.853      1.585      2.135
             511.000       6.699       0.659      13.313    0.20%       2.789      5.194
     EDU_C7                0.361       2.023      -5.000    0.39%      -1.000     -1.000     -1.000
             511.000       5.498       5.159      13.000    0.20%       0.000      1.000


THE MODEL ESTIMATION TERMINATED NORMALLY



MODEL FIT INFORMATION

Number of Free Parameters                       16

Loglikelihood

          H0 Value                       -3288.489
          H0 Scaling Correction Factor      1.0416
            for MLR

Information Criteria

          Akaike (AIC)                    6608.977
          Bayesian (BIC)                  6671.765
          Sample-Size Adjusted BIC        6621.002
            (n* = (n + 2) / 24)



MODEL RESULTS

                                                    Two-Tailed
                    Estimate       S.E.  Est./S.E.    P-Value

 IA         ON
    AGE_C80           -0.771      0.223     -3.463      0.001
    EDU_C7             1.562      0.207      7.558      0.000

 SA         ON
    AGE_C80            0.094      0.087      1.082      0.279
    EDU_C7            -0.026      0.080     -0.330      0.741

 QA         ON
    AGE_C80           -0.011      0.012     -0.952      0.341
    EDU_C7             0.002      0.011      0.169      0.866

 IA       WITH
    SA                -1.407      2.258     -0.623      0.533
    QA                -0.235      0.293     -0.802      0.423

 SA       WITH
    QA                -0.228      0.184     -1.242      0.214

 Intercepts
    A_01               0.000      0.000    999.000    999.000
    A_02               0.000      0.000    999.000    999.000
    A_03               0.000      0.000    999.000    999.000
    A_05               0.000      0.000    999.000    999.000
    IA                26.743      0.852     31.374      0.000
    SA                 0.048      0.316      0.150      0.881
    QA                -0.070      0.042     -1.672      0.094

 Residual Variances
    A_01              20.936      2.395      8.742      0.000
    A_02              20.936      2.395      8.742      0.000
    A_03              20.936      2.395      8.742      0.000
    A_05              20.936      2.395      8.742      0.000
    IA                74.954      7.128     10.515      0.000
    SA                 2.202      1.532      1.438      0.151
    QA                 0.034      0.023      1.449      0.147


QUALITY OF NUMERICAL RESULTS

     Condition Number for the Information Matrix              0.525E-06
       (ratio of smallest to largest eigenvalue)


CONFIDENCE INTERVALS OF MODEL RESULTS

                  Lower .5%  Lower 2.5%    Lower 5%    Estimate    Upper 5%  Upper 2.5%   Upper .5%

 IA       ON
    AGE_C80         -1.345      -1.208      -1.138      -0.771      -0.405      -0.335      -0.198
    EDU_C7           1.030       1.157       1.222       1.562       1.902       1.968       2.095

 SA       ON
    AGE_C80         -0.130      -0.077      -0.049       0.094       0.238       0.265       0.319
    EDU_C7          -0.233      -0.184      -0.158      -0.026       0.106       0.131       0.180

 QA       ON
    AGE_C80         -0.041      -0.034      -0.030      -0.011       0.008       0.012       0.019
    EDU_C7          -0.027      -0.020      -0.016       0.002       0.020       0.024       0.031

 IA       WITH
    SA              -7.222      -5.832      -5.121      -1.407       2.307       3.018       4.408
    QA              -0.988      -0.808      -0.716      -0.235       0.247       0.339       0.519

 SA       WITH
    QA              -0.701      -0.588      -0.530      -0.228       0.074       0.132       0.245

 Intercepts
    A_01             0.000       0.000       0.000       0.000       0.000       0.000       0.000
    A_02             0.000       0.000       0.000       0.000       0.000       0.000       0.000
    A_03             0.000       0.000       0.000       0.000       0.000       0.000       0.000
    A_05             0.000       0.000       0.000       0.000       0.000       0.000       0.000
    IA              24.547      25.072      25.341      26.743      28.145      28.414      28.939
    SA              -0.766      -0.572      -0.472       0.048       0.567       0.667       0.861
    QA              -0.177      -0.151      -0.138      -0.070      -0.001       0.012       0.038

 Residual Variances
    A_01            14.767      16.242      16.996      20.936      24.875      25.629      27.104
    A_02            14.767      16.242      16.996      20.936      24.875      25.629      27.104
    A_03            14.767      16.242      16.996      20.936      24.875      25.629      27.104
    A_05            14.767      16.242      16.996      20.936      24.875      25.629      27.104
    IA              56.593      60.983      63.228      74.954      86.680      88.925      93.315
    SA              -1.744      -0.800      -0.318       2.202       4.722       5.204       6.148
    QA              -0.026      -0.012      -0.005       0.034       0.072       0.079       0.093


SAMPLE STATISTICS FOR ESTIMATED FACTOR SCORES


     SAMPLE STATISTICS


           Means
              IA            IA_SE         SA            SA_SE         QA
              ________      ________      ________      ________      ________
 1             22.704         3.488         0.229         1.365        -0.088


           Means
              QA_SE
              ________
 1              0.168


           Covariances
              IA            IA_SE         SA            SA_SE         QA
              ________      ________      ________      ________      ________
 IA            94.665
 IA_SE         -1.630         0.312
 SA            -0.269         0.025         0.472
 SA_SE         -0.215         0.036         0.006         0.006
 QA            -0.315         0.004        -0.044         0.000         0.007
 QA_SE         -0.029         0.004         0.000         0.001         0.000


           Covariances
              QA_SE
              ________
 QA_SE          0.000


           Correlations
              IA            IA_SE         SA            SA_SE         QA
              ________      ________      ________      ________      ________
 IA             1.000
 IA_SE         -0.300         1.000
 SA            -0.040         0.064         1.000
 SA_SE         -0.282         0.814         0.103         1.000
 QA            -0.386         0.086        -0.758         0.064         1.000
 QA_SE         -0.292         0.631         0.024         0.836         0.152


           Correlations
              QA_SE
              ________
 QA_SE          1.000


RESULTS SAVING INFORMATION

  Order of data

    Parameter estimates
     (saved in order shown in Technical 1 output)
    Standard errors
     (saved in order shown in Technical 1 output)
    H0 Loglikelihood
    H0 Scaling Correction Factor for MLR
    Number of Free Parameters
    Akaike (AIC)
    Bayesian (BIC)
    Sample-Size Adjusted BIC

  Save file
    u2_1235_ae_symbol_results.dat

  Save file format           Free


PLOT INFORMATION

The following plots are available:

  Histograms (sample values, estimated factor scores)
  Scatterplots (sample values, estimated factor scores)
  Latent variable distribution plots

SAVEDATA INFORMATION


  Save file
    u2_1235_ae_symbol_fscores.dat

  Order and format of variables

    A_01           F10.3
    A_02           F10.3
    A_03           F10.3
    A_05           F10.3
    AGE_C80        F10.3
    EDU_C7         F10.3
    TIME_01        F10.3
    TIME_02        F10.3
    TIME_03        F10.3
    TIME_05        F10.3
    _WEIGHT        F10.3
    IA             F10.3
    IA_SE          F10.3
    SA             F10.3
    SA_SE          F10.3
    QA             F10.3
    QA_SE          F10.3
    PAIRID         I6

  Save file format
    17F10.3 I6

  Save file record length    10000


     Beginning Time:  12:06:43
        Ending Time:  12:06:44
       Elapsed Time:  00:00:01



MUTHEN & MUTHEN
3463 Stoner Ave.
Los Angeles, CA  90066

Tel: (310) 391-9971
Fax: (310) 391-8971
Web: www.StatModel.com
Support: Support@StatModel.com

Copyright (c) 1998-2014 Muthen & Muthen
