Mplus VERSION 7.3
MUTHEN & MUTHEN
12/17/2016   6:14 PM

INPUT INSTRUCTIONS

  TITLE:
  Script produced from the prototype in ./sandbox/syntax-creator/
  DATA:
  File = wide-dataset.dat ;
  VARIABLE:
  NAMES are
   Case PairID female age_c80 edu_c7 sbp_c167 smoke cardio diabetes dementia_ever
      years_since_bl_01 years_since_bl_02 years_since_bl_03 years_since_bl_04
      years_since_bl_05 pef_01 pef_02 pef_03 pef_04 pef_05 grip_01 grip_02 grip_03
      grip_04 grip_05 gait_01 gait_02 gait_03 gait_04 gait_05 block_01 block_02
      block_03 block_04 block_05 digitspanbackward_01 digitspanbackward_02
      digitspanbackward_03 digitspanbackward_04 digitspanbackward_05
      digitspanforward_01 digitspanforward_02 digitspanforward_03 digitspanforward_04
      digitspanforward_05 symbol_01 symbol_02 symbol_03 symbol_04 symbol_05 prose_01
      prose_02 prose_03 prose_04 prose_05 info_01 info_02 info_03 info_04 info_05
      synonyms_01 synonyms_02 synonyms_03 synonyms_04 synonyms_05 psif_01 psif_02
      psif_03 psif_04 psif_05 figure_01 figure_02 figure_03 figure_04 figure_05
      mirrecall_01 mirrecall_02 mirrecall_03 mirrecall_04 mirrecall_05 mmse_01 mmse_02
      mmse_03 mmse_04 mmse_05 mirnaming_01 mirnaming_02 mirnaming_03 mirnaming_04
      mirnaming_05 mirrecog_01 mirrecog_02 mirrecog_03 mirrecog_04 mirrecog_05
      clock_01 clock_02 clock_03 clock_04 clock_05
  	;
  Missing are all (-9999);
  USEVARIABLES are
  	!define the variables used in the analysis
  	! covariates used in the model
  age_c80
  edu_c7
  female	
  	!estimated time points
  time_01
  time_02
  time_05
  	!modelled time points of process (A)
  a_01
  a_02
  a_05
  ;
  TSCORES are
  	!estimated time points
  time_01
  time_02
  time_05;
  CLUSTER = PairID;
  SUBPOPULATION are
  	!select a subset of observations
  dementia_ever NE 1
  ;
  DEFINE:
  	! assign variables to the process (A)
  a_01 = symbol_01;
  a_02 = symbol_02;
  a_05 = symbol_05;
  	!assign variables to time points
  time_01 = years_since_bl_01;
  time_02 = years_since_bl_02;
  time_05 = years_since_bl_05;
  	
  ANALYSIS: TYPE = RANDOM COMPLEX;
  COVERAGE=.00;
  MODEL:
  	!first-level equation
  	! assign process (A) to time points
  ia sa qa | a_01 AT time_01 ;
  ia sa qa | a_02 AT time_02 ;
  ia sa qa | a_05 AT time_05 ;
  	!variance of the first-level terms
  ia (v_ia);
  sa (v_sa);
  qa (v_qa);
  	!covariance among first-level terms
  ia WITH sa (c_iasa);
  ia WITH qa (c_iaqa);
  sa WITH qa (c_saqa);
  	!second-level equation
  ia sa qa ON age_c80
  edu_c7
  female;
  	!residual covariance of process (A)
  a_01 (res_a);
  a_02 (res_a);
  a_05 (res_a);	
  SAVEDATA:
  FILE is   u2_125_aef_symbol_fscores.dat;
  SAVE = FSCORES;
  RESULTS are   u2_125_aef_symbol_results.dat;
  	
  OUTPUT: sampstat cinterval;
  PLOT: Type is Plot1 Plot2 Plot3;



*** WARNING
  Data set contains cases with missing on x-variables.
  These cases were not included in the analysis.
  Number of cases with missing on x-variables:  46
*** WARNING
  Data set contains cases with missing on all variables except
  x-variables.  These cases were not included in the analysis.
  Number of cases with missing on all variables except x-variables:  152
   2 WARNING(S) FOUND IN THE INPUT INSTRUCTIONS




Script produced from the prototype in ./sandbox/syntax-creator/

SUMMARY OF ANALYSIS

Number of groups                                                 1
Number of observations                                         371

Number of dependent variables                                    3
Number of independent variables                                  3
Number of continuous latent variables                            3

Observed dependent variables

  Continuous
   A_01        A_02        A_05

Observed independent variables
   AGE_C80     EDU_C7      FEMALE

Continuous latent variables
   IA          SA          QA

Variables with special functions

  Cluster variable      PAIRID
  Weight variable       _WEIGHT

  Time scores
   TIME_01     TIME_02     TIME_05


Estimator                                                      MLR
Information matrix                                        OBSERVED
Maximum number of iterations                                   100
Convergence criterion                                    0.100D-05
Maximum number of EM iterations                                500
Convergence criteria for the EM algorithm
  Loglikelihood change                                   0.100D-02
  Relative loglikelihood change                          0.100D-05
  Derivative                                             0.100D-03
Minimum variance                                         0.100D-03
Maximum number of steepest descent iterations                   20
Maximum number of iterations for H1                           2000
Convergence criterion for H1                             0.100D-03
Optimization algorithm                                         EMA

Input data file(s)
  wide-dataset.dat
Input data format  FREE



SAMPLE STATISTICS


     ESTIMATED SAMPLE STATISTICS


           Means
              A_01          A_02          A_05          AGE_C80       EDU_C7
              ________      ________      ________      ________      ________
 1             25.158        25.135        21.128         2.974         0.375


           Means
              FEMALE
              ________
 1              0.666


           Covariances
              A_01          A_02          A_05          AGE_C80       EDU_C7
              ________      ________      ________      ________      ________
 A_01         115.445
 A_02          85.633       104.885
 A_05          63.967        67.579       105.519
 AGE_C80       -5.673        -4.235        -6.149         6.681
 EDU_C7         8.884         7.713         7.883        -0.268         5.485
 FEMALE         0.051         0.366        -0.162         0.061        -0.088


           Covariances
              FEMALE
              ________
 FEMALE         0.223


           Correlations
              A_01          A_02          A_05          AGE_C80       EDU_C7
              ________      ________      ________      ________      ________
 A_01           1.000
 A_02           0.778         1.000
 A_05           0.580         0.642         1.000
 AGE_C80       -0.204        -0.160        -0.232         1.000
 EDU_C7         0.353         0.322         0.328        -0.044         1.000
 FEMALE         0.010         0.076        -0.033         0.050        -0.079


           Correlations
              FEMALE
              ________
 FEMALE         1.000


     MAXIMUM LOG-LIKELIHOOD VALUE FOR THE UNRESTRICTED (H1) MODEL IS -6196.070


UNIVARIATE HIGHER-ORDER MOMENT DESCRIPTIVE STATISTICS


     UNIVARIATE HIGHER-ORDER MOMENT DESCRIPTIVE STATISTICS

         Variable/         Mean/     Skewness/   Minimum/ % with                Percentiles
        Sample Size      Variance    Kurtosis    Maximum  Min/Max      20%/60%    40%/80%    Median

     A_01                 25.474       0.111       0.000    3.03%      13.000     20.000     24.000
             462.000     115.014      -0.266      59.000    0.22%      26.000     34.000
     A_02                 25.993       0.228       0.000    2.75%      13.000     20.000     22.500
             364.000     106.539      -0.536      58.000    0.27%      26.000     33.000
     A_05                 23.538       0.453       0.000    7.80%      12.000     18.000     20.000
             141.000     107.475      -0.517      51.000    0.71%      22.000     32.000
     AGE_C80               2.974       1.098      -0.581    0.20%       0.853      1.585      2.119
             504.000       6.681       0.688      13.313    0.20%       2.768      5.153
     EDU_C7                0.375       2.047      -5.000    0.20%      -1.000     -1.000     -1.000
             504.000       5.485       5.183      13.000    0.20%       0.000      1.000
     FEMALE                0.666      -0.703       0.000   33.93%       0.000      1.000      1.000
             504.000       0.223      -1.506       1.000   66.07%       1.000      1.000


THE MODEL ESTIMATION TERMINATED NORMALLY



MODEL FIT INFORMATION

Number of Free Parameters                       19

Loglikelihood

          H0 Value                       -2594.015
          H0 Scaling Correction Factor      0.9969
            for MLR

Information Criteria

          Akaike (AIC)                    5226.030
          Bayesian (BIC)                  5300.438
          Sample-Size Adjusted BIC        5240.157
            (n* = (n + 2) / 24)



MODEL RESULTS

                                                    Two-Tailed
                    Estimate       S.E.  Est./S.E.    P-Value

 IA         ON
    AGE_C80           -0.790      0.226     -3.500      0.000
    EDU_C7             1.604      0.210      7.619      0.000
    FEMALE             1.061      1.169      0.907      0.364

 SA         ON
    AGE_C80            0.124      0.110      1.122      0.262
    EDU_C7            -0.122      0.103     -1.178      0.239
    FEMALE             0.936      0.501      1.866      0.062

 QA         ON
    AGE_C80           -0.017      0.014     -1.201      0.230
    EDU_C7             0.012      0.013      0.947      0.344
    FEMALE            -0.133      0.062     -2.145      0.032

 IA       WITH
    SA                -4.397      6.377     -0.690      0.490
    QA                 0.047      0.662      0.071      0.943

 SA       WITH
    QA                -0.417      0.836     -0.498      0.618

 Intercepts
    A_01               0.000      0.000    999.000    999.000
    A_02               0.000      0.000    999.000    999.000
    A_05               0.000      0.000    999.000    999.000
    IA                26.195      1.148     22.816      0.000
    SA                -0.766      0.461     -1.663      0.096
    QA                 0.048      0.058      0.828      0.408

 Residual Variances
    A_01              18.175      9.253      1.964      0.050
    A_02              18.175      9.253      1.964      0.050
    A_05              18.175      9.253      1.964      0.050
    IA                78.379     11.752      6.670      0.000
    SA                 4.363      7.542      0.578      0.563
    QA                 0.050      0.096      0.517      0.605


QUALITY OF NUMERICAL RESULTS

     Condition Number for the Information Matrix              0.127E-06
       (ratio of smallest to largest eigenvalue)


CONFIDENCE INTERVALS OF MODEL RESULTS

                  Lower .5%  Lower 2.5%    Lower 5%    Estimate    Upper 5%  Upper 2.5%   Upper .5%

 IA       ON
    AGE_C80         -1.372      -1.233      -1.162      -0.790      -0.419      -0.348      -0.209
    EDU_C7           1.061       1.191       1.257       1.604       1.950       2.016       2.146
    FEMALE          -1.950      -1.230      -0.862       1.061       2.983       3.351       4.071

 SA       ON
    AGE_C80         -0.160      -0.092      -0.058       0.124       0.305       0.340       0.408
    EDU_C7          -0.388      -0.324      -0.292      -0.122       0.048       0.081       0.144
    FEMALE          -0.356      -0.047       0.111       0.936       1.761       1.919       2.228

 QA       ON
    AGE_C80         -0.052      -0.044      -0.039      -0.017       0.006       0.010       0.019
    EDU_C7          -0.021      -0.013      -0.009       0.012       0.033       0.037       0.045
    FEMALE          -0.292      -0.254      -0.234      -0.133      -0.031      -0.011       0.027

 IA       WITH
    SA             -20.823     -16.896     -14.887      -4.397       6.093       8.102      12.029
    QA              -1.658      -1.250      -1.042       0.047       1.136       1.345       1.752

 SA       WITH
    QA              -2.570      -2.055      -1.792      -0.417       0.959       1.222       1.737

 Intercepts
    A_01             0.000       0.000       0.000       0.000       0.000       0.000       0.000
    A_02             0.000       0.000       0.000       0.000       0.000       0.000       0.000
    A_05             0.000       0.000       0.000       0.000       0.000       0.000       0.000
    IA              23.238      23.945      24.306      26.195      28.083      28.445      29.152
    SA              -1.953      -1.669      -1.524      -0.766      -0.008       0.137       0.421
    QA              -0.102      -0.066      -0.048       0.048       0.144       0.163       0.198

 Residual Variances
    A_01            -5.660       0.038       2.953      18.175      33.397      36.312      42.010
    A_02            -5.660       0.038       2.953      18.175      33.397      36.312      42.010
    A_05            -5.660       0.038       2.953      18.175      33.397      36.312      42.010
    IA              48.109      55.345      59.047      78.379      97.710     101.412     108.648
    SA             -15.065     -10.420      -8.044       4.363      16.770      19.146      23.790
    QA              -0.198      -0.138      -0.108       0.050       0.207       0.238       0.297


SAMPLE STATISTICS FOR ESTIMATED FACTOR SCORES


     SAMPLE STATISTICS


           Means
              IA            IA_SE         SA            SA_SE         QA
              ________      ________      ________      ________      ________
 1             23.001         3.563         0.144         1.884        -0.076


           Means
              QA_SE
              ________
 1              0.207


           Covariances
              IA            IA_SE         SA            SA_SE         QA
              ________      ________      ________      ________      ________
 IA            98.149
 IA_SE         -1.441         0.316
 SA            -3.720         0.054         1.266
 SA_SE         -0.363         0.053         0.024         0.014
 QA             0.033        -0.001        -0.116        -0.001         0.014
 QA_SE         -0.028         0.004         0.003         0.001         0.000


           Covariances
              QA_SE
              ________
 QA_SE          0.000


           Correlations
              IA            IA_SE         SA            SA_SE         QA
              ________      ________      ________      ________      ________
 IA             1.000
 IA_SE         -0.259         1.000
 SA            -0.334         0.086         1.000
 SA_SE         -0.306         0.780         0.178         1.000
 QA             0.028        -0.022        -0.870        -0.085         1.000
 QA_SE         -0.265         0.620         0.213         0.947        -0.138


           Correlations
              QA_SE
              ________
 QA_SE          1.000


RESULTS SAVING INFORMATION

  Order of data

    Parameter estimates
     (saved in order shown in Technical 1 output)
    Standard errors
     (saved in order shown in Technical 1 output)
    H0 Loglikelihood
    H0 Scaling Correction Factor for MLR
    Number of Free Parameters
    Akaike (AIC)
    Bayesian (BIC)
    Sample-Size Adjusted BIC

  Save file
    u2_125_aef_symbol_results.dat

  Save file format           Free


PLOT INFORMATION

The following plots are available:

  Histograms (sample values, estimated factor scores)
  Scatterplots (sample values, estimated factor scores)
  Latent variable distribution plots

SAVEDATA INFORMATION


  Save file
    u2_125_aef_symbol_fscores.dat

  Order and format of variables

    A_01           F10.3
    A_02           F10.3
    A_05           F10.3
    AGE_C80        F10.3
    EDU_C7         F10.3
    FEMALE         F10.3
    TIME_01        F10.3
    TIME_02        F10.3
    TIME_05        F10.3
    _WEIGHT        F10.3
    IA             F10.3
    IA_SE          F10.3
    SA             F10.3
    SA_SE          F10.3
    QA             F10.3
    QA_SE          F10.3
    PAIRID         I6

  Save file format
    16F10.3 I6

  Save file record length    10000


     Beginning Time:  18:14:30
        Ending Time:  18:14:32
       Elapsed Time:  00:00:02



MUTHEN & MUTHEN
3463 Stoner Ave.
Los Angeles, CA  90066

Tel: (310) 391-9971
Fax: (310) 391-8971
Web: www.StatModel.com
Support: Support@StatModel.com

Copyright (c) 1998-2014 Muthen & Muthen
