Mplus VERSION 7.3
MUTHEN & MUTHEN
12/17/2016   6:14 PM

INPUT INSTRUCTIONS

  TITLE:
  Script produced from the prototype in ./sandbox/syntax-creator/
  DATA:
  File = wide-dataset.dat ;
  VARIABLE:
  NAMES are
   Case PairID female age_c80 edu_c7 sbp_c167 smoke cardio diabetes dementia_ever
      years_since_bl_01 years_since_bl_02 years_since_bl_03 years_since_bl_04
      years_since_bl_05 pef_01 pef_02 pef_03 pef_04 pef_05 grip_01 grip_02 grip_03
      grip_04 grip_05 gait_01 gait_02 gait_03 gait_04 gait_05 block_01 block_02
      block_03 block_04 block_05 digitspanbackward_01 digitspanbackward_02
      digitspanbackward_03 digitspanbackward_04 digitspanbackward_05
      digitspanforward_01 digitspanforward_02 digitspanforward_03 digitspanforward_04
      digitspanforward_05 symbol_01 symbol_02 symbol_03 symbol_04 symbol_05 prose_01
      prose_02 prose_03 prose_04 prose_05 info_01 info_02 info_03 info_04 info_05
      synonyms_01 synonyms_02 synonyms_03 synonyms_04 synonyms_05 psif_01 psif_02
      psif_03 psif_04 psif_05 figure_01 figure_02 figure_03 figure_04 figure_05
      mirrecall_01 mirrecall_02 mirrecall_03 mirrecall_04 mirrecall_05 mmse_01 mmse_02
      mmse_03 mmse_04 mmse_05 mirnaming_01 mirnaming_02 mirnaming_03 mirnaming_04
      mirnaming_05 mirrecog_01 mirrecog_02 mirrecog_03 mirrecog_04 mirrecog_05
      clock_01 clock_02 clock_03 clock_04 clock_05
  	;
  Missing are all (-9999);
  USEVARIABLES are
  	!define the variables used in the analysis
  	! covariates used in the model
  age_c80
  edu_c7	
  	!estimated time points
  time_01
  time_02
  time_05
  	!modelled time points of process (A)
  a_01
  a_02
  a_05
  ;
  TSCORES are
  	!estimated time points
  time_01
  time_02
  time_05;
  CLUSTER = PairID;
  SUBPOPULATION are
  	!select a subset of observations
  dementia_ever NE 1
  ;
  DEFINE:
  	! assign variables to the process (A)
  a_01 = symbol_01;
  a_02 = symbol_02;
  a_05 = symbol_05;
  	!assign variables to time points
  time_01 = years_since_bl_01;
  time_02 = years_since_bl_02;
  time_05 = years_since_bl_05;
  	
  ANALYSIS: TYPE = RANDOM COMPLEX;
  COVERAGE=.00;
  MODEL:
  	!first-level equation
  	! assign process (A) to time points
  ia sa qa | a_01 AT time_01 ;
  ia sa qa | a_02 AT time_02 ;
  ia sa qa | a_05 AT time_05 ;
  	!variance of the first-level terms
  ia (v_ia);
  sa (v_sa);
  qa (v_qa);
  	!covariance among first-level terms
  ia WITH sa (c_iasa);
  ia WITH qa (c_iaqa);
  sa WITH qa (c_saqa);
  	!second-level equation
  ia sa qa ON age_c80
  edu_c7;
  	!residual covariance of process (A)
  a_01 (res_a);
  a_02 (res_a);
  a_05 (res_a);	
  SAVEDATA:
  FILE is   u2_125_ae_symbol_fscores.dat;
  SAVE = FSCORES;
  RESULTS are   u2_125_ae_symbol_results.dat;
  	
  OUTPUT: sampstat cinterval;
  PLOT: Type is Plot1 Plot2 Plot3;



*** WARNING
  Data set contains cases with missing on x-variables.
  These cases were not included in the analysis.
  Number of cases with missing on x-variables:  46
*** WARNING
  Data set contains cases with missing on all variables except
  x-variables.  These cases were not included in the analysis.
  Number of cases with missing on all variables except x-variables:  152
   2 WARNING(S) FOUND IN THE INPUT INSTRUCTIONS




Script produced from the prototype in ./sandbox/syntax-creator/

SUMMARY OF ANALYSIS

Number of groups                                                 1
Number of observations                                         371

Number of dependent variables                                    3
Number of independent variables                                  2
Number of continuous latent variables                            3

Observed dependent variables

  Continuous
   A_01        A_02        A_05

Observed independent variables
   AGE_C80     EDU_C7

Continuous latent variables
   IA          SA          QA

Variables with special functions

  Cluster variable      PAIRID
  Weight variable       _WEIGHT

  Time scores
   TIME_01     TIME_02     TIME_05


Estimator                                                      MLR
Information matrix                                        OBSERVED
Maximum number of iterations                                   100
Convergence criterion                                    0.100D-05
Maximum number of EM iterations                                500
Convergence criteria for the EM algorithm
  Loglikelihood change                                   0.100D-02
  Relative loglikelihood change                          0.100D-05
  Derivative                                             0.100D-03
Minimum variance                                         0.100D-03
Maximum number of steepest descent iterations                   20
Maximum number of iterations for H1                           2000
Convergence criterion for H1                             0.100D-03
Optimization algorithm                                         EMA

Input data file(s)
  wide-dataset.dat
Input data format  FREE



SAMPLE STATISTICS


     ESTIMATED SAMPLE STATISTICS


           Means
              A_01          A_02          A_05          AGE_C80       EDU_C7
              ________      ________      ________      ________      ________
 1             25.164        25.091        21.045         2.974         0.375


           Covariances
              A_01          A_02          A_05          AGE_C80       EDU_C7
              ________      ________      ________      ________      ________
 A_01         115.478
 A_02          85.670       104.976
 A_05          63.948        67.883       105.651
 AGE_C80       -5.673        -4.273        -6.179         6.681
 EDU_C7         8.896         7.735         7.854        -0.268         5.485


           Correlations
              A_01          A_02          A_05          AGE_C80       EDU_C7
              ________      ________      ________      ________      ________
 A_01           1.000
 A_02           0.778         1.000
 A_05           0.579         0.645         1.000
 AGE_C80       -0.204        -0.161        -0.233         1.000
 EDU_C7         0.353         0.322         0.326        -0.044         1.000


     MAXIMUM LOG-LIKELIHOOD VALUE FOR THE UNRESTRICTED (H1) MODEL IS -5865.406


UNIVARIATE HIGHER-ORDER MOMENT DESCRIPTIVE STATISTICS


     UNIVARIATE HIGHER-ORDER MOMENT DESCRIPTIVE STATISTICS

         Variable/         Mean/     Skewness/   Minimum/ % with                Percentiles
        Sample Size      Variance    Kurtosis    Maximum  Min/Max      20%/60%    40%/80%    Median

     A_01                 25.474       0.111       0.000    3.03%      13.000     20.000     24.000
             462.000     115.014      -0.266      59.000    0.22%      26.000     34.000
     A_02                 25.993       0.228       0.000    2.75%      13.000     20.000     22.500
             364.000     106.539      -0.536      58.000    0.27%      26.000     33.000
     A_05                 23.538       0.453       0.000    7.80%      12.000     18.000     20.000
             141.000     107.475      -0.517      51.000    0.71%      22.000     32.000
     AGE_C80               2.974       1.098      -0.581    0.20%       0.853      1.585      2.119
             504.000       6.681       0.688      13.313    0.20%       2.768      5.153
     EDU_C7                0.375       2.047      -5.000    0.20%      -1.000     -1.000     -1.000
             504.000       5.485       5.183      13.000    0.20%       0.000      1.000


THE MODEL ESTIMATION TERMINATED NORMALLY



MODEL FIT INFORMATION

Number of Free Parameters                       16

Loglikelihood

          H0 Value                       -2596.922
          H0 Scaling Correction Factor      1.0187
            for MLR

Information Criteria

          Akaike (AIC)                    5225.845
          Bayesian (BIC)                  5288.504
          Sample-Size Adjusted BIC        5237.741
            (n* = (n + 2) / 24)



MODEL RESULTS

                                                    Two-Tailed
                    Estimate       S.E.  Est./S.E.    P-Value

 IA         ON
    AGE_C80           -0.781      0.225     -3.468      0.001
    EDU_C7             1.589      0.207      7.662      0.000

 SA         ON
    AGE_C80            0.126      0.113      1.116      0.264
    EDU_C7            -0.133      0.105     -1.265      0.206

 QA         ON
    AGE_C80           -0.017      0.014     -1.206      0.228
    EDU_C7             0.014      0.013      1.044      0.297

 IA       WITH
    SA                -4.318      7.315     -0.590      0.555
    QA                 0.031      0.756      0.042      0.967

 SA       WITH
    QA                -0.462      0.989     -0.467      0.641

 Intercepts
    A_01               0.000      0.000    999.000    999.000
    A_02               0.000      0.000    999.000    999.000
    A_05               0.000      0.000    999.000    999.000
    IA                26.885      0.867     31.000      0.000
    SA                -0.181      0.410     -0.442      0.658
    QA                -0.036      0.049     -0.741      0.459

 Residual Variances
    A_01              17.965     10.804      1.663      0.096
    A_02              17.965     10.804      1.663      0.096
    A_05              17.965     10.804      1.663      0.096
    IA                78.818     13.088      6.022      0.000
    SA                 4.712      8.855      0.532      0.595
    QA                 0.056      0.114      0.487      0.627


QUALITY OF NUMERICAL RESULTS

     Condition Number for the Information Matrix              0.114E-06
       (ratio of smallest to largest eigenvalue)


CONFIDENCE INTERVALS OF MODEL RESULTS

                  Lower .5%  Lower 2.5%    Lower 5%    Estimate    Upper 5%  Upper 2.5%   Upper .5%

 IA       ON
    AGE_C80         -1.361      -1.222      -1.151      -0.781      -0.410      -0.340      -0.201
    EDU_C7           1.055       1.182       1.248       1.589       1.930       1.995       2.123

 SA       ON
    AGE_C80         -0.165      -0.096      -0.060       0.126       0.313       0.349       0.418
    EDU_C7          -0.404      -0.339      -0.306      -0.133       0.040       0.073       0.138

 QA       ON
    AGE_C80         -0.053      -0.045      -0.040      -0.017       0.006       0.011       0.019
    EDU_C7          -0.020      -0.012      -0.008       0.014       0.035       0.039       0.047

 IA       WITH
    SA             -23.159     -18.655     -16.351      -4.318       7.716      10.020      14.524
    QA              -1.915      -1.450      -1.212       0.031       1.275       1.513       1.978

 SA       WITH
    QA              -3.010      -2.401      -2.089      -0.462       1.166       1.478       2.087

 Intercepts
    A_01             0.000       0.000       0.000       0.000       0.000       0.000       0.000
    A_02             0.000       0.000       0.000       0.000       0.000       0.000       0.000
    A_05             0.000       0.000       0.000       0.000       0.000       0.000       0.000
    IA              24.651      25.185      25.458      26.885      28.312      28.585      29.119
    SA              -1.236      -0.984      -0.855      -0.181       0.493       0.622       0.874
    QA              -0.162      -0.132      -0.116      -0.036       0.044       0.059       0.089

 Residual Variances
    A_01            -9.865      -3.212       0.192      17.965      35.738      39.142      45.795
    A_02            -9.865      -3.212       0.192      17.965      35.738      39.142      45.795
    A_05            -9.865      -3.212       0.192      17.965      35.738      39.142      45.795
    IA              45.105      53.165      57.288      78.818     100.348     104.471     112.531
    SA             -18.097     -12.644      -9.854       4.712      19.279      22.068      27.521
    QA              -0.239      -0.168      -0.132       0.056       0.244       0.280       0.350


SAMPLE STATISTICS FOR ESTIMATED FACTOR SCORES


     SAMPLE STATISTICS


           Means
              IA            IA_SE         SA            SA_SE         QA
              ________      ________      ________      ________      ________
 1             23.011         3.560         0.107         1.951        -0.072


           Means
              QA_SE
              ________
 1              0.217


           Covariances
              IA            IA_SE         SA            SA_SE         QA
              ________      ________      ________      ________      ________
 IA            98.286
 IA_SE         -1.441         0.323
 SA            -3.513         0.027         1.124
 SA_SE         -0.390         0.057         0.022         0.017
 QA             0.000         0.002        -0.096        -0.001         0.011
 QA_SE         -0.033         0.004         0.003         0.002         0.000


           Covariances
              QA_SE
              ________
 QA_SE          0.000


           Correlations
              IA            IA_SE         SA            SA_SE         QA
              ________      ________      ________      ________      ________
 IA             1.000
 IA_SE         -0.256         1.000
 SA            -0.334         0.044         1.000
 SA_SE         -0.299         0.760         0.161         1.000
 QA             0.000         0.037        -0.850        -0.061         1.000
 QA_SE         -0.266         0.599         0.188         0.956        -0.103


           Correlations
              QA_SE
              ________
 QA_SE          1.000


RESULTS SAVING INFORMATION

  Order of data

    Parameter estimates
     (saved in order shown in Technical 1 output)
    Standard errors
     (saved in order shown in Technical 1 output)
    H0 Loglikelihood
    H0 Scaling Correction Factor for MLR
    Number of Free Parameters
    Akaike (AIC)
    Bayesian (BIC)
    Sample-Size Adjusted BIC

  Save file
    u2_125_ae_symbol_results.dat

  Save file format           Free


PLOT INFORMATION

The following plots are available:

  Histograms (sample values, estimated factor scores)
  Scatterplots (sample values, estimated factor scores)
  Latent variable distribution plots

SAVEDATA INFORMATION


  Save file
    u2_125_ae_symbol_fscores.dat

  Order and format of variables

    A_01           F10.3
    A_02           F10.3
    A_05           F10.3
    AGE_C80        F10.3
    EDU_C7         F10.3
    TIME_01        F10.3
    TIME_02        F10.3
    TIME_05        F10.3
    _WEIGHT        F10.3
    IA             F10.3
    IA_SE          F10.3
    SA             F10.3
    SA_SE          F10.3
    QA             F10.3
    QA_SE          F10.3
    PAIRID         I6

  Save file format
    15F10.3 I6

  Save file record length    10000


     Beginning Time:  18:14:28
        Ending Time:  18:14:30
       Elapsed Time:  00:00:02



MUTHEN & MUTHEN
3463 Stoner Ave.
Los Angeles, CA  90066

Tel: (310) 391-9971
Fax: (310) 391-8971
Web: www.StatModel.com
Support: Support@StatModel.com

Copyright (c) 1998-2014 Muthen & Muthen
