Mplus VERSION 7.3
MUTHEN & MUTHEN
12/17/2016  12:06 PM

INPUT INSTRUCTIONS

  TITLE:
  Script produced from the prototype in ./sandbox/syntax-creator/
  DATA:
  File = wide-dataset.dat ;
  VARIABLE:
  NAMES are
   Case PairID female age_c80 edu_c7 sbp_c167 smoke cardio diabetes dementia_ever
      years_since_bl_01 years_since_bl_02 years_since_bl_03 years_since_bl_04
      years_since_bl_05 pef_01 pef_02 pef_03 pef_04 pef_05 grip_01 grip_02 grip_03
      grip_04 grip_05 gait_01 gait_02 gait_03 gait_04 gait_05 block_01 block_02
      block_03 block_04 block_05 digitspanbackward_01 digitspanbackward_02
      digitspanbackward_03 digitspanbackward_04 digitspanbackward_05
      digitspanforward_01 digitspanforward_02 digitspanforward_03 digitspanforward_04
      digitspanforward_05 symbol_01 symbol_02 symbol_03 symbol_04 symbol_05 prose_01
      prose_02 prose_03 prose_04 prose_05 info_01 info_02 info_03 info_04 info_05
      synonyms_01 synonyms_02 synonyms_03 synonyms_04 synonyms_05 psif_01 psif_02
      psif_03 psif_04 psif_05 figure_01 figure_02 figure_03 figure_04 figure_05
      mirrecall_01 mirrecall_02 mirrecall_03 mirrecall_04 mirrecall_05 mmse_01 mmse_02
      mmse_03 mmse_04 mmse_05 mirnaming_01 mirnaming_02 mirnaming_03 mirnaming_04
      mirnaming_05 mirrecog_01 mirrecog_02 mirrecog_03 mirrecog_04 mirrecog_05
      clock_01 clock_02 clock_03 clock_04 clock_05
  	;
  Missing are all (-9999);
  USEVARIABLES are
  	!define the variables used in the analysis
  	! covariates used in the model
  age_c80	
  	!estimated time points
  time_01
  time_02
  time_04
  time_05
  	!modelled time points of process (A)
  a_01
  a_02
  a_04
  a_05
  ;
  TSCORES are
  	!estimated time points
  time_01
  time_02
  time_04
  time_05;
  CLUSTER = PairID;
  SUBPOPULATION are
  	!select a subset of observations
  dementia_ever NE 1
  ;
  DEFINE:
  	! assign variables to the process (A)
  a_01 = symbol_01;
  a_02 = symbol_02;
  a_04 = symbol_04;
  a_05 = symbol_05;
  	!assign variables to time points
  time_01 = years_since_bl_01;
  time_02 = years_since_bl_02;
  time_04 = years_since_bl_04;
  time_05 = years_since_bl_05;
  	
  ANALYSIS: TYPE = RANDOM COMPLEX;
  COVERAGE=.00;
  MODEL:
  	!first-level equation
  	! assign process (A) to time points
  ia sa qa | a_01 AT time_01 ;
  ia sa qa | a_02 AT time_02 ;
  ia sa qa | a_04 AT time_04 ;
  ia sa qa | a_05 AT time_05 ;
  	!variance of the first-level terms
  ia (v_ia);
  sa (v_sa);
  qa (v_qa);
  	!covariance among first-level terms
  ia WITH sa (c_iasa);
  ia WITH qa (c_iaqa);
  sa WITH qa (c_saqa);
  	!second-level equation
  ia sa qa ON age_c80;
  	!residual covariance of process (A)
  a_01 (res_a);
  a_02 (res_a);
  a_04 (res_a);
  a_05 (res_a);	
  SAVEDATA:
  FILE is   u2_1245_a_symbol_fscores.dat;
  SAVE = FSCORES;
  RESULTS are   u2_1245_a_symbol_results.dat;
  	
  OUTPUT: sampstat cinterval;
  PLOT: Type is Plot1 Plot2 Plot3;



*** WARNING
  Data set contains cases with missing on all variables except
  x-variables.  These cases were not included in the analysis.
  Number of cases with missing on all variables except x-variables:  187
   1 WARNING(S) FOUND IN THE INPUT INSTRUCTIONS




Script produced from the prototype in ./sandbox/syntax-creator/

SUMMARY OF ANALYSIS

Number of groups                                                 1
Number of observations                                         372

Number of dependent variables                                    4
Number of independent variables                                  1
Number of continuous latent variables                            3

Observed dependent variables

  Continuous
   A_01        A_02        A_04        A_05

Observed independent variables
   AGE_C80

Continuous latent variables
   IA          SA          QA

Variables with special functions

  Cluster variable      PAIRID
  Weight variable       _WEIGHT

  Time scores
   TIME_01     TIME_02     TIME_04     TIME_05


Estimator                                                      MLR
Information matrix                                        OBSERVED
Maximum number of iterations                                   100
Convergence criterion                                    0.100D-05
Maximum number of EM iterations                                500
Convergence criteria for the EM algorithm
  Loglikelihood change                                   0.100D-02
  Relative loglikelihood change                          0.100D-05
  Derivative                                             0.100D-03
Minimum variance                                         0.100D-03
Maximum number of steepest descent iterations                   20
Maximum number of iterations for H1                           2000
Convergence criterion for H1                             0.100D-03
Optimization algorithm                                         EMA

Input data file(s)
  wide-dataset.dat
Input data format  FREE



SAMPLE STATISTICS


     ESTIMATED SAMPLE STATISTICS


           Means
              A_01          A_02          A_04          A_05          AGE_C80
              ________      ________      ________      ________      ________
 1             25.108        25.048        23.399        20.332         2.975


           Covariances
              A_01          A_02          A_04          A_05          AGE_C80
              ________      ________      ________      ________      ________
 A_01         116.434
 A_02          87.545       107.605
 A_04          77.220        82.182       108.977
 A_05          66.832        71.176        81.527       107.518
 AGE_C80       -5.744        -4.319        -6.419        -6.206         6.663


           Correlations
              A_01          A_02          A_04          A_05          AGE_C80
              ________      ________      ________      ________      ________
 A_01           1.000
 A_02           0.782         1.000
 A_04           0.686         0.759         1.000
 A_05           0.597         0.662         0.753         1.000
 AGE_C80       -0.206        -0.161        -0.238        -0.232         1.000


     MAXIMUM LOG-LIKELIHOOD VALUE FOR THE UNRESTRICTED (H1) MODEL IS -5546.671


UNIVARIATE HIGHER-ORDER MOMENT DESCRIPTIVE STATISTICS


     UNIVARIATE HIGHER-ORDER MOMENT DESCRIPTIVE STATISTICS

         Variable/         Mean/     Skewness/   Minimum/ % with                Percentiles
        Sample Size      Variance    Kurtosis    Maximum  Min/Max      20%/60%    40%/80%    Median

     A_01                 25.474       0.111       0.000    4.27%      13.000     19.000     24.000
             468.000     115.014      -0.266      59.000    0.21%      26.000     33.000
     A_02                 25.897       0.191       0.000    3.54%      13.000     20.000     22.000
             367.000     108.622      -0.489      58.000    0.27%      26.000     33.000
     A_04                 26.116       0.177       0.000    8.04%      12.000     18.000     21.000
             199.000     113.690      -0.936      52.000    0.50%      26.000     36.000
     A_05                 23.538       0.453       0.000    7.80%      12.000     18.000     20.000
             141.000     107.475      -0.517      51.000    0.71%      22.000     32.000
     AGE_C80               2.975       1.097      -0.581    0.19%       0.866      1.623      2.164
             515.000       6.663       0.695      13.313    0.19%       2.827      5.194


THE MODEL ESTIMATION TERMINATED NORMALLY



MODEL FIT INFORMATION

Number of Free Parameters                       13

Loglikelihood

          H0 Value                       -3127.836
          H0 Scaling Correction Factor      1.0119
            for MLR

Information Criteria

          Akaike (AIC)                    6281.673
          Bayesian (BIC)                  6332.619
          Sample-Size Adjusted BIC        6291.374
            (n* = (n + 2) / 24)



MODEL RESULTS

                                                    Two-Tailed
                    Estimate       S.E.  Est./S.E.    P-Value

 IA         ON
    AGE_C80           -0.829      0.226     -3.674      0.000

 SA         ON
    AGE_C80            0.065      0.104      0.625      0.532

 QA         ON
    AGE_C80           -0.011      0.014     -0.798      0.425

 IA       WITH
    SA                -2.051      2.867     -0.715      0.474
    QA                -0.172      0.358     -0.481      0.630

 SA       WITH
    QA                -0.198      0.213     -0.930      0.352

 Intercepts
    A_01               0.000      0.000    999.000    999.000
    A_02               0.000      0.000    999.000    999.000
    A_04               0.000      0.000    999.000    999.000
    A_05               0.000      0.000    999.000    999.000
    IA                27.480      0.933     29.446      0.000
    SA                 0.172      0.362      0.475      0.635
    QA                -0.082      0.046     -1.799      0.072

 Residual Variances
    A_01              21.710      2.844      7.634      0.000
    A_02              21.710      2.844      7.634      0.000
    A_04              21.710      2.844      7.634      0.000
    A_05              21.710      2.844      7.634      0.000
    IA                88.945      8.676     10.252      0.000
    SA                 2.251      1.857      1.212      0.225
    QA                 0.025      0.026      0.978      0.328


QUALITY OF NUMERICAL RESULTS

     Condition Number for the Information Matrix              0.313E-06
       (ratio of smallest to largest eigenvalue)


CONFIDENCE INTERVALS OF MODEL RESULTS

                  Lower .5%  Lower 2.5%    Lower 5%    Estimate    Upper 5%  Upper 2.5%   Upper .5%

 IA       ON
    AGE_C80         -1.411      -1.272      -1.200      -0.829      -0.458      -0.387      -0.248

 SA       ON
    AGE_C80         -0.203      -0.139      -0.106       0.065       0.236       0.269       0.333

 QA       ON
    AGE_C80         -0.046      -0.037      -0.033      -0.011       0.011       0.016       0.024

 IA       WITH
    SA              -9.437      -7.671      -6.768      -2.051       2.666       3.569       5.335
    QA              -1.095      -0.874      -0.761      -0.172       0.417       0.529       0.750

 SA       WITH
    QA              -0.748      -0.617      -0.550      -0.198       0.153       0.220       0.351

 Intercepts
    A_01             0.000       0.000       0.000       0.000       0.000       0.000       0.000
    A_02             0.000       0.000       0.000       0.000       0.000       0.000       0.000
    A_04             0.000       0.000       0.000       0.000       0.000       0.000       0.000
    A_05             0.000       0.000       0.000       0.000       0.000       0.000       0.000
    IA              25.076      25.651      25.945      27.480      29.015      29.309      29.884
    SA              -0.761      -0.538      -0.424       0.172       0.768       0.883       1.106
    QA              -0.199      -0.171      -0.157      -0.082      -0.007       0.007       0.035

 Residual Variances
    A_01            14.385      16.136      17.032      21.710      26.389      27.285      29.036
    A_02            14.385      16.136      17.032      21.710      26.389      27.285      29.036
    A_04            14.385      16.136      17.032      21.710      26.389      27.285      29.036
    A_05            14.385      16.136      17.032      21.710      26.389      27.285      29.036
    IA              66.597      71.940      74.673      88.945     103.217     105.950     111.293
    SA              -2.532      -1.389      -0.804       2.251       5.306       5.891       7.035
    QA              -0.041      -0.025      -0.017       0.025       0.067       0.076       0.091


SAMPLE STATISTICS FOR ESTIMATED FACTOR SCORES


     SAMPLE STATISTICS


           Means
              IA            IA_SE         SA            SA_SE         QA
              ________      ________      ________      ________      ________
 1             22.520         3.685         0.287         1.383        -0.102


           Means
              QA_SE
              ________
 1              0.150


           Covariances
              IA            IA_SE         SA            SA_SE         QA
              ________      ________      ________      ________      ________
 IA            97.384
 IA_SE         -1.773         0.334
 SA            -0.601         0.033         0.437
 SA_SE         -0.295         0.037         0.009         0.008
 QA            -0.246         0.002        -0.028         0.000         0.004
 QA_SE         -0.016         0.002         0.001         0.000         0.000


           Covariances
              QA_SE
              ________
 QA_SE          0.000


           Correlations
              IA            IA_SE         SA            SA_SE         QA
              ________      ________      ________      ________      ________
 IA             1.000
 IA_SE         -0.311         1.000
 SA            -0.092         0.087         1.000
 SA_SE         -0.337         0.721         0.157         1.000
 QA            -0.403         0.064        -0.677         0.037         1.000
 QA_SE         -0.306         0.677         0.155         0.892         0.001


           Correlations
              QA_SE
              ________
 QA_SE          1.000


RESULTS SAVING INFORMATION

  Order of data

    Parameter estimates
     (saved in order shown in Technical 1 output)
    Standard errors
     (saved in order shown in Technical 1 output)
    H0 Loglikelihood
    H0 Scaling Correction Factor for MLR
    Number of Free Parameters
    Akaike (AIC)
    Bayesian (BIC)
    Sample-Size Adjusted BIC

  Save file
    u2_1245_a_symbol_results.dat

  Save file format           Free


PLOT INFORMATION

The following plots are available:

  Histograms (sample values, estimated factor scores)
  Scatterplots (sample values, estimated factor scores)
  Latent variable distribution plots

SAVEDATA INFORMATION


  Save file
    u2_1245_a_symbol_fscores.dat

  Order and format of variables

    A_01           F10.3
    A_02           F10.3
    A_04           F10.3
    A_05           F10.3
    AGE_C80        F10.3
    TIME_01        F10.3
    TIME_02        F10.3
    TIME_04        F10.3
    TIME_05        F10.3
    _WEIGHT        F10.3
    IA             F10.3
    IA_SE          F10.3
    SA             F10.3
    SA_SE          F10.3
    QA             F10.3
    QA_SE          F10.3
    PAIRID         I6

  Save file format
    16F10.3 I6

  Save file record length    10000


     Beginning Time:  12:06:48
        Ending Time:  12:06:49
       Elapsed Time:  00:00:01



MUTHEN & MUTHEN
3463 Stoner Ave.
Los Angeles, CA  90066

Tel: (310) 391-9971
Fax: (310) 391-8971
Web: www.StatModel.com
Support: Support@StatModel.com

Copyright (c) 1998-2014 Muthen & Muthen
