Mplus VERSION 7.3
MUTHEN & MUTHEN
12/17/2016  11:50 AM

INPUT INSTRUCTIONS

  TITLE:
  Script produced from the prototype in ./sandbox/syntax-creator/
  DATA:
  File = wide-dataset.dat ;
  VARIABLE:
  NAMES are
   Case PairID female age_c80 edu_c7 sbp_c167 smoke cardio diabetes dementia_ever
      years_since_bl_01 years_since_bl_02 years_since_bl_03 years_since_bl_04
      years_since_bl_05 pef_01 pef_02 pef_03 pef_04 pef_05 grip_01 grip_02 grip_03
      grip_04 grip_05 gait_01 gait_02 gait_03 gait_04 gait_05 block_01 block_02
      block_03 block_04 block_05 digitspanbackward_01 digitspanbackward_02
      digitspanbackward_03 digitspanbackward_04 digitspanbackward_05
      digitspanforward_01 digitspanforward_02 digitspanforward_03 digitspanforward_04
      digitspanforward_05 symbol_01 symbol_02 symbol_03 symbol_04 symbol_05 prose_01
      prose_02 prose_03 prose_04 prose_05 info_01 info_02 info_03 info_04 info_05
      synonyms_01 synonyms_02 synonyms_03 synonyms_04 synonyms_05 psif_01 psif_02
      psif_03 psif_04 psif_05 figure_01 figure_02 figure_03 figure_04 figure_05
      mirrecall_01 mirrecall_02 mirrecall_03 mirrecall_04 mirrecall_05 mmse_01 mmse_02
      mmse_03 mmse_04 mmse_05 mirnaming_01 mirnaming_02 mirnaming_03 mirnaming_04
      mirnaming_05 mirrecog_01 mirrecog_02 mirrecog_03 mirrecog_04 mirrecog_05
      clock_01 clock_02 clock_03 clock_04 clock_05
  	;
  Missing are all (-9999);
  USEVARIABLES are
  	!define the variables used in the analysis
  	! covariates used in the model
  age_c80
  edu_c7
  female	
  	!estimated time points
  time_01
  time_03
  time_04
  	!modelled time points of process (A)
  a_01
  a_03
  a_04
  ;
  TSCORES are
  	!estimated time points
  time_01
  time_03
  time_04;
  CLUSTER = PairID;
  SUBPOPULATION are
  	!select a subset of observations
  dementia_ever NE 1
  ;
  DEFINE:
  	! assign variables to the process (A)
  a_01 = mirrecall_01;
  a_03 = mirrecall_03;
  a_04 = mirrecall_04;
  	!assign variables to time points
  time_01 = years_since_bl_01;
  time_03 = years_since_bl_03;
  time_04 = years_since_bl_04;
  	
  ANALYSIS: TYPE = RANDOM COMPLEX;
  COVERAGE=.00;
  MODEL:
  	!first-level equation
  	! assign process (A) to time points
  ia sa | a_01 AT time_01 ;
  ia sa | a_03 AT time_03 ;
  ia sa | a_04 AT time_04 ;
  	!variance of the first-level terms
  ia (v_ia);
  sa (v_sa);
  	!covariance among first-level terms
  ia WITH sa (c_iasa);
  	!second-level equation
  ia sa ON age_c80
  edu_c7
  female;
  	!residual covariance of process (A)
  a_01 (res_a);
  a_03 (res_a);
  a_04 (res_a);	
  SAVEDATA:
  FILE is   u1_134_aef_mirrecall_fscores.dat;
  SAVE = FSCORES;
  RESULTS are   u1_134_aef_mirrecall_results.dat;
  	
  OUTPUT: sampstat cinterval;
  PLOT: Type is Plot1 Plot2 Plot3;



*** WARNING
  Data set contains cases with missing on x-variables.
  These cases were not included in the analysis.
  Number of cases with missing on x-variables:  46
*** WARNING
  Data set contains cases with missing on all variables except
  x-variables.  These cases were not included in the analysis.
  Number of cases with missing on all variables except x-variables:  76
   2 WARNING(S) FOUND IN THE INPUT INSTRUCTIONS




Script produced from the prototype in ./sandbox/syntax-creator/

SUMMARY OF ANALYSIS

Number of groups                                                 1
Number of observations                                         421

Number of dependent variables                                    3
Number of independent variables                                  3
Number of continuous latent variables                            2

Observed dependent variables

  Continuous
   A_01        A_03        A_04

Observed independent variables
   AGE_C80     EDU_C7      FEMALE

Continuous latent variables
   IA          SA

Variables with special functions

  Cluster variable      PAIRID
  Weight variable       _WEIGHT

  Time scores
   TIME_01     TIME_03     TIME_04


Estimator                                                      MLR
Information matrix                                        OBSERVED
Maximum number of iterations                                   100
Convergence criterion                                    0.100D-05
Maximum number of EM iterations                                500
Convergence criteria for the EM algorithm
  Loglikelihood change                                   0.100D-02
  Relative loglikelihood change                          0.100D-05
  Derivative                                             0.100D-03
Minimum variance                                         0.100D-03
Maximum number of steepest descent iterations                   20
Maximum number of iterations for H1                           2000
Convergence criterion for H1                             0.100D-03
Optimization algorithm                                         EMA

Input data file(s)
  wide-dataset.dat
Input data format  FREE



SAMPLE STATISTICS


     ESTIMATED SAMPLE STATISTICS


           Means
              A_01          A_03          A_04          AGE_C80       EDU_C7
              ________      ________      ________      ________      ________
 1              6.765         6.570         6.297         3.186         0.330


           Means
              FEMALE
              ________
 1              0.656


           Covariances
              A_01          A_03          A_04          AGE_C80       EDU_C7
              ________      ________      ________      ________      ________
 A_01           4.912
 A_03           3.410         6.681
 A_04           2.991         5.246         8.616
 AGE_C80       -1.081        -1.793        -1.536         7.703
 EDU_C7         0.432         0.722         0.203        -0.592         6.045
 FEMALE         0.200         0.228         0.287         0.073        -0.107


           Covariances
              FEMALE
              ________
 FEMALE         0.226


           Correlations
              A_01          A_03          A_04          AGE_C80       EDU_C7
              ________      ________      ________      ________      ________
 A_01           1.000
 A_03           0.595         1.000
 A_04           0.460         0.691         1.000
 AGE_C80       -0.176        -0.250        -0.189         1.000
 EDU_C7         0.079         0.114         0.028        -0.087         1.000
 FEMALE         0.189         0.185         0.206         0.055        -0.092


           Correlations
              FEMALE
              ________
 FEMALE         1.000


     MAXIMUM LOG-LIKELIHOOD VALUE FOR THE UNRESTRICTED (H1) MODEL IS -5682.814


UNIVARIATE HIGHER-ORDER MOMENT DESCRIPTIVE STATISTICS


     UNIVARIATE HIGHER-ORDER MOMENT DESCRIPTIVE STATISTICS

         Variable/         Mean/     Skewness/   Minimum/ % with                Percentiles
        Sample Size      Variance    Kurtosis    Maximum  Min/Max      20%/60%    40%/80%    Median

     A_01                  6.802      -0.863       0.000    7.91%       4.000      6.000      7.000
             556.000       4.873       0.540      10.000    5.58%       7.000      8.000
     A_03                  6.825      -0.787       0.000   17.91%       2.000      5.000      6.000
             363.000       6.183       0.064      10.000    9.37%       7.000      9.000
     A_04                  6.893      -0.836       0.000   18.43%       1.000      5.000      6.000
             255.000       7.293      -0.178      10.000   12.16%       8.000      9.000
     AGE_C80               3.186       1.066      -0.581    0.17%       0.875      1.757      2.325
             580.000       7.703       0.532      13.313    0.34%       3.171      5.701
     EDU_C7                0.330       2.259      -5.000    0.34%      -1.000     -1.000     -1.000
             580.000       6.045       7.388      16.000    0.17%       0.000      1.000
     FEMALE                0.656      -0.655       0.000   33.79%       0.000      1.000      1.000
             580.000       0.226      -1.571       1.000   66.21%       1.000      1.000


THE MODEL ESTIMATION TERMINATED NORMALLY



MODEL FIT INFORMATION

Number of Free Parameters                       12

Loglikelihood

          H0 Value                       -1846.061
          H0 Scaling Correction Factor      1.2148
            for MLR

Information Criteria

          Akaike (AIC)                    3716.122
          Bayesian (BIC)                  3764.633
          Sample-Size Adjusted BIC        3726.554
            (n* = (n + 2) / 24)



MODEL RESULTS

                                                    Two-Tailed
                    Estimate       S.E.  Est./S.E.    P-Value

 IA         ON
    AGE_C80           -0.149      0.042     -3.585      0.000
    EDU_C7             0.081      0.043      1.887      0.059
    FEMALE             0.956      0.243      3.941      0.000

 SA         ON
    AGE_C80           -0.015      0.012     -1.235      0.217
    EDU_C7             0.000      0.015     -0.004      0.997
    FEMALE             0.054      0.061      0.883      0.377

 IA       WITH
    SA                -0.001      0.084     -0.011      0.991

 Intercepts
    A_01               0.000      0.000    999.000    999.000
    A_03               0.000      0.000    999.000    999.000
    A_04               0.000      0.000    999.000    999.000
    IA                 6.605      0.232     28.497      0.000
    SA                -0.057      0.059     -0.964      0.335

 Residual Variances
    A_01               2.005      0.250      8.015      0.000
    A_03               2.005      0.250      8.015      0.000
    A_04               2.005      0.250      8.015      0.000
    IA                 2.600      0.452      5.751      0.000
    SA                 0.083      0.026      3.151      0.002


QUALITY OF NUMERICAL RESULTS

     Condition Number for the Information Matrix              0.214E-04
       (ratio of smallest to largest eigenvalue)


CONFIDENCE INTERVALS OF MODEL RESULTS

                  Lower .5%  Lower 2.5%    Lower 5%    Estimate    Upper 5%  Upper 2.5%   Upper .5%

 IA       ON
    AGE_C80         -0.256      -0.230      -0.217      -0.149      -0.081      -0.067      -0.042
    EDU_C7          -0.030      -0.003       0.010       0.081       0.152       0.166       0.192
    FEMALE           0.331       0.481       0.557       0.956       1.356       1.432       1.581

 SA       ON
    AGE_C80         -0.046      -0.039      -0.035      -0.015       0.005       0.009       0.016
    EDU_C7          -0.038      -0.029      -0.024       0.000       0.024       0.029       0.038
    FEMALE          -0.104      -0.066      -0.047       0.054       0.155       0.174       0.212

 IA       WITH
    SA              -0.218      -0.166      -0.139      -0.001       0.138       0.164       0.216

 Intercepts
    A_01             0.000       0.000       0.000       0.000       0.000       0.000       0.000
    A_03             0.000       0.000       0.000       0.000       0.000       0.000       0.000
    A_04             0.000       0.000       0.000       0.000       0.000       0.000       0.000
    IA               6.008       6.151       6.224       6.605       6.987       7.060       7.202
    SA              -0.210      -0.173      -0.155      -0.057       0.040       0.059       0.096

 Residual Variances
    A_01             1.361       1.515       1.594       2.005       2.417       2.496       2.650
    A_03             1.361       1.515       1.594       2.005       2.417       2.496       2.650
    A_04             1.361       1.515       1.594       2.005       2.417       2.496       2.650
    IA               1.436       1.714       1.857       2.600       3.344       3.487       3.765
    SA               0.015       0.031       0.039       0.083       0.126       0.134       0.150


SAMPLE STATISTICS FOR ESTIMATED FACTOR SCORES


     SAMPLE STATISTICS


           Means
              IA            IA_SE         SA            SA_SE
              ________      ________      ________      ________
 1              6.152         0.979        -0.129         0.240


           Covariances
              IA            IA_SE         SA            SA_SE
              ________      ________      ________      ________
 IA             3.182
 IA_SE         -0.030         0.008
 SA             0.162         0.000         0.039
 SA_SE         -0.013         0.003         0.001         0.002


           Correlations
              IA            IA_SE         SA            SA_SE
              ________      ________      ________      ________
 IA             1.000
 IA_SE         -0.190         1.000
 SA             0.458        -0.011         1.000
 SA_SE         -0.181         0.781         0.108         1.000


RESULTS SAVING INFORMATION

  Order of data

    Parameter estimates
     (saved in order shown in Technical 1 output)
    Standard errors
     (saved in order shown in Technical 1 output)
    H0 Loglikelihood
    H0 Scaling Correction Factor for MLR
    Number of Free Parameters
    Akaike (AIC)
    Bayesian (BIC)
    Sample-Size Adjusted BIC

  Save file
    u1_134_aef_mirrecall_results.dat

  Save file format           Free


PLOT INFORMATION

The following plots are available:

  Histograms (sample values, estimated factor scores)
  Scatterplots (sample values, estimated factor scores)
  Latent variable distribution plots

SAVEDATA INFORMATION


  Save file
    u1_134_aef_mirrecall_fscores.dat

  Order and format of variables

    A_01           F10.3
    A_03           F10.3
    A_04           F10.3
    AGE_C80        F10.3
    EDU_C7         F10.3
    FEMALE         F10.3
    TIME_01        F10.3
    TIME_03        F10.3
    TIME_04        F10.3
    _WEIGHT        F10.3
    IA             F10.3
    IA_SE          F10.3
    SA             F10.3
    SA_SE          F10.3
    PAIRID         I6

  Save file format
    14F10.3 I6

  Save file record length    10000


     Beginning Time:  11:50:24
        Ending Time:  11:50:25
       Elapsed Time:  00:00:01



MUTHEN & MUTHEN
3463 Stoner Ave.
Los Angeles, CA  90066

Tel: (310) 391-9971
Fax: (310) 391-8971
Web: www.StatModel.com
Support: Support@StatModel.com

Copyright (c) 1998-2014 Muthen & Muthen
