Mplus VERSION 7.3
MUTHEN & MUTHEN
12/17/2016  11:50 AM

INPUT INSTRUCTIONS

  TITLE:
  Script produced from the prototype in ./sandbox/syntax-creator/
  DATA:
  File = wide-dataset.dat ;
  VARIABLE:
  NAMES are
   Case PairID female age_c80 edu_c7 sbp_c167 smoke cardio diabetes dementia_ever
      years_since_bl_01 years_since_bl_02 years_since_bl_03 years_since_bl_04
      years_since_bl_05 pef_01 pef_02 pef_03 pef_04 pef_05 grip_01 grip_02 grip_03
      grip_04 grip_05 gait_01 gait_02 gait_03 gait_04 gait_05 block_01 block_02
      block_03 block_04 block_05 digitspanbackward_01 digitspanbackward_02
      digitspanbackward_03 digitspanbackward_04 digitspanbackward_05
      digitspanforward_01 digitspanforward_02 digitspanforward_03 digitspanforward_04
      digitspanforward_05 symbol_01 symbol_02 symbol_03 symbol_04 symbol_05 prose_01
      prose_02 prose_03 prose_04 prose_05 info_01 info_02 info_03 info_04 info_05
      synonyms_01 synonyms_02 synonyms_03 synonyms_04 synonyms_05 psif_01 psif_02
      psif_03 psif_04 psif_05 figure_01 figure_02 figure_03 figure_04 figure_05
      mirrecall_01 mirrecall_02 mirrecall_03 mirrecall_04 mirrecall_05 mmse_01 mmse_02
      mmse_03 mmse_04 mmse_05 mirnaming_01 mirnaming_02 mirnaming_03 mirnaming_04
      mirnaming_05 mirrecog_01 mirrecog_02 mirrecog_03 mirrecog_04 mirrecog_05
      clock_01 clock_02 clock_03 clock_04 clock_05
  	;
  Missing are all (-9999);
  USEVARIABLES are
  	!define the variables used in the analysis
  	! covariates used in the model
  age_c80	
  	!estimated time points
  time_01
  time_03
  time_04
  	!modelled time points of process (A)
  a_01
  a_03
  a_04
  ;
  TSCORES are
  	!estimated time points
  time_01
  time_03
  time_04;
  CLUSTER = PairID;
  SUBPOPULATION are
  	!select a subset of observations
  dementia_ever NE 1
  ;
  DEFINE:
  	! assign variables to the process (A)
  a_01 = mirrecall_01;
  a_03 = mirrecall_03;
  a_04 = mirrecall_04;
  	!assign variables to time points
  time_01 = years_since_bl_01;
  time_03 = years_since_bl_03;
  time_04 = years_since_bl_04;
  	
  ANALYSIS: TYPE = RANDOM COMPLEX;
  COVERAGE=.00;
  MODEL:
  	!first-level equation
  	! assign process (A) to time points
  ia sa | a_01 AT time_01 ;
  ia sa | a_03 AT time_03 ;
  ia sa | a_04 AT time_04 ;
  	!variance of the first-level terms
  ia (v_ia);
  sa (v_sa);
  	!covariance among first-level terms
  ia WITH sa (c_iasa);
  	!second-level equation
  ia sa ON age_c80;
  	!residual covariance of process (A)
  a_01 (res_a);
  a_03 (res_a);
  a_04 (res_a);	
  SAVEDATA:
  FILE is   u1_134_a_mirrecall_fscores.dat;
  SAVE = FSCORES;
  RESULTS are   u1_134_a_mirrecall_results.dat;
  	
  OUTPUT: sampstat cinterval;
  PLOT: Type is Plot1 Plot2 Plot3;



*** WARNING
  Data set contains cases with missing on all variables except
  x-variables.  These cases were not included in the analysis.
  Number of cases with missing on all variables except x-variables:  102
   1 WARNING(S) FOUND IN THE INPUT INSTRUCTIONS




Script produced from the prototype in ./sandbox/syntax-creator/

SUMMARY OF ANALYSIS

Number of groups                                                 1
Number of observations                                         423

Number of dependent variables                                    3
Number of independent variables                                  1
Number of continuous latent variables                            2

Observed dependent variables

  Continuous
   A_01        A_03        A_04

Observed independent variables
   AGE_C80

Continuous latent variables
   IA          SA

Variables with special functions

  Cluster variable      PAIRID
  Weight variable       _WEIGHT

  Time scores
   TIME_01     TIME_03     TIME_04


Estimator                                                      MLR
Information matrix                                        OBSERVED
Maximum number of iterations                                   100
Convergence criterion                                    0.100D-05
Maximum number of EM iterations                                500
Convergence criteria for the EM algorithm
  Loglikelihood change                                   0.100D-02
  Relative loglikelihood change                          0.100D-05
  Derivative                                             0.100D-03
Minimum variance                                         0.100D-03
Maximum number of steepest descent iterations                   20
Maximum number of iterations for H1                           2000
Convergence criterion for H1                             0.100D-03
Optimization algorithm                                         EMA

Input data file(s)
  wide-dataset.dat
Input data format  FREE



SAMPLE STATISTICS


     ESTIMATED SAMPLE STATISTICS


           Means
              A_01          A_03          A_04          AGE_C80
              ________      ________      ________      ________
 1              6.743         6.526         6.290         3.199


           Covariances
              A_01          A_03          A_04          AGE_C80
              ________      ________      ________      ________
 A_01           5.030
 A_03           3.575         6.908
 A_04           3.088         5.394         8.699
 AGE_C80       -1.166        -1.856        -1.532         7.731


           Correlations
              A_01          A_03          A_04          AGE_C80
              ________      ________      ________      ________
 A_01           1.000
 A_03           0.606         1.000
 A_04           0.467         0.696         1.000
 AGE_C80       -0.187        -0.254        -0.187         1.000


     MAXIMUM LOG-LIKELIHOOD VALUE FOR THE UNRESTRICTED (H1) MODEL IS -4111.662


UNIVARIATE HIGHER-ORDER MOMENT DESCRIPTIVE STATISTICS


     UNIVARIATE HIGHER-ORDER MOMENT DESCRIPTIVE STATISTICS

         Variable/         Mean/     Skewness/   Minimum/ % with                Percentiles
        Sample Size      Variance    Kurtosis    Maximum  Min/Max      20%/60%    40%/80%    Median

     A_01                  6.785      -0.882       0.000   10.33%       3.000      6.000      7.000
             571.000       4.973       0.574      10.000    5.43%       7.000      8.000
     A_03                  6.798      -0.801       0.000   19.89%       0.000      5.000      6.000
             372.000       6.339       0.079      10.000    9.14%       7.000      9.000
     A_04                  6.893      -0.836       0.000   18.75%       1.000      5.000      6.000
             256.000       7.293      -0.178      10.000   12.11%       8.000      9.000
     AGE_C80               3.199       1.057      -0.581    0.17%       0.877      1.811      2.417
             600.000       7.731       0.499      13.313    0.33%       3.277      5.866


THE MODEL ESTIMATION TERMINATED NORMALLY



MODEL FIT INFORMATION

Number of Free Parameters                        8

Loglikelihood

          H0 Value                       -1869.508
          H0 Scaling Correction Factor      1.2214
            for MLR

Information Criteria

          Akaike (AIC)                    3755.016
          Bayesian (BIC)                  3787.395
          Sample-Size Adjusted BIC        3762.008
            (n* = (n + 2) / 24)



MODEL RESULTS

                                                    Two-Tailed
                    Estimate       S.E.  Est./S.E.    P-Value

 IA         ON
    AGE_C80           -0.156      0.043     -3.623      0.000

 SA         ON
    AGE_C80           -0.013      0.012     -1.102      0.271

 IA       WITH
    SA                 0.017      0.086      0.195      0.845

 Intercepts
    A_01               0.000      0.000    999.000    999.000
    A_03               0.000      0.000    999.000    999.000
    A_04               0.000      0.000    999.000    999.000
    IA                 7.263      0.168     43.183      0.000
    SA                -0.029      0.045     -0.645      0.519

 Residual Variances
    A_01               2.010      0.251      7.992      0.000
    A_03               2.010      0.251      7.992      0.000
    A_04               2.010      0.251      7.992      0.000
    IA                 2.916      0.454      6.427      0.000
    SA                 0.084      0.026      3.176      0.001


QUALITY OF NUMERICAL RESULTS

     Condition Number for the Information Matrix              0.607E-03
       (ratio of smallest to largest eigenvalue)


CONFIDENCE INTERVALS OF MODEL RESULTS

                  Lower .5%  Lower 2.5%    Lower 5%    Estimate    Upper 5%  Upper 2.5%   Upper .5%

 IA       ON
    AGE_C80         -0.268      -0.241      -0.228      -0.156      -0.085      -0.072      -0.045

 SA       ON
    AGE_C80         -0.045      -0.037      -0.033      -0.013       0.007       0.010       0.018

 IA       WITH
    SA              -0.204      -0.151      -0.124       0.017       0.158       0.185       0.237

 Intercepts
    A_01             0.000       0.000       0.000       0.000       0.000       0.000       0.000
    A_03             0.000       0.000       0.000       0.000       0.000       0.000       0.000
    A_04             0.000       0.000       0.000       0.000       0.000       0.000       0.000
    IA               6.830       6.933       6.986       7.263       7.539       7.592       7.696
    SA              -0.145      -0.117      -0.103      -0.029       0.045       0.059       0.087

 Residual Variances
    A_01             1.362       1.517       1.596       2.010       2.423       2.503       2.658
    A_03             1.362       1.517       1.596       2.010       2.423       2.503       2.658
    A_04             1.362       1.517       1.596       2.010       2.423       2.503       2.658
    IA               1.747       2.026       2.169       2.916       3.662       3.805       4.084
    SA               0.016       0.032       0.040       0.084       0.127       0.136       0.152


SAMPLE STATISTICS FOR ESTIMATED FACTOR SCORES


     SAMPLE STATISTICS


           Means
              IA            IA_SE         SA            SA_SE
              ________      ________      ________      ________
 1              6.010         0.999        -0.135         0.242


           Covariances
              IA            IA_SE         SA            SA_SE
              ________      ________      ________      ________
 IA             3.592
 IA_SE         -0.042         0.009
 SA             0.175        -0.001         0.038
 SA_SE         -0.016         0.003         0.001         0.002


           Correlations
              IA            IA_SE         SA            SA_SE
              ________      ________      ________      ________
 IA             1.000
 IA_SE         -0.228         1.000
 SA             0.472        -0.038         1.000
 SA_SE         -0.210         0.785         0.093         1.000


RESULTS SAVING INFORMATION

  Order of data

    Parameter estimates
     (saved in order shown in Technical 1 output)
    Standard errors
     (saved in order shown in Technical 1 output)
    H0 Loglikelihood
    H0 Scaling Correction Factor for MLR
    Number of Free Parameters
    Akaike (AIC)
    Bayesian (BIC)
    Sample-Size Adjusted BIC

  Save file
    u1_134_a_mirrecall_results.dat

  Save file format           Free


PLOT INFORMATION

The following plots are available:

  Histograms (sample values, estimated factor scores)
  Scatterplots (sample values, estimated factor scores)
  Latent variable distribution plots

SAVEDATA INFORMATION


  Save file
    u1_134_a_mirrecall_fscores.dat

  Order and format of variables

    A_01           F10.3
    A_03           F10.3
    A_04           F10.3
    AGE_C80        F10.3
    TIME_01        F10.3
    TIME_03        F10.3
    TIME_04        F10.3
    _WEIGHT        F10.3
    IA             F10.3
    IA_SE          F10.3
    SA             F10.3
    SA_SE          F10.3
    PAIRID         I6

  Save file format
    12F10.3 I6

  Save file record length    10000


     Beginning Time:  11:50:23
        Ending Time:  11:50:23
       Elapsed Time:  00:00:00



MUTHEN & MUTHEN
3463 Stoner Ave.
Los Angeles, CA  90066

Tel: (310) 391-9971
Fax: (310) 391-8971
Web: www.StatModel.com
Support: Support@StatModel.com

Copyright (c) 1998-2014 Muthen & Muthen
