Mplus VERSION 7.3
MUTHEN & MUTHEN
12/17/2016  12:11 PM

INPUT INSTRUCTIONS

  TITLE:
  Script produced from the prototype in ./sandbox/syntax-creator/
  DATA:
  File = wide-dataset.dat ;
  VARIABLE:
  NAMES are
   Case PairID female age_c80 edu_c7 sbp_c167 smoke cardio diabetes dementia_ever
      years_since_bl_01 years_since_bl_02 years_since_bl_03 years_since_bl_04
      years_since_bl_05 pef_01 pef_02 pef_03 pef_04 pef_05 grip_01 grip_02 grip_03
      grip_04 grip_05 gait_01 gait_02 gait_03 gait_04 gait_05 block_01 block_02
      block_03 block_04 block_05 digitspanbackward_01 digitspanbackward_02
      digitspanbackward_03 digitspanbackward_04 digitspanbackward_05
      digitspanforward_01 digitspanforward_02 digitspanforward_03 digitspanforward_04
      digitspanforward_05 symbol_01 symbol_02 symbol_03 symbol_04 symbol_05 prose_01
      prose_02 prose_03 prose_04 prose_05 info_01 info_02 info_03 info_04 info_05
      synonyms_01 synonyms_02 synonyms_03 synonyms_04 synonyms_05 psif_01 psif_02
      psif_03 psif_04 psif_05 figure_01 figure_02 figure_03 figure_04 figure_05
      mirrecall_01 mirrecall_02 mirrecall_03 mirrecall_04 mirrecall_05 mmse_01 mmse_02
      mmse_03 mmse_04 mmse_05 mirnaming_01 mirnaming_02 mirnaming_03 mirnaming_04
      mirnaming_05 mirrecog_01 mirrecog_02 mirrecog_03 mirrecog_04 mirrecog_05
      clock_01 clock_02 clock_03 clock_04 clock_05
  	;
  Missing are all (-9999);
  USEVARIABLES are
  	!define the variables used in the analysis
  	! covariates used in the model
  age_c80
  edu_c7	
  	!estimated time points
  time_01
  time_02
  time_04
  time_05
  	!modelled time points of process (A)
  a_01
  a_02
  a_04
  a_05
  ;
  TSCORES are
  	!estimated time points
  time_01
  time_02
  time_04
  time_05;
  CLUSTER = PairID;
  SUBPOPULATION are
  	!select a subset of observations
  dementia_ever NE 1
  ;
  DEFINE:
  	! assign variables to the process (A)
  a_01 = mirrecall_01;
  a_02 = mirrecall_02;
  a_04 = mirrecall_04;
  a_05 = mirrecall_05;
  	!assign variables to time points
  time_01 = years_since_bl_01;
  time_02 = years_since_bl_02;
  time_04 = years_since_bl_04;
  time_05 = years_since_bl_05;
  	
  ANALYSIS: TYPE = RANDOM COMPLEX;
  COVERAGE=.00;
  MODEL:
  	!first-level equation
  	! assign process (A) to time points
  ia sa qa | a_01 AT time_01 ;
  ia sa qa | a_02 AT time_02 ;
  ia sa qa | a_04 AT time_04 ;
  ia sa qa | a_05 AT time_05 ;
  	!variance of the first-level terms
  ia (v_ia);
  sa (v_sa);
  qa (v_qa);
  	!covariance among first-level terms
  ia WITH sa (c_iasa);
  ia WITH qa (c_iaqa);
  sa WITH qa (c_saqa);
  	!second-level equation
  ia sa qa ON age_c80
  edu_c7;
  	!residual covariance of process (A)
  a_01 (res_a);
  a_02 (res_a);
  a_04 (res_a);
  a_05 (res_a);	
  SAVEDATA:
  FILE is   u2_1245_ae_mirrecall_fscores.dat;
  SAVE = FSCORES;
  RESULTS are   u2_1245_ae_mirrecall_results.dat;
  	
  OUTPUT: sampstat cinterval;
  PLOT: Type is Plot1 Plot2 Plot3;



*** WARNING
  Data set contains cases with missing on x-variables.
  These cases were not included in the analysis.
  Number of cases with missing on x-variables:  46
*** WARNING
  Data set contains cases with missing on all variables except
  x-variables.  These cases were not included in the analysis.
  Number of cases with missing on all variables except x-variables:  60
   2 WARNING(S) FOUND IN THE INPUT INSTRUCTIONS




Script produced from the prototype in ./sandbox/syntax-creator/

SUMMARY OF ANALYSIS

Number of groups                                                 1
Number of observations                                         429

Number of dependent variables                                    4
Number of independent variables                                  2
Number of continuous latent variables                            3

Observed dependent variables

  Continuous
   A_01        A_02        A_04        A_05

Observed independent variables
   AGE_C80     EDU_C7

Continuous latent variables
   IA          SA          QA

Variables with special functions

  Cluster variable      PAIRID
  Weight variable       _WEIGHT

  Time scores
   TIME_01     TIME_02     TIME_04     TIME_05


Estimator                                                      MLR
Information matrix                                        OBSERVED
Maximum number of iterations                                   100
Convergence criterion                                    0.100D-05
Maximum number of EM iterations                                500
Convergence criteria for the EM algorithm
  Loglikelihood change                                   0.100D-02
  Relative loglikelihood change                          0.100D-05
  Derivative                                             0.100D-03
Minimum variance                                         0.100D-03
Maximum number of steepest descent iterations                   20
Maximum number of iterations for H1                           2000
Convergence criterion for H1                             0.100D-03
Optimization algorithm                                         EMA

Input data file(s)
  wide-dataset.dat
Input data format  FREE



SAMPLE STATISTICS


     ESTIMATED SAMPLE STATISTICS


           Means
              A_01          A_02          A_04          A_05          AGE_C80
              ________      ________      ________      ________      ________
 1              6.755         6.719         6.375         5.789         3.239


           Means
              EDU_C7
              ________
 1              0.312


           Covariances
              A_01          A_02          A_04          A_05          AGE_C80
              ________      ________      ________      ________      ________
 A_01           4.913
 A_02           3.200         5.490
 A_04           2.704         4.251         8.402
 A_05           2.836         4.521         7.138        10.058
 AGE_C80       -1.194        -1.705        -1.364        -1.551         7.980
 EDU_C7         0.530         0.174         0.104        -0.092        -0.809


           Covariances
              EDU_C7
              ________
 EDU_C7         6.233


           Correlations
              A_01          A_02          A_04          A_05          AGE_C80
              ________      ________      ________      ________      ________
 A_01           1.000
 A_02           0.616         1.000
 A_04           0.421         0.626         1.000
 A_05           0.403         0.608         0.777         1.000
 AGE_C80       -0.191        -0.258        -0.167        -0.173         1.000
 EDU_C7         0.096         0.030         0.014        -0.012        -0.115


           Correlations
              EDU_C7
              ________
 EDU_C7         1.000


     MAXIMUM LOG-LIKELIHOOD VALUE FOR THE UNRESTRICTED (H1) MODEL IS -5971.494


UNIVARIATE HIGHER-ORDER MOMENT DESCRIPTIVE STATISTICS


     UNIVARIATE HIGHER-ORDER MOMENT DESCRIPTIVE STATISTICS

         Variable/         Mean/     Skewness/   Minimum/ % with                Percentiles
        Sample Size      Variance    Kurtosis    Maximum  Min/Max      20%/60%    40%/80%    Median

     A_01                  6.802      -0.863       0.000    7.91%       4.000      6.000      7.000
             556.000       4.873       0.540      10.000    5.58%       7.000      8.000
     A_02                  6.827      -0.761       0.000   13.89%       2.000      5.000      6.000
             468.000       5.208       0.263      10.000    7.48%       7.000      8.000
     A_04                  6.893      -0.836       0.000   18.43%       1.000      5.000      6.000
             255.000       7.293      -0.178      10.000   12.16%       8.000      9.000
     A_05                  6.712      -0.775       0.000   17.07%       2.000      5.000      7.000
             164.000       8.478      -0.446      10.000   14.63%       7.000      9.000
     AGE_C80               3.239       1.041      -0.581    0.17%       0.877      1.805      2.417
             596.000       7.980       0.416      13.313    0.34%       3.216      5.816
     EDU_C7                0.312       2.143      -7.000    0.17%      -1.000     -1.000     -1.000
             596.000       6.233       7.034      16.000    0.17%       0.000      1.000


THE MODEL ESTIMATION TERMINATED NORMALLY



MODEL FIT INFORMATION

Number of Free Parameters                       16

Loglikelihood

          H0 Value                       -2247.366
          H0 Scaling Correction Factor      1.1232
            for MLR

Information Criteria

          Akaike (AIC)                    4526.731
          Bayesian (BIC)                  4591.715
          Sample-Size Adjusted BIC        4540.940
            (n* = (n + 2) / 24)



MODEL RESULTS

                                                    Two-Tailed
                    Estimate       S.E.  Est./S.E.    P-Value

 IA         ON
    AGE_C80           -0.147      0.042     -3.480      0.001
    EDU_C7             0.062      0.043      1.454      0.146

 SA         ON
    AGE_C80           -0.034      0.026     -1.306      0.192
    EDU_C7            -0.031      0.028     -1.125      0.261

 QA         ON
    AGE_C80            0.004      0.004      0.981      0.327
    EDU_C7             0.003      0.003      0.830      0.407

 IA       WITH
    SA                -0.054      0.165     -0.329      0.742
    QA                -0.001      0.019     -0.027      0.978

 SA       WITH
    QA                -0.010      0.018     -0.543      0.587

 Intercepts
    A_01               0.000      0.000    999.000    999.000
    A_02               0.000      0.000    999.000    999.000
    A_04               0.000      0.000    999.000    999.000
    A_05               0.000      0.000    999.000    999.000
    IA                 7.203      0.169     42.657      0.000
    SA                 0.160      0.096      1.663      0.096
    QA                -0.032      0.012     -2.694      0.007

 Residual Variances
    A_01               1.772      0.209      8.462      0.000
    A_02               1.772      0.209      8.462      0.000
    A_04               1.772      0.209      8.462      0.000
    A_05               1.772      0.209      8.462      0.000
    IA                 2.981      0.397      7.505      0.000
    SA                 0.190      0.154      1.238      0.216
    QA                 0.001      0.002      0.418      0.676


QUALITY OF NUMERICAL RESULTS

     Condition Number for the Information Matrix              0.306E-04
       (ratio of smallest to largest eigenvalue)


CONFIDENCE INTERVALS OF MODEL RESULTS

                  Lower .5%  Lower 2.5%    Lower 5%    Estimate    Upper 5%  Upper 2.5%   Upper .5%

 IA       ON
    AGE_C80         -0.255      -0.229      -0.216      -0.147      -0.077      -0.064      -0.038
    EDU_C7          -0.048      -0.022      -0.008       0.062       0.133       0.147       0.173

 SA       ON
    AGE_C80         -0.100      -0.084      -0.076      -0.034       0.009       0.017       0.033
    EDU_C7          -0.104      -0.086      -0.078      -0.031       0.015       0.023       0.041

 QA       ON
    AGE_C80         -0.006      -0.004      -0.002       0.004       0.010       0.011       0.013
    EDU_C7          -0.006      -0.004      -0.003       0.003       0.008       0.009       0.011

 IA       WITH
    SA              -0.479      -0.377      -0.325      -0.054       0.217       0.269       0.370
    QA              -0.050      -0.038      -0.032      -0.001       0.031       0.037       0.049

 SA       WITH
    QA              -0.055      -0.044      -0.039      -0.010       0.019       0.025       0.036

 Intercepts
    A_01             0.000       0.000       0.000       0.000       0.000       0.000       0.000
    A_02             0.000       0.000       0.000       0.000       0.000       0.000       0.000
    A_04             0.000       0.000       0.000       0.000       0.000       0.000       0.000
    A_05             0.000       0.000       0.000       0.000       0.000       0.000       0.000
    IA               6.768       6.872       6.926       7.203       7.481       7.534       7.638
    SA              -0.088      -0.029       0.002       0.160       0.318       0.348       0.408
    QA              -0.063      -0.056      -0.052      -0.032      -0.013      -0.009      -0.001

 Residual Variances
    A_01             1.232       1.361       1.427       1.772       2.116       2.182       2.311
    A_02             1.232       1.361       1.427       1.772       2.116       2.182       2.311
    A_04             1.232       1.361       1.427       1.772       2.116       2.182       2.311
    A_05             1.232       1.361       1.427       1.772       2.116       2.182       2.311
    IA               1.958       2.203       2.328       2.981       3.635       3.760       4.005
    SA              -0.206      -0.111      -0.063       0.190       0.443       0.491       0.586
    QA              -0.005      -0.003      -0.003       0.001       0.004       0.005       0.006


SAMPLE STATISTICS FOR ESTIMATED FACTOR SCORES


     SAMPLE STATISTICS


           Means
              IA            IA_SE         SA            SA_SE         QA
              ________      ________      ________      ________      ________
 1              6.030         0.937        -0.035         0.363        -0.017


           Means
              QA_SE
              ________
 1              0.029


           Covariances
              IA            IA_SE         SA            SA_SE         QA
              ________      ________      ________      ________      ________
 IA             4.002
 IA_SE         -0.029         0.009
 SA             0.177        -0.002         0.086
 SA_SE         -0.028         0.003         0.000         0.003
 QA            -0.013         0.000        -0.004         0.000         0.000
 QA_SE          0.000         0.000         0.000         0.000         0.000


           Covariances
              QA_SE
              ________
 QA_SE          0.000


           Correlations
              IA            IA_SE         SA            SA_SE         QA
              ________      ________      ________      ________      ________
 IA             1.000
 IA_SE         -0.151         1.000
 SA             0.301        -0.058         1.000
 SA_SE         -0.244         0.574        -0.006         1.000
 QA            -0.435         0.141        -0.826         0.162         1.000
 QA_SE         -0.155         0.710         0.057         0.913         0.081


           Correlations
              QA_SE
              ________
 QA_SE          1.000


RESULTS SAVING INFORMATION

  Order of data

    Parameter estimates
     (saved in order shown in Technical 1 output)
    Standard errors
     (saved in order shown in Technical 1 output)
    H0 Loglikelihood
    H0 Scaling Correction Factor for MLR
    Number of Free Parameters
    Akaike (AIC)
    Bayesian (BIC)
    Sample-Size Adjusted BIC

  Save file
    u2_1245_ae_mirrecall_results.dat

  Save file format           Free


PLOT INFORMATION

The following plots are available:

  Histograms (sample values, estimated factor scores)
  Scatterplots (sample values, estimated factor scores)
  Latent variable distribution plots

SAVEDATA INFORMATION


  Save file
    u2_1245_ae_mirrecall_fscores.dat

  Order and format of variables

    A_01           F10.3
    A_02           F10.3
    A_04           F10.3
    A_05           F10.3
    AGE_C80        F10.3
    EDU_C7         F10.3
    TIME_01        F10.3
    TIME_02        F10.3
    TIME_04        F10.3
    TIME_05        F10.3
    _WEIGHT        F10.3
    IA             F10.3
    IA_SE          F10.3
    SA             F10.3
    SA_SE          F10.3
    QA             F10.3
    QA_SE          F10.3
    PAIRID         I6

  Save file format
    17F10.3 I6

  Save file record length    10000


     Beginning Time:  12:11:08
        Ending Time:  12:11:10
       Elapsed Time:  00:00:02



MUTHEN & MUTHEN
3463 Stoner Ave.
Los Angeles, CA  90066

Tel: (310) 391-9971
Fax: (310) 391-8971
Web: www.StatModel.com
Support: Support@StatModel.com

Copyright (c) 1998-2014 Muthen & Muthen
