Mplus VERSION 7.3
MUTHEN & MUTHEN
12/17/2016  12:10 PM

INPUT INSTRUCTIONS

  TITLE:
  Script produced from the prototype in ./sandbox/syntax-creator/
  DATA:
  File = wide-dataset.dat ;
  VARIABLE:
  NAMES are
   Case PairID female age_c80 edu_c7 sbp_c167 smoke cardio diabetes dementia_ever
      years_since_bl_01 years_since_bl_02 years_since_bl_03 years_since_bl_04
      years_since_bl_05 pef_01 pef_02 pef_03 pef_04 pef_05 grip_01 grip_02 grip_03
      grip_04 grip_05 gait_01 gait_02 gait_03 gait_04 gait_05 block_01 block_02
      block_03 block_04 block_05 digitspanbackward_01 digitspanbackward_02
      digitspanbackward_03 digitspanbackward_04 digitspanbackward_05
      digitspanforward_01 digitspanforward_02 digitspanforward_03 digitspanforward_04
      digitspanforward_05 symbol_01 symbol_02 symbol_03 symbol_04 symbol_05 prose_01
      prose_02 prose_03 prose_04 prose_05 info_01 info_02 info_03 info_04 info_05
      synonyms_01 synonyms_02 synonyms_03 synonyms_04 synonyms_05 psif_01 psif_02
      psif_03 psif_04 psif_05 figure_01 figure_02 figure_03 figure_04 figure_05
      mirrecall_01 mirrecall_02 mirrecall_03 mirrecall_04 mirrecall_05 mmse_01 mmse_02
      mmse_03 mmse_04 mmse_05 mirnaming_01 mirnaming_02 mirnaming_03 mirnaming_04
      mirnaming_05 mirrecog_01 mirrecog_02 mirrecog_03 mirrecog_04 mirrecog_05
      clock_01 clock_02 clock_03 clock_04 clock_05
  	;
  Missing are all (-9999);
  USEVARIABLES are
  	!define the variables used in the analysis
  	! covariates used in the model
  age_c80
  edu_c7
  female	
  	!estimated time points
  time_01
  time_02
  time_03
  time_04
  time_05
  	!modelled time points of process (A)
  a_01
  a_02
  a_03
  a_04
  a_05
  ;
  TSCORES are
  	!estimated time points
  time_01
  time_02
  time_03
  time_04
  time_05;
  CLUSTER = PairID;
  SUBPOPULATION are
  	!select a subset of observations
  dementia_ever NE 1
  ;
  DEFINE:
  	! assign variables to the process (A)
  a_01 = mirrecall_01;
  a_02 = mirrecall_02;
  a_03 = mirrecall_03;
  a_04 = mirrecall_04;
  a_05 = mirrecall_05;
  	!assign variables to time points
  time_01 = years_since_bl_01;
  time_02 = years_since_bl_02;
  time_03 = years_since_bl_03;
  time_04 = years_since_bl_04;
  time_05 = years_since_bl_05;
  	
  ANALYSIS: TYPE = RANDOM COMPLEX;
  COVERAGE=.00;
  MODEL:
  	!first-level equation
  	! assign process (A) to time points
  ia sa qa | a_01 AT time_01 ;
  ia sa qa | a_02 AT time_02 ;
  ia sa qa | a_03 AT time_03 ;
  ia sa qa | a_04 AT time_04 ;
  ia sa qa | a_05 AT time_05 ;
  	!variance of the first-level terms
  ia (v_ia);
  sa (v_sa);
  qa (v_qa);
  	!covariance among first-level terms
  ia WITH sa (c_iasa);
  ia WITH qa (c_iaqa);
  sa WITH qa (c_saqa);
  	!second-level equation
  ia sa qa ON age_c80
  edu_c7
  female;
  	!residual covariance of process (A)
  a_01 (res_a);
  a_02 (res_a);
  a_03 (res_a);
  a_04 (res_a);
  a_05 (res_a);	
  SAVEDATA:
  FILE is   u2_12345_aef_mirrecall_fscores.dat;
  SAVE = FSCORES;
  RESULTS are   u2_12345_aef_mirrecall_results.dat;
  	
  OUTPUT: sampstat cinterval;
  PLOT: Type is Plot1 Plot2 Plot3;



*** WARNING
  Data set contains cases with missing on x-variables.
  These cases were not included in the analysis.
  Number of cases with missing on x-variables:  46
*** WARNING
  Data set contains cases with missing on all variables except
  x-variables.  These cases were not included in the analysis.
  Number of cases with missing on all variables except x-variables:  56
   2 WARNING(S) FOUND IN THE INPUT INSTRUCTIONS




Script produced from the prototype in ./sandbox/syntax-creator/

SUMMARY OF ANALYSIS

Number of groups                                                 1
Number of observations                                         431

Number of dependent variables                                    5
Number of independent variables                                  3
Number of continuous latent variables                            3

Observed dependent variables

  Continuous
   A_01        A_02        A_03        A_04        A_05

Observed independent variables
   AGE_C80     EDU_C7      FEMALE

Continuous latent variables
   IA          SA          QA

Variables with special functions

  Cluster variable      PAIRID
  Weight variable       _WEIGHT

  Time scores
   TIME_01     TIME_02     TIME_03     TIME_04     TIME_05


Estimator                                                      MLR
Information matrix                                        OBSERVED
Maximum number of iterations                                   100
Convergence criterion                                    0.100D-05
Maximum number of EM iterations                                500
Convergence criteria for the EM algorithm
  Loglikelihood change                                   0.100D-02
  Relative loglikelihood change                          0.100D-05
  Derivative                                             0.100D-03
Minimum variance                                         0.100D-03
Maximum number of steepest descent iterations                   20
Maximum number of iterations for H1                           2000
Convergence criterion for H1                             0.100D-03
Optimization algorithm                                         EMA

Input data file(s)
  wide-dataset.dat
Input data format  FREE



SAMPLE STATISTICS


     ESTIMATED SAMPLE STATISTICS


           Means
              A_01          A_02          A_03          A_04          A_05
              ________      ________      ________      ________      ________
 1              6.740         6.704         6.484         6.204         5.638


           Means
              AGE_C80       EDU_C7        FEMALE
              ________      ________      ________
 1              3.236         0.309         0.654


           Covariances
              A_01          A_02          A_03          A_04          A_05
              ________      ________      ________      ________      ________
 A_01           4.930
 A_02           3.266         5.589
 A_03           3.372         4.609         7.028
 A_04           2.962         4.560         5.551         8.931
 A_05           3.045         4.703         5.537         7.695        10.617
 AGE_C80       -1.181        -1.707        -2.313        -1.855        -1.999
 EDU_C7         0.530         0.155         0.768         0.201         0.063
 FEMALE         0.194         0.243         0.210         0.279         0.190


           Covariances
              AGE_C80       EDU_C7        FEMALE
              ________      ________      ________
 AGE_C80        7.948
 EDU_C7        -0.806         6.209
 FEMALE         0.091        -0.121         0.226


           Correlations
              A_01          A_02          A_03          A_04          A_05
              ________      ________      ________      ________      ________
 A_01           1.000
 A_02           0.622         1.000
 A_03           0.573         0.735         1.000
 A_04           0.446         0.645         0.701         1.000
 A_05           0.421         0.610         0.641         0.790         1.000
 AGE_C80       -0.189        -0.256        -0.309        -0.220        -0.218
 EDU_C7         0.096         0.026         0.116         0.027         0.008
 FEMALE         0.184         0.216         0.167         0.196         0.122


           Correlations
              AGE_C80       EDU_C7        FEMALE
              ________      ________      ________
 AGE_C80        1.000
 EDU_C7        -0.115         1.000
 FEMALE         0.068        -0.102         1.000


     MAXIMUM LOG-LIKELIHOOD VALUE FOR THE UNRESTRICTED (H1) MODEL IS -7058.548


UNIVARIATE HIGHER-ORDER MOMENT DESCRIPTIVE STATISTICS


     UNIVARIATE HIGHER-ORDER MOMENT DESCRIPTIVE STATISTICS

         Variable/         Mean/     Skewness/   Minimum/ % with                Percentiles
        Sample Size      Variance    Kurtosis    Maximum  Min/Max      20%/60%    40%/80%    Median

     A_01                  6.802      -0.863       0.000    7.91%       4.000      6.000      7.000
             556.000       4.873       0.540      10.000    5.58%       7.000      8.000
     A_02                  6.827      -0.761       0.000   13.89%       2.000      5.000      6.000
             468.000       5.208       0.263      10.000    7.48%       7.000      8.000
     A_03                  6.825      -0.787       0.000   17.91%       2.000      5.000      6.000
             363.000       6.183       0.064      10.000    9.37%       7.000      9.000
     A_04                  6.893      -0.836       0.000   18.43%       1.000      5.000      6.000
             255.000       7.293      -0.178      10.000   12.16%       8.000      9.000
     A_05                  6.712      -0.775       0.000   17.07%       2.000      5.000      7.000
             164.000       8.478      -0.446      10.000   14.63%       7.000      9.000
     AGE_C80               3.236       1.045      -0.581    0.17%       0.877      1.805      2.417
             600.000       7.948       0.431      13.313    0.33%       3.216      5.784
     EDU_C7                0.309       2.150      -7.000    0.17%      -1.000     -1.000     -1.000
             600.000       6.209       7.080      16.000    0.17%       0.000      1.000
     FEMALE                0.654      -0.649       0.000   34.33%       0.000      1.000      1.000
             600.000       0.226      -1.579       1.000   65.67%       1.000      1.000


THE MODEL ESTIMATION TERMINATED NORMALLY



MODEL FIT INFORMATION

Number of Free Parameters                       19

Loglikelihood

          H0 Value                       -2730.400
          H0 Scaling Correction Factor      1.1313
            for MLR

Information Criteria

          Akaike (AIC)                    5498.799
          Bayesian (BIC)                  5576.055
          Sample-Size Adjusted BIC        5515.760
            (n* = (n + 2) / 24)



MODEL RESULTS

                                                    Two-Tailed
                    Estimate       S.E.  Est./S.E.    P-Value

 IA         ON
    AGE_C80           -0.150      0.041     -3.655      0.000
    EDU_C7             0.071      0.043      1.676      0.094
    FEMALE             0.959      0.236      4.065      0.000

 SA         ON
    AGE_C80           -0.046      0.021     -2.168      0.030
    EDU_C7            -0.004      0.021     -0.177      0.860
    FEMALE             0.121      0.115      1.050      0.293

 QA         ON
    AGE_C80            0.004      0.003      1.220      0.223
    EDU_C7             0.000      0.003     -0.055      0.956
    FEMALE            -0.014      0.016     -0.862      0.388

 IA       WITH
    SA                -0.019      0.129     -0.150      0.880
    QA                -0.003      0.016     -0.174      0.862

 SA       WITH
    QA                -0.016      0.010     -1.515      0.130

 Intercepts
    A_01               0.000      0.000    999.000    999.000
    A_02               0.000      0.000    999.000    999.000
    A_03               0.000      0.000    999.000    999.000
    A_04               0.000      0.000    999.000    999.000
    A_05               0.000      0.000    999.000    999.000
    IA                 6.575      0.224     29.384      0.000
    SA                 0.100      0.112      0.890      0.373
    QA                -0.025      0.016     -1.545      0.122

 Residual Variances
    A_01               1.728      0.151     11.429      0.000
    A_02               1.728      0.151     11.429      0.000
    A_03               1.728      0.151     11.429      0.000
    A_04               1.728      0.151     11.429      0.000
    A_05               1.728      0.151     11.429      0.000
    IA                 2.804      0.396      7.074      0.000
    SA                 0.199      0.092      2.159      0.031
    QA                 0.002      0.001      1.782      0.075


QUALITY OF NUMERICAL RESULTS

     Condition Number for the Information Matrix              0.442E-05
       (ratio of smallest to largest eigenvalue)


CONFIDENCE INTERVALS OF MODEL RESULTS

                  Lower .5%  Lower 2.5%    Lower 5%    Estimate    Upper 5%  Upper 2.5%   Upper .5%

 IA       ON
    AGE_C80         -0.256      -0.231      -0.218      -0.150      -0.083      -0.070      -0.044
    EDU_C7          -0.038      -0.012       0.001       0.071       0.142       0.155       0.181
    FEMALE           0.351       0.497       0.571       0.959       1.347       1.422       1.567

 SA       ON
    AGE_C80         -0.100      -0.087      -0.080      -0.046      -0.011      -0.004       0.009
    EDU_C7          -0.057      -0.044      -0.038      -0.004       0.030       0.037       0.050
    FEMALE          -0.175      -0.104      -0.068       0.121       0.309       0.346       0.416

 QA       ON
    AGE_C80         -0.004      -0.002      -0.001       0.004       0.009       0.010       0.012
    EDU_C7          -0.007      -0.006      -0.005       0.000       0.004       0.005       0.007
    FEMALE          -0.055      -0.045      -0.040      -0.014       0.012       0.017       0.027

 IA       WITH
    SA              -0.351      -0.272      -0.231      -0.019       0.193       0.233       0.313
    QA              -0.044      -0.034      -0.029      -0.003       0.023       0.028       0.038

 SA       WITH
    QA              -0.043      -0.036      -0.033      -0.016       0.001       0.005       0.011

 Intercepts
    A_01             0.000       0.000       0.000       0.000       0.000       0.000       0.000
    A_02             0.000       0.000       0.000       0.000       0.000       0.000       0.000
    A_03             0.000       0.000       0.000       0.000       0.000       0.000       0.000
    A_04             0.000       0.000       0.000       0.000       0.000       0.000       0.000
    A_05             0.000       0.000       0.000       0.000       0.000       0.000       0.000
    IA               5.999       6.136       6.207       6.575       6.943       7.013       7.151
    SA              -0.189      -0.120      -0.085       0.100       0.284       0.319       0.388
    QA              -0.067      -0.057      -0.052      -0.025       0.002       0.007       0.017

 Residual Variances
    A_01             1.339       1.432       1.480       1.728       1.977       2.025       2.118
    A_02             1.339       1.432       1.480       1.728       1.977       2.025       2.118
    A_03             1.339       1.432       1.480       1.728       1.977       2.025       2.118
    A_04             1.339       1.432       1.480       1.728       1.977       2.025       2.118
    A_05             1.339       1.432       1.480       1.728       1.977       2.025       2.118
    IA               1.783       2.027       2.152       2.804       3.456       3.581       3.825
    SA              -0.039       0.018       0.047       0.199       0.352       0.381       0.438
    QA              -0.001       0.000       0.000       0.002       0.005       0.005       0.006


SAMPLE STATISTICS FOR ESTIMATED FACTOR SCORES


     SAMPLE STATISTICS


           Means
              IA            IA_SE         SA            SA_SE         QA
              ________      ________      ________      ________      ________
 1              5.994         0.899        -0.071         0.382        -0.016


           Means
              QA_SE
              ________
 1              0.046


           Covariances
              IA            IA_SE         SA            SA_SE         QA
              ________      ________      ________      ________      ________
 IA             4.045
 IA_SE         -0.034         0.010
 SA             0.320        -0.003         0.098
 SA_SE         -0.013         0.003         0.000         0.002
 QA            -0.027         0.000        -0.005         0.000         0.001
 QA_SE         -0.001         0.000         0.000         0.000         0.000


           Covariances
              QA_SE
              ________
 QA_SE          0.000


           Correlations
              IA            IA_SE         SA            SA_SE         QA
              ________      ________      ________      ________      ________
 IA             1.000
 IA_SE         -0.167         1.000
 SA             0.507        -0.106         1.000
 SA_SE         -0.167         0.749        -0.006         1.000
 QA            -0.574         0.161        -0.735         0.123         1.000
 QA_SE         -0.253         0.543        -0.217         0.755         0.259


           Correlations
              QA_SE
              ________
 QA_SE          1.000


RESULTS SAVING INFORMATION

  Order of data

    Parameter estimates
     (saved in order shown in Technical 1 output)
    Standard errors
     (saved in order shown in Technical 1 output)
    H0 Loglikelihood
    H0 Scaling Correction Factor for MLR
    Number of Free Parameters
    Akaike (AIC)
    Bayesian (BIC)
    Sample-Size Adjusted BIC

  Save file
    u2_12345_aef_mirrecall_results.dat

  Save file format           Free


PLOT INFORMATION

The following plots are available:

  Histograms (sample values, estimated factor scores)
  Scatterplots (sample values, estimated factor scores)
  Latent variable distribution plots

SAVEDATA INFORMATION


  Save file
    u2_12345_aef_mirrecall_fscores.dat

  Order and format of variables

    A_01           F10.3
    A_02           F10.3
    A_03           F10.3
    A_04           F10.3
    A_05           F10.3
    AGE_C80        F10.3
    EDU_C7         F10.3
    FEMALE         F10.3
    TIME_01        F10.3
    TIME_02        F10.3
    TIME_03        F10.3
    TIME_04        F10.3
    TIME_05        F10.3
    _WEIGHT        F10.3
    IA             F10.3
    IA_SE          F10.3
    SA             F10.3
    SA_SE          F10.3
    QA             F10.3
    QA_SE          F10.3
    PAIRID         I6

  Save file format
    20F10.3 I6

  Save file record length    10000


     Beginning Time:  12:10:47
        Ending Time:  12:10:49
       Elapsed Time:  00:00:02



MUTHEN & MUTHEN
3463 Stoner Ave.
Los Angeles, CA  90066

Tel: (310) 391-9971
Fax: (310) 391-8971
Web: www.StatModel.com
Support: Support@StatModel.com

Copyright (c) 1998-2014 Muthen & Muthen
