Mplus VERSION 7.3
MUTHEN & MUTHEN
12/17/2016   6:10 PM

INPUT INSTRUCTIONS

  TITLE:
  Script produced from the prototype in ./sandbox/syntax-creator/
  DATA:
  File = wide-dataset.dat ;
  VARIABLE:
  NAMES are
   Case PairID female age_c80 edu_c7 sbp_c167 smoke cardio diabetes dementia_ever
      years_since_bl_01 years_since_bl_02 years_since_bl_03 years_since_bl_04
      years_since_bl_05 pef_01 pef_02 pef_03 pef_04 pef_05 grip_01 grip_02 grip_03
      grip_04 grip_05 gait_01 gait_02 gait_03 gait_04 gait_05 block_01 block_02
      block_03 block_04 block_05 digitspanbackward_01 digitspanbackward_02
      digitspanbackward_03 digitspanbackward_04 digitspanbackward_05
      digitspanforward_01 digitspanforward_02 digitspanforward_03 digitspanforward_04
      digitspanforward_05 symbol_01 symbol_02 symbol_03 symbol_04 symbol_05 prose_01
      prose_02 prose_03 prose_04 prose_05 info_01 info_02 info_03 info_04 info_05
      synonyms_01 synonyms_02 synonyms_03 synonyms_04 synonyms_05 psif_01 psif_02
      psif_03 psif_04 psif_05 figure_01 figure_02 figure_03 figure_04 figure_05
      mirrecall_01 mirrecall_02 mirrecall_03 mirrecall_04 mirrecall_05 mmse_01 mmse_02
      mmse_03 mmse_04 mmse_05 mirnaming_01 mirnaming_02 mirnaming_03 mirnaming_04
      mirnaming_05 mirrecog_01 mirrecog_02 mirrecog_03 mirrecog_04 mirrecog_05
      clock_01 clock_02 clock_03 clock_04 clock_05
  	;
  Missing are all (-9999);
  USEVARIABLES are
  	!define the variables used in the analysis
  	! covariates used in the model
  age_c80
  edu_c7
  female
  sbp_c167	
  	!estimated time points
  time_01
  time_02
  time_03
  	!modelled time points of process (A)
  a_01
  a_02
  a_03
  ;
  TSCORES are
  	!estimated time points
  time_01
  time_02
  time_03;
  CLUSTER = PairID;
  SUBPOPULATION are
  	!select a subset of observations
  dementia_ever NE 1
  ;
  DEFINE:
  	! assign variables to the process (A)
  a_01 = mirrecall_01;
  a_02 = mirrecall_02;
  a_03 = mirrecall_03;
  	!assign variables to time points
  time_01 = years_since_bl_01;
  time_02 = years_since_bl_02;
  time_03 = years_since_bl_03;
  	
  ANALYSIS: TYPE = RANDOM COMPLEX;
  COVERAGE=.00;
  MODEL:
  	!first-level equation
  	! assign process (A) to time points
  ia sa qa | a_01 AT time_01 ;
  ia sa qa | a_02 AT time_02 ;
  ia sa qa | a_03 AT time_03 ;
  	!variance of the first-level terms
  ia (v_ia);
  sa (v_sa);
  qa (v_qa);
  	!covariance among first-level terms
  ia WITH sa (c_iasa);
  ia WITH qa (c_iaqa);
  sa WITH qa (c_saqa);
  	!second-level equation
  ia sa qa ON age_c80
  edu_c7
  female
  sbp_c167;
  	!residual covariance of process (A)
  a_01 (res_a);
  a_02 (res_a);
  a_03 (res_a);	
  SAVEDATA:
  FILE is   u2_123_aefb_mirrecall_fscores.dat;
  SAVE = FSCORES;
  RESULTS are   u2_123_aefb_mirrecall_results.dat;
  	
  OUTPUT: sampstat cinterval;
  PLOT: Type is Plot1 Plot2 Plot3;



*** WARNING
  Data set contains cases with missing on x-variables.
  These cases were not included in the analysis.
  Number of cases with missing on x-variables:  92
*** WARNING
  Data set contains cases with missing on all variables except
  x-variables.  These cases were not included in the analysis.
  Number of cases with missing on all variables except x-variables:  35
   2 WARNING(S) FOUND IN THE INPUT INSTRUCTIONS




Script produced from the prototype in ./sandbox/syntax-creator/

SUMMARY OF ANALYSIS

Number of groups                                                 1
Number of observations                                         417

Number of dependent variables                                    3
Number of independent variables                                  4
Number of continuous latent variables                            3

Observed dependent variables

  Continuous
   A_01        A_02        A_03

Observed independent variables
   AGE_C80     EDU_C7      FEMALE      SBP_C167

Continuous latent variables
   IA          SA          QA

Variables with special functions

  Cluster variable      PAIRID
  Weight variable       _WEIGHT

  Time scores
   TIME_01     TIME_02     TIME_03


Estimator                                                      MLR
Information matrix                                        OBSERVED
Maximum number of iterations                                   100
Convergence criterion                                    0.100D-05
Maximum number of EM iterations                                500
Convergence criteria for the EM algorithm
  Loglikelihood change                                   0.100D-02
  Relative loglikelihood change                          0.100D-05
  Derivative                                             0.100D-03
Minimum variance                                         0.100D-03
Maximum number of steepest descent iterations                   20
Maximum number of iterations for H1                           2000
Convergence criterion for H1                             0.100D-03
Optimization algorithm                                         EMA

Input data file(s)
  wide-dataset.dat
Input data format  FREE



SAMPLE STATISTICS


     ESTIMATED SAMPLE STATISTICS


           Means
              A_01          A_02          A_03          AGE_C80       EDU_C7
              ________      ________      ________      ________      ________
 1              6.804         6.766         6.528         3.250         0.297


           Means
              FEMALE        SBP_C167
              ________      ________
 1              0.652        -5.945


           Covariances
              A_01          A_02          A_03          AGE_C80       EDU_C7
              ________      ________      ________      ________      ________
 A_01           4.705
 A_02           3.102         5.463
 A_03           3.237         4.525         6.999
 AGE_C80       -1.350        -1.788        -2.428         7.945
 EDU_C7         0.426         0.073         0.648        -0.821         6.175
 FEMALE         0.210         0.267         0.226         0.080        -0.115
 SBP_C167       6.831         4.783         6.291        -4.597         0.633


           Covariances
              FEMALE        SBP_C167
              ________      ________
 FEMALE         0.227
 SBP_C167       0.691       509.678


           Correlations
              A_01          A_02          A_03          AGE_C80       EDU_C7
              ________      ________      ________      ________      ________
 A_01           1.000
 A_02           0.612         1.000
 A_03           0.564         0.732         1.000
 AGE_C80       -0.221        -0.271        -0.326         1.000
 EDU_C7         0.079         0.013         0.099        -0.117         1.000
 FEMALE         0.203         0.240         0.179         0.059        -0.097
 SBP_C167       0.139         0.091         0.105        -0.072         0.011


           Correlations
              FEMALE        SBP_C167
              ________      ________
 FEMALE         1.000
 SBP_C167       0.064         1.000


     MAXIMUM LOG-LIKELIHOOD VALUE FOR THE UNRESTRICTED (H1) MODEL IS -8474.719


UNIVARIATE HIGHER-ORDER MOMENT DESCRIPTIVE STATISTICS


     UNIVARIATE HIGHER-ORDER MOMENT DESCRIPTIVE STATISTICS

         Variable/         Mean/     Skewness/   Minimum/ % with                Percentiles
        Sample Size      Variance    Kurtosis    Maximum  Min/Max      20%/60%    40%/80%    Median

     A_01                  6.862      -0.870       0.000    7.41%       4.000      6.000      7.000
             540.000       4.660       0.637      10.000    5.74%       7.000      8.000
     A_02                  6.864      -0.804       0.000   13.05%       2.000      6.000      6.000
             452.000       5.124       0.400      10.000    7.52%       7.000      8.000
     A_03                  6.865      -0.823       0.000   16.52%       2.000      5.000      6.000
             351.000       6.148       0.161      10.000    9.69%       7.000      9.000
     AGE_C80               3.250       1.048      -0.581    0.17%       0.877      1.809      2.409
             575.000       7.945       0.464      13.313    0.35%       3.203      5.718
     EDU_C7                0.297       2.170      -7.000    0.17%      -1.000     -1.000     -1.000
             575.000       6.175       7.316      16.000    0.17%       0.000      1.000
     FEMALE                0.652      -0.639       0.000   34.78%       0.000      1.000      1.000
             575.000       0.227      -1.591       1.000   65.22%       1.000      1.000
     SBP_C167             -5.945       0.371     -57.000    1.57%     -27.000    -12.000     -7.000
             575.000     509.678       0.689      93.000    0.17%      -7.000     13.000


THE MODEL ESTIMATION TERMINATED NORMALLY



MODEL FIT INFORMATION

Number of Free Parameters                       22

Loglikelihood

          H0 Value                       -1984.514
          H0 Scaling Correction Factor      1.1600
            for MLR

Information Criteria

          Akaike (AIC)                    4013.028
          Bayesian (BIC)                  4101.755
          Sample-Size Adjusted BIC        4031.944
            (n* = (n + 2) / 24)



MODEL RESULTS

                                                    Two-Tailed
                    Estimate       S.E.  Est./S.E.    P-Value

 IA         ON
    AGE_C80           -0.167      0.041     -4.056      0.000
    EDU_C7             0.063      0.041      1.514      0.130
    FEMALE             0.982      0.236      4.154      0.000
    SBP_C167           0.011      0.005      2.136      0.033

 SA         ON
    AGE_C80           -0.029      0.040     -0.733      0.464
    EDU_C7            -0.061      0.036     -1.703      0.089
    FEMALE             0.231      0.212      1.087      0.277
    SBP_C167          -0.005      0.004     -1.288      0.198

 QA         ON
    AGE_C80           -0.001      0.010     -0.117      0.907
    EDU_C7             0.016      0.009      1.879      0.060
    FEMALE            -0.049      0.050     -0.983      0.326
    SBP_C167           0.001      0.001      1.264      0.206

 IA       WITH
    SA                -0.318      0.899     -0.353      0.724
    QA                 0.050      0.155      0.323      0.747

 SA       WITH
    QA                -0.124      0.420     -0.296      0.767

 Intercepts
    A_01               0.000      0.000    999.000    999.000
    A_02               0.000      0.000    999.000    999.000
    A_03               0.000      0.000    999.000    999.000
    IA                 6.753      0.221     30.492      0.000
    SA                -0.037      0.213     -0.176      0.861
    QA                 0.013      0.050      0.268      0.789

 Residual Variances
    A_01               1.242      1.187      1.046      0.295
    A_02               1.242      1.187      1.046      0.295
    A_03               1.242      1.187      1.046      0.295
    IA                 2.939      1.246      2.358      0.018
    SA                 0.734      1.843      0.398      0.690
    QA                 0.026      0.104      0.254      0.800


QUALITY OF NUMERICAL RESULTS

     Condition Number for the Information Matrix              0.422E-06
       (ratio of smallest to largest eigenvalue)


CONFIDENCE INTERVALS OF MODEL RESULTS

                  Lower .5%  Lower 2.5%    Lower 5%    Estimate    Upper 5%  Upper 2.5%   Upper .5%

 IA       ON
    AGE_C80         -0.273      -0.248      -0.235      -0.167      -0.099      -0.086      -0.061
    EDU_C7          -0.044      -0.018      -0.005       0.063       0.131       0.144       0.169
    FEMALE           0.373       0.518       0.593       0.982       1.370       1.445       1.590
    SBP_C167        -0.002       0.001       0.002       0.011       0.019       0.020       0.023

 SA       ON
    AGE_C80         -0.133      -0.108      -0.096      -0.029       0.037       0.049       0.074
    EDU_C7          -0.153      -0.131      -0.120      -0.061      -0.002       0.009       0.031
    FEMALE          -0.316      -0.185      -0.118       0.231       0.580       0.646       0.777
    SBP_C167        -0.014      -0.012      -0.011      -0.005       0.001       0.002       0.005

 QA       ON
    AGE_C80         -0.027      -0.021      -0.018      -0.001       0.016       0.019       0.025
    EDU_C7          -0.006      -0.001       0.002       0.016       0.031       0.033       0.039
    FEMALE          -0.177      -0.146      -0.130      -0.049       0.033       0.048       0.079
    SBP_C167        -0.001      -0.001       0.000       0.001       0.002       0.003       0.003

 IA       WITH
    SA              -2.634      -2.080      -1.797      -0.318       1.162       1.445       1.999
    QA              -0.349      -0.253      -0.205       0.050       0.304       0.353       0.448

 SA       WITH
    QA              -1.207      -0.948      -0.816      -0.124       0.567       0.699       0.958

 Intercepts
    A_01             0.000       0.000       0.000       0.000       0.000       0.000       0.000
    A_02             0.000       0.000       0.000       0.000       0.000       0.000       0.000
    A_03             0.000       0.000       0.000       0.000       0.000       0.000       0.000
    IA               6.182       6.319       6.389       6.753       7.117       7.187       7.323
    SA              -0.586      -0.455      -0.388      -0.037       0.313       0.380       0.511
    QA              -0.115      -0.084      -0.068       0.013       0.095       0.111       0.141

 Residual Variances
    A_01            -1.815      -1.084      -0.710       1.242       3.194       3.568       4.298
    A_02            -1.815      -1.084      -0.710       1.242       3.194       3.568       4.298
    A_03            -1.815      -1.084      -0.710       1.242       3.194       3.568       4.298
    IA              -0.271       0.496       0.889       2.939       4.988       5.381       6.148
    SA              -4.013      -2.878      -2.297       0.734       3.766       4.347       5.482
    QA              -0.242      -0.178      -0.145       0.026       0.198       0.230       0.294


SAMPLE STATISTICS FOR ESTIMATED FACTOR SCORES


     SAMPLE STATISTICS


           Means
              IA            IA_SE         SA            SA_SE         QA
              ________      ________      ________      ________      ________
 1              6.080         0.876        -0.072         0.723        -0.018


           Means
              QA_SE
              ________
 1              0.148


           Covariances
              IA            IA_SE         SA            SA_SE         QA
              ________      ________      ________      ________      ________
 IA             4.491
 IA_SE         -0.042         0.012
 SA             0.126        -0.007         0.320
 SA_SE         -0.013         0.004         0.002         0.004
 QA             0.008         0.000        -0.044         0.000         0.008
 QA_SE         -0.001         0.000         0.000         0.000         0.000


           Covariances
              QA_SE
              ________
 QA_SE          0.000


           Correlations
              IA            IA_SE         SA            SA_SE         QA
              ________      ________      ________      ________      ________
 IA             1.000
 IA_SE         -0.184         1.000
 SA             0.105        -0.112         1.000
 SA_SE         -0.094         0.639         0.053         1.000
 QA             0.042         0.043        -0.870        -0.071         1.000
 QA_SE         -0.089         0.583         0.041         0.954        -0.054


           Correlations
              QA_SE
              ________
 QA_SE          1.000


RESULTS SAVING INFORMATION

  Order of data

    Parameter estimates
     (saved in order shown in Technical 1 output)
    Standard errors
     (saved in order shown in Technical 1 output)
    H0 Loglikelihood
    H0 Scaling Correction Factor for MLR
    Number of Free Parameters
    Akaike (AIC)
    Bayesian (BIC)
    Sample-Size Adjusted BIC

  Save file
    u2_123_aefb_mirrecall_results.dat

  Save file format           Free


PLOT INFORMATION

The following plots are available:

  Histograms (sample values, estimated factor scores)
  Scatterplots (sample values, estimated factor scores)
  Latent variable distribution plots

SAVEDATA INFORMATION


  Save file
    u2_123_aefb_mirrecall_fscores.dat

  Order and format of variables

    A_01           F10.3
    A_02           F10.3
    A_03           F10.3
    AGE_C80        F10.3
    EDU_C7         F10.3
    FEMALE         F10.3
    SBP_C167       F10.3
    TIME_01        F10.3
    TIME_02        F10.3
    TIME_03        F10.3
    _WEIGHT        F10.3
    IA             F10.3
    IA_SE          F10.3
    SA             F10.3
    SA_SE          F10.3
    QA             F10.3
    QA_SE          F10.3
    PAIRID         I6

  Save file format
    17F10.3 I6

  Save file record length    10000


     Beginning Time:  18:10:08
        Ending Time:  18:10:10
       Elapsed Time:  00:00:02



MUTHEN & MUTHEN
3463 Stoner Ave.
Los Angeles, CA  90066

Tel: (310) 391-9971
Fax: (310) 391-8971
Web: www.StatModel.com
Support: Support@StatModel.com

Copyright (c) 1998-2014 Muthen & Muthen
