Mplus VERSION 7.3
MUTHEN & MUTHEN
12/17/2016  12:10 PM

INPUT INSTRUCTIONS

  TITLE:
  Script produced from the prototype in ./sandbox/syntax-creator/
  DATA:
  File = wide-dataset.dat ;
  VARIABLE:
  NAMES are
   Case PairID female age_c80 edu_c7 sbp_c167 smoke cardio diabetes dementia_ever
      years_since_bl_01 years_since_bl_02 years_since_bl_03 years_since_bl_04
      years_since_bl_05 pef_01 pef_02 pef_03 pef_04 pef_05 grip_01 grip_02 grip_03
      grip_04 grip_05 gait_01 gait_02 gait_03 gait_04 gait_05 block_01 block_02
      block_03 block_04 block_05 digitspanbackward_01 digitspanbackward_02
      digitspanbackward_03 digitspanbackward_04 digitspanbackward_05
      digitspanforward_01 digitspanforward_02 digitspanforward_03 digitspanforward_04
      digitspanforward_05 symbol_01 symbol_02 symbol_03 symbol_04 symbol_05 prose_01
      prose_02 prose_03 prose_04 prose_05 info_01 info_02 info_03 info_04 info_05
      synonyms_01 synonyms_02 synonyms_03 synonyms_04 synonyms_05 psif_01 psif_02
      psif_03 psif_04 psif_05 figure_01 figure_02 figure_03 figure_04 figure_05
      mirrecall_01 mirrecall_02 mirrecall_03 mirrecall_04 mirrecall_05 mmse_01 mmse_02
      mmse_03 mmse_04 mmse_05 mirnaming_01 mirnaming_02 mirnaming_03 mirnaming_04
      mirnaming_05 mirrecog_01 mirrecog_02 mirrecog_03 mirrecog_04 mirrecog_05
      clock_01 clock_02 clock_03 clock_04 clock_05
  	;
  Missing are all (-9999);
  USEVARIABLES are
  	!define the variables used in the analysis
  	! covariates used in the model
  age_c80	
  	!estimated time points
  time_01
  time_02
  time_03
  time_04
  time_05
  	!modelled time points of process (A)
  a_01
  a_02
  a_03
  a_04
  a_05
  ;
  TSCORES are
  	!estimated time points
  time_01
  time_02
  time_03
  time_04
  time_05;
  CLUSTER = PairID;
  SUBPOPULATION are
  	!select a subset of observations
  dementia_ever NE 1
  ;
  DEFINE:
  	! assign variables to the process (A)
  a_01 = mirrecall_01;
  a_02 = mirrecall_02;
  a_03 = mirrecall_03;
  a_04 = mirrecall_04;
  a_05 = mirrecall_05;
  	!assign variables to time points
  time_01 = years_since_bl_01;
  time_02 = years_since_bl_02;
  time_03 = years_since_bl_03;
  time_04 = years_since_bl_04;
  time_05 = years_since_bl_05;
  	
  ANALYSIS: TYPE = RANDOM COMPLEX;
  COVERAGE=.00;
  MODEL:
  	!first-level equation
  	! assign process (A) to time points
  ia sa qa | a_01 AT time_01 ;
  ia sa qa | a_02 AT time_02 ;
  ia sa qa | a_03 AT time_03 ;
  ia sa qa | a_04 AT time_04 ;
  ia sa qa | a_05 AT time_05 ;
  	!variance of the first-level terms
  ia (v_ia);
  sa (v_sa);
  qa (v_qa);
  	!covariance among first-level terms
  ia WITH sa (c_iasa);
  ia WITH qa (c_iaqa);
  sa WITH qa (c_saqa);
  	!second-level equation
  ia sa qa ON age_c80;
  	!residual covariance of process (A)
  a_01 (res_a);
  a_02 (res_a);
  a_03 (res_a);
  a_04 (res_a);
  a_05 (res_a);	
  SAVEDATA:
  FILE is   u2_12345_a_mirrecall_fscores.dat;
  SAVE = FSCORES;
  RESULTS are   u2_12345_a_mirrecall_results.dat;
  	
  OUTPUT: sampstat cinterval;
  PLOT: Type is Plot1 Plot2 Plot3;



*** WARNING
  Data set contains cases with missing on all variables except
  x-variables.  These cases were not included in the analysis.
  Number of cases with missing on all variables except x-variables:  77
   1 WARNING(S) FOUND IN THE INPUT INSTRUCTIONS




Script produced from the prototype in ./sandbox/syntax-creator/

SUMMARY OF ANALYSIS

Number of groups                                                 1
Number of observations                                         435

Number of dependent variables                                    5
Number of independent variables                                  1
Number of continuous latent variables                            3

Observed dependent variables

  Continuous
   A_01        A_02        A_03        A_04        A_05

Observed independent variables
   AGE_C80

Continuous latent variables
   IA          SA          QA

Variables with special functions

  Cluster variable      PAIRID
  Weight variable       _WEIGHT

  Time scores
   TIME_01     TIME_02     TIME_03     TIME_04     TIME_05


Estimator                                                      MLR
Information matrix                                        OBSERVED
Maximum number of iterations                                   100
Convergence criterion                                    0.100D-05
Maximum number of EM iterations                                500
Convergence criteria for the EM algorithm
  Loglikelihood change                                   0.100D-02
  Relative loglikelihood change                          0.100D-05
  Derivative                                             0.100D-03
Minimum variance                                         0.100D-03
Maximum number of steepest descent iterations                   20
Maximum number of iterations for H1                           2000
Convergence criterion for H1                             0.100D-03
Optimization algorithm                                         EMA

Input data file(s)
  wide-dataset.dat
Input data format  FREE



SAMPLE STATISTICS


     ESTIMATED SAMPLE STATISTICS


           Means
              A_01          A_02          A_03          A_04          A_05
              ________      ________      ________      ________      ________
 1              6.703         6.642         6.414         6.163         5.572


           Means
              AGE_C80
              ________
 1              3.260


           Covariances
              A_01          A_02          A_03          A_04          A_05
              ________      ________      ________      ________      ________
 A_01           5.093
 A_02           3.468         5.875
 A_03           3.607         4.923         7.387
 A_04           3.135         4.809         5.838         9.157
 A_05           3.253         4.978         5.858         7.939        10.874
 AGE_C80       -1.298        -1.820        -2.416        -1.917        -2.087


           Covariances
              AGE_C80
              ________
 AGE_C80        7.968


           Correlations
              A_01          A_02          A_03          A_04          A_05
              ________      ________      ________      ________      ________
 A_01           1.000
 A_02           0.634         1.000
 A_03           0.588         0.747         1.000
 A_04           0.459         0.656         0.710         1.000
 A_05           0.437         0.623         0.654         0.796         1.000
 AGE_C80       -0.204        -0.266        -0.315        -0.224        -0.224


           Correlations
              AGE_C80
              ________
 AGE_C80        1.000


     MAXIMUM LOG-LIKELIHOOD VALUE FOR THE UNRESTRICTED (H1) MODEL IS -5503.322


UNIVARIATE HIGHER-ORDER MOMENT DESCRIPTIVE STATISTICS


     UNIVARIATE HIGHER-ORDER MOMENT DESCRIPTIVE STATISTICS

         Variable/         Mean/     Skewness/   Minimum/ % with                Percentiles
        Sample Size      Variance    Kurtosis    Maximum  Min/Max      20%/60%    40%/80%    Median

     A_01                  6.785      -0.882       0.000   10.33%       3.000      6.000      7.000
             571.000       4.973       0.574      10.000    5.43%       7.000      8.000
     A_02                  6.773      -0.794       0.000   17.04%       2.000      5.000      6.000
             487.000       5.488       0.300      10.000    7.19%       7.000      8.000
     A_03                  6.798      -0.801       0.000   19.89%       0.000      5.000      6.000
             372.000       6.339       0.079      10.000    9.14%       7.000      9.000
     A_04                  6.893      -0.836       0.000   18.75%       1.000      5.000      6.000
             256.000       7.293      -0.178      10.000   12.11%       8.000      9.000
     A_05                  6.712      -0.775       0.000   17.07%       2.000      5.000      7.000
             164.000       8.478      -0.446      10.000   14.63%       7.000      9.000
     AGE_C80               3.260       1.024      -0.581    0.16%       0.888      1.839      2.463
             625.000       7.968       0.377      13.313    0.32%       3.354      5.978


THE MODEL ESTIMATION TERMINATED NORMALLY



MODEL FIT INFORMATION

Number of Free Parameters                       13

Loglikelihood

          H0 Value                       -2767.170
          H0 Scaling Correction Factor      1.1412
            for MLR

Information Criteria

          Akaike (AIC)                    5560.340
          Bayesian (BIC)                  5613.320
          Sample-Size Adjusted BIC        5572.065
            (n* = (n + 2) / 24)



MODEL RESULTS

                                                    Two-Tailed
                    Estimate       S.E.  Est./S.E.    P-Value

 IA         ON
    AGE_C80           -0.161      0.043     -3.767      0.000

 SA         ON
    AGE_C80           -0.044      0.021     -2.050      0.040

 QA         ON
    AGE_C80            0.004      0.003      1.161      0.246

 IA       WITH
    SA                 0.025      0.135      0.183      0.855
    QA                -0.008      0.017     -0.458      0.647

 SA       WITH
    QA                -0.017      0.011     -1.578      0.115

 Intercepts
    A_01               0.000      0.000    999.000    999.000
    A_02               0.000      0.000    999.000    999.000
    A_03               0.000      0.000    999.000    999.000
    A_04               0.000      0.000    999.000    999.000
    A_05               0.000      0.000    999.000    999.000
    IA                 7.225      0.165     43.875      0.000
    SA                 0.161      0.079      2.029      0.043
    QA                -0.033      0.011     -2.983      0.003

 Residual Variances
    A_01               1.736      0.153     11.362      0.000
    A_02               1.736      0.153     11.362      0.000
    A_03               1.736      0.153     11.362      0.000
    A_04               1.736      0.153     11.362      0.000
    A_05               1.736      0.153     11.362      0.000
    IA                 3.149      0.397      7.928      0.000
    SA                 0.211      0.096      2.202      0.028
    QA                 0.003      0.001      1.833      0.067


QUALITY OF NUMERICAL RESULTS

     Condition Number for the Information Matrix              0.556E-05
       (ratio of smallest to largest eigenvalue)


CONFIDENCE INTERVALS OF MODEL RESULTS

                  Lower .5%  Lower 2.5%    Lower 5%    Estimate    Upper 5%  Upper 2.5%   Upper .5%

 IA       ON
    AGE_C80         -0.271      -0.245      -0.232      -0.161      -0.091      -0.077      -0.051

 SA       ON
    AGE_C80         -0.098      -0.085      -0.078      -0.044      -0.009      -0.002       0.011

 QA       ON
    AGE_C80         -0.005      -0.003      -0.002       0.004       0.009       0.010       0.012

 IA       WITH
    SA              -0.322      -0.239      -0.197       0.025       0.246       0.288       0.371
    QA              -0.051      -0.041      -0.035      -0.008       0.020       0.025       0.035

 SA       WITH
    QA              -0.045      -0.038      -0.035      -0.017       0.001       0.004       0.011

 Intercepts
    A_01             0.000       0.000       0.000       0.000       0.000       0.000       0.000
    A_02             0.000       0.000       0.000       0.000       0.000       0.000       0.000
    A_03             0.000       0.000       0.000       0.000       0.000       0.000       0.000
    A_04             0.000       0.000       0.000       0.000       0.000       0.000       0.000
    A_05             0.000       0.000       0.000       0.000       0.000       0.000       0.000
    IA               6.801       6.902       6.954       7.225       7.496       7.547       7.649
    SA              -0.043       0.005       0.030       0.161       0.292       0.317       0.365
    QA              -0.061      -0.054      -0.050      -0.033      -0.015      -0.011      -0.004

 Residual Variances
    A_01             1.342       1.437       1.485       1.736       1.987       2.036       2.130
    A_02             1.342       1.437       1.485       1.736       1.987       2.036       2.130
    A_03             1.342       1.437       1.485       1.736       1.987       2.036       2.130
    A_04             1.342       1.437       1.485       1.736       1.987       2.036       2.130
    A_05             1.342       1.437       1.485       1.736       1.987       2.036       2.130
    IA               2.126       2.371       2.496       3.149       3.803       3.928       4.172
    SA              -0.036       0.023       0.053       0.211       0.369       0.399       0.458
    QA              -0.001       0.000       0.000       0.003       0.005       0.005       0.006


SAMPLE STATISTICS FOR ESTIMATED FACTOR SCORES


     SAMPLE STATISTICS


           Means
              IA            IA_SE         SA            SA_SE         QA
              ________      ________      ________      ________      ________
 1              5.824         0.915        -0.096         0.390        -0.013


           Means
              QA_SE
              ________
 1              0.047


           Covariances
              IA            IA_SE         SA            SA_SE         QA
              ________      ________      ________      ________      ________
 IA             4.544
 IA_SE         -0.047         0.012
 SA             0.380        -0.005         0.103
 SA_SE         -0.017         0.003         0.000         0.002
 QA            -0.034         0.001        -0.006         0.000         0.001
 QA_SE         -0.002         0.000         0.000         0.000         0.000


           Covariances
              QA_SE
              ________
 QA_SE          0.000


           Correlations
              IA            IA_SE         SA            SA_SE         QA
              ________      ________      ________      ________      ________
 IA             1.000
 IA_SE         -0.204         1.000
 SA             0.554        -0.144         1.000
 SA_SE         -0.194         0.750        -0.028         1.000
 QA            -0.650         0.198        -0.771         0.139         1.000
 QA_SE         -0.271         0.571        -0.220         0.782         0.264


           Correlations
              QA_SE
              ________
 QA_SE          1.000


RESULTS SAVING INFORMATION

  Order of data

    Parameter estimates
     (saved in order shown in Technical 1 output)
    Standard errors
     (saved in order shown in Technical 1 output)
    H0 Loglikelihood
    H0 Scaling Correction Factor for MLR
    Number of Free Parameters
    Akaike (AIC)
    Bayesian (BIC)
    Sample-Size Adjusted BIC

  Save file
    u2_12345_a_mirrecall_results.dat

  Save file format           Free


PLOT INFORMATION

The following plots are available:

  Histograms (sample values, estimated factor scores)
  Scatterplots (sample values, estimated factor scores)
  Latent variable distribution plots

SAVEDATA INFORMATION


  Save file
    u2_12345_a_mirrecall_fscores.dat

  Order and format of variables

    A_01           F10.3
    A_02           F10.3
    A_03           F10.3
    A_04           F10.3
    A_05           F10.3
    AGE_C80        F10.3
    TIME_01        F10.3
    TIME_02        F10.3
    TIME_03        F10.3
    TIME_04        F10.3
    TIME_05        F10.3
    _WEIGHT        F10.3
    IA             F10.3
    IA_SE          F10.3
    SA             F10.3
    SA_SE          F10.3
    QA             F10.3
    QA_SE          F10.3
    PAIRID         I6

  Save file format
    18F10.3 I6

  Save file record length    10000


     Beginning Time:  12:10:42
        Ending Time:  12:10:44
       Elapsed Time:  00:00:02



MUTHEN & MUTHEN
3463 Stoner Ave.
Los Angeles, CA  90066

Tel: (310) 391-9971
Fax: (310) 391-8971
Web: www.StatModel.com
Support: Support@StatModel.com

Copyright (c) 1998-2014 Muthen & Muthen
