Mplus VERSION 7.3
MUTHEN & MUTHEN
12/17/2016  12:11 PM

INPUT INSTRUCTIONS

  TITLE:
  Script produced from the prototype in ./sandbox/syntax-creator/
  DATA:
  File = wide-dataset.dat ;
  VARIABLE:
  NAMES are
   Case PairID female age_c80 edu_c7 sbp_c167 smoke cardio diabetes dementia_ever
      years_since_bl_01 years_since_bl_02 years_since_bl_03 years_since_bl_04
      years_since_bl_05 pef_01 pef_02 pef_03 pef_04 pef_05 grip_01 grip_02 grip_03
      grip_04 grip_05 gait_01 gait_02 gait_03 gait_04 gait_05 block_01 block_02
      block_03 block_04 block_05 digitspanbackward_01 digitspanbackward_02
      digitspanbackward_03 digitspanbackward_04 digitspanbackward_05
      digitspanforward_01 digitspanforward_02 digitspanforward_03 digitspanforward_04
      digitspanforward_05 symbol_01 symbol_02 symbol_03 symbol_04 symbol_05 prose_01
      prose_02 prose_03 prose_04 prose_05 info_01 info_02 info_03 info_04 info_05
      synonyms_01 synonyms_02 synonyms_03 synonyms_04 synonyms_05 psif_01 psif_02
      psif_03 psif_04 psif_05 figure_01 figure_02 figure_03 figure_04 figure_05
      mirrecall_01 mirrecall_02 mirrecall_03 mirrecall_04 mirrecall_05 mmse_01 mmse_02
      mmse_03 mmse_04 mmse_05 mirnaming_01 mirnaming_02 mirnaming_03 mirnaming_04
      mirnaming_05 mirrecog_01 mirrecog_02 mirrecog_03 mirrecog_04 mirrecog_05
      clock_01 clock_02 clock_03 clock_04 clock_05
  	;
  Missing are all (-9999);
  USEVARIABLES are
  	!define the variables used in the analysis
  	! covariates used in the model
  age_c80
  edu_c7
  female	
  	!estimated time points
  time_01
  time_02
  time_03
  time_05
  	!modelled time points of process (A)
  a_01
  a_02
  a_03
  a_05
  ;
  TSCORES are
  	!estimated time points
  time_01
  time_02
  time_03
  time_05;
  CLUSTER = PairID;
  SUBPOPULATION are
  	!select a subset of observations
  dementia_ever NE 1
  ;
  DEFINE:
  	! assign variables to the process (A)
  a_01 = mirrecall_01;
  a_02 = mirrecall_02;
  a_03 = mirrecall_03;
  a_05 = mirrecall_05;
  	!assign variables to time points
  time_01 = years_since_bl_01;
  time_02 = years_since_bl_02;
  time_03 = years_since_bl_03;
  time_05 = years_since_bl_05;
  	
  ANALYSIS: TYPE = RANDOM COMPLEX;
  COVERAGE=.00;
  MODEL:
  	!first-level equation
  	! assign process (A) to time points
  ia sa qa | a_01 AT time_01 ;
  ia sa qa | a_02 AT time_02 ;
  ia sa qa | a_03 AT time_03 ;
  ia sa qa | a_05 AT time_05 ;
  	!variance of the first-level terms
  ia (v_ia);
  sa (v_sa);
  qa (v_qa);
  	!covariance among first-level terms
  ia WITH sa (c_iasa);
  ia WITH qa (c_iaqa);
  sa WITH qa (c_saqa);
  	!second-level equation
  ia sa qa ON age_c80
  edu_c7
  female;
  	!residual covariance of process (A)
  a_01 (res_a);
  a_02 (res_a);
  a_03 (res_a);
  a_05 (res_a);	
  SAVEDATA:
  FILE is   u2_1235_aef_mirrecall_fscores.dat;
  SAVE = FSCORES;
  RESULTS are   u2_1235_aef_mirrecall_results.dat;
  	
  OUTPUT: sampstat cinterval;
  PLOT: Type is Plot1 Plot2 Plot3;



*** WARNING
  Data set contains cases with missing on x-variables.
  These cases were not included in the analysis.
  Number of cases with missing on x-variables:  46
*** WARNING
  Data set contains cases with missing on all variables except
  x-variables.  These cases were not included in the analysis.
  Number of cases with missing on all variables except x-variables:  56
   2 WARNING(S) FOUND IN THE INPUT INSTRUCTIONS




Script produced from the prototype in ./sandbox/syntax-creator/

SUMMARY OF ANALYSIS

Number of groups                                                 1
Number of observations                                         431

Number of dependent variables                                    4
Number of independent variables                                  3
Number of continuous latent variables                            3

Observed dependent variables

  Continuous
   A_01        A_02        A_03        A_05

Observed independent variables
   AGE_C80     EDU_C7      FEMALE

Continuous latent variables
   IA          SA          QA

Variables with special functions

  Cluster variable      PAIRID
  Weight variable       _WEIGHT

  Time scores
   TIME_01     TIME_02     TIME_03     TIME_05


Estimator                                                      MLR
Information matrix                                        OBSERVED
Maximum number of iterations                                   100
Convergence criterion                                    0.100D-05
Maximum number of EM iterations                                500
Convergence criteria for the EM algorithm
  Loglikelihood change                                   0.100D-02
  Relative loglikelihood change                          0.100D-05
  Derivative                                             0.100D-03
Minimum variance                                         0.100D-03
Maximum number of steepest descent iterations                   20
Maximum number of iterations for H1                           2000
Convergence criterion for H1                             0.100D-03
Optimization algorithm                                         EMA

Input data file(s)
  wide-dataset.dat
Input data format  FREE



SAMPLE STATISTICS


     ESTIMATED SAMPLE STATISTICS


           Means
              A_01          A_02          A_03          A_05          AGE_C80
              ________      ________      ________      ________      ________
 1              6.740         6.704         6.488         5.713         3.236


           Means
              EDU_C7        FEMALE
              ________      ________
 1              0.309         0.654


           Covariances
              A_01          A_02          A_03          A_05          AGE_C80
              ________      ________      ________      ________      ________
 A_01           4.931
 A_02           3.269         5.588
 A_03           3.384         4.597         7.026
 A_05           3.123         4.795         5.369        10.328
 AGE_C80       -1.182        -1.705        -2.309        -2.227         7.948
 EDU_C7         0.530         0.153         0.766        -0.184        -0.806
 FEMALE         0.194         0.243         0.210         0.228         0.091


           Covariances
              EDU_C7        FEMALE
              ________      ________
 EDU_C7         6.209
 FEMALE        -0.121         0.226


           Correlations
              A_01          A_02          A_03          A_05          AGE_C80
              ________      ________      ________      ________      ________
 A_01           1.000
 A_02           0.623         1.000
 A_03           0.575         0.734         1.000
 A_05           0.438         0.631         0.630         1.000
 AGE_C80       -0.189        -0.256        -0.309        -0.246         1.000
 EDU_C7         0.096         0.026         0.116        -0.023        -0.115
 FEMALE         0.184         0.216         0.167         0.149         0.068


           Correlations
              EDU_C7        FEMALE
              ________      ________
 EDU_C7         1.000
 FEMALE        -0.102         1.000


     MAXIMUM LOG-LIKELIHOOD VALUE FOR THE UNRESTRICTED (H1) MODEL IS -6537.926


UNIVARIATE HIGHER-ORDER MOMENT DESCRIPTIVE STATISTICS


     UNIVARIATE HIGHER-ORDER MOMENT DESCRIPTIVE STATISTICS

         Variable/         Mean/     Skewness/   Minimum/ % with                Percentiles
        Sample Size      Variance    Kurtosis    Maximum  Min/Max      20%/60%    40%/80%    Median

     A_01                  6.802      -0.863       0.000    7.91%       4.000      6.000      7.000
             556.000       4.873       0.540      10.000    5.58%       7.000      8.000
     A_02                  6.827      -0.761       0.000   13.89%       2.000      5.000      6.000
             468.000       5.208       0.263      10.000    7.48%       7.000      8.000
     A_03                  6.825      -0.787       0.000   17.91%       2.000      5.000      6.000
             363.000       6.183       0.064      10.000    9.37%       7.000      9.000
     A_05                  6.712      -0.775       0.000   17.07%       2.000      5.000      7.000
             164.000       8.478      -0.446      10.000   14.63%       7.000      9.000
     AGE_C80               3.236       1.045      -0.581    0.17%       0.877      1.805      2.417
             600.000       7.948       0.431      13.313    0.33%       3.216      5.784
     EDU_C7                0.309       2.150      -7.000    0.17%      -1.000     -1.000     -1.000
             600.000       6.209       7.080      16.000    0.17%       0.000      1.000
     FEMALE                0.654      -0.649       0.000   34.33%       0.000      1.000      1.000
             600.000       0.226      -1.579       1.000   65.67%       1.000      1.000


THE MODEL ESTIMATION TERMINATED NORMALLY



MODEL FIT INFORMATION

Number of Free Parameters                       19

Loglikelihood

          H0 Value                       -2351.912
          H0 Scaling Correction Factor      1.0925
            for MLR

Information Criteria

          Akaike (AIC)                    4741.824
          Bayesian (BIC)                  4819.080
          Sample-Size Adjusted BIC        4758.785
            (n* = (n + 2) / 24)



MODEL RESULTS

                                                    Two-Tailed
                    Estimate       S.E.  Est./S.E.    P-Value

 IA         ON
    AGE_C80           -0.149      0.041     -3.601      0.000
    EDU_C7             0.070      0.042      1.660      0.097
    FEMALE             0.980      0.236      4.150      0.000

 SA         ON
    AGE_C80           -0.045      0.022     -2.096      0.036
    EDU_C7             0.000      0.021     -0.020      0.984
    FEMALE             0.088      0.116      0.754      0.451

 QA         ON
    AGE_C80            0.003      0.003      0.897      0.370
    EDU_C7            -0.001      0.003     -0.229      0.819
    FEMALE            -0.010      0.016     -0.618      0.536

 IA       WITH
    SA                -0.075      0.137     -0.548      0.584
    QA                 0.006      0.017      0.337      0.736

 SA       WITH
    QA                -0.027      0.012     -2.194      0.028

 Intercepts
    A_01               0.000      0.000    999.000    999.000
    A_02               0.000      0.000    999.000    999.000
    A_03               0.000      0.000    999.000    999.000
    A_05               0.000      0.000    999.000    999.000
    IA                 6.561      0.223     29.457      0.000
    SA                 0.102      0.114      0.901      0.368
    QA                -0.021      0.017     -1.242      0.214

 Residual Variances
    A_01               1.576      0.181      8.705      0.000
    A_02               1.576      0.181      8.705      0.000
    A_03               1.576      0.181      8.705      0.000
    A_05               1.576      0.181      8.705      0.000
    IA                 2.931      0.409      7.158      0.000
    SA                 0.274      0.108      2.527      0.011
    QA                 0.004      0.002      2.403      0.016


QUALITY OF NUMERICAL RESULTS

     Condition Number for the Information Matrix              0.354E-05
       (ratio of smallest to largest eigenvalue)


CONFIDENCE INTERVALS OF MODEL RESULTS

                  Lower .5%  Lower 2.5%    Lower 5%    Estimate    Upper 5%  Upper 2.5%   Upper .5%

 IA       ON
    AGE_C80         -0.255      -0.230      -0.217      -0.149      -0.081      -0.068      -0.042
    EDU_C7          -0.039      -0.013       0.001       0.070       0.140       0.153       0.179
    FEMALE           0.372       0.517       0.592       0.980       1.369       1.443       1.588

 SA       ON
    AGE_C80         -0.101      -0.088      -0.081      -0.045      -0.010      -0.003       0.010
    EDU_C7          -0.054      -0.041      -0.034       0.000       0.034       0.040       0.053
    FEMALE          -0.212      -0.140      -0.104       0.088       0.279       0.316       0.388

 QA       ON
    AGE_C80         -0.006      -0.004      -0.003       0.003       0.009       0.010       0.012
    EDU_C7          -0.008      -0.006      -0.005      -0.001       0.004       0.005       0.007
    FEMALE          -0.052      -0.042      -0.037      -0.010       0.017       0.022       0.032

 IA       WITH
    SA              -0.428      -0.344      -0.301      -0.075       0.150       0.194       0.278
    QA              -0.037      -0.027      -0.022       0.006       0.033       0.038       0.048

 SA       WITH
    QA              -0.059      -0.051      -0.047      -0.027      -0.007      -0.003       0.005

 Intercepts
    A_01             0.000       0.000       0.000       0.000       0.000       0.000       0.000
    A_02             0.000       0.000       0.000       0.000       0.000       0.000       0.000
    A_03             0.000       0.000       0.000       0.000       0.000       0.000       0.000
    A_05             0.000       0.000       0.000       0.000       0.000       0.000       0.000
    IA               5.988       6.125       6.195       6.561       6.928       6.998       7.135
    SA              -0.191      -0.121      -0.085       0.102       0.290       0.325       0.395
    QA              -0.064      -0.054      -0.049      -0.021       0.007       0.012       0.022

 Residual Variances
    A_01             1.110       1.221       1.278       1.576       1.874       1.931       2.042
    A_02             1.110       1.221       1.278       1.576       1.874       1.931       2.042
    A_03             1.110       1.221       1.278       1.576       1.874       1.931       2.042
    A_05             1.110       1.221       1.278       1.576       1.874       1.931       2.042
    IA               1.876       2.128       2.257       2.931       3.604       3.733       3.985
    SA              -0.005       0.061       0.096       0.274       0.452       0.486       0.553
    QA               0.000       0.001       0.001       0.004       0.006       0.007       0.008


SAMPLE STATISTICS FOR ESTIMATED FACTOR SCORES


     SAMPLE STATISTICS


           Means
              IA            IA_SE         SA            SA_SE         QA
              ________      ________      ________      ________      ________
 1              5.988         0.896        -0.088         0.450        -0.011


           Means
              QA_SE
              ________
 1              0.056


           Covariances
              IA            IA_SE         SA            SA_SE         QA
              ________      ________      ________      ________      ________
 IA             4.253
 IA_SE         -0.038         0.010
 SA             0.306        -0.004         0.121
 SA_SE         -0.012         0.003         0.000         0.002
 QA            -0.026         0.000        -0.010         0.000         0.001
 QA_SE         -0.002         0.000         0.000         0.000         0.000


           Covariances
              QA_SE
              ________
 QA_SE          0.000


           Correlations
              IA            IA_SE         SA            SA_SE         QA
              ________      ________      ________      ________      ________
 IA             1.000
 IA_SE         -0.179         1.000
 SA             0.427        -0.123         1.000
 SA_SE         -0.141         0.742         0.019         1.000
 QA            -0.411         0.124        -0.879         0.015         1.000
 QA_SE         -0.243         0.582        -0.187         0.773         0.212


           Correlations
              QA_SE
              ________
 QA_SE          1.000


RESULTS SAVING INFORMATION

  Order of data

    Parameter estimates
     (saved in order shown in Technical 1 output)
    Standard errors
     (saved in order shown in Technical 1 output)
    H0 Loglikelihood
    H0 Scaling Correction Factor for MLR
    Number of Free Parameters
    Akaike (AIC)
    Bayesian (BIC)
    Sample-Size Adjusted BIC

  Save file
    u2_1235_aef_mirrecall_results.dat

  Save file format           Free


PLOT INFORMATION

The following plots are available:

  Histograms (sample values, estimated factor scores)
  Scatterplots (sample values, estimated factor scores)
  Latent variable distribution plots

SAVEDATA INFORMATION


  Save file
    u2_1235_aef_mirrecall_fscores.dat

  Order and format of variables

    A_01           F10.3
    A_02           F10.3
    A_03           F10.3
    A_05           F10.3
    AGE_C80        F10.3
    EDU_C7         F10.3
    FEMALE         F10.3
    TIME_01        F10.3
    TIME_02        F10.3
    TIME_03        F10.3
    TIME_05        F10.3
    _WEIGHT        F10.3
    IA             F10.3
    IA_SE          F10.3
    SA             F10.3
    SA_SE          F10.3
    QA             F10.3
    QA_SE          F10.3
    PAIRID         I6

  Save file format
    18F10.3 I6

  Save file record length    10000


     Beginning Time:  12:11:03
        Ending Time:  12:11:05
       Elapsed Time:  00:00:02



MUTHEN & MUTHEN
3463 Stoner Ave.
Los Angeles, CA  90066

Tel: (310) 391-9971
Fax: (310) 391-8971
Web: www.StatModel.com
Support: Support@StatModel.com

Copyright (c) 1998-2014 Muthen & Muthen
