Mplus VERSION 7.3
MUTHEN & MUTHEN
12/17/2016  12:10 PM

INPUT INSTRUCTIONS

  TITLE:
  Script produced from the prototype in ./sandbox/syntax-creator/
  DATA:
  File = wide-dataset.dat ;
  VARIABLE:
  NAMES are
   Case PairID female age_c80 edu_c7 sbp_c167 smoke cardio diabetes dementia_ever
      years_since_bl_01 years_since_bl_02 years_since_bl_03 years_since_bl_04
      years_since_bl_05 pef_01 pef_02 pef_03 pef_04 pef_05 grip_01 grip_02 grip_03
      grip_04 grip_05 gait_01 gait_02 gait_03 gait_04 gait_05 block_01 block_02
      block_03 block_04 block_05 digitspanbackward_01 digitspanbackward_02
      digitspanbackward_03 digitspanbackward_04 digitspanbackward_05
      digitspanforward_01 digitspanforward_02 digitspanforward_03 digitspanforward_04
      digitspanforward_05 symbol_01 symbol_02 symbol_03 symbol_04 symbol_05 prose_01
      prose_02 prose_03 prose_04 prose_05 info_01 info_02 info_03 info_04 info_05
      synonyms_01 synonyms_02 synonyms_03 synonyms_04 synonyms_05 psif_01 psif_02
      psif_03 psif_04 psif_05 figure_01 figure_02 figure_03 figure_04 figure_05
      mirrecall_01 mirrecall_02 mirrecall_03 mirrecall_04 mirrecall_05 mmse_01 mmse_02
      mmse_03 mmse_04 mmse_05 mirnaming_01 mirnaming_02 mirnaming_03 mirnaming_04
      mirnaming_05 mirrecog_01 mirrecog_02 mirrecog_03 mirrecog_04 mirrecog_05
      clock_01 clock_02 clock_03 clock_04 clock_05
  	;
  Missing are all (-9999);
  USEVARIABLES are
  	!define the variables used in the analysis
  	! covariates used in the model
  age_c80
  edu_c7
  female
  sbp_c167	
  	!estimated time points
  time_01
  time_02
  time_03
  time_04
  time_05
  	!modelled time points of process (A)
  a_01
  a_02
  a_03
  a_04
  a_05
  ;
  TSCORES are
  	!estimated time points
  time_01
  time_02
  time_03
  time_04
  time_05;
  CLUSTER = PairID;
  SUBPOPULATION are
  	!select a subset of observations
  dementia_ever NE 1
  ;
  DEFINE:
  	! assign variables to the process (A)
  a_01 = mirrecall_01;
  a_02 = mirrecall_02;
  a_03 = mirrecall_03;
  a_04 = mirrecall_04;
  a_05 = mirrecall_05;
  	!assign variables to time points
  time_01 = years_since_bl_01;
  time_02 = years_since_bl_02;
  time_03 = years_since_bl_03;
  time_04 = years_since_bl_04;
  time_05 = years_since_bl_05;
  	
  ANALYSIS: TYPE = RANDOM COMPLEX;
  COVERAGE=.00;
  MODEL:
  	!first-level equation
  	! assign process (A) to time points
  ia sa qa | a_01 AT time_01 ;
  ia sa qa | a_02 AT time_02 ;
  ia sa qa | a_03 AT time_03 ;
  ia sa qa | a_04 AT time_04 ;
  ia sa qa | a_05 AT time_05 ;
  	!variance of the first-level terms
  ia (v_ia);
  sa (v_sa);
  qa (v_qa);
  	!covariance among first-level terms
  ia WITH sa (c_iasa);
  ia WITH qa (c_iaqa);
  sa WITH qa (c_saqa);
  	!second-level equation
  ia sa qa ON age_c80
  edu_c7
  female
  sbp_c167;
  	!residual covariance of process (A)
  a_01 (res_a);
  a_02 (res_a);
  a_03 (res_a);
  a_04 (res_a);
  a_05 (res_a);	
  SAVEDATA:
  FILE is   u2_12345_aefb_mirrecall_fscores.dat;
  SAVE = FSCORES;
  RESULTS are   u2_12345_aefb_mirrecall_results.dat;
  	
  OUTPUT: sampstat cinterval;
  PLOT: Type is Plot1 Plot2 Plot3;



*** WARNING
  Data set contains cases with missing on x-variables.
  These cases were not included in the analysis.
  Number of cases with missing on x-variables:  92
*** WARNING
  Data set contains cases with missing on all variables except
  x-variables.  These cases were not included in the analysis.
  Number of cases with missing on all variables except x-variables:  35
   2 WARNING(S) FOUND IN THE INPUT INSTRUCTIONS




Script produced from the prototype in ./sandbox/syntax-creator/

SUMMARY OF ANALYSIS

Number of groups                                                 1
Number of observations                                         417

Number of dependent variables                                    5
Number of independent variables                                  4
Number of continuous latent variables                            3

Observed dependent variables

  Continuous
   A_01        A_02        A_03        A_04        A_05

Observed independent variables
   AGE_C80     EDU_C7      FEMALE      SBP_C167

Continuous latent variables
   IA          SA          QA

Variables with special functions

  Cluster variable      PAIRID
  Weight variable       _WEIGHT

  Time scores
   TIME_01     TIME_02     TIME_03     TIME_04     TIME_05


Estimator                                                      MLR
Information matrix                                        OBSERVED
Maximum number of iterations                                   100
Convergence criterion                                    0.100D-05
Maximum number of EM iterations                                500
Convergence criteria for the EM algorithm
  Loglikelihood change                                   0.100D-02
  Relative loglikelihood change                          0.100D-05
  Derivative                                             0.100D-03
Minimum variance                                         0.100D-03
Maximum number of steepest descent iterations                   20
Maximum number of iterations for H1                           2000
Convergence criterion for H1                             0.100D-03
Optimization algorithm                                         EMA

Input data file(s)
  wide-dataset.dat
Input data format  FREE



SAMPLE STATISTICS


     ESTIMATED SAMPLE STATISTICS


           Means
              A_01          A_02          A_03          A_04          A_05
              ________      ________      ________      ________      ________
 1              6.804         6.765         6.525         6.251         5.665


           Means
              AGE_C80       EDU_C7        FEMALE        SBP_C167
              ________      ________      ________      ________
 1              3.250         0.297         0.652        -5.945


           Covariances
              A_01          A_02          A_03          A_04          A_05
              ________      ________      ________      ________      ________
 A_01           4.705
 A_02           3.113         5.471
 A_03           3.222         4.532         6.994
 A_04           2.802         4.487         5.453         8.836
 A_05           2.861         4.668         5.549         7.715        10.746
 AGE_C80       -1.349        -1.798        -2.427        -1.928        -2.154
 EDU_C7         0.426         0.080         0.649         0.032        -0.072
 FEMALE         0.210         0.266         0.226         0.276         0.192
 SBP_C167       6.833         4.802         6.318         4.832         0.881


           Covariances
              AGE_C80       EDU_C7        FEMALE        SBP_C167
              ________      ________      ________      ________
 AGE_C80        7.945
 EDU_C7        -0.821         6.175
 FEMALE         0.080        -0.115         0.227
 SBP_C167      -4.597         0.633         0.691       509.678


           Correlations
              A_01          A_02          A_03          A_04          A_05
              ________      ________      ________      ________      ________
 A_01           1.000
 A_02           0.613         1.000
 A_03           0.562         0.733         1.000
 A_04           0.435         0.645         0.694         1.000
 A_05           0.402         0.609         0.640         0.792         1.000
 AGE_C80       -0.221        -0.273        -0.326        -0.230        -0.233
 EDU_C7         0.079         0.014         0.099         0.004        -0.009
 FEMALE         0.203         0.239         0.179         0.195         0.123
 SBP_C167       0.140         0.091         0.106         0.072         0.012


           Correlations
              AGE_C80       EDU_C7        FEMALE        SBP_C167
              ________      ________      ________      ________
 AGE_C80        1.000
 EDU_C7        -0.117         1.000
 FEMALE         0.059        -0.097         1.000
 SBP_C167      -0.072         0.011         0.064         1.000


     MAXIMUM LOG-LIKELIHOOD VALUE FOR THE UNRESTRICTED (H1) MODEL IS -9389.510


UNIVARIATE HIGHER-ORDER MOMENT DESCRIPTIVE STATISTICS


     UNIVARIATE HIGHER-ORDER MOMENT DESCRIPTIVE STATISTICS

         Variable/         Mean/     Skewness/   Minimum/ % with                Percentiles
        Sample Size      Variance    Kurtosis    Maximum  Min/Max      20%/60%    40%/80%    Median

     A_01                  6.862      -0.870       0.000    7.41%       4.000      6.000      7.000
             540.000       4.660       0.637      10.000    5.74%       7.000      8.000
     A_02                  6.864      -0.804       0.000   13.05%       2.000      6.000      6.000
             452.000       5.124       0.400      10.000    7.52%       7.000      8.000
     A_03                  6.865      -0.823       0.000   16.52%       2.000      5.000      6.000
             351.000       6.148       0.161      10.000    9.69%       7.000      9.000
     A_04                  6.945      -0.841       0.000   17.67%       1.000      5.000      6.000
             249.000       7.134      -0.172      10.000   12.45%       8.000      9.000
     A_05                  6.748      -0.800       0.000   16.67%       2.000      5.000      7.000
             162.000       8.372      -0.375      10.000   14.81%       7.000      9.000
     AGE_C80               3.250       1.048      -0.581    0.17%       0.877      1.809      2.409
             575.000       7.945       0.464      13.313    0.35%       3.203      5.718
     EDU_C7                0.297       2.170      -7.000    0.17%      -1.000     -1.000     -1.000
             575.000       6.175       7.316      16.000    0.17%       0.000      1.000
     FEMALE                0.652      -0.639       0.000   34.78%       0.000      1.000      1.000
             575.000       0.227      -1.591       1.000   65.22%       1.000      1.000
     SBP_C167             -5.945       0.371     -57.000    1.57%     -27.000    -12.000     -7.000
             575.000     509.678       0.689      93.000    0.17%      -7.000     13.000


THE MODEL ESTIMATION TERMINATED NORMALLY



MODEL FIT INFORMATION

Number of Free Parameters                       22

Loglikelihood

          H0 Value                       -2657.183
          H0 Scaling Correction Factor      1.1131
            for MLR

Information Criteria

          Akaike (AIC)                    5358.365
          Bayesian (BIC)                  5447.093
          Sample-Size Adjusted BIC        5377.281
            (n* = (n + 2) / 24)



MODEL RESULTS

                                                    Two-Tailed
                    Estimate       S.E.  Est./S.E.    P-Value

 IA         ON
    AGE_C80           -0.167      0.041     -4.066      0.000
    EDU_C7             0.053      0.042      1.259      0.208
    FEMALE             0.991      0.232      4.268      0.000
    SBP_C167           0.009      0.005      1.964      0.050

 SA         ON
    AGE_C80           -0.041      0.021     -1.938      0.053
    EDU_C7            -0.002      0.021     -0.116      0.908
    FEMALE             0.124      0.115      1.078      0.281
    SBP_C167           0.000      0.002     -0.080      0.936

 QA         ON
    AGE_C80            0.003      0.003      1.012      0.312
    EDU_C7            -0.001      0.003     -0.204      0.838
    FEMALE            -0.015      0.016     -0.973      0.331
    SBP_C167           0.000      0.000     -0.461      0.645

 IA       WITH
    SA                 0.007      0.125      0.053      0.958
    QA                -0.005      0.016     -0.292      0.771

 SA       WITH
    QA                -0.015      0.010     -1.496      0.135

 Intercepts
    A_01               0.000      0.000    999.000    999.000
    A_02               0.000      0.000    999.000    999.000
    A_03               0.000      0.000    999.000    999.000
    A_04               0.000      0.000    999.000    999.000
    A_05               0.000      0.000    999.000    999.000
    IA                 6.740      0.219     30.760      0.000
    SA                 0.079      0.113      0.696      0.486
    QA                -0.023      0.016     -1.401      0.161

 Residual Variances
    A_01               1.725      0.152     11.317      0.000
    A_02               1.725      0.152     11.317      0.000
    A_03               1.725      0.152     11.317      0.000
    A_04               1.725      0.152     11.317      0.000
    A_05               1.725      0.152     11.317      0.000
    IA                 2.474      0.379      6.535      0.000
    SA                 0.199      0.092      2.160      0.031
    QA                 0.002      0.001      1.782      0.075


QUALITY OF NUMERICAL RESULTS

     Condition Number for the Information Matrix              0.135E-06
       (ratio of smallest to largest eigenvalue)


CONFIDENCE INTERVALS OF MODEL RESULTS

                  Lower .5%  Lower 2.5%    Lower 5%    Estimate    Upper 5%  Upper 2.5%   Upper .5%

 IA       ON
    AGE_C80         -0.272      -0.247      -0.234      -0.167      -0.099      -0.086      -0.061
    EDU_C7          -0.055      -0.030      -0.016       0.053       0.122       0.136       0.162
    FEMALE           0.393       0.536       0.609       0.991       1.372       1.446       1.588
    SBP_C167        -0.003       0.000       0.002       0.009       0.017       0.019       0.022

 SA       ON
    AGE_C80         -0.096      -0.083      -0.076      -0.041      -0.006       0.000       0.014
    EDU_C7          -0.057      -0.044      -0.037      -0.002       0.032       0.039       0.052
    FEMALE          -0.173      -0.102      -0.065       0.124       0.314       0.350       0.421
    SBP_C167        -0.006      -0.004      -0.004       0.000       0.003       0.004       0.005

 QA       ON
    AGE_C80         -0.005      -0.003      -0.002       0.003       0.009       0.010       0.012
    EDU_C7          -0.008      -0.006      -0.005      -0.001       0.004       0.005       0.007
    FEMALE          -0.056      -0.047      -0.042      -0.015       0.011       0.016       0.025
    SBP_C167        -0.001      -0.001      -0.001       0.000       0.000       0.000       0.001

 IA       WITH
    SA              -0.316      -0.239      -0.200       0.007       0.213       0.253       0.330
    QA              -0.044      -0.035      -0.030      -0.005       0.021       0.026       0.035

 SA       WITH
    QA              -0.042      -0.035      -0.032      -0.015       0.002       0.005       0.011

 Intercepts
    A_01             0.000       0.000       0.000       0.000       0.000       0.000       0.000
    A_02             0.000       0.000       0.000       0.000       0.000       0.000       0.000
    A_03             0.000       0.000       0.000       0.000       0.000       0.000       0.000
    A_04             0.000       0.000       0.000       0.000       0.000       0.000       0.000
    A_05             0.000       0.000       0.000       0.000       0.000       0.000       0.000
    IA               6.176       6.310       6.379       6.740       7.100       7.169       7.304
    SA              -0.212      -0.143      -0.107       0.079       0.264       0.300       0.369
    QA              -0.064      -0.054      -0.049      -0.023       0.004       0.009       0.019

 Residual Variances
    A_01             1.332       1.426       1.474       1.725       1.976       2.024       2.118
    A_02             1.332       1.426       1.474       1.725       1.976       2.024       2.118
    A_03             1.332       1.426       1.474       1.725       1.976       2.024       2.118
    A_04             1.332       1.426       1.474       1.725       1.976       2.024       2.118
    A_05             1.332       1.426       1.474       1.725       1.976       2.024       2.118
    IA               1.499       1.732       1.852       2.474       3.097       3.216       3.450
    SA              -0.038       0.018       0.047       0.199       0.351       0.380       0.437
    QA              -0.001       0.000       0.000       0.002       0.004       0.005       0.006


SAMPLE STATISTICS FOR ESTIMATED FACTOR SCORES


     SAMPLE STATISTICS


           Means
              IA            IA_SE         SA            SA_SE         QA
              ________      ________      ________      ________      ________
 1              6.111         0.873        -0.079         0.376        -0.016


           Means
              QA_SE
              ________
 1              0.045


           Covariances
              IA            IA_SE         SA            SA_SE         QA
              ________      ________      ________      ________      ________
 IA             3.735
 IA_SE         -0.027         0.008
 SA             0.348        -0.003         0.103
 SA_SE         -0.013         0.003         0.000         0.002
 QA            -0.030         0.000        -0.005         0.000         0.001
 QA_SE         -0.001         0.000         0.000         0.000         0.000


           Covariances
              QA_SE
              ________
 QA_SE          0.000


           Correlations
              IA            IA_SE         SA            SA_SE         QA
              ________      ________      ________      ________      ________
 IA             1.000
 IA_SE         -0.152         1.000
 SA             0.561        -0.088         1.000
 SA_SE         -0.164         0.759        -0.004         1.000
 QA            -0.652         0.152        -0.725         0.121         1.000
 QA_SE         -0.252         0.556        -0.215         0.764         0.256


           Correlations
              QA_SE
              ________
 QA_SE          1.000


RESULTS SAVING INFORMATION

  Order of data

    Parameter estimates
     (saved in order shown in Technical 1 output)
    Standard errors
     (saved in order shown in Technical 1 output)
    H0 Loglikelihood
    H0 Scaling Correction Factor for MLR
    Number of Free Parameters
    Akaike (AIC)
    Bayesian (BIC)
    Sample-Size Adjusted BIC

  Save file
    u2_12345_aefb_mirrecall_results.dat

  Save file format           Free


PLOT INFORMATION

The following plots are available:

  Histograms (sample values, estimated factor scores)
  Scatterplots (sample values, estimated factor scores)
  Latent variable distribution plots

SAVEDATA INFORMATION


  Save file
    u2_12345_aefb_mirrecall_fscores.dat

  Order and format of variables

    A_01           F10.3
    A_02           F10.3
    A_03           F10.3
    A_04           F10.3
    A_05           F10.3
    AGE_C80        F10.3
    EDU_C7         F10.3
    FEMALE         F10.3
    SBP_C167       F10.3
    TIME_01        F10.3
    TIME_02        F10.3
    TIME_03        F10.3
    TIME_04        F10.3
    TIME_05        F10.3
    _WEIGHT        F10.3
    IA             F10.3
    IA_SE          F10.3
    SA             F10.3
    SA_SE          F10.3
    QA             F10.3
    QA_SE          F10.3
    PAIRID         I6

  Save file format
    21F10.3 I6

  Save file record length    10000


     Beginning Time:  12:10:49
        Ending Time:  12:10:52
       Elapsed Time:  00:00:03



MUTHEN & MUTHEN
3463 Stoner Ave.
Los Angeles, CA  90066

Tel: (310) 391-9971
Fax: (310) 391-8971
Web: www.StatModel.com
Support: Support@StatModel.com

Copyright (c) 1998-2014 Muthen & Muthen
