Mplus VERSION 7.3
MUTHEN & MUTHEN
12/17/2016   6:20 PM

INPUT INSTRUCTIONS

  TITLE:
  Script produced from the prototype in ./sandbox/syntax-creator/
  DATA:
  File = wide-dataset.dat ;
  VARIABLE:
  NAMES are
   Case PairID female age_c80 edu_c7 sbp_c167 smoke cardio diabetes dementia_ever
      years_since_bl_01 years_since_bl_02 years_since_bl_03 years_since_bl_04
      years_since_bl_05 pef_01 pef_02 pef_03 pef_04 pef_05 grip_01 grip_02 grip_03
      grip_04 grip_05 gait_01 gait_02 gait_03 gait_04 gait_05 block_01 block_02
      block_03 block_04 block_05 digitspanbackward_01 digitspanbackward_02
      digitspanbackward_03 digitspanbackward_04 digitspanbackward_05
      digitspanforward_01 digitspanforward_02 digitspanforward_03 digitspanforward_04
      digitspanforward_05 symbol_01 symbol_02 symbol_03 symbol_04 symbol_05 prose_01
      prose_02 prose_03 prose_04 prose_05 info_01 info_02 info_03 info_04 info_05
      synonyms_01 synonyms_02 synonyms_03 synonyms_04 synonyms_05 psif_01 psif_02
      psif_03 psif_04 psif_05 figure_01 figure_02 figure_03 figure_04 figure_05
      mirrecall_01 mirrecall_02 mirrecall_03 mirrecall_04 mirrecall_05 mmse_01 mmse_02
      mmse_03 mmse_04 mmse_05 mirnaming_01 mirnaming_02 mirnaming_03 mirnaming_04
      mirnaming_05 mirrecog_01 mirrecog_02 mirrecog_03 mirrecog_04 mirrecog_05
      clock_01 clock_02 clock_03 clock_04 clock_05
  	;
  Missing are all (-9999);
  USEVARIABLES are
  	!define the variables used in the analysis
  	! covariates used in the model
  age_c80
  edu_c7
  female	
  	!estimated time points
  time_01
  time_04
  time_05
  	!modelled time points of process (A)
  a_01
  a_04
  a_05
  ;
  TSCORES are
  	!estimated time points
  time_01
  time_04
  time_05;
  CLUSTER = PairID;
  SUBPOPULATION are
  	!select a subset of observations
  dementia_ever NE 1
  ;
  DEFINE:
  	! assign variables to the process (A)
  a_01 = mirrecall_01;
  a_04 = mirrecall_04;
  a_05 = mirrecall_05;
  	!assign variables to time points
  time_01 = years_since_bl_01;
  time_04 = years_since_bl_04;
  time_05 = years_since_bl_05;
  	
  ANALYSIS: TYPE = RANDOM COMPLEX;
  COVERAGE=.00;
  MODEL:
  	!first-level equation
  	! assign process (A) to time points
  ia sa qa | a_01 AT time_01 ;
  ia sa qa | a_04 AT time_04 ;
  ia sa qa | a_05 AT time_05 ;
  	!variance of the first-level terms
  ia (v_ia);
  sa (v_sa);
  qa (v_qa);
  	!covariance among first-level terms
  ia WITH sa (c_iasa);
  ia WITH qa (c_iaqa);
  sa WITH qa (c_saqa);
  	!second-level equation
  ia sa qa ON age_c80
  edu_c7
  female;
  	!residual covariance of process (A)
  a_01 (res_a);
  a_04 (res_a);
  a_05 (res_a);	
  SAVEDATA:
  FILE is   u2_145_aef_mirrecall_fscores.dat;
  SAVE = FSCORES;
  RESULTS are   u2_145_aef_mirrecall_results.dat;
  	
  OUTPUT: sampstat cinterval;
  PLOT: Type is Plot1 Plot2 Plot3;



*** WARNING
  Data set contains cases with missing on x-variables.
  These cases were not included in the analysis.
  Number of cases with missing on x-variables:  46
*** WARNING
  Data set contains cases with missing on all variables except
  x-variables.  These cases were not included in the analysis.
  Number of cases with missing on all variables except x-variables:  90
   2 WARNING(S) FOUND IN THE INPUT INSTRUCTIONS




Script produced from the prototype in ./sandbox/syntax-creator/

SUMMARY OF ANALYSIS

Number of groups                                                 1
Number of observations                                         411

Number of dependent variables                                    3
Number of independent variables                                  3
Number of continuous latent variables                            3

Observed dependent variables

  Continuous
   A_01        A_04        A_05

Observed independent variables
   AGE_C80     EDU_C7      FEMALE

Continuous latent variables
   IA          SA          QA

Variables with special functions

  Cluster variable      PAIRID
  Weight variable       _WEIGHT

  Time scores
   TIME_01     TIME_04     TIME_05


Estimator                                                      MLR
Information matrix                                        OBSERVED
Maximum number of iterations                                   100
Convergence criterion                                    0.100D-05
Maximum number of EM iterations                                500
Convergence criteria for the EM algorithm
  Loglikelihood change                                   0.100D-02
  Relative loglikelihood change                          0.100D-05
  Derivative                                             0.100D-03
Minimum variance                                         0.100D-03
Maximum number of steepest descent iterations                   20
Maximum number of iterations for H1                           2000
Convergence criterion for H1                             0.100D-03
Optimization algorithm                                         EMA

Input data file(s)
  wide-dataset.dat
Input data format  FREE



SAMPLE STATISTICS


     ESTIMATED SAMPLE STATISTICS


           Means
              A_01          A_04          A_05          AGE_C80       EDU_C7
              ________      ________      ________      ________      ________
 1              6.798         6.562         6.039         3.168         0.345


           Means
              FEMALE
              ________
 1              0.662


           Covariances
              A_01          A_04          A_05          AGE_C80       EDU_C7
              ________      ________      ________      ________      ________
 A_01           4.882
 A_04           2.483         7.765
 A_05           2.552         6.533         9.439
 AGE_C80       -1.074        -1.016        -1.129         7.552
 EDU_C7         0.436         0.162         0.077        -0.593         6.090
 FEMALE         0.196         0.258         0.162         0.063        -0.124


           Covariances
              FEMALE
              ________
 FEMALE         0.224


           Correlations
              A_01          A_04          A_05          AGE_C80       EDU_C7
              ________      ________      ________      ________      ________
 A_01           1.000
 A_04           0.403         1.000
 A_05           0.376         0.763         1.000
 AGE_C80       -0.177        -0.133        -0.134         1.000
 EDU_C7         0.080         0.024         0.010        -0.087         1.000
 FEMALE         0.187         0.196         0.111         0.049        -0.106


           Correlations
              FEMALE
              ________
 FEMALE         1.000


     MAXIMUM LOG-LIKELIHOOD VALUE FOR THE UNRESTRICTED (H1) MODEL IS -5272.246


UNIVARIATE HIGHER-ORDER MOMENT DESCRIPTIVE STATISTICS


     UNIVARIATE HIGHER-ORDER MOMENT DESCRIPTIVE STATISTICS

         Variable/         Mean/     Skewness/   Minimum/ % with                Percentiles
        Sample Size      Variance    Kurtosis    Maximum  Min/Max      20%/60%    40%/80%    Median

     A_01                  6.802      -0.863       0.000    7.91%       4.000      6.000      7.000
             556.000       4.873       0.540      10.000    5.58%       7.000      8.000
     A_04                  6.893      -0.836       0.000   18.43%       1.000      5.000      6.000
             255.000       7.293      -0.178      10.000   12.16%       8.000      9.000
     A_05                  6.712      -0.775       0.000   17.07%       2.000      5.000      7.000
             164.000       8.478      -0.446      10.000   14.63%       7.000      9.000
     AGE_C80               3.168       1.029      -0.581    0.18%       0.875      1.751      2.318
             566.000       7.552       0.373      13.313    0.35%       3.168      5.718
     EDU_C7                0.345       2.277      -5.000    0.35%      -1.000     -1.000     -1.000
             566.000       6.090       7.393      16.000    0.18%       0.000      1.000
     FEMALE                0.662      -0.684       0.000   33.57%       0.000      1.000      1.000
             566.000       0.224      -1.532       1.000   66.43%       1.000      1.000


THE MODEL ESTIMATION TERMINATED NORMALLY



MODEL FIT INFORMATION

Number of Free Parameters                       19

Loglikelihood

          H0 Value                       -1603.520
          H0 Scaling Correction Factor      1.0851
            for MLR

Information Criteria

          Akaike (AIC)                    3245.041
          Bayesian (BIC)                  3321.394
          Sample-Size Adjusted BIC        3261.103
            (n* = (n + 2) / 24)



MODEL RESULTS

                                                    Two-Tailed
                    Estimate       S.E.  Est./S.E.    P-Value

 IA         ON
    AGE_C80           -0.144      0.042     -3.394      0.001
    EDU_C7             0.077      0.042      1.832      0.067
    FEMALE             0.958      0.242      3.950      0.000

 SA         ON
    AGE_C80            0.008      0.041      0.191      0.849
    EDU_C7            -0.004      0.047     -0.088      0.930
    FEMALE             0.247      0.217      1.137      0.255

 QA         ON
    AGE_C80           -0.001      0.005     -0.197      0.844
    EDU_C7             0.000      0.006     -0.083      0.934
    FEMALE            -0.034      0.028     -1.212      0.226

 IA       WITH
    SA                -0.583      0.567     -1.029      0.304
    QA                 0.045      0.050      0.900      0.368

 SA       WITH
    QA                -0.127      0.138     -0.922      0.356

 Intercepts
    A_01               0.000      0.000    999.000    999.000
    A_04               0.000      0.000    999.000    999.000
    A_05               0.000      0.000    999.000    999.000
    IA                 6.594      0.231     28.601      0.000
    SA                -0.054      0.198     -0.271      0.786
    QA                -0.002      0.026     -0.089      0.929

 Residual Variances
    A_01               0.568      1.548      0.367      0.714
    A_04               0.568      1.548      0.367      0.714
    A_05               0.568      1.548      0.367      0.714
    IA                 3.939      1.587      2.482      0.013
    SA                 1.127      1.106      1.019      0.308
    QA                 0.016      0.018      0.902      0.367


QUALITY OF NUMERICAL RESULTS

     Condition Number for the Information Matrix              0.833E-08
       (ratio of smallest to largest eigenvalue)


CONFIDENCE INTERVALS OF MODEL RESULTS

                  Lower .5%  Lower 2.5%    Lower 5%    Estimate    Upper 5%  Upper 2.5%   Upper .5%

 IA       ON
    AGE_C80         -0.254      -0.227      -0.214      -0.144      -0.074      -0.061      -0.035
    EDU_C7          -0.031      -0.005       0.008       0.077       0.146       0.160       0.185
    FEMALE           0.333       0.483       0.559       0.958       1.357       1.433       1.582

 SA       ON
    AGE_C80         -0.097      -0.072      -0.059       0.008       0.075       0.088       0.113
    EDU_C7          -0.125      -0.096      -0.081      -0.004       0.073       0.088       0.117
    FEMALE          -0.312      -0.178      -0.110       0.247       0.603       0.672       0.805

 QA       ON
    AGE_C80         -0.015      -0.012      -0.010      -0.001       0.008       0.010       0.013
    EDU_C7          -0.015      -0.011      -0.010       0.000       0.009       0.010       0.014
    FEMALE          -0.106      -0.088      -0.080      -0.034       0.012       0.021       0.038

 IA       WITH
    SA              -2.043      -1.694      -1.515      -0.583       0.349       0.528       0.877
    QA              -0.084      -0.053      -0.037       0.045       0.128       0.143       0.174

 SA       WITH
    QA              -0.484      -0.398      -0.355      -0.127       0.100       0.143       0.229

 Intercepts
    A_01             0.000       0.000       0.000       0.000       0.000       0.000       0.000
    A_04             0.000       0.000       0.000       0.000       0.000       0.000       0.000
    A_05             0.000       0.000       0.000       0.000       0.000       0.000       0.000
    IA               6.000       6.142       6.215       6.594       6.973       7.046       7.188
    SA              -0.565      -0.443      -0.380      -0.054       0.273       0.335       0.457
    QA              -0.069      -0.053      -0.045      -0.002       0.040       0.048       0.064

 Residual Variances
    A_01            -3.419      -2.466      -1.978       0.568       3.114       3.602       4.555
    A_04            -3.419      -2.466      -1.978       0.568       3.114       3.602       4.555
    A_05            -3.419      -2.466      -1.978       0.568       3.114       3.602       4.555
    IA              -0.149       0.828       1.328       3.939       6.550       7.050       8.027
    SA              -1.721      -1.040      -0.692       1.127       2.945       3.294       3.974
    QA              -0.030      -0.019      -0.013       0.016       0.046       0.051       0.062


SAMPLE STATISTICS FOR ESTIMATED FACTOR SCORES


     SAMPLE STATISTICS


           Means
              IA            IA_SE         SA            SA_SE         QA
              ________      ________      ________      ________      ________
 1              6.074         0.721         0.102         0.837        -0.026


           Means
              QA_SE
              ________
 1              0.107


           Covariances
              IA            IA_SE         SA            SA_SE         QA
              ________      ________      ________      ________      ________
 IA             5.865
 IA_SE         -0.024         0.022
 SA            -0.640        -0.021         0.534
 SA_SE         -0.129         0.000         0.026         0.048
 QA             0.047         0.002        -0.050        -0.002         0.005
 QA_SE         -0.014         0.000         0.001         0.005         0.000


           Covariances
              QA_SE
              ________
 QA_SE          0.001


           Correlations
              IA            IA_SE         SA            SA_SE         QA
              ________      ________      ________      ________      ________
 IA             1.000
 IA_SE         -0.066         1.000
 SA            -0.362        -0.198         1.000
 SA_SE         -0.243         0.012         0.165         1.000
 QA             0.270         0.164        -0.944        -0.108         1.000
 QA_SE         -0.228        -0.012         0.070         0.958        -0.026


           Correlations
              QA_SE
              ________
 QA_SE          1.000


RESULTS SAVING INFORMATION

  Order of data

    Parameter estimates
     (saved in order shown in Technical 1 output)
    Standard errors
     (saved in order shown in Technical 1 output)
    H0 Loglikelihood
    H0 Scaling Correction Factor for MLR
    Number of Free Parameters
    Akaike (AIC)
    Bayesian (BIC)
    Sample-Size Adjusted BIC

  Save file
    u2_145_aef_mirrecall_results.dat

  Save file format           Free


PLOT INFORMATION

The following plots are available:

  Histograms (sample values, estimated factor scores)
  Scatterplots (sample values, estimated factor scores)
  Latent variable distribution plots

SAVEDATA INFORMATION


  Save file
    u2_145_aef_mirrecall_fscores.dat

  Order and format of variables

    A_01           F10.3
    A_04           F10.3
    A_05           F10.3
    AGE_C80        F10.3
    EDU_C7         F10.3
    FEMALE         F10.3
    TIME_01        F10.3
    TIME_04        F10.3
    TIME_05        F10.3
    _WEIGHT        F10.3
    IA             F10.3
    IA_SE          F10.3
    SA             F10.3
    SA_SE          F10.3
    QA             F10.3
    QA_SE          F10.3
    PAIRID         I6

  Save file format
    16F10.3 I6

  Save file record length    10000


     Beginning Time:  18:20:41
        Ending Time:  18:20:43
       Elapsed Time:  00:00:02



MUTHEN & MUTHEN
3463 Stoner Ave.
Los Angeles, CA  90066

Tel: (310) 391-9971
Fax: (310) 391-8971
Web: www.StatModel.com
Support: Support@StatModel.com

Copyright (c) 1998-2014 Muthen & Muthen
