Mplus VERSION 7.3
MUTHEN & MUTHEN
12/17/2016  12:11 PM

INPUT INSTRUCTIONS

  TITLE:
  Script produced from the prototype in ./sandbox/syntax-creator/
  DATA:
  File = wide-dataset.dat ;
  VARIABLE:
  NAMES are
   Case PairID female age_c80 edu_c7 sbp_c167 smoke cardio diabetes dementia_ever
      years_since_bl_01 years_since_bl_02 years_since_bl_03 years_since_bl_04
      years_since_bl_05 pef_01 pef_02 pef_03 pef_04 pef_05 grip_01 grip_02 grip_03
      grip_04 grip_05 gait_01 gait_02 gait_03 gait_04 gait_05 block_01 block_02
      block_03 block_04 block_05 digitspanbackward_01 digitspanbackward_02
      digitspanbackward_03 digitspanbackward_04 digitspanbackward_05
      digitspanforward_01 digitspanforward_02 digitspanforward_03 digitspanforward_04
      digitspanforward_05 symbol_01 symbol_02 symbol_03 symbol_04 symbol_05 prose_01
      prose_02 prose_03 prose_04 prose_05 info_01 info_02 info_03 info_04 info_05
      synonyms_01 synonyms_02 synonyms_03 synonyms_04 synonyms_05 psif_01 psif_02
      psif_03 psif_04 psif_05 figure_01 figure_02 figure_03 figure_04 figure_05
      mirrecall_01 mirrecall_02 mirrecall_03 mirrecall_04 mirrecall_05 mmse_01 mmse_02
      mmse_03 mmse_04 mmse_05 mirnaming_01 mirnaming_02 mirnaming_03 mirnaming_04
      mirnaming_05 mirrecog_01 mirrecog_02 mirrecog_03 mirrecog_04 mirrecog_05
      clock_01 clock_02 clock_03 clock_04 clock_05
  	;
  Missing are all (-9999);
  USEVARIABLES are
  	!define the variables used in the analysis
  	! covariates used in the model
  age_c80	
  	!estimated time points
  time_01
  time_02
  time_04
  time_05
  	!modelled time points of process (A)
  a_01
  a_02
  a_04
  a_05
  ;
  TSCORES are
  	!estimated time points
  time_01
  time_02
  time_04
  time_05;
  CLUSTER = PairID;
  SUBPOPULATION are
  	!select a subset of observations
  dementia_ever NE 1
  ;
  DEFINE:
  	! assign variables to the process (A)
  a_01 = mirrecall_01;
  a_02 = mirrecall_02;
  a_04 = mirrecall_04;
  a_05 = mirrecall_05;
  	!assign variables to time points
  time_01 = years_since_bl_01;
  time_02 = years_since_bl_02;
  time_04 = years_since_bl_04;
  time_05 = years_since_bl_05;
  	
  ANALYSIS: TYPE = RANDOM COMPLEX;
  COVERAGE=.00;
  MODEL:
  	!first-level equation
  	! assign process (A) to time points
  ia sa qa | a_01 AT time_01 ;
  ia sa qa | a_02 AT time_02 ;
  ia sa qa | a_04 AT time_04 ;
  ia sa qa | a_05 AT time_05 ;
  	!variance of the first-level terms
  ia (v_ia);
  sa (v_sa);
  qa (v_qa);
  	!covariance among first-level terms
  ia WITH sa (c_iasa);
  ia WITH qa (c_iaqa);
  sa WITH qa (c_saqa);
  	!second-level equation
  ia sa qa ON age_c80;
  	!residual covariance of process (A)
  a_01 (res_a);
  a_02 (res_a);
  a_04 (res_a);
  a_05 (res_a);	
  SAVEDATA:
  FILE is   u2_1245_a_mirrecall_fscores.dat;
  SAVE = FSCORES;
  RESULTS are   u2_1245_a_mirrecall_results.dat;
  	
  OUTPUT: sampstat cinterval;
  PLOT: Type is Plot1 Plot2 Plot3;



*** WARNING
  Data set contains cases with missing on all variables except
  x-variables.  These cases were not included in the analysis.
  Number of cases with missing on all variables except x-variables:  81
   1 WARNING(S) FOUND IN THE INPUT INSTRUCTIONS




Script produced from the prototype in ./sandbox/syntax-creator/

SUMMARY OF ANALYSIS

Number of groups                                                 1
Number of observations                                         433

Number of dependent variables                                    4
Number of independent variables                                  1
Number of continuous latent variables                            3

Observed dependent variables

  Continuous
   A_01        A_02        A_04        A_05

Observed independent variables
   AGE_C80

Continuous latent variables
   IA          SA          QA

Variables with special functions

  Cluster variable      PAIRID
  Weight variable       _WEIGHT

  Time scores
   TIME_01     TIME_02     TIME_04     TIME_05


Estimator                                                      MLR
Information matrix                                        OBSERVED
Maximum number of iterations                                   100
Convergence criterion                                    0.100D-05
Maximum number of EM iterations                                500
Convergence criteria for the EM algorithm
  Loglikelihood change                                   0.100D-02
  Relative loglikelihood change                          0.100D-05
  Derivative                                             0.100D-03
Minimum variance                                         0.100D-03
Maximum number of steepest descent iterations                   20
Maximum number of iterations for H1                           2000
Convergence criterion for H1                             0.100D-03
Optimization algorithm                                         EMA

Input data file(s)
  wide-dataset.dat
Input data format  FREE



SAMPLE STATISTICS


     ESTIMATED SAMPLE STATISTICS


           Means
              A_01          A_02          A_04          A_05          AGE_C80
              ________      ________      ________      ________      ________
 1              6.718         6.652         6.328         5.744         3.263


           Covariances
              A_01          A_02          A_04          A_05          AGE_C80
              ________      ________      ________      ________      ________
 A_01           5.067
 A_02           3.425         5.831
 A_04           2.868         4.504         8.590
 A_05           3.015         4.779         7.344        10.269
 AGE_C80       -1.300        -1.868        -1.486        -1.682         8.000


           Correlations
              A_01          A_02          A_04          A_05          AGE_C80
              ________      ________      ________      ________      ________
 A_01           1.000
 A_02           0.630         1.000
 A_04           0.435         0.636         1.000
 A_05           0.418         0.618         0.782         1.000
 AGE_C80       -0.204        -0.273        -0.179        -0.186         1.000


     MAXIMUM LOG-LIKELIHOOD VALUE FOR THE UNRESTRICTED (H1) MODEL IS -4777.255


UNIVARIATE HIGHER-ORDER MOMENT DESCRIPTIVE STATISTICS


     UNIVARIATE HIGHER-ORDER MOMENT DESCRIPTIVE STATISTICS

         Variable/         Mean/     Skewness/   Minimum/ % with                Percentiles
        Sample Size      Variance    Kurtosis    Maximum  Min/Max      20%/60%    40%/80%    Median

     A_01                  6.785      -0.882       0.000   10.33%       3.000      6.000      7.000
             571.000       4.973       0.574      10.000    5.43%       7.000      8.000
     A_02                  6.773      -0.794       0.000   17.04%       2.000      5.000      6.000
             487.000       5.488       0.300      10.000    7.19%       7.000      8.000
     A_04                  6.893      -0.836       0.000   18.75%       1.000      5.000      6.000
             256.000       7.293      -0.178      10.000   12.11%       8.000      9.000
     A_05                  6.712      -0.775       0.000   17.07%       2.000      5.000      7.000
             164.000       8.478      -0.446      10.000   14.63%       7.000      9.000
     AGE_C80               3.263       1.020      -0.581    0.16%       0.888      1.839      2.463
             621.000       8.000       0.363      13.313    0.32%       3.354      5.984


THE MODEL ESTIMATION TERMINATED NORMALLY



MODEL FIT INFORMATION

Number of Free Parameters                       13

Loglikelihood

          H0 Value                       -2267.896
          H0 Scaling Correction Factor      1.1311
            for MLR

Information Criteria

          Akaike (AIC)                    4561.792
          Bayesian (BIC)                  4614.712
          Sample-Size Adjusted BIC        4573.457
            (n* = (n + 2) / 24)



MODEL RESULTS

                                                    Two-Tailed
                    Estimate       S.E.  Est./S.E.    P-Value

 IA         ON
    AGE_C80           -0.166      0.043     -3.885      0.000

 SA         ON
    AGE_C80           -0.034      0.026     -1.316      0.188

 QA         ON
    AGE_C80            0.004      0.004      1.015      0.310

 IA       WITH
    SA                -0.030      0.173     -0.171      0.865
    QA                -0.004      0.020     -0.189      0.850

 SA       WITH
    QA                -0.010      0.018     -0.544      0.587

 Intercepts
    A_01               0.000      0.000    999.000    999.000
    A_02               0.000      0.000    999.000    999.000
    A_04               0.000      0.000    999.000    999.000
    A_05               0.000      0.000    999.000    999.000
    IA                 7.252      0.165     43.979      0.000
    SA                 0.137      0.096      1.433      0.152
    QA                -0.030      0.012     -2.528      0.011

 Residual Variances
    A_01               1.790      0.213      8.409      0.000
    A_02               1.790      0.213      8.409      0.000
    A_04               1.790      0.213      8.409      0.000
    A_05               1.790      0.213      8.409      0.000
    IA                 3.117      0.413      7.555      0.000
    SA                 0.194      0.160      1.216      0.224
    QA                 0.001      0.002      0.415      0.678


QUALITY OF NUMERICAL RESULTS

     Condition Number for the Information Matrix              0.298E-04
       (ratio of smallest to largest eigenvalue)


CONFIDENCE INTERVALS OF MODEL RESULTS

                  Lower .5%  Lower 2.5%    Lower 5%    Estimate    Upper 5%  Upper 2.5%   Upper .5%

 IA       ON
    AGE_C80         -0.277      -0.250      -0.237      -0.166      -0.096      -0.082      -0.056

 SA       ON
    AGE_C80         -0.100      -0.084      -0.076      -0.034       0.008       0.017       0.032

 QA       ON
    AGE_C80         -0.006      -0.003      -0.002       0.004       0.010       0.011       0.013

 IA       WITH
    SA              -0.475      -0.369      -0.314      -0.030       0.255       0.310       0.416
    QA              -0.056      -0.043      -0.037      -0.004       0.029       0.036       0.048

 SA       WITH
    QA              -0.057      -0.046      -0.040      -0.010       0.020       0.026       0.037

 Intercepts
    A_01             0.000       0.000       0.000       0.000       0.000       0.000       0.000
    A_02             0.000       0.000       0.000       0.000       0.000       0.000       0.000
    A_04             0.000       0.000       0.000       0.000       0.000       0.000       0.000
    A_05             0.000       0.000       0.000       0.000       0.000       0.000       0.000
    IA               6.827       6.928       6.980       7.252       7.523       7.575       7.676
    SA              -0.110      -0.051      -0.020       0.137       0.295       0.325       0.385
    QA              -0.061      -0.053      -0.050      -0.030      -0.010      -0.007       0.001

 Residual Variances
    A_01             1.241       1.372       1.439       1.790       2.140       2.207       2.338
    A_02             1.241       1.372       1.439       1.790       2.140       2.207       2.338
    A_04             1.241       1.372       1.439       1.790       2.140       2.207       2.338
    A_05             1.241       1.372       1.439       1.790       2.140       2.207       2.338
    IA               2.054       2.308       2.438       3.117       3.795       3.925       4.179
    SA              -0.217      -0.119      -0.068       0.194       0.457       0.507       0.606
    QA              -0.005      -0.003      -0.003       0.001       0.005       0.005       0.007


SAMPLE STATISTICS FOR ESTIMATED FACTOR SCORES


     SAMPLE STATISTICS


           Means
              IA            IA_SE         SA            SA_SE         QA
              ________      ________      ________      ________      ________
 1              5.876         0.948        -0.065         0.367        -0.013


           Means
              QA_SE
              ________
 1              0.029


           Covariances
              IA            IA_SE         SA            SA_SE         QA
              ________      ________      ________      ________      ________
 IA             4.410
 IA_SE         -0.041         0.010
 SA             0.247        -0.003         0.087
 SA_SE         -0.035         0.004        -0.001         0.004
 QA            -0.022         0.000        -0.004         0.000         0.000
 QA_SE          0.000         0.000         0.000         0.000         0.000


           Covariances
              QA_SE
              ________
 QA_SE          0.000


           Correlations
              IA            IA_SE         SA            SA_SE         QA
              ________      ________      ________      ________      ________
 IA             1.000
 IA_SE         -0.190         1.000
 SA             0.398        -0.115         1.000
 SA_SE         -0.280         0.576        -0.040         1.000
 QA            -0.637         0.223        -0.836         0.216         1.000
 QA_SE         -0.172         0.674         0.043         0.907         0.112


           Correlations
              QA_SE
              ________
 QA_SE          1.000


RESULTS SAVING INFORMATION

  Order of data

    Parameter estimates
     (saved in order shown in Technical 1 output)
    Standard errors
     (saved in order shown in Technical 1 output)
    H0 Loglikelihood
    H0 Scaling Correction Factor for MLR
    Number of Free Parameters
    Akaike (AIC)
    Bayesian (BIC)
    Sample-Size Adjusted BIC

  Save file
    u2_1245_a_mirrecall_results.dat

  Save file format           Free


PLOT INFORMATION

The following plots are available:

  Histograms (sample values, estimated factor scores)
  Scatterplots (sample values, estimated factor scores)
  Latent variable distribution plots

SAVEDATA INFORMATION


  Save file
    u2_1245_a_mirrecall_fscores.dat

  Order and format of variables

    A_01           F10.3
    A_02           F10.3
    A_04           F10.3
    A_05           F10.3
    AGE_C80        F10.3
    TIME_01        F10.3
    TIME_02        F10.3
    TIME_04        F10.3
    TIME_05        F10.3
    _WEIGHT        F10.3
    IA             F10.3
    IA_SE          F10.3
    SA             F10.3
    SA_SE          F10.3
    QA             F10.3
    QA_SE          F10.3
    PAIRID         I6

  Save file format
    16F10.3 I6

  Save file record length    10000


     Beginning Time:  12:11:07
        Ending Time:  12:11:08
       Elapsed Time:  00:00:01



MUTHEN & MUTHEN
3463 Stoner Ave.
Los Angeles, CA  90066

Tel: (310) 391-9971
Fax: (310) 391-8971
Web: www.StatModel.com
Support: Support@StatModel.com

Copyright (c) 1998-2014 Muthen & Muthen
