Mplus VERSION 7.3
MUTHEN & MUTHEN
12/17/2016   6:05 PM

INPUT INSTRUCTIONS

  TITLE:
  Script produced from the prototype in ./sandbox/syntax-creator/
  DATA:
  File = wide-dataset.dat ;
  VARIABLE:
  NAMES are
   Case PairID female age_c80 edu_c7 sbp_c167 smoke cardio diabetes dementia_ever
      years_since_bl_01 years_since_bl_02 years_since_bl_03 years_since_bl_04
      years_since_bl_05 pef_01 pef_02 pef_03 pef_04 pef_05 grip_01 grip_02 grip_03
      grip_04 grip_05 gait_01 gait_02 gait_03 gait_04 gait_05 block_01 block_02
      block_03 block_04 block_05 digitspanbackward_01 digitspanbackward_02
      digitspanbackward_03 digitspanbackward_04 digitspanbackward_05
      digitspanforward_01 digitspanforward_02 digitspanforward_03 digitspanforward_04
      digitspanforward_05 symbol_01 symbol_02 symbol_03 symbol_04 symbol_05 prose_01
      prose_02 prose_03 prose_04 prose_05 info_01 info_02 info_03 info_04 info_05
      synonyms_01 synonyms_02 synonyms_03 synonyms_04 synonyms_05 psif_01 psif_02
      psif_03 psif_04 psif_05 figure_01 figure_02 figure_03 figure_04 figure_05
      mirrecall_01 mirrecall_02 mirrecall_03 mirrecall_04 mirrecall_05 mmse_01 mmse_02
      mmse_03 mmse_04 mmse_05 mirnaming_01 mirnaming_02 mirnaming_03 mirnaming_04
      mirnaming_05 mirrecog_01 mirrecog_02 mirrecog_03 mirrecog_04 mirrecog_05
      clock_01 clock_02 clock_03 clock_04 clock_05
  	;
  Missing are all (-9999);
  USEVARIABLES are
  	!define the variables used in the analysis
  	! covariates used in the model
  age_c80
  edu_c7
  female	
  	!estimated time points
  time_01
  time_03
  time_05
  	!modelled time points of process (A)
  a_01
  a_03
  a_05
  ;
  TSCORES are
  	!estimated time points
  time_01
  time_03
  time_05;
  CLUSTER = PairID;
  SUBPOPULATION are
  	!select a subset of observations
  dementia_ever NE 1
  ;
  DEFINE:
  	! assign variables to the process (A)
  a_01 = mirrecall_01;
  a_03 = mirrecall_03;
  a_05 = mirrecall_05;
  	!assign variables to time points
  time_01 = years_since_bl_01;
  time_03 = years_since_bl_03;
  time_05 = years_since_bl_05;
  	
  ANALYSIS: TYPE = RANDOM COMPLEX;
  COVERAGE=.00;
  MODEL:
  	!first-level equation
  	! assign process (A) to time points
  ia sa qa | a_01 AT time_01 ;
  ia sa qa | a_03 AT time_03 ;
  ia sa qa | a_05 AT time_05 ;
  	!variance of the first-level terms
  ia (v_ia);
  sa (v_sa);
  qa (v_qa);
  	!covariance among first-level terms
  ia WITH sa (c_iasa);
  ia WITH qa (c_iaqa);
  sa WITH qa (c_saqa);
  	!second-level equation
  ia sa qa ON age_c80
  edu_c7
  female;
  	!residual covariance of process (A)
  a_01 (res_a);
  a_03 (res_a);
  a_05 (res_a);	
  SAVEDATA:
  FILE is   u2_135_aef_mirrecall_fscores.dat;
  SAVE = FSCORES;
  RESULTS are   u2_135_aef_mirrecall_results.dat;
  	
  OUTPUT: sampstat cinterval;
  PLOT: Type is Plot1 Plot2 Plot3;



*** WARNING
  Data set contains cases with missing on x-variables.
  These cases were not included in the analysis.
  Number of cases with missing on x-variables:  46
*** WARNING
  Data set contains cases with missing on all variables except
  x-variables.  These cases were not included in the analysis.
  Number of cases with missing on all variables except x-variables:  77
   2 WARNING(S) FOUND IN THE INPUT INSTRUCTIONS




Script produced from the prototype in ./sandbox/syntax-creator/

SUMMARY OF ANALYSIS

Number of groups                                                 1
Number of observations                                         421

Number of dependent variables                                    3
Number of independent variables                                  3
Number of continuous latent variables                            3

Observed dependent variables

  Continuous
   A_01        A_03        A_05

Observed independent variables
   AGE_C80     EDU_C7      FEMALE

Continuous latent variables
   IA          SA          QA

Variables with special functions

  Cluster variable      PAIRID
  Weight variable       _WEIGHT

  Time scores
   TIME_01     TIME_03     TIME_05


Estimator                                                      MLR
Information matrix                                        OBSERVED
Maximum number of iterations                                   100
Convergence criterion                                    0.100D-05
Maximum number of EM iterations                                500
Convergence criteria for the EM algorithm
  Loglikelihood change                                   0.100D-02
  Relative loglikelihood change                          0.100D-05
  Derivative                                             0.100D-03
Minimum variance                                         0.100D-03
Maximum number of steepest descent iterations                   20
Maximum number of iterations for H1                           2000
Convergence criterion for H1                             0.100D-03
Optimization algorithm                                         EMA

Input data file(s)
  wide-dataset.dat
Input data format  FREE



SAMPLE STATISTICS


     ESTIMATED SAMPLE STATISTICS


           Means
              A_01          A_03          A_05          AGE_C80       EDU_C7
              ________      ________      ________      ________      ________
 1              6.765         6.578         5.785         3.186         0.330


           Means
              FEMALE
              ________
 1              0.656


           Covariances
              A_01          A_03          A_05          AGE_C80       EDU_C7
              ________      ________      ________      ________      ________
 A_01           4.910
 A_03           3.439         6.713
 A_05           3.127         5.310        10.214
 AGE_C80       -1.082        -1.788        -2.011         7.703
 EDU_C7         0.431         0.717         0.047        -0.592         6.045
 FEMALE         0.199         0.230         0.217         0.073        -0.107


           Covariances
              FEMALE
              ________
 FEMALE         0.226


           Correlations
              A_01          A_03          A_05          AGE_C80       EDU_C7
              ________      ________      ________      ________      ________
 A_01           1.000
 A_03           0.599         1.000
 A_05           0.442         0.641         1.000
 AGE_C80       -0.176        -0.249        -0.227         1.000
 EDU_C7         0.079         0.113         0.006        -0.087         1.000
 FEMALE         0.189         0.186         0.143         0.055        -0.092


           Correlations
              FEMALE
              ________
 FEMALE         1.000


     MAXIMUM LOG-LIKELIHOOD VALUE FOR THE UNRESTRICTED (H1) MODEL IS -5534.887


UNIVARIATE HIGHER-ORDER MOMENT DESCRIPTIVE STATISTICS


     UNIVARIATE HIGHER-ORDER MOMENT DESCRIPTIVE STATISTICS

         Variable/         Mean/     Skewness/   Minimum/ % with                Percentiles
        Sample Size      Variance    Kurtosis    Maximum  Min/Max      20%/60%    40%/80%    Median

     A_01                  6.802      -0.863       0.000    7.91%       4.000      6.000      7.000
             556.000       4.873       0.540      10.000    5.58%       7.000      8.000
     A_03                  6.825      -0.787       0.000   17.91%       2.000      5.000      6.000
             363.000       6.183       0.064      10.000    9.37%       7.000      9.000
     A_05                  6.712      -0.775       0.000   17.07%       2.000      5.000      7.000
             164.000       8.478      -0.446      10.000   14.63%       7.000      9.000
     AGE_C80               3.186       1.066      -0.581    0.17%       0.875      1.757      2.321
             579.000       7.703       0.532      13.313    0.35%       3.168      5.696
     EDU_C7                0.330       2.259      -5.000    0.35%      -1.000     -1.000     -1.000
             579.000       6.045       7.388      16.000    0.17%       0.000      1.000
     FEMALE                0.656      -0.655       0.000   33.85%       0.000      1.000      1.000
             579.000       0.226      -1.571       1.000   66.15%       1.000      1.000


THE MODEL ESTIMATION TERMINATED NORMALLY



MODEL FIT INFORMATION

Number of Free Parameters                       19

Loglikelihood

          H0 Value                       -1740.433
          H0 Scaling Correction Factor      1.0028
            for MLR

Information Criteria

          Akaike (AIC)                    3518.867
          Bayesian (BIC)                  3595.677
          Sample-Size Adjusted BIC        3535.384
            (n* = (n + 2) / 24)



MODEL RESULTS

                                                    Two-Tailed
                    Estimate       S.E.  Est./S.E.    P-Value

 IA         ON
    AGE_C80           -0.144      0.042     -3.430      0.001
    EDU_C7             0.074      0.042      1.762      0.078
    FEMALE             0.964      0.242      3.981      0.000

 SA         ON
    AGE_C80           -0.028      0.025     -1.114      0.265
    EDU_C7             0.031      0.023      1.376      0.169
    FEMALE             0.086      0.125      0.691      0.490

 QA         ON
    AGE_C80            0.002      0.004      0.416      0.677
    EDU_C7            -0.005      0.003     -1.510      0.131
    FEMALE            -0.010      0.018     -0.526      0.599

 IA       WITH
    SA                -0.560      0.138     -4.055      0.000
    QA                 0.039      0.019      2.103      0.035

 SA       WITH
    QA                -0.095      0.012     -8.268      0.000

 Intercepts
    A_01               0.000      0.000    999.000    999.000
    A_03               0.000      0.000    999.000    999.000
    A_05               0.000      0.000    999.000    999.000
    IA                 6.567      0.229     28.732      0.000
    SA                 0.052      0.123      0.422      0.673
    QA                -0.015      0.019     -0.824      0.410

 Residual Variances
    A_01               0.000      0.000     16.113      0.000
    A_03               0.000      0.000     16.113      0.000
    A_05               0.000      0.000     16.113      0.000
    IA                 4.529      0.382     11.845      0.000
    SA                 0.849      0.092      9.213      0.000
    QA                 0.013      0.002      8.037      0.000


QUALITY OF NUMERICAL RESULTS

     Condition Number for the Information Matrix              0.281E-06
       (ratio of smallest to largest eigenvalue)


CONFIDENCE INTERVALS OF MODEL RESULTS

                  Lower .5%  Lower 2.5%    Lower 5%    Estimate    Upper 5%  Upper 2.5%   Upper .5%

 IA       ON
    AGE_C80         -0.252      -0.226      -0.213      -0.144      -0.075      -0.062      -0.036
    EDU_C7          -0.034      -0.008       0.005       0.074       0.144       0.157       0.183
    FEMALE           0.340       0.490       0.566       0.964       1.363       1.439       1.588

 SA       ON
    AGE_C80         -0.094      -0.078      -0.070      -0.028       0.014       0.022       0.037
    EDU_C7          -0.027      -0.013      -0.006       0.031       0.068       0.075       0.089
    FEMALE          -0.235      -0.158      -0.119       0.086       0.291       0.331       0.408

 QA       ON
    AGE_C80         -0.008      -0.006      -0.005       0.002       0.008       0.009       0.011
    EDU_C7          -0.014      -0.012      -0.011      -0.005       0.000       0.002       0.004
    FEMALE          -0.057      -0.046      -0.040      -0.010       0.021       0.026       0.038

 IA       WITH
    SA              -0.916      -0.831      -0.787      -0.560      -0.333      -0.289      -0.204
    QA              -0.009       0.003       0.009       0.039       0.070       0.076       0.088

 SA       WITH
    QA              -0.125      -0.118      -0.114      -0.095      -0.076      -0.073      -0.066

 Intercepts
    A_01             0.000       0.000       0.000       0.000       0.000       0.000       0.000
    A_03             0.000       0.000       0.000       0.000       0.000       0.000       0.000
    A_05             0.000       0.000       0.000       0.000       0.000       0.000       0.000
    IA               5.978       6.119       6.191       6.567       6.943       7.015       7.156
    SA              -0.265      -0.189      -0.150       0.052       0.254       0.293       0.369
    QA              -0.063      -0.052      -0.046      -0.015       0.015       0.021       0.033

 Residual Variances
    A_01             0.000       0.000       0.000       0.000       0.000       0.000       0.000
    A_03             0.000       0.000       0.000       0.000       0.000       0.000       0.000
    A_05             0.000       0.000       0.000       0.000       0.000       0.000       0.000
    IA               3.544       3.779       3.900       4.529       5.157       5.278       5.513
    SA               0.612       0.668       0.697       0.849       1.000       1.029       1.086
    QA               0.009       0.010       0.010       0.013       0.015       0.016       0.017


SAMPLE STATISTICS FOR ESTIMATED FACTOR SCORES


     SAMPLE STATISTICS


           Means
              IA            IA_SE         SA            SA_SE         QA
              ________      ________      ________      ________      ________
 1              5.965         0.074        -0.101         0.455        -0.005


           Means
              QA_SE
              ________
 1              0.069


           Covariances
              IA            IA_SE         SA            SA_SE         QA
              ________      ________      ________      ________      ________
 IA             7.437
 IA_SE         -0.087         0.120
 SA            -0.541        -0.050         0.764
 SA_SE         -0.218         0.020         0.024         0.134
 QA             0.029         0.005        -0.077        -0.001         0.008
 QA_SE         -0.028         0.002        -0.002         0.015         0.000


           Covariances
              QA_SE
              ________
 QA_SE          0.002


           Correlations
              IA            IA_SE         SA            SA_SE         QA
              ________      ________      ________      ________      ________
 IA             1.000
 IA_SE         -0.092         1.000
 SA            -0.227        -0.166         1.000
 SA_SE         -0.218         0.160         0.075         1.000
 QA             0.114         0.156        -0.956        -0.039         1.000
 QA_SE         -0.227         0.106        -0.049         0.927         0.084


           Correlations
              QA_SE
              ________
 QA_SE          1.000


RESULTS SAVING INFORMATION

  Order of data

    Parameter estimates
     (saved in order shown in Technical 1 output)
    Standard errors
     (saved in order shown in Technical 1 output)
    H0 Loglikelihood
    H0 Scaling Correction Factor for MLR
    Number of Free Parameters
    Akaike (AIC)
    Bayesian (BIC)
    Sample-Size Adjusted BIC

  Save file
    u2_135_aef_mirrecall_results.dat

  Save file format           Free


PLOT INFORMATION

The following plots are available:

  Histograms (sample values, estimated factor scores)
  Scatterplots (sample values, estimated factor scores)
  Latent variable distribution plots

SAVEDATA INFORMATION


  Save file
    u2_135_aef_mirrecall_fscores.dat

  Order and format of variables

    A_01           F10.3
    A_03           F10.3
    A_05           F10.3
    AGE_C80        F10.3
    EDU_C7         F10.3
    FEMALE         F10.3
    TIME_01        F10.3
    TIME_03        F10.3
    TIME_05        F10.3
    _WEIGHT        F10.3
    IA             F10.3
    IA_SE          F10.3
    SA             F10.3
    SA_SE          F10.3
    QA             F10.3
    QA_SE          F10.3
    PAIRID         I6

  Save file format
    16F10.3 I6

  Save file record length    10000


     Beginning Time:  18:05:27
        Ending Time:  18:05:31
       Elapsed Time:  00:00:04



MUTHEN & MUTHEN
3463 Stoner Ave.
Los Angeles, CA  90066

Tel: (310) 391-9971
Fax: (310) 391-8971
Web: www.StatModel.com
Support: Support@StatModel.com

Copyright (c) 1998-2014 Muthen & Muthen
