Mplus VERSION 7.3
MUTHEN & MUTHEN
12/17/2016   6:10 PM

INPUT INSTRUCTIONS

  TITLE:
  Script produced from the prototype in ./sandbox/syntax-creator/
  DATA:
  File = wide-dataset.dat ;
  VARIABLE:
  NAMES are
   Case PairID female age_c80 edu_c7 sbp_c167 smoke cardio diabetes dementia_ever
      years_since_bl_01 years_since_bl_02 years_since_bl_03 years_since_bl_04
      years_since_bl_05 pef_01 pef_02 pef_03 pef_04 pef_05 grip_01 grip_02 grip_03
      grip_04 grip_05 gait_01 gait_02 gait_03 gait_04 gait_05 block_01 block_02
      block_03 block_04 block_05 digitspanbackward_01 digitspanbackward_02
      digitspanbackward_03 digitspanbackward_04 digitspanbackward_05
      digitspanforward_01 digitspanforward_02 digitspanforward_03 digitspanforward_04
      digitspanforward_05 symbol_01 symbol_02 symbol_03 symbol_04 symbol_05 prose_01
      prose_02 prose_03 prose_04 prose_05 info_01 info_02 info_03 info_04 info_05
      synonyms_01 synonyms_02 synonyms_03 synonyms_04 synonyms_05 psif_01 psif_02
      psif_03 psif_04 psif_05 figure_01 figure_02 figure_03 figure_04 figure_05
      mirrecall_01 mirrecall_02 mirrecall_03 mirrecall_04 mirrecall_05 mmse_01 mmse_02
      mmse_03 mmse_04 mmse_05 mirnaming_01 mirnaming_02 mirnaming_03 mirnaming_04
      mirnaming_05 mirrecog_01 mirrecog_02 mirrecog_03 mirrecog_04 mirrecog_05
      clock_01 clock_02 clock_03 clock_04 clock_05
  	;
  Missing are all (-9999);
  USEVARIABLES are
  	!define the variables used in the analysis
  	! covariates used in the model
  age_c80
  edu_c7	
  	!estimated time points
  time_01
  time_02
  time_03
  	!modelled time points of process (A)
  a_01
  a_02
  a_03
  ;
  TSCORES are
  	!estimated time points
  time_01
  time_02
  time_03;
  CLUSTER = PairID;
  SUBPOPULATION are
  	!select a subset of observations
  dementia_ever NE 1
  ;
  DEFINE:
  	! assign variables to the process (A)
  a_01 = mirrecall_01;
  a_02 = mirrecall_02;
  a_03 = mirrecall_03;
  	!assign variables to time points
  time_01 = years_since_bl_01;
  time_02 = years_since_bl_02;
  time_03 = years_since_bl_03;
  	
  ANALYSIS: TYPE = RANDOM COMPLEX;
  COVERAGE=.00;
  MODEL:
  	!first-level equation
  	! assign process (A) to time points
  ia sa qa | a_01 AT time_01 ;
  ia sa qa | a_02 AT time_02 ;
  ia sa qa | a_03 AT time_03 ;
  	!variance of the first-level terms
  ia (v_ia);
  sa (v_sa);
  qa (v_qa);
  	!covariance among first-level terms
  ia WITH sa (c_iasa);
  ia WITH qa (c_iaqa);
  sa WITH qa (c_saqa);
  	!second-level equation
  ia sa qa ON age_c80
  edu_c7;
  	!residual covariance of process (A)
  a_01 (res_a);
  a_02 (res_a);
  a_03 (res_a);	
  SAVEDATA:
  FILE is   u2_123_ae_mirrecall_fscores.dat;
  SAVE = FSCORES;
  RESULTS are   u2_123_ae_mirrecall_results.dat;
  	
  OUTPUT: sampstat cinterval;
  PLOT: Type is Plot1 Plot2 Plot3;



*** WARNING
  Data set contains cases with missing on x-variables.
  These cases were not included in the analysis.
  Number of cases with missing on x-variables:  46
*** WARNING
  Data set contains cases with missing on all variables except
  x-variables.  These cases were not included in the analysis.
  Number of cases with missing on all variables except x-variables:  56
   2 WARNING(S) FOUND IN THE INPUT INSTRUCTIONS




Script produced from the prototype in ./sandbox/syntax-creator/

SUMMARY OF ANALYSIS

Number of groups                                                 1
Number of observations                                         431

Number of dependent variables                                    3
Number of independent variables                                  2
Number of continuous latent variables                            3

Observed dependent variables

  Continuous
   A_01        A_02        A_03

Observed independent variables
   AGE_C80     EDU_C7

Continuous latent variables
   IA          SA          QA

Variables with special functions

  Cluster variable      PAIRID
  Weight variable       _WEIGHT

  Time scores
   TIME_01     TIME_02     TIME_03


Estimator                                                      MLR
Information matrix                                        OBSERVED
Maximum number of iterations                                   100
Convergence criterion                                    0.100D-05
Maximum number of EM iterations                                500
Convergence criteria for the EM algorithm
  Loglikelihood change                                   0.100D-02
  Relative loglikelihood change                          0.100D-05
  Derivative                                             0.100D-03
Minimum variance                                         0.100D-03
Maximum number of steepest descent iterations                   20
Maximum number of iterations for H1                           2000
Convergence criterion for H1                             0.100D-03
Optimization algorithm                                         EMA

Input data file(s)
  wide-dataset.dat
Input data format  FREE



SAMPLE STATISTICS


     ESTIMATED SAMPLE STATISTICS


           Means
              A_01          A_02          A_03          AGE_C80       EDU_C7
              ________      ________      ________      ________      ________
 1              6.742         6.707         6.488         3.236         0.309


           Covariances
              A_01          A_02          A_03          AGE_C80       EDU_C7
              ________      ________      ________      ________      ________
 A_01           4.930
 A_02           3.231         5.538
 A_03           3.372         4.569         7.010
 AGE_C80       -1.192        -1.650        -2.288         7.948
 EDU_C7         0.530         0.161         0.771        -0.806         6.209


           Correlations
              A_01          A_02          A_03          AGE_C80       EDU_C7
              ________      ________      ________      ________      ________
 A_01           1.000
 A_02           0.618         1.000
 A_03           0.574         0.733         1.000
 AGE_C80       -0.190        -0.249        -0.307         1.000
 EDU_C7         0.096         0.027         0.117        -0.115         1.000


     MAXIMUM LOG-LIKELIHOOD VALUE FOR THE UNRESTRICTED (H1) MODEL IS -5737.681


UNIVARIATE HIGHER-ORDER MOMENT DESCRIPTIVE STATISTICS


     UNIVARIATE HIGHER-ORDER MOMENT DESCRIPTIVE STATISTICS

         Variable/         Mean/     Skewness/   Minimum/ % with                Percentiles
        Sample Size      Variance    Kurtosis    Maximum  Min/Max      20%/60%    40%/80%    Median

     A_01                  6.802      -0.863       0.000    7.91%       4.000      6.000      7.000
             556.000       4.873       0.540      10.000    5.58%       7.000      8.000
     A_02                  6.827      -0.761       0.000   13.89%       2.000      5.000      6.000
             468.000       5.208       0.263      10.000    7.48%       7.000      8.000
     A_03                  6.825      -0.787       0.000   17.91%       2.000      5.000      6.000
             363.000       6.183       0.064      10.000    9.37%       7.000      9.000
     AGE_C80               3.236       1.045      -0.581    0.17%       0.877      1.805      2.417
             600.000       7.948       0.431      13.313    0.33%       3.216      5.784
     EDU_C7                0.309       2.150      -7.000    0.17%      -1.000     -1.000     -1.000
             600.000       6.209       7.080      16.000    0.17%       0.000      1.000


THE MODEL ESTIMATION TERMINATED NORMALLY



MODEL FIT INFORMATION

Number of Free Parameters                       16

Loglikelihood

          H0 Value                       -2061.007
          H0 Scaling Correction Factor      1.1649
            for MLR

Information Criteria

          Akaike (AIC)                    4154.014
          Bayesian (BIC)                  4219.072
          Sample-Size Adjusted BIC        4168.297
            (n* = (n + 2) / 24)



MODEL RESULTS

                                                    Two-Tailed
                    Estimate       S.E.  Est./S.E.    P-Value

 IA         ON
    AGE_C80           -0.143      0.042     -3.369      0.001
    EDU_C7             0.065      0.042      1.563      0.118

 SA         ON
    AGE_C80           -0.026      0.041     -0.650      0.516
    EDU_C7            -0.068      0.036     -1.888      0.059

 QA         ON
    AGE_C80           -0.002      0.010     -0.182      0.855
    EDU_C7             0.018      0.009      2.100      0.036

 IA       WITH
    SA                -0.350      0.670     -0.523      0.601
    QA                 0.054      0.128      0.424      0.672

 SA       WITH
    QA                -0.136      0.271     -0.502      0.615

 Intercepts
    A_01               0.000      0.000    999.000    999.000
    A_02               0.000      0.000    999.000    999.000
    A_03               0.000      0.000    999.000    999.000
    IA                 7.188      0.170     42.317      0.000
    SA                 0.129      0.148      0.873      0.383
    QA                -0.021      0.036     -0.576      0.565

 Residual Variances
    A_01               1.239      0.771      1.607      0.108
    A_02               1.239      0.771      1.607      0.108
    A_03               1.239      0.771      1.607      0.108
    IA                 3.487      0.866      4.024      0.000
    SA                 0.793      1.193      0.664      0.506
    QA                 0.029      0.067      0.427      0.670


QUALITY OF NUMERICAL RESULTS

     Condition Number for the Information Matrix              0.698E-06
       (ratio of smallest to largest eigenvalue)


CONFIDENCE INTERVALS OF MODEL RESULTS

                  Lower .5%  Lower 2.5%    Lower 5%    Estimate    Upper 5%  Upper 2.5%   Upper .5%

 IA       ON
    AGE_C80         -0.253      -0.226      -0.213      -0.143      -0.073      -0.060      -0.034
    EDU_C7          -0.042      -0.017      -0.003       0.065       0.134       0.147       0.173

 SA       ON
    AGE_C80         -0.131      -0.106      -0.093      -0.026       0.040       0.053       0.078
    EDU_C7          -0.161      -0.139      -0.127      -0.068      -0.009       0.003       0.025

 QA       ON
    AGE_C80         -0.028      -0.022      -0.019      -0.002       0.015       0.018       0.025
    EDU_C7          -0.004       0.001       0.004       0.018       0.032       0.035       0.040

 IA       WITH
    SA              -2.075      -1.663      -1.452      -0.350       0.751       0.962       1.375
    QA              -0.276      -0.197      -0.156       0.054       0.265       0.305       0.384

 SA       WITH
    QA              -0.835      -0.668      -0.582      -0.136       0.310       0.395       0.562

 Intercepts
    A_01             0.000       0.000       0.000       0.000       0.000       0.000       0.000
    A_02             0.000       0.000       0.000       0.000       0.000       0.000       0.000
    A_03             0.000       0.000       0.000       0.000       0.000       0.000       0.000
    IA               6.750       6.855       6.909       7.188       7.467       7.521       7.625
    SA              -0.252      -0.161      -0.114       0.129       0.373       0.419       0.511
    QA              -0.114      -0.092      -0.080      -0.021       0.039       0.050       0.072

 Residual Variances
    A_01            -0.747      -0.272      -0.029       1.239       2.507       2.750       3.225
    A_02            -0.747      -0.272      -0.029       1.239       2.507       2.750       3.225
    A_03            -0.747      -0.272      -0.029       1.239       2.507       2.750       3.225
    IA               1.255       1.789       2.061       3.487       4.912       5.185       5.718
    SA              -2.281      -1.546      -1.170       0.793       2.755       3.131       3.866
    QA              -0.144      -0.103      -0.082       0.029       0.139       0.160       0.201


SAMPLE STATISTICS FOR ESTIMATED FACTOR SCORES


     SAMPLE STATISTICS


           Means
              IA            IA_SE         SA            SA_SE         QA
              ________      ________      ________      ________      ________
 1              5.964         0.901        -0.084         0.748        -0.014


           Means
              QA_SE
              ________
 1              0.153


           Covariances
              IA            IA_SE         SA            SA_SE         QA
              ________      ________      ________      ________      ________
 IA             4.846
 IA_SE         -0.054         0.016
 SA             0.103        -0.009         0.327
 SA_SE         -0.017         0.006         0.002         0.005
 QA             0.009         0.001        -0.046         0.000         0.008
 QA_SE         -0.002         0.001         0.000         0.001         0.000


           Covariances
              QA_SE
              ________
 QA_SE          0.000


           Correlations
              IA            IA_SE         SA            SA_SE         QA
              ________      ________      ________      ________      ________
 IA             1.000
 IA_SE         -0.193         1.000
 SA             0.082        -0.121         1.000
 SA_SE         -0.111         0.643         0.055         1.000
 QA             0.047         0.059        -0.884        -0.076         1.000
 QA_SE         -0.096         0.584         0.053         0.958        -0.070


           Correlations
              QA_SE
              ________
 QA_SE          1.000


RESULTS SAVING INFORMATION

  Order of data

    Parameter estimates
     (saved in order shown in Technical 1 output)
    Standard errors
     (saved in order shown in Technical 1 output)
    H0 Loglikelihood
    H0 Scaling Correction Factor for MLR
    Number of Free Parameters
    Akaike (AIC)
    Bayesian (BIC)
    Sample-Size Adjusted BIC

  Save file
    u2_123_ae_mirrecall_results.dat

  Save file format           Free


PLOT INFORMATION

The following plots are available:

  Histograms (sample values, estimated factor scores)
  Scatterplots (sample values, estimated factor scores)
  Latent variable distribution plots

SAVEDATA INFORMATION


  Save file
    u2_123_ae_mirrecall_fscores.dat

  Order and format of variables

    A_01           F10.3
    A_02           F10.3
    A_03           F10.3
    AGE_C80        F10.3
    EDU_C7         F10.3
    TIME_01        F10.3
    TIME_02        F10.3
    TIME_03        F10.3
    _WEIGHT        F10.3
    IA             F10.3
    IA_SE          F10.3
    SA             F10.3
    SA_SE          F10.3
    QA             F10.3
    QA_SE          F10.3
    PAIRID         I6

  Save file format
    15F10.3 I6

  Save file record length    10000


     Beginning Time:  18:10:06
        Ending Time:  18:10:07
       Elapsed Time:  00:00:01



MUTHEN & MUTHEN
3463 Stoner Ave.
Los Angeles, CA  90066

Tel: (310) 391-9971
Fax: (310) 391-8971
Web: www.StatModel.com
Support: Support@StatModel.com

Copyright (c) 1998-2014 Muthen & Muthen
