Mplus VERSION 7.3
MUTHEN & MUTHEN
12/17/2016  11:48 AM

INPUT INSTRUCTIONS

  TITLE:
  Script produced from the prototype in ./sandbox/syntax-creator/
  DATA:
  File = wide-dataset.dat ;
  VARIABLE:
  NAMES are
   Case PairID female age_c80 edu_c7 sbp_c167 smoke cardio diabetes dementia_ever
      years_since_bl_01 years_since_bl_02 years_since_bl_03 years_since_bl_04
      years_since_bl_05 pef_01 pef_02 pef_03 pef_04 pef_05 grip_01 grip_02 grip_03
      grip_04 grip_05 gait_01 gait_02 gait_03 gait_04 gait_05 block_01 block_02
      block_03 block_04 block_05 digitspanbackward_01 digitspanbackward_02
      digitspanbackward_03 digitspanbackward_04 digitspanbackward_05
      digitspanforward_01 digitspanforward_02 digitspanforward_03 digitspanforward_04
      digitspanforward_05 symbol_01 symbol_02 symbol_03 symbol_04 symbol_05 prose_01
      prose_02 prose_03 prose_04 prose_05 info_01 info_02 info_03 info_04 info_05
      synonyms_01 synonyms_02 synonyms_03 synonyms_04 synonyms_05 psif_01 psif_02
      psif_03 psif_04 psif_05 figure_01 figure_02 figure_03 figure_04 figure_05
      mirrecall_01 mirrecall_02 mirrecall_03 mirrecall_04 mirrecall_05 mmse_01 mmse_02
      mmse_03 mmse_04 mmse_05 mirnaming_01 mirnaming_02 mirnaming_03 mirnaming_04
      mirnaming_05 mirrecog_01 mirrecog_02 mirrecog_03 mirrecog_04 mirrecog_05
      clock_01 clock_02 clock_03 clock_04 clock_05
  	;
  Missing are all (-9999);
  USEVARIABLES are
  	!define the variables used in the analysis
  	! covariates used in the model
  age_c80
  edu_c7
  female
  sbp_c167	
  	!estimated time points
  time_01
  time_02
  time_03
  	!modelled time points of process (A)
  a_01
  a_02
  a_03
  ;
  TSCORES are
  	!estimated time points
  time_01
  time_02
  time_03;
  CLUSTER = PairID;
  SUBPOPULATION are
  	!select a subset of observations
  dementia_ever NE 1
  ;
  DEFINE:
  	! assign variables to the process (A)
  a_01 = prose_01;
  a_02 = prose_02;
  a_03 = prose_03;
  	!assign variables to time points
  time_01 = years_since_bl_01;
  time_02 = years_since_bl_02;
  time_03 = years_since_bl_03;
  	
  ANALYSIS: TYPE = RANDOM COMPLEX;
  COVERAGE=.00;
  MODEL:
  	!first-level equation
  	! assign process (A) to time points
  ia sa | a_01 AT time_01 ;
  ia sa | a_02 AT time_02 ;
  ia sa | a_03 AT time_03 ;
  	!variance of the first-level terms
  ia (v_ia);
  sa (v_sa);
  	!covariance among first-level terms
  ia WITH sa (c_iasa);
  	!second-level equation
  ia sa ON age_c80
  edu_c7
  female
  sbp_c167;
  	!residual covariance of process (A)
  a_01 (res_a);
  a_02 (res_a);
  a_03 (res_a);	
  SAVEDATA:
  FILE is   u1_123_aefb_prose_fscores.dat;
  SAVE = FSCORES;
  RESULTS are   u1_123_aefb_prose_results.dat;
  	
  OUTPUT: sampstat cinterval;
  PLOT: Type is Plot1 Plot2 Plot3;



*** WARNING
  Data set contains cases with missing on x-variables.
  These cases were not included in the analysis.
  Number of cases with missing on x-variables:  92
*** WARNING
  Data set contains cases with missing on all variables except
  x-variables.  These cases were not included in the analysis.
  Number of cases with missing on all variables except x-variables:  40
   2 WARNING(S) FOUND IN THE INPUT INSTRUCTIONS




Script produced from the prototype in ./sandbox/syntax-creator/

SUMMARY OF ANALYSIS

Number of groups                                                 1
Number of observations                                         412

Number of dependent variables                                    3
Number of independent variables                                  4
Number of continuous latent variables                            2

Observed dependent variables

  Continuous
   A_01        A_02        A_03

Observed independent variables
   AGE_C80     EDU_C7      FEMALE      SBP_C167

Continuous latent variables
   IA          SA

Variables with special functions

  Cluster variable      PAIRID
  Weight variable       _WEIGHT

  Time scores
   TIME_01     TIME_02     TIME_03


Estimator                                                      MLR
Information matrix                                        OBSERVED
Maximum number of iterations                                   100
Convergence criterion                                    0.100D-05
Maximum number of EM iterations                                500
Convergence criteria for the EM algorithm
  Loglikelihood change                                   0.100D-02
  Relative loglikelihood change                          0.100D-05
  Derivative                                             0.100D-03
Minimum variance                                         0.100D-03
Maximum number of steepest descent iterations                   20
Maximum number of iterations for H1                           2000
Convergence criterion for H1                             0.100D-03
Optimization algorithm                                         EMA

Input data file(s)
  wide-dataset.dat
Input data format  FREE



SAMPLE STATISTICS


     ESTIMATED SAMPLE STATISTICS


           Means
              A_01          A_02          A_03          AGE_C80       EDU_C7
              ________      ________      ________      ________      ________
 1              9.964        10.211         9.939         3.210         0.354


           Means
              FEMALE        SBP_C167
              ________      ________
 1              0.650        -6.345


           Covariances
              A_01          A_02          A_03          AGE_C80       EDU_C7
              ________      ________      ________      ________      ________
 A_01          15.880
 A_02           9.547        13.041
 A_03           9.829         9.263        13.615
 AGE_C80       -2.389        -2.155        -1.572         8.357
 EDU_C7         2.923         2.088         2.769        -0.421         6.428
 FEMALE         0.155         0.202         0.306         0.072        -0.136
 SBP_C167       4.248         7.497         1.573        -4.669         0.909


           Covariances
              FEMALE        SBP_C167
              ________      ________
 FEMALE         0.227
 SBP_C167       0.642       512.677


           Correlations
              A_01          A_02          A_03          AGE_C80       EDU_C7
              ________      ________      ________      ________      ________
 A_01           1.000
 A_02           0.663         1.000
 A_03           0.668         0.695         1.000
 AGE_C80       -0.207        -0.206        -0.147         1.000
 EDU_C7         0.289         0.228         0.296        -0.057         1.000
 FEMALE         0.081         0.117         0.174         0.052        -0.112
 SBP_C167       0.047         0.092         0.019        -0.071         0.016


           Correlations
              FEMALE        SBP_C167
              ________      ________
 FEMALE         1.000
 SBP_C167       0.059         1.000


     MAXIMUM LOG-LIKELIHOOD VALUE FOR THE UNRESTRICTED (H1) MODEL IS -8878.829


UNIVARIATE HIGHER-ORDER MOMENT DESCRIPTIVE STATISTICS


     UNIVARIATE HIGHER-ORDER MOMENT DESCRIPTIVE STATISTICS

         Variable/         Mean/     Skewness/   Minimum/ % with                Percentiles
        Sample Size      Variance    Kurtosis    Maximum  Min/Max      20%/60%    40%/80%    Median

     A_01                 10.069      -0.660       0.000    4.30%       5.000      9.000     10.000
             535.000      15.607      -0.288      16.000    3.74%      11.000     13.000
     A_02                 10.539      -0.885       0.000    5.69%       4.000      9.000     10.000
             422.000      12.262       0.294      16.000    2.61%      11.000     13.000
     A_03                 10.573      -0.668       0.000    6.06%       5.000      8.000     10.000
             297.000      12.382      -0.401      16.000    2.69%      11.000     13.000
     AGE_C80               3.210       1.299      -0.630    0.18%       0.875      1.757      2.329
             570.000       8.357       1.872      17.918    0.18%       3.171      5.500
     EDU_C7                0.354       2.160      -7.000    0.18%      -1.000     -1.000     -1.000
             570.000       6.428       6.948      16.000    0.18%       0.000      1.000
     FEMALE                0.650      -0.631       0.000   34.39%       0.000      1.000      1.000
             570.000       0.227      -1.602       1.000   65.61%       1.000      1.000
     SBP_C167             -6.345       0.394     -57.000    1.40%     -27.000    -17.000     -7.000
             570.000     512.677       0.727      93.000    0.18%      -7.000     13.000


THE MODEL ESTIMATION TERMINATED NORMALLY



MODEL FIT INFORMATION

Number of Free Parameters                       14

Loglikelihood

          H0 Value                       -2289.791
          H0 Scaling Correction Factor      1.0730
            for MLR

Information Criteria

          Akaike (AIC)                    4607.583
          Bayesian (BIC)                  4663.877
          Sample-Size Adjusted BIC        4619.452
            (n* = (n + 2) / 24)



MODEL RESULTS

                                                    Two-Tailed
                    Estimate       S.E.  Est./S.E.    P-Value

 IA         ON
    AGE_C80           -0.273      0.071     -3.860      0.000
    EDU_C7             0.429      0.066      6.544      0.000
    FEMALE             0.982      0.446      2.201      0.028
    SBP_C167           0.006      0.008      0.755      0.450

 SA         ON
    AGE_C80            0.022      0.023      0.978      0.328
    EDU_C7            -0.005      0.017     -0.316      0.752
    FEMALE             0.144      0.104      1.387      0.166
    SBP_C167          -0.001      0.002     -0.514      0.607

 IA       WITH
    SA                -0.345      0.186     -1.856      0.063

 Intercepts
    A_01               0.000      0.000    999.000    999.000
    A_02               0.000      0.000    999.000    999.000
    A_03               0.000      0.000    999.000    999.000
    IA                10.142      0.436     23.249      0.000
    SA                -0.159      0.083     -1.926      0.054

 Residual Variances
    A_01               4.439      0.462      9.615      0.000
    A_02               4.439      0.462      9.615      0.000
    A_03               4.439      0.462      9.615      0.000
    IA                 9.005      0.957      9.414      0.000
    SA                 0.052      0.081      0.650      0.516


QUALITY OF NUMERICAL RESULTS

     Condition Number for the Information Matrix              0.761E-03
       (ratio of smallest to largest eigenvalue)


CONFIDENCE INTERVALS OF MODEL RESULTS

                  Lower .5%  Lower 2.5%    Lower 5%    Estimate    Upper 5%  Upper 2.5%   Upper .5%

 IA       ON
    AGE_C80         -0.455      -0.412      -0.389      -0.273      -0.157      -0.134      -0.091
    EDU_C7           0.260       0.300       0.321       0.429       0.537       0.557       0.598
    FEMALE          -0.167       0.108       0.248       0.982       1.717       1.857       2.132
    SBP_C167        -0.014      -0.009      -0.007       0.006       0.019       0.021       0.026

 SA       ON
    AGE_C80         -0.036      -0.022      -0.015       0.022       0.059       0.067       0.081
    EDU_C7          -0.048      -0.038      -0.033      -0.005       0.022       0.027       0.038
    FEMALE          -0.124      -0.060      -0.027       0.144       0.316       0.349       0.413
    SBP_C167        -0.006      -0.005      -0.004      -0.001       0.002       0.003       0.004

 IA       WITH
    SA              -0.824      -0.709      -0.651      -0.345      -0.039       0.019       0.134

 Intercepts
    A_01             0.000       0.000       0.000       0.000       0.000       0.000       0.000
    A_02             0.000       0.000       0.000       0.000       0.000       0.000       0.000
    A_03             0.000       0.000       0.000       0.000       0.000       0.000       0.000
    IA               9.018       9.287       9.424      10.142      10.859      10.997      11.266
    SA              -0.371      -0.321      -0.295      -0.159      -0.023       0.003       0.054

 Residual Variances
    A_01             3.250       3.534       3.680       4.439       5.199       5.344       5.629
    A_02             3.250       3.534       3.680       4.439       5.199       5.344       5.629
    A_03             3.250       3.534       3.680       4.439       5.199       5.344       5.629
    IA               6.541       7.130       7.431       9.005      10.579      10.880      11.469
    SA              -0.155      -0.106      -0.080       0.052       0.185       0.210       0.260


SAMPLE STATISTICS FOR ESTIMATED FACTOR SCORES


     SAMPLE STATISTICS


           Means
              IA            IA_SE         SA            SA_SE
              ________      ________      ________      ________
 1              8.965         1.422         0.034         0.208


           Covariances
              IA            IA_SE         SA            SA_SE
              ________      ________      ________      ________
 IA            11.928
 IA_SE         -0.173         0.041
 SA            -0.356         0.007         0.023
 SA_SE         -0.003         0.000         0.000         0.000


           Correlations
              IA            IA_SE         SA            SA_SE
              ________      ________      ________      ________
 IA             1.000
 IA_SE         -0.246         1.000
 SA            -0.682         0.222         1.000
 SA_SE         -0.296         0.622         0.178         1.000


RESULTS SAVING INFORMATION

  Order of data

    Parameter estimates
     (saved in order shown in Technical 1 output)
    Standard errors
     (saved in order shown in Technical 1 output)
    H0 Loglikelihood
    H0 Scaling Correction Factor for MLR
    Number of Free Parameters
    Akaike (AIC)
    Bayesian (BIC)
    Sample-Size Adjusted BIC

  Save file
    u1_123_aefb_prose_results.dat

  Save file format           Free


PLOT INFORMATION

The following plots are available:

  Histograms (sample values, estimated factor scores)
  Scatterplots (sample values, estimated factor scores)
  Latent variable distribution plots

SAVEDATA INFORMATION


  Save file
    u1_123_aefb_prose_fscores.dat

  Order and format of variables

    A_01           F10.3
    A_02           F10.3
    A_03           F10.3
    AGE_C80        F10.3
    EDU_C7         F10.3
    FEMALE         F10.3
    SBP_C167       F10.3
    TIME_01        F10.3
    TIME_02        F10.3
    TIME_03        F10.3
    _WEIGHT        F10.3
    IA             F10.3
    IA_SE          F10.3
    SA             F10.3
    SA_SE          F10.3
    PAIRID         I6

  Save file format
    15F10.3 I6

  Save file record length    10000


     Beginning Time:  11:48:17
        Ending Time:  11:48:18
       Elapsed Time:  00:00:01



MUTHEN & MUTHEN
3463 Stoner Ave.
Los Angeles, CA  90066

Tel: (310) 391-9971
Fax: (310) 391-8971
Web: www.StatModel.com
Support: Support@StatModel.com

Copyright (c) 1998-2014 Muthen & Muthen
