Mplus VERSION 7.3
MUTHEN & MUTHEN
12/17/2016  11:48 AM

INPUT INSTRUCTIONS

  TITLE:
  Script produced from the prototype in ./sandbox/syntax-creator/
  DATA:
  File = wide-dataset.dat ;
  VARIABLE:
  NAMES are
   Case PairID female age_c80 edu_c7 sbp_c167 smoke cardio diabetes dementia_ever
      years_since_bl_01 years_since_bl_02 years_since_bl_03 years_since_bl_04
      years_since_bl_05 pef_01 pef_02 pef_03 pef_04 pef_05 grip_01 grip_02 grip_03
      grip_04 grip_05 gait_01 gait_02 gait_03 gait_04 gait_05 block_01 block_02
      block_03 block_04 block_05 digitspanbackward_01 digitspanbackward_02
      digitspanbackward_03 digitspanbackward_04 digitspanbackward_05
      digitspanforward_01 digitspanforward_02 digitspanforward_03 digitspanforward_04
      digitspanforward_05 symbol_01 symbol_02 symbol_03 symbol_04 symbol_05 prose_01
      prose_02 prose_03 prose_04 prose_05 info_01 info_02 info_03 info_04 info_05
      synonyms_01 synonyms_02 synonyms_03 synonyms_04 synonyms_05 psif_01 psif_02
      psif_03 psif_04 psif_05 figure_01 figure_02 figure_03 figure_04 figure_05
      mirrecall_01 mirrecall_02 mirrecall_03 mirrecall_04 mirrecall_05 mmse_01 mmse_02
      mmse_03 mmse_04 mmse_05 mirnaming_01 mirnaming_02 mirnaming_03 mirnaming_04
      mirnaming_05 mirrecog_01 mirrecog_02 mirrecog_03 mirrecog_04 mirrecog_05
      clock_01 clock_02 clock_03 clock_04 clock_05
  	;
  Missing are all (-9999);
  USEVARIABLES are
  	!define the variables used in the analysis
  	! covariates used in the model
  age_c80
  edu_c7
  female
  sbp_c167	
  	!estimated time points
  time_01
  time_02
  time_04
  time_05
  	!modelled time points of process (A)
  a_01
  a_02
  a_04
  a_05
  ;
  TSCORES are
  	!estimated time points
  time_01
  time_02
  time_04
  time_05;
  CLUSTER = PairID;
  SUBPOPULATION are
  	!select a subset of observations
  dementia_ever NE 1
  ;
  DEFINE:
  	! assign variables to the process (A)
  a_01 = prose_01;
  a_02 = prose_02;
  a_04 = prose_04;
  a_05 = prose_05;
  	!assign variables to time points
  time_01 = years_since_bl_01;
  time_02 = years_since_bl_02;
  time_04 = years_since_bl_04;
  time_05 = years_since_bl_05;
  	
  ANALYSIS: TYPE = RANDOM COMPLEX;
  COVERAGE=.00;
  MODEL:
  	!first-level equation
  	! assign process (A) to time points
  ia sa | a_01 AT time_01 ;
  ia sa | a_02 AT time_02 ;
  ia sa | a_04 AT time_04 ;
  ia sa | a_05 AT time_05 ;
  	!variance of the first-level terms
  ia (v_ia);
  sa (v_sa);
  	!covariance among first-level terms
  ia WITH sa (c_iasa);
  	!second-level equation
  ia sa ON age_c80
  edu_c7
  female
  sbp_c167;
  	!residual covariance of process (A)
  a_01 (res_a);
  a_02 (res_a);
  a_04 (res_a);
  a_05 (res_a);	
  SAVEDATA:
  FILE is   u1_1245_aefb_prose_fscores.dat;
  SAVE = FSCORES;
  RESULTS are   u1_1245_aefb_prose_results.dat;
  	
  OUTPUT: sampstat cinterval;
  PLOT: Type is Plot1 Plot2 Plot3;



*** WARNING
  Data set contains cases with missing on x-variables.
  These cases were not included in the analysis.
  Number of cases with missing on x-variables:  92
*** WARNING
  Data set contains cases with missing on all variables except
  x-variables.  These cases were not included in the analysis.
  Number of cases with missing on all variables except x-variables:  40
   2 WARNING(S) FOUND IN THE INPUT INSTRUCTIONS




Script produced from the prototype in ./sandbox/syntax-creator/

SUMMARY OF ANALYSIS

Number of groups                                                 1
Number of observations                                         411

Number of dependent variables                                    4
Number of independent variables                                  4
Number of continuous latent variables                            2

Observed dependent variables

  Continuous
   A_01        A_02        A_04        A_05

Observed independent variables
   AGE_C80     EDU_C7      FEMALE      SBP_C167

Continuous latent variables
   IA          SA

Variables with special functions

  Cluster variable      PAIRID
  Weight variable       _WEIGHT

  Time scores
   TIME_01     TIME_02     TIME_04     TIME_05


Estimator                                                      MLR
Information matrix                                        OBSERVED
Maximum number of iterations                                   100
Convergence criterion                                    0.100D-05
Maximum number of EM iterations                                500
Convergence criteria for the EM algorithm
  Loglikelihood change                                   0.100D-02
  Relative loglikelihood change                          0.100D-05
  Derivative                                             0.100D-03
Minimum variance                                         0.100D-03
Maximum number of steepest descent iterations                   20
Maximum number of iterations for H1                           2000
Convergence criterion for H1                             0.100D-03
Optimization algorithm                                         EMA

Input data file(s)
  wide-dataset.dat
Input data format  FREE



SAMPLE STATISTICS


     ESTIMATED SAMPLE STATISTICS


           Means
              A_01          A_02          A_04          A_05          AGE_C80
              ________      ________      ________      ________      ________
 1              9.966        10.237         9.990         9.534         3.209


           Means
              EDU_C7        FEMALE        SBP_C167
              ________      ________      ________
 1              0.353         0.652        -6.367


           Covariances
              A_01          A_02          A_04          A_05          AGE_C80
              ________      ________      ________      ________      ________
 A_01          15.856
 A_02           9.608        13.027
 A_04           9.468         9.089        13.962
 A_05           7.701         6.640         8.824        13.370
 AGE_C80       -2.392        -2.039        -3.341         0.297         8.377
 EDU_C7         2.929         2.081         2.109         0.926        -0.422
 FEMALE         0.151         0.189         0.070         0.201         0.072
 SBP_C167       4.518         7.008        -5.437       -11.869        -4.689


           Covariances
              EDU_C7        FEMALE        SBP_C167
              ________      ________      ________
 EDU_C7         6.442
 FEMALE        -0.135         0.227
 SBP_C167       0.896         0.658       513.712


           Correlations
              A_01          A_02          A_04          A_05          AGE_C80
              ________      ________      ________      ________      ________
 A_01           1.000
 A_02           0.669         1.000
 A_04           0.636         0.674         1.000
 A_05           0.529         0.503         0.646         1.000
 AGE_C80       -0.208        -0.195        -0.309         0.028         1.000
 EDU_C7         0.290         0.227         0.222         0.100        -0.058
 FEMALE         0.080         0.110         0.039         0.116         0.053
 SBP_C167       0.050         0.086        -0.064        -0.143        -0.071


           Correlations
              EDU_C7        FEMALE        SBP_C167
              ________      ________      ________
 EDU_C7         1.000
 FEMALE        -0.112         1.000
 SBP_C167       0.016         0.061         1.000


     MAXIMUM LOG-LIKELIHOOD VALUE FOR THE UNRESTRICTED (H1) MODEL IS -9000.377


UNIVARIATE HIGHER-ORDER MOMENT DESCRIPTIVE STATISTICS


     UNIVARIATE HIGHER-ORDER MOMENT DESCRIPTIVE STATISTICS

         Variable/         Mean/     Skewness/   Minimum/ % with                Percentiles
        Sample Size      Variance    Kurtosis    Maximum  Min/Max      20%/60%    40%/80%    Median

     A_01                 10.069      -0.660       0.000    4.30%       5.000      9.000     10.000
             535.000      15.607      -0.288      16.000    3.74%      11.000     13.000
     A_02                 10.539      -0.885       0.000    5.69%       4.000      9.000     10.000
             422.000      12.262       0.294      16.000    2.61%      11.000     13.000
     A_04                 10.958      -0.900       0.000    9.95%       3.000      9.000     10.000
             191.000      11.551       0.282      16.000    3.14%      12.000     13.000
     A_05                 10.123      -1.011       0.000    7.58%       3.000      9.000     10.000
             132.000      12.259       0.378      16.000    0.76%      11.000     13.000
     AGE_C80               3.209       1.299      -0.630    0.18%       0.875      1.757      2.329
             570.000       8.377       1.863      17.918    0.18%       3.171      5.500
     EDU_C7                0.353       2.160      -7.000    0.18%      -1.000     -1.000     -1.000
             570.000       6.442       6.933      16.000    0.18%       0.000      1.000
     FEMALE                0.652      -0.639       0.000   34.21%       0.000      1.000      1.000
             570.000       0.227      -1.592       1.000   65.79%       1.000      1.000
     SBP_C167             -6.367       0.396     -57.000    1.40%     -27.000    -17.000     -7.000
             570.000     513.712       0.722      93.000    0.18%      -7.000     13.000


THE MODEL ESTIMATION TERMINATED NORMALLY



MODEL FIT INFORMATION

Number of Free Parameters                       14

Loglikelihood

          H0 Value                       -2380.872
          H0 Scaling Correction Factor      1.1404
            for MLR

Information Criteria

          Akaike (AIC)                    4789.743
          Bayesian (BIC)                  4846.003
          Sample-Size Adjusted BIC        4801.579
            (n* = (n + 2) / 24)



MODEL RESULTS

                                                    Two-Tailed
                    Estimate       S.E.  Est./S.E.    P-Value

 IA         ON
    AGE_C80           -0.274      0.068     -4.007      0.000
    EDU_C7             0.441      0.064      6.875      0.000
    FEMALE             1.064      0.435      2.446      0.014
    SBP_C167           0.009      0.008      1.115      0.265

 SA         ON
    AGE_C80            0.015      0.014      1.016      0.310
    EDU_C7            -0.034      0.015     -2.330      0.020
    FEMALE            -0.024      0.069     -0.349      0.727
    SBP_C167          -0.004      0.001     -2.521      0.012

 IA       WITH
    SA                -0.245      0.133     -1.836      0.066

 Intercepts
    A_01               0.000      0.000    999.000    999.000
    A_02               0.000      0.000    999.000    999.000
    A_04               0.000      0.000    999.000    999.000
    A_05               0.000      0.000    999.000    999.000
    IA                10.176      0.426     23.906      0.000
    SA                -0.074      0.059     -1.252      0.211

 Residual Variances
    A_01               4.638      0.438     10.584      0.000
    A_02               4.638      0.438     10.584      0.000
    A_04               4.638      0.438     10.584      0.000
    A_05               4.638      0.438     10.584      0.000
    IA                 8.681      0.931      9.328      0.000
    SA                 0.047      0.026      1.785      0.074


QUALITY OF NUMERICAL RESULTS

     Condition Number for the Information Matrix              0.513E-03
       (ratio of smallest to largest eigenvalue)


CONFIDENCE INTERVALS OF MODEL RESULTS

                  Lower .5%  Lower 2.5%    Lower 5%    Estimate    Upper 5%  Upper 2.5%   Upper .5%

 IA       ON
    AGE_C80         -0.450      -0.408      -0.386      -0.274      -0.161      -0.140      -0.098
    EDU_C7           0.276       0.316       0.336       0.441       0.547       0.567       0.607
    FEMALE          -0.056       0.212       0.349       1.064       1.780       1.917       2.185
    SBP_C167        -0.011      -0.007      -0.004       0.009       0.021       0.024       0.028

 SA       ON
    AGE_C80         -0.023      -0.014      -0.009       0.015       0.039       0.043       0.052
    EDU_C7          -0.072      -0.063      -0.058      -0.034      -0.010      -0.005       0.004
    FEMALE          -0.202      -0.160      -0.138      -0.024       0.090       0.111       0.154
    SBP_C167        -0.008      -0.007      -0.006      -0.004      -0.001      -0.001       0.000

 IA       WITH
    SA              -0.588      -0.506      -0.464      -0.245      -0.026       0.016       0.099

 Intercepts
    A_01             0.000       0.000       0.000       0.000       0.000       0.000       0.000
    A_02             0.000       0.000       0.000       0.000       0.000       0.000       0.000
    A_04             0.000       0.000       0.000       0.000       0.000       0.000       0.000
    A_05             0.000       0.000       0.000       0.000       0.000       0.000       0.000
    IA               9.079       9.341       9.476      10.176      10.876      11.010      11.272
    SA              -0.226      -0.190      -0.171      -0.074       0.023       0.042       0.078

 Residual Variances
    A_01             3.509       3.779       3.917       4.638       5.359       5.497       5.767
    A_02             3.509       3.779       3.917       4.638       5.359       5.497       5.767
    A_04             3.509       3.779       3.917       4.638       5.359       5.497       5.767
    A_05             3.509       3.779       3.917       4.638       5.359       5.497       5.767
    IA               6.284       6.857       7.150       8.681      10.212      10.505      11.079
    SA              -0.021      -0.005       0.004       0.047       0.090       0.098       0.114


SAMPLE STATISTICS FOR ESTIMATED FACTOR SCORES


     SAMPLE STATISTICS


           Means
              IA            IA_SE         SA            SA_SE
              ________      ________      ________      ________
 1              9.065         1.463        -0.019         0.200


           Covariances
              IA            IA_SE         SA            SA_SE
              ________      ________      ________      ________
 IA            11.529
 IA_SE         -0.159         0.040
 SA            -0.327         0.008         0.026
 SA_SE         -0.009         0.001         0.000         0.000


           Correlations
              IA            IA_SE         SA            SA_SE
              ________      ________      ________      ________
 IA             1.000
 IA_SE         -0.235         1.000
 SA            -0.595         0.248         1.000
 SA_SE         -0.258         0.676         0.288         1.000


RESULTS SAVING INFORMATION

  Order of data

    Parameter estimates
     (saved in order shown in Technical 1 output)
    Standard errors
     (saved in order shown in Technical 1 output)
    H0 Loglikelihood
    H0 Scaling Correction Factor for MLR
    Number of Free Parameters
    Akaike (AIC)
    Bayesian (BIC)
    Sample-Size Adjusted BIC

  Save file
    u1_1245_aefb_prose_results.dat

  Save file format           Free


PLOT INFORMATION

The following plots are available:

  Histograms (sample values, estimated factor scores)
  Scatterplots (sample values, estimated factor scores)
  Latent variable distribution plots

SAVEDATA INFORMATION


  Save file
    u1_1245_aefb_prose_fscores.dat

  Order and format of variables

    A_01           F10.3
    A_02           F10.3
    A_04           F10.3
    A_05           F10.3
    AGE_C80        F10.3
    EDU_C7         F10.3
    FEMALE         F10.3
    SBP_C167       F10.3
    TIME_01        F10.3
    TIME_02        F10.3
    TIME_04        F10.3
    TIME_05        F10.3
    _WEIGHT        F10.3
    IA             F10.3
    IA_SE          F10.3
    SA             F10.3
    SA_SE          F10.3
    PAIRID         I6

  Save file format
    17F10.3 I6

  Save file record length    10000


     Beginning Time:  11:48:10
        Ending Time:  11:48:11
       Elapsed Time:  00:00:01



MUTHEN & MUTHEN
3463 Stoner Ave.
Los Angeles, CA  90066

Tel: (310) 391-9971
Fax: (310) 391-8971
Web: www.StatModel.com
Support: Support@StatModel.com

Copyright (c) 1998-2014 Muthen & Muthen
