Mplus VERSION 7.3
MUTHEN & MUTHEN
12/17/2016   5:17 PM

INPUT INSTRUCTIONS

  TITLE:
  Script produced from the prototype in ./sandbox/syntax-creator/
  DATA:
  File = wide-dataset.dat ;
  VARIABLE:
  NAMES are
   Case PairID female age_c80 edu_c7 sbp_c167 smoke cardio diabetes dementia_ever
      years_since_bl_01 years_since_bl_02 years_since_bl_03 years_since_bl_04
      years_since_bl_05 pef_01 pef_02 pef_03 pef_04 pef_05 grip_01 grip_02 grip_03
      grip_04 grip_05 gait_01 gait_02 gait_03 gait_04 gait_05 block_01 block_02
      block_03 block_04 block_05 digitspanbackward_01 digitspanbackward_02
      digitspanbackward_03 digitspanbackward_04 digitspanbackward_05
      digitspanforward_01 digitspanforward_02 digitspanforward_03 digitspanforward_04
      digitspanforward_05 symbol_01 symbol_02 symbol_03 symbol_04 symbol_05 prose_01
      prose_02 prose_03 prose_04 prose_05 info_01 info_02 info_03 info_04 info_05
      synonyms_01 synonyms_02 synonyms_03 synonyms_04 synonyms_05 psif_01 psif_02
      psif_03 psif_04 psif_05 figure_01 figure_02 figure_03 figure_04 figure_05
      mirrecall_01 mirrecall_02 mirrecall_03 mirrecall_04 mirrecall_05 mmse_01 mmse_02
      mmse_03 mmse_04 mmse_05 mirnaming_01 mirnaming_02 mirnaming_03 mirnaming_04
      mirnaming_05 mirrecog_01 mirrecog_02 mirrecog_03 mirrecog_04 mirrecog_05
      clock_01 clock_02 clock_03 clock_04 clock_05
  	;
  Missing are all (-9999);
  USEVARIABLES are
  	!define the variables used in the analysis
  	! covariates used in the model
  age_c80
  edu_c7	
  	!estimated time points
  time_01
  time_03
  time_05
  	!modelled time points of process (A)
  a_01
  a_03
  a_05
  ;
  TSCORES are
  	!estimated time points
  time_01
  time_03
  time_05;
  CLUSTER = PairID;
  SUBPOPULATION are
  	!select a subset of observations
  dementia_ever NE 1
  ;
  DEFINE:
  	! assign variables to the process (A)
  a_01 = prose_01;
  a_03 = prose_03;
  a_05 = prose_05;
  	!assign variables to time points
  time_01 = years_since_bl_01;
  time_03 = years_since_bl_03;
  time_05 = years_since_bl_05;
  	
  ANALYSIS: TYPE = RANDOM COMPLEX;
  COVERAGE=.00;
  MODEL:
  	!first-level equation
  	! assign process (A) to time points
  ia sa | a_01 AT time_01 ;
  ia sa | a_03 AT time_03 ;
  ia sa | a_05 AT time_05 ;
  	!variance of the first-level terms
  ia (v_ia);
  sa (v_sa);
  	!covariance among first-level terms
  ia WITH sa (c_iasa);
  	!second-level equation
  ia sa ON age_c80
  edu_c7;
  	!residual covariance of process (A)
  a_01 (res_a);
  a_03 (res_a);
  a_05 (res_a);	
  SAVEDATA:
  FILE is   u1_135_ae_prose_fscores.dat;
  SAVE = FSCORES;
  RESULTS are   u1_135_ae_prose_results.dat;
  	
  OUTPUT: sampstat cinterval;
  PLOT: Type is Plot1 Plot2 Plot3;



*** WARNING
  Data set contains cases with missing on x-variables.
  These cases were not included in the analysis.
  Number of cases with missing on x-variables:  46
*** WARNING
  Data set contains cases with missing on all variables except
  x-variables.  These cases were not included in the analysis.
  Number of cases with missing on all variables except x-variables:  84
   2 WARNING(S) FOUND IN THE INPUT INSTRUCTIONS




Script produced from the prototype in ./sandbox/syntax-creator/

SUMMARY OF ANALYSIS

Number of groups                                                 1
Number of observations                                         414

Number of dependent variables                                    3
Number of independent variables                                  2
Number of continuous latent variables                            2

Observed dependent variables

  Continuous
   A_01        A_03        A_05

Observed independent variables
   AGE_C80     EDU_C7

Continuous latent variables
   IA          SA

Variables with special functions

  Cluster variable      PAIRID
  Weight variable       _WEIGHT

  Time scores
   TIME_01     TIME_03     TIME_05


Estimator                                                      MLR
Information matrix                                        OBSERVED
Maximum number of iterations                                   100
Convergence criterion                                    0.100D-05
Maximum number of EM iterations                                500
Convergence criteria for the EM algorithm
  Loglikelihood change                                   0.100D-02
  Relative loglikelihood change                          0.100D-05
  Derivative                                             0.100D-03
Minimum variance                                         0.100D-03
Maximum number of steepest descent iterations                   20
Maximum number of iterations for H1                           2000
Convergence criterion for H1                             0.100D-03
Optimization algorithm                                         EMA

Input data file(s)
  wide-dataset.dat
Input data format  FREE



SAMPLE STATISTICS


     ESTIMATED SAMPLE STATISTICS


           Means
              A_01          A_03          A_05          AGE_C80       EDU_C7
              ________      ________      ________      ________      ________
 1              9.971        10.041         9.510         3.119         0.418


           Covariances
              A_01          A_03          A_05          AGE_C80       EDU_C7
              ________      ________      ________      ________      ________
 A_01          15.963
 A_03           9.388        13.577
 A_05           7.271         8.668        13.583
 AGE_C80       -2.079        -0.762         1.520         8.062
 EDU_C7         3.057         2.809         0.899        -0.273         6.412


           Correlations
              A_01          A_03          A_05          AGE_C80       EDU_C7
              ________      ________      ________      ________      ________
 A_01           1.000
 A_03           0.638         1.000
 A_05           0.494         0.638         1.000
 AGE_C80       -0.183        -0.073         0.145         1.000
 EDU_C7         0.302         0.301         0.096        -0.038         1.000


     MAXIMUM LOG-LIKELIHOOD VALUE FOR THE UNRESTRICTED (H1) MODEL IS -5397.160


UNIVARIATE HIGHER-ORDER MOMENT DESCRIPTIVE STATISTICS


     UNIVARIATE HIGHER-ORDER MOMENT DESCRIPTIVE STATISTICS

         Variable/         Mean/     Skewness/   Minimum/ % with                Percentiles
        Sample Size      Variance    Kurtosis    Maximum  Min/Max      20%/60%    40%/80%    Median

     A_01                  9.998      -0.611       0.000    4.85%       5.000      8.000     10.000
             557.000      15.894      -0.399      16.000    3.77%      11.000     13.000
     A_03                 10.477      -0.675       0.000    6.60%       4.000      8.000     10.000
             303.000      12.970      -0.411      16.000    2.64%      11.000     13.000
     A_05                 10.123      -1.011       0.000    8.27%       3.000      9.000     10.000
             133.000      12.259       0.378      16.000    0.75%      11.000     13.000
     AGE_C80               3.119       1.369      -0.630    0.17%       0.854      1.694      2.274
             572.000       8.062       2.207      17.918    0.17%       3.073      5.310
     EDU_C7                0.418       2.234      -5.000    0.35%      -1.000     -1.000     -1.000
             572.000       6.412       6.757      16.000    0.17%       0.000      1.000


THE MODEL ESTIMATION TERMINATED NORMALLY



MODEL FIT INFORMATION

Number of Free Parameters                       10

Loglikelihood

          H0 Value                       -1917.524
          H0 Scaling Correction Factor      1.1722
            for MLR

Information Criteria

          Akaike (AIC)                    3855.048
          Bayesian (BIC)                  3895.306
          Sample-Size Adjusted BIC        3863.574
            (n* = (n + 2) / 24)



MODEL RESULTS

                                                    Two-Tailed
                    Estimate       S.E.  Est./S.E.    P-Value

 IA         ON
    AGE_C80           -0.250      0.071     -3.537      0.000
    EDU_C7             0.485      0.064      7.544      0.000

 SA         ON
    AGE_C80            0.050      0.016      3.151      0.002
    EDU_C7            -0.029      0.015     -1.895      0.058

 IA       WITH
    SA                -0.309      0.167     -1.845      0.065

 Intercepts
    A_01               0.000      0.000    999.000    999.000
    A_03               0.000      0.000    999.000    999.000
    A_05               0.000      0.000    999.000    999.000
    IA                10.597      0.303     34.959      0.000
    SA                -0.179      0.053     -3.358      0.001

 Residual Variances
    A_01               4.548      0.663      6.857      0.000
    A_03               4.548      0.663      6.857      0.000
    A_05               4.548      0.663      6.857      0.000
    IA                 9.400      1.205      7.800      0.000
    SA                 0.063      0.042      1.501      0.133


QUALITY OF NUMERICAL RESULTS

     Condition Number for the Information Matrix              0.902E-03
       (ratio of smallest to largest eigenvalue)


CONFIDENCE INTERVALS OF MODEL RESULTS

                  Lower .5%  Lower 2.5%    Lower 5%    Estimate    Upper 5%  Upper 2.5%   Upper .5%

 IA       ON
    AGE_C80         -0.433      -0.389      -0.367      -0.250      -0.134      -0.112      -0.068
    EDU_C7           0.319       0.359       0.379       0.485       0.591       0.611       0.651

 SA       ON
    AGE_C80          0.009       0.019       0.024       0.050       0.076       0.081       0.091
    EDU_C7          -0.068      -0.059      -0.054      -0.029      -0.004       0.001       0.010

 IA       WITH
    SA              -0.740      -0.637      -0.584      -0.309      -0.033       0.019       0.122

 Intercepts
    A_01             0.000       0.000       0.000       0.000       0.000       0.000       0.000
    A_03             0.000       0.000       0.000       0.000       0.000       0.000       0.000
    A_05             0.000       0.000       0.000       0.000       0.000       0.000       0.000
    IA               9.816      10.003      10.099      10.597      11.096      11.191      11.378
    SA              -0.316      -0.283      -0.266      -0.179      -0.091      -0.074      -0.042

 Residual Variances
    A_01             2.840       3.248       3.457       4.548       5.639       5.848       6.257
    A_03             2.840       3.248       3.457       4.548       5.639       5.848       6.257
    A_05             2.840       3.248       3.457       4.548       5.639       5.848       6.257
    IA               6.296       7.038       7.417       9.400      11.382      11.762      12.504
    SA              -0.045      -0.019      -0.006       0.063       0.132       0.145       0.171


SAMPLE STATISTICS FOR ESTIMATED FACTOR SCORES


     SAMPLE STATISTICS


           Means
              IA            IA_SE         SA            SA_SE
              ________      ________      ________      ________
 1              9.075         1.603        -0.023         0.229


           Covariances
              IA            IA_SE         SA            SA_SE
              ________      ________      ________      ________
 IA            11.014
 IA_SE         -0.127         0.027
 SA            -0.386         0.009         0.040
 SA_SE         -0.009         0.001         0.001         0.000


           Correlations
              IA            IA_SE         SA            SA_SE
              ________      ________      ________      ________
 IA             1.000
 IA_SE         -0.234         1.000
 SA            -0.585         0.285         1.000
 SA_SE         -0.224         0.727         0.249         1.000


RESULTS SAVING INFORMATION

  Order of data

    Parameter estimates
     (saved in order shown in Technical 1 output)
    Standard errors
     (saved in order shown in Technical 1 output)
    H0 Loglikelihood
    H0 Scaling Correction Factor for MLR
    Number of Free Parameters
    Akaike (AIC)
    Bayesian (BIC)
    Sample-Size Adjusted BIC

  Save file
    u1_135_ae_prose_results.dat

  Save file format           Free


PLOT INFORMATION

The following plots are available:

  Histograms (sample values, estimated factor scores)
  Scatterplots (sample values, estimated factor scores)
  Latent variable distribution plots

SAVEDATA INFORMATION


  Save file
    u1_135_ae_prose_fscores.dat

  Order and format of variables

    A_01           F10.3
    A_03           F10.3
    A_05           F10.3
    AGE_C80        F10.3
    EDU_C7         F10.3
    TIME_01        F10.3
    TIME_03        F10.3
    TIME_05        F10.3
    _WEIGHT        F10.3
    IA             F10.3
    IA_SE          F10.3
    SA             F10.3
    SA_SE          F10.3
    PAIRID         I6

  Save file format
    13F10.3 I6

  Save file record length    10000


     Beginning Time:  17:17:55
        Ending Time:  17:17:57
       Elapsed Time:  00:00:02



MUTHEN & MUTHEN
3463 Stoner Ave.
Los Angeles, CA  90066

Tel: (310) 391-9971
Fax: (310) 391-8971
Web: www.StatModel.com
Support: Support@StatModel.com

Copyright (c) 1998-2014 Muthen & Muthen
