Mplus VERSION 7.3
MUTHEN & MUTHEN
12/17/2016  11:48 AM

INPUT INSTRUCTIONS

  TITLE:
  Script produced from the prototype in ./sandbox/syntax-creator/
  DATA:
  File = wide-dataset.dat ;
  VARIABLE:
  NAMES are
   Case PairID female age_c80 edu_c7 sbp_c167 smoke cardio diabetes dementia_ever
      years_since_bl_01 years_since_bl_02 years_since_bl_03 years_since_bl_04
      years_since_bl_05 pef_01 pef_02 pef_03 pef_04 pef_05 grip_01 grip_02 grip_03
      grip_04 grip_05 gait_01 gait_02 gait_03 gait_04 gait_05 block_01 block_02
      block_03 block_04 block_05 digitspanbackward_01 digitspanbackward_02
      digitspanbackward_03 digitspanbackward_04 digitspanbackward_05
      digitspanforward_01 digitspanforward_02 digitspanforward_03 digitspanforward_04
      digitspanforward_05 symbol_01 symbol_02 symbol_03 symbol_04 symbol_05 prose_01
      prose_02 prose_03 prose_04 prose_05 info_01 info_02 info_03 info_04 info_05
      synonyms_01 synonyms_02 synonyms_03 synonyms_04 synonyms_05 psif_01 psif_02
      psif_03 psif_04 psif_05 figure_01 figure_02 figure_03 figure_04 figure_05
      mirrecall_01 mirrecall_02 mirrecall_03 mirrecall_04 mirrecall_05 mmse_01 mmse_02
      mmse_03 mmse_04 mmse_05 mirnaming_01 mirnaming_02 mirnaming_03 mirnaming_04
      mirnaming_05 mirrecog_01 mirrecog_02 mirrecog_03 mirrecog_04 mirrecog_05
      clock_01 clock_02 clock_03 clock_04 clock_05
  	;
  Missing are all (-9999);
  USEVARIABLES are
  	!define the variables used in the analysis
  	! covariates used in the model
  age_c80
  edu_c7	
  	!estimated time points
  time_01
  time_02
  time_03
  time_05
  	!modelled time points of process (A)
  a_01
  a_02
  a_03
  a_05
  ;
  TSCORES are
  	!estimated time points
  time_01
  time_02
  time_03
  time_05;
  CLUSTER = PairID;
  SUBPOPULATION are
  	!select a subset of observations
  dementia_ever NE 1
  ;
  DEFINE:
  	! assign variables to the process (A)
  a_01 = prose_01;
  a_02 = prose_02;
  a_03 = prose_03;
  a_05 = prose_05;
  	!assign variables to time points
  time_01 = years_since_bl_01;
  time_02 = years_since_bl_02;
  time_03 = years_since_bl_03;
  time_05 = years_since_bl_05;
  	
  ANALYSIS: TYPE = RANDOM COMPLEX;
  COVERAGE=.00;
  MODEL:
  	!first-level equation
  	! assign process (A) to time points
  ia sa | a_01 AT time_01 ;
  ia sa | a_02 AT time_02 ;
  ia sa | a_03 AT time_03 ;
  ia sa | a_05 AT time_05 ;
  	!variance of the first-level terms
  ia (v_ia);
  sa (v_sa);
  	!covariance among first-level terms
  ia WITH sa (c_iasa);
  	!second-level equation
  ia sa ON age_c80
  edu_c7;
  	!residual covariance of process (A)
  a_01 (res_a);
  a_02 (res_a);
  a_03 (res_a);
  a_05 (res_a);	
  SAVEDATA:
  FILE is   u1_1235_ae_prose_fscores.dat;
  SAVE = FSCORES;
  RESULTS are   u1_1235_ae_prose_results.dat;
  	
  OUTPUT: sampstat cinterval;
  PLOT: Type is Plot1 Plot2 Plot3;



*** WARNING
  Data set contains cases with missing on x-variables.
  These cases were not included in the analysis.
  Number of cases with missing on x-variables:  46
*** WARNING
  Data set contains cases with missing on all variables except
  x-variables.  These cases were not included in the analysis.
  Number of cases with missing on all variables except x-variables:  58
   2 WARNING(S) FOUND IN THE INPUT INSTRUCTIONS




Script produced from the prototype in ./sandbox/syntax-creator/

SUMMARY OF ANALYSIS

Number of groups                                                 1
Number of observations                                         427

Number of dependent variables                                    4
Number of independent variables                                  2
Number of continuous latent variables                            2

Observed dependent variables

  Continuous
   A_01        A_02        A_03        A_05

Observed independent variables
   AGE_C80     EDU_C7

Continuous latent variables
   IA          SA

Variables with special functions

  Cluster variable      PAIRID
  Weight variable       _WEIGHT

  Time scores
   TIME_01     TIME_02     TIME_03     TIME_05


Estimator                                                      MLR
Information matrix                                        OBSERVED
Maximum number of iterations                                   100
Convergence criterion                                    0.100D-05
Maximum number of EM iterations                                500
Convergence criteria for the EM algorithm
  Loglikelihood change                                   0.100D-02
  Relative loglikelihood change                          0.100D-05
  Derivative                                             0.100D-03
Minimum variance                                         0.100D-03
Maximum number of steepest descent iterations                   20
Maximum number of iterations for H1                           2000
Convergence criterion for H1                             0.100D-03
Optimization algorithm                                         EMA

Input data file(s)
  wide-dataset.dat
Input data format  FREE



SAMPLE STATISTICS


     ESTIMATED SAMPLE STATISTICS


           Means
              A_01          A_02          A_03          A_05          AGE_C80
              ________      ________      ________      ________      ________
 1              9.891        10.143         9.853         9.418         3.215


           Means
              EDU_C7
              ________
 1              0.363


           Covariances
              A_01          A_02          A_03          A_05          AGE_C80
              ________      ________      ________      ________      ________
 A_01          16.129
 A_02           9.770        13.370
 A_03           9.837         9.669        14.122
 A_05           7.527         6.731         9.041        13.882
 AGE_C80       -2.336        -1.804        -1.215         1.485         8.761
 EDU_C7         3.106         2.251         2.756         0.774        -0.518


           Covariances
              EDU_C7
              ________
 EDU_C7         6.456


           Correlations
              A_01          A_02          A_03          A_05          AGE_C80
              ________      ________      ________      ________      ________
 A_01           1.000
 A_02           0.665         1.000
 A_03           0.652         0.704         1.000
 A_05           0.503         0.494         0.646         1.000
 AGE_C80       -0.197        -0.167        -0.109         0.135         1.000
 EDU_C7         0.304         0.242         0.289         0.082        -0.069


           Correlations
              EDU_C7
              ________
 EDU_C7         1.000


     MAXIMUM LOG-LIKELIHOOD VALUE FOR THE UNRESTRICTED (H1) MODEL IS -6580.611


UNIVARIATE HIGHER-ORDER MOMENT DESCRIPTIVE STATISTICS


     UNIVARIATE HIGHER-ORDER MOMENT DESCRIPTIVE STATISTICS

         Variable/         Mean/     Skewness/   Minimum/ % with                Percentiles
        Sample Size      Variance    Kurtosis    Maximum  Min/Max      20%/60%    40%/80%    Median

     A_01                  9.998      -0.611       0.000    4.85%       5.000      8.000     10.000
             557.000      15.894      -0.399      16.000    3.77%      11.000     13.000
     A_02                 10.467      -0.855       0.000    6.38%       4.000      8.000     10.000
             439.000      12.785       0.212      16.000    2.73%      11.000     13.000
     A_03                 10.477      -0.675       0.000    6.60%       4.000      8.000     10.000
             303.000      12.970      -0.411      16.000    2.64%      11.000     13.000
     A_05                 10.123      -1.011       0.000    8.27%       3.000      9.000     10.000
             133.000      12.259       0.378      16.000    0.75%      11.000     13.000
     AGE_C80               3.215       1.439      -0.630    0.17%       0.874      1.757      2.337
             598.000       8.761       2.665      17.918    0.17%       3.194      5.679
     EDU_C7                0.363       2.130      -7.000    0.17%      -1.000     -1.000     -1.000
             598.000       6.456       6.714      16.000    0.17%       0.000      1.000


THE MODEL ESTIMATION TERMINATED NORMALLY



MODEL FIT INFORMATION

Number of Free Parameters                       10

Loglikelihood

          H0 Value                       -2634.833
          H0 Scaling Correction Factor      1.2032
            for MLR

Information Criteria

          Akaike (AIC)                    5289.665
          Bayesian (BIC)                  5330.233
          Sample-Size Adjusted BIC        5298.499
            (n* = (n + 2) / 24)



MODEL RESULTS

                                                    Two-Tailed
                    Estimate       S.E.  Est./S.E.    P-Value

 IA         ON
    AGE_C80           -0.258      0.067     -3.835      0.000
    EDU_C7             0.457      0.061      7.498      0.000

 SA         ON
    AGE_C80            0.047      0.015      3.090      0.002
    EDU_C7            -0.031      0.015     -2.014      0.044

 IA       WITH
    SA                -0.280      0.150     -1.863      0.062

 Intercepts
    A_01               0.000      0.000    999.000    999.000
    A_02               0.000      0.000    999.000    999.000
    A_03               0.000      0.000    999.000    999.000
    A_05               0.000      0.000    999.000    999.000
    IA                10.685      0.288     37.068      0.000
    SA                -0.186      0.051     -3.620      0.000

 Residual Variances
    A_01               4.522      0.404     11.192      0.000
    A_02               4.522      0.404     11.192      0.000
    A_03               4.522      0.404     11.192      0.000
    A_05               4.522      0.404     11.192      0.000
    IA                 9.324      0.958      9.735      0.000
    SA                 0.066      0.037      1.784      0.074


QUALITY OF NUMERICAL RESULTS

     Condition Number for the Information Matrix              0.150E-02
       (ratio of smallest to largest eigenvalue)


CONFIDENCE INTERVALS OF MODEL RESULTS

                  Lower .5%  Lower 2.5%    Lower 5%    Estimate    Upper 5%  Upper 2.5%   Upper .5%

 IA       ON
    AGE_C80         -0.432      -0.390      -0.369      -0.258      -0.148      -0.126      -0.085
    EDU_C7           0.300       0.337       0.356       0.457       0.557       0.576       0.614

 SA       ON
    AGE_C80          0.008       0.017       0.022       0.047       0.072       0.077       0.087
    EDU_C7          -0.070      -0.061      -0.056      -0.031      -0.006      -0.001       0.009

 IA       WITH
    SA              -0.666      -0.574      -0.527      -0.280      -0.033       0.015       0.107

 Intercepts
    A_01             0.000       0.000       0.000       0.000       0.000       0.000       0.000
    A_02             0.000       0.000       0.000       0.000       0.000       0.000       0.000
    A_03             0.000       0.000       0.000       0.000       0.000       0.000       0.000
    A_05             0.000       0.000       0.000       0.000       0.000       0.000       0.000
    IA               9.943      10.120      10.211      10.685      11.159      11.250      11.428
    SA              -0.319      -0.287      -0.271      -0.186      -0.102      -0.085      -0.054

 Residual Variances
    A_01             3.481       3.730       3.858       4.522       5.187       5.314       5.563
    A_02             3.481       3.730       3.858       4.522       5.187       5.314       5.563
    A_03             3.481       3.730       3.858       4.522       5.187       5.314       5.563
    A_05             3.481       3.730       3.858       4.522       5.187       5.314       5.563
    IA               6.857       7.447       7.749       9.324      10.900      11.201      11.791
    SA              -0.029      -0.007       0.005       0.066       0.127       0.139       0.161


SAMPLE STATISTICS FOR ESTIMATED FACTOR SCORES


     SAMPLE STATISTICS


           Means
              IA            IA_SE         SA            SA_SE
              ________      ________      ________      ________
 1              8.890         1.440        -0.037         0.236


           Covariances
              IA            IA_SE         SA            SA_SE
              ________      ________      ________      ________
 IA            12.369
 IA_SE         -0.198         0.045
 SA            -0.389         0.014         0.040
 SA_SE         -0.015         0.002         0.001         0.000


           Correlations
              IA            IA_SE         SA            SA_SE
              ________      ________      ________      ________
 IA             1.000
 IA_SE         -0.266         1.000
 SA            -0.556         0.326         1.000
 SA_SE         -0.284         0.595         0.291         1.000


RESULTS SAVING INFORMATION

  Order of data

    Parameter estimates
     (saved in order shown in Technical 1 output)
    Standard errors
     (saved in order shown in Technical 1 output)
    H0 Loglikelihood
    H0 Scaling Correction Factor for MLR
    Number of Free Parameters
    Akaike (AIC)
    Bayesian (BIC)
    Sample-Size Adjusted BIC

  Save file
    u1_1235_ae_prose_results.dat

  Save file format           Free


PLOT INFORMATION

The following plots are available:

  Histograms (sample values, estimated factor scores)
  Scatterplots (sample values, estimated factor scores)
  Latent variable distribution plots

SAVEDATA INFORMATION


  Save file
    u1_1235_ae_prose_fscores.dat

  Order and format of variables

    A_01           F10.3
    A_02           F10.3
    A_03           F10.3
    A_05           F10.3
    AGE_C80        F10.3
    EDU_C7         F10.3
    TIME_01        F10.3
    TIME_02        F10.3
    TIME_03        F10.3
    TIME_05        F10.3
    _WEIGHT        F10.3
    IA             F10.3
    IA_SE          F10.3
    SA             F10.3
    SA_SE          F10.3
    PAIRID         I6

  Save file format
    15F10.3 I6

  Save file record length    10000


     Beginning Time:  11:48:02
        Ending Time:  11:48:04
       Elapsed Time:  00:00:02



MUTHEN & MUTHEN
3463 Stoner Ave.
Los Angeles, CA  90066

Tel: (310) 391-9971
Fax: (310) 391-8971
Web: www.StatModel.com
Support: Support@StatModel.com

Copyright (c) 1998-2014 Muthen & Muthen
