Mplus VERSION 7.3
MUTHEN & MUTHEN
12/17/2016   5:17 PM

INPUT INSTRUCTIONS

  TITLE:
  Script produced from the prototype in ./sandbox/syntax-creator/
  DATA:
  File = wide-dataset.dat ;
  VARIABLE:
  NAMES are
   Case PairID female age_c80 edu_c7 sbp_c167 smoke cardio diabetes dementia_ever
      years_since_bl_01 years_since_bl_02 years_since_bl_03 years_since_bl_04
      years_since_bl_05 pef_01 pef_02 pef_03 pef_04 pef_05 grip_01 grip_02 grip_03
      grip_04 grip_05 gait_01 gait_02 gait_03 gait_04 gait_05 block_01 block_02
      block_03 block_04 block_05 digitspanbackward_01 digitspanbackward_02
      digitspanbackward_03 digitspanbackward_04 digitspanbackward_05
      digitspanforward_01 digitspanforward_02 digitspanforward_03 digitspanforward_04
      digitspanforward_05 symbol_01 symbol_02 symbol_03 symbol_04 symbol_05 prose_01
      prose_02 prose_03 prose_04 prose_05 info_01 info_02 info_03 info_04 info_05
      synonyms_01 synonyms_02 synonyms_03 synonyms_04 synonyms_05 psif_01 psif_02
      psif_03 psif_04 psif_05 figure_01 figure_02 figure_03 figure_04 figure_05
      mirrecall_01 mirrecall_02 mirrecall_03 mirrecall_04 mirrecall_05 mmse_01 mmse_02
      mmse_03 mmse_04 mmse_05 mirnaming_01 mirnaming_02 mirnaming_03 mirnaming_04
      mirnaming_05 mirrecog_01 mirrecog_02 mirrecog_03 mirrecog_04 mirrecog_05
      clock_01 clock_02 clock_03 clock_04 clock_05
  	;
  Missing are all (-9999);
  USEVARIABLES are
  	!define the variables used in the analysis
  	! covariates used in the model
  age_c80	
  	!estimated time points
  time_01
  time_03
  time_05
  	!modelled time points of process (A)
  a_01
  a_03
  a_05
  ;
  TSCORES are
  	!estimated time points
  time_01
  time_03
  time_05;
  CLUSTER = PairID;
  SUBPOPULATION are
  	!select a subset of observations
  dementia_ever NE 1
  ;
  DEFINE:
  	! assign variables to the process (A)
  a_01 = prose_01;
  a_03 = prose_03;
  a_05 = prose_05;
  	!assign variables to time points
  time_01 = years_since_bl_01;
  time_03 = years_since_bl_03;
  time_05 = years_since_bl_05;
  	
  ANALYSIS: TYPE = RANDOM COMPLEX;
  COVERAGE=.00;
  MODEL:
  	!first-level equation
  	! assign process (A) to time points
  ia sa | a_01 AT time_01 ;
  ia sa | a_03 AT time_03 ;
  ia sa | a_05 AT time_05 ;
  	!variance of the first-level terms
  ia (v_ia);
  sa (v_sa);
  	!covariance among first-level terms
  ia WITH sa (c_iasa);
  	!second-level equation
  ia sa ON age_c80;
  	!residual covariance of process (A)
  a_01 (res_a);
  a_03 (res_a);
  a_05 (res_a);	
  SAVEDATA:
  FILE is   u1_135_a_prose_fscores.dat;
  SAVE = FSCORES;
  RESULTS are   u1_135_a_prose_results.dat;
  	
  OUTPUT: sampstat cinterval;
  PLOT: Type is Plot1 Plot2 Plot3;



*** WARNING
  Data set contains cases with missing on all variables except
  x-variables.  These cases were not included in the analysis.
  Number of cases with missing on all variables except x-variables:  115
   1 WARNING(S) FOUND IN THE INPUT INSTRUCTIONS




Script produced from the prototype in ./sandbox/syntax-creator/

SUMMARY OF ANALYSIS

Number of groups                                                 1
Number of observations                                         416

Number of dependent variables                                    3
Number of independent variables                                  1
Number of continuous latent variables                            2

Observed dependent variables

  Continuous
   A_01        A_03        A_05

Observed independent variables
   AGE_C80

Continuous latent variables
   IA          SA

Variables with special functions

  Cluster variable      PAIRID
  Weight variable       _WEIGHT

  Time scores
   TIME_01     TIME_03     TIME_05


Estimator                                                      MLR
Information matrix                                        OBSERVED
Maximum number of iterations                                   100
Convergence criterion                                    0.100D-05
Maximum number of EM iterations                                500
Convergence criteria for the EM algorithm
  Loglikelihood change                                   0.100D-02
  Relative loglikelihood change                          0.100D-05
  Derivative                                             0.100D-03
Minimum variance                                         0.100D-03
Maximum number of steepest descent iterations                   20
Maximum number of iterations for H1                           2000
Convergence criterion for H1                             0.100D-03
Optimization algorithm                                         EMA

Input data file(s)
  wide-dataset.dat
Input data format  FREE



SAMPLE STATISTICS


     ESTIMATED SAMPLE STATISTICS


           Means
              A_01          A_03          A_05          AGE_C80
              ________      ________      ________      ________
 1              9.930         9.993         9.494         3.132


           Covariances
              A_01          A_03          A_05          AGE_C80
              ________      ________      ________      ________
 A_01          16.289
 A_03           9.826        14.102
 A_05           7.505         8.957        13.647
 AGE_C80       -2.201        -0.872         1.346         8.090


           Correlations
              A_01          A_03          A_05          AGE_C80
              ________      ________      ________      ________
 A_01           1.000
 A_03           0.648         1.000
 A_05           0.503         0.646         1.000
 AGE_C80       -0.192        -0.082         0.128         1.000


     MAXIMUM LOG-LIKELIHOOD VALUE FOR THE UNRESTRICTED (H1) MODEL IS -4196.489


UNIVARIATE HIGHER-ORDER MOMENT DESCRIPTIVE STATISTICS


     UNIVARIATE HIGHER-ORDER MOMENT DESCRIPTIVE STATISTICS

         Variable/         Mean/     Skewness/   Minimum/ % with                Percentiles
        Sample Size      Variance    Kurtosis    Maximum  Min/Max      20%/60%    40%/80%    Median

     A_01                  9.973      -0.617       0.000    6.49%       4.000      8.000     10.000
             570.000      16.100      -0.392      16.000    3.68%      11.000     13.000
     A_03                 10.430      -0.706       0.000    8.12%       4.000      8.000     10.000
             308.000      13.402      -0.323      16.000    2.60%      11.000     13.000
     A_05                 10.123      -1.011       0.000    8.27%       3.000      9.000     10.000
             133.000      12.259       0.378      16.000    0.75%      11.000     13.000
     AGE_C80               3.132       1.357      -0.630    0.17%       0.875      1.757      2.321
             587.000       8.090       2.149      17.918    0.17%       3.115      5.360


THE MODEL ESTIMATION TERMINATED NORMALLY



MODEL FIT INFORMATION

Number of Free Parameters                        8

Loglikelihood

          H0 Value                       -1949.739
          H0 Scaling Correction Factor      1.2600
            for MLR

Information Criteria

          Akaike (AIC)                    3915.477
          Bayesian (BIC)                  3947.723
          Sample-Size Adjusted BIC        3922.336
            (n* = (n + 2) / 24)



MODEL RESULTS

                                                    Two-Tailed
                    Estimate       S.E.  Est./S.E.    P-Value

 IA         ON
    AGE_C80           -0.281      0.080     -3.527      0.000

 SA         ON
    AGE_C80            0.051      0.016      3.154      0.002

 IA       WITH
    SA                -0.392      0.180     -2.174      0.030

 Intercepts
    A_01               0.000      0.000    999.000    999.000
    A_03               0.000      0.000    999.000    999.000
    A_05               0.000      0.000    999.000    999.000
    IA                10.856      0.329     32.961      0.000
    SA                -0.196      0.055     -3.565      0.000

 Residual Variances
    A_01               4.544      0.660      6.880      0.000
    A_03               4.544      0.660      6.880      0.000
    A_05               4.544      0.660      6.880      0.000
    IA                11.208      1.221      9.176      0.000
    SA                 0.068      0.044      1.528      0.126


QUALITY OF NUMERICAL RESULTS

     Condition Number for the Information Matrix              0.103E-02
       (ratio of smallest to largest eigenvalue)


CONFIDENCE INTERVALS OF MODEL RESULTS

                  Lower .5%  Lower 2.5%    Lower 5%    Estimate    Upper 5%  Upper 2.5%   Upper .5%

 IA       ON
    AGE_C80         -0.486      -0.437      -0.412      -0.281      -0.150      -0.125      -0.076

 SA       ON
    AGE_C80          0.009       0.019       0.025       0.051       0.078       0.083       0.093

 IA       WITH
    SA              -0.857      -0.746      -0.689      -0.392      -0.095      -0.039       0.073

 Intercepts
    A_01             0.000       0.000       0.000       0.000       0.000       0.000       0.000
    A_03             0.000       0.000       0.000       0.000       0.000       0.000       0.000
    A_05             0.000       0.000       0.000       0.000       0.000       0.000       0.000
    IA              10.008      10.210      10.314      10.856      11.398      11.501      11.704
    SA              -0.338      -0.304      -0.286      -0.196      -0.106      -0.088      -0.054

 Residual Variances
    A_01             2.843       3.249       3.457       4.544       5.630       5.838       6.245
    A_03             2.843       3.249       3.457       4.544       5.630       5.838       6.245
    A_05             2.843       3.249       3.457       4.544       5.630       5.838       6.245
    IA               8.062       8.814       9.199      11.208      13.217      13.602      14.354
    SA              -0.047      -0.019      -0.005       0.068       0.141       0.155       0.183


SAMPLE STATISTICS FOR ESTIMATED FACTOR SCORES


     SAMPLE STATISTICS


           Means
              IA            IA_SE         SA            SA_SE
              ________      ________      ________      ________
 1              8.894         1.648        -0.018         0.234


           Covariances
              IA            IA_SE         SA            SA_SE
              ________      ________      ________      ________
 IA            11.937
 IA_SE         -0.154         0.031
 SA            -0.413         0.010         0.040
 SA_SE         -0.011         0.002         0.001         0.000


           Correlations
              IA            IA_SE         SA            SA_SE
              ________      ________      ________      ________
 IA             1.000
 IA_SE         -0.255         1.000
 SA            -0.599         0.299         1.000
 SA_SE         -0.251         0.728         0.261         1.000


RESULTS SAVING INFORMATION

  Order of data

    Parameter estimates
     (saved in order shown in Technical 1 output)
    Standard errors
     (saved in order shown in Technical 1 output)
    H0 Loglikelihood
    H0 Scaling Correction Factor for MLR
    Number of Free Parameters
    Akaike (AIC)
    Bayesian (BIC)
    Sample-Size Adjusted BIC

  Save file
    u1_135_a_prose_results.dat

  Save file format           Free


PLOT INFORMATION

The following plots are available:

  Histograms (sample values, estimated factor scores)
  Scatterplots (sample values, estimated factor scores)
  Latent variable distribution plots

SAVEDATA INFORMATION


  Save file
    u1_135_a_prose_fscores.dat

  Order and format of variables

    A_01           F10.3
    A_03           F10.3
    A_05           F10.3
    AGE_C80        F10.3
    TIME_01        F10.3
    TIME_03        F10.3
    TIME_05        F10.3
    _WEIGHT        F10.3
    IA             F10.3
    IA_SE          F10.3
    SA             F10.3
    SA_SE          F10.3
    PAIRID         I6

  Save file format
    12F10.3 I6

  Save file record length    10000


     Beginning Time:  17:17:55
        Ending Time:  17:17:55
       Elapsed Time:  00:00:00



MUTHEN & MUTHEN
3463 Stoner Ave.
Los Angeles, CA  90066

Tel: (310) 391-9971
Fax: (310) 391-8971
Web: www.StatModel.com
Support: Support@StatModel.com

Copyright (c) 1998-2014 Muthen & Muthen
