Mplus VERSION 7.3
MUTHEN & MUTHEN
12/17/2016  12:08 PM

INPUT INSTRUCTIONS

  TITLE:
  Script produced from the prototype in ./sandbox/syntax-creator/
  DATA:
  File = wide-dataset.dat ;
  VARIABLE:
  NAMES are
   Case PairID female age_c80 edu_c7 sbp_c167 smoke cardio diabetes dementia_ever
      years_since_bl_01 years_since_bl_02 years_since_bl_03 years_since_bl_04
      years_since_bl_05 pef_01 pef_02 pef_03 pef_04 pef_05 grip_01 grip_02 grip_03
      grip_04 grip_05 gait_01 gait_02 gait_03 gait_04 gait_05 block_01 block_02
      block_03 block_04 block_05 digitspanbackward_01 digitspanbackward_02
      digitspanbackward_03 digitspanbackward_04 digitspanbackward_05
      digitspanforward_01 digitspanforward_02 digitspanforward_03 digitspanforward_04
      digitspanforward_05 symbol_01 symbol_02 symbol_03 symbol_04 symbol_05 prose_01
      prose_02 prose_03 prose_04 prose_05 info_01 info_02 info_03 info_04 info_05
      synonyms_01 synonyms_02 synonyms_03 synonyms_04 synonyms_05 psif_01 psif_02
      psif_03 psif_04 psif_05 figure_01 figure_02 figure_03 figure_04 figure_05
      mirrecall_01 mirrecall_02 mirrecall_03 mirrecall_04 mirrecall_05 mmse_01 mmse_02
      mmse_03 mmse_04 mmse_05 mirnaming_01 mirnaming_02 mirnaming_03 mirnaming_04
      mirnaming_05 mirrecog_01 mirrecog_02 mirrecog_03 mirrecog_04 mirrecog_05
      clock_01 clock_02 clock_03 clock_04 clock_05
  	;
  Missing are all (-9999);
  USEVARIABLES are
  	!define the variables used in the analysis
  	! covariates used in the model
  age_c80
  edu_c7
  female
  sbp_c167	
  	!estimated time points
  time_01
  time_03
  time_04
  time_05
  	!modelled time points of process (A)
  a_01
  a_03
  a_04
  a_05
  ;
  TSCORES are
  	!estimated time points
  time_01
  time_03
  time_04
  time_05;
  CLUSTER = PairID;
  SUBPOPULATION are
  	!select a subset of observations
  dementia_ever NE 1
  ;
  DEFINE:
  	! assign variables to the process (A)
  a_01 = prose_01;
  a_03 = prose_03;
  a_04 = prose_04;
  a_05 = prose_05;
  	!assign variables to time points
  time_01 = years_since_bl_01;
  time_03 = years_since_bl_03;
  time_04 = years_since_bl_04;
  time_05 = years_since_bl_05;
  	
  ANALYSIS: TYPE = RANDOM COMPLEX;
  COVERAGE=.00;
  MODEL:
  	!first-level equation
  	! assign process (A) to time points
  ia sa qa | a_01 AT time_01 ;
  ia sa qa | a_03 AT time_03 ;
  ia sa qa | a_04 AT time_04 ;
  ia sa qa | a_05 AT time_05 ;
  	!variance of the first-level terms
  ia (v_ia);
  sa (v_sa);
  qa (v_qa);
  	!covariance among first-level terms
  ia WITH sa (c_iasa);
  ia WITH qa (c_iaqa);
  sa WITH qa (c_saqa);
  	!second-level equation
  ia sa qa ON age_c80
  edu_c7
  female
  sbp_c167;
  	!residual covariance of process (A)
  a_01 (res_a);
  a_03 (res_a);
  a_04 (res_a);
  a_05 (res_a);	
  SAVEDATA:
  FILE is   u2_1345_aefb_prose_fscores.dat;
  SAVE = FSCORES;
  RESULTS are   u2_1345_aefb_prose_results.dat;
  	
  OUTPUT: sampstat cinterval;
  PLOT: Type is Plot1 Plot2 Plot3;



*** WARNING
  Data set contains cases with missing on x-variables.
  These cases were not included in the analysis.
  Number of cases with missing on x-variables:  92
*** WARNING
  Data set contains cases with missing on all variables except
  x-variables.  These cases were not included in the analysis.
  Number of cases with missing on all variables except x-variables:  59
   2 WARNING(S) FOUND IN THE INPUT INSTRUCTIONS




Script produced from the prototype in ./sandbox/syntax-creator/

SUMMARY OF ANALYSIS

Number of groups                                                 1
Number of observations                                         401

Number of dependent variables                                    4
Number of independent variables                                  4
Number of continuous latent variables                            3

Observed dependent variables

  Continuous
   A_01        A_03        A_04        A_05

Observed independent variables
   AGE_C80     EDU_C7      FEMALE      SBP_C167

Continuous latent variables
   IA          SA          QA

Variables with special functions

  Cluster variable      PAIRID
  Weight variable       _WEIGHT

  Time scores
   TIME_01     TIME_03     TIME_04     TIME_05


Estimator                                                      MLR
Information matrix                                        OBSERVED
Maximum number of iterations                                   100
Convergence criterion                                    0.100D-05
Maximum number of EM iterations                                500
Convergence criteria for the EM algorithm
  Loglikelihood change                                   0.100D-02
  Relative loglikelihood change                          0.100D-05
  Derivative                                             0.100D-03
Minimum variance                                         0.100D-03
Maximum number of steepest descent iterations                   20
Maximum number of iterations for H1                           2000
Convergence criterion for H1                             0.100D-03
Optimization algorithm                                         EMA

Input data file(s)
  wide-dataset.dat
Input data format  FREE



SAMPLE STATISTICS


     ESTIMATED SAMPLE STATISTICS


           Means
              A_01          A_03          A_04          A_05          AGE_C80
              ________      ________      ________      ________      ________
 1             10.037        10.059        10.084         9.506         3.154


           Means
              EDU_C7        FEMALE        SBP_C167
              ________      ________      ________
 1              0.404         0.648        -6.314


           Covariances
              A_01          A_03          A_04          A_05          AGE_C80
              ________      ________      ________      ________      ________
 A_01          15.714
 A_03           9.677        13.483
 A_04           9.098         9.500        13.227
 A_05           7.459         8.823         8.536        13.709
 AGE_C80       -2.227        -1.200        -2.790         1.077         8.139
 EDU_C7         2.866         2.888         2.097         0.970        -0.283
 FEMALE         0.171         0.336         0.075         0.191         0.081
 SBP_C167       4.229         3.322        -4.070       -11.601        -5.267


           Covariances
              EDU_C7        FEMALE        SBP_C167
              ________      ________      ________
 EDU_C7         6.380
 FEMALE        -0.140         0.228
 SBP_C167       0.995         0.665       518.669


           Correlations
              A_01          A_03          A_04          A_05          AGE_C80
              ________      ________      ________      ________      ________
 A_01           1.000
 A_03           0.665         1.000
 A_04           0.631         0.711         1.000
 A_05           0.508         0.649         0.634         1.000
 AGE_C80       -0.197        -0.115        -0.269         0.102         1.000
 EDU_C7         0.286         0.311         0.228         0.104        -0.039
 FEMALE         0.090         0.191         0.043         0.108         0.060
 SBP_C167       0.047         0.040        -0.049        -0.138        -0.081


           Correlations
              EDU_C7        FEMALE        SBP_C167
              ________      ________      ________
 EDU_C7         1.000
 FEMALE        -0.116         1.000
 SBP_C167       0.017         0.061         1.000


     MAXIMUM LOG-LIKELIHOOD VALUE FOR THE UNRESTRICTED (H1) MODEL IS -8499.677


UNIVARIATE HIGHER-ORDER MOMENT DESCRIPTIVE STATISTICS


     UNIVARIATE HIGHER-ORDER MOMENT DESCRIPTIVE STATISTICS

         Variable/         Mean/     Skewness/   Minimum/ % with                Percentiles
        Sample Size      Variance    Kurtosis    Maximum  Min/Max      20%/60%    40%/80%    Median

     A_01                 10.069      -0.660       0.000    4.30%       5.000      9.000     10.000
             535.000      15.607      -0.288      16.000    3.74%      11.000     13.000
     A_03                 10.573      -0.668       0.000    6.06%       5.000      8.000     10.000
             297.000      12.382      -0.401      16.000    2.69%      11.000     13.000
     A_04                 10.958      -0.900       0.000    9.95%       3.000      9.000     10.000
             191.000      11.551       0.282      16.000    3.14%      12.000     13.000
     A_05                 10.123      -1.011       0.000    7.58%       3.000      9.000     10.000
             132.000      12.259       0.378      16.000    0.76%      11.000     13.000
     AGE_C80               3.154       1.360      -0.630    0.18%       0.874      1.700      2.285
             551.000       8.139       2.182      17.918    0.18%       3.098      5.310
     EDU_C7                0.404       2.261      -5.000    0.36%      -1.000     -1.000     -1.000
             551.000       6.380       6.990      16.000    0.18%       0.000      1.000
     FEMALE                0.648      -0.622       0.000   34.12%       0.000      1.000      1.000
             551.000       0.228      -1.614       1.000   65.88%       1.000      1.000
     SBP_C167             -6.314       0.398     -57.000    1.45%     -27.000    -17.000     -7.000
             551.000     518.669       0.723      93.000    0.18%      -7.000     13.000


THE MODEL ESTIMATION TERMINATED NORMALLY



MODEL FIT INFORMATION

Number of Free Parameters                       22

Loglikelihood

          H0 Value                       -2176.702
          H0 Scaling Correction Factor      1.0404
            for MLR

Information Criteria

          Akaike (AIC)                    4397.404
          Bayesian (BIC)                  4485.271
          Sample-Size Adjusted BIC        4415.463
            (n* = (n + 2) / 24)



MODEL RESULTS

                                                    Two-Tailed
                    Estimate       S.E.  Est./S.E.    P-Value

 IA         ON
    AGE_C80           -0.260      0.070     -3.694      0.000
    EDU_C7             0.463      0.069      6.733      0.000
    FEMALE             1.138      0.462      2.465      0.014
    SBP_C167           0.003      0.008      0.431      0.666

 SA         ON
    AGE_C80           -0.021      0.042     -0.510      0.610
    EDU_C7             0.041      0.028      1.489      0.137
    FEMALE             0.299      0.191      1.569      0.117
    SBP_C167           0.002      0.003      0.522      0.602

 QA         ON
    AGE_C80            0.007      0.005      1.223      0.221
    EDU_C7            -0.010      0.004     -2.381      0.017
    FEMALE            -0.044      0.026     -1.703      0.088
    SBP_C167          -0.001      0.000     -1.541      0.123

 IA       WITH
    SA                -0.681      0.381     -1.784      0.074
    QA                 0.046      0.048      0.966      0.334

 SA       WITH
    QA                -0.012      0.029     -0.402      0.688

 Intercepts
    A_01               0.000      0.000    999.000    999.000
    A_03               0.000      0.000    999.000    999.000
    A_04               0.000      0.000    999.000    999.000
    A_05               0.000      0.000    999.000    999.000
    IA                 9.944      0.448     22.192      0.000
    SA                -0.023      0.169     -0.137      0.891
    QA                -0.013      0.024     -0.552      0.581

 Residual Variances
    A_01               3.833      0.476      8.057      0.000
    A_03               3.833      0.476      8.057      0.000
    A_04               3.833      0.476      8.057      0.000
    A_05               3.833      0.476      8.057      0.000
    IA                 9.721      1.150      8.450      0.000
    SA                 0.201      0.244      0.824      0.410
    QA                 0.001      0.004      0.234      0.815


QUALITY OF NUMERICAL RESULTS

     Condition Number for the Information Matrix              0.512E-05
       (ratio of smallest to largest eigenvalue)


CONFIDENCE INTERVALS OF MODEL RESULTS

                  Lower .5%  Lower 2.5%    Lower 5%    Estimate    Upper 5%  Upper 2.5%   Upper .5%

 IA       ON
    AGE_C80         -0.441      -0.398      -0.376      -0.260      -0.144      -0.122      -0.079
    EDU_C7           0.286       0.328       0.350       0.463       0.576       0.597       0.640
    FEMALE          -0.051       0.233       0.379       1.138       1.897       2.043       2.327
    SBP_C167        -0.017      -0.012      -0.010       0.003       0.017       0.019       0.024

 SA       ON
    AGE_C80         -0.129      -0.103      -0.090      -0.021       0.047       0.061       0.086
    EDU_C7          -0.030      -0.013      -0.004       0.041       0.086       0.095       0.112
    FEMALE          -0.192      -0.075      -0.015       0.299       0.613       0.673       0.790
    SBP_C167        -0.006      -0.004      -0.003       0.002       0.006       0.007       0.009

 QA       ON
    AGE_C80         -0.007      -0.004      -0.002       0.007       0.016       0.017       0.021
    EDU_C7          -0.020      -0.018      -0.017      -0.010      -0.003      -0.002       0.001
    FEMALE          -0.110      -0.094      -0.086      -0.044      -0.002       0.007       0.022
    SBP_C167        -0.002      -0.001      -0.001      -0.001       0.000       0.000       0.000

 IA       WITH
    SA              -1.663      -1.428      -1.308      -0.681      -0.053       0.067       0.302
    QA              -0.077      -0.047      -0.032       0.046       0.124       0.139       0.168

 SA       WITH
    QA              -0.087      -0.069      -0.060      -0.012       0.037       0.046       0.064

 Intercepts
    A_01             0.000       0.000       0.000       0.000       0.000       0.000       0.000
    A_03             0.000       0.000       0.000       0.000       0.000       0.000       0.000
    A_04             0.000       0.000       0.000       0.000       0.000       0.000       0.000
    A_05             0.000       0.000       0.000       0.000       0.000       0.000       0.000
    IA               8.789       9.065       9.207       9.944      10.681      10.822      11.098
    SA              -0.460      -0.355      -0.302      -0.023       0.256       0.309       0.413
    QA              -0.074      -0.059      -0.052      -0.013       0.026       0.033       0.048

 Residual Variances
    A_01             2.607       2.900       3.050       3.833       4.615       4.765       5.058
    A_03             2.607       2.900       3.050       3.833       4.615       4.765       5.058
    A_04             2.607       2.900       3.050       3.833       4.615       4.765       5.058
    A_05             2.607       2.900       3.050       3.833       4.615       4.765       5.058
    IA               6.758       7.466       7.829       9.721      11.613      11.976      12.684
    SA              -0.428      -0.278      -0.201       0.201       0.604       0.681       0.831
    QA              -0.009      -0.006      -0.005       0.001       0.007       0.008       0.010


SAMPLE STATISTICS FOR ESTIMATED FACTOR SCORES


     SAMPLE STATISTICS


           Means
              IA            IA_SE         SA            SA_SE         QA
              ________      ________      ________      ________      ________
 1              9.075         1.536         0.097         0.390        -0.020


           Means
              QA_SE
              ________
 1              0.026


           Covariances
              IA            IA_SE         SA            SA_SE         QA
              ________      ________      ________      ________      ________
 IA            11.606
 IA_SE         -0.130         0.025
 SA            -0.201         0.003         0.103
 SA_SE         -0.019         0.003         0.000         0.001
 QA            -0.016         0.001        -0.010         0.000         0.002
 QA_SE         -0.001         0.000         0.000         0.000         0.000


           Covariances
              QA_SE
              ________
 QA_SE          0.000


           Correlations
              IA            IA_SE         SA            SA_SE         QA
              ________      ________      ________      ________      ________
 IA             1.000
 IA_SE         -0.239         1.000
 SA            -0.184         0.059         1.000
 SA_SE         -0.244         0.918         0.038         1.000
 QA            -0.118         0.101        -0.782         0.129         1.000
 QA_SE         -0.246         0.957         0.034         0.897         0.082


           Correlations
              QA_SE
              ________
 QA_SE          1.000


RESULTS SAVING INFORMATION

  Order of data

    Parameter estimates
     (saved in order shown in Technical 1 output)
    Standard errors
     (saved in order shown in Technical 1 output)
    H0 Loglikelihood
    H0 Scaling Correction Factor for MLR
    Number of Free Parameters
    Akaike (AIC)
    Bayesian (BIC)
    Sample-Size Adjusted BIC

  Save file
    u2_1345_aefb_prose_results.dat

  Save file format           Free


PLOT INFORMATION

The following plots are available:

  Histograms (sample values, estimated factor scores)
  Scatterplots (sample values, estimated factor scores)
  Latent variable distribution plots

SAVEDATA INFORMATION


  Save file
    u2_1345_aefb_prose_fscores.dat

  Order and format of variables

    A_01           F10.3
    A_03           F10.3
    A_04           F10.3
    A_05           F10.3
    AGE_C80        F10.3
    EDU_C7         F10.3
    FEMALE         F10.3
    SBP_C167       F10.3
    TIME_01        F10.3
    TIME_03        F10.3
    TIME_04        F10.3
    TIME_05        F10.3
    _WEIGHT        F10.3
    IA             F10.3
    IA_SE          F10.3
    SA             F10.3
    SA_SE          F10.3
    QA             F10.3
    QA_SE          F10.3
    PAIRID         I6

  Save file format
    19F10.3 I6

  Save file record length    10000


     Beginning Time:  12:08:06
        Ending Time:  12:08:07
       Elapsed Time:  00:00:01



MUTHEN & MUTHEN
3463 Stoner Ave.
Los Angeles, CA  90066

Tel: (310) 391-9971
Fax: (310) 391-8971
Web: www.StatModel.com
Support: Support@StatModel.com

Copyright (c) 1998-2014 Muthen & Muthen
