Mplus VERSION 7.3
MUTHEN & MUTHEN
12/17/2016  12:07 PM

INPUT INSTRUCTIONS

  TITLE:
  Script produced from the prototype in ./sandbox/syntax-creator/
  DATA:
  File = wide-dataset.dat ;
  VARIABLE:
  NAMES are
   Case PairID female age_c80 edu_c7 sbp_c167 smoke cardio diabetes dementia_ever
      years_since_bl_01 years_since_bl_02 years_since_bl_03 years_since_bl_04
      years_since_bl_05 pef_01 pef_02 pef_03 pef_04 pef_05 grip_01 grip_02 grip_03
      grip_04 grip_05 gait_01 gait_02 gait_03 gait_04 gait_05 block_01 block_02
      block_03 block_04 block_05 digitspanbackward_01 digitspanbackward_02
      digitspanbackward_03 digitspanbackward_04 digitspanbackward_05
      digitspanforward_01 digitspanforward_02 digitspanforward_03 digitspanforward_04
      digitspanforward_05 symbol_01 symbol_02 symbol_03 symbol_04 symbol_05 prose_01
      prose_02 prose_03 prose_04 prose_05 info_01 info_02 info_03 info_04 info_05
      synonyms_01 synonyms_02 synonyms_03 synonyms_04 synonyms_05 psif_01 psif_02
      psif_03 psif_04 psif_05 figure_01 figure_02 figure_03 figure_04 figure_05
      mirrecall_01 mirrecall_02 mirrecall_03 mirrecall_04 mirrecall_05 mmse_01 mmse_02
      mmse_03 mmse_04 mmse_05 mirnaming_01 mirnaming_02 mirnaming_03 mirnaming_04
      mirnaming_05 mirrecog_01 mirrecog_02 mirrecog_03 mirrecog_04 mirrecog_05
      clock_01 clock_02 clock_03 clock_04 clock_05
  	;
  Missing are all (-9999);
  USEVARIABLES are
  	!define the variables used in the analysis
  	! covariates used in the model
  age_c80
  edu_c7	
  	!estimated time points
  time_01
  time_02
  time_03
  time_04
  time_05
  	!modelled time points of process (A)
  a_01
  a_02
  a_03
  a_04
  a_05
  ;
  TSCORES are
  	!estimated time points
  time_01
  time_02
  time_03
  time_04
  time_05;
  CLUSTER = PairID;
  SUBPOPULATION are
  	!select a subset of observations
  dementia_ever NE 1
  ;
  DEFINE:
  	! assign variables to the process (A)
  a_01 = prose_01;
  a_02 = prose_02;
  a_03 = prose_03;
  a_04 = prose_04;
  a_05 = prose_05;
  	!assign variables to time points
  time_01 = years_since_bl_01;
  time_02 = years_since_bl_02;
  time_03 = years_since_bl_03;
  time_04 = years_since_bl_04;
  time_05 = years_since_bl_05;
  	
  ANALYSIS: TYPE = RANDOM COMPLEX;
  COVERAGE=.00;
  MODEL:
  	!first-level equation
  	! assign process (A) to time points
  ia sa qa | a_01 AT time_01 ;
  ia sa qa | a_02 AT time_02 ;
  ia sa qa | a_03 AT time_03 ;
  ia sa qa | a_04 AT time_04 ;
  ia sa qa | a_05 AT time_05 ;
  	!variance of the first-level terms
  ia (v_ia);
  sa (v_sa);
  qa (v_qa);
  	!covariance among first-level terms
  ia WITH sa (c_iasa);
  ia WITH qa (c_iaqa);
  sa WITH qa (c_saqa);
  	!second-level equation
  ia sa qa ON age_c80
  edu_c7;
  	!residual covariance of process (A)
  a_01 (res_a);
  a_02 (res_a);
  a_03 (res_a);
  a_04 (res_a);
  a_05 (res_a);	
  SAVEDATA:
  FILE is   u2_12345_ae_prose_fscores.dat;
  SAVE = FSCORES;
  RESULTS are   u2_12345_ae_prose_results.dat;
  	
  OUTPUT: sampstat cinterval;
  PLOT: Type is Plot1 Plot2 Plot3;



*** WARNING
  Data set contains cases with missing on x-variables.
  These cases were not included in the analysis.
  Number of cases with missing on x-variables:  46
*** WARNING
  Data set contains cases with missing on all variables except
  x-variables.  These cases were not included in the analysis.
  Number of cases with missing on all variables except x-variables:  57
   2 WARNING(S) FOUND IN THE INPUT INSTRUCTIONS




Script produced from the prototype in ./sandbox/syntax-creator/

SUMMARY OF ANALYSIS

Number of groups                                                 1
Number of observations                                         427

Number of dependent variables                                    5
Number of independent variables                                  2
Number of continuous latent variables                            3

Observed dependent variables

  Continuous
   A_01        A_02        A_03        A_04        A_05

Observed independent variables
   AGE_C80     EDU_C7

Continuous latent variables
   IA          SA          QA

Variables with special functions

  Cluster variable      PAIRID
  Weight variable       _WEIGHT

  Time scores
   TIME_01     TIME_02     TIME_03     TIME_04     TIME_05


Estimator                                                      MLR
Information matrix                                        OBSERVED
Maximum number of iterations                                   100
Convergence criterion                                    0.100D-05
Maximum number of EM iterations                                500
Convergence criteria for the EM algorithm
  Loglikelihood change                                   0.100D-02
  Relative loglikelihood change                          0.100D-05
  Derivative                                             0.100D-03
Minimum variance                                         0.100D-03
Maximum number of steepest descent iterations                   20
Maximum number of iterations for H1                           2000
Convergence criterion for H1                             0.100D-03
Optimization algorithm                                         EMA

Input data file(s)
  wide-dataset.dat
Input data format  FREE



SAMPLE STATISTICS


     ESTIMATED SAMPLE STATISTICS


           Means
              A_01          A_02          A_03          A_04          A_05
              ________      ________      ________      ________      ________
 1              9.889        10.135         9.859         9.761         9.302


           Means
              AGE_C80       EDU_C7
              ________      ________
 1              3.215         0.363


           Covariances
              A_01          A_02          A_03          A_04          A_05
              ________      ________      ________      ________      ________
 A_01          16.142
 A_02           9.860        13.451
 A_03           9.799         9.628        14.023
 A_04           9.894         9.449        10.276        14.401
 A_05           7.677         6.672         9.300         9.135        13.948
 AGE_C80       -2.335        -1.808        -1.151        -3.265         0.982
 EDU_C7         3.099         2.256         2.760         2.301         1.018


           Covariances
              AGE_C80       EDU_C7
              ________      ________
 AGE_C80        8.761
 EDU_C7        -0.518         6.456


           Correlations
              A_01          A_02          A_03          A_04          A_05
              ________      ________      ________      ________      ________
 A_01           1.000
 A_02           0.669         1.000
 A_03           0.651         0.701         1.000
 A_04           0.649         0.679         0.723         1.000
 A_05           0.512         0.487         0.665         0.645         1.000
 AGE_C80       -0.196        -0.167        -0.104        -0.291         0.089
 EDU_C7         0.304         0.242         0.290         0.239         0.107


           Correlations
              AGE_C80       EDU_C7
              ________      ________
 AGE_C80        1.000
 EDU_C7        -0.069         1.000


     MAXIMUM LOG-LIKELIHOOD VALUE FOR THE UNRESTRICTED (H1) MODEL IS -7043.333


UNIVARIATE HIGHER-ORDER MOMENT DESCRIPTIVE STATISTICS


     UNIVARIATE HIGHER-ORDER MOMENT DESCRIPTIVE STATISTICS

         Variable/         Mean/     Skewness/   Minimum/ % with                Percentiles
        Sample Size      Variance    Kurtosis    Maximum  Min/Max      20%/60%    40%/80%    Median

     A_01                  9.998      -0.611       0.000    4.85%       5.000      8.000     10.000
             557.000      15.894      -0.399      16.000    3.77%      11.000     13.000
     A_02                 10.467      -0.855       0.000    6.38%       4.000      8.000     10.000
             439.000      12.785       0.212      16.000    2.73%      11.000     13.000
     A_03                 10.477      -0.675       0.000    6.60%       4.000      8.000     10.000
             303.000      12.970      -0.411      16.000    2.64%      11.000     13.000
     A_04                 10.911      -0.866       0.000   10.26%       3.000      9.000     10.000
             195.000      11.547       0.202      16.000    3.08%      12.000     13.000
     A_05                 10.123      -1.011       0.000    8.27%       3.000      9.000     10.000
             133.000      12.259       0.378      16.000    0.75%      11.000     13.000
     AGE_C80               3.215       1.439      -0.630    0.17%       0.874      1.765      2.342
             599.000       8.761       2.665      17.918    0.17%       3.194      5.679
     EDU_C7                0.363       2.130      -7.000    0.17%      -1.000     -1.000     -1.000
             599.000       6.456       6.714      16.000    0.17%       0.000      1.000


THE MODEL ESTIMATION TERMINATED NORMALLY



MODEL FIT INFORMATION

Number of Free Parameters                       16

Loglikelihood

          H0 Value                       -2962.082
          H0 Scaling Correction Factor      1.1425
            for MLR

Information Criteria

          Akaike (AIC)                    5956.164
          Bayesian (BIC)                  6021.072
          Sample-Size Adjusted BIC        5970.298
            (n* = (n + 2) / 24)



MODEL RESULTS

                                                    Two-Tailed
                    Estimate       S.E.  Est./S.E.    P-Value

 IA         ON
    AGE_C80           -0.226      0.071     -3.199      0.001
    EDU_C7             0.441      0.063      7.023      0.000

 SA         ON
    AGE_C80            0.006      0.038      0.167      0.868
    EDU_C7            -0.011      0.027     -0.416      0.677

 QA         ON
    AGE_C80            0.002      0.005      0.397      0.691
    EDU_C7            -0.002      0.004     -0.605      0.545

 IA       WITH
    SA                -0.663      0.353     -1.876      0.061
    QA                 0.049      0.046      1.074      0.283

 SA       WITH
    QA                -0.033      0.032     -1.028      0.304

 Intercepts
    A_01               0.000      0.000    999.000    999.000
    A_02               0.000      0.000    999.000    999.000
    A_03               0.000      0.000    999.000    999.000
    A_04               0.000      0.000    999.000    999.000
    A_05               0.000      0.000    999.000    999.000
    IA                10.464      0.302     34.679      0.000
    SA                 0.127      0.131      0.972      0.331
    QA                -0.033      0.018     -1.909      0.056

 Residual Variances
    A_01               4.051      0.341     11.895      0.000
    A_02               4.051      0.341     11.895      0.000
    A_03               4.051      0.341     11.895      0.000
    A_04               4.051      0.341     11.895      0.000
    A_05               4.051      0.341     11.895      0.000
    IA                 9.911      0.973     10.181      0.000
    SA                 0.346      0.249      1.388      0.165
    QA                 0.004      0.004      0.927      0.354


QUALITY OF NUMERICAL RESULTS

     Condition Number for the Information Matrix              0.306E-05
       (ratio of smallest to largest eigenvalue)


CONFIDENCE INTERVALS OF MODEL RESULTS

                  Lower .5%  Lower 2.5%    Lower 5%    Estimate    Upper 5%  Upper 2.5%   Upper .5%

 IA       ON
    AGE_C80         -0.408      -0.364      -0.342      -0.226      -0.110      -0.087      -0.044
    EDU_C7           0.280       0.318       0.338       0.441       0.545       0.565       0.603

 SA       ON
    AGE_C80         -0.091      -0.068      -0.056       0.006       0.069       0.081       0.104
    EDU_C7          -0.081      -0.064      -0.056      -0.011       0.033       0.042       0.058

 QA       ON
    AGE_C80         -0.011      -0.008      -0.006       0.002       0.010       0.012       0.015
    EDU_C7          -0.012      -0.010      -0.009      -0.002       0.004       0.005       0.008

 IA       WITH
    SA              -1.573      -1.356      -1.244      -0.663      -0.082       0.030       0.247
    QA              -0.068      -0.040      -0.026       0.049       0.124       0.138       0.166

 SA       WITH
    QA              -0.114      -0.095      -0.085      -0.033       0.020       0.029       0.049

 Intercepts
    A_01             0.000       0.000       0.000       0.000       0.000       0.000       0.000
    A_02             0.000       0.000       0.000       0.000       0.000       0.000       0.000
    A_03             0.000       0.000       0.000       0.000       0.000       0.000       0.000
    A_04             0.000       0.000       0.000       0.000       0.000       0.000       0.000
    A_05             0.000       0.000       0.000       0.000       0.000       0.000       0.000
    IA               9.687       9.873       9.968      10.464      10.960      11.055      11.241
    SA              -0.210      -0.129      -0.088       0.127       0.343       0.384       0.465
    QA              -0.079      -0.068      -0.062      -0.033      -0.005       0.001       0.012

 Residual Variances
    A_01             3.173       3.383       3.490       4.051       4.611       4.718       4.928
    A_02             3.173       3.383       3.490       4.051       4.611       4.718       4.928
    A_03             3.173       3.383       3.490       4.051       4.611       4.718       4.928
    A_04             3.173       3.383       3.490       4.051       4.611       4.718       4.928
    A_05             3.173       3.383       3.490       4.051       4.611       4.718       4.928
    IA               7.403       8.003       8.309       9.911      11.512      11.819      12.418
    SA              -0.296      -0.143      -0.064       0.346       0.755       0.834       0.987
    QA              -0.007      -0.004      -0.003       0.004       0.011       0.012       0.015


SAMPLE STATISTICS FOR ESTIMATED FACTOR SCORES


     SAMPLE STATISTICS


           Means
              IA            IA_SE         SA            SA_SE         QA
              ________      ________      ________      ________      ________
 1              8.742         1.464         0.119         0.535        -0.026


           Means
              QA_SE
              ________
 1              0.059


           Covariances
              IA            IA_SE         SA            SA_SE         QA
              ________      ________      ________      ________      ________
 IA            12.777
 IA_SE         -0.202         0.039
 SA            -0.328         0.013         0.084
 SA_SE         -0.029         0.004         0.002         0.001
 QA             0.008         0.000        -0.006         0.000         0.001
 QA_SE         -0.002         0.000         0.000         0.000         0.000


           Covariances
              QA_SE
              ________
 QA_SE          0.000


           Correlations
              IA            IA_SE         SA            SA_SE         QA
              ________      ________      ________      ________      ________
 IA             1.000
 IA_SE         -0.285         1.000
 SA            -0.317         0.219         1.000
 SA_SE         -0.324         0.896         0.220         1.000
 QA             0.087        -0.066        -0.807        -0.041         1.000
 QA_SE         -0.324         0.845         0.142         0.930         0.033


           Correlations
              QA_SE
              ________
 QA_SE          1.000


RESULTS SAVING INFORMATION

  Order of data

    Parameter estimates
     (saved in order shown in Technical 1 output)
    Standard errors
     (saved in order shown in Technical 1 output)
    H0 Loglikelihood
    H0 Scaling Correction Factor for MLR
    Number of Free Parameters
    Akaike (AIC)
    Bayesian (BIC)
    Sample-Size Adjusted BIC

  Save file
    u2_12345_ae_prose_results.dat

  Save file format           Free


PLOT INFORMATION

The following plots are available:

  Histograms (sample values, estimated factor scores)
  Scatterplots (sample values, estimated factor scores)
  Latent variable distribution plots

SAVEDATA INFORMATION


  Save file
    u2_12345_ae_prose_fscores.dat

  Order and format of variables

    A_01           F10.3
    A_02           F10.3
    A_03           F10.3
    A_04           F10.3
    A_05           F10.3
    AGE_C80        F10.3
    EDU_C7         F10.3
    TIME_01        F10.3
    TIME_02        F10.3
    TIME_03        F10.3
    TIME_04        F10.3
    TIME_05        F10.3
    _WEIGHT        F10.3
    IA             F10.3
    IA_SE          F10.3
    SA             F10.3
    SA_SE          F10.3
    QA             F10.3
    QA_SE          F10.3
    PAIRID         I6

  Save file format
    19F10.3 I6

  Save file record length    10000


     Beginning Time:  12:07:17
        Ending Time:  12:07:20
       Elapsed Time:  00:00:03



MUTHEN & MUTHEN
3463 Stoner Ave.
Los Angeles, CA  90066

Tel: (310) 391-9971
Fax: (310) 391-8971
Web: www.StatModel.com
Support: Support@StatModel.com

Copyright (c) 1998-2014 Muthen & Muthen
