Mplus VERSION 7.3
MUTHEN & MUTHEN
12/17/2016   6:04 PM

INPUT INSTRUCTIONS

  TITLE:
  Script produced from the prototype in ./sandbox/syntax-creator/
  DATA:
  File = wide-dataset.dat ;
  VARIABLE:
  NAMES are
   Case PairID female age_c80 edu_c7 sbp_c167 smoke cardio diabetes dementia_ever
      years_since_bl_01 years_since_bl_02 years_since_bl_03 years_since_bl_04
      years_since_bl_05 pef_01 pef_02 pef_03 pef_04 pef_05 grip_01 grip_02 grip_03
      grip_04 grip_05 gait_01 gait_02 gait_03 gait_04 gait_05 block_01 block_02
      block_03 block_04 block_05 digitspanbackward_01 digitspanbackward_02
      digitspanbackward_03 digitspanbackward_04 digitspanbackward_05
      digitspanforward_01 digitspanforward_02 digitspanforward_03 digitspanforward_04
      digitspanforward_05 symbol_01 symbol_02 symbol_03 symbol_04 symbol_05 prose_01
      prose_02 prose_03 prose_04 prose_05 info_01 info_02 info_03 info_04 info_05
      synonyms_01 synonyms_02 synonyms_03 synonyms_04 synonyms_05 psif_01 psif_02
      psif_03 psif_04 psif_05 figure_01 figure_02 figure_03 figure_04 figure_05
      mirrecall_01 mirrecall_02 mirrecall_03 mirrecall_04 mirrecall_05 mmse_01 mmse_02
      mmse_03 mmse_04 mmse_05 mirnaming_01 mirnaming_02 mirnaming_03 mirnaming_04
      mirnaming_05 mirrecog_01 mirrecog_02 mirrecog_03 mirrecog_04 mirrecog_05
      clock_01 clock_02 clock_03 clock_04 clock_05
  	;
  Missing are all (-9999);
  USEVARIABLES are
  	!define the variables used in the analysis
  	! covariates used in the model
  age_c80
  edu_c7
  female	
  	!estimated time points
  time_01
  time_03
  time_05
  	!modelled time points of process (A)
  a_01
  a_03
  a_05
  ;
  TSCORES are
  	!estimated time points
  time_01
  time_03
  time_05;
  CLUSTER = PairID;
  SUBPOPULATION are
  	!select a subset of observations
  dementia_ever NE 1
  ;
  DEFINE:
  	! assign variables to the process (A)
  a_01 = prose_01;
  a_03 = prose_03;
  a_05 = prose_05;
  	!assign variables to time points
  time_01 = years_since_bl_01;
  time_03 = years_since_bl_03;
  time_05 = years_since_bl_05;
  	
  ANALYSIS: TYPE = RANDOM COMPLEX;
  COVERAGE=.00;
  MODEL:
  	!first-level equation
  	! assign process (A) to time points
  ia sa qa | a_01 AT time_01 ;
  ia sa qa | a_03 AT time_03 ;
  ia sa qa | a_05 AT time_05 ;
  	!variance of the first-level terms
  ia (v_ia);
  sa (v_sa);
  qa (v_qa);
  	!covariance among first-level terms
  ia WITH sa (c_iasa);
  ia WITH qa (c_iaqa);
  sa WITH qa (c_saqa);
  	!second-level equation
  ia sa qa ON age_c80
  edu_c7
  female;
  	!residual covariance of process (A)
  a_01 (res_a);
  a_03 (res_a);
  a_05 (res_a);	
  SAVEDATA:
  FILE is   u2_135_aef_prose_fscores.dat;
  SAVE = FSCORES;
  RESULTS are   u2_135_aef_prose_results.dat;
  	
  OUTPUT: sampstat cinterval;
  PLOT: Type is Plot1 Plot2 Plot3;



*** WARNING
  Data set contains cases with missing on x-variables.
  These cases were not included in the analysis.
  Number of cases with missing on x-variables:  46
*** WARNING
  Data set contains cases with missing on all variables except
  x-variables.  These cases were not included in the analysis.
  Number of cases with missing on all variables except x-variables:  84
   2 WARNING(S) FOUND IN THE INPUT INSTRUCTIONS




Script produced from the prototype in ./sandbox/syntax-creator/

SUMMARY OF ANALYSIS

Number of groups                                                 1
Number of observations                                         414

Number of dependent variables                                    3
Number of independent variables                                  3
Number of continuous latent variables                            3

Observed dependent variables

  Continuous
   A_01        A_03        A_05

Observed independent variables
   AGE_C80     EDU_C7      FEMALE

Continuous latent variables
   IA          SA          QA

Variables with special functions

  Cluster variable      PAIRID
  Weight variable       _WEIGHT

  Time scores
   TIME_01     TIME_03     TIME_05


Estimator                                                      MLR
Information matrix                                        OBSERVED
Maximum number of iterations                                   100
Convergence criterion                                    0.100D-05
Maximum number of EM iterations                                500
Convergence criteria for the EM algorithm
  Loglikelihood change                                   0.100D-02
  Relative loglikelihood change                          0.100D-05
  Derivative                                             0.100D-03
Minimum variance                                         0.100D-03
Maximum number of steepest descent iterations                   20
Maximum number of iterations for H1                           2000
Convergence criterion for H1                             0.100D-03
Optimization algorithm                                         EMA

Input data file(s)
  wide-dataset.dat
Input data format  FREE



SAMPLE STATISTICS


     ESTIMATED SAMPLE STATISTICS


           Means
              A_01          A_03          A_05          AGE_C80       EDU_C7
              ________      ________      ________      ________      ________
 1              9.972         9.970         9.491         3.119         0.418


           Means
              FEMALE
              ________
 1              0.647


           Covariances
              A_01          A_03          A_05          AGE_C80       EDU_C7
              ________      ________      ________      ________      ________
 A_01          15.960
 A_03           9.680        13.934
 A_05           7.428         8.874        13.735
 AGE_C80       -2.078        -0.931         1.483         8.062
 EDU_C7         3.057         2.867         0.925        -0.273         6.412
 FEMALE         0.182         0.312         0.233         0.088        -0.147


           Covariances
              FEMALE
              ________
 FEMALE         0.228


           Correlations
              A_01          A_03          A_05          AGE_C80       EDU_C7
              ________      ________      ________      ________      ________
 A_01           1.000
 A_03           0.649         1.000
 A_05           0.502         0.641         1.000
 AGE_C80       -0.183        -0.088         0.141         1.000
 EDU_C7         0.302         0.303         0.099        -0.038         1.000
 FEMALE         0.095         0.175         0.132         0.065        -0.122


           Correlations
              FEMALE
              ________
 FEMALE         1.000


     MAXIMUM LOG-LIKELIHOOD VALUE FOR THE UNRESTRICTED (H1) MODEL IS -5769.825


UNIVARIATE HIGHER-ORDER MOMENT DESCRIPTIVE STATISTICS


     UNIVARIATE HIGHER-ORDER MOMENT DESCRIPTIVE STATISTICS

         Variable/         Mean/     Skewness/   Minimum/ % with                Percentiles
        Sample Size      Variance    Kurtosis    Maximum  Min/Max      20%/60%    40%/80%    Median

     A_01                  9.998      -0.611       0.000    4.85%       5.000      8.000     10.000
             557.000      15.894      -0.399      16.000    3.77%      11.000     13.000
     A_03                 10.477      -0.675       0.000    6.60%       4.000      8.000     10.000
             303.000      12.970      -0.411      16.000    2.64%      11.000     13.000
     A_05                 10.123      -1.011       0.000    8.27%       3.000      9.000     10.000
             133.000      12.259       0.378      16.000    0.75%      11.000     13.000
     AGE_C80               3.119       1.369      -0.630    0.17%       0.854      1.694      2.274
             572.000       8.062       2.207      17.918    0.17%       3.073      5.310
     EDU_C7                0.418       2.234      -5.000    0.35%      -1.000     -1.000     -1.000
             572.000       6.412       6.757      16.000    0.17%       0.000      1.000
     FEMALE                0.647      -0.617       0.000   33.92%       0.000      1.000      1.000
             572.000       0.228      -1.620       1.000   66.08%       1.000      1.000


THE MODEL ESTIMATION TERMINATED NORMALLY



MODEL FIT INFORMATION

Number of Free Parameters                       19

Loglikelihood

          H0 Value                       -1905.777
          H0 Scaling Correction Factor      1.2012
            for MLR

Information Criteria

          Akaike (AIC)                    3849.555
          Bayesian (BIC)                  3926.046
          Sample-Size Adjusted BIC        3865.755
            (n* = (n + 2) / 24)



MODEL RESULTS

                                                    Two-Tailed
                    Estimate       S.E.  Est./S.E.    P-Value

 IA         ON
    AGE_C80           -0.255      0.069     -3.707      0.000
    EDU_C7             0.494      0.067      7.319      0.000
    FEMALE             1.212      0.457      2.652      0.008

 SA         ON
    AGE_C80            0.013      0.045      0.287      0.774
    EDU_C7             0.036      0.031      1.168      0.243
    FEMALE             0.276      0.203      1.360      0.174

 QA         ON
    AGE_C80            0.005      0.006      0.895      0.371
    EDU_C7            -0.009      0.005     -1.916      0.055
    FEMALE            -0.036      0.027     -1.325      0.185

 IA       WITH
    SA                -1.055      6.059     -0.174      0.862
    QA                 0.073      0.528      0.139      0.889

 SA       WITH
    QA                -0.056      0.762     -0.073      0.942

 Intercepts
    A_01               0.000      0.000    999.000    999.000
    A_03               0.000      0.000    999.000    999.000
    A_05               0.000      0.000    999.000    999.000
    IA                 9.777      0.443     22.087      0.000
    SA                -0.169      0.162     -1.043      0.297
    QA                -0.005      0.023     -0.216      0.829

 Residual Variances
    A_01               2.952     15.656      0.189      0.850
    A_03               2.952     15.656      0.189      0.850
    A_05               2.952     15.656      0.189      0.850
    IA                10.744     15.738      0.683      0.495
    SA                 0.606      6.548      0.093      0.926
    QA                 0.006      0.096      0.064      0.949


QUALITY OF NUMERICAL RESULTS

     Condition Number for the Information Matrix              0.242E-07
       (ratio of smallest to largest eigenvalue)


CONFIDENCE INTERVALS OF MODEL RESULTS

                  Lower .5%  Lower 2.5%    Lower 5%    Estimate    Upper 5%  Upper 2.5%   Upper .5%

 IA       ON
    AGE_C80         -0.432      -0.389      -0.368      -0.255      -0.142      -0.120      -0.078
    EDU_C7           0.320       0.362       0.383       0.494       0.605       0.626       0.668
    FEMALE           0.035       0.316       0.460       1.212       1.964       2.108       2.389

 SA       ON
    AGE_C80         -0.104      -0.076      -0.061       0.013       0.087       0.102       0.129
    EDU_C7          -0.043      -0.024      -0.015       0.036       0.086       0.096       0.115
    FEMALE          -0.247      -0.122      -0.058       0.276       0.611       0.675       0.800

 QA       ON
    AGE_C80         -0.010      -0.006      -0.004       0.005       0.015       0.016       0.020
    EDU_C7          -0.022      -0.019      -0.017      -0.009      -0.001       0.000       0.003
    FEMALE          -0.107      -0.090      -0.081      -0.036       0.009       0.017       0.034

 IA       WITH
    SA             -16.661     -12.930     -11.022      -1.055       8.911      10.820      14.550
    QA              -1.285      -0.961      -0.794       0.073       0.941       1.107       1.432

 SA       WITH
    QA              -2.019      -1.549      -1.309      -0.056       1.198       1.438       1.908

 Intercepts
    A_01             0.000       0.000       0.000       0.000       0.000       0.000       0.000
    A_03             0.000       0.000       0.000       0.000       0.000       0.000       0.000
    A_05             0.000       0.000       0.000       0.000       0.000       0.000       0.000
    IA               8.636       8.909       9.048       9.777      10.505      10.644      10.917
    SA              -0.586      -0.487      -0.436      -0.169       0.098       0.149       0.248
    QA              -0.064      -0.050      -0.043      -0.005       0.033       0.040       0.054

 Residual Variances
    A_01           -37.374     -27.733     -22.802       2.952      28.706      33.637      43.278
    A_03           -37.374     -27.733     -22.802       2.952      28.706      33.637      43.278
    A_05           -37.374     -27.733     -22.802       2.952      28.706      33.637      43.278
    IA             -29.793     -20.102     -15.144      10.744      36.633      41.591      51.282
    SA             -16.259     -12.227     -10.165       0.606      11.377      13.440      17.472
    QA              -0.240      -0.181      -0.151       0.006       0.163       0.193       0.252


SAMPLE STATISTICS FOR ESTIMATED FACTOR SCORES


     SAMPLE STATISTICS


           Means
              IA            IA_SE         SA            SA_SE         QA
              ________      ________      ________      ________      ________
 1              9.026         1.478         0.037         0.665        -0.012


           Means
              QA_SE
              ________
 1              0.072


           Covariances
              IA            IA_SE         SA            SA_SE         QA
              ________      ________      ________      ________      ________
 IA            12.989
 IA_SE         -0.121         0.028
 SA            -0.605         0.000         0.266
 SA_SE         -0.051         0.006         0.006         0.004
 QA             0.005         0.001        -0.021         0.000         0.002
 QA_SE         -0.004         0.000         0.000         0.000         0.000


           Covariances
              QA_SE
              ________
 QA_SE          0.000


           Correlations
              IA            IA_SE         SA            SA_SE         QA
              ________      ________      ________      ________      ________
 IA             1.000
 IA_SE         -0.202         1.000
 SA            -0.325         0.005         1.000
 SA_SE         -0.236         0.619         0.194         1.000
 QA             0.028         0.063        -0.845        -0.043         1.000
 QA_SE         -0.244         0.553         0.164         0.982        -0.008


           Correlations
              QA_SE
              ________
 QA_SE          1.000


RESULTS SAVING INFORMATION

  Order of data

    Parameter estimates
     (saved in order shown in Technical 1 output)
    Standard errors
     (saved in order shown in Technical 1 output)
    H0 Loglikelihood
    H0 Scaling Correction Factor for MLR
    Number of Free Parameters
    Akaike (AIC)
    Bayesian (BIC)
    Sample-Size Adjusted BIC

  Save file
    u2_135_aef_prose_results.dat

  Save file format           Free


PLOT INFORMATION

The following plots are available:

  Histograms (sample values, estimated factor scores)
  Scatterplots (sample values, estimated factor scores)
  Latent variable distribution plots

SAVEDATA INFORMATION


  Save file
    u2_135_aef_prose_fscores.dat

  Order and format of variables

    A_01           F10.3
    A_03           F10.3
    A_05           F10.3
    AGE_C80        F10.3
    EDU_C7         F10.3
    FEMALE         F10.3
    TIME_01        F10.3
    TIME_03        F10.3
    TIME_05        F10.3
    _WEIGHT        F10.3
    IA             F10.3
    IA_SE          F10.3
    SA             F10.3
    SA_SE          F10.3
    QA             F10.3
    QA_SE          F10.3
    PAIRID         I6

  Save file format
    16F10.3 I6

  Save file record length    10000


     Beginning Time:  18:04:32
        Ending Time:  18:04:34
       Elapsed Time:  00:00:02



MUTHEN & MUTHEN
3463 Stoner Ave.
Los Angeles, CA  90066

Tel: (310) 391-9971
Fax: (310) 391-8971
Web: www.StatModel.com
Support: Support@StatModel.com

Copyright (c) 1998-2014 Muthen & Muthen
