Mplus VERSION 7.3
MUTHEN & MUTHEN
12/17/2016   6:24 PM

INPUT INSTRUCTIONS

  TITLE:
  Script produced from the prototype in ./sandbox/syntax-creator/
  DATA:
  File = wide-dataset.dat ;
  VARIABLE:
  NAMES are
   Case PairID female age_c80 edu_c7 sbp_c167 smoke cardio diabetes dementia_ever
      years_since_bl_01 years_since_bl_02 years_since_bl_03 years_since_bl_04
      years_since_bl_05 pef_01 pef_02 pef_03 pef_04 pef_05 grip_01 grip_02 grip_03
      grip_04 grip_05 gait_01 gait_02 gait_03 gait_04 gait_05 block_01 block_02
      block_03 block_04 block_05 digitspanbackward_01 digitspanbackward_02
      digitspanbackward_03 digitspanbackward_04 digitspanbackward_05
      digitspanforward_01 digitspanforward_02 digitspanforward_03 digitspanforward_04
      digitspanforward_05 symbol_01 symbol_02 symbol_03 symbol_04 symbol_05 prose_01
      prose_02 prose_03 prose_04 prose_05 info_01 info_02 info_03 info_04 info_05
      synonyms_01 synonyms_02 synonyms_03 synonyms_04 synonyms_05 psif_01 psif_02
      psif_03 psif_04 psif_05 figure_01 figure_02 figure_03 figure_04 figure_05
      mirrecall_01 mirrecall_02 mirrecall_03 mirrecall_04 mirrecall_05 mmse_01 mmse_02
      mmse_03 mmse_04 mmse_05 mirnaming_01 mirnaming_02 mirnaming_03 mirnaming_04
      mirnaming_05 mirrecog_01 mirrecog_02 mirrecog_03 mirrecog_04 mirrecog_05
      clock_01 clock_02 clock_03 clock_04 clock_05
  	;
  Missing are all (-9999);
  USEVARIABLES are
  	!define the variables used in the analysis
  	! covariates used in the model
  age_c80
  edu_c7
  female	
  	!estimated time points
  time_01
  time_03
  time_04
  	!modelled time points of process (A)
  a_01
  a_03
  a_04
  ;
  TSCORES are
  	!estimated time points
  time_01
  time_03
  time_04;
  CLUSTER = PairID;
  SUBPOPULATION are
  	!select a subset of observations
  dementia_ever NE 1
  ;
  DEFINE:
  	! assign variables to the process (A)
  a_01 = prose_01;
  a_03 = prose_03;
  a_04 = prose_04;
  	!assign variables to time points
  time_01 = years_since_bl_01;
  time_03 = years_since_bl_03;
  time_04 = years_since_bl_04;
  	
  ANALYSIS: TYPE = RANDOM COMPLEX;
  COVERAGE=.00;
  MODEL:
  	!first-level equation
  	! assign process (A) to time points
  ia sa qa | a_01 AT time_01 ;
  ia sa qa | a_03 AT time_03 ;
  ia sa qa | a_04 AT time_04 ;
  	!variance of the first-level terms
  ia (v_ia);
  sa (v_sa);
  qa (v_qa);
  	!covariance among first-level terms
  ia WITH sa (c_iasa);
  ia WITH qa (c_iaqa);
  sa WITH qa (c_saqa);
  	!second-level equation
  ia sa qa ON age_c80
  edu_c7
  female;
  	!residual covariance of process (A)
  a_01 (res_a);
  a_03 (res_a);
  a_04 (res_a);	
  SAVEDATA:
  FILE is   u2_134_aef_prose_fscores.dat;
  SAVE = FSCORES;
  RESULTS are   u2_134_aef_prose_results.dat;
  	
  OUTPUT: sampstat cinterval;
  PLOT: Type is Plot1 Plot2 Plot3;



*** WARNING
  Data set contains cases with missing on x-variables.
  These cases were not included in the analysis.
  Number of cases with missing on x-variables:  46
*** WARNING
  Data set contains cases with missing on all variables except
  x-variables.  These cases were not included in the analysis.
  Number of cases with missing on all variables except x-variables:  83
   2 WARNING(S) FOUND IN THE INPUT INSTRUCTIONS




Script produced from the prototype in ./sandbox/syntax-creator/

SUMMARY OF ANALYSIS

Number of groups                                                 1
Number of observations                                         414

Number of dependent variables                                    3
Number of independent variables                                  3
Number of continuous latent variables                            3

Observed dependent variables

  Continuous
   A_01        A_03        A_04

Observed independent variables
   AGE_C80     EDU_C7      FEMALE

Continuous latent variables
   IA          SA          QA

Variables with special functions

  Cluster variable      PAIRID
  Weight variable       _WEIGHT

  Time scores
   TIME_01     TIME_03     TIME_04


Estimator                                                      MLR
Information matrix                                        OBSERVED
Maximum number of iterations                                   100
Convergence criterion                                    0.100D-05
Maximum number of EM iterations                                500
Convergence criteria for the EM algorithm
  Loglikelihood change                                   0.100D-02
  Relative loglikelihood change                          0.100D-05
  Derivative                                             0.100D-03
Minimum variance                                         0.100D-03
Maximum number of steepest descent iterations                   20
Maximum number of iterations for H1                           2000
Convergence criterion for H1                             0.100D-03
Optimization algorithm                                         EMA

Input data file(s)
  wide-dataset.dat
Input data format  FREE



SAMPLE STATISTICS


     ESTIMATED SAMPLE STATISTICS


           Means
              A_01          A_03          A_04          AGE_C80       EDU_C7
              ________      ________      ________      ________      ________
 1              9.968         9.974        10.017         3.119         0.418


           Means
              FEMALE
              ________
 1              0.647


           Covariances
              A_01          A_03          A_04          AGE_C80       EDU_C7
              ________      ________      ________      ________      ________
 A_01          15.980
 A_03           9.591        13.785
 A_04           9.247         9.630        13.299
 AGE_C80       -2.079        -0.890        -2.660         8.062
 EDU_C7         3.044         2.876         2.267        -0.273         6.412
 FEMALE         0.181         0.314         0.077         0.088        -0.147


           Covariances
              FEMALE
              ________
 FEMALE         0.228


           Correlations
              A_01          A_03          A_04          AGE_C80       EDU_C7
              ________      ________      ________      ________      ________
 A_01           1.000
 A_03           0.646         1.000
 A_04           0.634         0.711         1.000
 AGE_C80       -0.183        -0.084        -0.257         1.000
 EDU_C7         0.301         0.306         0.245        -0.038         1.000
 FEMALE         0.095         0.177         0.044         0.065        -0.122


           Correlations
              FEMALE
              ________
 FEMALE         1.000


     MAXIMUM LOG-LIKELIHOOD VALUE FOR THE UNRESTRICTED (H1) MODEL IS -5887.641


UNIVARIATE HIGHER-ORDER MOMENT DESCRIPTIVE STATISTICS


     UNIVARIATE HIGHER-ORDER MOMENT DESCRIPTIVE STATISTICS

         Variable/         Mean/     Skewness/   Minimum/ % with                Percentiles
        Sample Size      Variance    Kurtosis    Maximum  Min/Max      20%/60%    40%/80%    Median

     A_01                  9.998      -0.611       0.000    4.85%       5.000      8.000     10.000
             557.000      15.894      -0.399      16.000    3.77%      11.000     13.000
     A_03                 10.477      -0.675       0.000    6.60%       4.000      8.000     10.000
             303.000      12.970      -0.411      16.000    2.64%      11.000     13.000
     A_04                 10.911      -0.866       0.000   10.26%       3.000      9.000     10.000
             195.000      11.547       0.202      16.000    3.08%      12.000     13.000
     AGE_C80               3.119       1.369      -0.630    0.17%       0.866      1.694      2.285
             573.000       8.062       2.207      17.918    0.17%       3.098      5.286
     EDU_C7                0.418       2.234      -5.000    0.35%      -1.000     -1.000     -1.000
             573.000       6.412       6.757      16.000    0.17%       0.000      1.000
     FEMALE                0.647      -0.617       0.000   33.86%       0.000      1.000      1.000
             573.000       0.228      -1.620       1.000   66.14%       1.000      1.000


THE MODEL ESTIMATION TERMINATED NORMALLY



MODEL FIT INFORMATION

Number of Free Parameters                       19

Loglikelihood

          H0 Value                       -1984.416
          H0 Scaling Correction Factor      1.0827
            for MLR

Information Criteria

          Akaike (AIC)                    4006.832
          Bayesian (BIC)                  4083.324
          Sample-Size Adjusted BIC        4023.032
            (n* = (n + 2) / 24)



MODEL RESULTS

                                                    Two-Tailed
                    Estimate       S.E.  Est./S.E.    P-Value

 IA         ON
    AGE_C80           -0.254      0.069     -3.701      0.000
    EDU_C7             0.492      0.068      7.271      0.000
    FEMALE             1.206      0.458      2.635      0.008

 SA         ON
    AGE_C80            0.120      0.060      1.993      0.046
    EDU_C7             0.050      0.050      0.996      0.319
    FEMALE             0.606      0.295      2.054      0.040

 QA         ON
    AGE_C80           -0.022      0.010     -2.132      0.033
    EDU_C7            -0.012      0.010     -1.230      0.219
    FEMALE            -0.115      0.052     -2.220      0.026

 IA       WITH
    SA                -1.123      0.773     -1.452      0.146
    QA                 0.099      0.099      1.003      0.316

 SA       WITH
    QA                -0.071      0.243     -0.290      0.772

 Intercepts
    A_01               0.000      0.000    999.000    999.000
    A_03               0.000      0.000    999.000    999.000
    A_04               0.000      0.000    999.000    999.000
    IA                 9.775      0.443     22.066      0.000
    SA                -0.782      0.237     -3.302      0.001
    QA                 0.147      0.043      3.404      0.001

 Residual Variances
    A_01               3.245      1.679      1.933      0.053
    A_03               3.245      1.679      1.933      0.053
    A_04               3.245      1.679      1.933      0.053
    IA                10.498      1.979      5.305      0.000
    SA                 0.635      1.480      0.429      0.668
    QA                 0.009      0.042      0.224      0.823


QUALITY OF NUMERICAL RESULTS

     Condition Number for the Information Matrix              0.106E-05
       (ratio of smallest to largest eigenvalue)


CONFIDENCE INTERVALS OF MODEL RESULTS

                  Lower .5%  Lower 2.5%    Lower 5%    Estimate    Upper 5%  Upper 2.5%   Upper .5%

 IA       ON
    AGE_C80         -0.431      -0.389      -0.367      -0.254      -0.141      -0.120      -0.077
    EDU_C7           0.318       0.359       0.381       0.492       0.603       0.624       0.666
    FEMALE           0.027       0.309       0.453       1.206       1.959       2.103       2.385

 SA       ON
    AGE_C80         -0.035       0.002       0.021       0.120       0.220       0.239       0.276
    EDU_C7          -0.079      -0.048      -0.033       0.050       0.133       0.148       0.179
    FEMALE          -0.154       0.028       0.121       0.606       1.091       1.184       1.365

 QA       ON
    AGE_C80         -0.048      -0.041      -0.038      -0.022      -0.005      -0.002       0.004
    EDU_C7          -0.038      -0.032      -0.029      -0.012       0.004       0.007       0.013
    FEMALE          -0.248      -0.216      -0.200      -0.115      -0.030      -0.013       0.018

 IA       WITH
    SA              -3.114      -2.638      -2.394      -1.123       0.149       0.393       0.869
    QA              -0.156      -0.095      -0.064       0.099       0.262       0.294       0.355

 SA       WITH
    QA              -0.696      -0.547      -0.470      -0.071       0.329       0.406       0.555

 Intercepts
    A_01             0.000       0.000       0.000       0.000       0.000       0.000       0.000
    A_03             0.000       0.000       0.000       0.000       0.000       0.000       0.000
    A_04             0.000       0.000       0.000       0.000       0.000       0.000       0.000
    IA               8.634       8.907       9.046       9.775      10.503      10.643      10.916
    SA              -1.393      -1.247      -1.172      -0.782      -0.393      -0.318      -0.172
    QA               0.036       0.062       0.076       0.147       0.217       0.231       0.257

 Residual Variances
    A_01            -1.080      -0.046       0.483       3.245       6.007       6.535       7.569
    A_03            -1.080      -0.046       0.483       3.245       6.007       6.535       7.569
    A_04            -1.080      -0.046       0.483       3.245       6.007       6.535       7.569
    IA               5.401       6.619       7.243      10.498      13.753      14.376      15.595
    SA              -3.176      -2.265      -1.799       0.635       3.070       3.536       4.447
    QA              -0.098      -0.073      -0.059       0.009       0.078       0.091       0.117


SAMPLE STATISTICS FOR ESTIMATED FACTOR SCORES


     SAMPLE STATISTICS


           Means
              IA            IA_SE         SA            SA_SE         QA
              ________      ________      ________      ________      ________
 1              8.989         1.509        -0.007         0.694         0.000


           Means
              QA_SE
              ________
 1              0.090


           Covariances
              IA            IA_SE         SA            SA_SE         QA
              ________      ________      ________      ________      ________
 IA            12.736
 IA_SE         -0.130         0.026
 SA            -0.798         0.006         0.454
 SA_SE         -0.039         0.006         0.006         0.002
 QA             0.070         0.000        -0.062         0.000         0.010
 QA_SE         -0.003         0.000         0.000         0.000         0.000


           Covariances
              QA_SE
              ________
 QA_SE          0.000


           Correlations
              IA            IA_SE         SA            SA_SE         QA
              ________      ________      ________      ________      ________
 IA             1.000
 IA_SE         -0.228         1.000
 SA            -0.332         0.055         1.000
 SA_SE         -0.245         0.785         0.188         1.000
 QA             0.200        -0.010        -0.937        -0.109         1.000
 QA_SE         -0.237         0.745         0.189         0.988        -0.115


           Correlations
              QA_SE
              ________
 QA_SE          1.000


RESULTS SAVING INFORMATION

  Order of data

    Parameter estimates
     (saved in order shown in Technical 1 output)
    Standard errors
     (saved in order shown in Technical 1 output)
    H0 Loglikelihood
    H0 Scaling Correction Factor for MLR
    Number of Free Parameters
    Akaike (AIC)
    Bayesian (BIC)
    Sample-Size Adjusted BIC

  Save file
    u2_134_aef_prose_results.dat

  Save file format           Free


PLOT INFORMATION

The following plots are available:

  Histograms (sample values, estimated factor scores)
  Scatterplots (sample values, estimated factor scores)
  Latent variable distribution plots

SAVEDATA INFORMATION


  Save file
    u2_134_aef_prose_fscores.dat

  Order and format of variables

    A_01           F10.3
    A_03           F10.3
    A_04           F10.3
    AGE_C80        F10.3
    EDU_C7         F10.3
    FEMALE         F10.3
    TIME_01        F10.3
    TIME_03        F10.3
    TIME_04        F10.3
    _WEIGHT        F10.3
    IA             F10.3
    IA_SE          F10.3
    SA             F10.3
    SA_SE          F10.3
    QA             F10.3
    QA_SE          F10.3
    PAIRID         I6

  Save file format
    16F10.3 I6

  Save file record length    10000


     Beginning Time:  18:24:34
        Ending Time:  18:24:38
       Elapsed Time:  00:00:04



MUTHEN & MUTHEN
3463 Stoner Ave.
Los Angeles, CA  90066

Tel: (310) 391-9971
Fax: (310) 391-8971
Web: www.StatModel.com
Support: Support@StatModel.com

Copyright (c) 1998-2014 Muthen & Muthen
