Mplus VERSION 7.3
MUTHEN & MUTHEN
12/17/2016  12:07 PM

INPUT INSTRUCTIONS

  TITLE:
  Script produced from the prototype in ./sandbox/syntax-creator/
  DATA:
  File = wide-dataset.dat ;
  VARIABLE:
  NAMES are
   Case PairID female age_c80 edu_c7 sbp_c167 smoke cardio diabetes dementia_ever
      years_since_bl_01 years_since_bl_02 years_since_bl_03 years_since_bl_04
      years_since_bl_05 pef_01 pef_02 pef_03 pef_04 pef_05 grip_01 grip_02 grip_03
      grip_04 grip_05 gait_01 gait_02 gait_03 gait_04 gait_05 block_01 block_02
      block_03 block_04 block_05 digitspanbackward_01 digitspanbackward_02
      digitspanbackward_03 digitspanbackward_04 digitspanbackward_05
      digitspanforward_01 digitspanforward_02 digitspanforward_03 digitspanforward_04
      digitspanforward_05 symbol_01 symbol_02 symbol_03 symbol_04 symbol_05 prose_01
      prose_02 prose_03 prose_04 prose_05 info_01 info_02 info_03 info_04 info_05
      synonyms_01 synonyms_02 synonyms_03 synonyms_04 synonyms_05 psif_01 psif_02
      psif_03 psif_04 psif_05 figure_01 figure_02 figure_03 figure_04 figure_05
      mirrecall_01 mirrecall_02 mirrecall_03 mirrecall_04 mirrecall_05 mmse_01 mmse_02
      mmse_03 mmse_04 mmse_05 mirnaming_01 mirnaming_02 mirnaming_03 mirnaming_04
      mirnaming_05 mirrecog_01 mirrecog_02 mirrecog_03 mirrecog_04 mirrecog_05
      clock_01 clock_02 clock_03 clock_04 clock_05
  	;
  Missing are all (-9999);
  USEVARIABLES are
  	!define the variables used in the analysis
  	! covariates used in the model
  age_c80
  edu_c7
  female
  sbp_c167	
  	!estimated time points
  time_01
  time_02
  time_03
  time_04
  time_05
  	!modelled time points of process (A)
  a_01
  a_02
  a_03
  a_04
  a_05
  ;
  TSCORES are
  	!estimated time points
  time_01
  time_02
  time_03
  time_04
  time_05;
  CLUSTER = PairID;
  SUBPOPULATION are
  	!select a subset of observations
  dementia_ever NE 1
  ;
  DEFINE:
  	! assign variables to the process (A)
  a_01 = prose_01;
  a_02 = prose_02;
  a_03 = prose_03;
  a_04 = prose_04;
  a_05 = prose_05;
  	!assign variables to time points
  time_01 = years_since_bl_01;
  time_02 = years_since_bl_02;
  time_03 = years_since_bl_03;
  time_04 = years_since_bl_04;
  time_05 = years_since_bl_05;
  	
  ANALYSIS: TYPE = RANDOM COMPLEX;
  COVERAGE=.00;
  MODEL:
  	!first-level equation
  	! assign process (A) to time points
  ia sa qa | a_01 AT time_01 ;
  ia sa qa | a_02 AT time_02 ;
  ia sa qa | a_03 AT time_03 ;
  ia sa qa | a_04 AT time_04 ;
  ia sa qa | a_05 AT time_05 ;
  	!variance of the first-level terms
  ia (v_ia);
  sa (v_sa);
  qa (v_qa);
  	!covariance among first-level terms
  ia WITH sa (c_iasa);
  ia WITH qa (c_iaqa);
  sa WITH qa (c_saqa);
  	!second-level equation
  ia sa qa ON age_c80
  edu_c7
  female
  sbp_c167;
  	!residual covariance of process (A)
  a_01 (res_a);
  a_02 (res_a);
  a_03 (res_a);
  a_04 (res_a);
  a_05 (res_a);	
  SAVEDATA:
  FILE is   u2_12345_aefb_prose_fscores.dat;
  SAVE = FSCORES;
  RESULTS are   u2_12345_aefb_prose_results.dat;
  	
  OUTPUT: sampstat cinterval;
  PLOT: Type is Plot1 Plot2 Plot3;



*** WARNING
  Data set contains cases with missing on x-variables.
  These cases were not included in the analysis.
  Number of cases with missing on x-variables:  92
*** WARNING
  Data set contains cases with missing on all variables except
  x-variables.  These cases were not included in the analysis.
  Number of cases with missing on all variables except x-variables:  39
   2 WARNING(S) FOUND IN THE INPUT INSTRUCTIONS




Script produced from the prototype in ./sandbox/syntax-creator/

SUMMARY OF ANALYSIS

Number of groups                                                 1
Number of observations                                         412

Number of dependent variables                                    5
Number of independent variables                                  4
Number of continuous latent variables                            3

Observed dependent variables

  Continuous
   A_01        A_02        A_03        A_04        A_05

Observed independent variables
   AGE_C80     EDU_C7      FEMALE      SBP_C167

Continuous latent variables
   IA          SA          QA

Variables with special functions

  Cluster variable      PAIRID
  Weight variable       _WEIGHT

  Time scores
   TIME_01     TIME_02     TIME_03     TIME_04     TIME_05


Estimator                                                      MLR
Information matrix                                        OBSERVED
Maximum number of iterations                                   100
Convergence criterion                                    0.100D-05
Maximum number of EM iterations                                500
Convergence criteria for the EM algorithm
  Loglikelihood change                                   0.100D-02
  Relative loglikelihood change                          0.100D-05
  Derivative                                             0.100D-03
Minimum variance                                         0.100D-03
Maximum number of steepest descent iterations                   20
Maximum number of iterations for H1                           2000
Convergence criterion for H1                             0.100D-03
Optimization algorithm                                         EMA

Input data file(s)
  wide-dataset.dat
Input data format  FREE



SAMPLE STATISTICS


     ESTIMATED SAMPLE STATISTICS


           Means
              A_01          A_02          A_03          A_04          A_05
              ________      ________      ________      ________      ________
 1              9.963        10.209         9.922         9.884         9.408


           Means
              AGE_C80       EDU_C7        FEMALE        SBP_C167
              ________      ________      ________      ________
 1              3.210         0.354         0.650        -6.345


           Covariances
              A_01          A_02          A_03          A_04          A_05
              ________      ________      ________      ________      ________
 A_01          15.890
 A_02           9.617        13.105
 A_03           9.905         9.329        13.698
 A_04           9.473         9.095         9.998        13.997
 A_05           7.543         6.475         8.949         8.871        13.705
 AGE_C80       -2.389        -2.163        -1.564        -3.252         0.825
 EDU_C7         2.918         2.086         2.791         2.121         0.901
 FEMALE         0.154         0.202         0.311         0.086         0.172
 SBP_C167       4.263         7.564         2.289        -4.767       -11.978


           Covariances
              AGE_C80       EDU_C7        FEMALE        SBP_C167
              ________      ________      ________      ________
 AGE_C80        8.357
 EDU_C7        -0.421         6.428
 FEMALE         0.072        -0.136         0.227
 SBP_C167      -4.669         0.909         0.642       512.677


           Correlations
              A_01          A_02          A_03          A_04          A_05
              ________      ________      ________      ________      ________
 A_01           1.000
 A_02           0.666         1.000
 A_03           0.671         0.696         1.000
 A_04           0.635         0.672         0.722         1.000
 A_05           0.511         0.483         0.653         0.640         1.000
 AGE_C80       -0.207        -0.207        -0.146        -0.301         0.077
 EDU_C7         0.289         0.227         0.297         0.224         0.096
 FEMALE         0.081         0.117         0.176         0.048         0.098
 SBP_C167       0.047         0.092         0.027        -0.056        -0.143


           Correlations
              AGE_C80       EDU_C7        FEMALE        SBP_C167
              ________      ________      ________      ________
 AGE_C80        1.000
 EDU_C7        -0.057         1.000
 FEMALE         0.052        -0.112         1.000
 SBP_C167      -0.071         0.016         0.059         1.000


     MAXIMUM LOG-LIKELIHOOD VALUE FOR THE UNRESTRICTED (H1) MODEL IS -9679.045


UNIVARIATE HIGHER-ORDER MOMENT DESCRIPTIVE STATISTICS


     UNIVARIATE HIGHER-ORDER MOMENT DESCRIPTIVE STATISTICS

         Variable/         Mean/     Skewness/   Minimum/ % with                Percentiles
        Sample Size      Variance    Kurtosis    Maximum  Min/Max      20%/60%    40%/80%    Median

     A_01                 10.069      -0.660       0.000    4.30%       5.000      9.000     10.000
             535.000      15.607      -0.288      16.000    3.74%      11.000     13.000
     A_02                 10.539      -0.885       0.000    5.69%       4.000      9.000     10.000
             422.000      12.262       0.294      16.000    2.61%      11.000     13.000
     A_03                 10.573      -0.668       0.000    6.06%       5.000      8.000     10.000
             297.000      12.382      -0.401      16.000    2.69%      11.000     13.000
     A_04                 10.958      -0.900       0.000    9.95%       3.000      9.000     10.000
             191.000      11.551       0.282      16.000    3.14%      12.000     13.000
     A_05                 10.123      -1.011       0.000    7.58%       3.000      9.000     10.000
             132.000      12.259       0.378      16.000    0.76%      11.000     13.000
     AGE_C80               3.210       1.299      -0.630    0.18%       0.875      1.757      2.329
             571.000       8.357       1.872      17.918    0.18%       3.181      5.500
     EDU_C7                0.354       2.160      -7.000    0.18%      -1.000     -1.000     -1.000
             571.000       6.428       6.948      16.000    0.18%       0.000      1.000
     FEMALE                0.650      -0.631       0.000   34.33%       0.000      1.000      1.000
             571.000       0.227      -1.602       1.000   65.67%       1.000      1.000
     SBP_C167             -6.345       0.394     -57.000    1.40%     -27.000    -17.000     -7.000
             571.000     512.677       0.727      93.000    0.18%      -7.000     13.000


THE MODEL ESTIMATION TERMINATED NORMALLY



MODEL FIT INFORMATION

Number of Free Parameters                       22

Loglikelihood

          H0 Value                       -2866.216
          H0 Scaling Correction Factor      1.0913
            for MLR

Information Criteria

          Akaike (AIC)                    5776.433
          Bayesian (BIC)                  5864.895
          Sample-Size Adjusted BIC        5795.084
            (n* = (n + 2) / 24)



MODEL RESULTS

                                                    Two-Tailed
                    Estimate       S.E.  Est./S.E.    P-Value

 IA         ON
    AGE_C80           -0.257      0.071     -3.613      0.000
    EDU_C7             0.434      0.067      6.481      0.000
    FEMALE             1.003      0.452      2.217      0.027
    SBP_C167           0.006      0.008      0.700      0.484

 SA         ON
    AGE_C80           -0.011      0.038     -0.298      0.766
    EDU_C7             0.000      0.028      0.008      0.994
    FEMALE             0.178      0.176      1.013      0.311
    SBP_C167           0.002      0.003      0.514      0.607

 QA         ON
    AGE_C80            0.004      0.005      0.818      0.414
    EDU_C7            -0.004      0.004     -0.947      0.344
    FEMALE            -0.023      0.024     -0.979      0.327
    SBP_C167          -0.001      0.000     -1.708      0.088

 IA       WITH
    SA                -0.702      0.354     -1.982      0.047
    QA                 0.057      0.045      1.268      0.205

 SA       WITH
    QA                -0.025      0.030     -0.821      0.412

 Intercepts
    A_01               0.000      0.000    999.000    999.000
    A_02               0.000      0.000    999.000    999.000
    A_03               0.000      0.000    999.000    999.000
    A_04               0.000      0.000    999.000    999.000
    A_05               0.000      0.000    999.000    999.000
    IA                10.023      0.440     22.775      0.000
    SA                 0.068      0.151      0.453      0.651
    QA                -0.028      0.021     -1.321      0.186

 Residual Variances
    A_01               4.028      0.341     11.818      0.000
    A_02               4.028      0.341     11.818      0.000
    A_03               4.028      0.341     11.818      0.000
    A_04               4.028      0.341     11.818      0.000
    A_05               4.028      0.341     11.818      0.000
    IA                 9.500      0.991      9.591      0.000
    SA                 0.277      0.240      1.152      0.249
    QA                 0.003      0.004      0.729      0.466


QUALITY OF NUMERICAL RESULTS

     Condition Number for the Information Matrix              0.278E-05
       (ratio of smallest to largest eigenvalue)


CONFIDENCE INTERVALS OF MODEL RESULTS

                  Lower .5%  Lower 2.5%    Lower 5%    Estimate    Upper 5%  Upper 2.5%   Upper .5%

 IA       ON
    AGE_C80         -0.440      -0.396      -0.374      -0.257      -0.140      -0.118      -0.074
    EDU_C7           0.262       0.303       0.324       0.434       0.545       0.566       0.607
    FEMALE          -0.162       0.116       0.259       1.003       1.747       1.890       2.168
    SBP_C167        -0.015      -0.010      -0.007       0.006       0.019       0.021       0.026

 SA       ON
    AGE_C80         -0.110      -0.087      -0.075      -0.011       0.052       0.064       0.088
    EDU_C7          -0.071      -0.054      -0.045       0.000       0.046       0.055       0.072
    FEMALE          -0.275      -0.166      -0.111       0.178       0.467       0.523       0.631
    SBP_C167        -0.006      -0.005      -0.004       0.002       0.007       0.008       0.010

 QA       ON
    AGE_C80         -0.009      -0.006      -0.004       0.004       0.012       0.014       0.017
    EDU_C7          -0.014      -0.011      -0.010      -0.004       0.003       0.004       0.006
    FEMALE          -0.085      -0.070      -0.062      -0.023       0.016       0.023       0.038
    SBP_C167        -0.002      -0.002      -0.001      -0.001       0.000       0.000       0.000

 IA       WITH
    SA              -1.614      -1.396      -1.285      -0.702      -0.119      -0.008       0.210
    QA              -0.059      -0.031      -0.017       0.057       0.131       0.145       0.173

 SA       WITH
    QA              -0.103      -0.084      -0.075      -0.025       0.025       0.035       0.053

 Intercepts
    A_01             0.000       0.000       0.000       0.000       0.000       0.000       0.000
    A_02             0.000       0.000       0.000       0.000       0.000       0.000       0.000
    A_03             0.000       0.000       0.000       0.000       0.000       0.000       0.000
    A_04             0.000       0.000       0.000       0.000       0.000       0.000       0.000
    A_05             0.000       0.000       0.000       0.000       0.000       0.000       0.000
    IA               8.890       9.161       9.299      10.023      10.747      10.886      11.157
    SA              -0.321      -0.228      -0.180       0.068       0.317       0.365       0.458
    QA              -0.083      -0.070      -0.063      -0.028       0.007       0.014       0.027

 Residual Variances
    A_01             3.150       3.360       3.467       4.028       4.588       4.696       4.906
    A_02             3.150       3.360       3.467       4.028       4.588       4.696       4.906
    A_03             3.150       3.360       3.467       4.028       4.588       4.696       4.906
    A_04             3.150       3.360       3.467       4.028       4.588       4.696       4.906
    A_05             3.150       3.360       3.467       4.028       4.588       4.696       4.906
    IA               6.948       7.558       7.870       9.500      11.129      11.441      12.051
    SA              -0.342      -0.194      -0.118       0.277       0.672       0.747       0.895
    QA              -0.007      -0.005      -0.004       0.003       0.010       0.011       0.013


SAMPLE STATISTICS FOR ESTIMATED FACTOR SCORES


     SAMPLE STATISTICS


           Means
              IA            IA_SE         SA            SA_SE         QA
              ________      ________      ________      ________      ________
 1              8.869         1.435         0.131         0.476        -0.027


           Means
              QA_SE
              ________
 1              0.051


           Covariances
              IA            IA_SE         SA            SA_SE         QA
              ________      ________      ________      ________      ________
 IA            12.486
 IA_SE         -0.185         0.038
 SA            -0.347         0.009         0.078
 SA_SE         -0.020         0.003         0.001         0.000
 QA             0.010         0.000        -0.007         0.000         0.001
 QA_SE         -0.001         0.000         0.000         0.000         0.000


           Covariances
              QA_SE
              ________
 QA_SE          0.000


           Correlations
              IA            IA_SE         SA            SA_SE         QA
              ________      ________      ________      ________      ________
 IA             1.000
 IA_SE         -0.270         1.000
 SA            -0.353         0.160         1.000
 SA_SE         -0.325         0.889         0.132         1.000
 QA             0.090         0.012        -0.751         0.054         1.000
 QA_SE         -0.332         0.831         0.050         0.922         0.112


           Correlations
              QA_SE
              ________
 QA_SE          1.000


RESULTS SAVING INFORMATION

  Order of data

    Parameter estimates
     (saved in order shown in Technical 1 output)
    Standard errors
     (saved in order shown in Technical 1 output)
    H0 Loglikelihood
    H0 Scaling Correction Factor for MLR
    Number of Free Parameters
    Akaike (AIC)
    Bayesian (BIC)
    Sample-Size Adjusted BIC

  Save file
    u2_12345_aefb_prose_results.dat

  Save file format           Free


PLOT INFORMATION

The following plots are available:

  Histograms (sample values, estimated factor scores)
  Scatterplots (sample values, estimated factor scores)
  Latent variable distribution plots

SAVEDATA INFORMATION


  Save file
    u2_12345_aefb_prose_fscores.dat

  Order and format of variables

    A_01           F10.3
    A_02           F10.3
    A_03           F10.3
    A_04           F10.3
    A_05           F10.3
    AGE_C80        F10.3
    EDU_C7         F10.3
    FEMALE         F10.3
    SBP_C167       F10.3
    TIME_01        F10.3
    TIME_02        F10.3
    TIME_03        F10.3
    TIME_04        F10.3
    TIME_05        F10.3
    _WEIGHT        F10.3
    IA             F10.3
    IA_SE          F10.3
    SA             F10.3
    SA_SE          F10.3
    QA             F10.3
    QA_SE          F10.3
    PAIRID         I6

  Save file format
    21F10.3 I6

  Save file record length    10000


     Beginning Time:  12:07:22
        Ending Time:  12:07:24
       Elapsed Time:  00:00:02



MUTHEN & MUTHEN
3463 Stoner Ave.
Los Angeles, CA  90066

Tel: (310) 391-9971
Fax: (310) 391-8971
Web: www.StatModel.com
Support: Support@StatModel.com

Copyright (c) 1998-2014 Muthen & Muthen
