Mplus VERSION 7.3
MUTHEN & MUTHEN
12/17/2016  12:07 PM

INPUT INSTRUCTIONS

  TITLE:
  Script produced from the prototype in ./sandbox/syntax-creator/
  DATA:
  File = wide-dataset.dat ;
  VARIABLE:
  NAMES are
   Case PairID female age_c80 edu_c7 sbp_c167 smoke cardio diabetes dementia_ever
      years_since_bl_01 years_since_bl_02 years_since_bl_03 years_since_bl_04
      years_since_bl_05 pef_01 pef_02 pef_03 pef_04 pef_05 grip_01 grip_02 grip_03
      grip_04 grip_05 gait_01 gait_02 gait_03 gait_04 gait_05 block_01 block_02
      block_03 block_04 block_05 digitspanbackward_01 digitspanbackward_02
      digitspanbackward_03 digitspanbackward_04 digitspanbackward_05
      digitspanforward_01 digitspanforward_02 digitspanforward_03 digitspanforward_04
      digitspanforward_05 symbol_01 symbol_02 symbol_03 symbol_04 symbol_05 prose_01
      prose_02 prose_03 prose_04 prose_05 info_01 info_02 info_03 info_04 info_05
      synonyms_01 synonyms_02 synonyms_03 synonyms_04 synonyms_05 psif_01 psif_02
      psif_03 psif_04 psif_05 figure_01 figure_02 figure_03 figure_04 figure_05
      mirrecall_01 mirrecall_02 mirrecall_03 mirrecall_04 mirrecall_05 mmse_01 mmse_02
      mmse_03 mmse_04 mmse_05 mirnaming_01 mirnaming_02 mirnaming_03 mirnaming_04
      mirnaming_05 mirrecog_01 mirrecog_02 mirrecog_03 mirrecog_04 mirrecog_05
      clock_01 clock_02 clock_03 clock_04 clock_05
  	;
  Missing are all (-9999);
  USEVARIABLES are
  	!define the variables used in the analysis
  	! covariates used in the model
  age_c80
  edu_c7
  female	
  	!estimated time points
  time_01
  time_02
  time_04
  time_05
  	!modelled time points of process (A)
  a_01
  a_02
  a_04
  a_05
  ;
  TSCORES are
  	!estimated time points
  time_01
  time_02
  time_04
  time_05;
  CLUSTER = PairID;
  SUBPOPULATION are
  	!select a subset of observations
  dementia_ever NE 1
  ;
  DEFINE:
  	! assign variables to the process (A)
  a_01 = prose_01;
  a_02 = prose_02;
  a_04 = prose_04;
  a_05 = prose_05;
  	!assign variables to time points
  time_01 = years_since_bl_01;
  time_02 = years_since_bl_02;
  time_04 = years_since_bl_04;
  time_05 = years_since_bl_05;
  	
  ANALYSIS: TYPE = RANDOM COMPLEX;
  COVERAGE=.00;
  MODEL:
  	!first-level equation
  	! assign process (A) to time points
  ia sa qa | a_01 AT time_01 ;
  ia sa qa | a_02 AT time_02 ;
  ia sa qa | a_04 AT time_04 ;
  ia sa qa | a_05 AT time_05 ;
  	!variance of the first-level terms
  ia (v_ia);
  sa (v_sa);
  qa (v_qa);
  	!covariance among first-level terms
  ia WITH sa (c_iasa);
  ia WITH qa (c_iaqa);
  sa WITH qa (c_saqa);
  	!second-level equation
  ia sa qa ON age_c80
  edu_c7
  female;
  	!residual covariance of process (A)
  a_01 (res_a);
  a_02 (res_a);
  a_04 (res_a);
  a_05 (res_a);	
  SAVEDATA:
  FILE is   u2_1245_aef_prose_fscores.dat;
  SAVE = FSCORES;
  RESULTS are   u2_1245_aef_prose_results.dat;
  	
  OUTPUT: sampstat cinterval;
  PLOT: Type is Plot1 Plot2 Plot3;



*** WARNING
  Data set contains cases with missing on x-variables.
  These cases were not included in the analysis.
  Number of cases with missing on x-variables:  46
*** WARNING
  Data set contains cases with missing on all variables except
  x-variables.  These cases were not included in the analysis.
  Number of cases with missing on all variables except x-variables:  58
   2 WARNING(S) FOUND IN THE INPUT INSTRUCTIONS




Script produced from the prototype in ./sandbox/syntax-creator/

SUMMARY OF ANALYSIS

Number of groups                                                 1
Number of observations                                         426

Number of dependent variables                                    4
Number of independent variables                                  3
Number of continuous latent variables                            3

Observed dependent variables

  Continuous
   A_01        A_02        A_04        A_05

Observed independent variables
   AGE_C80     EDU_C7      FEMALE

Continuous latent variables
   IA          SA          QA

Variables with special functions

  Cluster variable      PAIRID
  Weight variable       _WEIGHT

  Time scores
   TIME_01     TIME_02     TIME_04     TIME_05


Estimator                                                      MLR
Information matrix                                        OBSERVED
Maximum number of iterations                                   100
Convergence criterion                                    0.100D-05
Maximum number of EM iterations                                500
Convergence criteria for the EM algorithm
  Loglikelihood change                                   0.100D-02
  Relative loglikelihood change                          0.100D-05
  Derivative                                             0.100D-03
Minimum variance                                         0.100D-03
Maximum number of steepest descent iterations                   20
Maximum number of iterations for H1                           2000
Convergence criterion for H1                             0.100D-03
Optimization algorithm                                         EMA

Input data file(s)
  wide-dataset.dat
Input data format  FREE



SAMPLE STATISTICS


     ESTIMATED SAMPLE STATISTICS


           Means
              A_01          A_02          A_04          A_05          AGE_C80
              ________      ________      ________      ________      ________
 1              9.893        10.149         9.887         9.440         3.214


           Means
              EDU_C7        FEMALE
              ________      ________
 1              0.362         0.653


           Covariances
              A_01          A_02          A_04          A_05          AGE_C80
              ________      ________      ________      ________      ________
 A_01          16.102
 A_02           9.918        13.489
 A_04           9.907         9.525        14.423
 A_05           8.004         6.857         9.129        13.600
 AGE_C80       -2.343        -1.718        -3.332         0.370         8.781
 EDU_C7         3.113         2.229         2.312         1.112        -0.519
 FEMALE         0.159         0.199         0.088         0.251         0.093


           Covariances
              EDU_C7        FEMALE
              ________      ________
 EDU_C7         6.470
 FEMALE        -0.144         0.227


           Correlations
              A_01          A_02          A_04          A_05          AGE_C80
              ________      ________      ________      ________      ________
 A_01           1.000
 A_02           0.673         1.000
 A_04           0.650         0.683         1.000
 A_05           0.541         0.506         0.652         1.000
 AGE_C80       -0.197        -0.158        -0.296         0.034         1.000
 EDU_C7         0.305         0.239         0.239         0.119        -0.069
 FEMALE         0.083         0.114         0.048         0.143         0.066


           Correlations
              EDU_C7        FEMALE
              ________      ________
 EDU_C7         1.000
 FEMALE        -0.119         1.000


     MAXIMUM LOG-LIKELIHOOD VALUE FOR THE UNRESTRICTED (H1) MODEL IS -6728.620


UNIVARIATE HIGHER-ORDER MOMENT DESCRIPTIVE STATISTICS


     UNIVARIATE HIGHER-ORDER MOMENT DESCRIPTIVE STATISTICS

         Variable/         Mean/     Skewness/   Minimum/ % with                Percentiles
        Sample Size      Variance    Kurtosis    Maximum  Min/Max      20%/60%    40%/80%    Median

     A_01                  9.998      -0.611       0.000    4.85%       5.000      8.000     10.000
             557.000      15.894      -0.399      16.000    3.77%      11.000     13.000
     A_02                 10.467      -0.855       0.000    6.38%       4.000      8.000     10.000
             439.000      12.785       0.212      16.000    2.73%      11.000     13.000
     A_04                 10.911      -0.866       0.000   10.26%       3.000      9.000     10.000
             195.000      11.547       0.202      16.000    3.08%      12.000     13.000
     A_05                 10.123      -1.011       0.000    8.27%       3.000      9.000     10.000
             133.000      12.259       0.378      16.000    0.75%      11.000     13.000
     AGE_C80               3.214       1.439      -0.630    0.17%       0.874      1.757      2.337
             598.000       8.781       2.654      17.918    0.17%       3.194      5.679
     EDU_C7                0.362       2.130      -7.000    0.17%      -1.000     -1.000     -1.000
             598.000       6.470       6.699      16.000    0.17%       0.000      1.000
     FEMALE                0.653      -0.641       0.000   33.95%       0.000      1.000      1.000
             598.000       0.227      -1.589       1.000   66.05%       1.000      1.000


THE MODEL ESTIMATION TERMINATED NORMALLY



MODEL FIT INFORMATION

Number of Free Parameters                       19

Loglikelihood

          H0 Value                       -2448.334
          H0 Scaling Correction Factor      1.1349
            for MLR

Information Criteria

          Akaike (AIC)                    4934.668
          Bayesian (BIC)                  5011.702
          Sample-Size Adjusted BIC        4951.408
            (n* = (n + 2) / 24)



MODEL RESULTS

                                                    Two-Tailed
                    Estimate       S.E.  Est./S.E.    P-Value

 IA         ON
    AGE_C80           -0.228      0.068     -3.372      0.001
    EDU_C7             0.478      0.067      7.129      0.000
    FEMALE             1.146      0.451      2.539      0.011

 SA         ON
    AGE_C80           -0.012      0.047     -0.264      0.792
    EDU_C7            -0.053      0.038     -1.413      0.158
    FEMALE            -0.036      0.235     -0.154      0.878

 QA         ON
    AGE_C80            0.003      0.006      0.525      0.600
    EDU_C7             0.003      0.005      0.562      0.574
    FEMALE             0.004      0.032      0.136      0.892

 IA       WITH
    SA                -0.788      0.538     -1.465      0.143
    QA                 0.065      0.064      1.016      0.310

 SA       WITH
    QA                -0.067      0.058     -1.159      0.247

 Intercepts
    A_01               0.000      0.000    999.000    999.000
    A_02               0.000      0.000    999.000    999.000
    A_04               0.000      0.000    999.000    999.000
    A_05               0.000      0.000    999.000    999.000
    IA                 9.695      0.436     22.248      0.000
    SA                 0.300      0.217      1.385      0.166
    QA                -0.049      0.031     -1.614      0.107

 Residual Variances
    A_01               3.945      0.621      6.356      0.000
    A_02               3.945      0.621      6.356      0.000
    A_04               3.945      0.621      6.356      0.000
    A_05               3.945      0.621      6.356      0.000
    IA                 9.719      1.082      8.978      0.000
    SA                 0.568      0.480      1.185      0.236
    QA                 0.009      0.007      1.233      0.218


QUALITY OF NUMERICAL RESULTS

     Condition Number for the Information Matrix              0.271E-05
       (ratio of smallest to largest eigenvalue)


CONFIDENCE INTERVALS OF MODEL RESULTS

                  Lower .5%  Lower 2.5%    Lower 5%    Estimate    Upper 5%  Upper 2.5%   Upper .5%

 IA       ON
    AGE_C80         -0.403      -0.361      -0.340      -0.228      -0.117      -0.096      -0.054
    EDU_C7           0.305       0.347       0.368       0.478       0.588       0.610       0.651
    FEMALE          -0.017       0.261       0.404       1.146       1.889       2.031       2.309

 SA       ON
    AGE_C80         -0.132      -0.104      -0.089      -0.012       0.064       0.079       0.108
    EDU_C7          -0.150      -0.127      -0.115      -0.053       0.009       0.021       0.044
    FEMALE          -0.640      -0.496      -0.422      -0.036       0.350       0.424       0.568

 QA       ON
    AGE_C80         -0.013      -0.009      -0.007       0.003       0.014       0.016       0.020
    EDU_C7          -0.010      -0.007      -0.005       0.003       0.011       0.013       0.016
    FEMALE          -0.079      -0.059      -0.049       0.004       0.058       0.068       0.088

 IA       WITH
    SA              -2.173      -1.842      -1.673      -0.788       0.097       0.266       0.598
    QA              -0.100      -0.060      -0.040       0.065       0.170       0.191       0.230

 SA       WITH
    QA              -0.217      -0.181      -0.163      -0.067       0.028       0.047       0.082

 Intercepts
    A_01             0.000       0.000       0.000       0.000       0.000       0.000       0.000
    A_02             0.000       0.000       0.000       0.000       0.000       0.000       0.000
    A_04             0.000       0.000       0.000       0.000       0.000       0.000       0.000
    A_05             0.000       0.000       0.000       0.000       0.000       0.000       0.000
    IA               8.572       8.841       8.978       9.695      10.412      10.549      10.817
    SA              -0.258      -0.125      -0.056       0.300       0.657       0.725       0.858
    QA              -0.128      -0.110      -0.100      -0.049       0.001       0.011       0.029

 Residual Variances
    A_01             2.346       2.729       2.924       3.945       4.966       5.162       5.544
    A_02             2.346       2.729       2.924       3.945       4.966       5.162       5.544
    A_04             2.346       2.729       2.924       3.945       4.966       5.162       5.544
    A_05             2.346       2.729       2.924       3.945       4.966       5.162       5.544
    IA               6.931       7.597       7.938       9.719      11.499      11.840      12.507
    SA              -0.667      -0.372      -0.221       0.568       1.357       1.509       1.804
    QA              -0.010      -0.005      -0.003       0.009       0.021       0.023       0.028


SAMPLE STATISTICS FOR ESTIMATED FACTOR SCORES


     SAMPLE STATISTICS


           Means
              IA            IA_SE         SA            SA_SE         QA
              ________      ________      ________      ________      ________
 1              8.778         1.492         0.216         0.694        -0.034


           Means
              QA_SE
              ________
 1              0.089


           Covariances
              IA            IA_SE         SA            SA_SE         QA
              ________      ________      ________      ________      ________
 IA            12.711
 IA_SE         -0.197         0.038
 SA            -0.477         0.006         0.116
 SA_SE         -0.029         0.005         0.001         0.001
 QA             0.020         0.000        -0.012         0.000         0.001
 QA_SE         -0.004         0.001         0.000         0.000         0.000


           Covariances
              QA_SE
              ________
 QA_SE          0.000


           Correlations
              IA            IA_SE         SA            SA_SE         QA
              ________      ________      ________      ________      ________
 IA             1.000
 IA_SE         -0.282         1.000
 SA            -0.394         0.093         1.000
 SA_SE         -0.289         0.933         0.072         1.000
 QA             0.148         0.041        -0.885         0.078         1.000
 QA_SE         -0.254         0.768         0.030         0.920         0.110


           Correlations
              QA_SE
              ________
 QA_SE          1.000


RESULTS SAVING INFORMATION

  Order of data

    Parameter estimates
     (saved in order shown in Technical 1 output)
    Standard errors
     (saved in order shown in Technical 1 output)
    H0 Loglikelihood
    H0 Scaling Correction Factor for MLR
    Number of Free Parameters
    Akaike (AIC)
    Bayesian (BIC)
    Sample-Size Adjusted BIC

  Save file
    u2_1245_aef_prose_results.dat

  Save file format           Free


PLOT INFORMATION

The following plots are available:

  Histograms (sample values, estimated factor scores)
  Scatterplots (sample values, estimated factor scores)
  Latent variable distribution plots

SAVEDATA INFORMATION


  Save file
    u2_1245_aef_prose_fscores.dat

  Order and format of variables

    A_01           F10.3
    A_02           F10.3
    A_04           F10.3
    A_05           F10.3
    AGE_C80        F10.3
    EDU_C7         F10.3
    FEMALE         F10.3
    TIME_01        F10.3
    TIME_02        F10.3
    TIME_04        F10.3
    TIME_05        F10.3
    _WEIGHT        F10.3
    IA             F10.3
    IA_SE          F10.3
    SA             F10.3
    SA_SE          F10.3
    QA             F10.3
    QA_SE          F10.3
    PAIRID         I6

  Save file format
    18F10.3 I6

  Save file record length    10000


     Beginning Time:  12:07:57
        Ending Time:  12:07:59
       Elapsed Time:  00:00:02



MUTHEN & MUTHEN
3463 Stoner Ave.
Los Angeles, CA  90066

Tel: (310) 391-9971
Fax: (310) 391-8971
Web: www.StatModel.com
Support: Support@StatModel.com

Copyright (c) 1998-2014 Muthen & Muthen
