Mplus VERSION 7.3
MUTHEN & MUTHEN
12/17/2016   6:09 PM

INPUT INSTRUCTIONS

  TITLE:
  Script produced from the prototype in ./sandbox/syntax-creator/
  DATA:
  File = wide-dataset.dat ;
  VARIABLE:
  NAMES are
   Case PairID female age_c80 edu_c7 sbp_c167 smoke cardio diabetes dementia_ever
      years_since_bl_01 years_since_bl_02 years_since_bl_03 years_since_bl_04
      years_since_bl_05 pef_01 pef_02 pef_03 pef_04 pef_05 grip_01 grip_02 grip_03
      grip_04 grip_05 gait_01 gait_02 gait_03 gait_04 gait_05 block_01 block_02
      block_03 block_04 block_05 digitspanbackward_01 digitspanbackward_02
      digitspanbackward_03 digitspanbackward_04 digitspanbackward_05
      digitspanforward_01 digitspanforward_02 digitspanforward_03 digitspanforward_04
      digitspanforward_05 symbol_01 symbol_02 symbol_03 symbol_04 symbol_05 prose_01
      prose_02 prose_03 prose_04 prose_05 info_01 info_02 info_03 info_04 info_05
      synonyms_01 synonyms_02 synonyms_03 synonyms_04 synonyms_05 psif_01 psif_02
      psif_03 psif_04 psif_05 figure_01 figure_02 figure_03 figure_04 figure_05
      mirrecall_01 mirrecall_02 mirrecall_03 mirrecall_04 mirrecall_05 mmse_01 mmse_02
      mmse_03 mmse_04 mmse_05 mirnaming_01 mirnaming_02 mirnaming_03 mirnaming_04
      mirnaming_05 mirrecog_01 mirrecog_02 mirrecog_03 mirrecog_04 mirrecog_05
      clock_01 clock_02 clock_03 clock_04 clock_05
  	;
  Missing are all (-9999);
  USEVARIABLES are
  	!define the variables used in the analysis
  	! covariates used in the model
  age_c80
  edu_c7
  female	
  	!estimated time points
  time_01
  time_02
  time_03
  	!modelled time points of process (A)
  a_01
  a_02
  a_03
  ;
  TSCORES are
  	!estimated time points
  time_01
  time_02
  time_03;
  CLUSTER = PairID;
  SUBPOPULATION are
  	!select a subset of observations
  dementia_ever NE 1
  ;
  DEFINE:
  	! assign variables to the process (A)
  a_01 = prose_01;
  a_02 = prose_02;
  a_03 = prose_03;
  	!assign variables to time points
  time_01 = years_since_bl_01;
  time_02 = years_since_bl_02;
  time_03 = years_since_bl_03;
  	
  ANALYSIS: TYPE = RANDOM COMPLEX;
  COVERAGE=.00;
  MODEL:
  	!first-level equation
  	! assign process (A) to time points
  ia sa qa | a_01 AT time_01 ;
  ia sa qa | a_02 AT time_02 ;
  ia sa qa | a_03 AT time_03 ;
  	!variance of the first-level terms
  ia (v_ia);
  sa (v_sa);
  qa (v_qa);
  	!covariance among first-level terms
  ia WITH sa (c_iasa);
  ia WITH qa (c_iaqa);
  sa WITH qa (c_saqa);
  	!second-level equation
  ia sa qa ON age_c80
  edu_c7
  female;
  	!residual covariance of process (A)
  a_01 (res_a);
  a_02 (res_a);
  a_03 (res_a);	
  SAVEDATA:
  FILE is   u2_123_aef_prose_fscores.dat;
  SAVE = FSCORES;
  RESULTS are   u2_123_aef_prose_results.dat;
  	
  OUTPUT: sampstat cinterval;
  PLOT: Type is Plot1 Plot2 Plot3;



*** WARNING
  Data set contains cases with missing on x-variables.
  These cases were not included in the analysis.
  Number of cases with missing on x-variables:  46
*** WARNING
  Data set contains cases with missing on all variables except
  x-variables.  These cases were not included in the analysis.
  Number of cases with missing on all variables except x-variables:  58
   2 WARNING(S) FOUND IN THE INPUT INSTRUCTIONS




Script produced from the prototype in ./sandbox/syntax-creator/

SUMMARY OF ANALYSIS

Number of groups                                                 1
Number of observations                                         427

Number of dependent variables                                    3
Number of independent variables                                  3
Number of continuous latent variables                            3

Observed dependent variables

  Continuous
   A_01        A_02        A_03

Observed independent variables
   AGE_C80     EDU_C7      FEMALE

Continuous latent variables
   IA          SA          QA

Variables with special functions

  Cluster variable      PAIRID
  Weight variable       _WEIGHT

  Time scores
   TIME_01     TIME_02     TIME_03


Estimator                                                      MLR
Information matrix                                        OBSERVED
Maximum number of iterations                                   100
Convergence criterion                                    0.100D-05
Maximum number of EM iterations                                500
Convergence criteria for the EM algorithm
  Loglikelihood change                                   0.100D-02
  Relative loglikelihood change                          0.100D-05
  Derivative                                             0.100D-03
Minimum variance                                         0.100D-03
Maximum number of steepest descent iterations                   20
Maximum number of iterations for H1                           2000
Convergence criterion for H1                             0.100D-03
Optimization algorithm                                         EMA

Input data file(s)
  wide-dataset.dat
Input data format  FREE



SAMPLE STATISTICS


     ESTIMATED SAMPLE STATISTICS


           Means
              A_01          A_02          A_03          AGE_C80       EDU_C7
              ________      ________      ________      ________      ________
 1              9.892        10.126         9.811         3.215         0.363


           Means
              FEMALE
              ________
 1              0.651


           Covariances
              A_01          A_02          A_03          AGE_C80       EDU_C7
              ________      ________      ________      ________      ________
 A_01          16.112
 A_02           9.840        13.470
 A_03           9.966         9.769        14.277
 AGE_C80       -2.336        -1.833        -1.334         8.761
 EDU_C7         3.106         2.235         2.802        -0.518         6.456
 FEMALE         0.162         0.214         0.296         0.092        -0.145


           Covariances
              FEMALE
              ________
 FEMALE         0.227


           Correlations
              A_01          A_02          A_03          AGE_C80       EDU_C7
              ________      ________      ________      ________      ________
 A_01           1.000
 A_02           0.668         1.000
 A_03           0.657         0.704         1.000
 AGE_C80       -0.197        -0.169        -0.119         1.000
 EDU_C7         0.305         0.240         0.292        -0.069         1.000
 FEMALE         0.085         0.122         0.164         0.065        -0.120


           Correlations
              FEMALE
              ________
 FEMALE         1.000


     MAXIMUM LOG-LIKELIHOOD VALUE FOR THE UNRESTRICTED (H1) MODEL IS -6614.159


UNIVARIATE HIGHER-ORDER MOMENT DESCRIPTIVE STATISTICS


     UNIVARIATE HIGHER-ORDER MOMENT DESCRIPTIVE STATISTICS

         Variable/         Mean/     Skewness/   Minimum/ % with                Percentiles
        Sample Size      Variance    Kurtosis    Maximum  Min/Max      20%/60%    40%/80%    Median

     A_01                  9.998      -0.611       0.000    4.85%       5.000      8.000     10.000
             557.000      15.894      -0.399      16.000    3.77%      11.000     13.000
     A_02                 10.467      -0.855       0.000    6.38%       4.000      8.000     10.000
             439.000      12.785       0.212      16.000    2.73%      11.000     13.000
     A_03                 10.477      -0.675       0.000    6.60%       4.000      8.000     10.000
             303.000      12.970      -0.411      16.000    2.64%      11.000     13.000
     AGE_C80               3.215       1.439      -0.630    0.17%       0.874      1.757      2.337
             598.000       8.761       2.665      17.918    0.17%       3.194      5.679
     EDU_C7                0.363       2.130      -7.000    0.17%      -1.000     -1.000     -1.000
             598.000       6.456       6.714      16.000    0.17%       0.000      1.000
     FEMALE                0.651      -0.634       0.000   34.11%       0.000      1.000      1.000
             598.000       0.227      -1.598       1.000   65.89%       1.000      1.000


THE MODEL ESTIMATION TERMINATED NORMALLY



MODEL FIT INFORMATION

Number of Free Parameters                       19

Loglikelihood

          H0 Value                       -2363.466
          H0 Scaling Correction Factor      1.0434
            for MLR

Information Criteria

          Akaike (AIC)                    4764.931
          Bayesian (BIC)                  4842.010
          Sample-Size Adjusted BIC        4781.716
            (n* = (n + 2) / 24)



MODEL RESULTS

                                                    Two-Tailed
                    Estimate       S.E.  Est./S.E.    P-Value

 IA         ON
    AGE_C80           -0.249      0.068     -3.675      0.000
    EDU_C7             0.485      0.068      7.170      0.000
    FEMALE             1.119      0.457      2.450      0.014

 SA         ON
    AGE_C80            0.020      0.067      0.297      0.766
    EDU_C7            -0.115      0.059     -1.958      0.050
    FEMALE            -0.002      0.359     -0.005      0.996

 QA         ON
    AGE_C80            0.001      0.017      0.084      0.933
    EDU_C7             0.027      0.013      1.998      0.046
    FEMALE             0.034      0.088      0.383      0.702

 IA       WITH
    SA                -1.965      0.887     -2.214      0.027
    QA                 0.309      0.190      1.624      0.104

 SA       WITH
    QA                -0.485      0.225     -2.151      0.031

 Intercepts
    A_01               0.000      0.000    999.000    999.000
    A_02               0.000      0.000    999.000    999.000
    A_03               0.000      0.000    999.000    999.000
    IA                 9.788      0.442     22.153      0.000
    SA                 0.232      0.324      0.717      0.473
    QA                -0.104      0.080     -1.298      0.194

 Residual Variances
    A_01               3.011      0.508      5.925      0.000
    A_02               3.011      0.508      5.925      0.000
    A_03               3.011      0.508      5.925      0.000
    IA                10.816      1.130      9.573      0.000
    SA                 2.366      1.066      2.220      0.026
    QA                 0.110      0.049      2.263      0.024


QUALITY OF NUMERICAL RESULTS

     Condition Number for the Information Matrix              0.106E-06
       (ratio of smallest to largest eigenvalue)


CONFIDENCE INTERVALS OF MODEL RESULTS

                  Lower .5%  Lower 2.5%    Lower 5%    Estimate    Upper 5%  Upper 2.5%   Upper .5%

 IA       ON
    AGE_C80         -0.424      -0.382      -0.361      -0.249      -0.138      -0.116      -0.075
    EDU_C7           0.311       0.353       0.374       0.485       0.597       0.618       0.660
    FEMALE          -0.057       0.224       0.368       1.119       1.871       2.015       2.296

 SA       ON
    AGE_C80         -0.154      -0.112      -0.091       0.020       0.131       0.152       0.194
    EDU_C7          -0.266      -0.230      -0.211      -0.115      -0.018       0.000       0.036
    FEMALE          -0.926      -0.705      -0.592      -0.002       0.588       0.701       0.922

 QA       ON
    AGE_C80         -0.041      -0.031      -0.026       0.001       0.029       0.034       0.044
    EDU_C7          -0.008       0.001       0.005       0.027       0.049       0.053       0.061
    FEMALE          -0.194      -0.140      -0.112       0.034       0.179       0.207       0.262

 IA       WITH
    SA              -4.251      -3.704      -3.425      -1.965      -0.505      -0.226       0.321
    QA              -0.181      -0.064      -0.004       0.309       0.622       0.682       0.800

 SA       WITH
    QA              -1.065      -0.926      -0.855      -0.485      -0.114      -0.043       0.096

 Intercepts
    A_01             0.000       0.000       0.000       0.000       0.000       0.000       0.000
    A_02             0.000       0.000       0.000       0.000       0.000       0.000       0.000
    A_03             0.000       0.000       0.000       0.000       0.000       0.000       0.000
    IA               8.650       8.922       9.061       9.788      10.515      10.654      10.926
    SA              -0.602      -0.403      -0.301       0.232       0.765       0.867       1.067
    QA              -0.309      -0.260      -0.235      -0.104       0.028       0.053       0.102

 Residual Variances
    A_01             1.702       2.015       2.175       3.011       3.847       4.008       4.320
    A_02             1.702       2.015       2.175       3.011       3.847       4.008       4.320
    A_03             1.702       2.015       2.175       3.011       3.847       4.008       4.320
    IA               7.906       8.602       8.958      10.816      12.675      13.031      13.727
    SA              -0.379       0.277       0.613       2.366       4.120       4.455       5.112
    QA              -0.015       0.015       0.030       0.110       0.191       0.206       0.236


SAMPLE STATISTICS FOR ESTIMATED FACTOR SCORES


     SAMPLE STATISTICS


           Means
              IA            IA_SE         SA            SA_SE         QA
              ________      ________      ________      ________      ________
 1              8.792         1.457         0.225         1.308        -0.065


           Means
              QA_SE
              ________
 1              0.293


           Covariances
              IA            IA_SE         SA            SA_SE         QA
              ________      ________      ________      ________      ________
 IA            13.942
 IA_SE         -0.246         0.053
 SA            -1.279         0.004         0.865
 SA_SE         -0.098         0.018         0.013         0.011
 QA             0.195         0.001        -0.161        -0.002         0.034
 QA_SE         -0.018         0.003         0.003         0.002         0.000


           Covariances
              QA_SE
              ________
 QA_SE          0.000


           Correlations
              IA            IA_SE         SA            SA_SE         QA
              ________      ________      ________      ________      ________
 IA             1.000
 IA_SE         -0.287         1.000
 SA            -0.368         0.018         1.000
 SA_SE         -0.253         0.740         0.140         1.000
 QA             0.284         0.028        -0.944        -0.090         1.000
 QA_SE         -0.231         0.592         0.136         0.953        -0.077


           Correlations
              QA_SE
              ________
 QA_SE          1.000


RESULTS SAVING INFORMATION

  Order of data

    Parameter estimates
     (saved in order shown in Technical 1 output)
    Standard errors
     (saved in order shown in Technical 1 output)
    H0 Loglikelihood
    H0 Scaling Correction Factor for MLR
    Number of Free Parameters
    Akaike (AIC)
    Bayesian (BIC)
    Sample-Size Adjusted BIC

  Save file
    u2_123_aef_prose_results.dat

  Save file format           Free


PLOT INFORMATION

The following plots are available:

  Histograms (sample values, estimated factor scores)
  Scatterplots (sample values, estimated factor scores)
  Latent variable distribution plots

SAVEDATA INFORMATION


  Save file
    u2_123_aef_prose_fscores.dat

  Order and format of variables

    A_01           F10.3
    A_02           F10.3
    A_03           F10.3
    AGE_C80        F10.3
    EDU_C7         F10.3
    FEMALE         F10.3
    TIME_01        F10.3
    TIME_02        F10.3
    TIME_03        F10.3
    _WEIGHT        F10.3
    IA             F10.3
    IA_SE          F10.3
    SA             F10.3
    SA_SE          F10.3
    QA             F10.3
    QA_SE          F10.3
    PAIRID         I6

  Save file format
    16F10.3 I6

  Save file record length    10000


     Beginning Time:  18:09:36
        Ending Time:  18:09:37
       Elapsed Time:  00:00:01



MUTHEN & MUTHEN
3463 Stoner Ave.
Los Angeles, CA  90066

Tel: (310) 391-9971
Fax: (310) 391-8971
Web: www.StatModel.com
Support: Support@StatModel.com

Copyright (c) 1998-2014 Muthen & Muthen
