Mplus VERSION 7.3
MUTHEN & MUTHEN
12/17/2016   6:19 PM

INPUT INSTRUCTIONS

  TITLE:
  Script produced from the prototype in ./sandbox/syntax-creator/
  DATA:
  File = wide-dataset.dat ;
  VARIABLE:
  NAMES are
   Case PairID female age_c80 edu_c7 sbp_c167 smoke cardio diabetes dementia_ever
      years_since_bl_01 years_since_bl_02 years_since_bl_03 years_since_bl_04
      years_since_bl_05 pef_01 pef_02 pef_03 pef_04 pef_05 grip_01 grip_02 grip_03
      grip_04 grip_05 gait_01 gait_02 gait_03 gait_04 gait_05 block_01 block_02
      block_03 block_04 block_05 digitspanbackward_01 digitspanbackward_02
      digitspanbackward_03 digitspanbackward_04 digitspanbackward_05
      digitspanforward_01 digitspanforward_02 digitspanforward_03 digitspanforward_04
      digitspanforward_05 symbol_01 symbol_02 symbol_03 symbol_04 symbol_05 prose_01
      prose_02 prose_03 prose_04 prose_05 info_01 info_02 info_03 info_04 info_05
      synonyms_01 synonyms_02 synonyms_03 synonyms_04 synonyms_05 psif_01 psif_02
      psif_03 psif_04 psif_05 figure_01 figure_02 figure_03 figure_04 figure_05
      mirrecall_01 mirrecall_02 mirrecall_03 mirrecall_04 mirrecall_05 mmse_01 mmse_02
      mmse_03 mmse_04 mmse_05 mirnaming_01 mirnaming_02 mirnaming_03 mirnaming_04
      mirnaming_05 mirrecog_01 mirrecog_02 mirrecog_03 mirrecog_04 mirrecog_05
      clock_01 clock_02 clock_03 clock_04 clock_05
  	;
  Missing are all (-9999);
  USEVARIABLES are
  	!define the variables used in the analysis
  	! covariates used in the model
  age_c80
  edu_c7	
  	!estimated time points
  time_01
  time_04
  time_05
  	!modelled time points of process (A)
  a_01
  a_04
  a_05
  ;
  TSCORES are
  	!estimated time points
  time_01
  time_04
  time_05;
  CLUSTER = PairID;
  SUBPOPULATION are
  	!select a subset of observations
  dementia_ever NE 1
  ;
  DEFINE:
  	! assign variables to the process (A)
  a_01 = prose_01;
  a_04 = prose_04;
  a_05 = prose_05;
  	!assign variables to time points
  time_01 = years_since_bl_01;
  time_04 = years_since_bl_04;
  time_05 = years_since_bl_05;
  	
  ANALYSIS: TYPE = RANDOM COMPLEX;
  COVERAGE=.00;
  MODEL:
  	!first-level equation
  	! assign process (A) to time points
  ia sa qa | a_01 AT time_01 ;
  ia sa qa | a_04 AT time_04 ;
  ia sa qa | a_05 AT time_05 ;
  	!variance of the first-level terms
  ia (v_ia);
  sa (v_sa);
  qa (v_qa);
  	!covariance among first-level terms
  ia WITH sa (c_iasa);
  ia WITH qa (c_iaqa);
  sa WITH qa (c_saqa);
  	!second-level equation
  ia sa qa ON age_c80
  edu_c7;
  	!residual covariance of process (A)
  a_01 (res_a);
  a_04 (res_a);
  a_05 (res_a);	
  SAVEDATA:
  FILE is   u2_145_ae_prose_fscores.dat;
  SAVE = FSCORES;
  RESULTS are   u2_145_ae_prose_results.dat;
  	
  OUTPUT: sampstat cinterval;
  PLOT: Type is Plot1 Plot2 Plot3;



*** WARNING
  Data set contains cases with missing on x-variables.
  These cases were not included in the analysis.
  Number of cases with missing on x-variables:  46
*** WARNING
  Data set contains cases with missing on all variables except
  x-variables.  These cases were not included in the analysis.
  Number of cases with missing on all variables except x-variables:  93
   2 WARNING(S) FOUND IN THE INPUT INSTRUCTIONS




Script produced from the prototype in ./sandbox/syntax-creator/

SUMMARY OF ANALYSIS

Number of groups                                                 1
Number of observations                                         408

Number of dependent variables                                    3
Number of independent variables                                  2
Number of continuous latent variables                            3

Observed dependent variables

  Continuous
   A_01        A_04        A_05

Observed independent variables
   AGE_C80     EDU_C7

Continuous latent variables
   IA          SA          QA

Variables with special functions

  Cluster variable      PAIRID
  Weight variable       _WEIGHT

  Time scores
   TIME_01     TIME_04     TIME_05


Estimator                                                      MLR
Information matrix                                        OBSERVED
Maximum number of iterations                                   100
Convergence criterion                                    0.100D-05
Maximum number of EM iterations                                500
Convergence criteria for the EM algorithm
  Loglikelihood change                                   0.100D-02
  Relative loglikelihood change                          0.100D-05
  Derivative                                             0.100D-03
Minimum variance                                         0.100D-03
Maximum number of steepest descent iterations                   20
Maximum number of iterations for H1                           2000
Convergence criterion for H1                             0.100D-03
Optimization algorithm                                         EMA

Input data file(s)
  wide-dataset.dat
Input data format  FREE



SAMPLE STATISTICS


     ESTIMATED SAMPLE STATISTICS


           Means
              A_01          A_04          A_05          AGE_C80       EDU_C7
              ________      ________      ________      ________      ________
 1              9.988        10.198         9.692         3.121         0.431


           Covariances
              A_01          A_04          A_05          AGE_C80       EDU_C7
              ________      ________      ________      ________      ________
 A_01          15.913
 A_04           9.301        13.221
 A_05           7.646         8.420        13.266
 AGE_C80       -2.120        -2.720         0.679         8.153
 EDU_C7         3.061         2.075         1.058        -0.279         6.485


           Correlations
              A_01          A_04          A_05          AGE_C80       EDU_C7
              ________      ________      ________      ________      ________
 A_01           1.000
 A_04           0.641         1.000
 A_05           0.526         0.636         1.000
 AGE_C80       -0.186        -0.262         0.065         1.000
 EDU_C7         0.301         0.224         0.114        -0.038         1.000


     MAXIMUM LOG-LIKELIHOOD VALUE FOR THE UNRESTRICTED (H1) MODEL IS -5090.053


UNIVARIATE HIGHER-ORDER MOMENT DESCRIPTIVE STATISTICS


     UNIVARIATE HIGHER-ORDER MOMENT DESCRIPTIVE STATISTICS

         Variable/         Mean/     Skewness/   Minimum/ % with                Percentiles
        Sample Size      Variance    Kurtosis    Maximum  Min/Max      20%/60%    40%/80%    Median

     A_01                  9.998      -0.611       0.000    4.85%       5.000      8.000     10.000
             557.000      15.894      -0.399      16.000    3.77%      11.000     13.000
     A_04                 10.911      -0.866       0.000   10.26%       3.000      9.000     10.000
             195.000      11.547       0.202      16.000    3.08%      12.000     13.000
     A_05                 10.123      -1.011       0.000    8.27%       3.000      9.000     10.000
             133.000      12.259       0.378      16.000    0.75%      11.000     13.000
     AGE_C80               3.121       1.364      -0.630    0.18%       0.874      1.694      2.295
             563.000       8.153       2.162      17.918    0.18%       3.098      5.286
     EDU_C7                0.431       2.215      -5.000    0.36%      -1.000     -1.000     -1.000
             563.000       6.485       6.630      16.000    0.18%       0.000      1.000


THE MODEL ESTIMATION TERMINATED NORMALLY



MODEL FIT INFORMATION

Number of Free Parameters                       16

Loglikelihood

          H0 Value                       -1721.482
          H0 Scaling Correction Factor      1.0553
            for MLR

Information Criteria

          Akaike (AIC)                    3474.964
          Bayesian (BIC)                  3539.144
          Sample-Size Adjusted BIC        3488.374
            (n* = (n + 2) / 24)



MODEL RESULTS

                                                    Two-Tailed
                    Estimate       S.E.  Est./S.E.    P-Value

 IA         ON
    AGE_C80           -0.244      0.072     -3.382      0.001
    EDU_C7             0.461      0.065      7.143      0.000

 SA         ON
    AGE_C80           -0.174      0.066     -2.612      0.009
    EDU_C7             0.006      0.064      0.094      0.925

 QA         ON
    AGE_C80            0.027      0.009      2.961      0.003
    EDU_C7            -0.005      0.009     -0.589      0.556

 IA       WITH
    SA                -1.696      0.915     -1.853      0.064
    QA                 0.111      0.104      1.068      0.286

 SA       WITH
    QA                -0.327      0.182     -1.793      0.073

 Intercepts
    A_01               0.000      0.000    999.000    999.000
    A_04               0.000      0.000    999.000    999.000
    A_05               0.000      0.000    999.000    999.000
    IA                10.551      0.306     34.489      0.000
    SA                 0.795      0.238      3.333      0.001
    QA                -0.118      0.032     -3.644      0.000

 Residual Variances
    A_01               0.035      2.042      0.017      0.986
    A_04               0.035      2.042      0.017      0.986
    A_05               0.035      2.042      0.017      0.986
    IA                13.948      2.301      6.061      0.000
    SA                 2.654      1.451      1.830      0.067
    QA                 0.043      0.024      1.828      0.068


QUALITY OF NUMERICAL RESULTS

     Condition Number for the Information Matrix              0.574E-08
       (ratio of smallest to largest eigenvalue)


CONFIDENCE INTERVALS OF MODEL RESULTS

                  Lower .5%  Lower 2.5%    Lower 5%    Estimate    Upper 5%  Upper 2.5%   Upper .5%

 IA       ON
    AGE_C80         -0.430      -0.386      -0.363      -0.244      -0.125      -0.103      -0.058
    EDU_C7           0.295       0.335       0.355       0.461       0.568       0.588       0.628

 SA       ON
    AGE_C80         -0.345      -0.304      -0.283      -0.174      -0.064      -0.043      -0.002
    EDU_C7          -0.158      -0.119      -0.099       0.006       0.111       0.131       0.170

 QA       ON
    AGE_C80          0.003       0.009       0.012       0.027       0.041       0.044       0.050
    EDU_C7          -0.028      -0.023      -0.020      -0.005       0.009       0.012       0.018

 IA       WITH
    SA              -4.054      -3.490      -3.202      -1.696      -0.190       0.098       0.662
    QA              -0.157      -0.093      -0.060       0.111       0.283       0.316       0.380

 SA       WITH
    QA              -0.796      -0.684      -0.627      -0.327      -0.027       0.031       0.143

 Intercepts
    A_01             0.000       0.000       0.000       0.000       0.000       0.000       0.000
    A_04             0.000       0.000       0.000       0.000       0.000       0.000       0.000
    A_05             0.000       0.000       0.000       0.000       0.000       0.000       0.000
    IA               9.763       9.952      10.048      10.551      11.054      11.151      11.339
    SA               0.181       0.327       0.402       0.795       1.187       1.262       1.409
    QA              -0.202      -0.182      -0.171      -0.118      -0.065      -0.055      -0.035

 Residual Variances
    A_01            -5.225      -3.967      -3.324       0.035       3.395       4.038       5.296
    A_04            -5.225      -3.967      -3.324       0.035       3.395       4.038       5.296
    A_05            -5.225      -3.967      -3.324       0.035       3.395       4.038       5.296
    IA               8.021       9.438      10.163      13.948      17.734      18.458      19.876
    SA              -1.083      -0.189       0.268       2.654       5.041       5.498       6.391
    QA              -0.018      -0.003       0.004       0.043       0.082       0.089       0.104


SAMPLE STATISTICS FOR ESTIMATED FACTOR SCORES


     SAMPLE STATISTICS


           Means
              IA            IA_SE         SA            SA_SE         QA
              ________      ________      ________      ________      ________
 1              9.011         0.217         0.185         1.192        -0.027


           Means
              QA_SE
              ________
 1              0.160


           Covariances
              IA            IA_SE         SA            SA_SE         QA
              ________      ________      ________      ________      ________
 IA            18.755
 IA_SE         -0.134         0.081
 SA            -1.297        -0.033         1.512
 SA_SE         -0.468         0.006         0.029         0.326
 QA             0.026         0.004        -0.171         0.004         0.021
 QA_SE         -0.057         0.000         0.000         0.042         0.001


           Covariances
              QA_SE
              ________
 QA_SE          0.006


           Correlations
              IA            IA_SE         SA            SA_SE         QA
              ________      ________      ________      ________      ________
 IA             1.000
 IA_SE         -0.109         1.000
 SA            -0.244        -0.095         1.000
 SA_SE         -0.189         0.034         0.041         1.000
 QA             0.040         0.088        -0.953         0.046         1.000
 QA_SE         -0.176         0.015        -0.004         0.989         0.085


           Correlations
              QA_SE
              ________
 QA_SE          1.000


RESULTS SAVING INFORMATION

  Order of data

    Parameter estimates
     (saved in order shown in Technical 1 output)
    Standard errors
     (saved in order shown in Technical 1 output)
    H0 Loglikelihood
    H0 Scaling Correction Factor for MLR
    Number of Free Parameters
    Akaike (AIC)
    Bayesian (BIC)
    Sample-Size Adjusted BIC

  Save file
    u2_145_ae_prose_results.dat

  Save file format           Free


PLOT INFORMATION

The following plots are available:

  Histograms (sample values, estimated factor scores)
  Scatterplots (sample values, estimated factor scores)
  Latent variable distribution plots

SAVEDATA INFORMATION


  Save file
    u2_145_ae_prose_fscores.dat

  Order and format of variables

    A_01           F10.3
    A_04           F10.3
    A_05           F10.3
    AGE_C80        F10.3
    EDU_C7         F10.3
    TIME_01        F10.3
    TIME_04        F10.3
    TIME_05        F10.3
    _WEIGHT        F10.3
    IA             F10.3
    IA_SE          F10.3
    SA             F10.3
    SA_SE          F10.3
    QA             F10.3
    QA_SE          F10.3
    PAIRID         I6

  Save file format
    15F10.3 I6

  Save file record length    10000


     Beginning Time:  18:19:46
        Ending Time:  18:19:48
       Elapsed Time:  00:00:02



MUTHEN & MUTHEN
3463 Stoner Ave.
Los Angeles, CA  90066

Tel: (310) 391-9971
Fax: (310) 391-8971
Web: www.StatModel.com
Support: Support@StatModel.com

Copyright (c) 1998-2014 Muthen & Muthen
