Mplus VERSION 7.3
MUTHEN & MUTHEN
12/17/2016  12:07 PM

INPUT INSTRUCTIONS

  TITLE:
  Script produced from the prototype in ./sandbox/syntax-creator/
  DATA:
  File = wide-dataset.dat ;
  VARIABLE:
  NAMES are
   Case PairID female age_c80 edu_c7 sbp_c167 smoke cardio diabetes dementia_ever
      years_since_bl_01 years_since_bl_02 years_since_bl_03 years_since_bl_04
      years_since_bl_05 pef_01 pef_02 pef_03 pef_04 pef_05 grip_01 grip_02 grip_03
      grip_04 grip_05 gait_01 gait_02 gait_03 gait_04 gait_05 block_01 block_02
      block_03 block_04 block_05 digitspanbackward_01 digitspanbackward_02
      digitspanbackward_03 digitspanbackward_04 digitspanbackward_05
      digitspanforward_01 digitspanforward_02 digitspanforward_03 digitspanforward_04
      digitspanforward_05 symbol_01 symbol_02 symbol_03 symbol_04 symbol_05 prose_01
      prose_02 prose_03 prose_04 prose_05 info_01 info_02 info_03 info_04 info_05
      synonyms_01 synonyms_02 synonyms_03 synonyms_04 synonyms_05 psif_01 psif_02
      psif_03 psif_04 psif_05 figure_01 figure_02 figure_03 figure_04 figure_05
      mirrecall_01 mirrecall_02 mirrecall_03 mirrecall_04 mirrecall_05 mmse_01 mmse_02
      mmse_03 mmse_04 mmse_05 mirnaming_01 mirnaming_02 mirnaming_03 mirnaming_04
      mirnaming_05 mirrecog_01 mirrecog_02 mirrecog_03 mirrecog_04 mirrecog_05
      clock_01 clock_02 clock_03 clock_04 clock_05
  	;
  Missing are all (-9999);
  USEVARIABLES are
  	!define the variables used in the analysis
  	! covariates used in the model
  age_c80
  edu_c7
  female	
  	!estimated time points
  time_01
  time_02
  time_03
  time_04
  time_05
  	!modelled time points of process (A)
  a_01
  a_02
  a_03
  a_04
  a_05
  ;
  TSCORES are
  	!estimated time points
  time_01
  time_02
  time_03
  time_04
  time_05;
  CLUSTER = PairID;
  SUBPOPULATION are
  	!select a subset of observations
  dementia_ever NE 1
  ;
  DEFINE:
  	! assign variables to the process (A)
  a_01 = prose_01;
  a_02 = prose_02;
  a_03 = prose_03;
  a_04 = prose_04;
  a_05 = prose_05;
  	!assign variables to time points
  time_01 = years_since_bl_01;
  time_02 = years_since_bl_02;
  time_03 = years_since_bl_03;
  time_04 = years_since_bl_04;
  time_05 = years_since_bl_05;
  	
  ANALYSIS: TYPE = RANDOM COMPLEX;
  COVERAGE=.00;
  MODEL:
  	!first-level equation
  	! assign process (A) to time points
  ia sa qa | a_01 AT time_01 ;
  ia sa qa | a_02 AT time_02 ;
  ia sa qa | a_03 AT time_03 ;
  ia sa qa | a_04 AT time_04 ;
  ia sa qa | a_05 AT time_05 ;
  	!variance of the first-level terms
  ia (v_ia);
  sa (v_sa);
  qa (v_qa);
  	!covariance among first-level terms
  ia WITH sa (c_iasa);
  ia WITH qa (c_iaqa);
  sa WITH qa (c_saqa);
  	!second-level equation
  ia sa qa ON age_c80
  edu_c7
  female;
  	!residual covariance of process (A)
  a_01 (res_a);
  a_02 (res_a);
  a_03 (res_a);
  a_04 (res_a);
  a_05 (res_a);	
  SAVEDATA:
  FILE is   u2_12345_aef_prose_fscores.dat;
  SAVE = FSCORES;
  RESULTS are   u2_12345_aef_prose_results.dat;
  	
  OUTPUT: sampstat cinterval;
  PLOT: Type is Plot1 Plot2 Plot3;



*** WARNING
  Data set contains cases with missing on x-variables.
  These cases were not included in the analysis.
  Number of cases with missing on x-variables:  46
*** WARNING
  Data set contains cases with missing on all variables except
  x-variables.  These cases were not included in the analysis.
  Number of cases with missing on all variables except x-variables:  57
   2 WARNING(S) FOUND IN THE INPUT INSTRUCTIONS




Script produced from the prototype in ./sandbox/syntax-creator/

SUMMARY OF ANALYSIS

Number of groups                                                 1
Number of observations                                         427

Number of dependent variables                                    5
Number of independent variables                                  3
Number of continuous latent variables                            3

Observed dependent variables

  Continuous
   A_01        A_02        A_03        A_04        A_05

Observed independent variables
   AGE_C80     EDU_C7      FEMALE

Continuous latent variables
   IA          SA          QA

Variables with special functions

  Cluster variable      PAIRID
  Weight variable       _WEIGHT

  Time scores
   TIME_01     TIME_02     TIME_03     TIME_04     TIME_05


Estimator                                                      MLR
Information matrix                                        OBSERVED
Maximum number of iterations                                   100
Convergence criterion                                    0.100D-05
Maximum number of EM iterations                                500
Convergence criteria for the EM algorithm
  Loglikelihood change                                   0.100D-02
  Relative loglikelihood change                          0.100D-05
  Derivative                                             0.100D-03
Minimum variance                                         0.100D-03
Maximum number of steepest descent iterations                   20
Maximum number of iterations for H1                           2000
Convergence criterion for H1                             0.100D-03
Optimization algorithm                                         EMA

Input data file(s)
  wide-dataset.dat
Input data format  FREE



SAMPLE STATISTICS


     ESTIMATED SAMPLE STATISTICS


           Means
              A_01          A_02          A_03          A_04          A_05
              ________      ________      ________      ________      ________
 1              9.891        10.122         9.805         9.797         9.294


           Means
              AGE_C80       EDU_C7        FEMALE
              ________      ________      ________
 1              3.215         0.363         0.651


           Covariances
              A_01          A_02          A_03          A_04          A_05
              ________      ________      ________      ________      ________
 A_01          16.123
 A_02           9.915        13.537
 A_03          10.011         9.802        14.294
 A_04           9.918         9.443        10.420        14.369
 A_05           7.792         6.752         9.433         9.180        14.032
 AGE_C80       -2.335        -1.839        -1.300        -3.249         0.953
 EDU_C7         3.100         2.235         2.810         2.359         1.056
 FEMALE         0.161         0.214         0.298         0.101         0.214


           Covariances
              AGE_C80       EDU_C7        FEMALE
              ________      ________      ________
 AGE_C80        8.761
 EDU_C7        -0.518         6.456
 FEMALE         0.092        -0.145         0.227


           Correlations
              A_01          A_02          A_03          A_04          A_05
              ________      ________      ________      ________      ________
 A_01           1.000
 A_02           0.671         1.000
 A_03           0.659         0.705         1.000
 A_04           0.652         0.677         0.727         1.000
 A_05           0.518         0.490         0.666         0.646         1.000
 AGE_C80       -0.196        -0.169        -0.116        -0.290         0.086
 EDU_C7         0.304         0.239         0.292         0.245         0.111
 FEMALE         0.084         0.122         0.165         0.056         0.120


           Correlations
              AGE_C80       EDU_C7        FEMALE
              ________      ________      ________
 AGE_C80        1.000
 EDU_C7        -0.069         1.000
 FEMALE         0.065        -0.120         1.000


     MAXIMUM LOG-LIKELIHOOD VALUE FOR THE UNRESTRICTED (H1) MODEL IS -7432.577


UNIVARIATE HIGHER-ORDER MOMENT DESCRIPTIVE STATISTICS


     UNIVARIATE HIGHER-ORDER MOMENT DESCRIPTIVE STATISTICS

         Variable/         Mean/     Skewness/   Minimum/ % with                Percentiles
        Sample Size      Variance    Kurtosis    Maximum  Min/Max      20%/60%    40%/80%    Median

     A_01                  9.998      -0.611       0.000    4.85%       5.000      8.000     10.000
             557.000      15.894      -0.399      16.000    3.77%      11.000     13.000
     A_02                 10.467      -0.855       0.000    6.38%       4.000      8.000     10.000
             439.000      12.785       0.212      16.000    2.73%      11.000     13.000
     A_03                 10.477      -0.675       0.000    6.60%       4.000      8.000     10.000
             303.000      12.970      -0.411      16.000    2.64%      11.000     13.000
     A_04                 10.911      -0.866       0.000   10.26%       3.000      9.000     10.000
             195.000      11.547       0.202      16.000    3.08%      12.000     13.000
     A_05                 10.123      -1.011       0.000    8.27%       3.000      9.000     10.000
             133.000      12.259       0.378      16.000    0.75%      11.000     13.000
     AGE_C80               3.215       1.439      -0.630    0.17%       0.874      1.765      2.342
             599.000       8.761       2.665      17.918    0.17%       3.194      5.679
     EDU_C7                0.363       2.130      -7.000    0.17%      -1.000     -1.000     -1.000
             599.000       6.456       6.714      16.000    0.17%       0.000      1.000
     FEMALE                0.651      -0.634       0.000   34.06%       0.000      1.000      1.000
             599.000       0.227      -1.598       1.000   65.94%       1.000      1.000


THE MODEL ESTIMATION TERMINATED NORMALLY



MODEL FIT INFORMATION

Number of Free Parameters                       19

Loglikelihood

          H0 Value                       -2955.007
          H0 Scaling Correction Factor      1.1252
            for MLR

Information Criteria

          Akaike (AIC)                    5948.014
          Bayesian (BIC)                  6025.093
          Sample-Size Adjusted BIC        5964.799
            (n* = (n + 2) / 24)



MODEL RESULTS

                                                    Two-Tailed
                    Estimate       S.E.  Est./S.E.    P-Value

 IA         ON
    AGE_C80           -0.236      0.068     -3.466      0.001
    EDU_C7             0.465      0.066      7.064      0.000
    FEMALE             1.117      0.448      2.495      0.013

 SA         ON
    AGE_C80            0.002      0.038      0.041      0.967
    EDU_C7            -0.009      0.027     -0.320      0.749
    FEMALE             0.135      0.179      0.751      0.453

 QA         ON
    AGE_C80            0.002      0.005      0.480      0.631
    EDU_C7            -0.003      0.004     -0.683      0.494
    FEMALE            -0.017      0.025     -0.676      0.499

 IA       WITH
    SA                -0.647      0.346     -1.871      0.061
    QA                 0.049      0.045      1.089      0.276

 SA       WITH
    QA                -0.030      0.031     -0.969      0.332

 Intercepts
    A_01               0.000      0.000    999.000    999.000
    A_02               0.000      0.000    999.000    999.000
    A_03               0.000      0.000    999.000    999.000
    A_04               0.000      0.000    999.000    999.000
    A_05               0.000      0.000    999.000    999.000
    IA                 9.762      0.433     22.532      0.000
    SA                 0.041      0.156      0.265      0.791
    QA                -0.023      0.023     -1.008      0.313

 Residual Variances
    A_01               4.053      0.340     11.933      0.000
    A_02               4.053      0.340     11.933      0.000
    A_03               4.053      0.340     11.933      0.000
    A_04               4.053      0.340     11.933      0.000
    A_05               4.053      0.340     11.933      0.000
    IA                 9.617      0.961     10.008      0.000
    SA                 0.321      0.241      1.331      0.183
    QA                 0.004      0.004      0.877      0.380


QUALITY OF NUMERICAL RESULTS

     Condition Number for the Information Matrix              0.306E-05
       (ratio of smallest to largest eigenvalue)


CONFIDENCE INTERVALS OF MODEL RESULTS

                  Lower .5%  Lower 2.5%    Lower 5%    Estimate    Upper 5%  Upper 2.5%   Upper .5%

 IA       ON
    AGE_C80         -0.411      -0.369      -0.347      -0.236      -0.124      -0.102      -0.060
    EDU_C7           0.295       0.336       0.357       0.465       0.573       0.594       0.635
    FEMALE          -0.036       0.240       0.381       1.117       1.854       1.995       2.271

 SA       ON
    AGE_C80         -0.097      -0.074      -0.062       0.002       0.065       0.077       0.100
    EDU_C7          -0.078      -0.061      -0.053      -0.009       0.036       0.044       0.060
    FEMALE          -0.327      -0.216      -0.160       0.135       0.429       0.485       0.596

 QA       ON
    AGE_C80         -0.011      -0.008      -0.006       0.002       0.011       0.012       0.016
    EDU_C7          -0.013      -0.010      -0.009      -0.003       0.004       0.005       0.007
    FEMALE          -0.080      -0.065      -0.057      -0.017       0.024       0.032       0.047

 IA       WITH
    SA              -1.538      -1.325      -1.216      -0.647      -0.078       0.031       0.244
    QA              -0.066      -0.039      -0.025       0.049       0.122       0.136       0.163

 SA       WITH
    QA              -0.109      -0.090      -0.081      -0.030       0.021       0.031       0.049

 Intercepts
    A_01             0.000       0.000       0.000       0.000       0.000       0.000       0.000
    A_02             0.000       0.000       0.000       0.000       0.000       0.000       0.000
    A_03             0.000       0.000       0.000       0.000       0.000       0.000       0.000
    A_04             0.000       0.000       0.000       0.000       0.000       0.000       0.000
    A_05             0.000       0.000       0.000       0.000       0.000       0.000       0.000
    IA               8.646       8.913       9.049       9.762      10.475      10.611      10.878
    SA              -0.360      -0.264      -0.215       0.041       0.298       0.347       0.443
    QA              -0.082      -0.068      -0.061      -0.023       0.015       0.022       0.036

 Residual Variances
    A_01             3.178       3.387       3.494       4.053       4.612       4.719       4.928
    A_02             3.178       3.387       3.494       4.053       4.612       4.719       4.928
    A_03             3.178       3.387       3.494       4.053       4.612       4.719       4.928
    A_04             3.178       3.387       3.494       4.053       4.612       4.719       4.928
    A_05             3.178       3.387       3.494       4.053       4.612       4.719       4.928
    IA               7.142       7.734       8.037       9.617      11.198      11.501      12.093
    SA              -0.301      -0.152      -0.076       0.321       0.719       0.795       0.943
    QA              -0.007      -0.004      -0.003       0.004       0.010       0.012       0.014


SAMPLE STATISTICS FOR ESTIMATED FACTOR SCORES


     SAMPLE STATISTICS


           Means
              IA            IA_SE         SA            SA_SE         QA
              ________      ________      ________      ________      ________
 1              8.750         1.455         0.112         0.517        -0.026


           Means
              QA_SE
              ________
 1              0.057


           Covariances
              IA            IA_SE         SA            SA_SE         QA
              ________      ________      ________      ________      ________
 IA            12.704
 IA_SE         -0.200         0.039
 SA            -0.313         0.010         0.081
 SA_SE         -0.026         0.004         0.001         0.001
 QA             0.008         0.000        -0.006         0.000         0.001
 QA_SE         -0.002         0.000         0.000         0.000         0.000


           Covariances
              QA_SE
              ________
 QA_SE          0.000


           Correlations
              IA            IA_SE         SA            SA_SE         QA
              ________      ________      ________      ________      ________
 IA             1.000
 IA_SE         -0.285         1.000
 SA            -0.309         0.188         1.000
 SA_SE         -0.328         0.898         0.177         1.000
 QA             0.086        -0.024        -0.801         0.013         1.000
 QA_SE         -0.328         0.837         0.090         0.917         0.093


           Correlations
              QA_SE
              ________
 QA_SE          1.000


RESULTS SAVING INFORMATION

  Order of data

    Parameter estimates
     (saved in order shown in Technical 1 output)
    Standard errors
     (saved in order shown in Technical 1 output)
    H0 Loglikelihood
    H0 Scaling Correction Factor for MLR
    Number of Free Parameters
    Akaike (AIC)
    Bayesian (BIC)
    Sample-Size Adjusted BIC

  Save file
    u2_12345_aef_prose_results.dat

  Save file format           Free


PLOT INFORMATION

The following plots are available:

  Histograms (sample values, estimated factor scores)
  Scatterplots (sample values, estimated factor scores)
  Latent variable distribution plots

SAVEDATA INFORMATION


  Save file
    u2_12345_aef_prose_fscores.dat

  Order and format of variables

    A_01           F10.3
    A_02           F10.3
    A_03           F10.3
    A_04           F10.3
    A_05           F10.3
    AGE_C80        F10.3
    EDU_C7         F10.3
    FEMALE         F10.3
    TIME_01        F10.3
    TIME_02        F10.3
    TIME_03        F10.3
    TIME_04        F10.3
    TIME_05        F10.3
    _WEIGHT        F10.3
    IA             F10.3
    IA_SE          F10.3
    SA             F10.3
    SA_SE          F10.3
    QA             F10.3
    QA_SE          F10.3
    PAIRID         I6

  Save file format
    20F10.3 I6

  Save file record length    10000


     Beginning Time:  12:07:20
        Ending Time:  12:07:22
       Elapsed Time:  00:00:02



MUTHEN & MUTHEN
3463 Stoner Ave.
Los Angeles, CA  90066

Tel: (310) 391-9971
Fax: (310) 391-8971
Web: www.StatModel.com
Support: Support@StatModel.com

Copyright (c) 1998-2014 Muthen & Muthen
