Mplus VERSION 7.3
MUTHEN & MUTHEN
12/17/2016  11:44 AM

INPUT INSTRUCTIONS

  TITLE:
  Script produced from the prototype in ./sandbox/syntax-creator/
  DATA:
  File = wide-dataset.dat ;
  VARIABLE:
  NAMES are
   Case PairID female age_c80 edu_c7 sbp_c167 smoke cardio diabetes dementia_ever
      years_since_bl_01 years_since_bl_02 years_since_bl_03 years_since_bl_04
      years_since_bl_05 pef_01 pef_02 pef_03 pef_04 pef_05 grip_01 grip_02 grip_03
      grip_04 grip_05 gait_01 gait_02 gait_03 gait_04 gait_05 block_01 block_02
      block_03 block_04 block_05 digitspanbackward_01 digitspanbackward_02
      digitspanbackward_03 digitspanbackward_04 digitspanbackward_05
      digitspanforward_01 digitspanforward_02 digitspanforward_03 digitspanforward_04
      digitspanforward_05 symbol_01 symbol_02 symbol_03 symbol_04 symbol_05 prose_01
      prose_02 prose_03 prose_04 prose_05 info_01 info_02 info_03 info_04 info_05
      synonyms_01 synonyms_02 synonyms_03 synonyms_04 synonyms_05 psif_01 psif_02
      psif_03 psif_04 psif_05 figure_01 figure_02 figure_03 figure_04 figure_05
      mirrecall_01 mirrecall_02 mirrecall_03 mirrecall_04 mirrecall_05 mmse_01 mmse_02
      mmse_03 mmse_04 mmse_05 mirnaming_01 mirnaming_02 mirnaming_03 mirnaming_04
      mirnaming_05 mirrecog_01 mirrecog_02 mirrecog_03 mirrecog_04 mirrecog_05
      clock_01 clock_02 clock_03 clock_04 clock_05
  	;
  Missing are all (-9999);
  USEVARIABLES are
  	!define the variables used in the analysis
  	! covariates used in the model
  age_c80
  edu_c7
  female	
  	!estimated time points
  time_01
  time_03
  time_04
  time_05
  	!modelled time points of process (A)
  a_01
  a_03
  a_04
  a_05
  ;
  TSCORES are
  	!estimated time points
  time_01
  time_03
  time_04
  time_05;
  CLUSTER = PairID;
  SUBPOPULATION are
  	!select a subset of observations
  dementia_ever NE 1
  ;
  DEFINE:
  	! assign variables to the process (A)
  a_01 = gait_01;
  a_03 = gait_03;
  a_04 = gait_04;
  a_05 = gait_05;
  	!assign variables to time points
  time_01 = years_since_bl_01;
  time_03 = years_since_bl_03;
  time_04 = years_since_bl_04;
  time_05 = years_since_bl_05;
  	
  ANALYSIS: TYPE = RANDOM COMPLEX;
  COVERAGE=.00;
  MODEL:
  	!first-level equation
  	! assign process (A) to time points
  ia sa | a_01 AT time_01 ;
  ia sa | a_03 AT time_03 ;
  ia sa | a_04 AT time_04 ;
  ia sa | a_05 AT time_05 ;
  	!variance of the first-level terms
  ia (v_ia);
  sa (v_sa);
  	!covariance among first-level terms
  ia WITH sa (c_iasa);
  	!second-level equation
  ia sa ON age_c80
  edu_c7
  female;
  	!residual covariance of process (A)
  a_01 (res_a);
  a_03 (res_a);
  a_04 (res_a);
  a_05 (res_a);	
  SAVEDATA:
  FILE is   u1_1345_aef_gait_fscores.dat;
  SAVE = FSCORES;
  RESULTS are   u1_1345_aef_gait_results.dat;
  	
  OUTPUT: sampstat cinterval;
  PLOT: Type is Plot1 Plot2 Plot3;



*** WARNING
  Data set contains cases with missing on x-variables.
  These cases were not included in the analysis.
  Number of cases with missing on x-variables:  46
*** WARNING
  Data set contains cases with missing on all variables except
  x-variables.  These cases were not included in the analysis.
  Number of cases with missing on all variables except x-variables:  122
   2 WARNING(S) FOUND IN THE INPUT INSTRUCTIONS




Script produced from the prototype in ./sandbox/syntax-creator/

SUMMARY OF ANALYSIS

Number of groups                                                 1
Number of observations                                         395

Number of dependent variables                                    4
Number of independent variables                                  3
Number of continuous latent variables                            2

Observed dependent variables

  Continuous
   A_01        A_03        A_04        A_05

Observed independent variables
   AGE_C80     EDU_C7      FEMALE

Continuous latent variables
   IA          SA

Variables with special functions

  Cluster variable      PAIRID
  Weight variable       _WEIGHT

  Time scores
   TIME_01     TIME_03     TIME_04     TIME_05


Estimator                                                      MLR
Information matrix                                        OBSERVED
Maximum number of iterations                                   100
Convergence criterion                                    0.100D-05
Maximum number of EM iterations                                500
Convergence criteria for the EM algorithm
  Loglikelihood change                                   0.100D-02
  Relative loglikelihood change                          0.100D-05
  Derivative                                             0.100D-03
Minimum variance                                         0.100D-03
Maximum number of steepest descent iterations                   20
Maximum number of iterations for H1                           2000
Convergence criterion for H1                             0.100D-03
Optimization algorithm                                         EMA

Input data file(s)
  wide-dataset.dat
Input data format  FREE



SAMPLE STATISTICS


     ESTIMATED SAMPLE STATISTICS


           Means
              A_01          A_03          A_04          A_05          AGE_C80
              ________      ________      ________      ________      ________
 1             11.337        12.034        11.948        12.704         3.082


           Means
              EDU_C7        FEMALE
              ________      ________
 1              0.284         0.666


           Covariances
              A_01          A_03          A_04          A_05          AGE_C80
              ________      ________      ________      ________      ________
 A_01          15.577
 A_03           7.736        15.574
 A_04           5.569         7.909        11.668
 A_05           5.205         6.782         8.583        18.449
 AGE_C80        2.347         2.756         0.838        -1.742         7.706
 EDU_C7        -1.551        -1.010        -0.808        -1.989        -0.461
 FEMALE         0.217         0.026        -0.076         0.171         0.118


           Covariances
              EDU_C7        FEMALE
              ________      ________
 EDU_C7         6.006
 FEMALE        -0.105         0.223


           Correlations
              A_01          A_03          A_04          A_05          AGE_C80
              ________      ________      ________      ________      ________
 A_01           1.000
 A_03           0.497         1.000
 A_04           0.413         0.587         1.000
 A_05           0.307         0.400         0.585         1.000
 AGE_C80        0.214         0.252         0.088        -0.146         1.000
 EDU_C7        -0.160        -0.104        -0.096        -0.189        -0.068
 FEMALE         0.116         0.014        -0.047         0.085         0.090


           Correlations
              EDU_C7        FEMALE
              ________      ________
 EDU_C7         1.000
 FEMALE        -0.091         1.000


     MAXIMUM LOG-LIKELIHOOD VALUE FOR THE UNRESTRICTED (H1) MODEL IS -6111.765


UNIVARIATE HIGHER-ORDER MOMENT DESCRIPTIVE STATISTICS


     UNIVARIATE HIGHER-ORDER MOMENT DESCRIPTIVE STATISTICS

         Variable/         Mean/     Skewness/   Minimum/ % with                Percentiles
        Sample Size      Variance    Kurtosis    Maximum  Min/Max      20%/60%    40%/80%    Median

     A_01                 11.310       1.664       5.000    0.39%       9.000     10.000     11.000
             515.000      15.487       4.378      40.000    0.19%      12.000     15.000
     A_03                 11.556       1.568       6.000    1.36%       9.000     10.000     11.000
             294.000      14.393       3.174      30.000    0.34%      11.000     14.000
     A_04                 11.420       1.305       6.000    1.42%       9.000     10.000     11.000
             211.000      10.290       1.912      28.000    0.47%      11.000     14.000
     A_05                 12.208       2.122       7.000    1.53%       9.000     11.000     11.000
             131.000      15.632       5.833      30.000    0.76%      12.000     14.000
     AGE_C80               3.082       1.306      -0.630    0.19%       0.875      1.637      2.195
             534.000       7.706       2.091      17.918    0.19%       2.923      5.334
     EDU_C7                0.284       2.252      -7.000    0.19%      -1.000     -1.000     -1.000
             534.000       6.006       8.056      16.000    0.19%       0.000      1.000
     FEMALE                0.666      -0.703       0.000   34.27%       0.000      1.000      1.000
             534.000       0.223      -1.506       1.000   65.73%       1.000      1.000


THE MODEL ESTIMATION TERMINATED NORMALLY



MODEL FIT INFORMATION

Number of Free Parameters                       12

Loglikelihood

          H0 Value                       -2400.525
          H0 Scaling Correction Factor      1.4978
            for MLR

Information Criteria

          Akaike (AIC)                    4825.050
          Bayesian (BIC)                  4872.797
          Sample-Size Adjusted BIC        4834.721
            (n* = (n + 2) / 24)



MODEL RESULTS

                                                    Two-Tailed
                    Estimate       S.E.  Est./S.E.    P-Value

 IA         ON
    AGE_C80            0.331      0.073      4.528      0.000
    EDU_C7            -0.209      0.080     -2.618      0.009
    FEMALE             0.565      0.412      1.371      0.170

 SA         ON
    AGE_C80           -0.035      0.019     -1.879      0.060
    EDU_C7             0.001      0.015      0.057      0.955
    FEMALE            -0.094      0.078     -1.210      0.226

 IA       WITH
    SA                -0.392      0.331     -1.182      0.237

 Intercepts
    A_01               0.000      0.000    999.000    999.000
    A_03               0.000      0.000    999.000    999.000
    A_04               0.000      0.000    999.000    999.000
    A_05               0.000      0.000    999.000    999.000
    IA                 9.966      0.383     26.009      0.000
    SA                 0.340      0.076      4.468      0.000

 Residual Variances
    A_01               6.390      0.833      7.672      0.000
    A_03               6.390      0.833      7.672      0.000
    A_04               6.390      0.833      7.672      0.000
    A_05               6.390      0.833      7.672      0.000
    IA                 8.263      1.949      4.239      0.000
    SA                 0.122      0.064      1.904      0.057


QUALITY OF NUMERICAL RESULTS

     Condition Number for the Information Matrix              0.506E-03
       (ratio of smallest to largest eigenvalue)


CONFIDENCE INTERVALS OF MODEL RESULTS

                  Lower .5%  Lower 2.5%    Lower 5%    Estimate    Upper 5%  Upper 2.5%   Upper .5%

 IA       ON
    AGE_C80          0.143       0.188       0.211       0.331       0.451       0.474       0.519
    EDU_C7          -0.414      -0.365      -0.340      -0.209      -0.078      -0.052      -0.003
    FEMALE          -0.497      -0.243      -0.113       0.565       1.244       1.374       1.628

 SA       ON
    AGE_C80         -0.082      -0.071      -0.065      -0.035      -0.004       0.001       0.013
    EDU_C7          -0.038      -0.028      -0.024       0.001       0.025       0.030       0.039
    FEMALE          -0.296      -0.247      -0.223      -0.094       0.034       0.059       0.107

 IA       WITH
    SA              -1.245      -1.041      -0.937      -0.392       0.153       0.258       0.462

 Intercepts
    A_01             0.000       0.000       0.000       0.000       0.000       0.000       0.000
    A_03             0.000       0.000       0.000       0.000       0.000       0.000       0.000
    A_04             0.000       0.000       0.000       0.000       0.000       0.000       0.000
    A_05             0.000       0.000       0.000       0.000       0.000       0.000       0.000
    IA               8.979       9.215       9.336       9.966      10.597      10.717      10.953
    SA               0.144       0.191       0.215       0.340       0.466       0.490       0.537

 Residual Variances
    A_01             4.245       4.758       5.020       6.390       7.760       8.022       8.535
    A_03             4.245       4.758       5.020       6.390       7.760       8.022       8.535
    A_04             4.245       4.758       5.020       6.390       7.760       8.022       8.535
    A_05             4.245       4.758       5.020       6.390       7.760       8.022       8.535
    IA               3.241       4.442       5.056       8.263      11.470      12.084      13.284
    SA              -0.043      -0.004       0.017       0.122       0.227       0.247       0.286


SAMPLE STATISTICS FOR ESTIMATED FACTOR SCORES


     SAMPLE STATISTICS


           Means
              IA            IA_SE         SA            SA_SE
              ________      ________      ________      ________
 1             11.661         1.771         0.160         0.311


           Covariances
              IA            IA_SE         SA            SA_SE
              ________      ________      ________      ________
 IA             7.692
 IA_SE          0.126         0.023
 SA            -0.315        -0.007         0.039
 SA_SE          0.027         0.003        -0.001         0.001


           Correlations
              IA            IA_SE         SA            SA_SE
              ________      ________      ________      ________
 IA             1.000
 IA_SE          0.300         1.000
 SA            -0.575        -0.244         1.000
 SA_SE          0.367         0.786        -0.229         1.000


RESULTS SAVING INFORMATION

  Order of data

    Parameter estimates
     (saved in order shown in Technical 1 output)
    Standard errors
     (saved in order shown in Technical 1 output)
    H0 Loglikelihood
    H0 Scaling Correction Factor for MLR
    Number of Free Parameters
    Akaike (AIC)
    Bayesian (BIC)
    Sample-Size Adjusted BIC

  Save file
    u1_1345_aef_gait_results.dat

  Save file format           Free


PLOT INFORMATION

The following plots are available:

  Histograms (sample values, estimated factor scores)
  Scatterplots (sample values, estimated factor scores)
  Latent variable distribution plots

SAVEDATA INFORMATION


  Save file
    u1_1345_aef_gait_fscores.dat

  Order and format of variables

    A_01           F10.3
    A_03           F10.3
    A_04           F10.3
    A_05           F10.3
    AGE_C80        F10.3
    EDU_C7         F10.3
    FEMALE         F10.3
    TIME_01        F10.3
    TIME_03        F10.3
    TIME_04        F10.3
    TIME_05        F10.3
    _WEIGHT        F10.3
    IA             F10.3
    IA_SE          F10.3
    SA             F10.3
    SA_SE          F10.3
    PAIRID         I5

  Save file format
    16F10.3 I5

  Save file record length    10000


     Beginning Time:  11:44:25
        Ending Time:  11:44:26
       Elapsed Time:  00:00:01



MUTHEN & MUTHEN
3463 Stoner Ave.
Los Angeles, CA  90066

Tel: (310) 391-9971
Fax: (310) 391-8971
Web: www.StatModel.com
Support: Support@StatModel.com

Copyright (c) 1998-2014 Muthen & Muthen
