Mplus VERSION 7.3
MUTHEN & MUTHEN
12/17/2016   5:17 PM

INPUT INSTRUCTIONS

  TITLE:
  Script produced from the prototype in ./sandbox/syntax-creator/
  DATA:
  File = wide-dataset.dat ;
  VARIABLE:
  NAMES are
   Case PairID female age_c80 edu_c7 sbp_c167 smoke cardio diabetes dementia_ever
      years_since_bl_01 years_since_bl_02 years_since_bl_03 years_since_bl_04
      years_since_bl_05 pef_01 pef_02 pef_03 pef_04 pef_05 grip_01 grip_02 grip_03
      grip_04 grip_05 gait_01 gait_02 gait_03 gait_04 gait_05 block_01 block_02
      block_03 block_04 block_05 digitspanbackward_01 digitspanbackward_02
      digitspanbackward_03 digitspanbackward_04 digitspanbackward_05
      digitspanforward_01 digitspanforward_02 digitspanforward_03 digitspanforward_04
      digitspanforward_05 symbol_01 symbol_02 symbol_03 symbol_04 symbol_05 prose_01
      prose_02 prose_03 prose_04 prose_05 info_01 info_02 info_03 info_04 info_05
      synonyms_01 synonyms_02 synonyms_03 synonyms_04 synonyms_05 psif_01 psif_02
      psif_03 psif_04 psif_05 figure_01 figure_02 figure_03 figure_04 figure_05
      mirrecall_01 mirrecall_02 mirrecall_03 mirrecall_04 mirrecall_05 mmse_01 mmse_02
      mmse_03 mmse_04 mmse_05 mirnaming_01 mirnaming_02 mirnaming_03 mirnaming_04
      mirnaming_05 mirrecog_01 mirrecog_02 mirrecog_03 mirrecog_04 mirrecog_05
      clock_01 clock_02 clock_03 clock_04 clock_05
  	;
  Missing are all (-9999);
  USEVARIABLES are
  	!define the variables used in the analysis
  	! covariates used in the model
  age_c80
  edu_c7	
  	!estimated time points
  time_01
  time_03
  time_05
  	!modelled time points of process (A)
  a_01
  a_03
  a_05
  ;
  TSCORES are
  	!estimated time points
  time_01
  time_03
  time_05;
  CLUSTER = PairID;
  SUBPOPULATION are
  	!select a subset of observations
  dementia_ever NE 1
  ;
  DEFINE:
  	! assign variables to the process (A)
  a_01 = gait_01;
  a_03 = gait_03;
  a_05 = gait_05;
  	!assign variables to time points
  time_01 = years_since_bl_01;
  time_03 = years_since_bl_03;
  time_05 = years_since_bl_05;
  	
  ANALYSIS: TYPE = RANDOM COMPLEX;
  COVERAGE=.00;
  MODEL:
  	!first-level equation
  	! assign process (A) to time points
  ia sa | a_01 AT time_01 ;
  ia sa | a_03 AT time_03 ;
  ia sa | a_05 AT time_05 ;
  	!variance of the first-level terms
  ia (v_ia);
  sa (v_sa);
  	!covariance among first-level terms
  ia WITH sa (c_iasa);
  	!second-level equation
  ia sa ON age_c80
  edu_c7;
  	!residual covariance of process (A)
  a_01 (res_a);
  a_03 (res_a);
  a_05 (res_a);	
  SAVEDATA:
  FILE is   u1_135_ae_gait_fscores.dat;
  SAVE = FSCORES;
  RESULTS are   u1_135_ae_gait_results.dat;
  	
  OUTPUT: sampstat cinterval;
  PLOT: Type is Plot1 Plot2 Plot3;



*** WARNING
  Data set contains cases with missing on x-variables.
  These cases were not included in the analysis.
  Number of cases with missing on x-variables:  46
*** WARNING
  Data set contains cases with missing on all variables except
  x-variables.  These cases were not included in the analysis.
  Number of cases with missing on all variables except x-variables:  122
   2 WARNING(S) FOUND IN THE INPUT INSTRUCTIONS




Script produced from the prototype in ./sandbox/syntax-creator/

SUMMARY OF ANALYSIS

Number of groups                                                 1
Number of observations                                         395

Number of dependent variables                                    3
Number of independent variables                                  2
Number of continuous latent variables                            2

Observed dependent variables

  Continuous
   A_01        A_03        A_05

Observed independent variables
   AGE_C80     EDU_C7

Continuous latent variables
   IA          SA

Variables with special functions

  Cluster variable      PAIRID
  Weight variable       _WEIGHT

  Time scores
   TIME_01     TIME_03     TIME_05


Estimator                                                      MLR
Information matrix                                        OBSERVED
Maximum number of iterations                                   100
Convergence criterion                                    0.100D-05
Maximum number of EM iterations                                500
Convergence criteria for the EM algorithm
  Loglikelihood change                                   0.100D-02
  Relative loglikelihood change                          0.100D-05
  Derivative                                             0.100D-03
Minimum variance                                         0.100D-03
Maximum number of steepest descent iterations                   20
Maximum number of iterations for H1                           2000
Convergence criterion for H1                             0.100D-03
Optimization algorithm                                         EMA

Input data file(s)
  wide-dataset.dat
Input data format  FREE



SAMPLE STATISTICS


     ESTIMATED SAMPLE STATISTICS


           Means
              A_01          A_03          A_05          AGE_C80       EDU_C7
              ________      ________      ________      ________      ________
 1             11.339        12.032        12.617         3.082         0.284


           Covariances
              A_01          A_03          A_05          AGE_C80       EDU_C7
              ________      ________      ________      ________      ________
 A_01          15.573
 A_03           7.865        15.736
 A_05           5.248         6.260        17.455
 AGE_C80        2.354         2.805        -1.451         7.706
 EDU_C7        -1.554        -1.064        -1.993        -0.461         6.006


           Correlations
              A_01          A_03          A_05          AGE_C80       EDU_C7
              ________      ________      ________      ________      ________
 A_01           1.000
 A_03           0.502         1.000
 A_05           0.318         0.378         1.000
 AGE_C80        0.215         0.255        -0.125         1.000
 EDU_C7        -0.161        -0.109        -0.195        -0.068         1.000


     MAXIMUM LOG-LIKELIHOOD VALUE FOR THE UNRESTRICTED (H1) MODEL IS -5212.085


UNIVARIATE HIGHER-ORDER MOMENT DESCRIPTIVE STATISTICS


     UNIVARIATE HIGHER-ORDER MOMENT DESCRIPTIVE STATISTICS

         Variable/         Mean/     Skewness/   Minimum/ % with                Percentiles
        Sample Size      Variance    Kurtosis    Maximum  Min/Max      20%/60%    40%/80%    Median

     A_01                 11.310       1.664       5.000    0.39%       9.000     10.000     11.000
             515.000      15.487       4.378      40.000    0.19%      12.000     15.000
     A_03                 11.556       1.568       6.000    1.36%       9.000     10.000     11.000
             294.000      14.393       3.174      30.000    0.34%      11.000     14.000
     A_05                 12.208       2.122       7.000    1.53%       9.000     11.000     11.000
             131.000      15.632       5.833      30.000    0.76%      12.000     14.000
     AGE_C80               3.082       1.306      -0.630    0.19%       0.875      1.637      2.195
             534.000       7.706       2.091      17.918    0.19%       2.923      5.334
     EDU_C7                0.284       2.252      -7.000    0.19%      -1.000     -1.000     -1.000
             534.000       6.006       8.056      16.000    0.19%       0.000      1.000


THE MODEL ESTIMATION TERMINATED NORMALLY



MODEL FIT INFORMATION

Number of Free Parameters                       10

Loglikelihood

          H0 Value                       -1983.317
          H0 Scaling Correction Factor      1.6241
            for MLR

Information Criteria

          Akaike (AIC)                    3986.634
          Bayesian (BIC)                  4026.423
          Sample-Size Adjusted BIC        3994.692
            (n* = (n + 2) / 24)



MODEL RESULTS

                                                    Two-Tailed
                    Estimate       S.E.  Est./S.E.    P-Value

 IA         ON
    AGE_C80            0.337      0.072      4.661      0.000
    EDU_C7            -0.217      0.079     -2.746      0.006

 SA         ON
    AGE_C80           -0.035      0.019     -1.899      0.058
    EDU_C7            -0.004      0.016     -0.281      0.779

 IA       WITH
    SA                -0.162      0.392     -0.414      0.679

 Intercepts
    A_01               0.000      0.000    999.000    999.000
    A_03               0.000      0.000    999.000    999.000
    A_05               0.000      0.000    999.000    999.000
    IA                10.333      0.308     33.517      0.000
    SA                 0.296      0.072      4.116      0.000

 Residual Variances
    A_01               7.910      1.308      6.045      0.000
    A_03               7.910      1.308      6.045      0.000
    A_05               7.910      1.308      6.045      0.000
    IA                 6.845      2.100      3.259      0.001
    SA                 0.068      0.088      0.775      0.438


QUALITY OF NUMERICAL RESULTS

     Condition Number for the Information Matrix              0.515E-03
       (ratio of smallest to largest eigenvalue)


CONFIDENCE INTERVALS OF MODEL RESULTS

                  Lower .5%  Lower 2.5%    Lower 5%    Estimate    Upper 5%  Upper 2.5%   Upper .5%

 IA       ON
    AGE_C80          0.151       0.195       0.218       0.337       0.456       0.479       0.523
    EDU_C7          -0.421      -0.372      -0.347      -0.217      -0.087      -0.062      -0.013

 SA       ON
    AGE_C80         -0.083      -0.071      -0.066      -0.035      -0.005       0.001       0.013
    EDU_C7          -0.045      -0.035      -0.030      -0.004       0.022       0.027       0.036

 IA       WITH
    SA              -1.171      -0.930      -0.807      -0.162       0.482       0.606       0.847

 Intercepts
    A_01             0.000       0.000       0.000       0.000       0.000       0.000       0.000
    A_03             0.000       0.000       0.000       0.000       0.000       0.000       0.000
    A_05             0.000       0.000       0.000       0.000       0.000       0.000       0.000
    IA               9.539       9.729       9.826      10.333      10.840      10.937      11.127
    SA               0.111       0.155       0.178       0.296       0.414       0.437       0.481

 Residual Variances
    A_01             4.539       5.345       5.757       7.910      10.062      10.474      11.280
    A_03             4.539       5.345       5.757       7.910      10.062      10.474      11.280
    A_05             4.539       5.345       5.757       7.910      10.062      10.474      11.280
    IA               1.435       2.729       3.390       6.845      10.301      10.962      12.256
    SA              -0.158      -0.104      -0.076       0.068       0.212       0.240       0.294


SAMPLE STATISTICS FOR ESTIMATED FACTOR SCORES


     SAMPLE STATISTICS


           Means
              IA            IA_SE         SA            SA_SE
              ________      ________      ________      ________
 1             11.610         1.771         0.181         0.249


           Covariances
              IA            IA_SE         SA            SA_SE
              ________      ________      ________      ________
 IA             5.704
 IA_SE          0.120         0.023
 SA            -0.134        -0.004         0.015
 SA_SE          0.010         0.001         0.000         0.000


           Correlations
              IA            IA_SE         SA            SA_SE
              ________      ________      ________      ________
 IA             1.000
 IA_SE          0.332         1.000
 SA            -0.455        -0.236         1.000
 SA_SE          0.347         0.775        -0.213         1.000


RESULTS SAVING INFORMATION

  Order of data

    Parameter estimates
     (saved in order shown in Technical 1 output)
    Standard errors
     (saved in order shown in Technical 1 output)
    H0 Loglikelihood
    H0 Scaling Correction Factor for MLR
    Number of Free Parameters
    Akaike (AIC)
    Bayesian (BIC)
    Sample-Size Adjusted BIC

  Save file
    u1_135_ae_gait_results.dat

  Save file format           Free


PLOT INFORMATION

The following plots are available:

  Histograms (sample values, estimated factor scores)
  Scatterplots (sample values, estimated factor scores)
  Latent variable distribution plots

SAVEDATA INFORMATION


  Save file
    u1_135_ae_gait_fscores.dat

  Order and format of variables

    A_01           F10.3
    A_03           F10.3
    A_05           F10.3
    AGE_C80        F10.3
    EDU_C7         F10.3
    TIME_01        F10.3
    TIME_03        F10.3
    TIME_05        F10.3
    _WEIGHT        F10.3
    IA             F10.3
    IA_SE          F10.3
    SA             F10.3
    SA_SE          F10.3
    PAIRID         I5

  Save file format
    13F10.3 I5

  Save file record length    10000


     Beginning Time:  17:17:28
        Ending Time:  17:17:29
       Elapsed Time:  00:00:01



MUTHEN & MUTHEN
3463 Stoner Ave.
Los Angeles, CA  90066

Tel: (310) 391-9971
Fax: (310) 391-8971
Web: www.StatModel.com
Support: Support@StatModel.com

Copyright (c) 1998-2014 Muthen & Muthen
