Mplus VERSION 7.3
MUTHEN & MUTHEN
12/17/2016  11:44 AM

INPUT INSTRUCTIONS

  TITLE:
  Script produced from the prototype in ./sandbox/syntax-creator/
  DATA:
  File = wide-dataset.dat ;
  VARIABLE:
  NAMES are
   Case PairID female age_c80 edu_c7 sbp_c167 smoke cardio diabetes dementia_ever
      years_since_bl_01 years_since_bl_02 years_since_bl_03 years_since_bl_04
      years_since_bl_05 pef_01 pef_02 pef_03 pef_04 pef_05 grip_01 grip_02 grip_03
      grip_04 grip_05 gait_01 gait_02 gait_03 gait_04 gait_05 block_01 block_02
      block_03 block_04 block_05 digitspanbackward_01 digitspanbackward_02
      digitspanbackward_03 digitspanbackward_04 digitspanbackward_05
      digitspanforward_01 digitspanforward_02 digitspanforward_03 digitspanforward_04
      digitspanforward_05 symbol_01 symbol_02 symbol_03 symbol_04 symbol_05 prose_01
      prose_02 prose_03 prose_04 prose_05 info_01 info_02 info_03 info_04 info_05
      synonyms_01 synonyms_02 synonyms_03 synonyms_04 synonyms_05 psif_01 psif_02
      psif_03 psif_04 psif_05 figure_01 figure_02 figure_03 figure_04 figure_05
      mirrecall_01 mirrecall_02 mirrecall_03 mirrecall_04 mirrecall_05 mmse_01 mmse_02
      mmse_03 mmse_04 mmse_05 mirnaming_01 mirnaming_02 mirnaming_03 mirnaming_04
      mirnaming_05 mirrecog_01 mirrecog_02 mirrecog_03 mirrecog_04 mirrecog_05
      clock_01 clock_02 clock_03 clock_04 clock_05
  	;
  Missing are all (-9999);
  USEVARIABLES are
  	!define the variables used in the analysis
  	! covariates used in the model
  age_c80
  edu_c7	
  	!estimated time points
  time_01
  time_04
  time_05
  	!modelled time points of process (A)
  a_01
  a_04
  a_05
  ;
  TSCORES are
  	!estimated time points
  time_01
  time_04
  time_05;
  CLUSTER = PairID;
  SUBPOPULATION are
  	!select a subset of observations
  dementia_ever NE 1
  ;
  DEFINE:
  	! assign variables to the process (A)
  a_01 = gait_01;
  a_04 = gait_04;
  a_05 = gait_05;
  	!assign variables to time points
  time_01 = years_since_bl_01;
  time_04 = years_since_bl_04;
  time_05 = years_since_bl_05;
  	
  ANALYSIS: TYPE = RANDOM COMPLEX;
  COVERAGE=.00;
  MODEL:
  	!first-level equation
  	! assign process (A) to time points
  ia sa | a_01 AT time_01 ;
  ia sa | a_04 AT time_04 ;
  ia sa | a_05 AT time_05 ;
  	!variance of the first-level terms
  ia (v_ia);
  sa (v_sa);
  	!covariance among first-level terms
  ia WITH sa (c_iasa);
  	!second-level equation
  ia sa ON age_c80
  edu_c7;
  	!residual covariance of process (A)
  a_01 (res_a);
  a_04 (res_a);
  a_05 (res_a);	
  SAVEDATA:
  FILE is   u1_145_ae_gait_fscores.dat;
  SAVE = FSCORES;
  RESULTS are   u1_145_ae_gait_results.dat;
  	
  OUTPUT: sampstat cinterval;
  PLOT: Type is Plot1 Plot2 Plot3;



*** WARNING
  Data set contains cases with missing on x-variables.
  These cases were not included in the analysis.
  Number of cases with missing on x-variables:  46
*** WARNING
  Data set contains cases with missing on all variables except
  x-variables.  These cases were not included in the analysis.
  Number of cases with missing on all variables except x-variables:  130
   2 WARNING(S) FOUND IN THE INPUT INSTRUCTIONS




Script produced from the prototype in ./sandbox/syntax-creator/

SUMMARY OF ANALYSIS

Number of groups                                                 1
Number of observations                                         387

Number of dependent variables                                    3
Number of independent variables                                  2
Number of continuous latent variables                            2

Observed dependent variables

  Continuous
   A_01        A_04        A_05

Observed independent variables
   AGE_C80     EDU_C7

Continuous latent variables
   IA          SA

Variables with special functions

  Cluster variable      PAIRID
  Weight variable       _WEIGHT

  Time scores
   TIME_01     TIME_04     TIME_05


Estimator                                                      MLR
Information matrix                                        OBSERVED
Maximum number of iterations                                   100
Convergence criterion                                    0.100D-05
Maximum number of EM iterations                                500
Convergence criteria for the EM algorithm
  Loglikelihood change                                   0.100D-02
  Relative loglikelihood change                          0.100D-05
  Derivative                                             0.100D-03
Minimum variance                                         0.100D-03
Maximum number of steepest descent iterations                   20
Maximum number of iterations for H1                           2000
Convergence criterion for H1                             0.100D-03
Optimization algorithm                                         EMA

Input data file(s)
  wide-dataset.dat
Input data format  FREE



SAMPLE STATISTICS


     ESTIMATED SAMPLE STATISTICS


           Means
              A_01          A_04          A_05          AGE_C80       EDU_C7
              ________      ________      ________      ________      ________
 1             11.305        11.774        12.619         3.019         0.310


           Covariances
              A_01          A_04          A_05          AGE_C80       EDU_C7
              ________      ________      ________      ________      ________
 A_01          15.469
 A_04           5.494        11.160
 A_05           5.167         8.343        18.288
 AGE_C80        2.135         0.352        -1.959         7.363
 EDU_C7        -1.473        -1.132        -2.281        -0.282         5.919


           Correlations
              A_01          A_04          A_05          AGE_C80       EDU_C7
              ________      ________      ________      ________      ________
 A_01           1.000
 A_04           0.418         1.000
 A_05           0.307         0.584         1.000
 AGE_C80        0.200         0.039        -0.169         1.000
 EDU_C7        -0.154        -0.139        -0.219        -0.043         1.000


     MAXIMUM LOG-LIKELIHOOD VALUE FOR THE UNRESTRICTED (H1) MODEL IS -4922.119


UNIVARIATE HIGHER-ORDER MOMENT DESCRIPTIVE STATISTICS


     UNIVARIATE HIGHER-ORDER MOMENT DESCRIPTIVE STATISTICS

         Variable/         Mean/     Skewness/   Minimum/ % with                Percentiles
        Sample Size      Variance    Kurtosis    Maximum  Min/Max      20%/60%    40%/80%    Median

     A_01                 11.310       1.664       5.000    0.39%       9.000     10.000     11.000
             515.000      15.487       4.378      40.000    0.19%      12.000     15.000
     A_04                 11.420       1.305       6.000    1.42%       9.000     10.000     11.000
             211.000      10.290       1.912      28.000    0.47%      11.000     14.000
     A_05                 12.208       2.122       7.000    1.53%       9.000     11.000     11.000
             131.000      15.632       5.833      30.000    0.76%      12.000     14.000
     AGE_C80               3.019       1.310      -0.630    0.19%       0.866      1.618      2.141
             526.000       7.363       2.211      17.918    0.19%       2.898      5.221
     EDU_C7                0.310       2.398      -5.000    0.38%      -1.000     -1.000     -1.000
             526.000       5.919       8.277      16.000    0.19%       0.000      1.000


THE MODEL ESTIMATION TERMINATED NORMALLY



MODEL FIT INFORMATION

Number of Free Parameters                       10

Loglikelihood

          H0 Value                       -1799.666
          H0 Scaling Correction Factor      1.5599
            for MLR

Information Criteria

          Akaike (AIC)                    3619.332
          Bayesian (BIC)                  3658.917
          Sample-Size Adjusted BIC        3627.188
            (n* = (n + 2) / 24)



MODEL RESULTS

                                                    Two-Tailed
                    Estimate       S.E.  Est./S.E.    P-Value

 IA         ON
    AGE_C80            0.292      0.074      3.925      0.000
    EDU_C7            -0.227      0.079     -2.855      0.004

 SA         ON
    AGE_C80           -0.056      0.019     -2.959      0.003
    EDU_C7            -0.007      0.015     -0.512      0.608

 IA       WITH
    SA                -0.612      0.309     -1.983      0.047

 Intercepts
    A_01               0.000      0.000    999.000    999.000
    A_04               0.000      0.000    999.000    999.000
    A_05               0.000      0.000    999.000    999.000
    IA                10.464      0.313     33.438      0.000
    SA                 0.291      0.064      4.526      0.000

 Residual Variances
    A_01               5.723      1.288      4.442      0.000
    A_04               5.723      1.288      4.442      0.000
    A_05               5.723      1.288      4.442      0.000
    IA                 8.824      2.297      3.842      0.000
    SA                 0.143      0.058      2.457      0.014


QUALITY OF NUMERICAL RESULTS

     Condition Number for the Information Matrix              0.700E-03
       (ratio of smallest to largest eigenvalue)


CONFIDENCE INTERVALS OF MODEL RESULTS

                  Lower .5%  Lower 2.5%    Lower 5%    Estimate    Upper 5%  Upper 2.5%   Upper .5%

 IA       ON
    AGE_C80          0.100       0.146       0.169       0.292       0.414       0.437       0.483
    EDU_C7          -0.431      -0.382      -0.357      -0.227      -0.096      -0.071      -0.022

 SA       ON
    AGE_C80         -0.105      -0.093      -0.087      -0.056      -0.025      -0.019      -0.007
    EDU_C7          -0.045      -0.036      -0.031      -0.007       0.016       0.021       0.030

 IA       WITH
    SA              -1.407      -1.217      -1.119      -0.612      -0.104      -0.007       0.183

 Intercepts
    A_01             0.000       0.000       0.000       0.000       0.000       0.000       0.000
    A_04             0.000       0.000       0.000       0.000       0.000       0.000       0.000
    A_05             0.000       0.000       0.000       0.000       0.000       0.000       0.000
    IA               9.658       9.851       9.949      10.464      10.979      11.077      11.270
    SA               0.125       0.165       0.185       0.291       0.397       0.417       0.456

 Residual Variances
    A_01             2.405       3.198       3.604       5.723       7.842       8.248       9.041
    A_04             2.405       3.198       3.604       5.723       7.842       8.248       9.041
    A_05             2.405       3.198       3.604       5.723       7.842       8.248       9.041
    IA               2.908       4.322       5.046       8.824      12.602      13.325      14.740
    SA              -0.007       0.029       0.047       0.143       0.239       0.257       0.293


SAMPLE STATISTICS FOR ESTIMATED FACTOR SCORES


     SAMPLE STATISTICS


           Means
              IA            IA_SE         SA            SA_SE
              ________      ________      ________      ________
 1             11.656         1.836         0.098         0.322


           Covariances
              IA            IA_SE         SA            SA_SE
              ________      ________      ________      ________
 IA             8.001
 IA_SE          0.040         0.015
 SA            -0.534        -0.004         0.067
 SA_SE          0.026         0.002        -0.002         0.001


           Correlations
              IA            IA_SE         SA            SA_SE
              ________      ________      ________      ________
 IA             1.000
 IA_SE          0.115         1.000
 SA            -0.731        -0.133         1.000
 SA_SE          0.325         0.559        -0.299         1.000


RESULTS SAVING INFORMATION

  Order of data

    Parameter estimates
     (saved in order shown in Technical 1 output)
    Standard errors
     (saved in order shown in Technical 1 output)
    H0 Loglikelihood
    H0 Scaling Correction Factor for MLR
    Number of Free Parameters
    Akaike (AIC)
    Bayesian (BIC)
    Sample-Size Adjusted BIC

  Save file
    u1_145_ae_gait_results.dat

  Save file format           Free


PLOT INFORMATION

The following plots are available:

  Histograms (sample values, estimated factor scores)
  Scatterplots (sample values, estimated factor scores)
  Latent variable distribution plots

SAVEDATA INFORMATION


  Save file
    u1_145_ae_gait_fscores.dat

  Order and format of variables

    A_01           F10.3
    A_04           F10.3
    A_05           F10.3
    AGE_C80        F10.3
    EDU_C7         F10.3
    TIME_01        F10.3
    TIME_04        F10.3
    TIME_05        F10.3
    _WEIGHT        F10.3
    IA             F10.3
    IA_SE          F10.3
    SA             F10.3
    SA_SE          F10.3
    PAIRID         I5

  Save file format
    13F10.3 I5

  Save file record length    10000


     Beginning Time:  11:44:51
        Ending Time:  11:44:51
       Elapsed Time:  00:00:00



MUTHEN & MUTHEN
3463 Stoner Ave.
Los Angeles, CA  90066

Tel: (310) 391-9971
Fax: (310) 391-8971
Web: www.StatModel.com
Support: Support@StatModel.com

Copyright (c) 1998-2014 Muthen & Muthen
