Mplus VERSION 7.3
MUTHEN & MUTHEN
12/17/2016   5:17 PM

INPUT INSTRUCTIONS

  TITLE:
  Script produced from the prototype in ./sandbox/syntax-creator/
  DATA:
  File = wide-dataset.dat ;
  VARIABLE:
  NAMES are
   Case PairID female age_c80 edu_c7 sbp_c167 smoke cardio diabetes dementia_ever
      years_since_bl_01 years_since_bl_02 years_since_bl_03 years_since_bl_04
      years_since_bl_05 pef_01 pef_02 pef_03 pef_04 pef_05 grip_01 grip_02 grip_03
      grip_04 grip_05 gait_01 gait_02 gait_03 gait_04 gait_05 block_01 block_02
      block_03 block_04 block_05 digitspanbackward_01 digitspanbackward_02
      digitspanbackward_03 digitspanbackward_04 digitspanbackward_05
      digitspanforward_01 digitspanforward_02 digitspanforward_03 digitspanforward_04
      digitspanforward_05 symbol_01 symbol_02 symbol_03 symbol_04 symbol_05 prose_01
      prose_02 prose_03 prose_04 prose_05 info_01 info_02 info_03 info_04 info_05
      synonyms_01 synonyms_02 synonyms_03 synonyms_04 synonyms_05 psif_01 psif_02
      psif_03 psif_04 psif_05 figure_01 figure_02 figure_03 figure_04 figure_05
      mirrecall_01 mirrecall_02 mirrecall_03 mirrecall_04 mirrecall_05 mmse_01 mmse_02
      mmse_03 mmse_04 mmse_05 mirnaming_01 mirnaming_02 mirnaming_03 mirnaming_04
      mirnaming_05 mirrecog_01 mirrecog_02 mirrecog_03 mirrecog_04 mirrecog_05
      clock_01 clock_02 clock_03 clock_04 clock_05
  	;
  Missing are all (-9999);
  USEVARIABLES are
  	!define the variables used in the analysis
  	! covariates used in the model
  age_c80
  edu_c7
  female
  sbp_c167	
  	!estimated time points
  time_01
  time_03
  time_05
  	!modelled time points of process (A)
  a_01
  a_03
  a_05
  ;
  TSCORES are
  	!estimated time points
  time_01
  time_03
  time_05;
  CLUSTER = PairID;
  SUBPOPULATION are
  	!select a subset of observations
  dementia_ever NE 1
  ;
  DEFINE:
  	! assign variables to the process (A)
  a_01 = gait_01;
  a_03 = gait_03;
  a_05 = gait_05;
  	!assign variables to time points
  time_01 = years_since_bl_01;
  time_03 = years_since_bl_03;
  time_05 = years_since_bl_05;
  	
  ANALYSIS: TYPE = RANDOM COMPLEX;
  COVERAGE=.00;
  MODEL:
  	!first-level equation
  	! assign process (A) to time points
  ia sa | a_01 AT time_01 ;
  ia sa | a_03 AT time_03 ;
  ia sa | a_05 AT time_05 ;
  	!variance of the first-level terms
  ia (v_ia);
  sa (v_sa);
  	!covariance among first-level terms
  ia WITH sa (c_iasa);
  	!second-level equation
  ia sa ON age_c80
  edu_c7
  female
  sbp_c167;
  	!residual covariance of process (A)
  a_01 (res_a);
  a_03 (res_a);
  a_05 (res_a);	
  SAVEDATA:
  FILE is   u1_135_aefb_gait_fscores.dat;
  SAVE = FSCORES;
  RESULTS are   u1_135_aefb_gait_results.dat;
  	
  OUTPUT: sampstat cinterval;
  PLOT: Type is Plot1 Plot2 Plot3;



*** WARNING
  Data set contains cases with missing on x-variables.
  These cases were not included in the analysis.
  Number of cases with missing on x-variables:  92
*** WARNING
  Data set contains cases with missing on all variables except
  x-variables.  These cases were not included in the analysis.
  Number of cases with missing on all variables except x-variables:  81
   2 WARNING(S) FOUND IN THE INPUT INSTRUCTIONS




Script produced from the prototype in ./sandbox/syntax-creator/

SUMMARY OF ANALYSIS

Number of groups                                                 1
Number of observations                                         392

Number of dependent variables                                    3
Number of independent variables                                  4
Number of continuous latent variables                            2

Observed dependent variables

  Continuous
   A_01        A_03        A_05

Observed independent variables
   AGE_C80     EDU_C7      FEMALE      SBP_C167

Continuous latent variables
   IA          SA

Variables with special functions

  Cluster variable      PAIRID
  Weight variable       _WEIGHT

  Time scores
   TIME_01     TIME_03     TIME_05


Estimator                                                      MLR
Information matrix                                        OBSERVED
Maximum number of iterations                                   100
Convergence criterion                                    0.100D-05
Maximum number of EM iterations                                500
Convergence criteria for the EM algorithm
  Loglikelihood change                                   0.100D-02
  Relative loglikelihood change                          0.100D-05
  Derivative                                             0.100D-03
Minimum variance                                         0.100D-03
Maximum number of steepest descent iterations                   20
Maximum number of iterations for H1                           2000
Convergence criterion for H1                             0.100D-03
Optimization algorithm                                         EMA

Input data file(s)
  wide-dataset.dat
Input data format  FREE



SAMPLE STATISTICS


     ESTIMATED SAMPLE STATISTICS


           Means
              A_01          A_03          A_05          AGE_C80       EDU_C7
              ________      ________      ________      ________      ________
 1             11.352        12.027        12.523         3.085         0.270


           Means
              FEMALE        SBP_C167
              ________      ________
 1              0.666        -5.597


           Covariances
              A_01          A_03          A_05          AGE_C80       EDU_C7
              ________      ________      ________      ________      ________
 A_01          15.619
 A_03           7.883        15.774
 A_05           4.953         6.098        17.329
 AGE_C80        2.369         2.784        -1.527         7.724
 EDU_C7        -1.501        -1.094        -1.994        -0.497         5.983
 FEMALE         0.222         0.039         0.240         0.115        -0.106
 SBP_C167      -6.729        -2.722         2.524        -3.176         1.470


           Covariances
              FEMALE        SBP_C167
              ________      ________
 FEMALE         0.223
 SBP_C167       0.686       499.307


           Correlations
              A_01          A_03          A_05          AGE_C80       EDU_C7
              ________      ________      ________      ________      ________
 A_01           1.000
 A_03           0.502         1.000
 A_05           0.301         0.369         1.000
 AGE_C80        0.216         0.252        -0.132         1.000
 EDU_C7        -0.155        -0.113        -0.196        -0.073         1.000
 FEMALE         0.119         0.021         0.122         0.088        -0.092
 SBP_C167      -0.076        -0.031         0.027        -0.051         0.027


           Correlations
              FEMALE        SBP_C167
              ________      ________
 FEMALE         1.000
 SBP_C167       0.065         1.000


     MAXIMUM LOG-LIKELIHOOD VALUE FOR THE UNRESTRICTED (H1) MODEL IS -7905.772


UNIVARIATE HIGHER-ORDER MOMENT DESCRIPTIVE STATISTICS


     UNIVARIATE HIGHER-ORDER MOMENT DESCRIPTIVE STATISTICS

         Variable/         Mean/     Skewness/   Minimum/ % with                Percentiles
        Sample Size      Variance    Kurtosis    Maximum  Min/Max      20%/60%    40%/80%    Median

     A_01                 11.323       1.657       5.000    0.39%       9.000     10.000     11.000
             511.000      15.536       4.349      40.000    0.20%      12.000     15.000
     A_03                 11.543       1.574       6.000    1.37%       9.000     10.000     11.000
             291.000      14.500       3.157      30.000    0.34%      11.000     14.000
     A_05                 12.208       2.122       7.000    1.53%       9.000     11.000     11.000
             131.000      15.632       5.833      30.000    0.76%      12.000     14.000
     AGE_C80               3.085       1.307      -0.630    0.19%       0.874      1.640      2.226
             529.000       7.724       2.095      17.918    0.19%       2.923      5.286
     EDU_C7                0.270       2.279      -7.000    0.19%      -1.000     -1.000     -1.000
             529.000       5.983       8.238      16.000    0.19%       0.000      1.000
     FEMALE                0.666      -0.703       0.000   34.22%       0.000      1.000      1.000
             529.000       0.223      -1.506       1.000   65.78%       1.000      1.000
     SBP_C167             -5.597       0.392     -57.000    1.51%     -27.000     -7.000     -7.000
             529.000     499.307       0.756      93.000    0.19%      -7.000     13.000


THE MODEL ESTIMATION TERMINATED NORMALLY



MODEL FIT INFORMATION

Number of Free Parameters                       14

Loglikelihood

          H0 Value                       -1971.597
          H0 Scaling Correction Factor      1.4326
            for MLR

Information Criteria

          Akaike (AIC)                    3971.193
          Bayesian (BIC)                  4026.791
          Sample-Size Adjusted BIC        3982.369
            (n* = (n + 2) / 24)



MODEL RESULTS

                                                    Two-Tailed
                    Estimate       S.E.  Est./S.E.    P-Value

 IA         ON
    AGE_C80            0.325      0.073      4.439      0.000
    EDU_C7            -0.198      0.080     -2.477      0.013
    FEMALE             0.612      0.420      1.459      0.144
    SBP_C167          -0.011      0.009     -1.239      0.215

 SA         ON
    AGE_C80           -0.034      0.019     -1.828      0.068
    EDU_C7            -0.008      0.016     -0.522      0.602
    FEMALE            -0.039      0.082     -0.474      0.635
    SBP_C167           0.002      0.002      1.060      0.289

 IA       WITH
    SA                -0.155      0.385     -0.403      0.687

 Intercepts
    A_01               0.000      0.000    999.000    999.000
    A_03               0.000      0.000    999.000    999.000
    A_05               0.000      0.000    999.000    999.000
    IA                 9.899      0.393     25.217      0.000
    SA                 0.328      0.083      3.939      0.000

 Residual Variances
    A_01               7.878      1.280      6.156      0.000
    A_03               7.878      1.280      6.156      0.000
    A_05               7.878      1.280      6.156      0.000
    IA                 6.824      2.070      3.296      0.001
    SA                 0.068      0.086      0.796      0.426


QUALITY OF NUMERICAL RESULTS

     Condition Number for the Information Matrix              0.236E-03
       (ratio of smallest to largest eigenvalue)


CONFIDENCE INTERVALS OF MODEL RESULTS

                  Lower .5%  Lower 2.5%    Lower 5%    Estimate    Upper 5%  Upper 2.5%   Upper .5%

 IA       ON
    AGE_C80          0.136       0.182       0.205       0.325       0.446       0.469       0.514
    EDU_C7          -0.403      -0.354      -0.329      -0.198      -0.066      -0.041       0.008
    FEMALE          -0.469      -0.210      -0.078       0.612       1.303       1.435       1.693
    SBP_C167        -0.035      -0.029      -0.026      -0.011       0.004       0.007       0.012

 SA       ON
    AGE_C80         -0.083      -0.071      -0.065      -0.034      -0.003       0.002       0.014
    EDU_C7          -0.049      -0.039      -0.034      -0.008       0.018       0.023       0.032
    FEMALE          -0.250      -0.200      -0.174      -0.039       0.096       0.122       0.172
    SBP_C167        -0.003      -0.002      -0.001       0.002       0.005       0.005       0.006

 IA       WITH
    SA              -1.146      -0.909      -0.788      -0.155       0.478       0.599       0.836

 Intercepts
    A_01             0.000       0.000       0.000       0.000       0.000       0.000       0.000
    A_03             0.000       0.000       0.000       0.000       0.000       0.000       0.000
    A_05             0.000       0.000       0.000       0.000       0.000       0.000       0.000
    IA               8.888       9.130       9.254       9.899      10.545      10.669      10.910
    SA               0.114       0.165       0.191       0.328       0.466       0.492       0.543

 Residual Variances
    A_01             4.582       5.370       5.773       7.878       9.983      10.386      11.174
    A_03             4.582       5.370       5.773       7.878       9.983      10.386      11.174
    A_05             4.582       5.370       5.773       7.878       9.983      10.386      11.174
    IA               1.492       2.767       3.419       6.824      10.230      10.882      12.157
    SA              -0.152      -0.100      -0.073       0.068       0.209       0.236       0.288


SAMPLE STATISTICS FOR ESTIMATED FACTOR SCORES


     SAMPLE STATISTICS


           Means
              IA            IA_SE         SA            SA_SE
              ________      ________      ________      ________
 1             11.607         1.766         0.179         0.249


           Covariances
              IA            IA_SE         SA            SA_SE
              ________      ________      ________      ________
 IA             5.850
 IA_SE          0.121         0.023
 SA            -0.146        -0.004         0.017
 SA_SE          0.010         0.001         0.000         0.000


           Correlations
              IA            IA_SE         SA            SA_SE
              ________      ________      ________      ________
 IA             1.000
 IA_SE          0.331         1.000
 SA            -0.457        -0.217         1.000
 SA_SE          0.340         0.779        -0.190         1.000


RESULTS SAVING INFORMATION

  Order of data

    Parameter estimates
     (saved in order shown in Technical 1 output)
    Standard errors
     (saved in order shown in Technical 1 output)
    H0 Loglikelihood
    H0 Scaling Correction Factor for MLR
    Number of Free Parameters
    Akaike (AIC)
    Bayesian (BIC)
    Sample-Size Adjusted BIC

  Save file
    u1_135_aefb_gait_results.dat

  Save file format           Free


PLOT INFORMATION

The following plots are available:

  Histograms (sample values, estimated factor scores)
  Scatterplots (sample values, estimated factor scores)
  Latent variable distribution plots

SAVEDATA INFORMATION


  Save file
    u1_135_aefb_gait_fscores.dat

  Order and format of variables

    A_01           F10.3
    A_03           F10.3
    A_05           F10.3
    AGE_C80        F10.3
    EDU_C7         F10.3
    FEMALE         F10.3
    SBP_C167       F10.3
    TIME_01        F10.3
    TIME_03        F10.3
    TIME_05        F10.3
    _WEIGHT        F10.3
    IA             F10.3
    IA_SE          F10.3
    SA             F10.3
    SA_SE          F10.3
    PAIRID         I5

  Save file format
    15F10.3 I5

  Save file record length    10000


     Beginning Time:  17:17:30
        Ending Time:  17:17:31
       Elapsed Time:  00:00:01



MUTHEN & MUTHEN
3463 Stoner Ave.
Los Angeles, CA  90066

Tel: (310) 391-9971
Fax: (310) 391-8971
Web: www.StatModel.com
Support: Support@StatModel.com

Copyright (c) 1998-2014 Muthen & Muthen
