Mplus VERSION 7.3
MUTHEN & MUTHEN
12/17/2016  11:43 AM

INPUT INSTRUCTIONS

  TITLE:
  Script produced from the prototype in ./sandbox/syntax-creator/
  DATA:
  File = wide-dataset.dat ;
  VARIABLE:
  NAMES are
   Case PairID female age_c80 edu_c7 sbp_c167 smoke cardio diabetes dementia_ever
      years_since_bl_01 years_since_bl_02 years_since_bl_03 years_since_bl_04
      years_since_bl_05 pef_01 pef_02 pef_03 pef_04 pef_05 grip_01 grip_02 grip_03
      grip_04 grip_05 gait_01 gait_02 gait_03 gait_04 gait_05 block_01 block_02
      block_03 block_04 block_05 digitspanbackward_01 digitspanbackward_02
      digitspanbackward_03 digitspanbackward_04 digitspanbackward_05
      digitspanforward_01 digitspanforward_02 digitspanforward_03 digitspanforward_04
      digitspanforward_05 symbol_01 symbol_02 symbol_03 symbol_04 symbol_05 prose_01
      prose_02 prose_03 prose_04 prose_05 info_01 info_02 info_03 info_04 info_05
      synonyms_01 synonyms_02 synonyms_03 synonyms_04 synonyms_05 psif_01 psif_02
      psif_03 psif_04 psif_05 figure_01 figure_02 figure_03 figure_04 figure_05
      mirrecall_01 mirrecall_02 mirrecall_03 mirrecall_04 mirrecall_05 mmse_01 mmse_02
      mmse_03 mmse_04 mmse_05 mirnaming_01 mirnaming_02 mirnaming_03 mirnaming_04
      mirnaming_05 mirrecog_01 mirrecog_02 mirrecog_03 mirrecog_04 mirrecog_05
      clock_01 clock_02 clock_03 clock_04 clock_05
  	;
  Missing are all (-9999);
  USEVARIABLES are
  	!define the variables used in the analysis
  	! covariates used in the model
  age_c80
  edu_c7
  female	
  	!estimated time points
  time_01
  time_02
  time_03
  time_04
  	!modelled time points of process (A)
  a_01
  a_02
  a_03
  a_04
  ;
  TSCORES are
  	!estimated time points
  time_01
  time_02
  time_03
  time_04;
  CLUSTER = PairID;
  SUBPOPULATION are
  	!select a subset of observations
  dementia_ever NE 1
  ;
  DEFINE:
  	! assign variables to the process (A)
  a_01 = gait_01;
  a_02 = gait_02;
  a_03 = gait_03;
  a_04 = gait_04;
  	!assign variables to time points
  time_01 = years_since_bl_01;
  time_02 = years_since_bl_02;
  time_03 = years_since_bl_03;
  time_04 = years_since_bl_04;
  	
  ANALYSIS: TYPE = RANDOM COMPLEX;
  COVERAGE=.00;
  MODEL:
  	!first-level equation
  	! assign process (A) to time points
  ia sa | a_01 AT time_01 ;
  ia sa | a_02 AT time_02 ;
  ia sa | a_03 AT time_03 ;
  ia sa | a_04 AT time_04 ;
  	!variance of the first-level terms
  ia (v_ia);
  sa (v_sa);
  	!covariance among first-level terms
  ia WITH sa (c_iasa);
  	!second-level equation
  ia sa ON age_c80
  edu_c7
  female;
  	!residual covariance of process (A)
  a_01 (res_a);
  a_02 (res_a);
  a_03 (res_a);
  a_04 (res_a);	
  SAVEDATA:
  FILE is   u1_1234_aef_gait_fscores.dat;
  SAVE = FSCORES;
  RESULTS are   u1_1234_aef_gait_results.dat;
  	
  OUTPUT: sampstat cinterval;
  PLOT: Type is Plot1 Plot2 Plot3;



*** WARNING
  Data set contains cases with missing on x-variables.
  These cases were not included in the analysis.
  Number of cases with missing on x-variables:  46
*** WARNING
  Data set contains cases with missing on all variables except
  x-variables.  These cases were not included in the analysis.
  Number of cases with missing on all variables except x-variables:  107
   2 WARNING(S) FOUND IN THE INPUT INSTRUCTIONS




Script produced from the prototype in ./sandbox/syntax-creator/

SUMMARY OF ANALYSIS

Number of groups                                                 1
Number of observations                                         400

Number of dependent variables                                    4
Number of independent variables                                  3
Number of continuous latent variables                            2

Observed dependent variables

  Continuous
   A_01        A_02        A_03        A_04

Observed independent variables
   AGE_C80     EDU_C7      FEMALE

Continuous latent variables
   IA          SA

Variables with special functions

  Cluster variable      PAIRID
  Weight variable       _WEIGHT

  Time scores
   TIME_01     TIME_02     TIME_03     TIME_04


Estimator                                                      MLR
Information matrix                                        OBSERVED
Maximum number of iterations                                   100
Convergence criterion                                    0.100D-05
Maximum number of EM iterations                                500
Convergence criteria for the EM algorithm
  Loglikelihood change                                   0.100D-02
  Relative loglikelihood change                          0.100D-05
  Derivative                                             0.100D-03
Minimum variance                                         0.100D-03
Maximum number of steepest descent iterations                   20
Maximum number of iterations for H1                           2000
Convergence criterion for H1                             0.100D-03
Optimization algorithm                                         EMA

Input data file(s)
  wide-dataset.dat
Input data format  FREE



SAMPLE STATISTICS


     ESTIMATED SAMPLE STATISTICS


           Means
              A_01          A_02          A_03          A_04          AGE_C80
              ________      ________      ________      ________      ________
 1             11.334        13.167        12.441        12.183         3.079


           Means
              EDU_C7        FEMALE
              ________      ________
 1              0.287         0.665


           Covariances
              A_01          A_02          A_03          A_04          AGE_C80
              ________      ________      ________      ________      ________
 A_01          15.335
 A_02          17.324        58.585
 A_03          10.602        29.745        23.973
 A_04           6.945        19.719        12.927        14.856
 AGE_C80        2.223         4.362         3.027         1.116         7.629
 EDU_C7        -1.497        -1.284        -1.003        -0.804        -0.443
 FEMALE         0.207         0.388         0.083        -0.049         0.116


           Covariances
              EDU_C7        FEMALE
              ________      ________
 EDU_C7         5.975
 FEMALE        -0.104         0.223


           Correlations
              A_01          A_02          A_03          A_04          AGE_C80
              ________      ________      ________      ________      ________
 A_01           1.000
 A_02           0.578         1.000
 A_03           0.553         0.794         1.000
 A_04           0.460         0.668         0.685         1.000
 AGE_C80        0.206         0.206         0.224         0.105         1.000
 EDU_C7        -0.156        -0.069        -0.084        -0.085        -0.066
 FEMALE         0.112         0.107         0.036        -0.027         0.089


           Correlations
              EDU_C7        FEMALE
              ________      ________
 EDU_C7         1.000
 FEMALE        -0.090         1.000


     MAXIMUM LOG-LIKELIHOOD VALUE FOR THE UNRESTRICTED (H1) MODEL IS -7100.174


UNIVARIATE HIGHER-ORDER MOMENT DESCRIPTIVE STATISTICS


     UNIVARIATE HIGHER-ORDER MOMENT DESCRIPTIVE STATISTICS

         Variable/         Mean/     Skewness/   Minimum/ % with                Percentiles
        Sample Size      Variance    Kurtosis    Maximum  Min/Max      20%/60%    40%/80%    Median

     A_01                 11.310       1.664       5.000    0.39%       9.000     10.000     11.000
             515.000      15.487       4.378      40.000    0.19%      12.000     15.000
     A_02                 12.703       6.569       6.000    1.23%       9.000     11.000     11.000
             407.000      56.709      62.444      99.000    0.25%      13.000     15.000
     A_03                 11.556       1.568       6.000    1.36%       9.000     10.000     11.000
             294.000      14.393       3.174      30.000    0.34%      11.000     14.000
     A_04                 11.420       1.305       6.000    1.42%       9.000     10.000     11.000
             211.000      10.290       1.912      28.000    0.47%      11.000     14.000
     AGE_C80               3.079       1.310      -0.630    0.18%       0.877      1.707      2.256
             549.000       7.629       2.136      17.918    0.18%       3.021      5.395
     EDU_C7                0.288       2.244      -7.000    0.18%      -1.000     -1.000     -1.000
             549.000       5.975       8.030      16.000    0.18%       0.000      1.000
     FEMALE                0.665      -0.699       0.000   34.06%       0.000      1.000      1.000
             549.000       0.223      -1.511       1.000   65.94%       1.000      1.000

     WARNING: THE MODEL ESTIMATION HAS REACHED A SADDLE POINT OR A POINT WHERE THE
     OBSERVED AND THE EXPECTED INFORMATION MATRICES DO NOT MATCH.
     AN ADJUSTMENT TO THE ESTIMATION OF THE INFORMATION MATRIX HAS BEEN MADE.
     THE CONDITION NUMBER IS      -0.452D-02.
     THE PROBLEM MAY ALSO BE RESOLVED BY DECREASING THE VALUE OF THE
     MCONVERGENCE OR LOGCRITERION OPTIONS OR BY CHANGING THE STARTING VALUES
     OR BY USING THE MLF ESTIMATOR.


THE MODEL ESTIMATION TERMINATED NORMALLY



MODEL FIT INFORMATION

Number of Free Parameters                       12

Loglikelihood

          H0 Value                       -3170.663
          H0 Scaling Correction Factor     11.8174
            for MLR

Information Criteria

          Akaike (AIC)                    6365.326
          Bayesian (BIC)                  6413.223
          Sample-Size Adjusted BIC        6375.147
            (n* = (n + 2) / 24)



MODEL RESULTS

                                                    Two-Tailed
                    Estimate       S.E.  Est./S.E.    P-Value

 IA         ON
    AGE_C80            0.331      0.073      4.545      0.000
    EDU_C7            -0.216      0.077     -2.800      0.005
    FEMALE             0.926      0.412      2.246      0.025

 SA         ON
    AGE_C80            0.026      0.058      0.457      0.648
    EDU_C7             0.024      0.027      0.890      0.373
    FEMALE            -0.108      0.193     -0.558      0.577

 IA       WITH
    SA                 1.955      2.375      0.823      0.410

 Intercepts
    A_01               0.000      0.000    999.000    999.000
    A_02               0.000      0.000    999.000    999.000
    A_03               0.000      0.000    999.000    999.000
    A_04               0.000      0.000    999.000    999.000
    IA                10.037      0.378     26.576      0.000
    SA                 0.329      0.099      3.330      0.001

 Residual Variances
    A_01              10.799      3.303      3.270      0.001
    A_02              10.799      3.303      3.270      0.001
    A_03              10.799      3.303      3.270      0.001
    A_04              10.799      3.303      3.270      0.001
    IA                 9.988      2.030      4.919      0.000
    SA                 0.402      2.057      0.195      0.845


QUALITY OF NUMERICAL RESULTS

     Condition Number for the Information Matrix             -0.452E-02
       (ratio of smallest to largest eigenvalue)


CONFIDENCE INTERVALS OF MODEL RESULTS

                  Lower .5%  Lower 2.5%    Lower 5%    Estimate    Upper 5%  Upper 2.5%   Upper .5%

 IA       ON
    AGE_C80          0.144       0.188       0.211       0.331       0.451       0.474       0.519
    EDU_C7          -0.414      -0.367      -0.342      -0.216      -0.089      -0.065      -0.017
    FEMALE          -0.136       0.118       0.248       0.926       1.604       1.734       1.988

 SA       ON
    AGE_C80         -0.122      -0.087      -0.069       0.026       0.121       0.139       0.175
    EDU_C7          -0.045      -0.029      -0.020       0.024       0.068       0.077       0.093
    FEMALE          -0.605      -0.486      -0.425      -0.108       0.210       0.270       0.389

 IA       WITH
    SA              -4.163      -2.701      -1.952       1.955       5.863       6.611       8.074

 Intercepts
    A_01             0.000       0.000       0.000       0.000       0.000       0.000       0.000
    A_02             0.000       0.000       0.000       0.000       0.000       0.000       0.000
    A_03             0.000       0.000       0.000       0.000       0.000       0.000       0.000
    A_04             0.000       0.000       0.000       0.000       0.000       0.000       0.000
    IA               9.064       9.297       9.415      10.037      10.658      10.777      11.010
    SA               0.075       0.135       0.167       0.329       0.492       0.523       0.584

 Residual Variances
    A_01             2.291       4.325       5.366      10.799      16.232      17.273      19.307
    A_02             2.291       4.325       5.366      10.799      16.232      17.273      19.307
    A_03             2.291       4.325       5.366      10.799      16.232      17.273      19.307
    A_04             2.291       4.325       5.366      10.799      16.232      17.273      19.307
    IA               4.758       6.009       6.648       9.988      13.328      13.967      15.218
    SA              -4.898      -3.631      -2.983       0.402       3.786       4.434       5.701


SAMPLE STATISTICS FOR ESTIMATED FACTOR SCORES


     SAMPLE STATISTICS


           Means
              IA            IA_SE         SA            SA_SE
              ________      ________      ________      ________
 1             11.976         1.484         0.404         0.307


           Covariances
              IA            IA_SE         SA            SA_SE
              ________      ________      ________      ________
 IA             9.347
 IA_SE          0.484         0.257
 SA             1.576         0.079         0.320
 SA_SE          0.099         0.052         0.016         0.011


           Correlations
              IA            IA_SE         SA            SA_SE
              ________      ________      ________      ________
 IA             1.000
 IA_SE          0.313         1.000
 SA             0.911         0.275         1.000
 SA_SE          0.315         1.000         0.278         1.000


RESULTS SAVING INFORMATION

  Order of data

    Parameter estimates
     (saved in order shown in Technical 1 output)
    Standard errors
     (saved in order shown in Technical 1 output)
    H0 Loglikelihood
    H0 Scaling Correction Factor for MLR
    Number of Free Parameters
    Akaike (AIC)
    Bayesian (BIC)
    Sample-Size Adjusted BIC

  Save file
    u1_1234_aef_gait_results.dat

  Save file format           Free


PLOT INFORMATION

The following plots are available:

  Histograms (sample values, estimated factor scores)
  Scatterplots (sample values, estimated factor scores)
  Latent variable distribution plots

SAVEDATA INFORMATION


  Save file
    u1_1234_aef_gait_fscores.dat

  Order and format of variables

    A_01           F10.3
    A_02           F10.3
    A_03           F10.3
    A_04           F10.3
    AGE_C80        F10.3
    EDU_C7         F10.3
    FEMALE         F10.3
    TIME_01        F10.3
    TIME_02        F10.3
    TIME_03        F10.3
    TIME_04        F10.3
    _WEIGHT        F10.3
    IA             F10.3
    IA_SE          F10.3
    SA             F10.3
    SA_SE          F10.3
    PAIRID         I6

  Save file format
    16F10.3 I6

  Save file record length    10000


     Beginning Time:  11:43:38
        Ending Time:  11:43:42
       Elapsed Time:  00:00:04



MUTHEN & MUTHEN
3463 Stoner Ave.
Los Angeles, CA  90066

Tel: (310) 391-9971
Fax: (310) 391-8971
Web: www.StatModel.com
Support: Support@StatModel.com

Copyright (c) 1998-2014 Muthen & Muthen
