Mplus VERSION 7.3
MUTHEN & MUTHEN
12/17/2016   6:08 PM

INPUT INSTRUCTIONS

  TITLE:
  Script produced from the prototype in ./sandbox/syntax-creator/
  DATA:
  File = wide-dataset.dat ;
  VARIABLE:
  NAMES are
   Case PairID female age_c80 edu_c7 sbp_c167 smoke cardio diabetes dementia_ever
      years_since_bl_01 years_since_bl_02 years_since_bl_03 years_since_bl_04
      years_since_bl_05 pef_01 pef_02 pef_03 pef_04 pef_05 grip_01 grip_02 grip_03
      grip_04 grip_05 gait_01 gait_02 gait_03 gait_04 gait_05 block_01 block_02
      block_03 block_04 block_05 digitspanbackward_01 digitspanbackward_02
      digitspanbackward_03 digitspanbackward_04 digitspanbackward_05
      digitspanforward_01 digitspanforward_02 digitspanforward_03 digitspanforward_04
      digitspanforward_05 symbol_01 symbol_02 symbol_03 symbol_04 symbol_05 prose_01
      prose_02 prose_03 prose_04 prose_05 info_01 info_02 info_03 info_04 info_05
      synonyms_01 synonyms_02 synonyms_03 synonyms_04 synonyms_05 psif_01 psif_02
      psif_03 psif_04 psif_05 figure_01 figure_02 figure_03 figure_04 figure_05
      mirrecall_01 mirrecall_02 mirrecall_03 mirrecall_04 mirrecall_05 mmse_01 mmse_02
      mmse_03 mmse_04 mmse_05 mirnaming_01 mirnaming_02 mirnaming_03 mirnaming_04
      mirnaming_05 mirrecog_01 mirrecog_02 mirrecog_03 mirrecog_04 mirrecog_05
      clock_01 clock_02 clock_03 clock_04 clock_05
  	;
  Missing are all (-9999);
  USEVARIABLES are
  	!define the variables used in the analysis
  	! covariates used in the model
  age_c80
  edu_c7
  female
  sbp_c167	
  	!estimated time points
  time_01
  time_02
  time_03
  	!modelled time points of process (A)
  a_01
  a_02
  a_03
  ;
  TSCORES are
  	!estimated time points
  time_01
  time_02
  time_03;
  CLUSTER = PairID;
  SUBPOPULATION are
  	!select a subset of observations
  dementia_ever NE 1
  ;
  DEFINE:
  	! assign variables to the process (A)
  a_01 = gait_01;
  a_02 = gait_02;
  a_03 = gait_03;
  	!assign variables to time points
  time_01 = years_since_bl_01;
  time_02 = years_since_bl_02;
  time_03 = years_since_bl_03;
  	
  ANALYSIS: TYPE = RANDOM COMPLEX;
  COVERAGE=.00;
  MODEL:
  	!first-level equation
  	! assign process (A) to time points
  ia sa qa | a_01 AT time_01 ;
  ia sa qa | a_02 AT time_02 ;
  ia sa qa | a_03 AT time_03 ;
  	!variance of the first-level terms
  ia (v_ia);
  sa (v_sa);
  qa (v_qa);
  	!covariance among first-level terms
  ia WITH sa (c_iasa);
  ia WITH qa (c_iaqa);
  sa WITH qa (c_saqa);
  	!second-level equation
  ia sa qa ON age_c80
  edu_c7
  female
  sbp_c167;
  	!residual covariance of process (A)
  a_01 (res_a);
  a_02 (res_a);
  a_03 (res_a);	
  SAVEDATA:
  FILE is   u2_123_aefb_gait_fscores.dat;
  SAVE = FSCORES;
  RESULTS are   u2_123_aefb_gait_results.dat;
  	
  OUTPUT: sampstat cinterval;
  PLOT: Type is Plot1 Plot2 Plot3;



*** WARNING
  Data set contains cases with missing on x-variables.
  These cases were not included in the analysis.
  Number of cases with missing on x-variables:  92
*** WARNING
  Data set contains cases with missing on all variables except
  x-variables.  These cases were not included in the analysis.
  Number of cases with missing on all variables except x-variables:  67
   2 WARNING(S) FOUND IN THE INPUT INSTRUCTIONS




Script produced from the prototype in ./sandbox/syntax-creator/

SUMMARY OF ANALYSIS

Number of groups                                                 1
Number of observations                                         397

Number of dependent variables                                    3
Number of independent variables                                  4
Number of continuous latent variables                            3

Observed dependent variables

  Continuous
   A_01        A_02        A_03

Observed independent variables
   AGE_C80     EDU_C7      FEMALE      SBP_C167

Continuous latent variables
   IA          SA          QA

Variables with special functions

  Cluster variable      PAIRID
  Weight variable       _WEIGHT

  Time scores
   TIME_01     TIME_02     TIME_03


Estimator                                                      MLR
Information matrix                                        OBSERVED
Maximum number of iterations                                   100
Convergence criterion                                    0.100D-05
Maximum number of EM iterations                                500
Convergence criteria for the EM algorithm
  Loglikelihood change                                   0.100D-02
  Relative loglikelihood change                          0.100D-05
  Derivative                                             0.100D-03
Minimum variance                                         0.100D-03
Maximum number of steepest descent iterations                   20
Maximum number of iterations for H1                           2000
Convergence criterion for H1                             0.100D-03
Optimization algorithm                                         EMA

Input data file(s)
  wide-dataset.dat
Input data format  FREE



SAMPLE STATISTICS


     ESTIMATED SAMPLE STATISTICS


           Means
              A_01          A_02          A_03          AGE_C80       EDU_C7
              ________      ________      ________      ________      ________
 1             11.348        13.178        12.454         3.082         0.275


           Means
              FEMALE        SBP_C167
              ________      ________
 1              0.665        -5.879


           Covariances
              A_01          A_02          A_03          AGE_C80       EDU_C7
              ________      ________      ________      ________      ________
 A_01          15.390
 A_02          17.617        59.194
 A_03          10.847        30.465        24.585
 AGE_C80        2.249         4.431         3.063         7.646
 EDU_C7        -1.461        -1.366        -1.059        -0.478         5.952
 FEMALE         0.211         0.395         0.092         0.113        -0.104
 SBP_C167      -6.713       -19.481        -9.667        -3.020         1.405


           Covariances
              FEMALE        SBP_C167
              ________      ________
 FEMALE         0.223
 SBP_C167       0.678       499.562


           Correlations
              A_01          A_02          A_03          AGE_C80       EDU_C7
              ________      ________      ________      ________      ________
 A_01           1.000
 A_02           0.584         1.000
 A_03           0.558         0.799         1.000
 AGE_C80        0.207         0.208         0.223         1.000
 EDU_C7        -0.153        -0.073        -0.088        -0.071         1.000
 FEMALE         0.114         0.109         0.039         0.087        -0.091
 SBP_C167      -0.077        -0.113        -0.087        -0.049         0.026


           Correlations
              FEMALE        SBP_C167
              ________      ________
 FEMALE         1.000
 SBP_C167       0.064         1.000


     MAXIMUM LOG-LIKELIHOOD VALUE FOR THE UNRESTRICTED (H1) MODEL IS -8916.772


UNIVARIATE HIGHER-ORDER MOMENT DESCRIPTIVE STATISTICS


     UNIVARIATE HIGHER-ORDER MOMENT DESCRIPTIVE STATISTICS

         Variable/         Mean/     Skewness/   Minimum/ % with                Percentiles
        Sample Size      Variance    Kurtosis    Maximum  Min/Max      20%/60%    40%/80%    Median

     A_01                 11.323       1.657       5.000    0.39%       9.000     10.000     11.000
             511.000      15.536       4.349      40.000    0.20%      12.000     15.000
     A_02                 12.696       6.564       6.000    1.24%       9.000     10.000     11.000
             404.000      56.881      62.293      99.000    0.25%      13.000     15.000
     A_03                 11.543       1.574       6.000    1.37%       9.000     10.000     11.000
             291.000      14.500       3.157      30.000    0.34%      11.000     14.000
     AGE_C80               3.082       1.312      -0.630    0.18%       0.875      1.707      2.256
             543.000       7.646       2.141      17.918    0.18%       3.021      5.348
     EDU_C7                0.275       2.271      -7.000    0.18%      -1.000     -1.000     -1.000
             543.000       5.952       8.210      16.000    0.18%       0.000      1.000
     FEMALE                0.665      -0.699       0.000   34.07%       0.000      1.000      1.000
             543.000       0.223      -1.511       1.000   65.93%       1.000      1.000
     SBP_C167             -5.879       0.410     -57.000    1.47%     -27.000     -7.000     -7.000
             543.000     499.562       0.742      93.000    0.18%      -7.000     13.000


THE MODEL ESTIMATION TERMINATED NORMALLY



MODEL FIT INFORMATION

Number of Free Parameters                       22

Loglikelihood

          H0 Value                       -2576.791
          H0 Scaling Correction Factor      2.8269
            for MLR

Information Criteria

          Akaike (AIC)                    5197.583
          Bayesian (BIC)                  5285.229
          Sample-Size Adjusted BIC        5215.423
            (n* = (n + 2) / 24)



MODEL RESULTS

                                                    Two-Tailed
                    Estimate       S.E.  Est./S.E.    P-Value

 IA         ON
    AGE_C80            0.264      0.073      3.609      0.000
    EDU_C7            -0.210      0.079     -2.638      0.008
    FEMALE             0.760      0.417      1.821      0.069
    SBP_C167          -0.012      0.009     -1.371      0.170

 SA         ON
    AGE_C80            0.237      0.101      2.340      0.019
    EDU_C7             0.048      0.087      0.556      0.578
    FEMALE             0.860      0.601      1.432      0.152
    SBP_C167          -0.022      0.024     -0.949      0.343

 QA         ON
    AGE_C80           -0.052      0.024     -2.176      0.030
    EDU_C7            -0.008      0.022     -0.371      0.710
    FEMALE            -0.243      0.136     -1.795      0.073
    SBP_C167           0.005      0.005      0.988      0.323

 IA       WITH
    SA                 5.410      3.968      1.363      0.173
    QA                -1.336      0.845     -1.581      0.114

 SA       WITH
    QA                -4.832      2.833     -1.705      0.088

 Intercepts
    A_01               0.000      0.000    999.000    999.000
    A_02               0.000      0.000    999.000    999.000
    A_03               0.000      0.000    999.000    999.000
    IA                10.016      0.394     25.440      0.000
    SA                 0.040      0.436      0.093      0.926
    QA                 0.057      0.098      0.582      0.561

 Residual Variances
    A_01               4.240      1.238      3.424      0.001
    A_02               4.240      1.238      3.424      0.001
    A_03               4.240      1.238      3.424      0.001
    IA                 9.973      2.215      4.503      0.000
    SA                22.427     12.938      1.733      0.083
    QA                 1.059      0.621      1.704      0.088


QUALITY OF NUMERICAL RESULTS

     Condition Number for the Information Matrix              0.315E-05
       (ratio of smallest to largest eigenvalue)


CONFIDENCE INTERVALS OF MODEL RESULTS

                  Lower .5%  Lower 2.5%    Lower 5%    Estimate    Upper 5%  Upper 2.5%   Upper .5%

 IA       ON
    AGE_C80          0.076       0.121       0.144       0.264       0.385       0.408       0.453
    EDU_C7          -0.414      -0.365      -0.340      -0.210      -0.079      -0.054      -0.005
    FEMALE          -0.315      -0.058       0.073       0.760       1.447       1.578       1.835
    SBP_C167        -0.035      -0.030      -0.027      -0.012       0.002       0.005       0.011

 SA       ON
    AGE_C80         -0.024       0.039       0.071       0.237       0.404       0.436       0.498
    EDU_C7          -0.176      -0.122      -0.095       0.048       0.191       0.219       0.272
    FEMALE          -0.687      -0.317      -0.128       0.860       1.848       2.038       2.408
    SBP_C167        -0.084      -0.069      -0.062      -0.022       0.017       0.024       0.039

 QA       ON
    AGE_C80         -0.112      -0.098      -0.090      -0.052      -0.013      -0.005       0.009
    EDU_C7          -0.064      -0.050      -0.044      -0.008       0.028       0.034       0.048
    FEMALE          -0.593      -0.509      -0.467      -0.243      -0.020       0.022       0.106
    SBP_C167        -0.008      -0.005      -0.003       0.005       0.014       0.015       0.019

 IA       WITH
    SA              -4.811      -2.367      -1.117       5.410      11.937      13.187      15.630
    QA              -3.512      -2.992      -2.726      -1.336       0.054       0.320       0.840

 SA       WITH
    QA             -12.130     -10.385      -9.493      -4.832      -0.171       0.722       2.467

 Intercepts
    A_01             0.000       0.000       0.000       0.000       0.000       0.000       0.000
    A_02             0.000       0.000       0.000       0.000       0.000       0.000       0.000
    A_03             0.000       0.000       0.000       0.000       0.000       0.000       0.000
    IA               9.001       9.244       9.368      10.016      10.663      10.787      11.030
    SA              -1.083      -0.815      -0.677       0.040       0.758       0.895       1.164
    QA              -0.196      -0.135      -0.104       0.057       0.218       0.249       0.310

 Residual Variances
    A_01             1.051       1.813       2.203       4.240       6.277       6.667       7.430
    A_02             1.051       1.813       2.203       4.240       6.277       6.667       7.430
    A_03             1.051       1.813       2.203       4.240       6.277       6.667       7.430
    IA               4.268       5.632       6.330       9.973      13.617      14.314      15.678
    SA             -10.899      -2.932       1.143      22.427      43.710      47.786      55.753
    QA              -0.542      -0.159       0.037       1.059       2.081       2.277       2.659


SAMPLE STATISTICS FOR ESTIMATED FACTOR SCORES


     SAMPLE STATISTICS


           Means
              IA            IA_SE         SA            SA_SE         QA
              ________      ________      ________      ________      ________
 1             11.764         1.634         1.712         2.567        -0.349


           Means
              QA_SE
              ________
 1              0.563


           Covariances
              IA            IA_SE         SA            SA_SE         QA
              ________      ________      ________      ________      ________
 IA            10.204
 IA_SE          0.084         0.040
 SA             7.370         0.069        14.732
 SA_SE          0.905         0.076         0.556         1.210
 QA            -1.745        -0.016        -3.216        -0.134         0.708
 QA_SE          0.187         0.015         0.116         0.252        -0.028


           Covariances
              QA_SE
              ________
 QA_SE          0.052


           Correlations
              IA            IA_SE         SA            SA_SE         QA
              ________      ________      ________      ________      ________
 IA             1.000
 IA_SE          0.131         1.000
 SA             0.601         0.090         1.000
 SA_SE          0.258         0.345         0.132         1.000
 QA            -0.649        -0.096        -0.996        -0.145         1.000
 QA_SE          0.256         0.331         0.132         0.999        -0.145


           Correlations
              QA_SE
              ________
 QA_SE          1.000


RESULTS SAVING INFORMATION

  Order of data

    Parameter estimates
     (saved in order shown in Technical 1 output)
    Standard errors
     (saved in order shown in Technical 1 output)
    H0 Loglikelihood
    H0 Scaling Correction Factor for MLR
    Number of Free Parameters
    Akaike (AIC)
    Bayesian (BIC)
    Sample-Size Adjusted BIC

  Save file
    u2_123_aefb_gait_results.dat

  Save file format           Free


PLOT INFORMATION

The following plots are available:

  Histograms (sample values, estimated factor scores)
  Scatterplots (sample values, estimated factor scores)
  Latent variable distribution plots

SAVEDATA INFORMATION


  Save file
    u2_123_aefb_gait_fscores.dat

  Order and format of variables

    A_01           F10.3
    A_02           F10.3
    A_03           F10.3
    AGE_C80        F10.3
    EDU_C7         F10.3
    FEMALE         F10.3
    SBP_C167       F10.3
    TIME_01        F10.3
    TIME_02        F10.3
    TIME_03        F10.3
    _WEIGHT        F10.3
    IA             F10.3
    IA_SE          F10.3
    SA             F10.3
    SA_SE          F10.3
    QA             F10.3
    QA_SE          F10.3
    PAIRID         I6

  Save file format
    17F10.3 I6

  Save file record length    10000


     Beginning Time:  18:08:29
        Ending Time:  18:08:31
       Elapsed Time:  00:00:02



MUTHEN & MUTHEN
3463 Stoner Ave.
Los Angeles, CA  90066

Tel: (310) 391-9971
Fax: (310) 391-8971
Web: www.StatModel.com
Support: Support@StatModel.com

Copyright (c) 1998-2014 Muthen & Muthen
