Mplus VERSION 7.3
MUTHEN & MUTHEN
12/17/2016  12:00 PM

INPUT INSTRUCTIONS

  TITLE:
  Script produced from the prototype in ./sandbox/syntax-creator/
  DATA:
  File = wide-dataset.dat ;
  VARIABLE:
  NAMES are
   Case PairID female age_c80 edu_c7 sbp_c167 smoke cardio diabetes dementia_ever
      years_since_bl_01 years_since_bl_02 years_since_bl_03 years_since_bl_04
      years_since_bl_05 pef_01 pef_02 pef_03 pef_04 pef_05 grip_01 grip_02 grip_03
      grip_04 grip_05 gait_01 gait_02 gait_03 gait_04 gait_05 block_01 block_02
      block_03 block_04 block_05 digitspanbackward_01 digitspanbackward_02
      digitspanbackward_03 digitspanbackward_04 digitspanbackward_05
      digitspanforward_01 digitspanforward_02 digitspanforward_03 digitspanforward_04
      digitspanforward_05 symbol_01 symbol_02 symbol_03 symbol_04 symbol_05 prose_01
      prose_02 prose_03 prose_04 prose_05 info_01 info_02 info_03 info_04 info_05
      synonyms_01 synonyms_02 synonyms_03 synonyms_04 synonyms_05 psif_01 psif_02
      psif_03 psif_04 psif_05 figure_01 figure_02 figure_03 figure_04 figure_05
      mirrecall_01 mirrecall_02 mirrecall_03 mirrecall_04 mirrecall_05 mmse_01 mmse_02
      mmse_03 mmse_04 mmse_05 mirnaming_01 mirnaming_02 mirnaming_03 mirnaming_04
      mirnaming_05 mirrecog_01 mirrecog_02 mirrecog_03 mirrecog_04 mirrecog_05
      clock_01 clock_02 clock_03 clock_04 clock_05
  	;
  Missing are all (-9999);
  USEVARIABLES are
  	!define the variables used in the analysis
  	! covariates used in the model
  age_c80
  edu_c7	
  	!estimated time points
  time_01
  time_02
  time_04
  time_05
  	!modelled time points of process (A)
  a_01
  a_02
  a_04
  a_05
  ;
  TSCORES are
  	!estimated time points
  time_01
  time_02
  time_04
  time_05;
  CLUSTER = PairID;
  SUBPOPULATION are
  	!select a subset of observations
  dementia_ever NE 1
  ;
  DEFINE:
  	! assign variables to the process (A)
  a_01 = gait_01;
  a_02 = gait_02;
  a_04 = gait_04;
  a_05 = gait_05;
  	!assign variables to time points
  time_01 = years_since_bl_01;
  time_02 = years_since_bl_02;
  time_04 = years_since_bl_04;
  time_05 = years_since_bl_05;
  	
  ANALYSIS: TYPE = RANDOM COMPLEX;
  COVERAGE=.00;
  MODEL:
  	!first-level equation
  	! assign process (A) to time points
  ia sa qa | a_01 AT time_01 ;
  ia sa qa | a_02 AT time_02 ;
  ia sa qa | a_04 AT time_04 ;
  ia sa qa | a_05 AT time_05 ;
  	!variance of the first-level terms
  ia (v_ia);
  sa (v_sa);
  qa (v_qa);
  	!covariance among first-level terms
  ia WITH sa (c_iasa);
  ia WITH qa (c_iaqa);
  sa WITH qa (c_saqa);
  	!second-level equation
  ia sa qa ON age_c80
  edu_c7;
  	!residual covariance of process (A)
  a_01 (res_a);
  a_02 (res_a);
  a_04 (res_a);
  a_05 (res_a);	
  SAVEDATA:
  FILE is   u2_1245_ae_gait_fscores.dat;
  SAVE = FSCORES;
  RESULTS are   u2_1245_ae_gait_results.dat;
  	
  OUTPUT: sampstat cinterval;
  PLOT: Type is Plot1 Plot2 Plot3;



*** WARNING
  Data set contains cases with missing on x-variables.
  These cases were not included in the analysis.
  Number of cases with missing on x-variables:  46
*** WARNING
  Data set contains cases with missing on all variables except
  x-variables.  These cases were not included in the analysis.
  Number of cases with missing on all variables except x-variables:  108
   2 WARNING(S) FOUND IN THE INPUT INSTRUCTIONS




Script produced from the prototype in ./sandbox/syntax-creator/

SUMMARY OF ANALYSIS

Number of groups                                                 1
Number of observations                                         399

Number of dependent variables                                    4
Number of independent variables                                  2
Number of continuous latent variables                            3

Observed dependent variables

  Continuous
   A_01        A_02        A_04        A_05

Observed independent variables
   AGE_C80     EDU_C7

Continuous latent variables
   IA          SA          QA

Variables with special functions

  Cluster variable      PAIRID
  Weight variable       _WEIGHT

  Time scores
   TIME_01     TIME_02     TIME_04     TIME_05


Estimator                                                      MLR
Information matrix                                        OBSERVED
Maximum number of iterations                                   100
Convergence criterion                                    0.100D-05
Maximum number of EM iterations                                500
Convergence criteria for the EM algorithm
  Loglikelihood change                                   0.100D-02
  Relative loglikelihood change                          0.100D-05
  Derivative                                             0.100D-03
Minimum variance                                         0.100D-03
Maximum number of steepest descent iterations                   20
Maximum number of iterations for H1                           2000
Convergence criterion for H1                             0.100D-03
Optimization algorithm                                         EMA

Input data file(s)
  wide-dataset.dat
Input data format  FREE



SAMPLE STATISTICS


     ESTIMATED SAMPLE STATISTICS


           Means
              A_01          A_02          A_04          A_05          AGE_C80
              ________      ________      ________      ________      ________
 1             11.339        13.187        12.031        13.005         3.084


           Means
              EDU_C7
              ________
 1              0.283


           Covariances
              A_01          A_02          A_04          A_05          AGE_C80
              ________      ________      ________      ________      ________
 A_01          15.329
 A_02          17.301        59.022
 A_04           6.664        18.862        14.029
 A_05           6.977        20.621        11.993        22.846
 AGE_C80        2.217         4.472         0.865        -1.494         7.638
 EDU_C7        -1.486        -1.262        -1.021        -2.135        -0.436


           Covariances
              EDU_C7
              ________
 EDU_C7         5.982


           Correlations
              A_01          A_02          A_04          A_05          AGE_C80
              ________      ________      ________      ________      ________
 A_01           1.000
 A_02           0.575         1.000
 A_04           0.454         0.655         1.000
 A_05           0.373         0.562         0.670         1.000
 AGE_C80        0.205         0.211         0.084        -0.113         1.000
 EDU_C7        -0.155        -0.067        -0.111        -0.183        -0.065


           Correlations
              EDU_C7
              ________
 EDU_C7         1.000


     MAXIMUM LOG-LIKELIHOOD VALUE FOR THE UNRESTRICTED (H1) MODEL IS -6385.801


UNIVARIATE HIGHER-ORDER MOMENT DESCRIPTIVE STATISTICS


     UNIVARIATE HIGHER-ORDER MOMENT DESCRIPTIVE STATISTICS

         Variable/         Mean/     Skewness/   Minimum/ % with                Percentiles
        Sample Size      Variance    Kurtosis    Maximum  Min/Max      20%/60%    40%/80%    Median

     A_01                 11.310       1.664       5.000    0.39%       9.000     10.000     11.000
             515.000      15.487       4.378      40.000    0.19%      12.000     15.000
     A_02                 12.703       6.569       6.000    1.23%       9.000     11.000     11.000
             407.000      56.709      62.444      99.000    0.25%      13.000     15.000
     A_04                 11.420       1.305       6.000    1.42%       9.000     10.000     11.000
             211.000      10.290       1.912      28.000    0.47%      11.000     14.000
     A_05                 12.208       2.122       7.000    1.53%       9.000     11.000     11.000
             131.000      15.632       5.833      30.000    0.76%      12.000     14.000
     AGE_C80               3.084       1.307      -0.630    0.18%       0.877      1.707      2.259
             548.000       7.638       2.126      17.918    0.18%       3.063      5.395
     EDU_C7                0.283       2.250      -7.000    0.18%      -1.000     -1.000     -1.000
             548.000       5.982       8.045      16.000    0.18%       0.000      1.000


THE MODEL ESTIMATION TERMINATED NORMALLY



MODEL FIT INFORMATION

Number of Free Parameters                       16

Loglikelihood

          H0 Value                       -2789.765
          H0 Scaling Correction Factor      3.6016
            for MLR

Information Criteria

          Akaike (AIC)                    5611.530
          Bayesian (BIC)                  5675.353
          Sample-Size Adjusted BIC        5624.584
            (n* = (n + 2) / 24)



MODEL RESULTS

                                                    Two-Tailed
                    Estimate       S.E.  Est./S.E.    P-Value

 IA         ON
    AGE_C80            0.272      0.073      3.739      0.000
    EDU_C7            -0.238      0.079     -3.006      0.003

 SA         ON
    AGE_C80            0.214      0.075      2.847      0.004
    EDU_C7             0.071      0.058      1.224      0.221

 QA         ON
    AGE_C80           -0.037      0.011     -3.296      0.001
    EDU_C7            -0.011      0.008     -1.276      0.202

 IA       WITH
    SA                 4.935      2.789      1.770      0.077
    QA                -0.798      0.412     -1.937      0.053

 SA       WITH
    QA                -1.680      1.201     -1.400      0.162

 Intercepts
    A_01               0.000      0.000    999.000    999.000
    A_02               0.000      0.000    999.000    999.000
    A_04               0.000      0.000    999.000    999.000
    A_05               0.000      0.000    999.000    999.000
    IA                10.608      0.306     34.612      0.000
    SA                 0.396      0.291      1.358      0.174
    QA                -0.024      0.045     -0.531      0.595

 Residual Variances
    A_01               5.595      1.070      5.231      0.000
    A_02               5.595      1.070      5.231      0.000
    A_04               5.595      1.070      5.231      0.000
    A_05               5.595      1.070      5.231      0.000
    IA                 8.943      1.976      4.525      0.000
    SA                11.432      8.146      1.403      0.161
    QA                 0.250      0.177      1.409      0.159


QUALITY OF NUMERICAL RESULTS

     Condition Number for the Information Matrix              0.324E-06
       (ratio of smallest to largest eigenvalue)


CONFIDENCE INTERVALS OF MODEL RESULTS

                  Lower .5%  Lower 2.5%    Lower 5%    Estimate    Upper 5%  Upper 2.5%   Upper .5%

 IA       ON
    AGE_C80          0.085       0.130       0.153       0.272       0.392       0.415       0.460
    EDU_C7          -0.442      -0.393      -0.368      -0.238      -0.108      -0.083      -0.034

 SA       ON
    AGE_C80          0.020       0.067       0.090       0.214       0.338       0.362       0.408
    EDU_C7          -0.078      -0.043      -0.024       0.071       0.166       0.184       0.220

 QA       ON
    AGE_C80         -0.066      -0.059      -0.056      -0.037      -0.019      -0.015      -0.008
    EDU_C7          -0.032      -0.027      -0.025      -0.011       0.003       0.006       0.011

 IA       WITH
    SA              -2.248      -0.531       0.348       4.935       9.523      10.402      12.119
    QA              -1.858      -1.605      -1.475      -0.798      -0.120       0.009       0.263

 SA       WITH
    QA              -4.773      -4.033      -3.655      -1.680       0.295       0.673       1.412

 Intercepts
    A_01             0.000       0.000       0.000       0.000       0.000       0.000       0.000
    A_02             0.000       0.000       0.000       0.000       0.000       0.000       0.000
    A_04             0.000       0.000       0.000       0.000       0.000       0.000       0.000
    A_05             0.000       0.000       0.000       0.000       0.000       0.000       0.000
    IA               9.819      10.008      10.104      10.608      11.113      11.209      11.398
    SA              -0.355      -0.175      -0.084       0.396       0.875       0.966       1.146
    QA              -0.139      -0.112      -0.097      -0.024       0.050       0.064       0.092

 Residual Variances
    A_01             2.840       3.499       3.836       5.595       7.355       7.692       8.351
    A_02             2.840       3.499       3.836       5.595       7.355       7.692       8.351
    A_04             2.840       3.499       3.836       5.595       7.355       7.692       8.351
    A_05             2.840       3.499       3.836       5.595       7.355       7.692       8.351
    IA               3.852       5.069       5.692       8.943      12.194      12.817      14.034
    SA              -9.551      -4.535      -1.969      11.432      24.833      27.399      32.416
    QA              -0.207      -0.098      -0.042       0.250       0.541       0.597       0.706


SAMPLE STATISTICS FOR ESTIMATED FACTOR SCORES


     SAMPLE STATISTICS


           Means
              IA            IA_SE         SA            SA_SE         QA
              ________      ________      ________      ________      ________
 1             11.761         1.637         1.277         1.845        -0.174


           Means
              QA_SE
              ________
 1              0.264


           Covariances
              IA            IA_SE         SA            SA_SE         QA
              ________      ________      ________      ________      ________
 IA             8.433
 IA_SE          0.127         0.032
 SA             5.840         0.076         7.621
 SA_SE          0.606         0.097         0.361         0.549
 QA            -0.918        -0.013        -1.152        -0.058         0.175
 QA_SE          0.092         0.015         0.056         0.082        -0.009


           Covariances
              QA_SE
              ________
 QA_SE          0.012


           Correlations
              IA            IA_SE         SA            SA_SE         QA
              ________      ________      ________      ________      ________
 IA             1.000
 IA_SE          0.243         1.000
 SA             0.729         0.153         1.000
 SA_SE          0.282         0.730         0.177         1.000
 QA            -0.756        -0.166        -0.998        -0.189         1.000
 QA_SE          0.286         0.725         0.183         0.999        -0.195


           Correlations
              QA_SE
              ________
 QA_SE          1.000


RESULTS SAVING INFORMATION

  Order of data

    Parameter estimates
     (saved in order shown in Technical 1 output)
    Standard errors
     (saved in order shown in Technical 1 output)
    H0 Loglikelihood
    H0 Scaling Correction Factor for MLR
    Number of Free Parameters
    Akaike (AIC)
    Bayesian (BIC)
    Sample-Size Adjusted BIC

  Save file
    u2_1245_ae_gait_results.dat

  Save file format           Free


PLOT INFORMATION

The following plots are available:

  Histograms (sample values, estimated factor scores)
  Scatterplots (sample values, estimated factor scores)
  Latent variable distribution plots

SAVEDATA INFORMATION


  Save file
    u2_1245_ae_gait_fscores.dat

  Order and format of variables

    A_01           F10.3
    A_02           F10.3
    A_04           F10.3
    A_05           F10.3
    AGE_C80        F10.3
    EDU_C7         F10.3
    TIME_01        F10.3
    TIME_02        F10.3
    TIME_04        F10.3
    TIME_05        F10.3
    _WEIGHT        F10.3
    IA             F10.3
    IA_SE          F10.3
    SA             F10.3
    SA_SE          F10.3
    QA             F10.3
    QA_SE          F10.3
    PAIRID         I6

  Save file format
    17F10.3 I6

  Save file record length    10000


     Beginning Time:  12:00:35
        Ending Time:  12:00:36
       Elapsed Time:  00:00:01



MUTHEN & MUTHEN
3463 Stoner Ave.
Los Angeles, CA  90066

Tel: (310) 391-9971
Fax: (310) 391-8971
Web: www.StatModel.com
Support: Support@StatModel.com

Copyright (c) 1998-2014 Muthen & Muthen
