Mplus VERSION 7.3
MUTHEN & MUTHEN
12/17/2016   6:23 PM

INPUT INSTRUCTIONS

  TITLE:
  Script produced from the prototype in ./sandbox/syntax-creator/
  DATA:
  File = wide-dataset.dat ;
  VARIABLE:
  NAMES are
   Case PairID female age_c80 edu_c7 sbp_c167 smoke cardio diabetes dementia_ever
      years_since_bl_01 years_since_bl_02 years_since_bl_03 years_since_bl_04
      years_since_bl_05 pef_01 pef_02 pef_03 pef_04 pef_05 grip_01 grip_02 grip_03
      grip_04 grip_05 gait_01 gait_02 gait_03 gait_04 gait_05 block_01 block_02
      block_03 block_04 block_05 digitspanbackward_01 digitspanbackward_02
      digitspanbackward_03 digitspanbackward_04 digitspanbackward_05
      digitspanforward_01 digitspanforward_02 digitspanforward_03 digitspanforward_04
      digitspanforward_05 symbol_01 symbol_02 symbol_03 symbol_04 symbol_05 prose_01
      prose_02 prose_03 prose_04 prose_05 info_01 info_02 info_03 info_04 info_05
      synonyms_01 synonyms_02 synonyms_03 synonyms_04 synonyms_05 psif_01 psif_02
      psif_03 psif_04 psif_05 figure_01 figure_02 figure_03 figure_04 figure_05
      mirrecall_01 mirrecall_02 mirrecall_03 mirrecall_04 mirrecall_05 mmse_01 mmse_02
      mmse_03 mmse_04 mmse_05 mirnaming_01 mirnaming_02 mirnaming_03 mirnaming_04
      mirnaming_05 mirrecog_01 mirrecog_02 mirrecog_03 mirrecog_04 mirrecog_05
      clock_01 clock_02 clock_03 clock_04 clock_05
  	;
  Missing are all (-9999);
  USEVARIABLES are
  	!define the variables used in the analysis
  	! covariates used in the model
  age_c80
  edu_c7
  female
  sbp_c167	
  	!estimated time points
  time_01
  time_03
  time_04
  	!modelled time points of process (A)
  a_01
  a_03
  a_04
  ;
  TSCORES are
  	!estimated time points
  time_01
  time_03
  time_04;
  CLUSTER = PairID;
  SUBPOPULATION are
  	!select a subset of observations
  dementia_ever NE 1
  ;
  DEFINE:
  	! assign variables to the process (A)
  a_01 = gait_01;
  a_03 = gait_03;
  a_04 = gait_04;
  	!assign variables to time points
  time_01 = years_since_bl_01;
  time_03 = years_since_bl_03;
  time_04 = years_since_bl_04;
  	
  ANALYSIS: TYPE = RANDOM COMPLEX;
  COVERAGE=.00;
  MODEL:
  	!first-level equation
  	! assign process (A) to time points
  ia sa qa | a_01 AT time_01 ;
  ia sa qa | a_03 AT time_03 ;
  ia sa qa | a_04 AT time_04 ;
  	!variance of the first-level terms
  ia (v_ia);
  sa (v_sa);
  qa (v_qa);
  	!covariance among first-level terms
  ia WITH sa (c_iasa);
  ia WITH qa (c_iaqa);
  sa WITH qa (c_saqa);
  	!second-level equation
  ia sa qa ON age_c80
  edu_c7
  female
  sbp_c167;
  	!residual covariance of process (A)
  a_01 (res_a);
  a_03 (res_a);
  a_04 (res_a);	
  SAVEDATA:
  FILE is   u2_134_aefb_gait_fscores.dat;
  SAVE = FSCORES;
  RESULTS are   u2_134_aefb_gait_results.dat;
  	
  OUTPUT: sampstat cinterval;
  PLOT: Type is Plot1 Plot2 Plot3;



*** WARNING
  Data set contains cases with missing on x-variables.
  These cases were not included in the analysis.
  Number of cases with missing on x-variables:  92
*** WARNING
  Data set contains cases with missing on all variables except
  x-variables.  These cases were not included in the analysis.
  Number of cases with missing on all variables except x-variables:  81
   2 WARNING(S) FOUND IN THE INPUT INSTRUCTIONS




Script produced from the prototype in ./sandbox/syntax-creator/

SUMMARY OF ANALYSIS

Number of groups                                                 1
Number of observations                                         392

Number of dependent variables                                    3
Number of independent variables                                  4
Number of continuous latent variables                            3

Observed dependent variables

  Continuous
   A_01        A_03        A_04

Observed independent variables
   AGE_C80     EDU_C7      FEMALE      SBP_C167

Continuous latent variables
   IA          SA          QA

Variables with special functions

  Cluster variable      PAIRID
  Weight variable       _WEIGHT

  Time scores
   TIME_01     TIME_03     TIME_04


Estimator                                                      MLR
Information matrix                                        OBSERVED
Maximum number of iterations                                   100
Convergence criterion                                    0.100D-05
Maximum number of EM iterations                                500
Convergence criteria for the EM algorithm
  Loglikelihood change                                   0.100D-02
  Relative loglikelihood change                          0.100D-05
  Derivative                                             0.100D-03
Minimum variance                                         0.100D-03
Maximum number of steepest descent iterations                   20
Maximum number of iterations for H1                           2000
Convergence criterion for H1                             0.100D-03
Optimization algorithm                                         EMA

Input data file(s)
  wide-dataset.dat
Input data format  FREE



SAMPLE STATISTICS


     ESTIMATED SAMPLE STATISTICS


           Means
              A_01          A_03          A_04          AGE_C80       EDU_C7
              ________      ________      ________      ________      ________
 1             11.350        12.025        11.963         3.085         0.270


           Means
              FEMALE        SBP_C167
              ________      ________
 1              0.666        -5.597


           Covariances
              A_01          A_03          A_04          AGE_C80       EDU_C7
              ________      ________      ________      ________      ________
 A_01          15.618
 A_03           7.798        15.676
 A_04           5.638         8.004        11.787
 AGE_C80        2.364         2.751         0.878         7.724
 EDU_C7        -1.508        -1.064        -0.809        -0.497         5.983
 FEMALE         0.221         0.031        -0.071         0.115        -0.106
 SBP_C167      -6.726        -2.637        -5.609        -3.176         1.470


           Covariances
              FEMALE        SBP_C167
              ________      ________
 FEMALE         0.223
 SBP_C167       0.686       499.307


           Correlations
              A_01          A_03          A_04          AGE_C80       EDU_C7
              ________      ________      ________      ________      ________
 A_01           1.000
 A_03           0.498         1.000
 A_04           0.416         0.589         1.000
 AGE_C80        0.215         0.250         0.092         1.000
 EDU_C7        -0.156        -0.110        -0.096        -0.073         1.000
 FEMALE         0.119         0.016        -0.044         0.088        -0.092
 SBP_C167      -0.076        -0.030        -0.073        -0.051         0.027


           Correlations
              FEMALE        SBP_C167
              ________      ________
 FEMALE         1.000
 SBP_C167       0.065         1.000


     MAXIMUM LOG-LIKELIHOOD VALUE FOR THE UNRESTRICTED (H1) MODEL IS -8032.598


UNIVARIATE HIGHER-ORDER MOMENT DESCRIPTIVE STATISTICS


     UNIVARIATE HIGHER-ORDER MOMENT DESCRIPTIVE STATISTICS

         Variable/         Mean/     Skewness/   Minimum/ % with                Percentiles
        Sample Size      Variance    Kurtosis    Maximum  Min/Max      20%/60%    40%/80%    Median

     A_01                 11.323       1.657       5.000    0.39%       9.000     10.000     11.000
             511.000      15.536       4.349      40.000    0.20%      12.000     15.000
     A_03                 11.543       1.574       6.000    1.37%       9.000     10.000     11.000
             291.000      14.500       3.157      30.000    0.34%      11.000     14.000
     A_04                 11.428       1.297       6.000    1.43%       9.000     10.000     11.000
             210.000      10.337       1.881      28.000    0.48%      11.000     14.000
     AGE_C80               3.085       1.307      -0.630    0.19%       0.874      1.640      2.226
             529.000       7.724       2.095      17.918    0.19%       2.923      5.286
     EDU_C7                0.270       2.279      -7.000    0.19%      -1.000     -1.000     -1.000
             529.000       5.983       8.238      16.000    0.19%       0.000      1.000
     FEMALE                0.666      -0.703       0.000   34.22%       0.000      1.000      1.000
             529.000       0.223      -1.506       1.000   65.78%       1.000      1.000
     SBP_C167             -5.597       0.392     -57.000    1.51%     -27.000     -7.000     -7.000
             529.000     499.307       0.756      93.000    0.19%      -7.000     13.000


THE MODEL ESTIMATION TERMINATED NORMALLY



MODEL FIT INFORMATION

Number of Free Parameters                       22

Loglikelihood

          H0 Value                       -2058.710
          H0 Scaling Correction Factor      1.3317
            for MLR

Information Criteria

          Akaike (AIC)                    4161.421
          Bayesian (BIC)                  4248.789
          Sample-Size Adjusted BIC        4178.984
            (n* = (n + 2) / 24)



MODEL RESULTS

                                                    Two-Tailed
                    Estimate       S.E.  Est./S.E.    P-Value

 IA         ON
    AGE_C80            0.277      0.074      3.752      0.000
    EDU_C7            -0.212      0.081     -2.628      0.009
    FEMALE             0.785      0.422      1.861      0.063
    SBP_C167          -0.012      0.009     -1.322      0.186

 SA         ON
    AGE_C80            0.106      0.065      1.622      0.105
    EDU_C7             0.023      0.067      0.342      0.732
    FEMALE            -0.258      0.353     -0.731      0.465
    SBP_C167           0.007      0.008      0.918      0.359

 QA         ON
    AGE_C80           -0.022      0.012     -1.901      0.057
    EDU_C7            -0.002      0.011     -0.148      0.882
    FEMALE             0.010      0.060      0.172      0.864
    SBP_C167          -0.001      0.001     -0.915      0.360

 IA       WITH
    SA                -1.022      1.052     -0.972      0.331
    QA                 0.022      0.148      0.147      0.883

 SA       WITH
    QA                -0.294      0.189     -1.559      0.119

 Intercepts
    A_01               0.000      0.000    999.000    999.000
    A_03               0.000      0.000    999.000    999.000
    A_04               0.000      0.000    999.000    999.000
    IA                 9.961      0.396     25.169      0.000
    SA                 0.183      0.356      0.515      0.607
    QA                 0.022      0.059      0.380      0.704

 Residual Variances
    A_01               3.860      1.180      3.272      0.001
    A_03               3.860      1.180      3.272      0.001
    A_04               3.860      1.180      3.272      0.001
    IA                10.541      2.235      4.717      0.000
    SA                 2.108      1.247      1.690      0.091
    QA                 0.046      0.029      1.550      0.121


QUALITY OF NUMERICAL RESULTS

     Condition Number for the Information Matrix              0.215E-06
       (ratio of smallest to largest eigenvalue)


CONFIDENCE INTERVALS OF MODEL RESULTS

                  Lower .5%  Lower 2.5%    Lower 5%    Estimate    Upper 5%  Upper 2.5%   Upper .5%

 IA       ON
    AGE_C80          0.087       0.132       0.155       0.277       0.398       0.421       0.466
    EDU_C7          -0.420      -0.371      -0.345      -0.212      -0.079      -0.054      -0.004
    FEMALE          -0.302      -0.042       0.091       0.785       1.480       1.613       1.873
    SBP_C167        -0.036      -0.030      -0.027      -0.012       0.003       0.006       0.012

 SA       ON
    AGE_C80         -0.062      -0.022      -0.001       0.106       0.214       0.234       0.274
    EDU_C7          -0.149      -0.108      -0.087       0.023       0.133       0.154       0.195
    FEMALE          -1.168      -0.950      -0.839      -0.258       0.323       0.434       0.652
    SBP_C167        -0.013      -0.008      -0.006       0.007       0.020       0.023       0.028

 QA       ON
    AGE_C80         -0.052      -0.045      -0.041      -0.022      -0.003       0.001       0.008
    EDU_C7          -0.031      -0.024      -0.021      -0.002       0.017       0.021       0.028
    FEMALE          -0.144      -0.107      -0.088       0.010       0.109       0.127       0.164
    SBP_C167        -0.004      -0.004      -0.003      -0.001       0.001       0.001       0.002

 IA       WITH
    SA              -3.731      -3.083      -2.752      -1.022       0.708       1.039       1.686
    QA              -0.359      -0.268      -0.222       0.022       0.265       0.312       0.403

 SA       WITH
    QA              -0.780      -0.664      -0.605      -0.294       0.016       0.076       0.192

 Intercepts
    A_01             0.000       0.000       0.000       0.000       0.000       0.000       0.000
    A_03             0.000       0.000       0.000       0.000       0.000       0.000       0.000
    A_04             0.000       0.000       0.000       0.000       0.000       0.000       0.000
    IA               8.941       9.185       9.310       9.961      10.612      10.736      10.980
    SA              -0.734      -0.514      -0.402       0.183       0.769       0.881       1.100
    QA              -0.129      -0.093      -0.075       0.022       0.119       0.138       0.174

 Residual Variances
    A_01             0.821       1.548       1.919       3.860       5.801       6.172       6.899
    A_03             0.821       1.548       1.919       3.860       5.801       6.172       6.899
    A_04             0.821       1.548       1.919       3.860       5.801       6.172       6.899
    IA               4.785       6.161       6.865      10.541      14.217      14.921      16.297
    SA              -1.105      -0.336       0.056       2.108       4.160       4.553       5.321
    QA              -0.030      -0.012      -0.003       0.046       0.094       0.103       0.121


SAMPLE STATISTICS FOR ESTIMATED FACTOR SCORES


     SAMPLE STATISTICS


           Means
              IA            IA_SE         SA            SA_SE         QA
              ________      ________      ________      ________      ________
 1             11.770         1.664         0.276         1.239        -0.033


           Means
              QA_SE
              ________
 1              0.189


           Covariances
              IA            IA_SE         SA            SA_SE         QA
              ________      ________      ________      ________      ________
 IA            11.183
 IA_SE          0.061         0.039
 SA            -0.624         0.004         0.687
 SA_SE          0.182         0.009        -0.011         0.030
 QA            -0.044        -0.002        -0.087        -0.001         0.013
 QA_SE          0.024         0.001        -0.001         0.004         0.000


           Covariances
              QA_SE
              ________
 QA_SE          0.001


           Correlations
              IA            IA_SE         SA            SA_SE         QA
              ________      ________      ________      ________      ________
 IA             1.000
 IA_SE          0.093         1.000
 SA            -0.225         0.025         1.000
 SA_SE          0.316         0.265        -0.075         1.000
 QA            -0.113        -0.076        -0.915        -0.050         1.000
 QA_SE          0.321         0.156        -0.074         0.992        -0.052


           Correlations
              QA_SE
              ________
 QA_SE          1.000


RESULTS SAVING INFORMATION

  Order of data

    Parameter estimates
     (saved in order shown in Technical 1 output)
    Standard errors
     (saved in order shown in Technical 1 output)
    H0 Loglikelihood
    H0 Scaling Correction Factor for MLR
    Number of Free Parameters
    Akaike (AIC)
    Bayesian (BIC)
    Sample-Size Adjusted BIC

  Save file
    u2_134_aefb_gait_results.dat

  Save file format           Free


PLOT INFORMATION

The following plots are available:

  Histograms (sample values, estimated factor scores)
  Scatterplots (sample values, estimated factor scores)
  Latent variable distribution plots

SAVEDATA INFORMATION


  Save file
    u2_134_aefb_gait_fscores.dat

  Order and format of variables

    A_01           F10.3
    A_03           F10.3
    A_04           F10.3
    AGE_C80        F10.3
    EDU_C7         F10.3
    FEMALE         F10.3
    SBP_C167       F10.3
    TIME_01        F10.3
    TIME_03        F10.3
    TIME_04        F10.3
    _WEIGHT        F10.3
    IA             F10.3
    IA_SE          F10.3
    SA             F10.3
    SA_SE          F10.3
    QA             F10.3
    QA_SE          F10.3
    PAIRID         I5

  Save file format
    17F10.3 I5

  Save file record length    10000


     Beginning Time:  18:23:17
        Ending Time:  18:23:20
       Elapsed Time:  00:00:03



MUTHEN & MUTHEN
3463 Stoner Ave.
Los Angeles, CA  90066

Tel: (310) 391-9971
Fax: (310) 391-8971
Web: www.StatModel.com
Support: Support@StatModel.com

Copyright (c) 1998-2014 Muthen & Muthen
