Mplus VERSION 7.3
MUTHEN & MUTHEN
12/17/2016  12:00 PM

INPUT INSTRUCTIONS

  TITLE:
  Script produced from the prototype in ./sandbox/syntax-creator/
  DATA:
  File = wide-dataset.dat ;
  VARIABLE:
  NAMES are
   Case PairID female age_c80 edu_c7 sbp_c167 smoke cardio diabetes dementia_ever
      years_since_bl_01 years_since_bl_02 years_since_bl_03 years_since_bl_04
      years_since_bl_05 pef_01 pef_02 pef_03 pef_04 pef_05 grip_01 grip_02 grip_03
      grip_04 grip_05 gait_01 gait_02 gait_03 gait_04 gait_05 block_01 block_02
      block_03 block_04 block_05 digitspanbackward_01 digitspanbackward_02
      digitspanbackward_03 digitspanbackward_04 digitspanbackward_05
      digitspanforward_01 digitspanforward_02 digitspanforward_03 digitspanforward_04
      digitspanforward_05 symbol_01 symbol_02 symbol_03 symbol_04 symbol_05 prose_01
      prose_02 prose_03 prose_04 prose_05 info_01 info_02 info_03 info_04 info_05
      synonyms_01 synonyms_02 synonyms_03 synonyms_04 synonyms_05 psif_01 psif_02
      psif_03 psif_04 psif_05 figure_01 figure_02 figure_03 figure_04 figure_05
      mirrecall_01 mirrecall_02 mirrecall_03 mirrecall_04 mirrecall_05 mmse_01 mmse_02
      mmse_03 mmse_04 mmse_05 mirnaming_01 mirnaming_02 mirnaming_03 mirnaming_04
      mirnaming_05 mirrecog_01 mirrecog_02 mirrecog_03 mirrecog_04 mirrecog_05
      clock_01 clock_02 clock_03 clock_04 clock_05
  	;
  Missing are all (-9999);
  USEVARIABLES are
  	!define the variables used in the analysis
  	! covariates used in the model
  age_c80
  edu_c7
  female
  sbp_c167	
  	!estimated time points
  time_01
  time_02
  time_03
  time_04
  time_05
  	!modelled time points of process (A)
  a_01
  a_02
  a_03
  a_04
  a_05
  ;
  TSCORES are
  	!estimated time points
  time_01
  time_02
  time_03
  time_04
  time_05;
  CLUSTER = PairID;
  SUBPOPULATION are
  	!select a subset of observations
  dementia_ever NE 1
  ;
  DEFINE:
  	! assign variables to the process (A)
  a_01 = gait_01;
  a_02 = gait_02;
  a_03 = gait_03;
  a_04 = gait_04;
  a_05 = gait_05;
  	!assign variables to time points
  time_01 = years_since_bl_01;
  time_02 = years_since_bl_02;
  time_03 = years_since_bl_03;
  time_04 = years_since_bl_04;
  time_05 = years_since_bl_05;
  	
  ANALYSIS: TYPE = RANDOM COMPLEX;
  COVERAGE=.00;
  MODEL:
  	!first-level equation
  	! assign process (A) to time points
  ia sa qa | a_01 AT time_01 ;
  ia sa qa | a_02 AT time_02 ;
  ia sa qa | a_03 AT time_03 ;
  ia sa qa | a_04 AT time_04 ;
  ia sa qa | a_05 AT time_05 ;
  	!variance of the first-level terms
  ia (v_ia);
  sa (v_sa);
  qa (v_qa);
  	!covariance among first-level terms
  ia WITH sa (c_iasa);
  ia WITH qa (c_iaqa);
  sa WITH qa (c_saqa);
  	!second-level equation
  ia sa qa ON age_c80
  edu_c7
  female
  sbp_c167;
  	!residual covariance of process (A)
  a_01 (res_a);
  a_02 (res_a);
  a_03 (res_a);
  a_04 (res_a);
  a_05 (res_a);	
  SAVEDATA:
  FILE is   u2_12345_aefb_gait_fscores.dat;
  SAVE = FSCORES;
  RESULTS are   u2_12345_aefb_gait_results.dat;
  	
  OUTPUT: sampstat cinterval;
  PLOT: Type is Plot1 Plot2 Plot3;



*** WARNING
  Data set contains cases with missing on x-variables.
  These cases were not included in the analysis.
  Number of cases with missing on x-variables:  92
*** WARNING
  Data set contains cases with missing on all variables except
  x-variables.  These cases were not included in the analysis.
  Number of cases with missing on all variables except x-variables:  67
   2 WARNING(S) FOUND IN THE INPUT INSTRUCTIONS




Script produced from the prototype in ./sandbox/syntax-creator/

SUMMARY OF ANALYSIS

Number of groups                                                 1
Number of observations                                         397

Number of dependent variables                                    5
Number of independent variables                                  4
Number of continuous latent variables                            3

Observed dependent variables

  Continuous
   A_01        A_02        A_03        A_04        A_05

Observed independent variables
   AGE_C80     EDU_C7      FEMALE      SBP_C167

Continuous latent variables
   IA          SA          QA

Variables with special functions

  Cluster variable      PAIRID
  Weight variable       _WEIGHT

  Time scores
   TIME_01     TIME_02     TIME_03     TIME_04     TIME_05


Estimator                                                      MLR
Information matrix                                        OBSERVED
Maximum number of iterations                                   100
Convergence criterion                                    0.100D-05
Maximum number of EM iterations                                500
Convergence criteria for the EM algorithm
  Loglikelihood change                                   0.100D-02
  Relative loglikelihood change                          0.100D-05
  Derivative                                             0.100D-03
Minimum variance                                         0.100D-03
Maximum number of steepest descent iterations                   20
Maximum number of iterations for H1                           2000
Convergence criterion for H1                             0.100D-03
Optimization algorithm                                         EMA

Input data file(s)
  wide-dataset.dat
Input data format  FREE



SAMPLE STATISTICS


     ESTIMATED SAMPLE STATISTICS


           Means
              A_01          A_02          A_03          A_04          A_05
              ________      ________      ________      ________      ________
 1             11.349        13.173        12.434        12.177        12.959


           Means
              AGE_C80       EDU_C7        FEMALE        SBP_C167
              ________      ________      ________      ________
 1              3.082         0.275         0.665        -5.879


           Covariances
              A_01          A_02          A_03          A_04          A_05
              ________      ________      ________      ________      ________
 A_01          15.389
 A_02          17.514        58.997
 A_03          10.705        29.989        24.158
 A_04           7.024        19.976        13.052        14.968
 A_05           6.718        18.722        12.013        11.826        21.684
 AGE_C80        2.255         4.378         3.027         1.120        -1.466
 EDU_C7        -1.466        -1.350        -1.031        -0.768        -1.944
 FEMALE         0.212         0.386         0.084        -0.052         0.208
 SBP_C167      -6.639       -19.114        -9.313        -9.705        -4.268


           Covariances
              AGE_C80       EDU_C7        FEMALE        SBP_C167
              ________      ________      ________      ________
 AGE_C80        7.646
 EDU_C7        -0.478         5.952
 FEMALE         0.113        -0.104         0.223
 SBP_C167      -3.020         1.405         0.678       499.562


           Correlations
              A_01          A_02          A_03          A_04          A_05
              ________      ________      ________      ________      ________
 A_01           1.000
 A_02           0.581         1.000
 A_03           0.555         0.794         1.000
 A_04           0.463         0.672         0.686         1.000
 A_05           0.368         0.523         0.525         0.656         1.000
 AGE_C80        0.208         0.206         0.223         0.105        -0.114
 EDU_C7        -0.153        -0.072        -0.086        -0.081        -0.171
 FEMALE         0.114         0.106         0.036        -0.029         0.094
 SBP_C167      -0.076        -0.111        -0.085        -0.112        -0.041


           Correlations
              AGE_C80       EDU_C7        FEMALE        SBP_C167
              ________      ________      ________      ________
 AGE_C80        1.000
 EDU_C7        -0.071         1.000
 FEMALE         0.087        -0.091         1.000
 SBP_C167      -0.049         0.026         0.064         1.000


     MAXIMUM LOG-LIKELIHOOD VALUE FOR THE UNRESTRICTED (H1) MODEL IS -9910.674


UNIVARIATE HIGHER-ORDER MOMENT DESCRIPTIVE STATISTICS


     UNIVARIATE HIGHER-ORDER MOMENT DESCRIPTIVE STATISTICS

         Variable/         Mean/     Skewness/   Minimum/ % with                Percentiles
        Sample Size      Variance    Kurtosis    Maximum  Min/Max      20%/60%    40%/80%    Median

     A_01                 11.323       1.657       5.000    0.39%       9.000     10.000     11.000
             511.000      15.536       4.349      40.000    0.20%      12.000     15.000
     A_02                 12.696       6.564       6.000    1.24%       9.000     10.000     11.000
             404.000      56.881      62.293      99.000    0.25%      13.000     15.000
     A_03                 11.543       1.574       6.000    1.37%       9.000     10.000     11.000
             291.000      14.500       3.157      30.000    0.34%      11.000     14.000
     A_04                 11.428       1.297       6.000    1.43%       9.000     10.000     11.000
             210.000      10.337       1.881      28.000    0.48%      11.000     14.000
     A_05                 12.208       2.122       7.000    1.53%       9.000     11.000     11.000
             131.000      15.632       5.833      30.000    0.76%      12.000     14.000
     AGE_C80               3.082       1.312      -0.630    0.18%       0.875      1.707      2.256
             543.000       7.646       2.141      17.918    0.18%       3.021      5.348
     EDU_C7                0.275       2.271      -7.000    0.18%      -1.000     -1.000     -1.000
             543.000       5.952       8.210      16.000    0.18%       0.000      1.000
     FEMALE                0.665      -0.699       0.000   34.07%       0.000      1.000      1.000
             543.000       0.223      -1.511       1.000   65.93%       1.000      1.000
     SBP_C167             -5.879       0.410     -57.000    1.47%     -27.000     -7.000     -7.000
             543.000     499.562       0.742      93.000    0.18%      -7.000     13.000


THE MODEL ESTIMATION TERMINATED NORMALLY



MODEL FIT INFORMATION

Number of Free Parameters                       22

Loglikelihood

          H0 Value                       -3372.256
          H0 Scaling Correction Factor      3.4516
            for MLR

Information Criteria

          Akaike (AIC)                    6788.511
          Bayesian (BIC)                  6876.158
          Sample-Size Adjusted BIC        6806.351
            (n* = (n + 2) / 24)



MODEL RESULTS

                                                    Two-Tailed
                    Estimate       S.E.  Est./S.E.    P-Value

 IA         ON
    AGE_C80            0.267      0.072      3.681      0.000
    EDU_C7            -0.217      0.078     -2.763      0.006
    FEMALE             0.913      0.411      2.221      0.026
    SBP_C167          -0.012      0.009     -1.332      0.183

 SA         ON
    AGE_C80            0.178      0.067      2.654      0.008
    EDU_C7             0.068      0.056      1.220      0.222
    FEMALE             0.046      0.409      0.111      0.911
    SBP_C167          -0.014      0.016     -0.917      0.359

 QA         ON
    AGE_C80           -0.032      0.010     -3.161      0.002
    EDU_C7            -0.010      0.008     -1.282      0.200
    FEMALE            -0.019      0.059     -0.316      0.752
    SBP_C167           0.002      0.002      0.952      0.341

 IA       WITH
    SA                 5.084      2.765      1.838      0.066
    QA                -0.802      0.401     -2.000      0.046

 SA       WITH
    QA                -1.247      1.052     -1.185      0.236

 Intercepts
    A_01               0.000      0.000    999.000    999.000
    A_02               0.000      0.000    999.000    999.000
    A_03               0.000      0.000    999.000    999.000
    A_04               0.000      0.000    999.000    999.000
    A_05               0.000      0.000    999.000    999.000
    IA                 9.986      0.388     25.748      0.000
    SA                 0.258      0.310      0.831      0.406
    QA                 0.006      0.044      0.130      0.897

 Residual Variances
    A_01               6.363      1.417      4.492      0.000
    A_02               6.363      1.417      4.492      0.000
    A_03               6.363      1.417      4.492      0.000
    A_04               6.363      1.417      4.492      0.000
    A_05               6.363      1.417      4.492      0.000
    IA                 8.315      1.955      4.253      0.000
    SA                 8.466      7.235      1.170      0.242
    QA                 0.186      0.153      1.213      0.225


QUALITY OF NUMERICAL RESULTS

     Condition Number for the Information Matrix              0.371E-07
       (ratio of smallest to largest eigenvalue)


CONFIDENCE INTERVALS OF MODEL RESULTS

                  Lower .5%  Lower 2.5%    Lower 5%    Estimate    Upper 5%  Upper 2.5%   Upper .5%

 IA       ON
    AGE_C80          0.080       0.125       0.147       0.267       0.386       0.408       0.453
    EDU_C7          -0.418      -0.370      -0.345      -0.217      -0.088      -0.063      -0.015
    FEMALE          -0.146       0.107       0.237       0.913       1.589       1.718       1.972
    SBP_C167        -0.035      -0.030      -0.027      -0.012       0.003       0.006       0.011

 SA       ON
    AGE_C80          0.005       0.046       0.068       0.178       0.288       0.309       0.350
    EDU_C7          -0.076      -0.042      -0.024       0.068       0.161       0.178       0.213
    FEMALE          -1.008      -0.756      -0.627       0.046       0.718       0.847       1.099
    SBP_C167        -0.055      -0.045      -0.040      -0.014       0.011       0.016       0.026

 QA       ON
    AGE_C80         -0.059      -0.053      -0.049      -0.032      -0.016      -0.012      -0.006
    EDU_C7          -0.031      -0.026      -0.024      -0.010       0.003       0.006       0.011
    FEMALE          -0.170      -0.134      -0.115      -0.019       0.078       0.097       0.133
    SBP_C167        -0.004      -0.002      -0.002       0.002       0.006       0.006       0.008

 IA       WITH
    SA              -2.039      -0.336       0.535       5.084       9.633      10.504      12.207
    QA              -1.835      -1.588      -1.462      -0.802      -0.142      -0.016       0.231

 SA       WITH
    QA              -3.957      -3.309      -2.978      -1.247       0.484       0.816       1.464

 Intercepts
    A_01             0.000       0.000       0.000       0.000       0.000       0.000       0.000
    A_02             0.000       0.000       0.000       0.000       0.000       0.000       0.000
    A_03             0.000       0.000       0.000       0.000       0.000       0.000       0.000
    A_04             0.000       0.000       0.000       0.000       0.000       0.000       0.000
    A_05             0.000       0.000       0.000       0.000       0.000       0.000       0.000
    IA               8.987       9.225       9.348       9.986      10.624      10.746      10.985
    SA              -0.541      -0.350      -0.253       0.258       0.768       0.866       1.057
    QA              -0.108      -0.081      -0.067       0.006       0.078       0.092       0.119

 Residual Variances
    A_01             2.715       3.587       4.033       6.363       8.694       9.140      10.012
    A_02             2.715       3.587       4.033       6.363       8.694       9.140      10.012
    A_03             2.715       3.587       4.033       6.363       8.694       9.140      10.012
    A_04             2.715       3.587       4.033       6.363       8.694       9.140      10.012
    A_05             2.715       3.587       4.033       6.363       8.694       9.140      10.012
    IA               3.279       4.483       5.099       8.315      11.531      12.147      13.351
    SA             -10.170      -5.715      -3.435       8.466      20.368      22.647      27.103
    QA              -0.209      -0.114      -0.066       0.186       0.438       0.486       0.581


SAMPLE STATISTICS FOR ESTIMATED FACTOR SCORES


     SAMPLE STATISTICS


           Means
              IA            IA_SE         SA            SA_SE         QA
              ________      ________      ________      ________      ________
 1             11.776         1.557         1.146         1.498        -0.154


           Means
              QA_SE
              ________
 1              0.216


           Covariances
              IA            IA_SE         SA            SA_SE         QA
              ________      ________      ________      ________      ________
 IA             8.026
 IA_SE          0.159         0.042
 SA             5.726         0.093         6.117
 SA_SE          0.524         0.117         0.332         0.383
 QA            -0.891        -0.015        -0.925        -0.053         0.141
 QA_SE          0.079         0.017         0.050         0.057        -0.008


           Covariances
              QA_SE
              ________
 QA_SE          0.008


           Correlations
              IA            IA_SE         SA            SA_SE         QA
              ________      ________      ________      ________      ________
 IA             1.000
 IA_SE          0.274         1.000
 SA             0.817         0.184         1.000
 SA_SE          0.299         0.920         0.217         1.000
 QA            -0.839        -0.197        -0.997        -0.228         1.000
 QA_SE          0.303         0.915         0.222         0.999        -0.233


           Correlations
              QA_SE
              ________
 QA_SE          1.000


RESULTS SAVING INFORMATION

  Order of data

    Parameter estimates
     (saved in order shown in Technical 1 output)
    Standard errors
     (saved in order shown in Technical 1 output)
    H0 Loglikelihood
    H0 Scaling Correction Factor for MLR
    Number of Free Parameters
    Akaike (AIC)
    Bayesian (BIC)
    Sample-Size Adjusted BIC

  Save file
    u2_12345_aefb_gait_results.dat

  Save file format           Free


PLOT INFORMATION

The following plots are available:

  Histograms (sample values, estimated factor scores)
  Scatterplots (sample values, estimated factor scores)
  Latent variable distribution plots

SAVEDATA INFORMATION


  Save file
    u2_12345_aefb_gait_fscores.dat

  Order and format of variables

    A_01           F10.3
    A_02           F10.3
    A_03           F10.3
    A_04           F10.3
    A_05           F10.3
    AGE_C80        F10.3
    EDU_C7         F10.3
    FEMALE         F10.3
    SBP_C167       F10.3
    TIME_01        F10.3
    TIME_02        F10.3
    TIME_03        F10.3
    TIME_04        F10.3
    TIME_05        F10.3
    _WEIGHT        F10.3
    IA             F10.3
    IA_SE          F10.3
    SA             F10.3
    SA_SE          F10.3
    QA             F10.3
    QA_SE          F10.3
    PAIRID         I6

  Save file format
    21F10.3 I6

  Save file record length    10000


     Beginning Time:  12:00:17
        Ending Time:  12:00:20
       Elapsed Time:  00:00:03



MUTHEN & MUTHEN
3463 Stoner Ave.
Los Angeles, CA  90066

Tel: (310) 391-9971
Fax: (310) 391-8971
Web: www.StatModel.com
Support: Support@StatModel.com

Copyright (c) 1998-2014 Muthen & Muthen
