Mplus VERSION 7.3
MUTHEN & MUTHEN
12/17/2016   6:08 PM

INPUT INSTRUCTIONS

  TITLE:
  Script produced from the prototype in ./sandbox/syntax-creator/
  DATA:
  File = wide-dataset.dat ;
  VARIABLE:
  NAMES are
   Case PairID female age_c80 edu_c7 sbp_c167 smoke cardio diabetes dementia_ever
      years_since_bl_01 years_since_bl_02 years_since_bl_03 years_since_bl_04
      years_since_bl_05 pef_01 pef_02 pef_03 pef_04 pef_05 grip_01 grip_02 grip_03
      grip_04 grip_05 gait_01 gait_02 gait_03 gait_04 gait_05 block_01 block_02
      block_03 block_04 block_05 digitspanbackward_01 digitspanbackward_02
      digitspanbackward_03 digitspanbackward_04 digitspanbackward_05
      digitspanforward_01 digitspanforward_02 digitspanforward_03 digitspanforward_04
      digitspanforward_05 symbol_01 symbol_02 symbol_03 symbol_04 symbol_05 prose_01
      prose_02 prose_03 prose_04 prose_05 info_01 info_02 info_03 info_04 info_05
      synonyms_01 synonyms_02 synonyms_03 synonyms_04 synonyms_05 psif_01 psif_02
      psif_03 psif_04 psif_05 figure_01 figure_02 figure_03 figure_04 figure_05
      mirrecall_01 mirrecall_02 mirrecall_03 mirrecall_04 mirrecall_05 mmse_01 mmse_02
      mmse_03 mmse_04 mmse_05 mirnaming_01 mirnaming_02 mirnaming_03 mirnaming_04
      mirnaming_05 mirrecog_01 mirrecog_02 mirrecog_03 mirrecog_04 mirrecog_05
      clock_01 clock_02 clock_03 clock_04 clock_05
  	;
  Missing are all (-9999);
  USEVARIABLES are
  	!define the variables used in the analysis
  	! covariates used in the model
  age_c80
  edu_c7
  female	
  	!estimated time points
  time_01
  time_02
  time_03
  	!modelled time points of process (A)
  a_01
  a_02
  a_03
  ;
  TSCORES are
  	!estimated time points
  time_01
  time_02
  time_03;
  CLUSTER = PairID;
  SUBPOPULATION are
  	!select a subset of observations
  dementia_ever NE 1
  ;
  DEFINE:
  	! assign variables to the process (A)
  a_01 = gait_01;
  a_02 = gait_02;
  a_03 = gait_03;
  	!assign variables to time points
  time_01 = years_since_bl_01;
  time_02 = years_since_bl_02;
  time_03 = years_since_bl_03;
  	
  ANALYSIS: TYPE = RANDOM COMPLEX;
  COVERAGE=.00;
  MODEL:
  	!first-level equation
  	! assign process (A) to time points
  ia sa qa | a_01 AT time_01 ;
  ia sa qa | a_02 AT time_02 ;
  ia sa qa | a_03 AT time_03 ;
  	!variance of the first-level terms
  ia (v_ia);
  sa (v_sa);
  qa (v_qa);
  	!covariance among first-level terms
  ia WITH sa (c_iasa);
  ia WITH qa (c_iaqa);
  sa WITH qa (c_saqa);
  	!second-level equation
  ia sa qa ON age_c80
  edu_c7
  female;
  	!residual covariance of process (A)
  a_01 (res_a);
  a_02 (res_a);
  a_03 (res_a);	
  SAVEDATA:
  FILE is   u2_123_aef_gait_fscores.dat;
  SAVE = FSCORES;
  RESULTS are   u2_123_aef_gait_results.dat;
  	
  OUTPUT: sampstat cinterval;
  PLOT: Type is Plot1 Plot2 Plot3;



*** WARNING
  Data set contains cases with missing on x-variables.
  These cases were not included in the analysis.
  Number of cases with missing on x-variables:  46
*** WARNING
  Data set contains cases with missing on all variables except
  x-variables.  These cases were not included in the analysis.
  Number of cases with missing on all variables except x-variables:  107
   2 WARNING(S) FOUND IN THE INPUT INSTRUCTIONS




Script produced from the prototype in ./sandbox/syntax-creator/

SUMMARY OF ANALYSIS

Number of groups                                                 1
Number of observations                                         400

Number of dependent variables                                    3
Number of independent variables                                  3
Number of continuous latent variables                            3

Observed dependent variables

  Continuous
   A_01        A_02        A_03

Observed independent variables
   AGE_C80     EDU_C7      FEMALE

Continuous latent variables
   IA          SA          QA

Variables with special functions

  Cluster variable      PAIRID
  Weight variable       _WEIGHT

  Time scores
   TIME_01     TIME_02     TIME_03


Estimator                                                      MLR
Information matrix                                        OBSERVED
Maximum number of iterations                                   100
Convergence criterion                                    0.100D-05
Maximum number of EM iterations                                500
Convergence criteria for the EM algorithm
  Loglikelihood change                                   0.100D-02
  Relative loglikelihood change                          0.100D-05
  Derivative                                             0.100D-03
Minimum variance                                         0.100D-03
Maximum number of steepest descent iterations                   20
Maximum number of iterations for H1                           2000
Convergence criterion for H1                             0.100D-03
Optimization algorithm                                         EMA

Input data file(s)
  wide-dataset.dat
Input data format  FREE



SAMPLE STATISTICS


     ESTIMATED SAMPLE STATISTICS


           Means
              A_01          A_02          A_03          AGE_C80       EDU_C7
              ________      ________      ________      ________      ________
 1             11.333        13.170        12.459         3.079         0.287


           Means
              FEMALE
              ________
 1              0.665


           Covariances
              A_01          A_02          A_03          AGE_C80       EDU_C7
              ________      ________      ________      ________      ________
 A_01          15.337
 A_02          17.420        58.747
 A_03          10.738        30.192        24.384
 AGE_C80        2.220         4.409         3.055         7.629
 EDU_C7        -1.493        -1.295        -1.030        -0.443         5.975
 FEMALE         0.207         0.398         0.090         0.116        -0.104


           Covariances
              FEMALE
              ________
 FEMALE         0.223


           Correlations
              A_01          A_02          A_03          AGE_C80       EDU_C7
              ________      ________      ________      ________      ________
 A_01           1.000
 A_02           0.580         1.000
 A_03           0.555         0.798         1.000
 AGE_C80        0.205         0.208         0.224         1.000
 EDU_C7        -0.156        -0.069        -0.085        -0.066         1.000
 FEMALE         0.112         0.110         0.039         0.089        -0.090


           Correlations
              FEMALE
              ________
 FEMALE         1.000


     MAXIMUM LOG-LIKELIHOOD VALUE FOR THE UNRESTRICTED (H1) MODEL IS -6526.741


UNIVARIATE HIGHER-ORDER MOMENT DESCRIPTIVE STATISTICS


     UNIVARIATE HIGHER-ORDER MOMENT DESCRIPTIVE STATISTICS

         Variable/         Mean/     Skewness/   Minimum/ % with                Percentiles
        Sample Size      Variance    Kurtosis    Maximum  Min/Max      20%/60%    40%/80%    Median

     A_01                 11.310       1.664       5.000    0.39%       9.000     10.000     11.000
             515.000      15.487       4.378      40.000    0.19%      12.000     15.000
     A_02                 12.703       6.569       6.000    1.23%       9.000     11.000     11.000
             407.000      56.709      62.444      99.000    0.25%      13.000     15.000
     A_03                 11.556       1.568       6.000    1.36%       9.000     10.000     11.000
             294.000      14.393       3.174      30.000    0.34%      11.000     14.000
     AGE_C80               3.079       1.310      -0.630    0.18%       0.877      1.707      2.256
             549.000       7.629       2.136      17.918    0.18%       3.021      5.395
     EDU_C7                0.288       2.244      -7.000    0.18%      -1.000     -1.000     -1.000
             549.000       5.975       8.030      16.000    0.18%       0.000      1.000
     FEMALE                0.665      -0.699       0.000   34.06%       0.000      1.000      1.000
             549.000       0.223      -1.511       1.000   65.94%       1.000      1.000


THE MODEL ESTIMATION TERMINATED NORMALLY



MODEL FIT INFORMATION

Number of Free Parameters                       19

Loglikelihood

          H0 Value                       -2591.389
          H0 Scaling Correction Factor      3.0773
            for MLR

Information Criteria

          Akaike (AIC)                    5220.778
          Bayesian (BIC)                  5296.616
          Sample-Size Adjusted BIC        5236.328
            (n* = (n + 2) / 24)



MODEL RESULTS

                                                    Two-Tailed
                    Estimate       S.E.  Est./S.E.    P-Value

 IA         ON
    AGE_C80            0.267      0.072      3.700      0.000
    EDU_C7            -0.220      0.079     -2.772      0.006
    FEMALE             0.695      0.413      1.683      0.092

 SA         ON
    AGE_C80            0.248      0.102      2.427      0.015
    EDU_C7             0.056      0.085      0.664      0.506
    FEMALE             0.821      0.567      1.449      0.147

 QA         ON
    AGE_C80           -0.054      0.024     -2.263      0.024
    EDU_C7            -0.010      0.021     -0.448      0.654
    FEMALE            -0.234      0.129     -1.819      0.069

 IA       WITH
    SA                 5.533      4.062      1.362      0.173
    QA                -1.358      0.864     -1.572      0.116

 SA       WITH
    QA                -4.815      2.896     -1.663      0.096

 Intercepts
    A_01               0.000      0.000    999.000    999.000
    A_02               0.000      0.000    999.000    999.000
    A_03               0.000      0.000    999.000    999.000
    IA                10.113      0.390     25.930      0.000
    SA                 0.163      0.402      0.406      0.685
    QA                 0.029      0.092      0.315      0.753

 Residual Variances
    A_01               4.370      1.228      3.558      0.000
    A_02               4.370      1.228      3.558      0.000
    A_03               4.370      1.228      3.558      0.000
    IA                 9.872      2.209      4.468      0.000
    SA                22.359     13.246      1.688      0.091
    QA                 1.053      0.634      1.663      0.096


QUALITY OF NUMERICAL RESULTS

     Condition Number for the Information Matrix              0.274E-05
       (ratio of smallest to largest eigenvalue)


CONFIDENCE INTERVALS OF MODEL RESULTS

                  Lower .5%  Lower 2.5%    Lower 5%    Estimate    Upper 5%  Upper 2.5%   Upper .5%

 IA       ON
    AGE_C80          0.081       0.126       0.148       0.267       0.386       0.409       0.453
    EDU_C7          -0.424      -0.375      -0.350      -0.220      -0.089      -0.064      -0.016
    FEMALE          -0.369      -0.114       0.016       0.695       1.375       1.505       1.759

 SA       ON
    AGE_C80         -0.015       0.048       0.080       0.248       0.417       0.449       0.512
    EDU_C7          -0.162      -0.110      -0.083       0.056       0.196       0.223       0.275
    FEMALE          -0.639      -0.290      -0.111       0.821       1.753       1.932       2.281

 QA       ON
    AGE_C80         -0.115      -0.101      -0.093      -0.054      -0.015      -0.007       0.007
    EDU_C7          -0.064      -0.051      -0.045      -0.010       0.025       0.032       0.045
    FEMALE          -0.565      -0.486      -0.445      -0.234      -0.022       0.018       0.097

 IA       WITH
    SA              -4.928      -2.427      -1.148       5.533      12.214      13.494      15.995
    QA              -3.584      -3.052      -2.780      -1.358       0.063       0.335       0.868

 SA       WITH
    QA             -12.274     -10.491      -9.578      -4.815      -0.052       0.860       2.643

 Intercepts
    A_01             0.000       0.000       0.000       0.000       0.000       0.000       0.000
    A_02             0.000       0.000       0.000       0.000       0.000       0.000       0.000
    A_03             0.000       0.000       0.000       0.000       0.000       0.000       0.000
    IA               9.108       9.348       9.471      10.113      10.754      10.877      11.117
    SA              -0.872      -0.624      -0.498       0.163       0.824       0.951       1.198
    QA              -0.208      -0.152      -0.123       0.029       0.181       0.210       0.266

 Residual Variances
    A_01             1.206       1.963       2.349       4.370       6.391       6.778       7.534
    A_02             1.206       1.963       2.349       4.370       6.391       6.778       7.534
    A_03             1.206       1.963       2.349       4.370       6.391       6.778       7.534
    IA               4.181       5.542       6.237       9.872      13.506      14.201      15.562
    SA             -11.761      -3.604       0.569      22.359      44.149      48.322      56.479
    QA              -0.579      -0.188       0.011       1.053       2.096       2.295       2.686


SAMPLE STATISTICS FOR ESTIMATED FACTOR SCORES


     SAMPLE STATISTICS


           Means
              IA            IA_SE         SA            SA_SE         QA
              ________      ________      ________      ________      ________
 1             11.756         1.643         1.714         2.571        -0.348


           Means
              QA_SE
              ________
 1              0.562


           Covariances
              IA            IA_SE         SA            SA_SE         QA
              ________      ________      ________      ________      ________
 IA             9.931
 IA_SE          0.083         0.039
 SA             7.292         0.067        14.408
 SA_SE          0.884         0.080         0.544         1.191
 QA            -1.719        -0.016        -3.144        -0.131         0.692
 QA_SE          0.183         0.016         0.113         0.248        -0.027


           Covariances
              QA_SE
              ________
 QA_SE          0.052


           Correlations
              IA            IA_SE         SA            SA_SE         QA
              ________      ________      ________      ________      ________
 IA             1.000
 IA_SE          0.133         1.000
 SA             0.610         0.089         1.000
 SA_SE          0.257         0.369         0.131         1.000
 QA            -0.656        -0.095        -0.996        -0.144         1.000
 QA_SE          0.255         0.356         0.131         0.999        -0.144


           Correlations
              QA_SE
              ________
 QA_SE          1.000


RESULTS SAVING INFORMATION

  Order of data

    Parameter estimates
     (saved in order shown in Technical 1 output)
    Standard errors
     (saved in order shown in Technical 1 output)
    H0 Loglikelihood
    H0 Scaling Correction Factor for MLR
    Number of Free Parameters
    Akaike (AIC)
    Bayesian (BIC)
    Sample-Size Adjusted BIC

  Save file
    u2_123_aef_gait_results.dat

  Save file format           Free


PLOT INFORMATION

The following plots are available:

  Histograms (sample values, estimated factor scores)
  Scatterplots (sample values, estimated factor scores)
  Latent variable distribution plots

SAVEDATA INFORMATION


  Save file
    u2_123_aef_gait_fscores.dat

  Order and format of variables

    A_01           F10.3
    A_02           F10.3
    A_03           F10.3
    AGE_C80        F10.3
    EDU_C7         F10.3
    FEMALE         F10.3
    TIME_01        F10.3
    TIME_02        F10.3
    TIME_03        F10.3
    _WEIGHT        F10.3
    IA             F10.3
    IA_SE          F10.3
    SA             F10.3
    SA_SE          F10.3
    QA             F10.3
    QA_SE          F10.3
    PAIRID         I6

  Save file format
    16F10.3 I6

  Save file record length    10000


     Beginning Time:  18:08:28
        Ending Time:  18:08:29
       Elapsed Time:  00:00:01



MUTHEN & MUTHEN
3463 Stoner Ave.
Los Angeles, CA  90066

Tel: (310) 391-9971
Fax: (310) 391-8971
Web: www.StatModel.com
Support: Support@StatModel.com

Copyright (c) 1998-2014 Muthen & Muthen
