Mplus VERSION 7.3
MUTHEN & MUTHEN
12/17/2016   6:23 PM

INPUT INSTRUCTIONS

  TITLE:
  Script produced from the prototype in ./sandbox/syntax-creator/
  DATA:
  File = wide-dataset.dat ;
  VARIABLE:
  NAMES are
   Case PairID female age_c80 edu_c7 sbp_c167 smoke cardio diabetes dementia_ever
      years_since_bl_01 years_since_bl_02 years_since_bl_03 years_since_bl_04
      years_since_bl_05 pef_01 pef_02 pef_03 pef_04 pef_05 grip_01 grip_02 grip_03
      grip_04 grip_05 gait_01 gait_02 gait_03 gait_04 gait_05 block_01 block_02
      block_03 block_04 block_05 digitspanbackward_01 digitspanbackward_02
      digitspanbackward_03 digitspanbackward_04 digitspanbackward_05
      digitspanforward_01 digitspanforward_02 digitspanforward_03 digitspanforward_04
      digitspanforward_05 symbol_01 symbol_02 symbol_03 symbol_04 symbol_05 prose_01
      prose_02 prose_03 prose_04 prose_05 info_01 info_02 info_03 info_04 info_05
      synonyms_01 synonyms_02 synonyms_03 synonyms_04 synonyms_05 psif_01 psif_02
      psif_03 psif_04 psif_05 figure_01 figure_02 figure_03 figure_04 figure_05
      mirrecall_01 mirrecall_02 mirrecall_03 mirrecall_04 mirrecall_05 mmse_01 mmse_02
      mmse_03 mmse_04 mmse_05 mirnaming_01 mirnaming_02 mirnaming_03 mirnaming_04
      mirnaming_05 mirrecog_01 mirrecog_02 mirrecog_03 mirrecog_04 mirrecog_05
      clock_01 clock_02 clock_03 clock_04 clock_05
  	;
  Missing are all (-9999);
  USEVARIABLES are
  	!define the variables used in the analysis
  	! covariates used in the model
  age_c80	
  	!estimated time points
  time_01
  time_03
  time_04
  	!modelled time points of process (A)
  a_01
  a_03
  a_04
  ;
  TSCORES are
  	!estimated time points
  time_01
  time_03
  time_04;
  CLUSTER = PairID;
  SUBPOPULATION are
  	!select a subset of observations
  dementia_ever NE 1
  ;
  DEFINE:
  	! assign variables to the process (A)
  a_01 = gait_01;
  a_03 = gait_03;
  a_04 = gait_04;
  	!assign variables to time points
  time_01 = years_since_bl_01;
  time_03 = years_since_bl_03;
  time_04 = years_since_bl_04;
  	
  ANALYSIS: TYPE = RANDOM COMPLEX;
  COVERAGE=.00;
  MODEL:
  	!first-level equation
  	! assign process (A) to time points
  ia sa qa | a_01 AT time_01 ;
  ia sa qa | a_03 AT time_03 ;
  ia sa qa | a_04 AT time_04 ;
  	!variance of the first-level terms
  ia (v_ia);
  sa (v_sa);
  qa (v_qa);
  	!covariance among first-level terms
  ia WITH sa (c_iasa);
  ia WITH qa (c_iaqa);
  sa WITH qa (c_saqa);
  	!second-level equation
  ia sa qa ON age_c80;
  	!residual covariance of process (A)
  a_01 (res_a);
  a_03 (res_a);
  a_04 (res_a);	
  SAVEDATA:
  FILE is   u2_134_a_gait_fscores.dat;
  SAVE = FSCORES;
  RESULTS are   u2_134_a_gait_results.dat;
  	
  OUTPUT: sampstat cinterval;
  PLOT: Type is Plot1 Plot2 Plot3;



*** WARNING
  Data set contains cases with missing on all variables except
  x-variables.  These cases were not included in the analysis.
  Number of cases with missing on all variables except x-variables:  161
   1 WARNING(S) FOUND IN THE INPUT INSTRUCTIONS




Script produced from the prototype in ./sandbox/syntax-creator/

SUMMARY OF ANALYSIS

Number of groups                                                 1
Number of observations                                         395

Number of dependent variables                                    3
Number of independent variables                                  1
Number of continuous latent variables                            3

Observed dependent variables

  Continuous
   A_01        A_03        A_04

Observed independent variables
   AGE_C80

Continuous latent variables
   IA          SA          QA

Variables with special functions

  Cluster variable      PAIRID
  Weight variable       _WEIGHT

  Time scores
   TIME_01     TIME_03     TIME_04


Estimator                                                      MLR
Information matrix                                        OBSERVED
Maximum number of iterations                                   100
Convergence criterion                                    0.100D-05
Maximum number of EM iterations                                500
Convergence criteria for the EM algorithm
  Loglikelihood change                                   0.100D-02
  Relative loglikelihood change                          0.100D-05
  Derivative                                             0.100D-03
Minimum variance                                         0.100D-03
Maximum number of steepest descent iterations                   20
Maximum number of iterations for H1                           2000
Convergence criterion for H1                             0.100D-03
Optimization algorithm                                         EMA

Input data file(s)
  wide-dataset.dat
Input data format  FREE



SAMPLE STATISTICS


     ESTIMATED SAMPLE STATISTICS


           Means
              A_01          A_03          A_04          AGE_C80
              ________      ________      ________      ________
 1             11.332        12.036        11.947         3.082


           Covariances
              A_01          A_03          A_04          AGE_C80
              ________      ________      ________      ________
 A_01          15.549
 A_03           7.786        15.672
 A_04           5.634         8.050        11.812
 AGE_C80        2.325         2.800         0.843         7.706


           Correlations
              A_01          A_03          A_04          AGE_C80
              ________      ________      ________      ________
 A_01           1.000
 A_03           0.499         1.000
 A_04           0.416         0.592         1.000
 AGE_C80        0.212         0.255         0.088         1.000


     MAXIMUM LOG-LIKELIHOOD VALUE FOR THE UNRESTRICTED (H1) MODEL IS -4166.943


UNIVARIATE HIGHER-ORDER MOMENT DESCRIPTIVE STATISTICS


     UNIVARIATE HIGHER-ORDER MOMENT DESCRIPTIVE STATISTICS

         Variable/         Mean/     Skewness/   Minimum/ % with                Percentiles
        Sample Size      Variance    Kurtosis    Maximum  Min/Max      20%/60%    40%/80%    Median

     A_01                 11.310       1.664       5.000    0.38%       9.000     10.000     11.000
             521.000      15.487       4.378      40.000    0.19%      12.000     15.000
     A_03                 11.556       1.568       6.000    1.35%       9.000     10.000     11.000
             296.000      14.393       3.174      30.000    0.34%      11.000     14.000
     A_04                 11.420       1.305       6.000    1.42%       9.000     10.000     11.000
             211.000      10.290       1.912      28.000    0.47%      11.000     14.000
     AGE_C80               3.082       1.306      -0.630    0.18%       0.877      1.640      2.248
             541.000       7.706       2.091      17.918    0.18%       2.940      5.348


THE MODEL ESTIMATION TERMINATED NORMALLY



MODEL FIT INFORMATION

Number of Free Parameters                       13

Loglikelihood

          H0 Value                       -2078.983
          H0 Scaling Correction Factor      1.5145
            for MLR

Information Criteria

          Akaike (AIC)                    4183.966
          Bayesian (BIC)                  4235.691
          Sample-Size Adjusted BIC        4194.442
            (n* = (n + 2) / 24)



MODEL RESULTS

                                                    Two-Tailed
                    Estimate       S.E.  Est./S.E.    P-Value

 IA         ON
    AGE_C80            0.303      0.070      4.305      0.000

 SA         ON
    AGE_C80            0.106      0.068      1.552      0.121

 QA         ON
    AGE_C80           -0.023      0.012     -1.906      0.057

 IA       WITH
    SA                -1.153      1.099     -1.049      0.294
    QA                 0.030      0.154      0.198      0.843

 SA       WITH
    QA                -0.308      0.208     -1.478      0.139

 Intercepts
    A_01               0.000      0.000    999.000    999.000
    A_03               0.000      0.000    999.000    999.000
    A_04               0.000      0.000    999.000    999.000
    IA                10.398      0.298     34.935      0.000
    SA                -0.001      0.230     -0.004      0.997
    QA                 0.033      0.038      0.880      0.379

 Residual Variances
    A_01               3.709      1.324      2.802      0.005
    A_03               3.709      1.324      2.802      0.005
    A_04               3.709      1.324      2.802      0.005
    IA                11.143      2.404      4.634      0.000
    SA                 2.205      1.373      1.606      0.108
    QA                 0.048      0.033      1.460      0.144


QUALITY OF NUMERICAL RESULTS

     Condition Number for the Information Matrix              0.243E-07
       (ratio of smallest to largest eigenvalue)


CONFIDENCE INTERVALS OF MODEL RESULTS

                  Lower .5%  Lower 2.5%    Lower 5%    Estimate    Upper 5%  Upper 2.5%   Upper .5%

 IA       ON
    AGE_C80          0.122       0.165       0.187       0.303       0.418       0.440       0.484

 SA       ON
    AGE_C80         -0.070      -0.028      -0.006       0.106       0.218       0.239       0.281

 QA       ON
    AGE_C80         -0.053      -0.046      -0.042      -0.023      -0.003       0.001       0.008

 IA       WITH
    SA              -3.985      -3.308      -2.961      -1.153       0.655       1.001       1.678
    QA              -0.365      -0.271      -0.222       0.030       0.283       0.331       0.426

 SA       WITH
    QA              -0.844      -0.716      -0.650      -0.308       0.035       0.100       0.229

 Intercepts
    A_01             0.000       0.000       0.000       0.000       0.000       0.000       0.000
    A_03             0.000       0.000       0.000       0.000       0.000       0.000       0.000
    A_04             0.000       0.000       0.000       0.000       0.000       0.000       0.000
    IA               9.631       9.815       9.908      10.398      10.888      10.981      11.165
    SA              -0.594      -0.452      -0.380      -0.001       0.378       0.450       0.592
    QA              -0.064      -0.041      -0.029       0.033       0.096       0.108       0.131

 Residual Variances
    A_01             0.299       1.114       1.531       3.709       5.887       6.304       7.119
    A_03             0.299       1.114       1.531       3.709       5.887       6.304       7.119
    A_04             0.299       1.114       1.531       3.709       5.887       6.304       7.119
    IA               4.950       6.430       7.188      11.143      15.098      15.856      17.337
    SA              -1.332      -0.486      -0.054       2.205       4.463       4.896       5.741
    QA              -0.037      -0.016      -0.006       0.048       0.102       0.112       0.132


SAMPLE STATISTICS FOR ESTIMATED FACTOR SCORES


     SAMPLE STATISTICS


           Means
              IA            IA_SE         SA            SA_SE         QA
              ________      ________      ________      ________      ________
 1             11.816         1.663         0.303         1.260        -0.038


           Means
              QA_SE
              ________
 1              0.193


           Covariances
              IA            IA_SE         SA            SA_SE         QA
              ________      ________      ________      ________      ________
 IA            11.494
 IA_SE          0.059         0.049
 SA            -0.600         0.009         0.714
 SA_SE          0.199         0.009        -0.013         0.033
 QA            -0.053        -0.002        -0.091        -0.001         0.014
 QA_SE          0.027         0.001        -0.002         0.004         0.000


           Covariances
              QA_SE
              ________
 QA_SE          0.001


           Correlations
              IA            IA_SE         SA            SA_SE         QA
              ________      ________      ________      ________      ________
 IA             1.000
 IA_SE          0.078         1.000
 SA            -0.209         0.046         1.000
 SA_SE          0.324         0.233        -0.083         1.000
 QA            -0.132        -0.086        -0.915        -0.049         1.000
 QA_SE          0.333         0.115        -0.081         0.989        -0.054


           Correlations
              QA_SE
              ________
 QA_SE          1.000


RESULTS SAVING INFORMATION

  Order of data

    Parameter estimates
     (saved in order shown in Technical 1 output)
    Standard errors
     (saved in order shown in Technical 1 output)
    H0 Loglikelihood
    H0 Scaling Correction Factor for MLR
    Number of Free Parameters
    Akaike (AIC)
    Bayesian (BIC)
    Sample-Size Adjusted BIC

  Save file
    u2_134_a_gait_results.dat

  Save file format           Free


PLOT INFORMATION

The following plots are available:

  Histograms (sample values, estimated factor scores)
  Scatterplots (sample values, estimated factor scores)
  Latent variable distribution plots

SAVEDATA INFORMATION


  Save file
    u2_134_a_gait_fscores.dat

  Order and format of variables

    A_01           F10.3
    A_03           F10.3
    A_04           F10.3
    AGE_C80        F10.3
    TIME_01        F10.3
    TIME_03        F10.3
    TIME_04        F10.3
    _WEIGHT        F10.3
    IA             F10.3
    IA_SE          F10.3
    SA             F10.3
    SA_SE          F10.3
    QA             F10.3
    QA_SE          F10.3
    PAIRID         I5

  Save file format
    14F10.3 I5

  Save file record length    10000


     Beginning Time:  18:23:10
        Ending Time:  18:23:13
       Elapsed Time:  00:00:03



MUTHEN & MUTHEN
3463 Stoner Ave.
Los Angeles, CA  90066

Tel: (310) 391-9971
Fax: (310) 391-8971
Web: www.StatModel.com
Support: Support@StatModel.com

Copyright (c) 1998-2014 Muthen & Muthen
