Mplus VERSION 7.3
MUTHEN & MUTHEN
12/17/2016  12:00 PM

INPUT INSTRUCTIONS

  TITLE:
  Script produced from the prototype in ./sandbox/syntax-creator/
  DATA:
  File = wide-dataset.dat ;
  VARIABLE:
  NAMES are
   Case PairID female age_c80 edu_c7 sbp_c167 smoke cardio diabetes dementia_ever
      years_since_bl_01 years_since_bl_02 years_since_bl_03 years_since_bl_04
      years_since_bl_05 pef_01 pef_02 pef_03 pef_04 pef_05 grip_01 grip_02 grip_03
      grip_04 grip_05 gait_01 gait_02 gait_03 gait_04 gait_05 block_01 block_02
      block_03 block_04 block_05 digitspanbackward_01 digitspanbackward_02
      digitspanbackward_03 digitspanbackward_04 digitspanbackward_05
      digitspanforward_01 digitspanforward_02 digitspanforward_03 digitspanforward_04
      digitspanforward_05 symbol_01 symbol_02 symbol_03 symbol_04 symbol_05 prose_01
      prose_02 prose_03 prose_04 prose_05 info_01 info_02 info_03 info_04 info_05
      synonyms_01 synonyms_02 synonyms_03 synonyms_04 synonyms_05 psif_01 psif_02
      psif_03 psif_04 psif_05 figure_01 figure_02 figure_03 figure_04 figure_05
      mirrecall_01 mirrecall_02 mirrecall_03 mirrecall_04 mirrecall_05 mmse_01 mmse_02
      mmse_03 mmse_04 mmse_05 mirnaming_01 mirnaming_02 mirnaming_03 mirnaming_04
      mirnaming_05 mirrecog_01 mirrecog_02 mirrecog_03 mirrecog_04 mirrecog_05
      clock_01 clock_02 clock_03 clock_04 clock_05
  	;
  Missing are all (-9999);
  USEVARIABLES are
  	!define the variables used in the analysis
  	! covariates used in the model
  age_c80	
  	!estimated time points
  time_01
  time_02
  time_03
  time_04
  	!modelled time points of process (A)
  a_01
  a_02
  a_03
  a_04
  ;
  TSCORES are
  	!estimated time points
  time_01
  time_02
  time_03
  time_04;
  CLUSTER = PairID;
  SUBPOPULATION are
  	!select a subset of observations
  dementia_ever NE 1
  ;
  DEFINE:
  	! assign variables to the process (A)
  a_01 = gait_01;
  a_02 = gait_02;
  a_03 = gait_03;
  a_04 = gait_04;
  	!assign variables to time points
  time_01 = years_since_bl_01;
  time_02 = years_since_bl_02;
  time_03 = years_since_bl_03;
  time_04 = years_since_bl_04;
  	
  ANALYSIS: TYPE = RANDOM COMPLEX;
  COVERAGE=.00;
  MODEL:
  	!first-level equation
  	! assign process (A) to time points
  ia sa qa | a_01 AT time_01 ;
  ia sa qa | a_02 AT time_02 ;
  ia sa qa | a_03 AT time_03 ;
  ia sa qa | a_04 AT time_04 ;
  	!variance of the first-level terms
  ia (v_ia);
  sa (v_sa);
  qa (v_qa);
  	!covariance among first-level terms
  ia WITH sa (c_iasa);
  ia WITH qa (c_iaqa);
  sa WITH qa (c_saqa);
  	!second-level equation
  ia sa qa ON age_c80;
  	!residual covariance of process (A)
  a_01 (res_a);
  a_02 (res_a);
  a_03 (res_a);
  a_04 (res_a);	
  SAVEDATA:
  FILE is   u2_1234_a_gait_fscores.dat;
  SAVE = FSCORES;
  RESULTS are   u2_1234_a_gait_results.dat;
  	
  OUTPUT: sampstat cinterval;
  PLOT: Type is Plot1 Plot2 Plot3;



*** WARNING
  Data set contains cases with missing on all variables except
  x-variables.  These cases were not included in the analysis.
  Number of cases with missing on all variables except x-variables:  146
   1 WARNING(S) FOUND IN THE INPUT INSTRUCTIONS




Script produced from the prototype in ./sandbox/syntax-creator/

SUMMARY OF ANALYSIS

Number of groups                                                 1
Number of observations                                         400

Number of dependent variables                                    4
Number of independent variables                                  1
Number of continuous latent variables                            3

Observed dependent variables

  Continuous
   A_01        A_02        A_03        A_04

Observed independent variables
   AGE_C80

Continuous latent variables
   IA          SA          QA

Variables with special functions

  Cluster variable      PAIRID
  Weight variable       _WEIGHT

  Time scores
   TIME_01     TIME_02     TIME_03     TIME_04


Estimator                                                      MLR
Information matrix                                        OBSERVED
Maximum number of iterations                                   100
Convergence criterion                                    0.100D-05
Maximum number of EM iterations                                500
Convergence criteria for the EM algorithm
  Loglikelihood change                                   0.100D-02
  Relative loglikelihood change                          0.100D-05
  Derivative                                             0.100D-03
Minimum variance                                         0.100D-03
Maximum number of steepest descent iterations                   20
Maximum number of iterations for H1                           2000
Convergence criterion for H1                             0.100D-03
Optimization algorithm                                         EMA

Input data file(s)
  wide-dataset.dat
Input data format  FREE



SAMPLE STATISTICS


     ESTIMATED SAMPLE STATISTICS


           Means
              A_01          A_02          A_03          A_04          AGE_C80
              ________      ________      ________      ________      ________
 1             11.331        13.177        12.437        12.161         3.079


           Covariances
              A_01          A_02          A_03          A_04          AGE_C80
              ________      ________      ________      ________      ________
 A_01          15.326
 A_02          17.270        58.491
 A_03          10.601        29.691        23.975
 A_04           6.999        19.822        13.044        14.982
 AGE_C80        2.202         4.370         3.068         1.075         7.629


           Correlations
              A_01          A_02          A_03          A_04          AGE_C80
              ________      ________      ________      ________      ________
 A_01           1.000
 A_02           0.577         1.000
 A_03           0.553         0.793         1.000
 A_04           0.462         0.670         0.688         1.000
 AGE_C80        0.204         0.207         0.227         0.101         1.000


     MAXIMUM LOG-LIKELIHOOD VALUE FOR THE UNRESTRICTED (H1) MODEL IS -5550.667


UNIVARIATE HIGHER-ORDER MOMENT DESCRIPTIVE STATISTICS


     UNIVARIATE HIGHER-ORDER MOMENT DESCRIPTIVE STATISTICS

         Variable/         Mean/     Skewness/   Minimum/ % with                Percentiles
        Sample Size      Variance    Kurtosis    Maximum  Min/Max      20%/60%    40%/80%    Median

     A_01                 11.310       1.664       5.000    0.38%       9.000     10.000     11.000
             521.000      15.487       4.378      40.000    0.19%      12.000     15.000
     A_02                 12.703       6.569       6.000    1.22%       9.000     11.000     11.000
             410.000      56.709      62.444      99.000    0.24%      13.000     15.000
     A_03                 11.556       1.568       6.000    1.35%       9.000     10.000     11.000
             296.000      14.393       3.174      30.000    0.34%      11.000     14.000
     A_04                 11.420       1.305       6.000    1.42%       9.000     10.000     11.000
             211.000      10.290       1.912      28.000    0.47%      11.000     14.000
     AGE_C80               3.079       1.310      -0.630    0.18%       0.877      1.711      2.286
             556.000       7.629       2.136      17.918    0.18%       3.063      5.500


THE MODEL ESTIMATION TERMINATED NORMALLY



MODEL FIT INFORMATION

Number of Free Parameters                       13

Loglikelihood

          H0 Value                       -3048.168
          H0 Scaling Correction Factor      4.5246
            for MLR

Information Criteria

          Akaike (AIC)                    6122.335
          Bayesian (BIC)                  6174.224
          Sample-Size Adjusted BIC        6132.974
            (n* = (n + 2) / 24)



MODEL RESULTS

                                                    Two-Tailed
                    Estimate       S.E.  Est./S.E.    P-Value

 IA         ON
    AGE_C80            0.292      0.070      4.191      0.000

 SA         ON
    AGE_C80            0.206      0.077      2.676      0.007

 QA         ON
    AGE_C80           -0.040      0.013     -3.078      0.002

 IA       WITH
    SA                 5.695      3.140      1.814      0.070
    QA                -1.007      0.490     -2.053      0.040

 SA       WITH
    QA                -1.707      1.266     -1.348      0.178

 Intercepts
    A_01               0.000      0.000    999.000    999.000
    A_02               0.000      0.000    999.000    999.000
    A_03               0.000      0.000    999.000    999.000
    A_04               0.000      0.000    999.000    999.000
    IA                10.463      0.301     34.750      0.000
    SA                 0.514      0.272      1.893      0.058
    QA                -0.052      0.045     -1.153      0.249

 Residual Variances
    A_01               6.615      1.290      5.127      0.000
    A_02               6.615      1.290      5.127      0.000
    A_03               6.615      1.290      5.127      0.000
    A_04               6.615      1.290      5.127      0.000
    IA                 8.271      2.156      3.837      0.000
    SA                10.485      7.924      1.323      0.186
    QA                 0.280      0.202      1.382      0.167


QUALITY OF NUMERICAL RESULTS

     Condition Number for the Information Matrix              0.228E-07
       (ratio of smallest to largest eigenvalue)


CONFIDENCE INTERVALS OF MODEL RESULTS

                  Lower .5%  Lower 2.5%    Lower 5%    Estimate    Upper 5%  Upper 2.5%   Upper .5%

 IA       ON
    AGE_C80          0.112       0.155       0.177       0.292       0.406       0.428       0.471

 SA       ON
    AGE_C80          0.008       0.055       0.079       0.206       0.332       0.357       0.404

 QA       ON
    AGE_C80         -0.073      -0.065      -0.061      -0.040      -0.019      -0.014      -0.006

 IA       WITH
    SA              -2.393      -0.459       0.530       5.695      10.861      11.850      13.783
    QA              -2.270      -1.968      -1.813      -1.007      -0.200      -0.046       0.256

 SA       WITH
    QA              -4.969      -4.189      -3.790      -1.707       0.376       0.775       1.555

 Intercepts
    A_01             0.000       0.000       0.000       0.000       0.000       0.000       0.000
    A_02             0.000       0.000       0.000       0.000       0.000       0.000       0.000
    A_03             0.000       0.000       0.000       0.000       0.000       0.000       0.000
    A_04             0.000       0.000       0.000       0.000       0.000       0.000       0.000
    IA               9.687       9.873       9.968      10.463      10.958      11.053      11.238
    SA              -0.186      -0.018       0.067       0.514       0.961       1.046       1.214
    QA              -0.167      -0.139      -0.125      -0.052       0.022       0.036       0.064

 Residual Variances
    A_01             3.292       4.086       4.493       6.615       8.737       9.144       9.938
    A_02             3.292       4.086       4.493       6.615       8.737       9.144       9.938
    A_03             3.292       4.086       4.493       6.615       8.737       9.144       9.938
    A_04             3.292       4.086       4.493       6.615       8.737       9.144       9.938
    IA               2.719       4.046       4.725       8.271      11.817      12.496      13.824
    SA              -9.926      -5.046      -2.550      10.485      23.520      26.016      30.896
    QA              -0.242      -0.117      -0.053       0.280       0.613       0.676       0.801


SAMPLE STATISTICS FOR ESTIMATED FACTOR SCORES


     SAMPLE STATISTICS


           Means
              IA            IA_SE         SA            SA_SE         QA
              ________      ________      ________      ________      ________
 1             11.734         1.586         1.416         1.695        -0.221


           Means
              QA_SE
              ________
 1              0.263


           Covariances
              IA            IA_SE         SA            SA_SE         QA
              ________      ________      ________      ________      ________
 IA             7.335
 IA_SE          0.154         0.041
 SA             6.403         0.112         7.376
 SA_SE          0.536         0.125         0.392         0.452
 QA            -1.107        -0.020        -1.240        -0.070         0.209
 QA_SE          0.088         0.021         0.064         0.075        -0.011


           Covariances
              QA_SE
              ________
 QA_SE          0.012


           Correlations
              IA            IA_SE         SA            SA_SE         QA
              ________      ________      ________      ________      ________
 IA             1.000
 IA_SE          0.280         1.000
 SA             0.871         0.203         1.000
 SA_SE          0.294         0.917         0.215         1.000
 QA            -0.894        -0.215        -0.998        -0.226         1.000
 QA_SE          0.292         0.916         0.213         1.000        -0.225


           Correlations
              QA_SE
              ________
 QA_SE          1.000


RESULTS SAVING INFORMATION

  Order of data

    Parameter estimates
     (saved in order shown in Technical 1 output)
    Standard errors
     (saved in order shown in Technical 1 output)
    H0 Loglikelihood
    H0 Scaling Correction Factor for MLR
    Number of Free Parameters
    Akaike (AIC)
    Bayesian (BIC)
    Sample-Size Adjusted BIC

  Save file
    u2_1234_a_gait_results.dat

  Save file format           Free


PLOT INFORMATION

The following plots are available:

  Histograms (sample values, estimated factor scores)
  Scatterplots (sample values, estimated factor scores)
  Latent variable distribution plots

SAVEDATA INFORMATION


  Save file
    u2_1234_a_gait_fscores.dat

  Order and format of variables

    A_01           F10.3
    A_02           F10.3
    A_03           F10.3
    A_04           F10.3
    AGE_C80        F10.3
    TIME_01        F10.3
    TIME_02        F10.3
    TIME_03        F10.3
    TIME_04        F10.3
    _WEIGHT        F10.3
    IA             F10.3
    IA_SE          F10.3
    SA             F10.3
    SA_SE          F10.3
    QA             F10.3
    QA_SE          F10.3
    PAIRID         I6

  Save file format
    16F10.3 I6

  Save file record length    10000


     Beginning Time:  12:00:20
        Ending Time:  12:00:21
       Elapsed Time:  00:00:01



MUTHEN & MUTHEN
3463 Stoner Ave.
Los Angeles, CA  90066

Tel: (310) 391-9971
Fax: (310) 391-8971
Web: www.StatModel.com
Support: Support@StatModel.com

Copyright (c) 1998-2014 Muthen & Muthen
