Mplus VERSION 7.3
MUTHEN & MUTHEN
12/17/2016   6:13 PM

INPUT INSTRUCTIONS

  TITLE:
  Script produced from the prototype in ./sandbox/syntax-creator/
  DATA:
  File = wide-dataset.dat ;
  VARIABLE:
  NAMES are
   Case PairID female age_c80 edu_c7 sbp_c167 smoke cardio diabetes dementia_ever
      years_since_bl_01 years_since_bl_02 years_since_bl_03 years_since_bl_04
      years_since_bl_05 pef_01 pef_02 pef_03 pef_04 pef_05 grip_01 grip_02 grip_03
      grip_04 grip_05 gait_01 gait_02 gait_03 gait_04 gait_05 block_01 block_02
      block_03 block_04 block_05 digitspanbackward_01 digitspanbackward_02
      digitspanbackward_03 digitspanbackward_04 digitspanbackward_05
      digitspanforward_01 digitspanforward_02 digitspanforward_03 digitspanforward_04
      digitspanforward_05 symbol_01 symbol_02 symbol_03 symbol_04 symbol_05 prose_01
      prose_02 prose_03 prose_04 prose_05 info_01 info_02 info_03 info_04 info_05
      synonyms_01 synonyms_02 synonyms_03 synonyms_04 synonyms_05 psif_01 psif_02
      psif_03 psif_04 psif_05 figure_01 figure_02 figure_03 figure_04 figure_05
      mirrecall_01 mirrecall_02 mirrecall_03 mirrecall_04 mirrecall_05 mmse_01 mmse_02
      mmse_03 mmse_04 mmse_05 mirnaming_01 mirnaming_02 mirnaming_03 mirnaming_04
      mirnaming_05 mirrecog_01 mirrecog_02 mirrecog_03 mirrecog_04 mirrecog_05
      clock_01 clock_02 clock_03 clock_04 clock_05
  	;
  Missing are all (-9999);
  USEVARIABLES are
  	!define the variables used in the analysis
  	! covariates used in the model
  age_c80
  edu_c7
  female
  sbp_c167	
  	!estimated time points
  time_01
  time_02
  time_05
  	!modelled time points of process (A)
  a_01
  a_02
  a_05
  ;
  TSCORES are
  	!estimated time points
  time_01
  time_02
  time_05;
  CLUSTER = PairID;
  SUBPOPULATION are
  	!select a subset of observations
  dementia_ever NE 1
  ;
  DEFINE:
  	! assign variables to the process (A)
  a_01 = gait_01;
  a_02 = gait_02;
  a_05 = gait_05;
  	!assign variables to time points
  time_01 = years_since_bl_01;
  time_02 = years_since_bl_02;
  time_05 = years_since_bl_05;
  	
  ANALYSIS: TYPE = RANDOM COMPLEX;
  COVERAGE=.00;
  MODEL:
  	!first-level equation
  	! assign process (A) to time points
  ia sa qa | a_01 AT time_01 ;
  ia sa qa | a_02 AT time_02 ;
  ia sa qa | a_05 AT time_05 ;
  	!variance of the first-level terms
  ia (v_ia);
  sa (v_sa);
  qa (v_qa);
  	!covariance among first-level terms
  ia WITH sa (c_iasa);
  ia WITH qa (c_iaqa);
  sa WITH qa (c_saqa);
  	!second-level equation
  ia sa qa ON age_c80
  edu_c7
  female
  sbp_c167;
  	!residual covariance of process (A)
  a_01 (res_a);
  a_02 (res_a);
  a_05 (res_a);	
  SAVEDATA:
  FILE is   u2_125_aefb_gait_fscores.dat;
  SAVE = FSCORES;
  RESULTS are   u2_125_aefb_gait_results.dat;
  	
  OUTPUT: sampstat cinterval;
  PLOT: Type is Plot1 Plot2 Plot3;



*** WARNING
  Data set contains cases with missing on x-variables.
  These cases were not included in the analysis.
  Number of cases with missing on x-variables:  92
*** WARNING
  Data set contains cases with missing on all variables except
  x-variables.  These cases were not included in the analysis.
  Number of cases with missing on all variables except x-variables:  69
   2 WARNING(S) FOUND IN THE INPUT INSTRUCTIONS




Script produced from the prototype in ./sandbox/syntax-creator/

SUMMARY OF ANALYSIS

Number of groups                                                 1
Number of observations                                         395

Number of dependent variables                                    3
Number of independent variables                                  4
Number of continuous latent variables                            3

Observed dependent variables

  Continuous
   A_01        A_02        A_05

Observed independent variables
   AGE_C80     EDU_C7      FEMALE      SBP_C167

Continuous latent variables
   IA          SA          QA

Variables with special functions

  Cluster variable      PAIRID
  Weight variable       _WEIGHT

  Time scores
   TIME_01     TIME_02     TIME_05


Estimator                                                      MLR
Information matrix                                        OBSERVED
Maximum number of iterations                                   100
Convergence criterion                                    0.100D-05
Maximum number of EM iterations                                500
Convergence criteria for the EM algorithm
  Loglikelihood change                                   0.100D-02
  Relative loglikelihood change                          0.100D-05
  Derivative                                             0.100D-03
Minimum variance                                         0.100D-03
Maximum number of steepest descent iterations                   20
Maximum number of iterations for H1                           2000
Convergence criterion for H1                             0.100D-03
Optimization algorithm                                         EMA

Input data file(s)
  wide-dataset.dat
Input data format  FREE



SAMPLE STATISTICS


     ESTIMATED SAMPLE STATISTICS


           Means
              A_01          A_02          A_05          AGE_C80       EDU_C7
              ________      ________      ________      ________      ________
 1             11.354        13.189        12.829         3.065         0.273


           Means
              FEMALE        SBP_C167
              ________      ________
 1              0.663        -5.772


           Covariances
              A_01          A_02          A_05          AGE_C80       EDU_C7
              ________      ________      ________      ________      ________
 A_01          15.387
 A_02          17.733        59.739
 A_05           6.874        21.814        22.856
 AGE_C80        2.201         4.519        -1.265         7.413
 EDU_C7        -1.456        -1.362        -2.086        -0.501         5.981
 FEMALE         0.208         0.403         0.301         0.108        -0.105
 SBP_C167      -6.679       -18.488        -3.788        -2.678         1.436


           Covariances
              FEMALE        SBP_C167
              ________      ________
 FEMALE         0.223
 SBP_C167       0.717       499.822


           Correlations
              A_01          A_02          A_05          AGE_C80       EDU_C7
              ________      ________      ________      ________      ________
 A_01           1.000
 A_02           0.585         1.000
 A_05           0.367         0.590         1.000
 AGE_C80        0.206         0.215        -0.097         1.000
 EDU_C7        -0.152        -0.072        -0.178        -0.075         1.000
 FEMALE         0.112         0.110         0.133         0.084        -0.091
 SBP_C167      -0.076        -0.107        -0.035        -0.044         0.026


           Correlations
              FEMALE        SBP_C167
              ________      ________
 FEMALE         1.000
 SBP_C167       0.068         1.000


     MAXIMUM LOG-LIKELIHOOD VALUE FOR THE UNRESTRICTED (H1) MODEL IS -8552.977


UNIVARIATE HIGHER-ORDER MOMENT DESCRIPTIVE STATISTICS


     UNIVARIATE HIGHER-ORDER MOMENT DESCRIPTIVE STATISTICS

         Variable/         Mean/     Skewness/   Minimum/ % with                Percentiles
        Sample Size      Variance    Kurtosis    Maximum  Min/Max      20%/60%    40%/80%    Median

     A_01                 11.323       1.657       5.000    0.39%       9.000     10.000     11.000
             511.000      15.536       4.349      40.000    0.20%      12.000     15.000
     A_02                 12.696       6.564       6.000    1.24%       9.000     10.000     11.000
             404.000      56.881      62.293      99.000    0.25%      13.000     15.000
     A_05                 12.208       2.122       7.000    1.53%       9.000     11.000     11.000
             131.000      15.632       5.833      30.000    0.76%      12.000     14.000
     AGE_C80               3.065       1.284      -0.630    0.18%       0.875      1.707      2.256
             541.000       7.413       2.090      17.918    0.18%       3.021      5.348
     EDU_C7                0.273       2.268      -7.000    0.18%      -1.000     -1.000     -1.000
             541.000       5.981       8.163      16.000    0.18%       0.000      1.000
     FEMALE                0.663      -0.691       0.000   34.20%       0.000      1.000      1.000
             541.000       0.223      -1.522       1.000   65.80%       1.000      1.000
     SBP_C167             -5.772       0.401     -57.000    1.48%     -27.000     -7.000     -7.000
             541.000     499.822       0.745      93.000    0.18%      -2.000     13.000


THE MODEL ESTIMATION TERMINATED NORMALLY



MODEL FIT INFORMATION

Number of Free Parameters                       22

Loglikelihood

          H0 Value                       -2319.892
          H0 Scaling Correction Factor      2.4994
            for MLR

Information Criteria

          Akaike (AIC)                    4683.784
          Bayesian (BIC)                  4771.320
          Sample-Size Adjusted BIC        4701.514
            (n* = (n + 2) / 24)



MODEL RESULTS

                                                    Two-Tailed
                    Estimate       S.E.  Est./S.E.    P-Value

 IA         ON
    AGE_C80            0.268      0.075      3.584      0.000
    EDU_C7            -0.205      0.080     -2.567      0.010
    FEMALE             0.744      0.419      1.775      0.076
    SBP_C167          -0.012      0.009     -1.361      0.173

 SA         ON
    AGE_C80            0.211      0.078      2.705      0.007
    EDU_C7             0.045      0.058      0.768      0.442
    FEMALE             0.496      0.442      1.121      0.262
    SBP_C167          -0.015      0.017     -0.892      0.372

 QA         ON
    AGE_C80           -0.034      0.010     -3.422      0.001
    EDU_C7            -0.008      0.007     -1.091      0.275
    FEMALE            -0.052      0.052     -0.992      0.321
    SBP_C167           0.002      0.002      0.975      0.329

 IA       WITH
    SA                 3.587      3.146      1.140      0.254
    QA                -0.500      0.352     -1.423      0.155

 SA       WITH
    QA                -1.359      0.758     -1.792      0.073

 Intercepts
    A_01               0.000      0.000    999.000    999.000
    A_02               0.000      0.000    999.000    999.000
    A_05               0.000      0.000    999.000    999.000
    IA                10.022      0.397     25.257      0.000
    SA                 0.047      0.343      0.138      0.890
    QA                 0.035      0.041      0.859      0.390

 Residual Variances
    A_01               4.137      2.495      1.658      0.097
    A_02               4.137      2.495      1.658      0.097
    A_05               4.137      2.495      1.658      0.097
    IA                10.078      3.063      3.290      0.001
    SA                11.732      6.488      1.808      0.071
    QA                 0.160      0.089      1.804      0.071


QUALITY OF NUMERICAL RESULTS

     Condition Number for the Information Matrix              0.595E-07
       (ratio of smallest to largest eigenvalue)


CONFIDENCE INTERVALS OF MODEL RESULTS

                  Lower .5%  Lower 2.5%    Lower 5%    Estimate    Upper 5%  Upper 2.5%   Upper .5%

 IA       ON
    AGE_C80          0.075       0.121       0.145       0.268       0.391       0.414       0.460
    EDU_C7          -0.410      -0.361      -0.336      -0.205      -0.073      -0.048       0.001
    FEMALE          -0.336      -0.077       0.055       0.744       1.434       1.566       1.825
    SBP_C167        -0.036      -0.030      -0.027      -0.012       0.003       0.005       0.011

 SA       ON
    AGE_C80          0.010       0.058       0.083       0.211       0.339       0.364       0.412
    EDU_C7          -0.105      -0.069      -0.051       0.045       0.140       0.159       0.194
    FEMALE          -0.643      -0.371      -0.232       0.496       1.223       1.363       1.635
    SBP_C167        -0.057      -0.047      -0.042      -0.015       0.012       0.018       0.028

 QA       ON
    AGE_C80         -0.059      -0.053      -0.050      -0.034      -0.017      -0.014      -0.008
    EDU_C7          -0.026      -0.021      -0.019      -0.008       0.004       0.006       0.010
    FEMALE          -0.187      -0.155      -0.138      -0.052       0.034       0.051       0.083
    SBP_C167        -0.003      -0.002      -0.001       0.002       0.005       0.006       0.007

 IA       WITH
    SA              -4.517      -2.580      -1.589       3.587       8.763       9.754      11.691
    QA              -1.406      -1.190      -1.079      -0.500       0.078       0.189       0.405

 SA       WITH
    QA              -3.312      -2.845      -2.606      -1.359      -0.111       0.128       0.595

 Intercepts
    A_01             0.000       0.000       0.000       0.000       0.000       0.000       0.000
    A_02             0.000       0.000       0.000       0.000       0.000       0.000       0.000
    A_05             0.000       0.000       0.000       0.000       0.000       0.000       0.000
    IA               9.000       9.244       9.369      10.022      10.674      10.799      11.044
    SA              -0.836      -0.625      -0.517       0.047       0.611       0.719       0.930
    QA              -0.071      -0.045      -0.032       0.035       0.103       0.116       0.141

 Residual Variances
    A_01            -2.290      -0.754       0.032       4.137       8.241       9.027      10.564
    A_02            -2.290      -0.754       0.032       4.137       8.241       9.027      10.564
    A_05            -2.290      -0.754       0.032       4.137       8.241       9.027      10.564
    IA               2.187       4.074       5.039      10.078      15.117      16.082      17.968
    SA              -4.981      -0.985       1.059      11.732      22.406      24.450      28.445
    QA              -0.069      -0.014       0.014       0.160       0.306       0.334       0.389


SAMPLE STATISTICS FOR ESTIMATED FACTOR SCORES


     SAMPLE STATISTICS


           Means
              IA            IA_SE         SA            SA_SE         QA
              ________      ________      ________      ________      ________
 1             11.761         1.637         1.256         1.893        -0.134


           Means
              QA_SE
              ________
 1              0.217


           Covariances
              IA            IA_SE         SA            SA_SE         QA
              ________      ________      ________      ________      ________
 IA            10.365
 IA_SE          0.079         0.044
 SA             5.057         0.054         7.544
 SA_SE          0.662         0.052         0.266         0.661
 QA            -0.674        -0.007        -0.905        -0.038         0.110
 QA_SE          0.075         0.006         0.030         0.076        -0.004


           Covariances
              QA_SE
              ________
 QA_SE          0.009


           Correlations
              IA            IA_SE         SA            SA_SE         QA
              ________      ________      ________      ________      ________
 IA             1.000
 IA_SE          0.117         1.000
 SA             0.572         0.094         1.000
 SA_SE          0.253         0.306         0.119         1.000
 QA            -0.631        -0.105        -0.994        -0.139         1.000
 QA_SE          0.251         0.290         0.117         1.000        -0.137


           Correlations
              QA_SE
              ________
 QA_SE          1.000


RESULTS SAVING INFORMATION

  Order of data

    Parameter estimates
     (saved in order shown in Technical 1 output)
    Standard errors
     (saved in order shown in Technical 1 output)
    H0 Loglikelihood
    H0 Scaling Correction Factor for MLR
    Number of Free Parameters
    Akaike (AIC)
    Bayesian (BIC)
    Sample-Size Adjusted BIC

  Save file
    u2_125_aefb_gait_results.dat

  Save file format           Free


PLOT INFORMATION

The following plots are available:

  Histograms (sample values, estimated factor scores)
  Scatterplots (sample values, estimated factor scores)
  Latent variable distribution plots

SAVEDATA INFORMATION


  Save file
    u2_125_aefb_gait_fscores.dat

  Order and format of variables

    A_01           F10.3
    A_02           F10.3
    A_05           F10.3
    AGE_C80        F10.3
    EDU_C7         F10.3
    FEMALE         F10.3
    SBP_C167       F10.3
    TIME_01        F10.3
    TIME_02        F10.3
    TIME_05        F10.3
    _WEIGHT        F10.3
    IA             F10.3
    IA_SE          F10.3
    SA             F10.3
    SA_SE          F10.3
    QA             F10.3
    QA_SE          F10.3
    PAIRID         I6

  Save file format
    17F10.3 I6

  Save file record length    10000


     Beginning Time:  18:13:23
        Ending Time:  18:13:43
       Elapsed Time:  00:00:20



MUTHEN & MUTHEN
3463 Stoner Ave.
Los Angeles, CA  90066

Tel: (310) 391-9971
Fax: (310) 391-8971
Web: www.StatModel.com
Support: Support@StatModel.com

Copyright (c) 1998-2014 Muthen & Muthen
