Mplus VERSION 7.3
MUTHEN & MUTHEN
12/17/2016  12:00 PM

INPUT INSTRUCTIONS

  TITLE:
  Script produced from the prototype in ./sandbox/syntax-creator/
  DATA:
  File = wide-dataset.dat ;
  VARIABLE:
  NAMES are
   Case PairID female age_c80 edu_c7 sbp_c167 smoke cardio diabetes dementia_ever
      years_since_bl_01 years_since_bl_02 years_since_bl_03 years_since_bl_04
      years_since_bl_05 pef_01 pef_02 pef_03 pef_04 pef_05 grip_01 grip_02 grip_03
      grip_04 grip_05 gait_01 gait_02 gait_03 gait_04 gait_05 block_01 block_02
      block_03 block_04 block_05 digitspanbackward_01 digitspanbackward_02
      digitspanbackward_03 digitspanbackward_04 digitspanbackward_05
      digitspanforward_01 digitspanforward_02 digitspanforward_03 digitspanforward_04
      digitspanforward_05 symbol_01 symbol_02 symbol_03 symbol_04 symbol_05 prose_01
      prose_02 prose_03 prose_04 prose_05 info_01 info_02 info_03 info_04 info_05
      synonyms_01 synonyms_02 synonyms_03 synonyms_04 synonyms_05 psif_01 psif_02
      psif_03 psif_04 psif_05 figure_01 figure_02 figure_03 figure_04 figure_05
      mirrecall_01 mirrecall_02 mirrecall_03 mirrecall_04 mirrecall_05 mmse_01 mmse_02
      mmse_03 mmse_04 mmse_05 mirnaming_01 mirnaming_02 mirnaming_03 mirnaming_04
      mirnaming_05 mirrecog_01 mirrecog_02 mirrecog_03 mirrecog_04 mirrecog_05
      clock_01 clock_02 clock_03 clock_04 clock_05
  	;
  Missing are all (-9999);
  USEVARIABLES are
  	!define the variables used in the analysis
  	! covariates used in the model
  age_c80
  edu_c7
  female
  sbp_c167	
  	!estimated time points
  time_01
  time_02
  time_04
  time_05
  	!modelled time points of process (A)
  a_01
  a_02
  a_04
  a_05
  ;
  TSCORES are
  	!estimated time points
  time_01
  time_02
  time_04
  time_05;
  CLUSTER = PairID;
  SUBPOPULATION are
  	!select a subset of observations
  dementia_ever NE 1
  ;
  DEFINE:
  	! assign variables to the process (A)
  a_01 = gait_01;
  a_02 = gait_02;
  a_04 = gait_04;
  a_05 = gait_05;
  	!assign variables to time points
  time_01 = years_since_bl_01;
  time_02 = years_since_bl_02;
  time_04 = years_since_bl_04;
  time_05 = years_since_bl_05;
  	
  ANALYSIS: TYPE = RANDOM COMPLEX;
  COVERAGE=.00;
  MODEL:
  	!first-level equation
  	! assign process (A) to time points
  ia sa qa | a_01 AT time_01 ;
  ia sa qa | a_02 AT time_02 ;
  ia sa qa | a_04 AT time_04 ;
  ia sa qa | a_05 AT time_05 ;
  	!variance of the first-level terms
  ia (v_ia);
  sa (v_sa);
  qa (v_qa);
  	!covariance among first-level terms
  ia WITH sa (c_iasa);
  ia WITH qa (c_iaqa);
  sa WITH qa (c_saqa);
  	!second-level equation
  ia sa qa ON age_c80
  edu_c7
  female
  sbp_c167;
  	!residual covariance of process (A)
  a_01 (res_a);
  a_02 (res_a);
  a_04 (res_a);
  a_05 (res_a);	
  SAVEDATA:
  FILE is   u2_1245_aefb_gait_fscores.dat;
  SAVE = FSCORES;
  RESULTS are   u2_1245_aefb_gait_results.dat;
  	
  OUTPUT: sampstat cinterval;
  PLOT: Type is Plot1 Plot2 Plot3;



*** WARNING
  Data set contains cases with missing on x-variables.
  These cases were not included in the analysis.
  Number of cases with missing on x-variables:  92
*** WARNING
  Data set contains cases with missing on all variables except
  x-variables.  These cases were not included in the analysis.
  Number of cases with missing on all variables except x-variables:  67
   2 WARNING(S) FOUND IN THE INPUT INSTRUCTIONS




Script produced from the prototype in ./sandbox/syntax-creator/

SUMMARY OF ANALYSIS

Number of groups                                                 1
Number of observations                                         397

Number of dependent variables                                    4
Number of independent variables                                  4
Number of continuous latent variables                            3

Observed dependent variables

  Continuous
   A_01        A_02        A_04        A_05

Observed independent variables
   AGE_C80     EDU_C7      FEMALE      SBP_C167

Continuous latent variables
   IA          SA          QA

Variables with special functions

  Cluster variable      PAIRID
  Weight variable       _WEIGHT

  Time scores
   TIME_01     TIME_02     TIME_04     TIME_05


Estimator                                                      MLR
Information matrix                                        OBSERVED
Maximum number of iterations                                   100
Convergence criterion                                    0.100D-05
Maximum number of EM iterations                                500
Convergence criteria for the EM algorithm
  Loglikelihood change                                   0.100D-02
  Relative loglikelihood change                          0.100D-05
  Derivative                                             0.100D-03
Minimum variance                                         0.100D-03
Maximum number of steepest descent iterations                   20
Maximum number of iterations for H1                           2000
Convergence criterion for H1                             0.100D-03
Optimization algorithm                                         EMA

Input data file(s)
  wide-dataset.dat
Input data format  FREE



SAMPLE STATISTICS


     ESTIMATED SAMPLE STATISTICS


           Means
              A_01          A_02          A_04          A_05          AGE_C80
              ________      ________      ________      ________      ________
 1             11.353        13.188        12.081        12.923         3.082


           Means
              EDU_C7        FEMALE        SBP_C167
              ________      ________      ________
 1              0.275         0.665        -5.879


           Covariances
              A_01          A_02          A_04          A_05          AGE_C80
              ________      ________      ________      ________      ________
 A_01          15.367
 A_02          17.474        59.309
 A_04           6.741        19.191        14.228
 A_05           6.697        19.837        11.674        22.132
 AGE_C80        2.239         4.461         0.960        -1.531         7.646
 EDU_C7        -1.448        -1.337        -0.944        -2.096        -0.478
 FEMALE         0.208         0.380        -0.060         0.212         0.113
 SBP_C167      -6.645       -18.954       -10.453        -5.612        -3.020


           Covariances
              EDU_C7        FEMALE        SBP_C167
              ________      ________      ________
 EDU_C7         5.952
 FEMALE        -0.104         0.223
 SBP_C167       1.405         0.678       499.562


           Correlations
              A_01          A_02          A_04          A_05          AGE_C80
              ________      ________      ________      ________      ________
 A_01           1.000
 A_02           0.579         1.000
 A_04           0.456         0.661         1.000
 A_05           0.363         0.548         0.658         1.000
 AGE_C80        0.207         0.209         0.092        -0.118         1.000
 EDU_C7        -0.151        -0.071        -0.103        -0.183        -0.071
 FEMALE         0.113         0.105        -0.034         0.095         0.087
 SBP_C167      -0.076        -0.110        -0.124        -0.053        -0.049


           Correlations
              EDU_C7        FEMALE        SBP_C167
              ________      ________      ________
 EDU_C7         1.000
 FEMALE        -0.091         1.000
 SBP_C167       0.026         0.064         1.000


     MAXIMUM LOG-LIKELIHOOD VALUE FOR THE UNRESTRICTED (H1) MODEL IS -9136.066


UNIVARIATE HIGHER-ORDER MOMENT DESCRIPTIVE STATISTICS


     UNIVARIATE HIGHER-ORDER MOMENT DESCRIPTIVE STATISTICS

         Variable/         Mean/     Skewness/   Minimum/ % with                Percentiles
        Sample Size      Variance    Kurtosis    Maximum  Min/Max      20%/60%    40%/80%    Median

     A_01                 11.323       1.657       5.000    0.39%       9.000     10.000     11.000
             511.000      15.536       4.349      40.000    0.20%      12.000     15.000
     A_02                 12.696       6.564       6.000    1.24%       9.000     10.000     11.000
             404.000      56.881      62.293      99.000    0.25%      13.000     15.000
     A_04                 11.428       1.297       6.000    1.43%       9.000     10.000     11.000
             210.000      10.337       1.881      28.000    0.48%      11.000     14.000
     A_05                 12.208       2.122       7.000    1.53%       9.000     11.000     11.000
             131.000      15.632       5.833      30.000    0.76%      12.000     14.000
     AGE_C80               3.082       1.312      -0.630    0.18%       0.875      1.707      2.256
             543.000       7.646       2.141      17.918    0.18%       3.021      5.348
     EDU_C7                0.275       2.271      -7.000    0.18%      -1.000     -1.000     -1.000
             543.000       5.952       8.210      16.000    0.18%       0.000      1.000
     FEMALE                0.665      -0.699       0.000   34.07%       0.000      1.000      1.000
             543.000       0.223      -1.511       1.000   65.93%       1.000      1.000
     SBP_C167             -5.879       0.410     -57.000    1.47%     -27.000     -7.000     -7.000
             543.000     499.562       0.742      93.000    0.18%      -7.000     13.000


THE MODEL ESTIMATION TERMINATED NORMALLY



MODEL FIT INFORMATION

Number of Free Parameters                       22

Loglikelihood

          H0 Value                       -2775.161
          H0 Scaling Correction Factor      2.8473
            for MLR

Information Criteria

          Akaike (AIC)                    5594.322
          Bayesian (BIC)                  5681.969
          Sample-Size Adjusted BIC        5612.162
            (n* = (n + 2) / 24)



MODEL RESULTS

                                                    Two-Tailed
                    Estimate       S.E.  Est./S.E.    P-Value

 IA         ON
    AGE_C80            0.257      0.074      3.490      0.000
    EDU_C7            -0.215      0.080     -2.680      0.007
    FEMALE             0.864      0.414      2.087      0.037
    SBP_C167          -0.012      0.009     -1.283      0.199

 SA         ON
    AGE_C80            0.204      0.073      2.780      0.005
    EDU_C7             0.069      0.059      1.181      0.237
    FEMALE             0.142      0.434      0.327      0.743
    SBP_C167          -0.017      0.017     -1.018      0.309

 QA         ON
    AGE_C80           -0.035      0.011     -3.206      0.001
    EDU_C7            -0.011      0.008     -1.259      0.208
    FEMALE            -0.033      0.063     -0.529      0.597
    SBP_C167           0.002      0.002      1.036      0.300

 IA       WITH
    SA                 4.874      2.659      1.833      0.067
    QA                -0.786      0.391     -2.008      0.045

 SA       WITH
    QA                -1.655      1.162     -1.424      0.154

 Intercepts
    A_01               0.000      0.000    999.000    999.000
    A_02               0.000      0.000    999.000    999.000
    A_04               0.000      0.000    999.000    999.000
    A_05               0.000      0.000    999.000    999.000
    IA                10.017      0.389     25.759      0.000
    SA                 0.228      0.320      0.713      0.476
    QA                 0.008      0.045      0.182      0.855

 Residual Variances
    A_01               5.610      1.088      5.155      0.000
    A_02               5.610      1.088      5.155      0.000
    A_04               5.610      1.088      5.155      0.000
    A_05               5.610      1.088      5.155      0.000
    IA                 8.773      1.961      4.474      0.000
    SA                11.278      7.899      1.428      0.153
    QA                 0.246      0.171      1.434      0.152


QUALITY OF NUMERICAL RESULTS

     Condition Number for the Information Matrix              0.352E-07
       (ratio of smallest to largest eigenvalue)


CONFIDENCE INTERVALS OF MODEL RESULTS

                  Lower .5%  Lower 2.5%    Lower 5%    Estimate    Upper 5%  Upper 2.5%   Upper .5%

 IA       ON
    AGE_C80          0.067       0.113       0.136       0.257       0.379       0.402       0.447
    EDU_C7          -0.422      -0.373      -0.347      -0.215      -0.083      -0.058      -0.008
    FEMALE          -0.202       0.053       0.183       0.864       1.545       1.676       1.931
    SBP_C167        -0.035      -0.029      -0.026      -0.012       0.003       0.006       0.012

 SA       ON
    AGE_C80          0.015       0.060       0.083       0.204       0.325       0.348       0.393
    EDU_C7          -0.082      -0.046      -0.027       0.069       0.166       0.185       0.221
    FEMALE          -0.975      -0.708      -0.572       0.142       0.855       0.992       1.259
    SBP_C167        -0.060      -0.050      -0.044      -0.017       0.010       0.016       0.026

 QA       ON
    AGE_C80         -0.064      -0.057      -0.054      -0.035      -0.017      -0.014      -0.007
    EDU_C7          -0.032      -0.027      -0.025      -0.011       0.003       0.006       0.011
    FEMALE          -0.195      -0.156      -0.137      -0.033       0.070       0.090       0.129
    SBP_C167        -0.004      -0.002      -0.001       0.002       0.006       0.007       0.009

 IA       WITH
    SA              -1.974      -0.337       0.500       4.874       9.247      10.085      11.722
    QA              -1.793      -1.552      -1.429      -0.786      -0.142      -0.019       0.222

 SA       WITH
    QA              -4.647      -3.932      -3.566      -1.655       0.256       0.622       1.338

 Intercepts
    A_01             0.000       0.000       0.000       0.000       0.000       0.000       0.000
    A_02             0.000       0.000       0.000       0.000       0.000       0.000       0.000
    A_04             0.000       0.000       0.000       0.000       0.000       0.000       0.000
    A_05             0.000       0.000       0.000       0.000       0.000       0.000       0.000
    IA               9.015       9.255       9.377      10.017      10.657      10.779      11.019
    SA              -0.597      -0.399      -0.298       0.228       0.755       0.856       1.053
    QA              -0.109      -0.081      -0.066       0.008       0.083       0.097       0.125

 Residual Variances
    A_01             2.807       3.477       3.820       5.610       7.400       7.743       8.413
    A_02             2.807       3.477       3.820       5.610       7.400       7.743       8.413
    A_04             2.807       3.477       3.820       5.610       7.400       7.743       8.413
    A_05             2.807       3.477       3.820       5.610       7.400       7.743       8.413
    IA               3.722       4.930       5.547       8.773      11.998      12.615      13.823
    SA              -9.068      -4.204      -1.716      11.278      24.272      26.760      31.624
    QA              -0.195      -0.090      -0.036       0.246       0.527       0.581       0.686


SAMPLE STATISTICS FOR ESTIMATED FACTOR SCORES


     SAMPLE STATISTICS


           Means
              IA            IA_SE         SA            SA_SE         QA
              ________      ________      ________      ________      ________
 1             11.759         1.629         1.275         1.833        -0.173


           Means
              QA_SE
              ________
 1              0.262


           Covariances
              IA            IA_SE         SA            SA_SE         QA
              ________      ________      ________      ________      ________
 IA             8.496
 IA_SE          0.128         0.032
 SA             5.902         0.077         7.709
 SA_SE          0.599         0.097         0.362         0.536
 QA            -0.927        -0.013        -1.162        -0.058         0.176
 QA_SE          0.091         0.014         0.056         0.080        -0.009


           Covariances
              QA_SE
              ________
 QA_SE          0.012


           Correlations
              IA            IA_SE         SA            SA_SE         QA
              ________      ________      ________      ________      ________
 IA             1.000
 IA_SE          0.246         1.000
 SA             0.729         0.155         1.000
 SA_SE          0.280         0.742         0.178         1.000
 QA            -0.758        -0.168        -0.998        -0.190         1.000
 QA_SE          0.285         0.737         0.185         0.999        -0.197


           Correlations
              QA_SE
              ________
 QA_SE          1.000


RESULTS SAVING INFORMATION

  Order of data

    Parameter estimates
     (saved in order shown in Technical 1 output)
    Standard errors
     (saved in order shown in Technical 1 output)
    H0 Loglikelihood
    H0 Scaling Correction Factor for MLR
    Number of Free Parameters
    Akaike (AIC)
    Bayesian (BIC)
    Sample-Size Adjusted BIC

  Save file
    u2_1245_aefb_gait_results.dat

  Save file format           Free


PLOT INFORMATION

The following plots are available:

  Histograms (sample values, estimated factor scores)
  Scatterplots (sample values, estimated factor scores)
  Latent variable distribution plots

SAVEDATA INFORMATION


  Save file
    u2_1245_aefb_gait_fscores.dat

  Order and format of variables

    A_01           F10.3
    A_02           F10.3
    A_04           F10.3
    A_05           F10.3
    AGE_C80        F10.3
    EDU_C7         F10.3
    FEMALE         F10.3
    SBP_C167       F10.3
    TIME_01        F10.3
    TIME_02        F10.3
    TIME_04        F10.3
    TIME_05        F10.3
    _WEIGHT        F10.3
    IA             F10.3
    IA_SE          F10.3
    SA             F10.3
    SA_SE          F10.3
    QA             F10.3
    QA_SE          F10.3
    PAIRID         I6

  Save file format
    19F10.3 I6

  Save file record length    10000


     Beginning Time:  12:00:38
        Ending Time:  12:00:40
       Elapsed Time:  00:00:02



MUTHEN & MUTHEN
3463 Stoner Ave.
Los Angeles, CA  90066

Tel: (310) 391-9971
Fax: (310) 391-8971
Web: www.StatModel.com
Support: Support@StatModel.com

Copyright (c) 1998-2014 Muthen & Muthen
