Mplus VERSION 7.3
MUTHEN & MUTHEN
12/17/2016   6:18 PM

INPUT INSTRUCTIONS

  TITLE:
  Script produced from the prototype in ./sandbox/syntax-creator/
  DATA:
  File = wide-dataset.dat ;
  VARIABLE:
  NAMES are
   Case PairID female age_c80 edu_c7 sbp_c167 smoke cardio diabetes dementia_ever
      years_since_bl_01 years_since_bl_02 years_since_bl_03 years_since_bl_04
      years_since_bl_05 pef_01 pef_02 pef_03 pef_04 pef_05 grip_01 grip_02 grip_03
      grip_04 grip_05 gait_01 gait_02 gait_03 gait_04 gait_05 block_01 block_02
      block_03 block_04 block_05 digitspanbackward_01 digitspanbackward_02
      digitspanbackward_03 digitspanbackward_04 digitspanbackward_05
      digitspanforward_01 digitspanforward_02 digitspanforward_03 digitspanforward_04
      digitspanforward_05 symbol_01 symbol_02 symbol_03 symbol_04 symbol_05 prose_01
      prose_02 prose_03 prose_04 prose_05 info_01 info_02 info_03 info_04 info_05
      synonyms_01 synonyms_02 synonyms_03 synonyms_04 synonyms_05 psif_01 psif_02
      psif_03 psif_04 psif_05 figure_01 figure_02 figure_03 figure_04 figure_05
      mirrecall_01 mirrecall_02 mirrecall_03 mirrecall_04 mirrecall_05 mmse_01 mmse_02
      mmse_03 mmse_04 mmse_05 mirnaming_01 mirnaming_02 mirnaming_03 mirnaming_04
      mirnaming_05 mirrecog_01 mirrecog_02 mirrecog_03 mirrecog_04 mirrecog_05
      clock_01 clock_02 clock_03 clock_04 clock_05
  	;
  Missing are all (-9999);
  USEVARIABLES are
  	!define the variables used in the analysis
  	! covariates used in the model
  age_c80	
  	!estimated time points
  time_01
  time_04
  time_05
  	!modelled time points of process (A)
  a_01
  a_04
  a_05
  ;
  TSCORES are
  	!estimated time points
  time_01
  time_04
  time_05;
  CLUSTER = PairID;
  SUBPOPULATION are
  	!select a subset of observations
  dementia_ever NE 1
  ;
  DEFINE:
  	! assign variables to the process (A)
  a_01 = gait_01;
  a_04 = gait_04;
  a_05 = gait_05;
  	!assign variables to time points
  time_01 = years_since_bl_01;
  time_04 = years_since_bl_04;
  time_05 = years_since_bl_05;
  	
  ANALYSIS: TYPE = RANDOM COMPLEX;
  COVERAGE=.00;
  MODEL:
  	!first-level equation
  	! assign process (A) to time points
  ia sa qa | a_01 AT time_01 ;
  ia sa qa | a_04 AT time_04 ;
  ia sa qa | a_05 AT time_05 ;
  	!variance of the first-level terms
  ia (v_ia);
  sa (v_sa);
  qa (v_qa);
  	!covariance among first-level terms
  ia WITH sa (c_iasa);
  ia WITH qa (c_iaqa);
  sa WITH qa (c_saqa);
  	!second-level equation
  ia sa qa ON age_c80;
  	!residual covariance of process (A)
  a_01 (res_a);
  a_04 (res_a);
  a_05 (res_a);	
  SAVEDATA:
  FILE is   u2_145_a_gait_fscores.dat;
  SAVE = FSCORES;
  RESULTS are   u2_145_a_gait_results.dat;
  	
  OUTPUT: sampstat cinterval;
  PLOT: Type is Plot1 Plot2 Plot3;



*** WARNING
  Data set contains cases with missing on all variables except
  x-variables.  These cases were not included in the analysis.
  Number of cases with missing on all variables except x-variables:  170
   1 WARNING(S) FOUND IN THE INPUT INSTRUCTIONS




Script produced from the prototype in ./sandbox/syntax-creator/

SUMMARY OF ANALYSIS

Number of groups                                                 1
Number of observations                                         387

Number of dependent variables                                    3
Number of independent variables                                  1
Number of continuous latent variables                            3

Observed dependent variables

  Continuous
   A_01        A_04        A_05

Observed independent variables
   AGE_C80

Continuous latent variables
   IA          SA          QA

Variables with special functions

  Cluster variable      PAIRID
  Weight variable       _WEIGHT

  Time scores
   TIME_01     TIME_04     TIME_05


Estimator                                                      MLR
Information matrix                                        OBSERVED
Maximum number of iterations                                   100
Convergence criterion                                    0.100D-05
Maximum number of EM iterations                                500
Convergence criteria for the EM algorithm
  Loglikelihood change                                   0.100D-02
  Relative loglikelihood change                          0.100D-05
  Derivative                                             0.100D-03
Minimum variance                                         0.100D-03
Maximum number of steepest descent iterations                   20
Maximum number of iterations for H1                           2000
Convergence criterion for H1                             0.100D-03
Optimization algorithm                                         EMA

Input data file(s)
  wide-dataset.dat
Input data format  FREE



SAMPLE STATISTICS


     ESTIMATED SAMPLE STATISTICS


           Means
              A_01          A_04          A_05          AGE_C80
              ________      ________      ________      ________
 1             11.305        11.792        12.717         3.019


           Covariances
              A_01          A_04          A_05          AGE_C80
              ________      ________      ________      ________
 A_01          15.470
 A_04           5.606        11.232
 A_05           5.592         8.503        18.465
 AGE_C80        2.141         0.355        -1.940         7.363


           Correlations
              A_01          A_04          A_05          AGE_C80
              ________      ________      ________      ________
 A_01           1.000
 A_04           0.425         1.000
 A_05           0.331         0.590         1.000
 AGE_C80        0.201         0.039        -0.166         1.000


     MAXIMUM LOG-LIKELIHOOD VALUE FOR THE UNRESTRICTED (H1) MODEL IS -3759.319


UNIVARIATE HIGHER-ORDER MOMENT DESCRIPTIVE STATISTICS


     UNIVARIATE HIGHER-ORDER MOMENT DESCRIPTIVE STATISTICS

         Variable/         Mean/     Skewness/   Minimum/ % with                Percentiles
        Sample Size      Variance    Kurtosis    Maximum  Min/Max      20%/60%    40%/80%    Median

     A_01                 11.310       1.664       5.000    0.38%       9.000     10.000     11.000
             521.000      15.487       4.378      40.000    0.19%      12.000     15.000
     A_04                 11.420       1.305       6.000    1.42%       9.000     10.000     11.000
             211.000      10.290       1.912      28.000    0.47%      11.000     14.000
     A_05                 12.208       2.122       7.000    1.53%       9.000     11.000     11.000
             131.000      15.632       5.833      30.000    0.76%      12.000     14.000
     AGE_C80               3.019       1.310      -0.630    0.19%       0.874      1.637      2.195
             532.000       7.363       2.211      17.918    0.19%       2.898      5.229

     WARNING: THE MODEL ESTIMATION HAS REACHED A SADDLE POINT OR A POINT WHERE THE
     OBSERVED AND THE EXPECTED INFORMATION MATRICES DO NOT MATCH.
     AN ADJUSTMENT TO THE ESTIMATION OF THE INFORMATION MATRIX HAS BEEN MADE.
     THE CONDITION NUMBER IS      -0.538D+00.
     THE PROBLEM MAY ALSO BE RESOLVED BY DECREASING THE VALUE OF THE
     MCONVERGENCE OR LOGCRITERION OPTIONS OR BY CHANGING THE STARTING VALUES
     OR BY USING THE MLF ESTIMATOR.


THE MODEL ESTIMATION TERMINATED NORMALLY



MODEL FIT INFORMATION

Number of Free Parameters                       13

Loglikelihood

          H0 Value                       -1799.847
          H0 Scaling Correction Factor      0.7696
            for MLR

Information Criteria

          Akaike (AIC)                    3625.694
          Bayesian (BIC)                  3677.153
          Sample-Size Adjusted BIC        3635.905
            (n* = (n + 2) / 24)



MODEL RESULTS

                                                    Two-Tailed
                    Estimate       S.E.  Est./S.E.    P-Value

 IA         ON
    AGE_C80            0.291      0.073      3.984      0.000

 SA         ON
    AGE_C80            0.041      0.077      0.538      0.591

 QA         ON
    AGE_C80           -0.014      0.011     -1.218      0.223

 IA       WITH
    SA                -1.464      0.000  *********      0.000
    QA                 0.127      0.003     42.529      0.000

 SA       WITH
    QA                -0.017      0.001    -33.756      0.000

 Intercepts
    A_01               0.000      0.000    999.000    999.000
    A_04               0.000      0.000    999.000    999.000
    A_05               0.000      0.000    999.000    999.000
    IA                10.426      0.322     32.412      0.000
    SA                -0.338      0.045     -7.464      0.000
    QA                 0.090      0.010      9.333      0.000

 Residual Variances
    A_01               5.146      0.961      5.355      0.000
    A_04               5.146      0.961      5.355      0.000
    A_05               5.146      0.961      5.355      0.000
    IA                 9.705      0.001  10664.756      0.000
    SA                 0.223      0.000   2617.823      0.000
    QA                 0.003      0.000     20.776      0.000


QUALITY OF NUMERICAL RESULTS

     Condition Number for the Information Matrix             -0.538E+00
       (ratio of smallest to largest eigenvalue)


CONFIDENCE INTERVALS OF MODEL RESULTS

                  Lower .5%  Lower 2.5%    Lower 5%    Estimate    Upper 5%  Upper 2.5%   Upper .5%

 IA       ON
    AGE_C80          0.103       0.148       0.171       0.291       0.411       0.434       0.479

 SA       ON
    AGE_C80         -0.157      -0.109      -0.085       0.041       0.168       0.192       0.239

 QA       ON
    AGE_C80         -0.043      -0.036      -0.032      -0.014       0.005       0.008       0.015

 IA       WITH
    SA              -1.464      -1.464      -1.464      -1.464      -1.464      -1.464      -1.464
    QA               0.119       0.121       0.122       0.127       0.131       0.132       0.134

 SA       WITH
    QA              -0.018      -0.018      -0.018      -0.017      -0.016      -0.016      -0.016

 Intercepts
    A_01             0.000       0.000       0.000       0.000       0.000       0.000       0.000
    A_04             0.000       0.000       0.000       0.000       0.000       0.000       0.000
    A_05             0.000       0.000       0.000       0.000       0.000       0.000       0.000
    IA               9.597       9.795       9.897      10.426      10.955      11.056      11.254
    SA              -0.454      -0.426      -0.412      -0.338      -0.263      -0.249      -0.221
    QA               0.065       0.071       0.074       0.090       0.106       0.109       0.115

 Residual Variances
    A_01             2.671       3.263       3.565       5.146       6.727       7.030       7.622
    A_04             2.671       3.263       3.565       5.146       6.727       7.030       7.622
    A_05             2.671       3.263       3.565       5.146       6.727       7.030       7.622
    IA               9.702       9.703       9.703       9.705       9.706       9.707       9.707
    SA               0.223       0.223       0.223       0.223       0.223       0.223       0.223
    QA               0.003       0.003       0.003       0.003       0.004       0.004       0.004


SAMPLE STATISTICS FOR ESTIMATED FACTOR SCORES


     SAMPLE STATISTICS


           Means
              IA            IA_SE         SA            SA_SE         QA
              ________      ________      ________      ________      ________
 1             11.735         1.805        -0.273         0.281         0.054


           Means
              QA_SE
              ________
 1              0.039


           Covariances
              IA            IA_SE         SA            SA_SE         QA
              ________      ________      ________      ________      ________
 IA             9.001
 IA_SE          0.047         0.018
 SA            -1.176        -0.004         0.204
 SA_SE          0.002         0.003         0.000         0.000
 QA             0.090         0.000        -0.022         0.000         0.003
 QA_SE          0.009         0.000        -0.001         0.000         0.000


           Covariances
              QA_SE
              ________
 QA_SE          0.000


           Correlations
              IA            IA_SE         SA            SA_SE         QA
              ________      ________      ________      ________      ________
 IA             1.000
 IA_SE          0.117         1.000
 SA            -0.869        -0.069         1.000
 SA_SE          0.034         0.967        -0.012         1.000
 QA             0.522        -0.010        -0.828        -0.023         1.000
 QA_SE          0.334         0.315        -0.227         0.068         0.066


           Correlations
              QA_SE
              ________
 QA_SE          1.000


RESULTS SAVING INFORMATION

  Order of data

    Parameter estimates
     (saved in order shown in Technical 1 output)
    Standard errors
     (saved in order shown in Technical 1 output)
    H0 Loglikelihood
    H0 Scaling Correction Factor for MLR
    Number of Free Parameters
    Akaike (AIC)
    Bayesian (BIC)
    Sample-Size Adjusted BIC

  Save file
    u2_145_a_gait_results.dat

  Save file format           Free


PLOT INFORMATION

The following plots are available:

  Histograms (sample values, estimated factor scores)
  Scatterplots (sample values, estimated factor scores)
  Latent variable distribution plots

SAVEDATA INFORMATION


  Save file
    u2_145_a_gait_fscores.dat

  Order and format of variables

    A_01           F10.3
    A_04           F10.3
    A_05           F10.3
    AGE_C80        F10.3
    TIME_01        F10.3
    TIME_04        F10.3
    TIME_05        F10.3
    _WEIGHT        F10.3
    IA             F10.3
    IA_SE          F10.3
    SA             F10.3
    SA_SE          F10.3
    QA             F10.3
    QA_SE          F10.3
    PAIRID         I5

  Save file format
    14F10.3 I5

  Save file record length    10000


     Beginning Time:  18:18:18
        Ending Time:  18:18:25
       Elapsed Time:  00:00:07



MUTHEN & MUTHEN
3463 Stoner Ave.
Los Angeles, CA  90066

Tel: (310) 391-9971
Fax: (310) 391-8971
Web: www.StatModel.com
Support: Support@StatModel.com

Copyright (c) 1998-2014 Muthen & Muthen
