Mplus VERSION 7.3
MUTHEN & MUTHEN
12/17/2016   6:08 PM

INPUT INSTRUCTIONS

  TITLE:
  Script produced from the prototype in ./sandbox/syntax-creator/
  DATA:
  File = wide-dataset.dat ;
  VARIABLE:
  NAMES are
   Case PairID female age_c80 edu_c7 sbp_c167 smoke cardio diabetes dementia_ever
      years_since_bl_01 years_since_bl_02 years_since_bl_03 years_since_bl_04
      years_since_bl_05 pef_01 pef_02 pef_03 pef_04 pef_05 grip_01 grip_02 grip_03
      grip_04 grip_05 gait_01 gait_02 gait_03 gait_04 gait_05 block_01 block_02
      block_03 block_04 block_05 digitspanbackward_01 digitspanbackward_02
      digitspanbackward_03 digitspanbackward_04 digitspanbackward_05
      digitspanforward_01 digitspanforward_02 digitspanforward_03 digitspanforward_04
      digitspanforward_05 symbol_01 symbol_02 symbol_03 symbol_04 symbol_05 prose_01
      prose_02 prose_03 prose_04 prose_05 info_01 info_02 info_03 info_04 info_05
      synonyms_01 synonyms_02 synonyms_03 synonyms_04 synonyms_05 psif_01 psif_02
      psif_03 psif_04 psif_05 figure_01 figure_02 figure_03 figure_04 figure_05
      mirrecall_01 mirrecall_02 mirrecall_03 mirrecall_04 mirrecall_05 mmse_01 mmse_02
      mmse_03 mmse_04 mmse_05 mirnaming_01 mirnaming_02 mirnaming_03 mirnaming_04
      mirnaming_05 mirrecog_01 mirrecog_02 mirrecog_03 mirrecog_04 mirrecog_05
      clock_01 clock_02 clock_03 clock_04 clock_05
  	;
  Missing are all (-9999);
  USEVARIABLES are
  	!define the variables used in the analysis
  	! covariates used in the model
  age_c80	
  	!estimated time points
  time_01
  time_02
  time_03
  	!modelled time points of process (A)
  a_01
  a_02
  a_03
  ;
  TSCORES are
  	!estimated time points
  time_01
  time_02
  time_03;
  CLUSTER = PairID;
  SUBPOPULATION are
  	!select a subset of observations
  dementia_ever NE 1
  ;
  DEFINE:
  	! assign variables to the process (A)
  a_01 = gait_01;
  a_02 = gait_02;
  a_03 = gait_03;
  	!assign variables to time points
  time_01 = years_since_bl_01;
  time_02 = years_since_bl_02;
  time_03 = years_since_bl_03;
  	
  ANALYSIS: TYPE = RANDOM COMPLEX;
  COVERAGE=.00;
  MODEL:
  	!first-level equation
  	! assign process (A) to time points
  ia sa qa | a_01 AT time_01 ;
  ia sa qa | a_02 AT time_02 ;
  ia sa qa | a_03 AT time_03 ;
  	!variance of the first-level terms
  ia (v_ia);
  sa (v_sa);
  qa (v_qa);
  	!covariance among first-level terms
  ia WITH sa (c_iasa);
  ia WITH qa (c_iaqa);
  sa WITH qa (c_saqa);
  	!second-level equation
  ia sa qa ON age_c80;
  	!residual covariance of process (A)
  a_01 (res_a);
  a_02 (res_a);
  a_03 (res_a);	
  SAVEDATA:
  FILE is   u2_123_a_gait_fscores.dat;
  SAVE = FSCORES;
  RESULTS are   u2_123_a_gait_results.dat;
  	
  OUTPUT: sampstat cinterval;
  PLOT: Type is Plot1 Plot2 Plot3;



*** WARNING
  Data set contains cases with missing on all variables except
  x-variables.  These cases were not included in the analysis.
  Number of cases with missing on all variables except x-variables:  146
   1 WARNING(S) FOUND IN THE INPUT INSTRUCTIONS




Script produced from the prototype in ./sandbox/syntax-creator/

SUMMARY OF ANALYSIS

Number of groups                                                 1
Number of observations                                         400

Number of dependent variables                                    3
Number of independent variables                                  1
Number of continuous latent variables                            3

Observed dependent variables

  Continuous
   A_01        A_02        A_03

Observed independent variables
   AGE_C80

Continuous latent variables
   IA          SA          QA

Variables with special functions

  Cluster variable      PAIRID
  Weight variable       _WEIGHT

  Time scores
   TIME_01     TIME_02     TIME_03


Estimator                                                      MLR
Information matrix                                        OBSERVED
Maximum number of iterations                                   100
Convergence criterion                                    0.100D-05
Maximum number of EM iterations                                500
Convergence criteria for the EM algorithm
  Loglikelihood change                                   0.100D-02
  Relative loglikelihood change                          0.100D-05
  Derivative                                             0.100D-03
Minimum variance                                         0.100D-03
Maximum number of steepest descent iterations                   20
Maximum number of iterations for H1                           2000
Convergence criterion for H1                             0.100D-03
Optimization algorithm                                         EMA

Input data file(s)
  wide-dataset.dat
Input data format  FREE



SAMPLE STATISTICS


     ESTIMATED SAMPLE STATISTICS


           Means
              A_01          A_02          A_03          AGE_C80
              ________      ________      ________      ________
 1             11.330        13.179        12.457         3.079


           Covariances
              A_01          A_02          A_03          AGE_C80
              ________      ________      ________      ________
 A_01          15.329
 A_02          17.366        58.632
 A_03          10.759        30.193        24.443
 AGE_C80        2.199         4.413         3.103         7.629


           Correlations
              A_01          A_02          A_03          AGE_C80
              ________      ________      ________      ________
 A_01           1.000
 A_02           0.579         1.000
 A_03           0.556         0.798         1.000
 AGE_C80        0.203         0.209         0.227         1.000


     MAXIMUM LOG-LIKELIHOOD VALUE FOR THE UNRESTRICTED (H1) MODEL IS -4968.248


UNIVARIATE HIGHER-ORDER MOMENT DESCRIPTIVE STATISTICS


     UNIVARIATE HIGHER-ORDER MOMENT DESCRIPTIVE STATISTICS

         Variable/         Mean/     Skewness/   Minimum/ % with                Percentiles
        Sample Size      Variance    Kurtosis    Maximum  Min/Max      20%/60%    40%/80%    Median

     A_01                 11.310       1.664       5.000    0.38%       9.000     10.000     11.000
             521.000      15.487       4.378      40.000    0.19%      12.000     15.000
     A_02                 12.703       6.569       6.000    1.22%       9.000     11.000     11.000
             410.000      56.709      62.444      99.000    0.24%      13.000     15.000
     A_03                 11.556       1.568       6.000    1.35%       9.000     10.000     11.000
             296.000      14.393       3.174      30.000    0.34%      11.000     14.000
     AGE_C80               3.079       1.310      -0.630    0.18%       0.877      1.711      2.286
             556.000       7.629       2.136      17.918    0.18%       3.063      5.500


THE MODEL ESTIMATION TERMINATED NORMALLY



MODEL FIT INFORMATION

Number of Free Parameters                       13

Loglikelihood

          H0 Value                       -2598.872
          H0 Scaling Correction Factor      4.0747
            for MLR

Information Criteria

          Akaike (AIC)                    5223.744
          Bayesian (BIC)                  5275.633
          Sample-Size Adjusted BIC        5234.383
            (n* = (n + 2) / 24)



MODEL RESULTS

                                                    Two-Tailed
                    Estimate       S.E.  Est./S.E.    P-Value

 IA         ON
    AGE_C80            0.288      0.070      4.129      0.000

 SA         ON
    AGE_C80            0.257      0.103      2.493      0.013

 QA         ON
    AGE_C80           -0.056      0.024     -2.327      0.020

 IA       WITH
    SA                 5.793      4.119      1.407      0.160
    QA                -1.414      0.877     -1.612      0.107

 SA       WITH
    QA                -4.729      2.893     -1.634      0.102

 Intercepts
    A_01               0.000      0.000    999.000    999.000
    A_02               0.000      0.000    999.000    999.000
    A_03               0.000      0.000    999.000    999.000
    IA                10.446      0.298     35.087      0.000
    SA                 0.709      0.388      1.826      0.068
    QA                -0.125      0.093     -1.346      0.178

 Residual Variances
    A_01               4.701      1.269      3.705      0.000
    A_02               4.701      1.269      3.705      0.000
    A_03               4.701      1.269      3.705      0.000
    IA                 9.960      2.304      4.324      0.000
    SA                21.959     13.265      1.655      0.098
    QA                 1.033      0.632      1.636      0.102


QUALITY OF NUMERICAL RESULTS

     Condition Number for the Information Matrix              0.446E-05
       (ratio of smallest to largest eigenvalue)


CONFIDENCE INTERVALS OF MODEL RESULTS

                  Lower .5%  Lower 2.5%    Lower 5%    Estimate    Upper 5%  Upper 2.5%   Upper .5%

 IA       ON
    AGE_C80          0.108       0.151       0.173       0.288       0.402       0.424       0.467

 SA       ON
    AGE_C80         -0.009       0.055       0.087       0.257       0.427       0.459       0.523

 QA       ON
    AGE_C80         -0.118      -0.103      -0.096      -0.056      -0.016      -0.009       0.006

 IA       WITH
    SA              -4.816      -2.280      -0.982       5.793      12.568      13.865      16.402
    QA              -3.672      -3.132      -2.856      -1.414       0.029       0.305       0.845

 SA       WITH
    QA             -12.182     -10.400      -9.489      -4.729       0.031       0.942       2.724

 Intercepts
    A_01             0.000       0.000       0.000       0.000       0.000       0.000       0.000
    A_02             0.000       0.000       0.000       0.000       0.000       0.000       0.000
    A_03             0.000       0.000       0.000       0.000       0.000       0.000       0.000
    IA               9.679       9.862       9.956      10.446      10.935      11.029      11.213
    SA              -0.291      -0.052       0.070       0.709       1.348       1.470       1.709
    QA              -0.363      -0.306      -0.277      -0.125       0.028       0.057       0.114

 Residual Variances
    A_01             1.433       2.214       2.614       4.701       6.789       7.188       7.970
    A_02             1.433       2.214       2.614       4.701       6.789       7.188       7.970
    A_03             1.433       2.214       2.614       4.701       6.789       7.188       7.970
    IA               4.027       5.445       6.171       9.960      13.750      14.476      15.894
    SA             -12.210      -4.041       0.137      21.959      43.780      47.959      56.127
    QA              -0.594      -0.205      -0.006       1.033       2.073       2.271       2.660


SAMPLE STATISTICS FOR ESTIMATED FACTOR SCORES


     SAMPLE STATISTICS


           Means
              IA            IA_SE         SA            SA_SE         QA
              ________      ________      ________      ________      ________
 1             11.775         1.671         1.772         2.580        -0.361


           Means
              QA_SE
              ________
 1              0.560


           Covariances
              IA            IA_SE         SA            SA_SE         QA
              ________      ________      ________      ________      ________
 IA             9.506
 IA_SE          0.093         0.037
 SA             7.490         0.081        13.929
 SA_SE          0.890         0.087         0.586         1.129
 QA            -1.743        -0.018        -3.038        -0.139         0.667
 QA_SE          0.184         0.018         0.121         0.236        -0.029


           Covariances
              QA_SE
              ________
 QA_SE          0.049


           Correlations
              IA            IA_SE         SA            SA_SE         QA
              ________      ________      ________      ________      ________
 IA             1.000
 IA_SE          0.157         1.000
 SA             0.651         0.112         1.000
 SA_SE          0.272         0.426         0.148         1.000
 QA            -0.692        -0.117        -0.997        -0.161         1.000
 QA_SE          0.269         0.414         0.146         0.999        -0.159


           Correlations
              QA_SE
              ________
 QA_SE          1.000


RESULTS SAVING INFORMATION

  Order of data

    Parameter estimates
     (saved in order shown in Technical 1 output)
    Standard errors
     (saved in order shown in Technical 1 output)
    H0 Loglikelihood
    H0 Scaling Correction Factor for MLR
    Number of Free Parameters
    Akaike (AIC)
    Bayesian (BIC)
    Sample-Size Adjusted BIC

  Save file
    u2_123_a_gait_results.dat

  Save file format           Free


PLOT INFORMATION

The following plots are available:

  Histograms (sample values, estimated factor scores)
  Scatterplots (sample values, estimated factor scores)
  Latent variable distribution plots

SAVEDATA INFORMATION


  Save file
    u2_123_a_gait_fscores.dat

  Order and format of variables

    A_01           F10.3
    A_02           F10.3
    A_03           F10.3
    AGE_C80        F10.3
    TIME_01        F10.3
    TIME_02        F10.3
    TIME_03        F10.3
    _WEIGHT        F10.3
    IA             F10.3
    IA_SE          F10.3
    SA             F10.3
    SA_SE          F10.3
    QA             F10.3
    QA_SE          F10.3
    PAIRID         I6

  Save file format
    14F10.3 I6

  Save file record length    10000


     Beginning Time:  18:08:26
        Ending Time:  18:08:27
       Elapsed Time:  00:00:01



MUTHEN & MUTHEN
3463 Stoner Ave.
Los Angeles, CA  90066

Tel: (310) 391-9971
Fax: (310) 391-8971
Web: www.StatModel.com
Support: Support@StatModel.com

Copyright (c) 1998-2014 Muthen & Muthen
