Mplus VERSION 7.3
MUTHEN & MUTHEN
12/17/2016  11:45 AM

INPUT INSTRUCTIONS

  TITLE:
  Script produced from the prototype in ./sandbox/syntax-creator/
  DATA:
  File = wide-dataset.dat ;
  VARIABLE:
  NAMES are
   Case PairID female age_c80 edu_c7 sbp_c167 smoke cardio diabetes dementia_ever
      years_since_bl_01 years_since_bl_02 years_since_bl_03 years_since_bl_04
      years_since_bl_05 pef_01 pef_02 pef_03 pef_04 pef_05 grip_01 grip_02 grip_03
      grip_04 grip_05 gait_01 gait_02 gait_03 gait_04 gait_05 block_01 block_02
      block_03 block_04 block_05 digitspanbackward_01 digitspanbackward_02
      digitspanbackward_03 digitspanbackward_04 digitspanbackward_05
      digitspanforward_01 digitspanforward_02 digitspanforward_03 digitspanforward_04
      digitspanforward_05 symbol_01 symbol_02 symbol_03 symbol_04 symbol_05 prose_01
      prose_02 prose_03 prose_04 prose_05 info_01 info_02 info_03 info_04 info_05
      synonyms_01 synonyms_02 synonyms_03 synonyms_04 synonyms_05 psif_01 psif_02
      psif_03 psif_04 psif_05 figure_01 figure_02 figure_03 figure_04 figure_05
      mirrecall_01 mirrecall_02 mirrecall_03 mirrecall_04 mirrecall_05 mmse_01 mmse_02
      mmse_03 mmse_04 mmse_05 mirnaming_01 mirnaming_02 mirnaming_03 mirnaming_04
      mirnaming_05 mirrecog_01 mirrecog_02 mirrecog_03 mirrecog_04 mirrecog_05
      clock_01 clock_02 clock_03 clock_04 clock_05
  	;
  Missing are all (-9999);
  USEVARIABLES are
  	!define the variables used in the analysis
  	! covariates used in the model
  age_c80
  edu_c7
  female	
  	!estimated time points
  time_01
  time_03
  time_04
  	!modelled time points of process (A)
  a_01
  a_03
  a_04
  ;
  TSCORES are
  	!estimated time points
  time_01
  time_03
  time_04;
  CLUSTER = PairID;
  SUBPOPULATION are
  	!select a subset of observations
  dementia_ever NE 1
  ;
  DEFINE:
  	! assign variables to the process (A)
  a_01 = grip_01;
  a_03 = grip_03;
  a_04 = grip_04;
  	!assign variables to time points
  time_01 = years_since_bl_01;
  time_03 = years_since_bl_03;
  time_04 = years_since_bl_04;
  	
  ANALYSIS: TYPE = RANDOM COMPLEX;
  COVERAGE=.00;
  MODEL:
  	!first-level equation
  	! assign process (A) to time points
  ia sa | a_01 AT time_01 ;
  ia sa | a_03 AT time_03 ;
  ia sa | a_04 AT time_04 ;
  	!variance of the first-level terms
  ia (v_ia);
  sa (v_sa);
  	!covariance among first-level terms
  ia WITH sa (c_iasa);
  	!second-level equation
  ia sa ON age_c80
  edu_c7
  female;
  	!residual covariance of process (A)
  a_01 (res_a);
  a_03 (res_a);
  a_04 (res_a);	
  SAVEDATA:
  FILE is   u1_134_aef_grip_fscores.dat;
  SAVE = FSCORES;
  RESULTS are   u1_134_aef_grip_results.dat;
  	
  OUTPUT: sampstat cinterval;
  PLOT: Type is Plot1 Plot2 Plot3;



*** WARNING
  Data set contains cases with missing on x-variables.
  These cases were not included in the analysis.
  Number of cases with missing on x-variables:  46
*** WARNING
  Data set contains cases with missing on all variables except
  x-variables.  These cases were not included in the analysis.
  Number of cases with missing on all variables except x-variables:  49
   2 WARNING(S) FOUND IN THE INPUT INSTRUCTIONS




Script produced from the prototype in ./sandbox/syntax-creator/

SUMMARY OF ANALYSIS

Number of groups                                                 1
Number of observations                                         445

Number of dependent variables                                    3
Number of independent variables                                  3
Number of continuous latent variables                            2

Observed dependent variables

  Continuous
   A_01        A_03        A_04

Observed independent variables
   AGE_C80     EDU_C7      FEMALE

Continuous latent variables
   IA          SA

Variables with special functions

  Cluster variable      PAIRID
  Weight variable       _WEIGHT

  Time scores
   TIME_01     TIME_03     TIME_04


Estimator                                                      MLR
Information matrix                                        OBSERVED
Maximum number of iterations                                   100
Convergence criterion                                    0.100D-05
Maximum number of EM iterations                                500
Convergence criteria for the EM algorithm
  Loglikelihood change                                   0.100D-02
  Relative loglikelihood change                          0.100D-05
  Derivative                                             0.100D-03
Minimum variance                                         0.100D-03
Maximum number of steepest descent iterations                   20
Maximum number of iterations for H1                           2000
Convergence criterion for H1                             0.100D-03
Optimization algorithm                                         EMA

Input data file(s)
  wide-dataset.dat
Input data format  FREE



SAMPLE STATISTICS


     ESTIMATED SAMPLE STATISTICS


           Means
              A_01          A_03          A_04          AGE_C80       EDU_C7
              ________      ________      ________      ________      ________
 1              9.035         7.454         6.755         3.343         0.256


           Means
              FEMALE
              ________
 1              0.652


           Covariances
              A_01          A_03          A_04          AGE_C80       EDU_C7
              ________      ________      ________      ________      ________
 A_01           8.347
 A_03           6.433         8.319
 A_04           6.330         6.776         7.939
 AGE_C80       -2.441        -3.141        -3.250         9.706
 EDU_C7         0.699         0.618         0.654        -0.668         5.979
 FEMALE        -0.611        -0.534        -0.490         0.120        -0.118


           Covariances
              FEMALE
              ________
 FEMALE         0.227


           Correlations
              A_01          A_03          A_04          AGE_C80       EDU_C7
              ________      ________      ________      ________      ________
 A_01           1.000
 A_03           0.772         1.000
 A_04           0.778         0.834         1.000
 AGE_C80       -0.271        -0.350        -0.370         1.000
 EDU_C7         0.099         0.088         0.095        -0.088         1.000
 FEMALE        -0.444        -0.388        -0.365         0.081        -0.101


           Correlations
              FEMALE
              ________
 FEMALE         1.000


     MAXIMUM LOG-LIKELIHOOD VALUE FOR THE UNRESTRICTED (H1) MODEL IS -6019.003


UNIVARIATE HIGHER-ORDER MOMENT DESCRIPTIVE STATISTICS


     UNIVARIATE HIGHER-ORDER MOMENT DESCRIPTIVE STATISTICS

         Variable/         Mean/     Skewness/   Minimum/ % with                Percentiles
        Sample Size      Variance    Kurtosis    Maximum  Min/Max      20%/60%    40%/80%    Median

     A_01                  9.065       0.159       0.000    0.52%       6.960      8.120      8.700
             574.000       8.309       0.499      18.850    0.17%       9.280     11.455
     A_03                  7.722       0.240       0.000    2.49%       4.930      6.815      7.250
             402.000       7.635       0.651      17.400    0.25%       7.830      9.860
     A_04                  7.065       0.008       0.000    4.48%       4.930      6.090      6.670
             290.000       7.065       0.601      14.500    0.34%       7.250      8.990
     AGE_C80               3.343       1.551      -0.630    0.16%       0.877      1.805      2.332
             607.000       9.706       3.311      17.918    0.16%       3.181      5.784
     EDU_C7                0.256       2.224      -7.000    0.16%      -1.000     -1.000     -1.000
             607.000       5.979       7.792      16.000    0.16%       0.000      1.000
     FEMALE                0.652      -0.637       0.000   34.43%       0.000      1.000      1.000
             607.000       0.227      -1.595       1.000   65.57%       1.000      1.000


THE MODEL ESTIMATION TERMINATED NORMALLY



MODEL FIT INFORMATION

Number of Free Parameters                       12

Loglikelihood

          H0 Value                       -1951.859
          H0 Scaling Correction Factor      1.3100
            for MLR

Information Criteria

          Akaike (AIC)                    3927.719
          Bayesian (BIC)                  3976.896
          Sample-Size Adjusted BIC        3938.813
            (n* = (n + 2) / 24)



MODEL RESULTS

                                                    Two-Tailed
                    Estimate       S.E.  Est./S.E.    P-Value

 IA         ON
    AGE_C80           -0.218      0.041     -5.377      0.000
    EDU_C7             0.042      0.049      0.848      0.396
    FEMALE            -2.560      0.303     -8.441      0.000

 SA         ON
    AGE_C80           -0.016      0.009     -1.802      0.072
    EDU_C7            -0.002      0.009     -0.247      0.805
    FEMALE             0.099      0.049      1.995      0.046

 IA       WITH
    SA                -0.062      0.062     -0.994      0.320

 Intercepts
    A_01               0.000      0.000    999.000    999.000
    A_03               0.000      0.000    999.000    999.000
    A_04               0.000      0.000    999.000    999.000
    IA                11.419      0.308     37.080      0.000
    SA                -0.391      0.044     -8.924      0.000

 Residual Variances
    A_01               1.467      0.202      7.246      0.000
    A_03               1.467      0.202      7.246      0.000
    A_04               1.467      0.202      7.246      0.000
    IA                 4.741      0.578      8.204      0.000
    SA                 0.021      0.015      1.393      0.164


QUALITY OF NUMERICAL RESULTS

     Condition Number for the Information Matrix              0.527E-03
       (ratio of smallest to largest eigenvalue)


CONFIDENCE INTERVALS OF MODEL RESULTS

                  Lower .5%  Lower 2.5%    Lower 5%    Estimate    Upper 5%  Upper 2.5%   Upper .5%

 IA       ON
    AGE_C80         -0.323      -0.298      -0.285      -0.218      -0.152      -0.139      -0.114
    EDU_C7          -0.085      -0.055      -0.039       0.042       0.122       0.138       0.168
    FEMALE          -3.341      -3.155      -3.059      -2.560      -2.061      -1.966      -1.779

 SA       ON
    AGE_C80         -0.040      -0.034      -0.031      -0.016      -0.001       0.001       0.007
    EDU_C7          -0.024      -0.019      -0.016      -0.002       0.012       0.015       0.020
    FEMALE          -0.029       0.002       0.017       0.099       0.180       0.196       0.226

 IA       WITH
    SA              -0.221      -0.183      -0.164      -0.062       0.040       0.060       0.098

 Intercepts
    A_01             0.000       0.000       0.000       0.000       0.000       0.000       0.000
    A_03             0.000       0.000       0.000       0.000       0.000       0.000       0.000
    A_04             0.000       0.000       0.000       0.000       0.000       0.000       0.000
    IA              10.625      10.815      10.912      11.419      11.925      12.022      12.212
    SA              -0.504      -0.477      -0.463      -0.391      -0.319      -0.305      -0.278

 Residual Variances
    A_01             0.946       1.070       1.134       1.467       1.800       1.864       1.989
    A_03             0.946       1.070       1.134       1.467       1.800       1.864       1.989
    A_04             0.946       1.070       1.134       1.467       1.800       1.864       1.989
    IA               3.252       3.608       3.790       4.741       5.691       5.873       6.229
    SA              -0.018      -0.009      -0.004       0.021       0.047       0.052       0.061


SAMPLE STATISTICS FOR ESTIMATED FACTOR SCORES


     SAMPLE STATISTICS


           Means
              IA            IA_SE         SA            SA_SE
              ________      ________      ________      ________
 1              8.867         0.908        -0.389         0.137


           Covariances
              IA            IA_SE         SA            SA_SE
              ________      ________      ________      ________
 IA             6.470
 IA_SE         -0.059         0.017
 SA            -0.048         0.000         0.008
 SA_SE         -0.003         0.001         0.000         0.000


           Correlations
              IA            IA_SE         SA            SA_SE
              ________      ________      ________      ________
 IA             1.000
 IA_SE         -0.178         1.000
 SA            -0.210        -0.016         1.000
 SA_SE         -0.167         0.935        -0.069         1.000


RESULTS SAVING INFORMATION

  Order of data

    Parameter estimates
     (saved in order shown in Technical 1 output)
    Standard errors
     (saved in order shown in Technical 1 output)
    H0 Loglikelihood
    H0 Scaling Correction Factor for MLR
    Number of Free Parameters
    Akaike (AIC)
    Bayesian (BIC)
    Sample-Size Adjusted BIC

  Save file
    u1_134_aef_grip_results.dat

  Save file format           Free


PLOT INFORMATION

The following plots are available:

  Histograms (sample values, estimated factor scores)
  Scatterplots (sample values, estimated factor scores)
  Latent variable distribution plots

SAVEDATA INFORMATION


  Save file
    u1_134_aef_grip_fscores.dat

  Order and format of variables

    A_01           F10.3
    A_03           F10.3
    A_04           F10.3
    AGE_C80        F10.3
    EDU_C7         F10.3
    FEMALE         F10.3
    TIME_01        F10.3
    TIME_03        F10.3
    TIME_04        F10.3
    _WEIGHT        F10.3
    IA             F10.3
    IA_SE          F10.3
    SA             F10.3
    SA_SE          F10.3
    PAIRID         I6

  Save file format
    14F10.3 I6

  Save file record length    10000


     Beginning Time:  11:45:28
        Ending Time:  11:45:28
       Elapsed Time:  00:00:00



MUTHEN & MUTHEN
3463 Stoner Ave.
Los Angeles, CA  90066

Tel: (310) 391-9971
Fax: (310) 391-8971
Web: www.StatModel.com
Support: Support@StatModel.com

Copyright (c) 1998-2014 Muthen & Muthen
