Mplus VERSION 7.3
MUTHEN & MUTHEN
12/17/2016  11:45 AM

INPUT INSTRUCTIONS

  TITLE:
  Script produced from the prototype in ./sandbox/syntax-creator/
  DATA:
  File = wide-dataset.dat ;
  VARIABLE:
  NAMES are
   Case PairID female age_c80 edu_c7 sbp_c167 smoke cardio diabetes dementia_ever
      years_since_bl_01 years_since_bl_02 years_since_bl_03 years_since_bl_04
      years_since_bl_05 pef_01 pef_02 pef_03 pef_04 pef_05 grip_01 grip_02 grip_03
      grip_04 grip_05 gait_01 gait_02 gait_03 gait_04 gait_05 block_01 block_02
      block_03 block_04 block_05 digitspanbackward_01 digitspanbackward_02
      digitspanbackward_03 digitspanbackward_04 digitspanbackward_05
      digitspanforward_01 digitspanforward_02 digitspanforward_03 digitspanforward_04
      digitspanforward_05 symbol_01 symbol_02 symbol_03 symbol_04 symbol_05 prose_01
      prose_02 prose_03 prose_04 prose_05 info_01 info_02 info_03 info_04 info_05
      synonyms_01 synonyms_02 synonyms_03 synonyms_04 synonyms_05 psif_01 psif_02
      psif_03 psif_04 psif_05 figure_01 figure_02 figure_03 figure_04 figure_05
      mirrecall_01 mirrecall_02 mirrecall_03 mirrecall_04 mirrecall_05 mmse_01 mmse_02
      mmse_03 mmse_04 mmse_05 mirnaming_01 mirnaming_02 mirnaming_03 mirnaming_04
      mirnaming_05 mirrecog_01 mirrecog_02 mirrecog_03 mirrecog_04 mirrecog_05
      clock_01 clock_02 clock_03 clock_04 clock_05
  	;
  Missing are all (-9999);
  USEVARIABLES are
  	!define the variables used in the analysis
  	! covariates used in the model
  age_c80
  edu_c7	
  	!estimated time points
  time_01
  time_02
  time_05
  	!modelled time points of process (A)
  a_01
  a_02
  a_05
  ;
  TSCORES are
  	!estimated time points
  time_01
  time_02
  time_05;
  CLUSTER = PairID;
  SUBPOPULATION are
  	!select a subset of observations
  dementia_ever NE 1
  ;
  DEFINE:
  	! assign variables to the process (A)
  a_01 = grip_01;
  a_02 = grip_02;
  a_05 = grip_05;
  	!assign variables to time points
  time_01 = years_since_bl_01;
  time_02 = years_since_bl_02;
  time_05 = years_since_bl_05;
  	
  ANALYSIS: TYPE = RANDOM COMPLEX;
  COVERAGE=.00;
  MODEL:
  	!first-level equation
  	! assign process (A) to time points
  ia sa | a_01 AT time_01 ;
  ia sa | a_02 AT time_02 ;
  ia sa | a_05 AT time_05 ;
  	!variance of the first-level terms
  ia (v_ia);
  sa (v_sa);
  	!covariance among first-level terms
  ia WITH sa (c_iasa);
  	!second-level equation
  ia sa ON age_c80
  edu_c7;
  	!residual covariance of process (A)
  a_01 (res_a);
  a_02 (res_a);
  a_05 (res_a);	
  SAVEDATA:
  FILE is   u1_125_ae_grip_fscores.dat;
  SAVE = FSCORES;
  RESULTS are   u1_125_ae_grip_results.dat;
  	
  OUTPUT: sampstat cinterval;
  PLOT: Type is Plot1 Plot2 Plot3;



*** WARNING
  Data set contains cases with missing on x-variables.
  These cases were not included in the analysis.
  Number of cases with missing on x-variables:  46
*** WARNING
  Data set contains cases with missing on all variables except
  x-variables.  These cases were not included in the analysis.
  Number of cases with missing on all variables except x-variables:  37
   2 WARNING(S) FOUND IN THE INPUT INSTRUCTIONS




Script produced from the prototype in ./sandbox/syntax-creator/

SUMMARY OF ANALYSIS

Number of groups                                                 1
Number of observations                                         449

Number of dependent variables                                    3
Number of independent variables                                  2
Number of continuous latent variables                            2

Observed dependent variables

  Continuous
   A_01        A_02        A_05

Observed independent variables
   AGE_C80     EDU_C7

Continuous latent variables
   IA          SA

Variables with special functions

  Cluster variable      PAIRID
  Weight variable       _WEIGHT

  Time scores
   TIME_01     TIME_02     TIME_05


Estimator                                                      MLR
Information matrix                                        OBSERVED
Maximum number of iterations                                   100
Convergence criterion                                    0.100D-05
Maximum number of EM iterations                                500
Convergence criteria for the EM algorithm
  Loglikelihood change                                   0.100D-02
  Relative loglikelihood change                          0.100D-05
  Derivative                                             0.100D-03
Minimum variance                                         0.100D-03
Maximum number of steepest descent iterations                   20
Maximum number of iterations for H1                           2000
Convergence criterion for H1                             0.100D-03
Optimization algorithm                                         EMA

Input data file(s)
  wide-dataset.dat
Input data format  FREE



SAMPLE STATISTICS


     ESTIMATED SAMPLE STATISTICS


           Means
              A_01          A_02          A_05          AGE_C80       EDU_C7
              ________      ________      ________      ________      ________
 1              9.007         8.207         6.237         3.378         0.256


           Covariances
              A_01          A_02          A_05          AGE_C80       EDU_C7
              ________      ________      ________      ________      ________
 A_01           8.333
 A_02           6.375         7.504
 A_05           5.562         5.783         7.246
 AGE_C80       -2.548        -2.279        -2.336         9.928
 EDU_C7         0.702         0.943         0.765        -0.725         5.981


           Correlations
              A_01          A_02          A_05          AGE_C80       EDU_C7
              ________      ________      ________      ________      ________
 A_01           1.000
 A_02           0.806         1.000
 A_05           0.716         0.784         1.000
 AGE_C80       -0.280        -0.264        -0.275         1.000
 EDU_C7         0.099         0.141         0.116        -0.094         1.000


     MAXIMUM LOG-LIKELIHOOD VALUE FOR THE UNRESTRICTED (H1) MODEL IS -5833.926


UNIVARIATE HIGHER-ORDER MOMENT DESCRIPTIVE STATISTICS


     UNIVARIATE HIGHER-ORDER MOMENT DESCRIPTIVE STATISTICS

         Variable/         Mean/     Skewness/   Minimum/ % with                Percentiles
        Sample Size      Variance    Kurtosis    Maximum  Min/Max      20%/60%    40%/80%    Median

     A_01                  9.065       0.159       0.000    0.52%       6.960      8.120      8.700
             574.000       8.309       0.499      18.850    0.17%       9.280     11.455
     A_02                  8.342       0.063       0.000    1.17%       6.090      7.395      8.120
             512.000       7.201       0.661      19.140    0.20%       8.700     10.295
     A_05                  6.522       0.041       0.000    0.97%       4.350      5.510      6.090
             207.000       6.716       0.135      17.400    0.48%       6.960      8.410
     AGE_C80               3.378       1.545      -0.630    0.16%       0.887      1.819      2.441
             619.000       9.928       3.177      17.918    0.16%       3.258      5.784
     EDU_C7                0.256       2.208      -7.000    0.16%      -1.000     -1.000     -1.000
             619.000       5.981       7.705      16.000    0.16%       0.000      1.000


THE MODEL ESTIMATION TERMINATED NORMALLY



MODEL FIT INFORMATION

Number of Free Parameters                       10

Loglikelihood

          H0 Value                       -2044.724
          H0 Scaling Correction Factor      1.3340
            for MLR

Information Criteria

          Akaike (AIC)                    4109.447
          Bayesian (BIC)                  4150.518
          Sample-Size Adjusted BIC        4118.781
            (n* = (n + 2) / 24)



MODEL RESULTS

                                                    Two-Tailed
                    Estimate       S.E.  Est./S.E.    P-Value

 IA         ON
    AGE_C80           -0.242      0.046     -5.285      0.000
    EDU_C7             0.100      0.047      2.117      0.034

 SA         ON
    AGE_C80            0.003      0.008      0.427      0.670
    EDU_C7             0.002      0.010      0.245      0.806

 IA       WITH
    SA                -0.142      0.060     -2.345      0.019

 Intercepts
    A_01               0.000      0.000    999.000    999.000
    A_02               0.000      0.000    999.000    999.000
    A_05               0.000      0.000    999.000    999.000
    IA                 9.763      0.228     42.893      0.000
    SA                -0.355      0.028    -12.508      0.000

 Residual Variances
    A_01               1.442      0.159      9.093      0.000
    A_02               1.442      0.159      9.093      0.000
    A_05               1.442      0.159      9.093      0.000
    IA                 6.082      0.597     10.191      0.000
    SA                 0.021      0.012      1.791      0.073


QUALITY OF NUMERICAL RESULTS

     Condition Number for the Information Matrix              0.117E-02
       (ratio of smallest to largest eigenvalue)


CONFIDENCE INTERVALS OF MODEL RESULTS

                  Lower .5%  Lower 2.5%    Lower 5%    Estimate    Upper 5%  Upper 2.5%   Upper .5%

 IA       ON
    AGE_C80         -0.359      -0.331      -0.317      -0.242      -0.166      -0.152      -0.124
    EDU_C7          -0.022       0.007       0.022       0.100       0.178       0.193       0.222

 SA       ON
    AGE_C80         -0.016      -0.012      -0.009       0.003       0.016       0.018       0.023
    EDU_C7          -0.022      -0.016      -0.013       0.002       0.018       0.021       0.027

 IA       WITH
    SA              -0.297      -0.260      -0.241      -0.142      -0.042      -0.023       0.014

 Intercepts
    A_01             0.000       0.000       0.000       0.000       0.000       0.000       0.000
    A_02             0.000       0.000       0.000       0.000       0.000       0.000       0.000
    A_05             0.000       0.000       0.000       0.000       0.000       0.000       0.000
    IA               9.177       9.317       9.389       9.763      10.138      10.209      10.349
    SA              -0.428      -0.411      -0.402      -0.355      -0.309      -0.300      -0.282

 Residual Variances
    A_01             1.033       1.131       1.181       1.442       1.703       1.753       1.850
    A_02             1.033       1.131       1.181       1.442       1.703       1.753       1.850
    A_05             1.033       1.131       1.181       1.442       1.703       1.753       1.850
    IA               4.544       4.912       5.100       6.082       7.063       7.251       7.619
    SA              -0.009      -0.002       0.002       0.021       0.041       0.045       0.052


SAMPLE STATISTICS FOR ESTIMATED FACTOR SCORES


     SAMPLE STATISTICS


           Means
              IA            IA_SE         SA            SA_SE
              ________      ________      ________      ________
 1              8.861         0.882        -0.346         0.131


           Covariances
              IA            IA_SE         SA            SA_SE
              ________      ________      ________      ________
 IA             6.441
 IA_SE         -0.055         0.016
 SA            -0.114         0.001         0.004
 SA_SE         -0.003         0.001         0.000         0.000


           Correlations
              IA            IA_SE         SA            SA_SE
              ________      ________      ________      ________
 IA             1.000
 IA_SE         -0.169         1.000
 SA            -0.675         0.156         1.000
 SA_SE         -0.121         0.540         0.101         1.000


RESULTS SAVING INFORMATION

  Order of data

    Parameter estimates
     (saved in order shown in Technical 1 output)
    Standard errors
     (saved in order shown in Technical 1 output)
    H0 Loglikelihood
    H0 Scaling Correction Factor for MLR
    Number of Free Parameters
    Akaike (AIC)
    Bayesian (BIC)
    Sample-Size Adjusted BIC

  Save file
    u1_125_ae_grip_results.dat

  Save file format           Free


PLOT INFORMATION

The following plots are available:

  Histograms (sample values, estimated factor scores)
  Scatterplots (sample values, estimated factor scores)
  Latent variable distribution plots

SAVEDATA INFORMATION


  Save file
    u1_125_ae_grip_fscores.dat

  Order and format of variables

    A_01           F10.3
    A_02           F10.3
    A_05           F10.3
    AGE_C80        F10.3
    EDU_C7         F10.3
    TIME_01        F10.3
    TIME_02        F10.3
    TIME_05        F10.3
    _WEIGHT        F10.3
    IA             F10.3
    IA_SE          F10.3
    SA             F10.3
    SA_SE          F10.3
    PAIRID         I6

  Save file format
    13F10.3 I6

  Save file record length    10000


     Beginning Time:  11:45:21
        Ending Time:  11:45:22
       Elapsed Time:  00:00:01



MUTHEN & MUTHEN
3463 Stoner Ave.
Los Angeles, CA  90066

Tel: (310) 391-9971
Fax: (310) 391-8971
Web: www.StatModel.com
Support: Support@StatModel.com

Copyright (c) 1998-2014 Muthen & Muthen
