Mplus VERSION 7.3
MUTHEN & MUTHEN
12/17/2016  11:45 AM

INPUT INSTRUCTIONS

  TITLE:
  Script produced from the prototype in ./sandbox/syntax-creator/
  DATA:
  File = wide-dataset.dat ;
  VARIABLE:
  NAMES are
   Case PairID female age_c80 edu_c7 sbp_c167 smoke cardio diabetes dementia_ever
      years_since_bl_01 years_since_bl_02 years_since_bl_03 years_since_bl_04
      years_since_bl_05 pef_01 pef_02 pef_03 pef_04 pef_05 grip_01 grip_02 grip_03
      grip_04 grip_05 gait_01 gait_02 gait_03 gait_04 gait_05 block_01 block_02
      block_03 block_04 block_05 digitspanbackward_01 digitspanbackward_02
      digitspanbackward_03 digitspanbackward_04 digitspanbackward_05
      digitspanforward_01 digitspanforward_02 digitspanforward_03 digitspanforward_04
      digitspanforward_05 symbol_01 symbol_02 symbol_03 symbol_04 symbol_05 prose_01
      prose_02 prose_03 prose_04 prose_05 info_01 info_02 info_03 info_04 info_05
      synonyms_01 synonyms_02 synonyms_03 synonyms_04 synonyms_05 psif_01 psif_02
      psif_03 psif_04 psif_05 figure_01 figure_02 figure_03 figure_04 figure_05
      mirrecall_01 mirrecall_02 mirrecall_03 mirrecall_04 mirrecall_05 mmse_01 mmse_02
      mmse_03 mmse_04 mmse_05 mirnaming_01 mirnaming_02 mirnaming_03 mirnaming_04
      mirnaming_05 mirrecog_01 mirrecog_02 mirrecog_03 mirrecog_04 mirrecog_05
      clock_01 clock_02 clock_03 clock_04 clock_05
  	;
  Missing are all (-9999);
  USEVARIABLES are
  	!define the variables used in the analysis
  	! covariates used in the model
  age_c80
  edu_c7
  female
  sbp_c167	
  	!estimated time points
  time_01
  time_02
  time_03
  time_04
  time_05
  	!modelled time points of process (A)
  a_01
  a_02
  a_03
  a_04
  a_05
  ;
  TSCORES are
  	!estimated time points
  time_01
  time_02
  time_03
  time_04
  time_05;
  CLUSTER = PairID;
  SUBPOPULATION are
  	!select a subset of observations
  dementia_ever NE 1
  ;
  DEFINE:
  	! assign variables to the process (A)
  a_01 = grip_01;
  a_02 = grip_02;
  a_03 = grip_03;
  a_04 = grip_04;
  a_05 = grip_05;
  	!assign variables to time points
  time_01 = years_since_bl_01;
  time_02 = years_since_bl_02;
  time_03 = years_since_bl_03;
  time_04 = years_since_bl_04;
  time_05 = years_since_bl_05;
  	
  ANALYSIS: TYPE = RANDOM COMPLEX;
  COVERAGE=.00;
  MODEL:
  	!first-level equation
  	! assign process (A) to time points
  ia sa | a_01 AT time_01 ;
  ia sa | a_02 AT time_02 ;
  ia sa | a_03 AT time_03 ;
  ia sa | a_04 AT time_04 ;
  ia sa | a_05 AT time_05 ;
  	!variance of the first-level terms
  ia (v_ia);
  sa (v_sa);
  	!covariance among first-level terms
  ia WITH sa (c_iasa);
  	!second-level equation
  ia sa ON age_c80
  edu_c7
  female
  sbp_c167;
  	!residual covariance of process (A)
  a_01 (res_a);
  a_02 (res_a);
  a_03 (res_a);
  a_04 (res_a);
  a_05 (res_a);	
  SAVEDATA:
  FILE is   u1_12345_aefb_grip_fscores.dat;
  SAVE = FSCORES;
  RESULTS are   u1_12345_aefb_grip_results.dat;
  	
  OUTPUT: sampstat cinterval;
  PLOT: Type is Plot1 Plot2 Plot3;



*** WARNING
  Data set contains cases with missing on x-variables.
  These cases were not included in the analysis.
  Number of cases with missing on x-variables:  92
*** WARNING
  Data set contains cases with missing on all variables except
  x-variables.  These cases were not included in the analysis.
  Number of cases with missing on all variables except x-variables:  23
   2 WARNING(S) FOUND IN THE INPUT INSTRUCTIONS




Script produced from the prototype in ./sandbox/syntax-creator/

SUMMARY OF ANALYSIS

Number of groups                                                 1
Number of observations                                         430

Number of dependent variables                                    5
Number of independent variables                                  4
Number of continuous latent variables                            2

Observed dependent variables

  Continuous
   A_01        A_02        A_03        A_04        A_05

Observed independent variables
   AGE_C80     EDU_C7      FEMALE      SBP_C167

Continuous latent variables
   IA          SA

Variables with special functions

  Cluster variable      PAIRID
  Weight variable       _WEIGHT

  Time scores
   TIME_01     TIME_02     TIME_03     TIME_04     TIME_05


Estimator                                                      MLR
Information matrix                                        OBSERVED
Maximum number of iterations                                   100
Convergence criterion                                    0.100D-05
Maximum number of EM iterations                                500
Convergence criteria for the EM algorithm
  Loglikelihood change                                   0.100D-02
  Relative loglikelihood change                          0.100D-05
  Derivative                                             0.100D-03
Minimum variance                                         0.100D-03
Maximum number of steepest descent iterations                   20
Maximum number of iterations for H1                           2000
Convergence criterion for H1                             0.100D-03
Optimization algorithm                                         EMA

Input data file(s)
  wide-dataset.dat
Input data format  FREE



SAMPLE STATISTICS


     ESTIMATED SAMPLE STATISTICS


           Means
              A_01          A_02          A_03          A_04          A_05
              ________      ________      ________      ________      ________
 1              9.166         8.329         7.537         6.830         6.207


           Means
              AGE_C80       EDU_C7        FEMALE        SBP_C167
              ________      ________      ________      ________
 1              3.331         0.279         0.649        -6.384


           Covariances
              A_01          A_02          A_03          A_04          A_05
              ________      ________      ________      ________      ________
 A_01           7.836
 A_02           5.922         7.071
 A_03           5.782         6.010         7.673
 A_04           5.727         5.862         6.145         7.344
 A_05           5.330         5.541         5.739         6.067         7.411
 AGE_C80       -2.294        -2.077        -2.718        -2.741        -2.630
 EDU_C7         0.533         0.815         0.500         0.536         0.640
 FEMALE        -0.632        -0.549        -0.524        -0.505        -0.466
 SBP_C167       2.625         1.410        -1.050        -2.055        -1.265


           Covariances
              AGE_C80       EDU_C7        FEMALE        SBP_C167
              ________      ________      ________      ________
 AGE_C80        9.141
 EDU_C7        -0.535         6.071
 FEMALE         0.113        -0.116         0.228
 SBP_C167      -5.466         1.084         0.670       492.353


           Correlations
              A_01          A_02          A_03          A_04          A_05
              ________      ________      ________      ________      ________
 A_01           1.000
 A_02           0.796         1.000
 A_03           0.746         0.816         1.000
 A_04           0.755         0.813         0.819         1.000
 A_05           0.699         0.765         0.761         0.822         1.000
 AGE_C80       -0.271        -0.258        -0.325        -0.335        -0.320
 EDU_C7         0.077         0.124         0.073         0.080         0.095
 FEMALE        -0.473        -0.432        -0.396        -0.390        -0.359
 SBP_C167       0.042         0.024        -0.017        -0.034        -0.021


           Correlations
              AGE_C80       EDU_C7        FEMALE        SBP_C167
              ________      ________      ________      ________
 AGE_C80        1.000
 EDU_C7        -0.072         1.000
 FEMALE         0.078        -0.099         1.000
 SBP_C167      -0.081         0.020         0.063         1.000


     MAXIMUM LOG-LIKELIHOOD VALUE FOR THE UNRESTRICTED (H1) MODEL IS -9661.430


UNIVARIATE HIGHER-ORDER MOMENT DESCRIPTIVE STATISTICS


     UNIVARIATE HIGHER-ORDER MOMENT DESCRIPTIVE STATISTICS

         Variable/         Mean/     Skewness/   Minimum/ % with                Percentiles
        Sample Size      Variance    Kurtosis    Maximum  Min/Max      20%/60%    40%/80%    Median

     A_01                  9.208       0.236       0.000    0.36%       6.960      8.120      8.700
             552.000       7.843       0.507      18.850    0.18%       9.425     11.600
     A_02                  8.430       0.101       0.000    1.22%       6.090      7.395      8.120
             490.000       6.943       0.755      19.140    0.20%       8.700     10.440
     A_03                  7.820       0.311       0.000    2.31%       5.220      6.960      7.250
             390.000       7.295       0.725      17.400    0.26%       7.830      9.860
     A_04                  7.111       0.058       0.000    3.53%       4.930      6.090      6.670
             283.000       6.903       0.576      14.500    0.35%       7.250      8.990
     A_05                  6.548       0.041       0.000    0.98%       4.350      5.510      6.090
             205.000       6.642       0.173      17.400    0.49%       6.960      8.410
     AGE_C80               3.331       1.359      -0.630    0.17%       0.877      1.811      2.409
             587.000       9.141       2.255      17.918    0.17%       3.194      5.701
     EDU_C7                0.279       2.230      -7.000    0.17%      -1.000     -1.000     -1.000
             587.000       6.071       7.702      16.000    0.17%       0.000      1.000
     FEMALE                0.649      -0.624       0.000   34.75%       0.000      1.000      1.000
             587.000       0.228      -1.611       1.000   65.25%       1.000      1.000
     SBP_C167             -6.384       0.380     -57.000    1.53%     -27.000    -12.000     -7.000
             587.000     492.353       0.758      93.000    0.17%      -7.000     13.000


THE MODEL ESTIMATION TERMINATED NORMALLY



MODEL FIT INFORMATION

Number of Free Parameters                       14

Loglikelihood

          H0 Value                       -2775.491
          H0 Scaling Correction Factor      1.2764
            for MLR

Information Criteria

          Akaike (AIC)                    5578.982
          Bayesian (BIC)                  5635.875
          Sample-Size Adjusted BIC        5591.448
            (n* = (n + 2) / 24)



MODEL RESULTS

                                                    Two-Tailed
                    Estimate       S.E.  Est./S.E.    P-Value

 IA         ON
    AGE_C80           -0.201      0.038     -5.338      0.000
    EDU_C7             0.032      0.044      0.729      0.466
    FEMALE            -2.619      0.267     -9.820      0.000
    SBP_C167           0.006      0.005      1.205      0.228

 SA         ON
    AGE_C80           -0.011      0.008     -1.427      0.153
    EDU_C7             0.000      0.008      0.021      0.983
    FEMALE             0.110      0.042      2.597      0.009
    SBP_C167          -0.002      0.001     -2.155      0.031

 IA       WITH
    SA                -0.062      0.041     -1.519      0.129

 Intercepts
    A_01               0.000      0.000    999.000    999.000
    A_02               0.000      0.000    999.000    999.000
    A_03               0.000      0.000    999.000    999.000
    A_04               0.000      0.000    999.000    999.000
    A_05               0.000      0.000    999.000    999.000
    IA                11.536      0.268     43.102      0.000
    SA                -0.424      0.037    -11.608      0.000

 Residual Variances
    A_01               1.391      0.115     12.095      0.000
    A_02               1.391      0.115     12.095      0.000
    A_03               1.391      0.115     12.095      0.000
    A_04               1.391      0.115     12.095      0.000
    A_05               1.391      0.115     12.095      0.000
    IA                 4.205      0.441      9.543      0.000
    SA                 0.025      0.010      2.536      0.011


QUALITY OF NUMERICAL RESULTS

     Condition Number for the Information Matrix              0.459E-03
       (ratio of smallest to largest eigenvalue)


CONFIDENCE INTERVALS OF MODEL RESULTS

                  Lower .5%  Lower 2.5%    Lower 5%    Estimate    Upper 5%  Upper 2.5%   Upper .5%

 IA       ON
    AGE_C80         -0.298      -0.275      -0.263      -0.201      -0.139      -0.127      -0.104
    EDU_C7          -0.081      -0.054      -0.040       0.032       0.104       0.117       0.144
    FEMALE          -3.306      -3.142      -3.058      -2.619      -2.180      -2.096      -1.932
    SBP_C167        -0.007      -0.004      -0.002       0.006       0.014       0.016       0.019

 SA       ON
    AGE_C80         -0.032      -0.027      -0.024      -0.011       0.002       0.004       0.009
    EDU_C7          -0.019      -0.015      -0.012       0.000       0.013       0.015       0.020
    FEMALE           0.001       0.027       0.040       0.110       0.179       0.192       0.218
    SBP_C167        -0.003      -0.003      -0.003      -0.002       0.000       0.000       0.000

 IA       WITH
    SA              -0.168      -0.143      -0.130      -0.062       0.005       0.018       0.043

 Intercepts
    A_01             0.000       0.000       0.000       0.000       0.000       0.000       0.000
    A_02             0.000       0.000       0.000       0.000       0.000       0.000       0.000
    A_03             0.000       0.000       0.000       0.000       0.000       0.000       0.000
    A_04             0.000       0.000       0.000       0.000       0.000       0.000       0.000
    A_05             0.000       0.000       0.000       0.000       0.000       0.000       0.000
    IA              10.847      11.011      11.096      11.536      11.976      12.061      12.225
    SA              -0.518      -0.495      -0.484      -0.424      -0.364      -0.352      -0.330

 Residual Variances
    A_01             1.095       1.165       1.202       1.391       1.580       1.616       1.687
    A_02             1.095       1.165       1.202       1.391       1.580       1.616       1.687
    A_03             1.095       1.165       1.202       1.391       1.580       1.616       1.687
    A_04             1.095       1.165       1.202       1.391       1.580       1.616       1.687
    A_05             1.095       1.165       1.202       1.391       1.580       1.616       1.687
    IA               3.070       3.342       3.480       4.205       4.930       5.069       5.340
    SA               0.000       0.006       0.009       0.025       0.042       0.045       0.051


SAMPLE STATISTICS FOR ESTIMATED FACTOR SCORES


     SAMPLE STATISTICS


           Means
              IA            IA_SE         SA            SA_SE
              ________      ________      ________      ________
 1              8.979         0.780        -0.393         0.140


           Covariances
              IA            IA_SE         SA            SA_SE
              ________      ________      ________      ________
 IA             6.207
 IA_SE         -0.041         0.015
 SA            -0.067         0.001         0.012
 SA_SE         -0.005         0.001         0.000         0.000


           Correlations
              IA            IA_SE         SA            SA_SE
              ________      ________      ________      ________
 IA             1.000
 IA_SE         -0.134         1.000
 SA            -0.251         0.045         1.000
 SA_SE         -0.136         0.675        -0.118         1.000


RESULTS SAVING INFORMATION

  Order of data

    Parameter estimates
     (saved in order shown in Technical 1 output)
    Standard errors
     (saved in order shown in Technical 1 output)
    H0 Loglikelihood
    H0 Scaling Correction Factor for MLR
    Number of Free Parameters
    Akaike (AIC)
    Bayesian (BIC)
    Sample-Size Adjusted BIC

  Save file
    u1_12345_aefb_grip_results.dat

  Save file format           Free


PLOT INFORMATION

The following plots are available:

  Histograms (sample values, estimated factor scores)
  Scatterplots (sample values, estimated factor scores)
  Latent variable distribution plots

SAVEDATA INFORMATION


  Save file
    u1_12345_aefb_grip_fscores.dat

  Order and format of variables

    A_01           F10.3
    A_02           F10.3
    A_03           F10.3
    A_04           F10.3
    A_05           F10.3
    AGE_C80        F10.3
    EDU_C7         F10.3
    FEMALE         F10.3
    SBP_C167       F10.3
    TIME_01        F10.3
    TIME_02        F10.3
    TIME_03        F10.3
    TIME_04        F10.3
    TIME_05        F10.3
    _WEIGHT        F10.3
    IA             F10.3
    IA_SE          F10.3
    SA             F10.3
    SA_SE          F10.3
    PAIRID         I6

  Save file format
    19F10.3 I6

  Save file record length    10000


     Beginning Time:  11:45:00
        Ending Time:  11:45:02
       Elapsed Time:  00:00:02



MUTHEN & MUTHEN
3463 Stoner Ave.
Los Angeles, CA  90066

Tel: (310) 391-9971
Fax: (310) 391-8971
Web: www.StatModel.com
Support: Support@StatModel.com

Copyright (c) 1998-2014 Muthen & Muthen
