Mplus VERSION 7.3
MUTHEN & MUTHEN
12/17/2016  11:45 AM

INPUT INSTRUCTIONS

  TITLE:
  Script produced from the prototype in ./sandbox/syntax-creator/
  DATA:
  File = wide-dataset.dat ;
  VARIABLE:
  NAMES are
   Case PairID female age_c80 edu_c7 sbp_c167 smoke cardio diabetes dementia_ever
      years_since_bl_01 years_since_bl_02 years_since_bl_03 years_since_bl_04
      years_since_bl_05 pef_01 pef_02 pef_03 pef_04 pef_05 grip_01 grip_02 grip_03
      grip_04 grip_05 gait_01 gait_02 gait_03 gait_04 gait_05 block_01 block_02
      block_03 block_04 block_05 digitspanbackward_01 digitspanbackward_02
      digitspanbackward_03 digitspanbackward_04 digitspanbackward_05
      digitspanforward_01 digitspanforward_02 digitspanforward_03 digitspanforward_04
      digitspanforward_05 symbol_01 symbol_02 symbol_03 symbol_04 symbol_05 prose_01
      prose_02 prose_03 prose_04 prose_05 info_01 info_02 info_03 info_04 info_05
      synonyms_01 synonyms_02 synonyms_03 synonyms_04 synonyms_05 psif_01 psif_02
      psif_03 psif_04 psif_05 figure_01 figure_02 figure_03 figure_04 figure_05
      mirrecall_01 mirrecall_02 mirrecall_03 mirrecall_04 mirrecall_05 mmse_01 mmse_02
      mmse_03 mmse_04 mmse_05 mirnaming_01 mirnaming_02 mirnaming_03 mirnaming_04
      mirnaming_05 mirrecog_01 mirrecog_02 mirrecog_03 mirrecog_04 mirrecog_05
      clock_01 clock_02 clock_03 clock_04 clock_05
  	;
  Missing are all (-9999);
  USEVARIABLES are
  	!define the variables used in the analysis
  	! covariates used in the model
  age_c80
  edu_c7
  female
  sbp_c167	
  	!estimated time points
  time_01
  time_02
  time_05
  	!modelled time points of process (A)
  a_01
  a_02
  a_05
  ;
  TSCORES are
  	!estimated time points
  time_01
  time_02
  time_05;
  CLUSTER = PairID;
  SUBPOPULATION are
  	!select a subset of observations
  dementia_ever NE 1
  ;
  DEFINE:
  	! assign variables to the process (A)
  a_01 = grip_01;
  a_02 = grip_02;
  a_05 = grip_05;
  	!assign variables to time points
  time_01 = years_since_bl_01;
  time_02 = years_since_bl_02;
  time_05 = years_since_bl_05;
  	
  ANALYSIS: TYPE = RANDOM COMPLEX;
  COVERAGE=.00;
  MODEL:
  	!first-level equation
  	! assign process (A) to time points
  ia sa | a_01 AT time_01 ;
  ia sa | a_02 AT time_02 ;
  ia sa | a_05 AT time_05 ;
  	!variance of the first-level terms
  ia (v_ia);
  sa (v_sa);
  	!covariance among first-level terms
  ia WITH sa (c_iasa);
  	!second-level equation
  ia sa ON age_c80
  edu_c7
  female
  sbp_c167;
  	!residual covariance of process (A)
  a_01 (res_a);
  a_02 (res_a);
  a_05 (res_a);	
  SAVEDATA:
  FILE is   u1_125_aefb_grip_fscores.dat;
  SAVE = FSCORES;
  RESULTS are   u1_125_aefb_grip_results.dat;
  	
  OUTPUT: sampstat cinterval;
  PLOT: Type is Plot1 Plot2 Plot3;



*** WARNING
  Data set contains cases with missing on x-variables.
  These cases were not included in the analysis.
  Number of cases with missing on x-variables:  92
*** WARNING
  Data set contains cases with missing on all variables except
  x-variables.  These cases were not included in the analysis.
  Number of cases with missing on all variables except x-variables:  24
   2 WARNING(S) FOUND IN THE INPUT INSTRUCTIONS




Script produced from the prototype in ./sandbox/syntax-creator/

SUMMARY OF ANALYSIS

Number of groups                                                 1
Number of observations                                         429

Number of dependent variables                                    3
Number of independent variables                                  4
Number of continuous latent variables                            2

Observed dependent variables

  Continuous
   A_01        A_02        A_05

Observed independent variables
   AGE_C80     EDU_C7      FEMALE      SBP_C167

Continuous latent variables
   IA          SA

Variables with special functions

  Cluster variable      PAIRID
  Weight variable       _WEIGHT

  Time scores
   TIME_01     TIME_02     TIME_05


Estimator                                                      MLR
Information matrix                                        OBSERVED
Maximum number of iterations                                   100
Convergence criterion                                    0.100D-05
Maximum number of EM iterations                                500
Convergence criteria for the EM algorithm
  Loglikelihood change                                   0.100D-02
  Relative loglikelihood change                          0.100D-05
  Derivative                                             0.100D-03
Minimum variance                                         0.100D-03
Maximum number of steepest descent iterations                   20
Maximum number of iterations for H1                           2000
Convergence criterion for H1                             0.100D-03
Optimization algorithm                                         EMA

Input data file(s)
  wide-dataset.dat
Input data format  FREE



SAMPLE STATISTICS


     ESTIMATED SAMPLE STATISTICS


           Means
              A_01          A_02          A_05          AGE_C80       EDU_C7
              ________      ________      ________      ________      ________
 1              9.164         8.342         6.365         3.338         0.282


           Means
              FEMALE        SBP_C167
              ________      ________
 1              0.650        -6.394


           Covariances
              A_01          A_02          A_05          AGE_C80       EDU_C7
              ________      ________      ________      ________      ________
 A_01           7.870
 A_02           5.948         7.082
 A_05           5.144         5.402         6.895
 AGE_C80       -2.337        -2.089        -2.178         9.141
 EDU_C7         0.546         0.796         0.611        -0.545         6.081
 FEMALE        -0.634        -0.555        -0.477         0.109        -0.118
 SBP_C167       2.377         1.107        -0.997        -5.448         1.099


           Covariances
              FEMALE        SBP_C167
              ________      ________
 FEMALE         0.227
 SBP_C167       0.678       493.456


           Correlations
              A_01          A_02          A_05          AGE_C80       EDU_C7
              ________      ________      ________      ________      ________
 A_01           1.000
 A_02           0.797         1.000
 A_05           0.698         0.773         1.000
 AGE_C80       -0.276        -0.260        -0.274         1.000
 EDU_C7         0.079         0.121         0.094        -0.073         1.000
 FEMALE        -0.474        -0.437        -0.381         0.075        -0.100
 SBP_C167       0.038         0.019        -0.017        -0.081         0.020


           Correlations
              FEMALE        SBP_C167
              ________      ________
 FEMALE         1.000
 SBP_C167       0.064         1.000


     MAXIMUM LOG-LIKELIHOOD VALUE FOR THE UNRESTRICTED (H1) MODEL IS -8481.915


UNIVARIATE HIGHER-ORDER MOMENT DESCRIPTIVE STATISTICS


     UNIVARIATE HIGHER-ORDER MOMENT DESCRIPTIVE STATISTICS

         Variable/         Mean/     Skewness/   Minimum/ % with                Percentiles
        Sample Size      Variance    Kurtosis    Maximum  Min/Max      20%/60%    40%/80%    Median

     A_01                  9.208       0.236       0.000    0.36%       6.960      8.120      8.700
             552.000       7.843       0.507      18.850    0.18%       9.425     11.600
     A_02                  8.430       0.101       0.000    1.22%       6.090      7.395      8.120
             490.000       6.943       0.755      19.140    0.20%       8.700     10.440
     A_05                  6.548       0.041       0.000    0.98%       4.350      5.510      6.090
             205.000       6.642       0.173      17.400    0.49%       6.960      8.410
     AGE_C80               3.338       1.357      -0.630    0.17%       0.877      1.811      2.417
             586.000       9.141       2.252      17.918    0.17%       3.203      5.701
     EDU_C7                0.282       2.226      -7.000    0.17%      -1.000     -1.000     -1.000
             586.000       6.081       7.680      16.000    0.17%       0.000      1.000
     FEMALE                0.650      -0.631       0.000   34.64%       0.000      1.000      1.000
             586.000       0.227      -1.602       1.000   65.36%       1.000      1.000
     SBP_C167             -6.394       0.381     -57.000    1.54%     -27.000    -17.000     -7.000
             586.000     493.456       0.751      93.000    0.17%      -7.000     13.000


THE MODEL ESTIMATION TERMINATED NORMALLY



MODEL FIT INFORMATION

Number of Free Parameters                       14

Loglikelihood

          H0 Value                       -1909.445
          H0 Scaling Correction Factor      1.2342
            for MLR

Information Criteria

          Akaike (AIC)                    3846.890
          Bayesian (BIC)                  3903.750
          Sample-Size Adjusted BIC        3859.323
            (n* = (n + 2) / 24)



MODEL RESULTS

                                                    Two-Tailed
                    Estimate       S.E.  Est./S.E.    P-Value

 IA         ON
    AGE_C80           -0.211      0.037     -5.656      0.000
    EDU_C7             0.032      0.044      0.721      0.471
    FEMALE            -2.629      0.266     -9.865      0.000
    SBP_C167           0.006      0.005      1.115      0.265

 SA         ON
    AGE_C80            0.001      0.008      0.122      0.903
    EDU_C7             0.004      0.010      0.440      0.660
    FEMALE             0.097      0.046      2.111      0.035
    SBP_C167          -0.001      0.001     -1.303      0.193

 IA       WITH
    SA                -0.081      0.048     -1.681      0.093

 Intercepts
    A_01               0.000      0.000    999.000    999.000
    A_02               0.000      0.000    999.000    999.000
    A_05               0.000      0.000    999.000    999.000
    IA                11.567      0.266     43.511      0.000
    SA                -0.424      0.040    -10.491      0.000

 Residual Variances
    A_01               1.423      0.159      8.938      0.000
    A_02               1.423      0.159      8.938      0.000
    A_05               1.423      0.159      8.938      0.000
    IA                 4.172      0.456      9.144      0.000
    SA                 0.020      0.011      1.720      0.085


QUALITY OF NUMERICAL RESULTS

     Condition Number for the Information Matrix              0.962E-03
       (ratio of smallest to largest eigenvalue)


CONFIDENCE INTERVALS OF MODEL RESULTS

                  Lower .5%  Lower 2.5%    Lower 5%    Estimate    Upper 5%  Upper 2.5%   Upper .5%

 IA       ON
    AGE_C80         -0.307      -0.284      -0.273      -0.211      -0.150      -0.138      -0.115
    EDU_C7          -0.081      -0.054      -0.040       0.032       0.104       0.117       0.144
    FEMALE          -3.315      -3.151      -3.067      -2.629      -2.190      -2.106      -1.942
    SBP_C167        -0.007      -0.004      -0.003       0.006       0.014       0.015       0.018

 SA       ON
    AGE_C80         -0.020      -0.015      -0.012       0.001       0.014       0.017       0.021
    EDU_C7          -0.021      -0.015      -0.012       0.004       0.020       0.023       0.029
    FEMALE          -0.021       0.007       0.021       0.097       0.173       0.187       0.215
    SBP_C167        -0.003      -0.002      -0.002      -0.001       0.000       0.000       0.001

 IA       WITH
    SA              -0.206      -0.176      -0.161      -0.081      -0.002       0.014       0.043

 Intercepts
    A_01             0.000       0.000       0.000       0.000       0.000       0.000       0.000
    A_02             0.000       0.000       0.000       0.000       0.000       0.000       0.000
    A_05             0.000       0.000       0.000       0.000       0.000       0.000       0.000
    IA              10.882      11.046      11.129      11.567      12.004      12.088      12.251
    SA              -0.528      -0.503      -0.490      -0.424      -0.357      -0.344      -0.320

 Residual Variances
    A_01             1.013       1.111       1.161       1.423       1.685       1.735       1.833
    A_02             1.013       1.111       1.161       1.423       1.685       1.735       1.833
    A_05             1.013       1.111       1.161       1.423       1.685       1.735       1.833
    IA               2.997       3.278       3.421       4.172       4.922       5.066       5.347
    SA              -0.010      -0.003       0.001       0.020       0.039       0.042       0.049


SAMPLE STATISTICS FOR ESTIMATED FACTOR SCORES


     SAMPLE STATISTICS


           Means
              IA            IA_SE         SA            SA_SE
              ________      ________      ________      ________
 1              9.023         0.841        -0.353         0.129


           Covariances
              IA            IA_SE         SA            SA_SE
              ________      ________      ________      ________
 IA             6.144
 IA_SE         -0.033         0.012
 SA            -0.115         0.001         0.006
 SA_SE         -0.002         0.001         0.000         0.000


           Correlations
              IA            IA_SE         SA            SA_SE
              ________      ________      ________      ________
 IA             1.000
 IA_SE         -0.120         1.000
 SA            -0.616         0.077         1.000
 SA_SE         -0.074         0.511        -0.003         1.000


RESULTS SAVING INFORMATION

  Order of data

    Parameter estimates
     (saved in order shown in Technical 1 output)
    Standard errors
     (saved in order shown in Technical 1 output)
    H0 Loglikelihood
    H0 Scaling Correction Factor for MLR
    Number of Free Parameters
    Akaike (AIC)
    Bayesian (BIC)
    Sample-Size Adjusted BIC

  Save file
    u1_125_aefb_grip_results.dat

  Save file format           Free


PLOT INFORMATION

The following plots are available:

  Histograms (sample values, estimated factor scores)
  Scatterplots (sample values, estimated factor scores)
  Latent variable distribution plots

SAVEDATA INFORMATION


  Save file
    u1_125_aefb_grip_fscores.dat

  Order and format of variables

    A_01           F10.3
    A_02           F10.3
    A_05           F10.3
    AGE_C80        F10.3
    EDU_C7         F10.3
    FEMALE         F10.3
    SBP_C167       F10.3
    TIME_01        F10.3
    TIME_02        F10.3
    TIME_05        F10.3
    _WEIGHT        F10.3
    IA             F10.3
    IA_SE          F10.3
    SA             F10.3
    SA_SE          F10.3
    PAIRID         I6

  Save file format
    15F10.3 I6

  Save file record length    10000


     Beginning Time:  11:45:23
        Ending Time:  11:45:24
       Elapsed Time:  00:00:01



MUTHEN & MUTHEN
3463 Stoner Ave.
Los Angeles, CA  90066

Tel: (310) 391-9971
Fax: (310) 391-8971
Web: www.StatModel.com
Support: Support@StatModel.com

Copyright (c) 1998-2014 Muthen & Muthen
