Mplus VERSION 7.3
MUTHEN & MUTHEN
12/17/2016  11:45 AM

INPUT INSTRUCTIONS

  TITLE:
  Script produced from the prototype in ./sandbox/syntax-creator/
  DATA:
  File = wide-dataset.dat ;
  VARIABLE:
  NAMES are
   Case PairID female age_c80 edu_c7 sbp_c167 smoke cardio diabetes dementia_ever
      years_since_bl_01 years_since_bl_02 years_since_bl_03 years_since_bl_04
      years_since_bl_05 pef_01 pef_02 pef_03 pef_04 pef_05 grip_01 grip_02 grip_03
      grip_04 grip_05 gait_01 gait_02 gait_03 gait_04 gait_05 block_01 block_02
      block_03 block_04 block_05 digitspanbackward_01 digitspanbackward_02
      digitspanbackward_03 digitspanbackward_04 digitspanbackward_05
      digitspanforward_01 digitspanforward_02 digitspanforward_03 digitspanforward_04
      digitspanforward_05 symbol_01 symbol_02 symbol_03 symbol_04 symbol_05 prose_01
      prose_02 prose_03 prose_04 prose_05 info_01 info_02 info_03 info_04 info_05
      synonyms_01 synonyms_02 synonyms_03 synonyms_04 synonyms_05 psif_01 psif_02
      psif_03 psif_04 psif_05 figure_01 figure_02 figure_03 figure_04 figure_05
      mirrecall_01 mirrecall_02 mirrecall_03 mirrecall_04 mirrecall_05 mmse_01 mmse_02
      mmse_03 mmse_04 mmse_05 mirnaming_01 mirnaming_02 mirnaming_03 mirnaming_04
      mirnaming_05 mirrecog_01 mirrecog_02 mirrecog_03 mirrecog_04 mirrecog_05
      clock_01 clock_02 clock_03 clock_04 clock_05
  	;
  Missing are all (-9999);
  USEVARIABLES are
  	!define the variables used in the analysis
  	! covariates used in the model
  age_c80
  edu_c7
  female	
  	!estimated time points
  time_01
  time_02
  time_03
  	!modelled time points of process (A)
  a_01
  a_02
  a_03
  ;
  TSCORES are
  	!estimated time points
  time_01
  time_02
  time_03;
  CLUSTER = PairID;
  SUBPOPULATION are
  	!select a subset of observations
  dementia_ever NE 1
  ;
  DEFINE:
  	! assign variables to the process (A)
  a_01 = grip_01;
  a_02 = grip_02;
  a_03 = grip_03;
  	!assign variables to time points
  time_01 = years_since_bl_01;
  time_02 = years_since_bl_02;
  time_03 = years_since_bl_03;
  	
  ANALYSIS: TYPE = RANDOM COMPLEX;
  COVERAGE=.00;
  MODEL:
  	!first-level equation
  	! assign process (A) to time points
  ia sa | a_01 AT time_01 ;
  ia sa | a_02 AT time_02 ;
  ia sa | a_03 AT time_03 ;
  	!variance of the first-level terms
  ia (v_ia);
  sa (v_sa);
  	!covariance among first-level terms
  ia WITH sa (c_iasa);
  	!second-level equation
  ia sa ON age_c80
  edu_c7
  female;
  	!residual covariance of process (A)
  a_01 (res_a);
  a_02 (res_a);
  a_03 (res_a);	
  SAVEDATA:
  FILE is   u1_123_aef_grip_fscores.dat;
  SAVE = FSCORES;
  RESULTS are   u1_123_aef_grip_results.dat;
  	
  OUTPUT: sampstat cinterval;
  PLOT: Type is Plot1 Plot2 Plot3;



*** WARNING
  Data set contains cases with missing on x-variables.
  These cases were not included in the analysis.
  Number of cases with missing on x-variables:  46
*** WARNING
  Data set contains cases with missing on all variables except
  x-variables.  These cases were not included in the analysis.
  Number of cases with missing on all variables except x-variables:  35
   2 WARNING(S) FOUND IN THE INPUT INSTRUCTIONS




Script produced from the prototype in ./sandbox/syntax-creator/

SUMMARY OF ANALYSIS

Number of groups                                                 1
Number of observations                                         451

Number of dependent variables                                    3
Number of independent variables                                  3
Number of continuous latent variables                            2

Observed dependent variables

  Continuous
   A_01        A_02        A_03

Observed independent variables
   AGE_C80     EDU_C7      FEMALE

Continuous latent variables
   IA          SA

Variables with special functions

  Cluster variable      PAIRID
  Weight variable       _WEIGHT

  Time scores
   TIME_01     TIME_02     TIME_03


Estimator                                                      MLR
Information matrix                                        OBSERVED
Maximum number of iterations                                   100
Convergence criterion                                    0.100D-05
Maximum number of EM iterations                                500
Convergence criteria for the EM algorithm
  Loglikelihood change                                   0.100D-02
  Relative loglikelihood change                          0.100D-05
  Derivative                                             0.100D-03
Minimum variance                                         0.100D-03
Maximum number of steepest descent iterations                   20
Maximum number of iterations for H1                           2000
Convergence criterion for H1                             0.100D-03
Optimization algorithm                                         EMA

Input data file(s)
  wide-dataset.dat
Input data format  FREE



SAMPLE STATISTICS


     ESTIMATED SAMPLE STATISTICS


           Means
              A_01          A_02          A_03          AGE_C80       EDU_C7
              ________      ________      ________      ________      ________
 1              9.003         8.193         7.370         3.382         0.251


           Means
              FEMALE
              ________
 1              0.654


           Covariances
              A_01          A_02          A_03          AGE_C80       EDU_C7
              ________      ________      ________      ________      ________
 A_01           8.332
 A_02           6.363         7.468
 A_03           6.327         6.468         8.249
 AGE_C80       -2.544        -2.284        -3.105         9.953
 EDU_C7         0.696         0.961         0.693        -0.727         5.962
 FEMALE        -0.617        -0.540        -0.512         0.133        -0.115


           Covariances
              FEMALE
              ________
 FEMALE         0.226


           Correlations
              A_01          A_02          A_03          AGE_C80       EDU_C7
              ________      ________      ________      ________      ________
 A_01           1.000
 A_02           0.807         1.000
 A_03           0.763         0.824         1.000
 AGE_C80       -0.279        -0.265        -0.343         1.000
 EDU_C7         0.099         0.144         0.099        -0.094         1.000
 FEMALE        -0.450        -0.415        -0.375         0.089        -0.099


           Correlations
              FEMALE
              ________
 FEMALE         1.000


     MAXIMUM LOG-LIKELIHOOD VALUE FOR THE UNRESTRICTED (H1) MODEL IS -6474.721


UNIVARIATE HIGHER-ORDER MOMENT DESCRIPTIVE STATISTICS


     UNIVARIATE HIGHER-ORDER MOMENT DESCRIPTIVE STATISTICS

         Variable/         Mean/     Skewness/   Minimum/ % with                Percentiles
        Sample Size      Variance    Kurtosis    Maximum  Min/Max      20%/60%    40%/80%    Median

     A_01                  9.065       0.159       0.000    0.52%       6.960      8.120      8.700
             574.000       8.309       0.499      18.850    0.17%       9.280     11.455
     A_02                  8.342       0.063       0.000    1.17%       6.090      7.395      8.120
             512.000       7.201       0.661      19.140    0.20%       8.700     10.295
     A_03                  7.722       0.240       0.000    2.49%       4.930      6.815      7.250
             402.000       7.635       0.651      17.400    0.25%       7.830      9.860
     AGE_C80               3.382       1.534      -0.630    0.16%       0.877      1.811      2.441
             621.000       9.953       3.125      17.918    0.16%       3.269      5.816
     EDU_C7                0.251       2.215      -7.000    0.16%      -1.000     -1.000     -1.000
             621.000       5.962       7.748      16.000    0.16%       0.000      1.000
     FEMALE                0.654      -0.648       0.000   34.14%       0.000      1.000      1.000
             621.000       0.226      -1.580       1.000   65.86%       1.000      1.000


THE MODEL ESTIMATION TERMINATED NORMALLY



MODEL FIT INFORMATION

Number of Free Parameters                       12

Loglikelihood

          H0 Value                       -2205.464
          H0 Scaling Correction Factor      1.2559
            for MLR

Information Criteria

          Akaike (AIC)                    4434.928
          Bayesian (BIC)                  4484.265
          Sample-Size Adjusted BIC        4446.182
            (n* = (n + 2) / 24)



MODEL RESULTS

                                                    Two-Tailed
                    Estimate       S.E.  Est./S.E.    P-Value

 IA         ON
    AGE_C80           -0.205      0.038     -5.326      0.000
    EDU_C7             0.054      0.047      1.150      0.250
    FEMALE            -2.557      0.294     -8.710      0.000

 SA         ON
    AGE_C80           -0.011      0.010     -1.088      0.277
    EDU_C7             0.002      0.012      0.195      0.845
    FEMALE             0.133      0.067      1.986      0.047

 IA       WITH
    SA                -0.138      0.082     -1.692      0.091

 Intercepts
    A_01               0.000      0.000    999.000    999.000
    A_02               0.000      0.000    999.000    999.000
    A_03               0.000      0.000    999.000    999.000
    IA                11.359      0.294     38.693      0.000
    SA                -0.449      0.058     -7.794      0.000

 Residual Variances
    A_01               1.285      0.117     11.024      0.000
    A_02               1.285      0.117     11.024      0.000
    A_03               1.285      0.117     11.024      0.000
    IA                 4.807      0.531      9.052      0.000
    SA                 0.079      0.031      2.537      0.011


QUALITY OF NUMERICAL RESULTS

     Condition Number for the Information Matrix              0.695E-03
       (ratio of smallest to largest eigenvalue)


CONFIDENCE INTERVALS OF MODEL RESULTS

                  Lower .5%  Lower 2.5%    Lower 5%    Estimate    Upper 5%  Upper 2.5%   Upper .5%

 IA       ON
    AGE_C80         -0.304      -0.280      -0.268      -0.205      -0.141      -0.129      -0.106
    EDU_C7          -0.067      -0.038      -0.023       0.054       0.131       0.145       0.174
    FEMALE          -3.313      -3.132      -3.040      -2.557      -2.074      -1.981      -1.801

 SA       ON
    AGE_C80         -0.038      -0.032      -0.029      -0.011       0.006       0.009       0.016
    EDU_C7          -0.029      -0.021      -0.017       0.002       0.022       0.026       0.033
    FEMALE          -0.040       0.002       0.023       0.133       0.244       0.265       0.306

 IA       WITH
    SA              -0.349      -0.299      -0.273      -0.138      -0.004       0.022       0.072

 Intercepts
    A_01             0.000       0.000       0.000       0.000       0.000       0.000       0.000
    A_02             0.000       0.000       0.000       0.000       0.000       0.000       0.000
    A_03             0.000       0.000       0.000       0.000       0.000       0.000       0.000
    IA              10.603      10.784      10.876      11.359      11.842      11.934      12.115
    SA              -0.597      -0.562      -0.544      -0.449      -0.354      -0.336      -0.301

 Residual Variances
    A_01             0.985       1.057       1.094       1.285       1.477       1.514       1.586
    A_02             0.985       1.057       1.094       1.285       1.477       1.514       1.586
    A_03             0.985       1.057       1.094       1.285       1.477       1.514       1.586
    IA               3.439       3.766       3.934       4.807       5.681       5.848       6.175
    SA              -0.001       0.018       0.028       0.079       0.130       0.140       0.159


SAMPLE STATISTICS FOR ESTIMATED FACTOR SCORES


     SAMPLE STATISTICS


           Means
              IA            IA_SE         SA            SA_SE
              ________      ________      ________      ________
 1              8.881         0.846        -0.420         0.245


           Covariances
              IA            IA_SE         SA            SA_SE
              ________      ________      ________      ________
 IA             6.636
 IA_SE         -0.057         0.014
 SA            -0.109         0.000         0.030
 SA_SE         -0.012         0.002         0.000         0.000


           Correlations
              IA            IA_SE         SA            SA_SE
              ________      ________      ________      ________
 IA             1.000
 IA_SE         -0.185         1.000
 SA            -0.242         0.020         1.000
 SA_SE         -0.221         0.737         0.038         1.000


RESULTS SAVING INFORMATION

  Order of data

    Parameter estimates
     (saved in order shown in Technical 1 output)
    Standard errors
     (saved in order shown in Technical 1 output)
    H0 Loglikelihood
    H0 Scaling Correction Factor for MLR
    Number of Free Parameters
    Akaike (AIC)
    Bayesian (BIC)
    Sample-Size Adjusted BIC

  Save file
    u1_123_aef_grip_results.dat

  Save file format           Free


PLOT INFORMATION

The following plots are available:

  Histograms (sample values, estimated factor scores)
  Scatterplots (sample values, estimated factor scores)
  Latent variable distribution plots

SAVEDATA INFORMATION


  Save file
    u1_123_aef_grip_fscores.dat

  Order and format of variables

    A_01           F10.3
    A_02           F10.3
    A_03           F10.3
    AGE_C80        F10.3
    EDU_C7         F10.3
    FEMALE         F10.3
    TIME_01        F10.3
    TIME_02        F10.3
    TIME_03        F10.3
    _WEIGHT        F10.3
    IA             F10.3
    IA_SE          F10.3
    SA             F10.3
    SA_SE          F10.3
    PAIRID         I6

  Save file format
    14F10.3 I6

  Save file record length    10000


     Beginning Time:  11:45:19
        Ending Time:  11:45:20
       Elapsed Time:  00:00:01



MUTHEN & MUTHEN
3463 Stoner Ave.
Los Angeles, CA  90066

Tel: (310) 391-9971
Fax: (310) 391-8971
Web: www.StatModel.com
Support: Support@StatModel.com

Copyright (c) 1998-2014 Muthen & Muthen
