Mplus VERSION 7.3
MUTHEN & MUTHEN
12/17/2016  11:45 AM

INPUT INSTRUCTIONS

  TITLE:
  Script produced from the prototype in ./sandbox/syntax-creator/
  DATA:
  File = wide-dataset.dat ;
  VARIABLE:
  NAMES are
   Case PairID female age_c80 edu_c7 sbp_c167 smoke cardio diabetes dementia_ever
      years_since_bl_01 years_since_bl_02 years_since_bl_03 years_since_bl_04
      years_since_bl_05 pef_01 pef_02 pef_03 pef_04 pef_05 grip_01 grip_02 grip_03
      grip_04 grip_05 gait_01 gait_02 gait_03 gait_04 gait_05 block_01 block_02
      block_03 block_04 block_05 digitspanbackward_01 digitspanbackward_02
      digitspanbackward_03 digitspanbackward_04 digitspanbackward_05
      digitspanforward_01 digitspanforward_02 digitspanforward_03 digitspanforward_04
      digitspanforward_05 symbol_01 symbol_02 symbol_03 symbol_04 symbol_05 prose_01
      prose_02 prose_03 prose_04 prose_05 info_01 info_02 info_03 info_04 info_05
      synonyms_01 synonyms_02 synonyms_03 synonyms_04 synonyms_05 psif_01 psif_02
      psif_03 psif_04 psif_05 figure_01 figure_02 figure_03 figure_04 figure_05
      mirrecall_01 mirrecall_02 mirrecall_03 mirrecall_04 mirrecall_05 mmse_01 mmse_02
      mmse_03 mmse_04 mmse_05 mirnaming_01 mirnaming_02 mirnaming_03 mirnaming_04
      mirnaming_05 mirrecog_01 mirrecog_02 mirrecog_03 mirrecog_04 mirrecog_05
      clock_01 clock_02 clock_03 clock_04 clock_05
  	;
  Missing are all (-9999);
  USEVARIABLES are
  	!define the variables used in the analysis
  	! covariates used in the model
  age_c80
  edu_c7
  female
  sbp_c167	
  	!estimated time points
  time_01
  time_02
  time_03
  time_05
  	!modelled time points of process (A)
  a_01
  a_02
  a_03
  a_05
  ;
  TSCORES are
  	!estimated time points
  time_01
  time_02
  time_03
  time_05;
  CLUSTER = PairID;
  SUBPOPULATION are
  	!select a subset of observations
  dementia_ever NE 1
  ;
  DEFINE:
  	! assign variables to the process (A)
  a_01 = grip_01;
  a_02 = grip_02;
  a_03 = grip_03;
  a_05 = grip_05;
  	!assign variables to time points
  time_01 = years_since_bl_01;
  time_02 = years_since_bl_02;
  time_03 = years_since_bl_03;
  time_05 = years_since_bl_05;
  	
  ANALYSIS: TYPE = RANDOM COMPLEX;
  COVERAGE=.00;
  MODEL:
  	!first-level equation
  	! assign process (A) to time points
  ia sa | a_01 AT time_01 ;
  ia sa | a_02 AT time_02 ;
  ia sa | a_03 AT time_03 ;
  ia sa | a_05 AT time_05 ;
  	!variance of the first-level terms
  ia (v_ia);
  sa (v_sa);
  	!covariance among first-level terms
  ia WITH sa (c_iasa);
  	!second-level equation
  ia sa ON age_c80
  edu_c7
  female
  sbp_c167;
  	!residual covariance of process (A)
  a_01 (res_a);
  a_02 (res_a);
  a_03 (res_a);
  a_05 (res_a);	
  SAVEDATA:
  FILE is   u1_1235_aefb_grip_fscores.dat;
  SAVE = FSCORES;
  RESULTS are   u1_1235_aefb_grip_results.dat;
  	
  OUTPUT: sampstat cinterval;
  PLOT: Type is Plot1 Plot2 Plot3;



*** WARNING
  Data set contains cases with missing on x-variables.
  These cases were not included in the analysis.
  Number of cases with missing on x-variables:  92
*** WARNING
  Data set contains cases with missing on all variables except
  x-variables.  These cases were not included in the analysis.
  Number of cases with missing on all variables except x-variables:  23
   2 WARNING(S) FOUND IN THE INPUT INSTRUCTIONS




Script produced from the prototype in ./sandbox/syntax-creator/

SUMMARY OF ANALYSIS

Number of groups                                                 1
Number of observations                                         430

Number of dependent variables                                    4
Number of independent variables                                  4
Number of continuous latent variables                            2

Observed dependent variables

  Continuous
   A_01        A_02        A_03        A_05

Observed independent variables
   AGE_C80     EDU_C7      FEMALE      SBP_C167

Continuous latent variables
   IA          SA

Variables with special functions

  Cluster variable      PAIRID
  Weight variable       _WEIGHT

  Time scores
   TIME_01     TIME_02     TIME_03     TIME_05


Estimator                                                      MLR
Information matrix                                        OBSERVED
Maximum number of iterations                                   100
Convergence criterion                                    0.100D-05
Maximum number of EM iterations                                500
Convergence criteria for the EM algorithm
  Loglikelihood change                                   0.100D-02
  Relative loglikelihood change                          0.100D-05
  Derivative                                             0.100D-03
Minimum variance                                         0.100D-03
Maximum number of steepest descent iterations                   20
Maximum number of iterations for H1                           2000
Convergence criterion for H1                             0.100D-03
Optimization algorithm                                         EMA

Input data file(s)
  wide-dataset.dat
Input data format  FREE



SAMPLE STATISTICS


     ESTIMATED SAMPLE STATISTICS


           Means
              A_01          A_02          A_03          A_05          AGE_C80
              ________      ________      ________      ________      ________
 1              9.167         8.332         7.537         6.303         3.331


           Means
              EDU_C7        FEMALE        SBP_C167
              ________      ________      ________
 1              0.279         0.649        -6.384


           Covariances
              A_01          A_02          A_03          A_05          AGE_C80
              ________      ________      ________      ________      ________
 A_01           7.840
 A_02           5.926         7.075
 A_03           5.782         6.009         7.672
 A_05           5.161         5.418         5.446         6.980
 AGE_C80       -2.295        -2.076        -2.719        -2.294         9.141
 EDU_C7         0.536         0.813         0.500         0.574        -0.535
 FEMALE        -0.633        -0.549        -0.524        -0.455         0.113
 SBP_C167       2.561         1.315        -1.026        -1.118        -5.466


           Covariances
              EDU_C7        FEMALE        SBP_C167
              ________      ________      ________
 EDU_C7         6.071
 FEMALE        -0.116         0.228
 SBP_C167       1.084         0.670       492.353


           Correlations
              A_01          A_02          A_03          A_05          AGE_C80
              ________      ________      ________      ________      ________
 A_01           1.000
 A_02           0.796         1.000
 A_03           0.745         0.816         1.000
 A_05           0.698         0.771         0.744         1.000
 AGE_C80       -0.271        -0.258        -0.325        -0.287         1.000
 EDU_C7         0.078         0.124         0.073         0.088        -0.072
 FEMALE        -0.474        -0.433        -0.396        -0.361         0.078
 SBP_C167       0.041         0.022        -0.017        -0.019        -0.081


           Correlations
              EDU_C7        FEMALE        SBP_C167
              ________      ________      ________
 EDU_C7         1.000
 FEMALE        -0.099         1.000
 SBP_C167       0.020         0.063         1.000


     MAXIMUM LOG-LIKELIHOOD VALUE FOR THE UNRESTRICTED (H1) MODEL IS -9184.479


UNIVARIATE HIGHER-ORDER MOMENT DESCRIPTIVE STATISTICS


     UNIVARIATE HIGHER-ORDER MOMENT DESCRIPTIVE STATISTICS

         Variable/         Mean/     Skewness/   Minimum/ % with                Percentiles
        Sample Size      Variance    Kurtosis    Maximum  Min/Max      20%/60%    40%/80%    Median

     A_01                  9.208       0.236       0.000    0.36%       6.960      8.120      8.700
             552.000       7.843       0.507      18.850    0.18%       9.425     11.600
     A_02                  8.430       0.101       0.000    1.22%       6.090      7.395      8.120
             490.000       6.943       0.755      19.140    0.20%       8.700     10.440
     A_03                  7.820       0.311       0.000    2.31%       5.220      6.960      7.250
             390.000       7.295       0.725      17.400    0.26%       7.830      9.860
     A_05                  6.548       0.041       0.000    0.98%       4.350      5.510      6.090
             205.000       6.642       0.173      17.400    0.49%       6.960      8.410
     AGE_C80               3.331       1.359      -0.630    0.17%       0.877      1.811      2.409
             587.000       9.141       2.255      17.918    0.17%       3.194      5.701
     EDU_C7                0.279       2.230      -7.000    0.17%      -1.000     -1.000     -1.000
             587.000       6.071       7.702      16.000    0.17%       0.000      1.000
     FEMALE                0.649      -0.624       0.000   34.75%       0.000      1.000      1.000
             587.000       0.228      -1.611       1.000   65.25%       1.000      1.000
     SBP_C167             -6.384       0.380     -57.000    1.53%     -27.000    -12.000     -7.000
             587.000     492.353       0.758      93.000    0.17%      -7.000     13.000


THE MODEL ESTIMATION TERMINATED NORMALLY



MODEL FIT INFORMATION

Number of Free Parameters                       14

Loglikelihood

          H0 Value                       -2425.103
          H0 Scaling Correction Factor      1.2844
            for MLR

Information Criteria

          Akaike (AIC)                    4878.205
          Bayesian (BIC)                  4935.098
          Sample-Size Adjusted BIC        4890.671
            (n* = (n + 2) / 24)



MODEL RESULTS

                                                    Two-Tailed
                    Estimate       S.E.  Est./S.E.    P-Value

 IA         ON
    AGE_C80           -0.205      0.038     -5.437      0.000
    EDU_C7             0.033      0.044      0.742      0.458
    FEMALE            -2.630      0.268     -9.819      0.000
    SBP_C167           0.006      0.005      1.140      0.254

 SA         ON
    AGE_C80           -0.007      0.008     -0.936      0.350
    EDU_C7             0.000      0.009      0.031      0.976
    FEMALE             0.119      0.046      2.583      0.010
    SBP_C167          -0.001      0.001     -1.783      0.075

 IA       WITH
    SA                -0.060      0.046     -1.302      0.193

 Intercepts
    A_01               0.000      0.000    999.000    999.000
    A_02               0.000      0.000    999.000    999.000
    A_03               0.000      0.000    999.000    999.000
    A_05               0.000      0.000    999.000    999.000
    IA                11.545      0.267     43.226      0.000
    SA                -0.432      0.039    -11.035      0.000

 Residual Variances
    A_01               1.489      0.142     10.486      0.000
    A_02               1.489      0.142     10.486      0.000
    A_03               1.489      0.142     10.486      0.000
    A_05               1.489      0.142     10.486      0.000
    IA                 4.149      0.449      9.240      0.000
    SA                 0.021      0.011      1.903      0.057


QUALITY OF NUMERICAL RESULTS

     Condition Number for the Information Matrix              0.118E-02
       (ratio of smallest to largest eigenvalue)


CONFIDENCE INTERVALS OF MODEL RESULTS

                  Lower .5%  Lower 2.5%    Lower 5%    Estimate    Upper 5%  Upper 2.5%   Upper .5%

 IA       ON
    AGE_C80         -0.302      -0.279      -0.267      -0.205      -0.143      -0.131      -0.108
    EDU_C7          -0.081      -0.053      -0.040       0.033       0.105       0.119       0.146
    FEMALE          -3.320      -3.155      -3.071      -2.630      -2.189      -2.105      -1.940
    SBP_C167        -0.007      -0.004      -0.003       0.006       0.014       0.015       0.019

 SA       ON
    AGE_C80         -0.028      -0.023      -0.020      -0.007       0.006       0.008       0.013
    EDU_C7          -0.022      -0.017      -0.014       0.000       0.014       0.017       0.022
    FEMALE           0.000       0.029       0.043       0.119       0.194       0.209       0.237
    SBP_C167        -0.003      -0.003      -0.003      -0.001       0.000       0.000       0.001

 IA       WITH
    SA              -0.179      -0.151      -0.136      -0.060       0.016       0.030       0.059

 Intercepts
    A_01             0.000       0.000       0.000       0.000       0.000       0.000       0.000
    A_02             0.000       0.000       0.000       0.000       0.000       0.000       0.000
    A_03             0.000       0.000       0.000       0.000       0.000       0.000       0.000
    A_05             0.000       0.000       0.000       0.000       0.000       0.000       0.000
    IA              10.857      11.022      11.106      11.545      11.985      12.069      12.233
    SA              -0.533      -0.509      -0.496      -0.432      -0.368      -0.355      -0.331

 Residual Variances
    A_01             1.123       1.211       1.255       1.489       1.723       1.767       1.855
    A_02             1.123       1.211       1.255       1.489       1.723       1.767       1.855
    A_03             1.123       1.211       1.255       1.489       1.723       1.767       1.855
    A_05             1.123       1.211       1.255       1.489       1.723       1.767       1.855
    IA               2.992       3.269       3.410       4.149       4.887       5.029       5.305
    SA              -0.007      -0.001       0.003       0.021       0.039       0.043       0.050


SAMPLE STATISTICS FOR ESTIMATED FACTOR SCORES


     SAMPLE STATISTICS


           Means
              IA            IA_SE         SA            SA_SE
              ________      ________      ________      ________
 1              8.975         0.800        -0.378         0.133


           Covariances
              IA            IA_SE         SA            SA_SE
              ________      ________      ________      ________
 IA             6.177
 IA_SE         -0.040         0.015
 SA            -0.084         0.000         0.008
 SA_SE         -0.003         0.001         0.000         0.000


           Correlations
              IA            IA_SE         SA            SA_SE
              ________      ________      ________      ________
 IA             1.000
 IA_SE         -0.131         1.000
 SA            -0.381         0.045         1.000
 SA_SE         -0.118         0.605        -0.117         1.000


RESULTS SAVING INFORMATION

  Order of data

    Parameter estimates
     (saved in order shown in Technical 1 output)
    Standard errors
     (saved in order shown in Technical 1 output)
    H0 Loglikelihood
    H0 Scaling Correction Factor for MLR
    Number of Free Parameters
    Akaike (AIC)
    Bayesian (BIC)
    Sample-Size Adjusted BIC

  Save file
    u1_1235_aefb_grip_results.dat

  Save file format           Free


PLOT INFORMATION

The following plots are available:

  Histograms (sample values, estimated factor scores)
  Scatterplots (sample values, estimated factor scores)
  Latent variable distribution plots

SAVEDATA INFORMATION


  Save file
    u1_1235_aefb_grip_fscores.dat

  Order and format of variables

    A_01           F10.3
    A_02           F10.3
    A_03           F10.3
    A_05           F10.3
    AGE_C80        F10.3
    EDU_C7         F10.3
    FEMALE         F10.3
    SBP_C167       F10.3
    TIME_01        F10.3
    TIME_02        F10.3
    TIME_03        F10.3
    TIME_05        F10.3
    _WEIGHT        F10.3
    IA             F10.3
    IA_SE          F10.3
    SA             F10.3
    SA_SE          F10.3
    PAIRID         I6

  Save file format
    17F10.3 I6

  Save file record length    10000


     Beginning Time:  11:45:09
        Ending Time:  11:45:10
       Elapsed Time:  00:00:01



MUTHEN & MUTHEN
3463 Stoner Ave.
Los Angeles, CA  90066

Tel: (310) 391-9971
Fax: (310) 391-8971
Web: www.StatModel.com
Support: Support@StatModel.com

Copyright (c) 1998-2014 Muthen & Muthen
