Mplus VERSION 7.3
MUTHEN & MUTHEN
12/17/2016   6:03 PM

INPUT INSTRUCTIONS

  TITLE:
  Script produced from the prototype in ./sandbox/syntax-creator/
  DATA:
  File = wide-dataset.dat ;
  VARIABLE:
  NAMES are
   Case PairID female age_c80 edu_c7 sbp_c167 smoke cardio diabetes dementia_ever
      years_since_bl_01 years_since_bl_02 years_since_bl_03 years_since_bl_04
      years_since_bl_05 pef_01 pef_02 pef_03 pef_04 pef_05 grip_01 grip_02 grip_03
      grip_04 grip_05 gait_01 gait_02 gait_03 gait_04 gait_05 block_01 block_02
      block_03 block_04 block_05 digitspanbackward_01 digitspanbackward_02
      digitspanbackward_03 digitspanbackward_04 digitspanbackward_05
      digitspanforward_01 digitspanforward_02 digitspanforward_03 digitspanforward_04
      digitspanforward_05 symbol_01 symbol_02 symbol_03 symbol_04 symbol_05 prose_01
      prose_02 prose_03 prose_04 prose_05 info_01 info_02 info_03 info_04 info_05
      synonyms_01 synonyms_02 synonyms_03 synonyms_04 synonyms_05 psif_01 psif_02
      psif_03 psif_04 psif_05 figure_01 figure_02 figure_03 figure_04 figure_05
      mirrecall_01 mirrecall_02 mirrecall_03 mirrecall_04 mirrecall_05 mmse_01 mmse_02
      mmse_03 mmse_04 mmse_05 mirnaming_01 mirnaming_02 mirnaming_03 mirnaming_04
      mirnaming_05 mirrecog_01 mirrecog_02 mirrecog_03 mirrecog_04 mirrecog_05
      clock_01 clock_02 clock_03 clock_04 clock_05
  	;
  Missing are all (-9999);
  USEVARIABLES are
  	!define the variables used in the analysis
  	! covariates used in the model
  age_c80
  edu_c7	
  	!estimated time points
  time_01
  time_03
  time_05
  	!modelled time points of process (A)
  a_01
  a_03
  a_05
  ;
  TSCORES are
  	!estimated time points
  time_01
  time_03
  time_05;
  CLUSTER = PairID;
  SUBPOPULATION are
  	!select a subset of observations
  dementia_ever NE 1
  ;
  DEFINE:
  	! assign variables to the process (A)
  a_01 = grip_01;
  a_03 = grip_03;
  a_05 = grip_05;
  	!assign variables to time points
  time_01 = years_since_bl_01;
  time_03 = years_since_bl_03;
  time_05 = years_since_bl_05;
  	
  ANALYSIS: TYPE = RANDOM COMPLEX;
  COVERAGE=.00;
  MODEL:
  	!first-level equation
  	! assign process (A) to time points
  ia sa qa | a_01 AT time_01 ;
  ia sa qa | a_03 AT time_03 ;
  ia sa qa | a_05 AT time_05 ;
  	!variance of the first-level terms
  ia (v_ia);
  sa (v_sa);
  qa (v_qa);
  	!covariance among first-level terms
  ia WITH sa (c_iasa);
  ia WITH qa (c_iaqa);
  sa WITH qa (c_saqa);
  	!second-level equation
  ia sa qa ON age_c80
  edu_c7;
  	!residual covariance of process (A)
  a_01 (res_a);
  a_03 (res_a);
  a_05 (res_a);	
  SAVEDATA:
  FILE is   u2_135_ae_grip_fscores.dat;
  SAVE = FSCORES;
  RESULTS are   u2_135_ae_grip_results.dat;
  	
  OUTPUT: sampstat cinterval;
  PLOT: Type is Plot1 Plot2 Plot3;



*** WARNING
  Data set contains cases with missing on x-variables.
  These cases were not included in the analysis.
  Number of cases with missing on x-variables:  46
*** WARNING
  Data set contains cases with missing on all variables except
  x-variables.  These cases were not included in the analysis.
  Number of cases with missing on all variables except x-variables:  49
   2 WARNING(S) FOUND IN THE INPUT INSTRUCTIONS




Script produced from the prototype in ./sandbox/syntax-creator/

SUMMARY OF ANALYSIS

Number of groups                                                 1
Number of observations                                         445

Number of dependent variables                                    3
Number of independent variables                                  2
Number of continuous latent variables                            3

Observed dependent variables

  Continuous
   A_01        A_03        A_05

Observed independent variables
   AGE_C80     EDU_C7

Continuous latent variables
   IA          SA          QA

Variables with special functions

  Cluster variable      PAIRID
  Weight variable       _WEIGHT

  Time scores
   TIME_01     TIME_03     TIME_05


Estimator                                                      MLR
Information matrix                                        OBSERVED
Maximum number of iterations                                   100
Convergence criterion                                    0.100D-05
Maximum number of EM iterations                                500
Convergence criteria for the EM algorithm
  Loglikelihood change                                   0.100D-02
  Relative loglikelihood change                          0.100D-05
  Derivative                                             0.100D-03
Minimum variance                                         0.100D-03
Maximum number of steepest descent iterations                   20
Maximum number of iterations for H1                           2000
Convergence criterion for H1                             0.100D-03
Optimization algorithm                                         EMA

Input data file(s)
  wide-dataset.dat
Input data format  FREE



SAMPLE STATISTICS


     ESTIMATED SAMPLE STATISTICS


           Means
              A_01          A_03          A_05          AGE_C80       EDU_C7
              ________      ________      ________      ________      ________
 1              9.032         7.442         6.188         3.343         0.256


           Covariances
              A_01          A_03          A_05          AGE_C80       EDU_C7
              ________      ________      ________      ________      ________
 A_01           8.346
 A_03           6.476         8.391
 A_05           5.819         6.204         7.627
 AGE_C80       -2.433        -3.138        -2.744         9.706
 EDU_C7         0.719         0.615         0.716        -0.668         5.979


           Correlations
              A_01          A_03          A_05          AGE_C80       EDU_C7
              ________      ________      ________      ________      ________
 A_01           1.000
 A_03           0.774         1.000
 A_05           0.729         0.775         1.000
 AGE_C80       -0.270        -0.348        -0.319         1.000
 EDU_C7         0.102         0.087         0.106        -0.088         1.000


     MAXIMUM LOG-LIKELIHOOD VALUE FOR THE UNRESTRICTED (H1) MODEL IS -5597.310


UNIVARIATE HIGHER-ORDER MOMENT DESCRIPTIVE STATISTICS


     UNIVARIATE HIGHER-ORDER MOMENT DESCRIPTIVE STATISTICS

         Variable/         Mean/     Skewness/   Minimum/ % with                Percentiles
        Sample Size      Variance    Kurtosis    Maximum  Min/Max      20%/60%    40%/80%    Median

     A_01                  9.065       0.159       0.000    0.52%       6.960      8.120      8.700
             574.000       8.309       0.499      18.850    0.17%       9.280     11.455
     A_03                  7.722       0.240       0.000    2.49%       4.930      6.815      7.250
             402.000       7.635       0.651      17.400    0.25%       7.830      9.860
     A_05                  6.522       0.041       0.000    0.97%       4.350      5.510      6.090
             207.000       6.716       0.135      17.400    0.48%       6.960      8.410
     AGE_C80               3.343       1.551      -0.630    0.16%       0.877      1.805      2.332
             607.000       9.706       3.311      17.918    0.16%       3.181      5.784
     EDU_C7                0.256       2.224      -7.000    0.16%      -1.000     -1.000     -1.000
             607.000       5.979       7.792      16.000    0.16%       0.000      1.000


THE MODEL ESTIMATION TERMINATED NORMALLY



MODEL FIT INFORMATION

Number of Free Parameters                       16

Loglikelihood

          H0 Value                       -1938.783
          H0 Scaling Correction Factor      1.4322
            for MLR

Information Criteria

          Akaike (AIC)                    3909.565
          Bayesian (BIC)                  3975.134
          Sample-Size Adjusted BIC        3924.357
            (n* = (n + 2) / 24)



MODEL RESULTS

                                                    Two-Tailed
                    Estimate       S.E.  Est./S.E.    P-Value

 IA         ON
    AGE_C80           -0.245      0.049     -5.015      0.000
    EDU_C7             0.093      0.053      1.767      0.077

 SA         ON
    AGE_C80           -0.032      0.021     -1.540      0.124
    EDU_C7            -0.013      0.020     -0.655      0.513

 QA         ON
    AGE_C80            0.004      0.003      1.251      0.211
    EDU_C7             0.002      0.002      0.673      0.501

 IA       WITH
    SA                -0.126      1.063     -0.119      0.905
    QA                -0.001      0.092     -0.013      0.989

 SA       WITH
    QA                -0.009      0.136     -0.070      0.944

 Intercepts
    A_01               0.000      0.000    999.000    999.000
    A_03               0.000      0.000    999.000    999.000
    A_05               0.000      0.000    999.000    999.000
    IA                 9.829      0.236     41.572      0.000
    SA                -0.320      0.079     -4.061      0.000
    QA                -0.003      0.011     -0.238      0.812

 Residual Variances
    A_01               1.520      2.715      0.560      0.575
    A_03               1.520      2.715      0.560      0.575
    A_05               1.520      2.715      0.560      0.575
    IA                 6.176      2.839      2.176      0.030
    SA                 0.100      1.156      0.086      0.931
    QA                 0.001      0.017      0.066      0.948


QUALITY OF NUMERICAL RESULTS

     Condition Number for the Information Matrix              0.344E-06
       (ratio of smallest to largest eigenvalue)


CONFIDENCE INTERVALS OF MODEL RESULTS

                  Lower .5%  Lower 2.5%    Lower 5%    Estimate    Upper 5%  Upper 2.5%   Upper .5%

 IA       ON
    AGE_C80         -0.371      -0.340      -0.325      -0.245      -0.164      -0.149      -0.119
    EDU_C7          -0.043      -0.010       0.006       0.093       0.180       0.196       0.229

 SA       ON
    AGE_C80         -0.087      -0.074      -0.067      -0.032       0.002       0.009       0.022
    EDU_C7          -0.064      -0.051      -0.045      -0.013       0.019       0.026       0.038

 QA       ON
    AGE_C80         -0.004      -0.002      -0.001       0.004       0.008       0.009       0.011
    EDU_C7          -0.004      -0.003      -0.002       0.002       0.005       0.006       0.007

 IA       WITH
    SA              -2.863      -2.209      -1.874      -0.126       1.622       1.956       2.611
    QA              -0.237      -0.181      -0.152      -0.001       0.150       0.178       0.235

 SA       WITH
    QA              -0.359      -0.275      -0.233      -0.009       0.214       0.256       0.340

 Intercepts
    A_01             0.000       0.000       0.000       0.000       0.000       0.000       0.000
    A_03             0.000       0.000       0.000       0.000       0.000       0.000       0.000
    A_05             0.000       0.000       0.000       0.000       0.000       0.000       0.000
    IA               9.220       9.365       9.440       9.829      10.218      10.292      10.438
    SA              -0.524      -0.475      -0.450      -0.320      -0.191      -0.166      -0.117
    QA              -0.031      -0.024      -0.021      -0.003       0.016       0.019       0.026

 Residual Variances
    A_01            -5.473      -3.801      -2.946       1.520       5.987       6.842       8.514
    A_03            -5.473      -3.801      -2.946       1.520       5.987       6.842       8.514
    A_05            -5.473      -3.801      -2.946       1.520       5.987       6.842       8.514
    IA              -1.136       0.612       1.506       6.176      10.846      11.740      13.488
    SA              -2.877      -2.165      -1.801       0.100       2.001       2.365       3.077
    QA              -0.043      -0.033      -0.027       0.001       0.029       0.035       0.045


SAMPLE STATISTICS FOR ESTIMATED FACTOR SCORES


     SAMPLE STATISTICS


           Means
              IA            IA_SE         SA            SA_SE         QA
              ________      ________      ________      ________      ________
 1              8.883         0.983        -0.445         0.298         0.011


           Means
              QA_SE
              ________
 1              0.032


           Covariances
              IA            IA_SE         SA            SA_SE         QA
              ________      ________      ________      ________      ________
 IA             6.273
 IA_SE         -0.068         0.017
 SA             0.028        -0.001         0.025
 SA_SE         -0.006         0.001         0.000         0.000
 QA            -0.014         0.000        -0.002         0.000         0.000
 QA_SE          0.000         0.000         0.000         0.000         0.000


           Covariances
              QA_SE
              ________
 QA_SE          0.000


           Correlations
              IA            IA_SE         SA            SA_SE         QA
              ________      ________      ________      ________      ________
 IA             1.000
 IA_SE         -0.208         1.000
 SA             0.072        -0.038         1.000
 SA_SE         -0.192         0.926         0.006         1.000
 QA            -0.362         0.113        -0.917         0.067         1.000
 QA_SE         -0.173         0.811         0.010         0.959         0.055


           Correlations
              QA_SE
              ________
 QA_SE          1.000


RESULTS SAVING INFORMATION

  Order of data

    Parameter estimates
     (saved in order shown in Technical 1 output)
    Standard errors
     (saved in order shown in Technical 1 output)
    H0 Loglikelihood
    H0 Scaling Correction Factor for MLR
    Number of Free Parameters
    Akaike (AIC)
    Bayesian (BIC)
    Sample-Size Adjusted BIC

  Save file
    u2_135_ae_grip_results.dat

  Save file format           Free


PLOT INFORMATION

The following plots are available:

  Histograms (sample values, estimated factor scores)
  Scatterplots (sample values, estimated factor scores)
  Latent variable distribution plots

SAVEDATA INFORMATION


  Save file
    u2_135_ae_grip_fscores.dat

  Order and format of variables

    A_01           F10.3
    A_03           F10.3
    A_05           F10.3
    AGE_C80        F10.3
    EDU_C7         F10.3
    TIME_01        F10.3
    TIME_03        F10.3
    TIME_05        F10.3
    _WEIGHT        F10.3
    IA             F10.3
    IA_SE          F10.3
    SA             F10.3
    SA_SE          F10.3
    QA             F10.3
    QA_SE          F10.3
    PAIRID         I6

  Save file format
    15F10.3 I6

  Save file record length    10000


     Beginning Time:  18:03:09
        Ending Time:  18:03:13
       Elapsed Time:  00:00:04



MUTHEN & MUTHEN
3463 Stoner Ave.
Los Angeles, CA  90066

Tel: (310) 391-9971
Fax: (310) 391-8971
Web: www.StatModel.com
Support: Support@StatModel.com

Copyright (c) 1998-2014 Muthen & Muthen
