Mplus VERSION 7.3
MUTHEN & MUTHEN
12/17/2016   6:08 PM

INPUT INSTRUCTIONS

  TITLE:
  Script produced from the prototype in ./sandbox/syntax-creator/
  DATA:
  File = wide-dataset.dat ;
  VARIABLE:
  NAMES are
   Case PairID female age_c80 edu_c7 sbp_c167 smoke cardio diabetes dementia_ever
      years_since_bl_01 years_since_bl_02 years_since_bl_03 years_since_bl_04
      years_since_bl_05 pef_01 pef_02 pef_03 pef_04 pef_05 grip_01 grip_02 grip_03
      grip_04 grip_05 gait_01 gait_02 gait_03 gait_04 gait_05 block_01 block_02
      block_03 block_04 block_05 digitspanbackward_01 digitspanbackward_02
      digitspanbackward_03 digitspanbackward_04 digitspanbackward_05
      digitspanforward_01 digitspanforward_02 digitspanforward_03 digitspanforward_04
      digitspanforward_05 symbol_01 symbol_02 symbol_03 symbol_04 symbol_05 prose_01
      prose_02 prose_03 prose_04 prose_05 info_01 info_02 info_03 info_04 info_05
      synonyms_01 synonyms_02 synonyms_03 synonyms_04 synonyms_05 psif_01 psif_02
      psif_03 psif_04 psif_05 figure_01 figure_02 figure_03 figure_04 figure_05
      mirrecall_01 mirrecall_02 mirrecall_03 mirrecall_04 mirrecall_05 mmse_01 mmse_02
      mmse_03 mmse_04 mmse_05 mirnaming_01 mirnaming_02 mirnaming_03 mirnaming_04
      mirnaming_05 mirrecog_01 mirrecog_02 mirrecog_03 mirrecog_04 mirrecog_05
      clock_01 clock_02 clock_03 clock_04 clock_05
  	;
  Missing are all (-9999);
  USEVARIABLES are
  	!define the variables used in the analysis
  	! covariates used in the model
  age_c80
  edu_c7
  female
  sbp_c167	
  	!estimated time points
  time_01
  time_02
  time_03
  	!modelled time points of process (A)
  a_01
  a_02
  a_03
  ;
  TSCORES are
  	!estimated time points
  time_01
  time_02
  time_03;
  CLUSTER = PairID;
  SUBPOPULATION are
  	!select a subset of observations
  dementia_ever NE 1
  ;
  DEFINE:
  	! assign variables to the process (A)
  a_01 = grip_01;
  a_02 = grip_02;
  a_03 = grip_03;
  	!assign variables to time points
  time_01 = years_since_bl_01;
  time_02 = years_since_bl_02;
  time_03 = years_since_bl_03;
  	
  ANALYSIS: TYPE = RANDOM COMPLEX;
  COVERAGE=.00;
  MODEL:
  	!first-level equation
  	! assign process (A) to time points
  ia sa qa | a_01 AT time_01 ;
  ia sa qa | a_02 AT time_02 ;
  ia sa qa | a_03 AT time_03 ;
  	!variance of the first-level terms
  ia (v_ia);
  sa (v_sa);
  qa (v_qa);
  	!covariance among first-level terms
  ia WITH sa (c_iasa);
  ia WITH qa (c_iaqa);
  sa WITH qa (c_saqa);
  	!second-level equation
  ia sa qa ON age_c80
  edu_c7
  female
  sbp_c167;
  	!residual covariance of process (A)
  a_01 (res_a);
  a_02 (res_a);
  a_03 (res_a);	
  SAVEDATA:
  FILE is   u2_123_aefb_grip_fscores.dat;
  SAVE = FSCORES;
  RESULTS are   u2_123_aefb_grip_results.dat;
  	
  OUTPUT: sampstat cinterval;
  PLOT: Type is Plot1 Plot2 Plot3;



*** WARNING
  Data set contains cases with missing on x-variables.
  These cases were not included in the analysis.
  Number of cases with missing on x-variables:  92
*** WARNING
  Data set contains cases with missing on all variables except
  x-variables.  These cases were not included in the analysis.
  Number of cases with missing on all variables except x-variables:  23
   2 WARNING(S) FOUND IN THE INPUT INSTRUCTIONS




Script produced from the prototype in ./sandbox/syntax-creator/

SUMMARY OF ANALYSIS

Number of groups                                                 1
Number of observations                                         430

Number of dependent variables                                    3
Number of independent variables                                  4
Number of continuous latent variables                            3

Observed dependent variables

  Continuous
   A_01        A_02        A_03

Observed independent variables
   AGE_C80     EDU_C7      FEMALE      SBP_C167

Continuous latent variables
   IA          SA          QA

Variables with special functions

  Cluster variable      PAIRID
  Weight variable       _WEIGHT

  Time scores
   TIME_01     TIME_02     TIME_03


Estimator                                                      MLR
Information matrix                                        OBSERVED
Maximum number of iterations                                   100
Convergence criterion                                    0.100D-05
Maximum number of EM iterations                                500
Convergence criteria for the EM algorithm
  Loglikelihood change                                   0.100D-02
  Relative loglikelihood change                          0.100D-05
  Derivative                                             0.100D-03
Minimum variance                                         0.100D-03
Maximum number of steepest descent iterations                   20
Maximum number of iterations for H1                           2000
Convergence criterion for H1                             0.100D-03
Optimization algorithm                                         EMA

Input data file(s)
  wide-dataset.dat
Input data format  FREE



SAMPLE STATISTICS


     ESTIMATED SAMPLE STATISTICS


           Means
              A_01          A_02          A_03          AGE_C80       EDU_C7
              ________      ________      ________      ________      ________
 1              9.162         8.333         7.540         3.331         0.279


           Means
              FEMALE        SBP_C167
              ________      ________
 1              0.649        -6.384


           Covariances
              A_01          A_02          A_03          AGE_C80       EDU_C7
              ________      ________      ________      ________      ________
 A_01           7.835
 A_02           5.935         7.065
 A_03           5.771         5.987         7.662
 AGE_C80       -2.286        -2.060        -2.726         9.141
 EDU_C7         0.537         0.799         0.500        -0.535         6.071
 FEMALE        -0.632        -0.551        -0.523         0.113        -0.116
 SBP_C167       2.637         1.361        -1.045        -5.466         1.084


           Covariances
              FEMALE        SBP_C167
              ________      ________
 FEMALE         0.228
 SBP_C167       0.670       492.353


           Correlations
              A_01          A_02          A_03          AGE_C80       EDU_C7
              ________      ________      ________      ________      ________
 A_01           1.000
 A_02           0.798         1.000
 A_03           0.745         0.814         1.000
 AGE_C80       -0.270        -0.256        -0.326         1.000
 EDU_C7         0.078         0.122         0.073        -0.072         1.000
 FEMALE        -0.473        -0.434        -0.396         0.078        -0.099
 SBP_C167       0.042         0.023        -0.017        -0.081         0.020


           Correlations
              FEMALE        SBP_C167
              ________      ________
 FEMALE         1.000
 SBP_C167       0.063         1.000


     MAXIMUM LOG-LIKELIHOOD VALUE FOR THE UNRESTRICTED (H1) MODEL IS -8756.336


UNIVARIATE HIGHER-ORDER MOMENT DESCRIPTIVE STATISTICS


     UNIVARIATE HIGHER-ORDER MOMENT DESCRIPTIVE STATISTICS

         Variable/         Mean/     Skewness/   Minimum/ % with                Percentiles
        Sample Size      Variance    Kurtosis    Maximum  Min/Max      20%/60%    40%/80%    Median

     A_01                  9.208       0.236       0.000    0.36%       6.960      8.120      8.700
             552.000       7.843       0.507      18.850    0.18%       9.425     11.600
     A_02                  8.430       0.101       0.000    1.22%       6.090      7.395      8.120
             490.000       6.943       0.755      19.140    0.20%       8.700     10.440
     A_03                  7.820       0.311       0.000    2.31%       5.220      6.960      7.250
             390.000       7.295       0.725      17.400    0.26%       7.830      9.860
     AGE_C80               3.331       1.359      -0.630    0.17%       0.877      1.811      2.409
             587.000       9.141       2.255      17.918    0.17%       3.194      5.701
     EDU_C7                0.279       2.230      -7.000    0.17%      -1.000     -1.000     -1.000
             587.000       6.071       7.702      16.000    0.17%       0.000      1.000
     FEMALE                0.649      -0.624       0.000   34.75%       0.000      1.000      1.000
             587.000       0.228      -1.611       1.000   65.25%       1.000      1.000
     SBP_C167             -6.384       0.380     -57.000    1.53%     -27.000    -12.000     -7.000
             587.000     492.353       0.758      93.000    0.17%      -7.000     13.000


THE MODEL ESTIMATION TERMINATED NORMALLY



MODEL FIT INFORMATION

Number of Free Parameters                       22

Loglikelihood

          H0 Value                       -2101.551
          H0 Scaling Correction Factor      1.1951
            for MLR

Information Criteria

          Akaike (AIC)                    4247.103
          Bayesian (BIC)                  4336.506
          Sample-Size Adjusted BIC        4266.691
            (n* = (n + 2) / 24)



MODEL RESULTS

                                                    Two-Tailed
                    Estimate       S.E.  Est./S.E.    P-Value

 IA         ON
    AGE_C80           -0.212      0.038     -5.502      0.000
    EDU_C7             0.018      0.048      0.366      0.715
    FEMALE            -2.680      0.282     -9.513      0.000
    SBP_C167           0.007      0.005      1.293      0.196

 SA         ON
    AGE_C80            0.034      0.030      1.142      0.253
    EDU_C7             0.052      0.035      1.512      0.130
    FEMALE             0.220      0.171      1.286      0.198
    SBP_C167          -0.001      0.003     -0.386      0.700

 QA         ON
    AGE_C80           -0.012      0.008     -1.470      0.141
    EDU_C7            -0.013      0.007     -1.766      0.077
    FEMALE            -0.020      0.041     -0.501      0.616
    SBP_C167           0.000      0.001     -0.314      0.753

 IA       WITH
    SA                -0.367      0.858     -0.428      0.669
    QA                 0.042      0.144      0.289      0.772

 SA       WITH
    QA                -0.072      0.431     -0.168      0.867

 Intercepts
    A_01               0.000      0.000    999.000    999.000
    A_02               0.000      0.000    999.000    999.000
    A_03               0.000      0.000    999.000    999.000
    IA                11.648      0.282     41.368      0.000
    SA                -0.689      0.159     -4.326      0.000
    QA                 0.057      0.037      1.540      0.124

 Residual Variances
    A_01               1.054      1.152      0.915      0.360
    A_02               1.054      1.152      0.915      0.360
    A_03               1.054      1.152      0.915      0.360
    IA                 4.575      1.264      3.620      0.000
    SA                 0.438      1.872      0.234      0.815
    QA                 0.015      0.107      0.144      0.885


QUALITY OF NUMERICAL RESULTS

     Condition Number for the Information Matrix              0.261E-06
       (ratio of smallest to largest eigenvalue)


CONFIDENCE INTERVALS OF MODEL RESULTS

                  Lower .5%  Lower 2.5%    Lower 5%    Estimate    Upper 5%  Upper 2.5%   Upper .5%

 IA       ON
    AGE_C80         -0.311      -0.287      -0.275      -0.212      -0.148      -0.136      -0.113
    EDU_C7          -0.106      -0.077      -0.062       0.018       0.097       0.112       0.141
    FEMALE          -3.406      -3.233      -3.144      -2.680      -2.217      -2.128      -1.955
    SBP_C167        -0.007      -0.003      -0.002       0.007       0.015       0.017       0.020

 SA       ON
    AGE_C80         -0.043      -0.024      -0.015       0.034       0.083       0.092       0.110
    EDU_C7          -0.037      -0.015      -0.005       0.052       0.109       0.120       0.141
    FEMALE          -0.220      -0.115      -0.061       0.220       0.501       0.555       0.660
    SBP_C167        -0.010      -0.008      -0.007      -0.001       0.004       0.005       0.007

 QA       ON
    AGE_C80         -0.033      -0.028      -0.025      -0.012       0.001       0.004       0.009
    EDU_C7          -0.032      -0.027      -0.025      -0.013      -0.001       0.001       0.006
    FEMALE          -0.125      -0.100      -0.087      -0.020       0.046       0.059       0.084
    SBP_C167        -0.002      -0.002      -0.001       0.000       0.001       0.001       0.002

 IA       WITH
    SA              -2.577      -2.049      -1.779      -0.367       1.044       1.314       1.843
    QA              -0.329      -0.240      -0.195       0.042       0.278       0.323       0.412

 SA       WITH
    QA              -1.182      -0.917      -0.781      -0.072       0.637       0.772       1.038

 Intercepts
    A_01             0.000       0.000       0.000       0.000       0.000       0.000       0.000
    A_02             0.000       0.000       0.000       0.000       0.000       0.000       0.000
    A_03             0.000       0.000       0.000       0.000       0.000       0.000       0.000
    IA              10.923      11.096      11.185      11.648      12.111      12.200      12.374
    SA              -1.099      -1.001      -0.951      -0.689      -0.427      -0.377      -0.279
    QA              -0.038      -0.016      -0.004       0.057       0.118       0.130       0.153

 Residual Variances
    A_01            -1.914      -1.204      -0.841       1.054       2.950       3.312       4.022
    A_02            -1.914      -1.204      -0.841       1.054       2.950       3.312       4.022
    A_03            -1.914      -1.204      -0.841       1.054       2.950       3.312       4.022
    IA               1.319       2.098       2.496       4.575       6.654       7.052       7.831
    SA              -4.384      -3.231      -2.642       0.438       3.517       4.107       5.259
    QA              -0.261      -0.195      -0.161       0.015       0.192       0.226       0.292


SAMPLE STATISTICS FOR ESTIMATED FACTOR SCORES


     SAMPLE STATISTICS


           Means
              IA            IA_SE         SA            SA_SE         QA
              ________      ________      ________      ________      ________
 1              9.060         0.832        -0.449         0.576         0.005


           Means
              QA_SE
              ________
 1              0.116


           Covariances
              IA            IA_SE         SA            SA_SE         QA
              ________      ________      ________      ________      ________
 IA             6.646
 IA_SE         -0.040         0.014
 SA            -0.357         0.001         0.164
 SA_SE         -0.014         0.004         0.001         0.001
 QA             0.049         0.000        -0.022         0.000         0.004
 QA_SE         -0.001         0.000         0.000         0.000         0.000


           Covariances
              QA_SE
              ________
 QA_SE          0.000


           Correlations
              IA            IA_SE         SA            SA_SE         QA
              ________      ________      ________      ________      ________
 IA             1.000
 IA_SE         -0.132         1.000
 SA            -0.341         0.022         1.000
 SA_SE         -0.151         0.840         0.049         1.000
 QA             0.284        -0.014        -0.832        -0.040         1.000
 QA_SE         -0.141         0.685         0.039         0.921        -0.039


           Correlations
              QA_SE
              ________
 QA_SE          1.000


RESULTS SAVING INFORMATION

  Order of data

    Parameter estimates
     (saved in order shown in Technical 1 output)
    Standard errors
     (saved in order shown in Technical 1 output)
    H0 Loglikelihood
    H0 Scaling Correction Factor for MLR
    Number of Free Parameters
    Akaike (AIC)
    Bayesian (BIC)
    Sample-Size Adjusted BIC

  Save file
    u2_123_aefb_grip_results.dat

  Save file format           Free


PLOT INFORMATION

The following plots are available:

  Histograms (sample values, estimated factor scores)
  Scatterplots (sample values, estimated factor scores)
  Latent variable distribution plots

SAVEDATA INFORMATION


  Save file
    u2_123_aefb_grip_fscores.dat

  Order and format of variables

    A_01           F10.3
    A_02           F10.3
    A_03           F10.3
    AGE_C80        F10.3
    EDU_C7         F10.3
    FEMALE         F10.3
    SBP_C167       F10.3
    TIME_01        F10.3
    TIME_02        F10.3
    TIME_03        F10.3
    _WEIGHT        F10.3
    IA             F10.3
    IA_SE          F10.3
    SA             F10.3
    SA_SE          F10.3
    QA             F10.3
    QA_SE          F10.3
    PAIRID         I6

  Save file format
    17F10.3 I6

  Save file record length    10000


     Beginning Time:  18:08:43
        Ending Time:  18:08:46
       Elapsed Time:  00:00:03



MUTHEN & MUTHEN
3463 Stoner Ave.
Los Angeles, CA  90066

Tel: (310) 391-9971
Fax: (310) 391-8971
Web: www.StatModel.com
Support: Support@StatModel.com

Copyright (c) 1998-2014 Muthen & Muthen
