Mplus VERSION 7.3
MUTHEN & MUTHEN
12/17/2016   6:08 PM

INPUT INSTRUCTIONS

  TITLE:
  Script produced from the prototype in ./sandbox/syntax-creator/
  DATA:
  File = wide-dataset.dat ;
  VARIABLE:
  NAMES are
   Case PairID female age_c80 edu_c7 sbp_c167 smoke cardio diabetes dementia_ever
      years_since_bl_01 years_since_bl_02 years_since_bl_03 years_since_bl_04
      years_since_bl_05 pef_01 pef_02 pef_03 pef_04 pef_05 grip_01 grip_02 grip_03
      grip_04 grip_05 gait_01 gait_02 gait_03 gait_04 gait_05 block_01 block_02
      block_03 block_04 block_05 digitspanbackward_01 digitspanbackward_02
      digitspanbackward_03 digitspanbackward_04 digitspanbackward_05
      digitspanforward_01 digitspanforward_02 digitspanforward_03 digitspanforward_04
      digitspanforward_05 symbol_01 symbol_02 symbol_03 symbol_04 symbol_05 prose_01
      prose_02 prose_03 prose_04 prose_05 info_01 info_02 info_03 info_04 info_05
      synonyms_01 synonyms_02 synonyms_03 synonyms_04 synonyms_05 psif_01 psif_02
      psif_03 psif_04 psif_05 figure_01 figure_02 figure_03 figure_04 figure_05
      mirrecall_01 mirrecall_02 mirrecall_03 mirrecall_04 mirrecall_05 mmse_01 mmse_02
      mmse_03 mmse_04 mmse_05 mirnaming_01 mirnaming_02 mirnaming_03 mirnaming_04
      mirnaming_05 mirrecog_01 mirrecog_02 mirrecog_03 mirrecog_04 mirrecog_05
      clock_01 clock_02 clock_03 clock_04 clock_05
  	;
  Missing are all (-9999);
  USEVARIABLES are
  	!define the variables used in the analysis
  	! covariates used in the model
  age_c80	
  	!estimated time points
  time_01
  time_02
  time_03
  	!modelled time points of process (A)
  a_01
  a_02
  a_03
  ;
  TSCORES are
  	!estimated time points
  time_01
  time_02
  time_03;
  CLUSTER = PairID;
  SUBPOPULATION are
  	!select a subset of observations
  dementia_ever NE 1
  ;
  DEFINE:
  	! assign variables to the process (A)
  a_01 = grip_01;
  a_02 = grip_02;
  a_03 = grip_03;
  	!assign variables to time points
  time_01 = years_since_bl_01;
  time_02 = years_since_bl_02;
  time_03 = years_since_bl_03;
  	
  ANALYSIS: TYPE = RANDOM COMPLEX;
  COVERAGE=.00;
  MODEL:
  	!first-level equation
  	! assign process (A) to time points
  ia sa qa | a_01 AT time_01 ;
  ia sa qa | a_02 AT time_02 ;
  ia sa qa | a_03 AT time_03 ;
  	!variance of the first-level terms
  ia (v_ia);
  sa (v_sa);
  qa (v_qa);
  	!covariance among first-level terms
  ia WITH sa (c_iasa);
  ia WITH qa (c_iaqa);
  sa WITH qa (c_saqa);
  	!second-level equation
  ia sa qa ON age_c80;
  	!residual covariance of process (A)
  a_01 (res_a);
  a_02 (res_a);
  a_03 (res_a);	
  SAVEDATA:
  FILE is   u2_123_a_grip_fscores.dat;
  SAVE = FSCORES;
  RESULTS are   u2_123_a_grip_results.dat;
  	
  OUTPUT: sampstat cinterval;
  PLOT: Type is Plot1 Plot2 Plot3;



*** WARNING
  Data set contains cases with missing on all variables except
  x-variables.  These cases were not included in the analysis.
  Number of cases with missing on all variables except x-variables:  59
   1 WARNING(S) FOUND IN THE INPUT INSTRUCTIONS




Script produced from the prototype in ./sandbox/syntax-creator/

SUMMARY OF ANALYSIS

Number of groups                                                 1
Number of observations                                         453

Number of dependent variables                                    3
Number of independent variables                                  1
Number of continuous latent variables                            3

Observed dependent variables

  Continuous
   A_01        A_02        A_03

Observed independent variables
   AGE_C80

Continuous latent variables
   IA          SA          QA

Variables with special functions

  Cluster variable      PAIRID
  Weight variable       _WEIGHT

  Time scores
   TIME_01     TIME_02     TIME_03


Estimator                                                      MLR
Information matrix                                        OBSERVED
Maximum number of iterations                                   100
Convergence criterion                                    0.100D-05
Maximum number of EM iterations                                500
Convergence criteria for the EM algorithm
  Loglikelihood change                                   0.100D-02
  Relative loglikelihood change                          0.100D-05
  Derivative                                             0.100D-03
Minimum variance                                         0.100D-03
Maximum number of steepest descent iterations                   20
Maximum number of iterations for H1                           2000
Convergence criterion for H1                             0.100D-03
Optimization algorithm                                         EMA

Input data file(s)
  wide-dataset.dat
Input data format  FREE



SAMPLE STATISTICS


     ESTIMATED SAMPLE STATISTICS


           Means
              A_01          A_02          A_03          AGE_C80
              ________      ________      ________      ________
 1              8.990         8.188         7.360         3.389


           Covariances
              A_01          A_02          A_03          AGE_C80
              ________      ________      ________      ________
 A_01           8.337
 A_02           6.413         7.540
 A_03           6.372         6.540         8.305
 AGE_C80       -2.522        -2.275        -3.075         9.931


           Correlations
              A_01          A_02          A_03          AGE_C80
              ________      ________      ________      ________
 A_01           1.000
 A_02           0.809         1.000
 A_03           0.766         0.826         1.000
 AGE_C80       -0.277        -0.263        -0.339         1.000


     MAXIMUM LOG-LIKELIHOOD VALUE FOR THE UNRESTRICTED (H1) MODEL IS -4861.645


UNIVARIATE HIGHER-ORDER MOMENT DESCRIPTIVE STATISTICS


     UNIVARIATE HIGHER-ORDER MOMENT DESCRIPTIVE STATISTICS

         Variable/         Mean/     Skewness/   Minimum/ % with                Percentiles
        Sample Size      Variance    Kurtosis    Maximum  Min/Max      20%/60%    40%/80%    Median

     A_01                  9.065       0.159       0.000    0.68%       6.670      7.975      8.700
             586.000       8.309       0.499      18.850    0.17%       9.280     11.455
     A_02                  8.337       0.062       0.000    2.09%       5.945      7.250      7.975
             527.000       7.208       0.645      19.140    0.19%       8.700     10.150
     A_03                  7.705       0.236       0.000    2.93%       4.785      6.670      7.250
             410.000       7.689       0.625      17.400    0.24%       7.540      9.860
     AGE_C80               3.389       1.527      -0.630    0.16%       0.899      1.842      2.460
             643.000       9.931       3.112      17.918    0.16%       3.314      5.866


THE MODEL ESTIMATION TERMINATED NORMALLY



MODEL FIT INFORMATION

Number of Free Parameters                       13

Loglikelihood

          H0 Value                       -2261.806
          H0 Scaling Correction Factor      3.6189
            for MLR

Information Criteria

          Akaike (AIC)                    4549.613
          Bayesian (BIC)                  4603.119
          Sample-Size Adjusted BIC        4561.862
            (n* = (n + 2) / 24)



MODEL RESULTS

                                                    Two-Tailed
                    Estimate       S.E.  Est./S.E.    P-Value

 IA         ON
    AGE_C80           -0.253      0.049     -5.169      0.000

 SA         ON
    AGE_C80            0.036      0.124      0.291      0.771

 QA         ON
    AGE_C80           -0.012      0.038     -0.319      0.750

 IA       WITH
    SA                -0.482     10.817     -0.045      0.964
    QA                 0.056      1.669      0.033      0.973

 SA       WITH
    QA                -0.066      5.804     -0.011      0.991

 Intercepts
    A_01               0.000      0.000    999.000    999.000
    A_02               0.000      0.000    999.000    999.000
    A_03               0.000      0.000    999.000    999.000
    IA                 9.853      0.232     42.453      0.000
    SA                -0.505      0.437     -1.157      0.247
    QA                 0.036      0.130      0.279      0.780

 Residual Variances
    A_01               1.107     15.864      0.070      0.944
    A_02               1.107     15.864      0.070      0.944
    A_03               1.107     15.864      0.070      0.944
    IA                 6.593     15.650      0.421      0.674
    SA                 0.413     25.181      0.016      0.987
    QA                 0.014      1.450      0.009      0.992


QUALITY OF NUMERICAL RESULTS

     Condition Number for the Information Matrix              0.224E-07
       (ratio of smallest to largest eigenvalue)


CONFIDENCE INTERVALS OF MODEL RESULTS

                  Lower .5%  Lower 2.5%    Lower 5%    Estimate    Upper 5%  Upper 2.5%   Upper .5%

 IA       ON
    AGE_C80         -0.380      -0.350      -0.334      -0.253      -0.173      -0.157      -0.127

 SA       ON
    AGE_C80         -0.283      -0.207      -0.168       0.036       0.240       0.279       0.355

 QA       ON
    AGE_C80         -0.110      -0.087      -0.075      -0.012       0.050       0.062       0.086

 IA       WITH
    SA             -28.344     -21.683     -18.276      -0.482      17.311      20.718      27.379
    QA              -4.243      -3.216      -2.690       0.056       2.801       3.327       4.355

 SA       WITH
    QA             -15.016     -11.442      -9.613      -0.066       9.481      11.309      14.883

 Intercepts
    A_01             0.000       0.000       0.000       0.000       0.000       0.000       0.000
    A_02             0.000       0.000       0.000       0.000       0.000       0.000       0.000
    A_03             0.000       0.000       0.000       0.000       0.000       0.000       0.000
    IA               9.255       9.398       9.471       9.853      10.235      10.308      10.451
    SA              -1.631      -1.362      -1.224      -0.505       0.213       0.351       0.620
    QA              -0.300      -0.219      -0.178       0.036       0.251       0.292       0.372

 Residual Variances
    A_01           -39.756     -29.987     -24.990       1.107      27.203      32.200      41.969
    A_02           -39.756     -29.987     -24.990       1.107      27.203      32.200      41.969
    A_03           -39.756     -29.987     -24.990       1.107      27.203      32.200      41.969
    IA             -33.719     -24.081     -19.152       6.593      32.337      37.267      46.905
    SA             -64.448     -48.942     -41.010       0.413      41.836      49.768      65.275
    QA              -3.721      -2.828      -2.371       0.014       2.399       2.855       3.748


SAMPLE STATISTICS FOR ESTIMATED FACTOR SCORES


     SAMPLE STATISTICS


           Means
              IA            IA_SE         SA            SA_SE         QA
              ________      ________      ________      ________      ________
 1              8.744         0.878        -0.413         0.564        -0.004


           Means
              QA_SE
              ________
 1              0.110


           Covariances
              IA            IA_SE         SA            SA_SE         QA
              ________      ________      ________      ________      ________
 IA             7.349
 IA_SE         -0.095         0.022
 SA            -0.352         0.005         0.130
 SA_SE         -0.026         0.005         0.002         0.001
 QA             0.059        -0.001        -0.017         0.000         0.003
 QA_SE         -0.002         0.000         0.000         0.000         0.000


           Covariances
              QA_SE
              ________
 QA_SE          0.000


           Correlations
              IA            IA_SE         SA            SA_SE         QA
              ________      ________      ________      ________      ________
 IA             1.000
 IA_SE         -0.235         1.000
 SA            -0.360         0.088         1.000
 SA_SE         -0.254         0.893         0.118         1.000
 QA             0.374        -0.117        -0.832        -0.135         1.000
 QA_SE         -0.237         0.794         0.109         0.935        -0.129


           Correlations
              QA_SE
              ________
 QA_SE          1.000


RESULTS SAVING INFORMATION

  Order of data

    Parameter estimates
     (saved in order shown in Technical 1 output)
    Standard errors
     (saved in order shown in Technical 1 output)
    H0 Loglikelihood
    H0 Scaling Correction Factor for MLR
    Number of Free Parameters
    Akaike (AIC)
    Bayesian (BIC)
    Sample-Size Adjusted BIC

  Save file
    u2_123_a_grip_results.dat

  Save file format           Free


PLOT INFORMATION

The following plots are available:

  Histograms (sample values, estimated factor scores)
  Scatterplots (sample values, estimated factor scores)
  Latent variable distribution plots

SAVEDATA INFORMATION


  Save file
    u2_123_a_grip_fscores.dat

  Order and format of variables

    A_01           F10.3
    A_02           F10.3
    A_03           F10.3
    AGE_C80        F10.3
    TIME_01        F10.3
    TIME_02        F10.3
    TIME_03        F10.3
    _WEIGHT        F10.3
    IA             F10.3
    IA_SE          F10.3
    SA             F10.3
    SA_SE          F10.3
    QA             F10.3
    QA_SE          F10.3
    PAIRID         I6

  Save file format
    14F10.3 I6

  Save file record length    10000


     Beginning Time:  18:08:31
        Ending Time:  18:08:35
       Elapsed Time:  00:00:04



MUTHEN & MUTHEN
3463 Stoner Ave.
Los Angeles, CA  90066

Tel: (310) 391-9971
Fax: (310) 391-8971
Web: www.StatModel.com
Support: Support@StatModel.com

Copyright (c) 1998-2014 Muthen & Muthen
