Mplus VERSION 7.3
MUTHEN & MUTHEN
12/17/2016  12:01 PM

INPUT INSTRUCTIONS

  TITLE:
  Script produced from the prototype in ./sandbox/syntax-creator/
  DATA:
  File = wide-dataset.dat ;
  VARIABLE:
  NAMES are
   Case PairID female age_c80 edu_c7 sbp_c167 smoke cardio diabetes dementia_ever
      years_since_bl_01 years_since_bl_02 years_since_bl_03 years_since_bl_04
      years_since_bl_05 pef_01 pef_02 pef_03 pef_04 pef_05 grip_01 grip_02 grip_03
      grip_04 grip_05 gait_01 gait_02 gait_03 gait_04 gait_05 block_01 block_02
      block_03 block_04 block_05 digitspanbackward_01 digitspanbackward_02
      digitspanbackward_03 digitspanbackward_04 digitspanbackward_05
      digitspanforward_01 digitspanforward_02 digitspanforward_03 digitspanforward_04
      digitspanforward_05 symbol_01 symbol_02 symbol_03 symbol_04 symbol_05 prose_01
      prose_02 prose_03 prose_04 prose_05 info_01 info_02 info_03 info_04 info_05
      synonyms_01 synonyms_02 synonyms_03 synonyms_04 synonyms_05 psif_01 psif_02
      psif_03 psif_04 psif_05 figure_01 figure_02 figure_03 figure_04 figure_05
      mirrecall_01 mirrecall_02 mirrecall_03 mirrecall_04 mirrecall_05 mmse_01 mmse_02
      mmse_03 mmse_04 mmse_05 mirnaming_01 mirnaming_02 mirnaming_03 mirnaming_04
      mirnaming_05 mirrecog_01 mirrecog_02 mirrecog_03 mirrecog_04 mirrecog_05
      clock_01 clock_02 clock_03 clock_04 clock_05
  	;
  Missing are all (-9999);
  USEVARIABLES are
  	!define the variables used in the analysis
  	! covariates used in the model
  age_c80	
  	!estimated time points
  time_01
  time_03
  time_04
  time_05
  	!modelled time points of process (A)
  a_01
  a_03
  a_04
  a_05
  ;
  TSCORES are
  	!estimated time points
  time_01
  time_03
  time_04
  time_05;
  CLUSTER = PairID;
  SUBPOPULATION are
  	!select a subset of observations
  dementia_ever NE 1
  ;
  DEFINE:
  	! assign variables to the process (A)
  a_01 = grip_01;
  a_03 = grip_03;
  a_04 = grip_04;
  a_05 = grip_05;
  	!assign variables to time points
  time_01 = years_since_bl_01;
  time_03 = years_since_bl_03;
  time_04 = years_since_bl_04;
  time_05 = years_since_bl_05;
  	
  ANALYSIS: TYPE = RANDOM COMPLEX;
  COVERAGE=.00;
  MODEL:
  	!first-level equation
  	! assign process (A) to time points
  ia sa qa | a_01 AT time_01 ;
  ia sa qa | a_03 AT time_03 ;
  ia sa qa | a_04 AT time_04 ;
  ia sa qa | a_05 AT time_05 ;
  	!variance of the first-level terms
  ia (v_ia);
  sa (v_sa);
  qa (v_qa);
  	!covariance among first-level terms
  ia WITH sa (c_iasa);
  ia WITH qa (c_iaqa);
  sa WITH qa (c_saqa);
  	!second-level equation
  ia sa qa ON age_c80;
  	!residual covariance of process (A)
  a_01 (res_a);
  a_03 (res_a);
  a_04 (res_a);
  a_05 (res_a);	
  SAVEDATA:
  FILE is   u2_1345_a_grip_fscores.dat;
  SAVE = FSCORES;
  RESULTS are   u2_1345_a_grip_results.dat;
  	
  OUTPUT: sampstat cinterval;
  PLOT: Type is Plot1 Plot2 Plot3;



*** WARNING
  Data set contains cases with missing on all variables except
  x-variables.  These cases were not included in the analysis.
  Number of cases with missing on all variables except x-variables:  79
   1 WARNING(S) FOUND IN THE INPUT INSTRUCTIONS




Script produced from the prototype in ./sandbox/syntax-creator/

SUMMARY OF ANALYSIS

Number of groups                                                 1
Number of observations                                         446

Number of dependent variables                                    4
Number of independent variables                                  1
Number of continuous latent variables                            3

Observed dependent variables

  Continuous
   A_01        A_03        A_04        A_05

Observed independent variables
   AGE_C80

Continuous latent variables
   IA          SA          QA

Variables with special functions

  Cluster variable      PAIRID
  Weight variable       _WEIGHT

  Time scores
   TIME_01     TIME_03     TIME_04     TIME_05


Estimator                                                      MLR
Information matrix                                        OBSERVED
Maximum number of iterations                                   100
Convergence criterion                                    0.100D-05
Maximum number of EM iterations                                500
Convergence criteria for the EM algorithm
  Loglikelihood change                                   0.100D-02
  Relative loglikelihood change                          0.100D-05
  Derivative                                             0.100D-03
Minimum variance                                         0.100D-03
Maximum number of steepest descent iterations                   20
Maximum number of iterations for H1                           2000
Convergence criterion for H1                             0.100D-03
Optimization algorithm                                         EMA

Input data file(s)
  wide-dataset.dat
Input data format  FREE



SAMPLE STATISTICS


     ESTIMATED SAMPLE STATISTICS


           Means
              A_01          A_03          A_04          A_05          AGE_C80
              ________      ________      ________      ________      ________
 1              9.021         7.430         6.724         6.082         3.344


           Covariances
              A_01          A_03          A_04          A_05          AGE_C80
              ________      ________      ________      ________      ________
 A_01           8.374
 A_03           6.516         8.426
 A_04           6.341         6.883         8.020
 A_05           6.003         6.541         6.813         8.175
 AGE_C80       -2.429        -3.135        -3.306        -3.195         9.684


           Correlations
              A_01          A_03          A_04          A_05          AGE_C80
              ________      ________      ________      ________      ________
 A_01           1.000
 A_03           0.776         1.000
 A_04           0.774         0.837         1.000
 A_05           0.726         0.788         0.841         1.000
 AGE_C80       -0.270        -0.347        -0.375        -0.359         1.000


     MAXIMUM LOG-LIKELIHOOD VALUE FOR THE UNRESTRICTED (H1) MODEL IS -4811.441


UNIVARIATE HIGHER-ORDER MOMENT DESCRIPTIVE STATISTICS


     UNIVARIATE HIGHER-ORDER MOMENT DESCRIPTIVE STATISTICS

         Variable/         Mean/     Skewness/   Minimum/ % with                Percentiles
        Sample Size      Variance    Kurtosis    Maximum  Min/Max      20%/60%    40%/80%    Median

     A_01                  9.065       0.159       0.000    0.68%       6.670      7.975      8.700
             586.000       8.309       0.499      18.850    0.17%       9.280     11.455
     A_03                  7.705       0.236       0.000    2.93%       4.785      6.670      7.250
             410.000       7.689       0.625      17.400    0.24%       7.540      9.860
     A_04                  7.065       0.008       0.000    4.81%       4.640      6.090      6.670
             291.000       7.065       0.601      14.500    0.34%       7.250      8.990
     A_05                  6.522       0.041       0.000    0.97%       4.350      5.510      6.090
             207.000       6.716       0.135      17.400    0.48%       6.960      8.410
     AGE_C80               3.344       1.552      -0.630    0.16%       0.888      1.819      2.425
             623.000       9.684       3.325      17.918    0.16%       3.216      5.784


THE MODEL ESTIMATION TERMINATED NORMALLY



MODEL FIT INFORMATION

Number of Free Parameters                       13

Loglikelihood

          H0 Value                       -2306.851
          H0 Scaling Correction Factor      1.4632
            for MLR

Information Criteria

          Akaike (AIC)                    4639.703
          Bayesian (BIC)                  4693.007
          Sample-Size Adjusted BIC        4651.750
            (n* = (n + 2) / 24)



MODEL RESULTS

                                                    Two-Tailed
                    Estimate       S.E.  Est./S.E.    P-Value

 IA         ON
    AGE_C80           -0.250      0.048     -5.186      0.000

 SA         ON
    AGE_C80           -0.029      0.019     -1.540      0.123

 QA         ON
    AGE_C80            0.002      0.002      1.012      0.312

 IA       WITH
    SA                -0.200      0.162     -1.231      0.218
    QA                 0.005      0.020      0.243      0.808

 SA       WITH
    QA                -0.014      0.013     -1.080      0.280

 Intercepts
    A_01               0.000      0.000    999.000    999.000
    A_03               0.000      0.000    999.000    999.000
    A_04               0.000      0.000    999.000    999.000
    A_05               0.000      0.000    999.000    999.000
    IA                 9.861      0.233     42.385      0.000
    SA                -0.328      0.069     -4.761      0.000
    QA                -0.001      0.009     -0.085      0.932

 Residual Variances
    A_01               1.258      0.166      7.597      0.000
    A_03               1.258      0.166      7.597      0.000
    A_04               1.258      0.166      7.597      0.000
    A_05               1.258      0.166      7.597      0.000
    IA                 6.508      0.638     10.200      0.000
    SA                 0.142      0.101      1.404      0.160
    QA                 0.002      0.002      0.987      0.324


QUALITY OF NUMERICAL RESULTS

     Condition Number for the Information Matrix              0.852E-06
       (ratio of smallest to largest eigenvalue)


CONFIDENCE INTERVALS OF MODEL RESULTS

                  Lower .5%  Lower 2.5%    Lower 5%    Estimate    Upper 5%  Upper 2.5%   Upper .5%

 IA       ON
    AGE_C80         -0.374      -0.344      -0.329      -0.250      -0.171      -0.155      -0.126

 SA       ON
    AGE_C80         -0.077      -0.065      -0.060      -0.029       0.002       0.008       0.019

 QA       ON
    AGE_C80         -0.004      -0.002      -0.002       0.002       0.006       0.007       0.009

 IA       WITH
    SA              -0.618      -0.518      -0.467      -0.200       0.067       0.118       0.218
    QA              -0.047      -0.034      -0.028       0.005       0.038       0.044       0.057

 SA       WITH
    QA              -0.046      -0.038      -0.034      -0.014       0.007       0.011       0.019

 Intercepts
    A_01             0.000       0.000       0.000       0.000       0.000       0.000       0.000
    A_03             0.000       0.000       0.000       0.000       0.000       0.000       0.000
    A_04             0.000       0.000       0.000       0.000       0.000       0.000       0.000
    A_05             0.000       0.000       0.000       0.000       0.000       0.000       0.000
    IA               9.262       9.405       9.478       9.861      10.244      10.317      10.460
    SA              -0.506      -0.463      -0.442      -0.328      -0.215      -0.193      -0.151
    QA              -0.025      -0.019      -0.016      -0.001       0.014       0.017       0.023

 Residual Variances
    A_01             0.831       0.933       0.986       1.258       1.530       1.583       1.684
    A_03             0.831       0.933       0.986       1.258       1.530       1.583       1.684
    A_04             0.831       0.933       0.986       1.258       1.530       1.583       1.684
    A_05             0.831       0.933       0.986       1.258       1.530       1.583       1.684
    IA               4.865       5.258       5.459       6.508       7.558       7.759       8.152
    SA              -0.118      -0.056      -0.024       0.142       0.308       0.339       0.402
    QA              -0.003      -0.002      -0.001       0.002       0.004       0.005       0.006


SAMPLE STATISTICS FOR ESTIMATED FACTOR SCORES


     SAMPLE STATISTICS


           Means
              IA            IA_SE         SA            SA_SE         QA
              ________      ________      ________      ________      ________
 1              8.783         0.935        -0.451         0.339         0.009


           Means
              QA_SE
              ________
 1              0.038


           Covariances
              IA            IA_SE         SA            SA_SE         QA
              ________      ________      ________      ________      ________
 IA             6.911
 IA_SE         -0.079         0.017
 SA            -0.020         0.000         0.047
 SA_SE         -0.014         0.003         0.000         0.001
 QA            -0.008         0.000        -0.004         0.000         0.000
 QA_SE         -0.001         0.000         0.000         0.000         0.000


           Covariances
              QA_SE
              ________
 QA_SE          0.000


           Correlations
              IA            IA_SE         SA            SA_SE         QA
              ________      ________      ________      ________      ________
 IA             1.000
 IA_SE         -0.229         1.000
 SA            -0.035         0.000         1.000
 SA_SE         -0.217         0.852         0.032         1.000
 QA            -0.176         0.062        -0.914         0.031         1.000
 QA_SE         -0.204         0.708        -0.020         0.939         0.068


           Correlations
              QA_SE
              ________
 QA_SE          1.000


RESULTS SAVING INFORMATION

  Order of data

    Parameter estimates
     (saved in order shown in Technical 1 output)
    Standard errors
     (saved in order shown in Technical 1 output)
    H0 Loglikelihood
    H0 Scaling Correction Factor for MLR
    Number of Free Parameters
    Akaike (AIC)
    Bayesian (BIC)
    Sample-Size Adjusted BIC

  Save file
    u2_1345_a_grip_results.dat

  Save file format           Free


PLOT INFORMATION

The following plots are available:

  Histograms (sample values, estimated factor scores)
  Scatterplots (sample values, estimated factor scores)
  Latent variable distribution plots

SAVEDATA INFORMATION


  Save file
    u2_1345_a_grip_fscores.dat

  Order and format of variables

    A_01           F10.3
    A_03           F10.3
    A_04           F10.3
    A_05           F10.3
    AGE_C80        F10.3
    TIME_01        F10.3
    TIME_03        F10.3
    TIME_04        F10.3
    TIME_05        F10.3
    _WEIGHT        F10.3
    IA             F10.3
    IA_SE          F10.3
    SA             F10.3
    SA_SE          F10.3
    QA             F10.3
    QA_SE          F10.3
    PAIRID         I6

  Save file format
    16F10.3 I6

  Save file record length    10000


     Beginning Time:  12:01:26
        Ending Time:  12:01:28
       Elapsed Time:  00:00:02



MUTHEN & MUTHEN
3463 Stoner Ave.
Los Angeles, CA  90066

Tel: (310) 391-9971
Fax: (310) 391-8971
Web: www.StatModel.com
Support: Support@StatModel.com

Copyright (c) 1998-2014 Muthen & Muthen
