Mplus VERSION 7.3
MUTHEN & MUTHEN
12/17/2016   6:18 PM

INPUT INSTRUCTIONS

  TITLE:
  Script produced from the prototype in ./sandbox/syntax-creator/
  DATA:
  File = wide-dataset.dat ;
  VARIABLE:
  NAMES are
   Case PairID female age_c80 edu_c7 sbp_c167 smoke cardio diabetes dementia_ever
      years_since_bl_01 years_since_bl_02 years_since_bl_03 years_since_bl_04
      years_since_bl_05 pef_01 pef_02 pef_03 pef_04 pef_05 grip_01 grip_02 grip_03
      grip_04 grip_05 gait_01 gait_02 gait_03 gait_04 gait_05 block_01 block_02
      block_03 block_04 block_05 digitspanbackward_01 digitspanbackward_02
      digitspanbackward_03 digitspanbackward_04 digitspanbackward_05
      digitspanforward_01 digitspanforward_02 digitspanforward_03 digitspanforward_04
      digitspanforward_05 symbol_01 symbol_02 symbol_03 symbol_04 symbol_05 prose_01
      prose_02 prose_03 prose_04 prose_05 info_01 info_02 info_03 info_04 info_05
      synonyms_01 synonyms_02 synonyms_03 synonyms_04 synonyms_05 psif_01 psif_02
      psif_03 psif_04 psif_05 figure_01 figure_02 figure_03 figure_04 figure_05
      mirrecall_01 mirrecall_02 mirrecall_03 mirrecall_04 mirrecall_05 mmse_01 mmse_02
      mmse_03 mmse_04 mmse_05 mirnaming_01 mirnaming_02 mirnaming_03 mirnaming_04
      mirnaming_05 mirrecog_01 mirrecog_02 mirrecog_03 mirrecog_04 mirrecog_05
      clock_01 clock_02 clock_03 clock_04 clock_05
  	;
  Missing are all (-9999);
  USEVARIABLES are
  	!define the variables used in the analysis
  	! covariates used in the model
  age_c80	
  	!estimated time points
  time_01
  time_04
  time_05
  	!modelled time points of process (A)
  a_01
  a_04
  a_05
  ;
  TSCORES are
  	!estimated time points
  time_01
  time_04
  time_05;
  CLUSTER = PairID;
  SUBPOPULATION are
  	!select a subset of observations
  dementia_ever NE 1
  ;
  DEFINE:
  	! assign variables to the process (A)
  a_01 = grip_01;
  a_04 = grip_04;
  a_05 = grip_05;
  	!assign variables to time points
  time_01 = years_since_bl_01;
  time_04 = years_since_bl_04;
  time_05 = years_since_bl_05;
  	
  ANALYSIS: TYPE = RANDOM COMPLEX;
  COVERAGE=.00;
  MODEL:
  	!first-level equation
  	! assign process (A) to time points
  ia sa qa | a_01 AT time_01 ;
  ia sa qa | a_04 AT time_04 ;
  ia sa qa | a_05 AT time_05 ;
  	!variance of the first-level terms
  ia (v_ia);
  sa (v_sa);
  qa (v_qa);
  	!covariance among first-level terms
  ia WITH sa (c_iasa);
  ia WITH qa (c_iaqa);
  sa WITH qa (c_saqa);
  	!second-level equation
  ia sa qa ON age_c80;
  	!residual covariance of process (A)
  a_01 (res_a);
  a_04 (res_a);
  a_05 (res_a);	
  SAVEDATA:
  FILE is   u2_145_a_grip_fscores.dat;
  SAVE = FSCORES;
  RESULTS are   u2_145_a_grip_results.dat;
  	
  OUTPUT: sampstat cinterval;
  PLOT: Type is Plot1 Plot2 Plot3;



*** WARNING
  Data set contains cases with missing on all variables except
  x-variables.  These cases were not included in the analysis.
  Number of cases with missing on all variables except x-variables:  97
   1 WARNING(S) FOUND IN THE INPUT INSTRUCTIONS




Script produced from the prototype in ./sandbox/syntax-creator/

SUMMARY OF ANALYSIS

Number of groups                                                 1
Number of observations                                         434

Number of dependent variables                                    3
Number of independent variables                                  1
Number of continuous latent variables                            3

Observed dependent variables

  Continuous
   A_01        A_04        A_05

Observed independent variables
   AGE_C80

Continuous latent variables
   IA          SA          QA

Variables with special functions

  Cluster variable      PAIRID
  Weight variable       _WEIGHT

  Time scores
   TIME_01     TIME_04     TIME_05


Estimator                                                      MLR
Information matrix                                        OBSERVED
Maximum number of iterations                                   100
Convergence criterion                                    0.100D-05
Maximum number of EM iterations                                500
Convergence criteria for the EM algorithm
  Loglikelihood change                                   0.100D-02
  Relative loglikelihood change                          0.100D-05
  Derivative                                             0.100D-03
Minimum variance                                         0.100D-03
Maximum number of steepest descent iterations                   20
Maximum number of iterations for H1                           2000
Convergence criterion for H1                             0.100D-03
Optimization algorithm                                         EMA

Input data file(s)
  wide-dataset.dat
Input data format  FREE



SAMPLE STATISTICS


     ESTIMATED SAMPLE STATISTICS


           Means
              A_01          A_04          A_05          AGE_C80
              ________      ________      ________      ________
 1              9.037         6.822         6.159         3.312


           Covariances
              A_01          A_04          A_05          AGE_C80
              ________      ________      ________      ________
 A_01           8.366
 A_04           6.329         7.690
 A_05           6.018         6.527         7.960
 AGE_C80       -2.443        -2.907        -2.904         9.335


           Correlations
              A_01          A_04          A_05          AGE_C80
              ________      ________      ________      ________
 A_01           1.000
 A_04           0.789         1.000
 A_05           0.737         0.834         1.000
 AGE_C80       -0.276        -0.343        -0.337         1.000


     MAXIMUM LOG-LIKELIHOOD VALUE FOR THE UNRESTRICTED (H1) MODEL IS -3990.129


UNIVARIATE HIGHER-ORDER MOMENT DESCRIPTIVE STATISTICS


     UNIVARIATE HIGHER-ORDER MOMENT DESCRIPTIVE STATISTICS

         Variable/         Mean/     Skewness/   Minimum/ % with                Percentiles
        Sample Size      Variance    Kurtosis    Maximum  Min/Max      20%/60%    40%/80%    Median

     A_01                  9.065       0.159       0.000    0.68%       6.670      7.975      8.700
             586.000       8.309       0.499      18.850    0.17%       9.280     11.455
     A_04                  7.065       0.008       0.000    4.81%       4.640      6.090      6.670
             291.000       7.065       0.601      14.500    0.34%       7.250      8.990
     A_05                  6.522       0.041       0.000    0.97%       4.350      5.510      6.090
             207.000       6.716       0.135      17.400    0.48%       6.960      8.410
     AGE_C80               3.312       1.467      -0.630    0.17%       0.888      1.819      2.425
             605.000       9.335       2.890      17.918    0.17%       3.258      5.816


THE MODEL ESTIMATION TERMINATED NORMALLY



MODEL FIT INFORMATION

Number of Free Parameters                       13

Loglikelihood

          H0 Value                       -1761.711
          H0 Scaling Correction Factor      1.2682
            for MLR

Information Criteria

          Akaike (AIC)                    3549.422
          Bayesian (BIC)                  3602.372
          Sample-Size Adjusted BIC        3561.117
            (n* = (n + 2) / 24)



MODEL RESULTS

                                                    Two-Tailed
                    Estimate       S.E.  Est./S.E.    P-Value

 IA         ON
    AGE_C80           -0.262      0.048     -5.475      0.000

 SA         ON
    AGE_C80           -0.014      0.025     -0.544      0.586

 QA         ON
    AGE_C80            0.001      0.003      0.295      0.768

 IA       WITH
    SA                -0.236      0.349     -0.677      0.498
    QA                 0.006      0.033      0.172      0.863

 SA       WITH
    QA                -0.023      0.092     -0.245      0.806

 Intercepts
    A_01               0.000      0.000    999.000    999.000
    A_04               0.000      0.000    999.000    999.000
    A_05               0.000      0.000    999.000    999.000
    IA                 9.905      0.235     42.145      0.000
    SA                -0.345      0.105     -3.302      0.001
    QA                 0.001      0.014      0.055      0.956

 Residual Variances
    A_01               0.942      1.075      0.877      0.381
    A_04               0.942      1.075      0.877      0.381
    A_05               0.942      1.075      0.877      0.381
    IA                 6.788      1.248      5.440      0.000
    SA                 0.199      0.728      0.273      0.785
    QA                 0.003      0.012      0.257      0.797


QUALITY OF NUMERICAL RESULTS

     Condition Number for the Information Matrix              0.710E-07
       (ratio of smallest to largest eigenvalue)


CONFIDENCE INTERVALS OF MODEL RESULTS

                  Lower .5%  Lower 2.5%    Lower 5%    Estimate    Upper 5%  Upper 2.5%   Upper .5%

 IA       ON
    AGE_C80         -0.385      -0.356      -0.341      -0.262      -0.183      -0.168      -0.139

 SA       ON
    AGE_C80         -0.079      -0.063      -0.055      -0.014       0.028       0.036       0.051

 QA       ON
    AGE_C80         -0.008      -0.006      -0.005       0.001       0.006       0.008       0.010

 IA       WITH
    SA              -1.134      -0.919      -0.809      -0.236       0.337       0.447       0.662
    QA              -0.079      -0.059      -0.049       0.006       0.060       0.070       0.091

 SA       WITH
    QA              -0.259      -0.203      -0.174      -0.023       0.129       0.158       0.214

 Intercepts
    A_01             0.000       0.000       0.000       0.000       0.000       0.000       0.000
    A_04             0.000       0.000       0.000       0.000       0.000       0.000       0.000
    A_05             0.000       0.000       0.000       0.000       0.000       0.000       0.000
    IA               9.300       9.445       9.519       9.905      10.292      10.366      10.511
    SA              -0.615      -0.550      -0.517      -0.345      -0.173      -0.140      -0.076
    QA              -0.035      -0.026      -0.022       0.001       0.024       0.028       0.037

 Residual Variances
    A_01            -1.826      -1.165      -0.826       0.942       2.710       3.049       3.711
    A_04            -1.826      -1.165      -0.826       0.942       2.710       3.049       3.711
    A_05            -1.826      -1.165      -0.826       0.942       2.710       3.049       3.711
    IA               3.574       4.342       4.735       6.788       8.841       9.234      10.002
    SA              -1.678      -1.229      -1.000       0.199       1.397       1.626       2.075
    QA              -0.028      -0.021      -0.017       0.003       0.023       0.027       0.034


SAMPLE STATISTICS FOR ESTIMATED FACTOR SCORES


     SAMPLE STATISTICS


           Means
              IA            IA_SE         SA            SA_SE         QA
              ________      ________      ________      ________      ________
 1              8.878         0.880        -0.401         0.414         0.004


           Means
              QA_SE
              ________
 1              0.053


           Covariances
              IA            IA_SE         SA            SA_SE         QA
              ________      ________      ________      ________      ________
 IA             7.281
 IA_SE         -0.051         0.014
 SA            -0.159         0.000         0.037
 SA_SE         -0.011         0.002         0.000         0.001
 QA             0.003         0.000        -0.003         0.000         0.000
 QA_SE         -0.001         0.000         0.000         0.000         0.000


           Covariances
              QA_SE
              ________
 QA_SE          0.000


           Correlations
              IA            IA_SE         SA            SA_SE         QA
              ________      ________      ________      ________      ________
 IA             1.000
 IA_SE         -0.161         1.000
 SA            -0.306         0.001         1.000
 SA_SE         -0.155         0.514         0.030         1.000
 QA             0.060         0.027        -0.800         0.020         1.000
 QA_SE         -0.128         0.267        -0.083         0.881         0.100


           Correlations
              QA_SE
              ________
 QA_SE          1.000


RESULTS SAVING INFORMATION

  Order of data

    Parameter estimates
     (saved in order shown in Technical 1 output)
    Standard errors
     (saved in order shown in Technical 1 output)
    H0 Loglikelihood
    H0 Scaling Correction Factor for MLR
    Number of Free Parameters
    Akaike (AIC)
    Bayesian (BIC)
    Sample-Size Adjusted BIC

  Save file
    u2_145_a_grip_results.dat

  Save file format           Free


PLOT INFORMATION

The following plots are available:

  Histograms (sample values, estimated factor scores)
  Scatterplots (sample values, estimated factor scores)
  Latent variable distribution plots

SAVEDATA INFORMATION


  Save file
    u2_145_a_grip_fscores.dat

  Order and format of variables

    A_01           F10.3
    A_04           F10.3
    A_05           F10.3
    AGE_C80        F10.3
    TIME_01        F10.3
    TIME_04        F10.3
    TIME_05        F10.3
    _WEIGHT        F10.3
    IA             F10.3
    IA_SE          F10.3
    SA             F10.3
    SA_SE          F10.3
    QA             F10.3
    QA_SE          F10.3
    PAIRID         I6

  Save file format
    14F10.3 I6

  Save file record length    10000


     Beginning Time:  18:18:39
        Ending Time:  18:18:41
       Elapsed Time:  00:00:02



MUTHEN & MUTHEN
3463 Stoner Ave.
Los Angeles, CA  90066

Tel: (310) 391-9971
Fax: (310) 391-8971
Web: www.StatModel.com
Support: Support@StatModel.com

Copyright (c) 1998-2014 Muthen & Muthen
