Mplus VERSION 7.3
MUTHEN & MUTHEN
12/17/2016  12:01 PM

INPUT INSTRUCTIONS

  TITLE:
  Script produced from the prototype in ./sandbox/syntax-creator/
  DATA:
  File = wide-dataset.dat ;
  VARIABLE:
  NAMES are
   Case PairID female age_c80 edu_c7 sbp_c167 smoke cardio diabetes dementia_ever
      years_since_bl_01 years_since_bl_02 years_since_bl_03 years_since_bl_04
      years_since_bl_05 pef_01 pef_02 pef_03 pef_04 pef_05 grip_01 grip_02 grip_03
      grip_04 grip_05 gait_01 gait_02 gait_03 gait_04 gait_05 block_01 block_02
      block_03 block_04 block_05 digitspanbackward_01 digitspanbackward_02
      digitspanbackward_03 digitspanbackward_04 digitspanbackward_05
      digitspanforward_01 digitspanforward_02 digitspanforward_03 digitspanforward_04
      digitspanforward_05 symbol_01 symbol_02 symbol_03 symbol_04 symbol_05 prose_01
      prose_02 prose_03 prose_04 prose_05 info_01 info_02 info_03 info_04 info_05
      synonyms_01 synonyms_02 synonyms_03 synonyms_04 synonyms_05 psif_01 psif_02
      psif_03 psif_04 psif_05 figure_01 figure_02 figure_03 figure_04 figure_05
      mirrecall_01 mirrecall_02 mirrecall_03 mirrecall_04 mirrecall_05 mmse_01 mmse_02
      mmse_03 mmse_04 mmse_05 mirnaming_01 mirnaming_02 mirnaming_03 mirnaming_04
      mirnaming_05 mirrecog_01 mirrecog_02 mirrecog_03 mirrecog_04 mirrecog_05
      clock_01 clock_02 clock_03 clock_04 clock_05
  	;
  Missing are all (-9999);
  USEVARIABLES are
  	!define the variables used in the analysis
  	! covariates used in the model
  age_c80
  edu_c7
  female
  sbp_c167	
  	!estimated time points
  time_01
  time_02
  time_03
  time_04
  	!modelled time points of process (A)
  a_01
  a_02
  a_03
  a_04
  ;
  TSCORES are
  	!estimated time points
  time_01
  time_02
  time_03
  time_04;
  CLUSTER = PairID;
  SUBPOPULATION are
  	!select a subset of observations
  dementia_ever NE 1
  ;
  DEFINE:
  	! assign variables to the process (A)
  a_01 = grip_01;
  a_02 = grip_02;
  a_03 = grip_03;
  a_04 = grip_04;
  	!assign variables to time points
  time_01 = years_since_bl_01;
  time_02 = years_since_bl_02;
  time_03 = years_since_bl_03;
  time_04 = years_since_bl_04;
  	
  ANALYSIS: TYPE = RANDOM COMPLEX;
  COVERAGE=.00;
  MODEL:
  	!first-level equation
  	! assign process (A) to time points
  ia sa qa | a_01 AT time_01 ;
  ia sa qa | a_02 AT time_02 ;
  ia sa qa | a_03 AT time_03 ;
  ia sa qa | a_04 AT time_04 ;
  	!variance of the first-level terms
  ia (v_ia);
  sa (v_sa);
  qa (v_qa);
  	!covariance among first-level terms
  ia WITH sa (c_iasa);
  ia WITH qa (c_iaqa);
  sa WITH qa (c_saqa);
  	!second-level equation
  ia sa qa ON age_c80
  edu_c7
  female
  sbp_c167;
  	!residual covariance of process (A)
  a_01 (res_a);
  a_02 (res_a);
  a_03 (res_a);
  a_04 (res_a);	
  SAVEDATA:
  FILE is   u2_1234_aefb_grip_fscores.dat;
  SAVE = FSCORES;
  RESULTS are   u2_1234_aefb_grip_results.dat;
  	
  OUTPUT: sampstat cinterval;
  PLOT: Type is Plot1 Plot2 Plot3;



*** WARNING
  Data set contains cases with missing on x-variables.
  These cases were not included in the analysis.
  Number of cases with missing on x-variables:  92
*** WARNING
  Data set contains cases with missing on all variables except
  x-variables.  These cases were not included in the analysis.
  Number of cases with missing on all variables except x-variables:  23
   2 WARNING(S) FOUND IN THE INPUT INSTRUCTIONS




Script produced from the prototype in ./sandbox/syntax-creator/

SUMMARY OF ANALYSIS

Number of groups                                                 1
Number of observations                                         430

Number of dependent variables                                    4
Number of independent variables                                  4
Number of continuous latent variables                            3

Observed dependent variables

  Continuous
   A_01        A_02        A_03        A_04

Observed independent variables
   AGE_C80     EDU_C7      FEMALE      SBP_C167

Continuous latent variables
   IA          SA          QA

Variables with special functions

  Cluster variable      PAIRID
  Weight variable       _WEIGHT

  Time scores
   TIME_01     TIME_02     TIME_03     TIME_04


Estimator                                                      MLR
Information matrix                                        OBSERVED
Maximum number of iterations                                   100
Convergence criterion                                    0.100D-05
Maximum number of EM iterations                                500
Convergence criteria for the EM algorithm
  Loglikelihood change                                   0.100D-02
  Relative loglikelihood change                          0.100D-05
  Derivative                                             0.100D-03
Minimum variance                                         0.100D-03
Maximum number of steepest descent iterations                   20
Maximum number of iterations for H1                           2000
Convergence criterion for H1                             0.100D-03
Optimization algorithm                                         EMA

Input data file(s)
  wide-dataset.dat
Input data format  FREE



SAMPLE STATISTICS


     ESTIMATED SAMPLE STATISTICS


           Means
              A_01          A_02          A_03          A_04          AGE_C80
              ________      ________      ________      ________      ________
 1              9.164         8.331         7.538         6.849         3.331


           Means
              EDU_C7        FEMALE        SBP_C167
              ________      ________      ________
 1              0.279         0.649        -6.384


           Covariances
              A_01          A_02          A_03          A_04          AGE_C80
              ________      ________      ________      ________      ________
 A_01           7.835
 A_02           5.931         7.066
 A_03           5.778         5.997         7.668
 A_04           5.758         5.844         6.106         7.307
 AGE_C80       -2.295        -2.061        -2.722        -2.678         9.141
 EDU_C7         0.534         0.802         0.501         0.494        -0.535
 FEMALE        -0.632        -0.550        -0.524        -0.514         0.113
 SBP_C167       2.663         1.419        -1.055        -2.191        -5.466


           Covariances
              EDU_C7        FEMALE        SBP_C167
              ________      ________      ________
 EDU_C7         6.071
 FEMALE        -0.116         0.228
 SBP_C167       1.084         0.670       492.353


           Correlations
              A_01          A_02          A_03          A_04          AGE_C80
              ________      ________      ________      ________      ________
 A_01           1.000
 A_02           0.797         1.000
 A_03           0.745         0.815         1.000
 A_04           0.761         0.813         0.816         1.000
 AGE_C80       -0.271        -0.256        -0.325        -0.328         1.000
 EDU_C7         0.077         0.122         0.073         0.074        -0.072
 FEMALE        -0.473        -0.434        -0.396        -0.398         0.078
 SBP_C167       0.043         0.024        -0.017        -0.037        -0.081


           Correlations
              EDU_C7        FEMALE        SBP_C167
              ________      ________      ________
 EDU_C7         1.000
 FEMALE        -0.099         1.000
 SBP_C167       0.020         0.063         1.000


     MAXIMUM LOG-LIKELIHOOD VALUE FOR THE UNRESTRICTED (H1) MODEL IS -9251.046


UNIVARIATE HIGHER-ORDER MOMENT DESCRIPTIVE STATISTICS


     UNIVARIATE HIGHER-ORDER MOMENT DESCRIPTIVE STATISTICS

         Variable/         Mean/     Skewness/   Minimum/ % with                Percentiles
        Sample Size      Variance    Kurtosis    Maximum  Min/Max      20%/60%    40%/80%    Median

     A_01                  9.208       0.236       0.000    0.36%       6.960      8.120      8.700
             552.000       7.843       0.507      18.850    0.18%       9.425     11.600
     A_02                  8.430       0.101       0.000    1.22%       6.090      7.395      8.120
             490.000       6.943       0.755      19.140    0.20%       8.700     10.440
     A_03                  7.820       0.311       0.000    2.31%       5.220      6.960      7.250
             390.000       7.295       0.725      17.400    0.26%       7.830      9.860
     A_04                  7.111       0.058       0.000    3.53%       4.930      6.090      6.670
             283.000       6.903       0.576      14.500    0.35%       7.250      8.990
     AGE_C80               3.331       1.359      -0.630    0.17%       0.877      1.811      2.409
             587.000       9.141       2.255      17.918    0.17%       3.194      5.701
     EDU_C7                0.279       2.230      -7.000    0.17%      -1.000     -1.000     -1.000
             587.000       6.071       7.702      16.000    0.17%       0.000      1.000
     FEMALE                0.649      -0.624       0.000   34.75%       0.000      1.000      1.000
             587.000       0.228      -1.611       1.000   65.25%       1.000      1.000
     SBP_C167             -6.384       0.380     -57.000    1.53%     -27.000    -12.000     -7.000
             587.000     492.353       0.758      93.000    0.17%      -7.000     13.000


THE MODEL ESTIMATION TERMINATED NORMALLY



MODEL FIT INFORMATION

Number of Free Parameters                       22

Loglikelihood

          H0 Value                       -2466.533
          H0 Scaling Correction Factor      1.1729
            for MLR

Information Criteria

          Akaike (AIC)                    4977.066
          Bayesian (BIC)                  5066.469
          Sample-Size Adjusted BIC        4996.654
            (n* = (n + 2) / 24)



MODEL RESULTS

                                                    Two-Tailed
                    Estimate       S.E.  Est./S.E.    P-Value

 IA         ON
    AGE_C80           -0.206      0.039     -5.314      0.000
    EDU_C7             0.023      0.047      0.480      0.631
    FEMALE            -2.679      0.280     -9.578      0.000
    SBP_C167           0.007      0.005      1.357      0.175

 SA         ON
    AGE_C80            0.000      0.020     -0.002      0.999
    EDU_C7             0.021      0.026      0.801      0.423
    FEMALE             0.219      0.129      1.701      0.089
    SBP_C167          -0.002      0.002     -0.972      0.331

 QA         ON
    AGE_C80           -0.002      0.003     -0.611      0.541
    EDU_C7            -0.004      0.004     -0.959      0.337
    FEMALE            -0.019      0.020     -0.985      0.325
    SBP_C167           0.000      0.000      0.109      0.913

 IA       WITH
    SA                -0.243      0.158     -1.538      0.124
    QA                 0.024      0.025      0.991      0.322

 SA       WITH
    QA                -0.029      0.020     -1.480      0.139

 Intercepts
    A_01               0.000      0.000    999.000    999.000
    A_02               0.000      0.000    999.000    999.000
    A_03               0.000      0.000    999.000    999.000
    A_04               0.000      0.000    999.000    999.000
    IA                11.634      0.278     41.880      0.000
    SA                -0.589      0.114     -5.182      0.000
    QA                 0.027      0.018      1.533      0.125

 Residual Variances
    A_01               1.246      0.137      9.090      0.000
    A_02               1.246      0.137      9.090      0.000
    A_03               1.246      0.137      9.090      0.000
    A_04               1.246      0.137      9.090      0.000
    IA                 4.376      0.467      9.366      0.000
    SA                 0.250      0.127      1.977      0.048
    QA                 0.004      0.003      1.117      0.264


QUALITY OF NUMERICAL RESULTS

     Condition Number for the Information Matrix              0.192E-05
       (ratio of smallest to largest eigenvalue)


CONFIDENCE INTERVALS OF MODEL RESULTS

                  Lower .5%  Lower 2.5%    Lower 5%    Estimate    Upper 5%  Upper 2.5%   Upper .5%

 IA       ON
    AGE_C80         -0.306      -0.282      -0.270      -0.206      -0.142      -0.130      -0.106
    EDU_C7          -0.099      -0.070      -0.055       0.023       0.100       0.115       0.144
    FEMALE          -3.399      -3.227      -3.139      -2.679      -2.219      -2.130      -1.958
    SBP_C167        -0.006      -0.003      -0.001       0.007       0.015       0.017       0.020

 SA       ON
    AGE_C80         -0.051      -0.039      -0.033       0.000       0.033       0.039       0.051
    EDU_C7          -0.046      -0.030      -0.022       0.021       0.064       0.072       0.088
    FEMALE          -0.113      -0.033       0.007       0.219       0.431       0.472       0.551
    SBP_C167        -0.008      -0.007      -0.006      -0.002       0.002       0.002       0.004

 QA       ON
    AGE_C80         -0.010      -0.008      -0.007      -0.002       0.003       0.004       0.006
    EDU_C7          -0.014      -0.012      -0.011      -0.004       0.003       0.004       0.007
    FEMALE          -0.070      -0.058      -0.052      -0.019       0.013       0.019       0.031
    SBP_C167        -0.001      -0.001      -0.001       0.000       0.001       0.001       0.001

 IA       WITH
    SA              -0.651      -0.553      -0.504      -0.243       0.017       0.067       0.164
    QA              -0.039      -0.024      -0.016       0.024       0.065       0.073       0.088

 SA       WITH
    QA              -0.080      -0.067      -0.061      -0.029       0.003       0.009       0.021

 Intercepts
    A_01             0.000       0.000       0.000       0.000       0.000       0.000       0.000
    A_02             0.000       0.000       0.000       0.000       0.000       0.000       0.000
    A_03             0.000       0.000       0.000       0.000       0.000       0.000       0.000
    A_04             0.000       0.000       0.000       0.000       0.000       0.000       0.000
    IA              10.919      11.090      11.177      11.634      12.091      12.179      12.350
    SA              -0.881      -0.811      -0.776      -0.589      -0.402      -0.366      -0.296
    QA              -0.019      -0.008      -0.002       0.027       0.056       0.062       0.073

 Residual Variances
    A_01             0.893       0.977       1.020       1.246       1.471       1.514       1.599
    A_02             0.893       0.977       1.020       1.246       1.471       1.514       1.599
    A_03             0.893       0.977       1.020       1.246       1.471       1.514       1.599
    A_04             0.893       0.977       1.020       1.246       1.471       1.514       1.599
    IA               3.172       3.460       3.607       4.376       5.144       5.291       5.579
    SA              -0.076       0.002       0.042       0.250       0.458       0.498       0.576
    QA              -0.005      -0.003      -0.002       0.004       0.009       0.010       0.012


SAMPLE STATISTICS FOR ESTIMATED FACTOR SCORES


     SAMPLE STATISTICS


           Means
              IA            IA_SE         SA            SA_SE         QA
              ________      ________      ________      ________      ________
 1              9.040         0.839        -0.467         0.430         0.011


           Means
              QA_SE
              ________
 1              0.053


           Covariances
              IA            IA_SE         SA            SA_SE         QA
              ________      ________      ________      ________      ________
 IA             6.368
 IA_SE         -0.038         0.011
 SA            -0.201         0.001         0.103
 SA_SE         -0.014         0.003         0.000         0.001
 QA             0.019         0.000        -0.011         0.000         0.001
 QA_SE         -0.001         0.000         0.000         0.000         0.000


           Covariances
              QA_SE
              ________
 QA_SE          0.000


           Correlations
              IA            IA_SE         SA            SA_SE         QA
              ________      ________      ________      ________      ________
 IA             1.000
 IA_SE         -0.143         1.000
 SA            -0.248         0.027         1.000
 SA_SE         -0.169         0.879         0.037         1.000
 QA             0.217        -0.029        -0.969        -0.038         1.000
 QA_SE         -0.165         0.883         0.047         0.997        -0.048


           Correlations
              QA_SE
              ________
 QA_SE          1.000


RESULTS SAVING INFORMATION

  Order of data

    Parameter estimates
     (saved in order shown in Technical 1 output)
    Standard errors
     (saved in order shown in Technical 1 output)
    H0 Loglikelihood
    H0 Scaling Correction Factor for MLR
    Number of Free Parameters
    Akaike (AIC)
    Bayesian (BIC)
    Sample-Size Adjusted BIC

  Save file
    u2_1234_aefb_grip_results.dat

  Save file format           Free


PLOT INFORMATION

The following plots are available:

  Histograms (sample values, estimated factor scores)
  Scatterplots (sample values, estimated factor scores)
  Latent variable distribution plots

SAVEDATA INFORMATION


  Save file
    u2_1234_aefb_grip_fscores.dat

  Order and format of variables

    A_01           F10.3
    A_02           F10.3
    A_03           F10.3
    A_04           F10.3
    AGE_C80        F10.3
    EDU_C7         F10.3
    FEMALE         F10.3
    SBP_C167       F10.3
    TIME_01        F10.3
    TIME_02        F10.3
    TIME_03        F10.3
    TIME_04        F10.3
    _WEIGHT        F10.3
    IA             F10.3
    IA_SE          F10.3
    SA             F10.3
    SA_SE          F10.3
    QA             F10.3
    QA_SE          F10.3
    PAIRID         I6

  Save file format
    19F10.3 I6

  Save file record length    10000


     Beginning Time:  12:01:05
        Ending Time:  12:01:07
       Elapsed Time:  00:00:02



MUTHEN & MUTHEN
3463 Stoner Ave.
Los Angeles, CA  90066

Tel: (310) 391-9971
Fax: (310) 391-8971
Web: www.StatModel.com
Support: Support@StatModel.com

Copyright (c) 1998-2014 Muthen & Muthen
