Mplus VERSION 7.3
MUTHEN & MUTHEN
12/17/2016   6:18 PM

INPUT INSTRUCTIONS

  TITLE:
  Script produced from the prototype in ./sandbox/syntax-creator/
  DATA:
  File = wide-dataset.dat ;
  VARIABLE:
  NAMES are
   Case PairID female age_c80 edu_c7 sbp_c167 smoke cardio diabetes dementia_ever
      years_since_bl_01 years_since_bl_02 years_since_bl_03 years_since_bl_04
      years_since_bl_05 pef_01 pef_02 pef_03 pef_04 pef_05 grip_01 grip_02 grip_03
      grip_04 grip_05 gait_01 gait_02 gait_03 gait_04 gait_05 block_01 block_02
      block_03 block_04 block_05 digitspanbackward_01 digitspanbackward_02
      digitspanbackward_03 digitspanbackward_04 digitspanbackward_05
      digitspanforward_01 digitspanforward_02 digitspanforward_03 digitspanforward_04
      digitspanforward_05 symbol_01 symbol_02 symbol_03 symbol_04 symbol_05 prose_01
      prose_02 prose_03 prose_04 prose_05 info_01 info_02 info_03 info_04 info_05
      synonyms_01 synonyms_02 synonyms_03 synonyms_04 synonyms_05 psif_01 psif_02
      psif_03 psif_04 psif_05 figure_01 figure_02 figure_03 figure_04 figure_05
      mirrecall_01 mirrecall_02 mirrecall_03 mirrecall_04 mirrecall_05 mmse_01 mmse_02
      mmse_03 mmse_04 mmse_05 mirnaming_01 mirnaming_02 mirnaming_03 mirnaming_04
      mirnaming_05 mirrecog_01 mirrecog_02 mirrecog_03 mirrecog_04 mirrecog_05
      clock_01 clock_02 clock_03 clock_04 clock_05
  	;
  Missing are all (-9999);
  USEVARIABLES are
  	!define the variables used in the analysis
  	! covariates used in the model
  age_c80
  edu_c7
  female
  sbp_c167	
  	!estimated time points
  time_01
  time_04
  time_05
  	!modelled time points of process (A)
  a_01
  a_04
  a_05
  ;
  TSCORES are
  	!estimated time points
  time_01
  time_04
  time_05;
  CLUSTER = PairID;
  SUBPOPULATION are
  	!select a subset of observations
  dementia_ever NE 1
  ;
  DEFINE:
  	! assign variables to the process (A)
  a_01 = grip_01;
  a_04 = grip_04;
  a_05 = grip_05;
  	!assign variables to time points
  time_01 = years_since_bl_01;
  time_04 = years_since_bl_04;
  time_05 = years_since_bl_05;
  	
  ANALYSIS: TYPE = RANDOM COMPLEX;
  COVERAGE=.00;
  MODEL:
  	!first-level equation
  	! assign process (A) to time points
  ia sa qa | a_01 AT time_01 ;
  ia sa qa | a_04 AT time_04 ;
  ia sa qa | a_05 AT time_05 ;
  	!variance of the first-level terms
  ia (v_ia);
  sa (v_sa);
  qa (v_qa);
  	!covariance among first-level terms
  ia WITH sa (c_iasa);
  ia WITH qa (c_iaqa);
  sa WITH qa (c_saqa);
  	!second-level equation
  ia sa qa ON age_c80
  edu_c7
  female
  sbp_c167;
  	!residual covariance of process (A)
  a_01 (res_a);
  a_04 (res_a);
  a_05 (res_a);	
  SAVEDATA:
  FILE is   u2_145_aefb_grip_fscores.dat;
  SAVE = FSCORES;
  RESULTS are   u2_145_aefb_grip_results.dat;
  	
  OUTPUT: sampstat cinterval;
  PLOT: Type is Plot1 Plot2 Plot3;



*** WARNING
  Data set contains cases with missing on x-variables.
  These cases were not included in the analysis.
  Number of cases with missing on x-variables:  92
*** WARNING
  Data set contains cases with missing on all variables except
  x-variables.  These cases were not included in the analysis.
  Number of cases with missing on all variables except x-variables:  43
   2 WARNING(S) FOUND IN THE INPUT INSTRUCTIONS




Script produced from the prototype in ./sandbox/syntax-creator/

SUMMARY OF ANALYSIS

Number of groups                                                 1
Number of observations                                         416

Number of dependent variables                                    3
Number of independent variables                                  4
Number of continuous latent variables                            3

Observed dependent variables

  Continuous
   A_01        A_04        A_05

Observed independent variables
   AGE_C80     EDU_C7      FEMALE      SBP_C167

Continuous latent variables
   IA          SA          QA

Variables with special functions

  Cluster variable      PAIRID
  Weight variable       _WEIGHT

  Time scores
   TIME_01     TIME_04     TIME_05


Estimator                                                      MLR
Information matrix                                        OBSERVED
Maximum number of iterations                                   100
Convergence criterion                                    0.100D-05
Maximum number of EM iterations                                500
Convergence criteria for the EM algorithm
  Loglikelihood change                                   0.100D-02
  Relative loglikelihood change                          0.100D-05
  Derivative                                             0.100D-03
Minimum variance                                         0.100D-03
Maximum number of steepest descent iterations                   20
Maximum number of iterations for H1                           2000
Convergence criterion for H1                             0.100D-03
Optimization algorithm                                         EMA

Input data file(s)
  wide-dataset.dat
Input data format  FREE



SAMPLE STATISTICS


     ESTIMATED SAMPLE STATISTICS


           Means
              A_01          A_04          A_05          AGE_C80       EDU_C7
              ________      ________      ________      ________      ________
 1              9.184         6.967         6.304         3.293         0.310


           Means
              FEMALE        SBP_C167
              ________      ________
 1              0.656        -6.459


           Covariances
              A_01          A_04          A_05          AGE_C80       EDU_C7
              ________      ________      ________      ________      ________
 A_01           7.857
 A_04           5.877         7.253
 A_05           5.571         6.094         7.558
 AGE_C80       -2.314        -2.623        -2.646         8.928
 EDU_C7         0.548         0.537         0.726        -0.436         6.147
 FEMALE        -0.629        -0.539        -0.508         0.103        -0.131
 SBP_C167       2.700        -1.931        -1.309        -5.908         1.563


           Covariances
              FEMALE        SBP_C167
              ________      ________
 FEMALE         0.226
 SBP_C167       0.703       484.623


           Correlations
              A_01          A_04          A_05          AGE_C80       EDU_C7
              ________      ________      ________      ________      ________
 A_01           1.000
 A_04           0.779         1.000
 A_05           0.723         0.823         1.000
 AGE_C80       -0.276        -0.326        -0.322         1.000
 EDU_C7         0.079         0.080         0.107        -0.059         1.000
 FEMALE        -0.472        -0.422        -0.389         0.073        -0.112
 SBP_C167       0.044        -0.033        -0.022        -0.090         0.029


           Correlations
              FEMALE        SBP_C167
              ________      ________
 FEMALE         1.000
 SBP_C167       0.067         1.000


     MAXIMUM LOG-LIKELIHOOD VALUE FOR THE UNRESTRICTED (H1) MODEL IS -7911.855


UNIVARIATE HIGHER-ORDER MOMENT DESCRIPTIVE STATISTICS


     UNIVARIATE HIGHER-ORDER MOMENT DESCRIPTIVE STATISTICS

         Variable/         Mean/     Skewness/   Minimum/ % with                Percentiles
        Sample Size      Variance    Kurtosis    Maximum  Min/Max      20%/60%    40%/80%    Median

     A_01                  9.208       0.236       0.000    0.36%       6.960      8.120      8.700
             552.000       7.843       0.507      18.850    0.18%       9.425     11.600
     A_04                  7.111       0.058       0.000    3.53%       4.930      6.090      6.670
             283.000       6.903       0.576      14.500    0.35%       7.250      8.990
     A_05                  6.548       0.041       0.000    0.98%       4.350      5.510      6.090
             205.000       6.642       0.173      17.400    0.49%       6.960      8.410
     AGE_C80               3.293       1.364      -0.630    0.18%       0.877      1.805      2.329
             567.000       8.928       2.370      17.918    0.18%       3.171      5.701
     EDU_C7                0.310       2.235      -7.000    0.18%      -1.000     -1.000     -1.000
             567.000       6.147       7.641      16.000    0.18%       0.000      1.000
     FEMALE                0.656      -0.658       0.000   34.57%       0.000      1.000      1.000
             567.000       0.226      -1.567       1.000   65.43%       1.000      1.000
     SBP_C167             -6.459       0.308     -57.000    1.59%     -27.000    -12.000     -7.000
             567.000     484.623       0.587      93.000    0.18%      -7.000     13.000


THE MODEL ESTIMATION TERMINATED NORMALLY



MODEL FIT INFORMATION

Number of Free Parameters                       22

Loglikelihood

          H0 Value                       -1641.387
          H0 Scaling Correction Factor      1.1379
            for MLR

Information Criteria

          Akaike (AIC)                    3326.775
          Bayesian (BIC)                  3415.450
          Sample-Size Adjusted BIC        3345.638
            (n* = (n + 2) / 24)



MODEL RESULTS

                                                    Two-Tailed
                    Estimate       S.E.  Est./S.E.    P-Value

 IA         ON
    AGE_C80           -0.223      0.039     -5.758      0.000
    EDU_C7             0.014      0.048      0.286      0.775
    FEMALE            -2.698      0.282     -9.554      0.000
    SBP_C167           0.007      0.005      1.258      0.208

 SA         ON
    AGE_C80           -0.013      0.027     -0.472      0.637
    EDU_C7            -0.013      0.028     -0.451      0.652
    FEMALE             0.070      0.155      0.452      0.651
    SBP_C167          -0.004      0.003     -1.315      0.189

 QA         ON
    AGE_C80            0.001      0.004      0.245      0.807
    EDU_C7             0.002      0.004      0.586      0.558
    FEMALE             0.001      0.021      0.039      0.969
    SBP_C167           0.000      0.000      0.812      0.417

 IA       WITH
    SA                -0.157      0.344     -0.455      0.649
    QA                 0.003      0.031      0.093      0.926

 SA       WITH
    QA                -0.023      0.089     -0.256      0.798

 Intercepts
    A_01               0.000      0.000    999.000    999.000
    A_04               0.000      0.000    999.000    999.000
    A_05               0.000      0.000    999.000    999.000
    IA                11.728      0.283     41.372      0.000
    SA                -0.415      0.149     -2.793      0.005
    QA                 0.002      0.020      0.093      0.926

 Residual Variances
    A_01               0.938      1.033      0.908      0.364
    A_04               0.938      1.033      0.908      0.364
    A_05               0.938      1.033      0.908      0.364
    IA                 4.685      1.148      4.082      0.000
    SA                 0.195      0.704      0.277      0.782
    QA                 0.003      0.012      0.272      0.785


QUALITY OF NUMERICAL RESULTS

     Condition Number for the Information Matrix              0.652E-07
       (ratio of smallest to largest eigenvalue)


CONFIDENCE INTERVALS OF MODEL RESULTS

                  Lower .5%  Lower 2.5%    Lower 5%    Estimate    Upper 5%  Upper 2.5%   Upper .5%

 IA       ON
    AGE_C80         -0.323      -0.299      -0.287      -0.223      -0.159      -0.147      -0.123
    EDU_C7          -0.111      -0.081      -0.066       0.014       0.094       0.109       0.139
    FEMALE          -3.425      -3.251      -3.162      -2.698      -2.233      -2.144      -1.970
    SBP_C167        -0.007      -0.004      -0.002       0.007       0.015       0.017       0.020

 SA       ON
    AGE_C80         -0.081      -0.065      -0.056      -0.013       0.031       0.040       0.056
    EDU_C7          -0.085      -0.068      -0.059      -0.013       0.033       0.042       0.060
    FEMALE          -0.329      -0.234      -0.185       0.070       0.325       0.374       0.469
    SBP_C167        -0.011      -0.009      -0.008      -0.004       0.001       0.002       0.003

 QA       ON
    AGE_C80         -0.008      -0.006      -0.005       0.001       0.007       0.008       0.010
    EDU_C7          -0.008      -0.005      -0.004       0.002       0.009       0.010       0.012
    FEMALE          -0.053      -0.040      -0.034       0.001       0.035       0.042       0.055
    SBP_C167        -0.001       0.000       0.000       0.000       0.001       0.001       0.001

 IA       WITH
    SA              -1.042      -0.831      -0.722      -0.157       0.409       0.517       0.729
    QA              -0.077      -0.058      -0.048       0.003       0.054       0.064       0.083

 SA       WITH
    QA              -0.252      -0.197      -0.169      -0.023       0.123       0.151       0.206

 Intercepts
    A_01             0.000       0.000       0.000       0.000       0.000       0.000       0.000
    A_04             0.000       0.000       0.000       0.000       0.000       0.000       0.000
    A_05             0.000       0.000       0.000       0.000       0.000       0.000       0.000
    IA              10.998      11.173      11.262      11.728      12.195      12.284      12.458
    SA              -0.798      -0.706      -0.660      -0.415      -0.171      -0.124      -0.032
    QA              -0.050      -0.037      -0.031       0.002       0.035       0.041       0.053

 Residual Variances
    A_01            -1.723      -1.087      -0.762       0.938       2.637       2.962       3.598
    A_04            -1.723      -1.087      -0.762       0.938       2.637       2.962       3.598
    A_05            -1.723      -1.087      -0.762       0.938       2.637       2.962       3.598
    IA               1.729       2.436       2.797       4.685       6.573       6.935       7.642
    SA              -1.618      -1.185      -0.963       0.195       1.353       1.575       2.008
    QA              -0.027      -0.020      -0.016       0.003       0.022       0.026       0.033


SAMPLE STATISTICS FOR ESTIMATED FACTOR SCORES


     SAMPLE STATISTICS


           Means
              IA            IA_SE         SA            SA_SE         QA
              ________      ________      ________      ________      ________
 1              9.108         0.849        -0.399         0.413         0.004


           Means
              QA_SE
              ________
 1              0.054


           Covariances
              IA            IA_SE         SA            SA_SE         QA
              ________      ________      ________      ________      ________
 IA             6.631
 IA_SE         -0.026         0.009
 SA            -0.143         0.000         0.042
 SA_SE         -0.005         0.001         0.000         0.001
 QA             0.002         0.000        -0.003         0.000         0.000
 QA_SE         -0.001         0.000         0.000         0.000         0.000


           Covariances
              QA_SE
              ________
 QA_SE          0.000


           Correlations
              IA            IA_SE         SA            SA_SE         QA
              ________      ________      ________      ________      ________
 IA             1.000
 IA_SE         -0.105         1.000
 SA            -0.272         0.019         1.000
 SA_SE         -0.085         0.516         0.014         1.000
 QA             0.038         0.017        -0.813         0.009         1.000
 QA_SE         -0.067         0.297        -0.093         0.892         0.077


           Correlations
              QA_SE
              ________
 QA_SE          1.000


RESULTS SAVING INFORMATION

  Order of data

    Parameter estimates
     (saved in order shown in Technical 1 output)
    Standard errors
     (saved in order shown in Technical 1 output)
    H0 Loglikelihood
    H0 Scaling Correction Factor for MLR
    Number of Free Parameters
    Akaike (AIC)
    Bayesian (BIC)
    Sample-Size Adjusted BIC

  Save file
    u2_145_aefb_grip_results.dat

  Save file format           Free


PLOT INFORMATION

The following plots are available:

  Histograms (sample values, estimated factor scores)
  Scatterplots (sample values, estimated factor scores)
  Latent variable distribution plots

SAVEDATA INFORMATION


  Save file
    u2_145_aefb_grip_fscores.dat

  Order and format of variables

    A_01           F10.3
    A_04           F10.3
    A_05           F10.3
    AGE_C80        F10.3
    EDU_C7         F10.3
    FEMALE         F10.3
    SBP_C167       F10.3
    TIME_01        F10.3
    TIME_04        F10.3
    TIME_05        F10.3
    _WEIGHT        F10.3
    IA             F10.3
    IA_SE          F10.3
    SA             F10.3
    SA_SE          F10.3
    QA             F10.3
    QA_SE          F10.3
    PAIRID         I6

  Save file format
    17F10.3 I6

  Save file record length    10000


     Beginning Time:  18:18:45
        Ending Time:  18:18:47
       Elapsed Time:  00:00:02



MUTHEN & MUTHEN
3463 Stoner Ave.
Los Angeles, CA  90066

Tel: (310) 391-9971
Fax: (310) 391-8971
Web: www.StatModel.com
Support: Support@StatModel.com

Copyright (c) 1998-2014 Muthen & Muthen
