Mplus VERSION 7.3
MUTHEN & MUTHEN
12/17/2016   5:17 PM

INPUT INSTRUCTIONS

  TITLE:
  Script produced from the prototype in ./sandbox/syntax-creator/
  DATA:
  File = wide-dataset.dat ;
  VARIABLE:
  NAMES are
   Case PairID female age_c80 edu_c7 sbp_c167 smoke cardio diabetes dementia_ever
      years_since_bl_01 years_since_bl_02 years_since_bl_03 years_since_bl_04
      years_since_bl_05 pef_01 pef_02 pef_03 pef_04 pef_05 grip_01 grip_02 grip_03
      grip_04 grip_05 gait_01 gait_02 gait_03 gait_04 gait_05 block_01 block_02
      block_03 block_04 block_05 digitspanbackward_01 digitspanbackward_02
      digitspanbackward_03 digitspanbackward_04 digitspanbackward_05
      digitspanforward_01 digitspanforward_02 digitspanforward_03 digitspanforward_04
      digitspanforward_05 symbol_01 symbol_02 symbol_03 symbol_04 symbol_05 prose_01
      prose_02 prose_03 prose_04 prose_05 info_01 info_02 info_03 info_04 info_05
      synonyms_01 synonyms_02 synonyms_03 synonyms_04 synonyms_05 psif_01 psif_02
      psif_03 psif_04 psif_05 figure_01 figure_02 figure_03 figure_04 figure_05
      mirrecall_01 mirrecall_02 mirrecall_03 mirrecall_04 mirrecall_05 mmse_01 mmse_02
      mmse_03 mmse_04 mmse_05 mirnaming_01 mirnaming_02 mirnaming_03 mirnaming_04
      mirnaming_05 mirrecog_01 mirrecog_02 mirrecog_03 mirrecog_04 mirrecog_05
      clock_01 clock_02 clock_03 clock_04 clock_05
  	;
  Missing are all (-9999);
  USEVARIABLES are
  	!define the variables used in the analysis
  	! covariates used in the model
  age_c80
  edu_c7	
  	!estimated time points
  time_01
  time_03
  time_05
  	!modelled time points of process (A)
  a_01
  a_03
  a_05
  ;
  TSCORES are
  	!estimated time points
  time_01
  time_03
  time_05;
  CLUSTER = PairID;
  SUBPOPULATION are
  	!select a subset of observations
  dementia_ever NE 1
  ;
  DEFINE:
  	! assign variables to the process (A)
  a_01 = digitspanforward_01;
  a_03 = digitspanforward_03;
  a_05 = digitspanforward_05;
  	!assign variables to time points
  time_01 = years_since_bl_01;
  time_03 = years_since_bl_03;
  time_05 = years_since_bl_05;
  	
  ANALYSIS: TYPE = RANDOM COMPLEX;
  COVERAGE=.00;
  MODEL:
  	!first-level equation
  	! assign process (A) to time points
  ia sa | a_01 AT time_01 ;
  ia sa | a_03 AT time_03 ;
  ia sa | a_05 AT time_05 ;
  	!variance of the first-level terms
  ia (v_ia);
  sa (v_sa);
  	!covariance among first-level terms
  ia WITH sa (c_iasa);
  	!second-level equation
  ia sa ON age_c80
  edu_c7;
  	!residual covariance of process (A)
  a_01 (res_a);
  a_03 (res_a);
  a_05 (res_a);	
  SAVEDATA:
  FILE is   u1_135_ae_digitspanforward_fscores.dat;
  SAVE = FSCORES;
  RESULTS are   u1_135_ae_digitspanforward_results.dat;
  	
  OUTPUT: sampstat cinterval;
  PLOT: Type is Plot1 Plot2 Plot3;



*** WARNING
  Data set contains cases with missing on x-variables.
  These cases were not included in the analysis.
  Number of cases with missing on x-variables:  46
*** WARNING
  Data set contains cases with missing on all variables except
  x-variables.  These cases were not included in the analysis.
  Number of cases with missing on all variables except x-variables:  32
   2 WARNING(S) FOUND IN THE INPUT INSTRUCTIONS




Script produced from the prototype in ./sandbox/syntax-creator/

SUMMARY OF ANALYSIS

Number of groups                                                 1
Number of observations                                         448

Number of dependent variables                                    3
Number of independent variables                                  2
Number of continuous latent variables                            2

Observed dependent variables

  Continuous
   A_01        A_03        A_05

Observed independent variables
   AGE_C80     EDU_C7

Continuous latent variables
   IA          SA

Variables with special functions

  Cluster variable      PAIRID
  Weight variable       _WEIGHT

  Time scores
   TIME_01     TIME_03     TIME_05


Estimator                                                      MLR
Information matrix                                        OBSERVED
Maximum number of iterations                                   100
Convergence criterion                                    0.100D-05
Maximum number of EM iterations                                500
Convergence criteria for the EM algorithm
  Loglikelihood change                                   0.100D-02
  Relative loglikelihood change                          0.100D-05
  Derivative                                             0.100D-03
Minimum variance                                         0.100D-03
Maximum number of steepest descent iterations                   20
Maximum number of iterations for H1                           2000
Convergence criterion for H1                             0.100D-03
Optimization algorithm                                         EMA

Input data file(s)
  wide-dataset.dat
Input data format  FREE



SAMPLE STATISTICS


     ESTIMATED SAMPLE STATISTICS


           Means
              A_01          A_03          A_05          AGE_C80       EDU_C7
              ________      ________      ________      ________      ________
 1              5.470         5.212         5.009         3.291         0.330


           Covariances
              A_01          A_03          A_05          AGE_C80       EDU_C7
              ________      ________      ________      ________      ________
 A_01           1.481
 A_03           0.456         1.103
 A_05           0.398         0.462         0.941
 AGE_C80       -0.653        -0.546        -0.810         9.161
 EDU_C7         0.610         0.682         0.540        -0.510         6.261


           Correlations
              A_01          A_03          A_05          AGE_C80       EDU_C7
              ________      ________      ________      ________      ________
 A_01           1.000
 A_03           0.357         1.000
 A_05           0.338         0.454         1.000
 AGE_C80       -0.177        -0.172        -0.276         1.000
 EDU_C7         0.200         0.260         0.223        -0.067         1.000


     MAXIMUM LOG-LIKELIHOOD VALUE FOR THE UNRESTRICTED (H1) MODEL IS -4799.598


UNIVARIATE HIGHER-ORDER MOMENT DESCRIPTIVE STATISTICS


     UNIVARIATE HIGHER-ORDER MOMENT DESCRIPTIVE STATISTICS

         Variable/         Mean/     Skewness/   Minimum/ % with                Percentiles
        Sample Size      Variance    Kurtosis    Maximum  Min/Max      20%/60%    40%/80%    Median

     A_01                  5.475       0.369       0.000    0.16%       4.000      5.000      5.000
             614.000       1.479      -0.130       9.000    0.98%       6.000      6.000
     A_03                  5.255       0.431       0.000    2.60%       4.000      5.000      5.000
             384.000       1.105       0.231       9.000    0.52%       5.000      6.000
     A_05                  5.057      -0.615       0.000    4.50%       4.000      5.000      5.000
             200.000       0.934       3.909       8.000    1.50%       5.000      6.000
     AGE_C80               3.291       1.497      -0.630    0.16%       0.877      1.805      2.417
             624.000       9.161       3.075      17.918    0.16%       3.203      5.718
     EDU_C7                0.330       2.151      -7.000    0.16%      -1.000     -1.000     -1.000
             624.000       6.261       6.979      16.000    0.16%       0.000      1.000


THE MODEL ESTIMATION TERMINATED NORMALLY



MODEL FIT INFORMATION

Number of Free Parameters                       10

Loglikelihood

          H0 Value                       -1273.937
          H0 Scaling Correction Factor      1.1268
            for MLR

Information Criteria

          Akaike (AIC)                    2567.875
          Bayesian (BIC)                  2608.923
          Sample-Size Adjusted BIC        2577.187
            (n* = (n + 2) / 24)



MODEL RESULTS

                                                    Two-Tailed
                    Estimate       S.E.  Est./S.E.    P-Value

 IA         ON
    AGE_C80           -0.063      0.019     -3.315      0.001
    EDU_C7             0.095      0.019      5.057      0.000

 SA         ON
    AGE_C80           -0.001      0.004     -0.230      0.818
    EDU_C7             0.000      0.004     -0.070      0.944

 IA       WITH
    SA                -0.047      0.017     -2.756      0.006

 Intercepts
    A_01               0.000      0.000    999.000    999.000
    A_03               0.000      0.000    999.000    999.000
    A_05               0.000      0.000    999.000    999.000
    IA                 5.641      0.091     62.074      0.000
    SA                -0.055      0.016     -3.549      0.000

 Residual Variances
    A_01               0.689      0.074      9.273      0.000
    A_03               0.689      0.074      9.273      0.000
    A_05               0.689      0.074      9.273      0.000
    IA                 0.635      0.101      6.291      0.000
    SA                 0.006      0.004      1.518      0.129


QUALITY OF NUMERICAL RESULTS

     Condition Number for the Information Matrix              0.143E-02
       (ratio of smallest to largest eigenvalue)


CONFIDENCE INTERVALS OF MODEL RESULTS

                  Lower .5%  Lower 2.5%    Lower 5%    Estimate    Upper 5%  Upper 2.5%   Upper .5%

 IA       ON
    AGE_C80         -0.112      -0.100      -0.094      -0.063      -0.032      -0.026      -0.014
    EDU_C7           0.047       0.058       0.064       0.095       0.126       0.132       0.143

 SA       ON
    AGE_C80         -0.011      -0.009      -0.007      -0.001       0.006       0.007       0.009
    EDU_C7          -0.011      -0.008      -0.007       0.000       0.006       0.008       0.010

 IA       WITH
    SA              -0.090      -0.080      -0.074      -0.047      -0.019      -0.013      -0.003

 Intercepts
    A_01             0.000       0.000       0.000       0.000       0.000       0.000       0.000
    A_03             0.000       0.000       0.000       0.000       0.000       0.000       0.000
    A_05             0.000       0.000       0.000       0.000       0.000       0.000       0.000
    IA               5.407       5.463       5.492       5.641       5.791       5.819       5.875
    SA              -0.095      -0.086      -0.081      -0.055      -0.030      -0.025      -0.015

 Residual Variances
    A_01             0.498       0.543       0.567       0.689       0.811       0.835       0.880
    A_03             0.498       0.543       0.567       0.689       0.811       0.835       0.880
    A_05             0.498       0.543       0.567       0.689       0.811       0.835       0.880
    IA               0.375       0.437       0.469       0.635       0.801       0.833       0.895
    SA              -0.004      -0.002       0.000       0.006       0.012       0.013       0.015


SAMPLE STATISTICS FOR ESTIMATED FACTOR SCORES


     SAMPLE STATISTICS


           Means
              IA            IA_SE         SA            SA_SE
              ________      ________      ________      ________
 1              5.368         0.540        -0.056         0.062


           Covariances
              IA            IA_SE         SA            SA_SE
              ________      ________      ________      ________
 IA             0.491
 IA_SE         -0.003         0.001
 SA            -0.024         0.000         0.002
 SA_SE          0.000         0.000         0.000         0.000


           Correlations
              IA            IA_SE         SA            SA_SE
              ________      ________      ________      ________
 IA             1.000
 IA_SE         -0.121         1.000
 SA            -0.814         0.077         1.000
 SA_SE         -0.157         0.781         0.083         1.000


RESULTS SAVING INFORMATION

  Order of data

    Parameter estimates
     (saved in order shown in Technical 1 output)
    Standard errors
     (saved in order shown in Technical 1 output)
    H0 Loglikelihood
    H0 Scaling Correction Factor for MLR
    Number of Free Parameters
    Akaike (AIC)
    Bayesian (BIC)
    Sample-Size Adjusted BIC

  Save file
    u1_135_ae_digitspanforward_results.dat

  Save file format           Free


PLOT INFORMATION

The following plots are available:

  Histograms (sample values, estimated factor scores)
  Scatterplots (sample values, estimated factor scores)
  Latent variable distribution plots

SAVEDATA INFORMATION


  Save file
    u1_135_ae_digitspanforward_fscores.dat

  Order and format of variables

    A_01           F10.3
    A_03           F10.3
    A_05           F10.3
    AGE_C80        F10.3
    EDU_C7         F10.3
    TIME_01        F10.3
    TIME_03        F10.3
    TIME_05        F10.3
    _WEIGHT        F10.3
    IA             F10.3
    IA_SE          F10.3
    SA             F10.3
    SA_SE          F10.3
    PAIRID         I6

  Save file format
    13F10.3 I6

  Save file record length    10000


     Beginning Time:  17:17:50
        Ending Time:  17:17:51
       Elapsed Time:  00:00:01



MUTHEN & MUTHEN
3463 Stoner Ave.
Los Angeles, CA  90066

Tel: (310) 391-9971
Fax: (310) 391-8971
Web: www.StatModel.com
Support: Support@StatModel.com

Copyright (c) 1998-2014 Muthen & Muthen
