Mplus VERSION 7.3
MUTHEN & MUTHEN
12/17/2016  11:47 AM

INPUT INSTRUCTIONS

  TITLE:
  Script produced from the prototype in ./sandbox/syntax-creator/
  DATA:
  File = wide-dataset.dat ;
  VARIABLE:
  NAMES are
   Case PairID female age_c80 edu_c7 sbp_c167 smoke cardio diabetes dementia_ever
      years_since_bl_01 years_since_bl_02 years_since_bl_03 years_since_bl_04
      years_since_bl_05 pef_01 pef_02 pef_03 pef_04 pef_05 grip_01 grip_02 grip_03
      grip_04 grip_05 gait_01 gait_02 gait_03 gait_04 gait_05 block_01 block_02
      block_03 block_04 block_05 digitspanbackward_01 digitspanbackward_02
      digitspanbackward_03 digitspanbackward_04 digitspanbackward_05
      digitspanforward_01 digitspanforward_02 digitspanforward_03 digitspanforward_04
      digitspanforward_05 symbol_01 symbol_02 symbol_03 symbol_04 symbol_05 prose_01
      prose_02 prose_03 prose_04 prose_05 info_01 info_02 info_03 info_04 info_05
      synonyms_01 synonyms_02 synonyms_03 synonyms_04 synonyms_05 psif_01 psif_02
      psif_03 psif_04 psif_05 figure_01 figure_02 figure_03 figure_04 figure_05
      mirrecall_01 mirrecall_02 mirrecall_03 mirrecall_04 mirrecall_05 mmse_01 mmse_02
      mmse_03 mmse_04 mmse_05 mirnaming_01 mirnaming_02 mirnaming_03 mirnaming_04
      mirnaming_05 mirrecog_01 mirrecog_02 mirrecog_03 mirrecog_04 mirrecog_05
      clock_01 clock_02 clock_03 clock_04 clock_05
  	;
  Missing are all (-9999);
  USEVARIABLES are
  	!define the variables used in the analysis
  	! covariates used in the model
  age_c80
  edu_c7	
  	!estimated time points
  time_01
  time_04
  time_05
  	!modelled time points of process (A)
  a_01
  a_04
  a_05
  ;
  TSCORES are
  	!estimated time points
  time_01
  time_04
  time_05;
  CLUSTER = PairID;
  SUBPOPULATION are
  	!select a subset of observations
  dementia_ever NE 1
  ;
  DEFINE:
  	! assign variables to the process (A)
  a_01 = digitspanforward_01;
  a_04 = digitspanforward_04;
  a_05 = digitspanforward_05;
  	!assign variables to time points
  time_01 = years_since_bl_01;
  time_04 = years_since_bl_04;
  time_05 = years_since_bl_05;
  	
  ANALYSIS: TYPE = RANDOM COMPLEX;
  COVERAGE=.00;
  MODEL:
  	!first-level equation
  	! assign process (A) to time points
  ia sa | a_01 AT time_01 ;
  ia sa | a_04 AT time_04 ;
  ia sa | a_05 AT time_05 ;
  	!variance of the first-level terms
  ia (v_ia);
  sa (v_sa);
  	!covariance among first-level terms
  ia WITH sa (c_iasa);
  	!second-level equation
  ia sa ON age_c80
  edu_c7;
  	!residual covariance of process (A)
  a_01 (res_a);
  a_04 (res_a);
  a_05 (res_a);	
  SAVEDATA:
  FILE is   u1_145_ae_digitspanforward_fscores.dat;
  SAVE = FSCORES;
  RESULTS are   u1_145_ae_digitspanforward_results.dat;
  	
  OUTPUT: sampstat cinterval;
  PLOT: Type is Plot1 Plot2 Plot3;



*** WARNING
  Data set contains cases with missing on x-variables.
  These cases were not included in the analysis.
  Number of cases with missing on x-variables:  46
*** WARNING
  Data set contains cases with missing on all variables except
  x-variables.  These cases were not included in the analysis.
  Number of cases with missing on all variables except x-variables:  34
   2 WARNING(S) FOUND IN THE INPUT INSTRUCTIONS




Script produced from the prototype in ./sandbox/syntax-creator/

SUMMARY OF ANALYSIS

Number of groups                                                 1
Number of observations                                         447

Number of dependent variables                                    3
Number of independent variables                                  2
Number of continuous latent variables                            2

Observed dependent variables

  Continuous
   A_01        A_04        A_05

Observed independent variables
   AGE_C80     EDU_C7

Continuous latent variables
   IA          SA

Variables with special functions

  Cluster variable      PAIRID
  Weight variable       _WEIGHT

  Time scores
   TIME_01     TIME_04     TIME_05


Estimator                                                      MLR
Information matrix                                        OBSERVED
Maximum number of iterations                                   100
Convergence criterion                                    0.100D-05
Maximum number of EM iterations                                500
Convergence criteria for the EM algorithm
  Loglikelihood change                                   0.100D-02
  Relative loglikelihood change                          0.100D-05
  Derivative                                             0.100D-03
Minimum variance                                         0.100D-03
Maximum number of steepest descent iterations                   20
Maximum number of iterations for H1                           2000
Convergence criterion for H1                             0.100D-03
Optimization algorithm                                         EMA

Input data file(s)
  wide-dataset.dat
Input data format  FREE



SAMPLE STATISTICS


     ESTIMATED SAMPLE STATISTICS


           Means
              A_01          A_04          A_05          AGE_C80       EDU_C7
              ________      ________      ________      ________      ________
 1              5.467         5.020         4.969         3.298         0.340


           Covariances
              A_01          A_04          A_05          AGE_C80       EDU_C7
              ________      ________      ________      ________      ________
 A_01           1.493
 A_04           0.476         0.966
 A_05           0.432         0.554         0.999
 AGE_C80       -0.673        -0.686        -0.870         9.183
 EDU_C7         0.610         0.483         0.487        -0.492         6.233


           Correlations
              A_01          A_04          A_05          AGE_C80       EDU_C7
              ________      ________      ________      ________      ________
 A_01           1.000
 A_04           0.396         1.000
 A_05           0.354         0.563         1.000
 AGE_C80       -0.182        -0.230        -0.287         1.000
 EDU_C7         0.200         0.197         0.195        -0.065         1.000


     MAXIMUM LOG-LIKELIHOOD VALUE FOR THE UNRESTRICTED (H1) MODEL IS -4643.497


UNIVARIATE HIGHER-ORDER MOMENT DESCRIPTIVE STATISTICS


     UNIVARIATE HIGHER-ORDER MOMENT DESCRIPTIVE STATISTICS

         Variable/         Mean/     Skewness/   Minimum/ % with                Percentiles
        Sample Size      Variance    Kurtosis    Maximum  Min/Max      20%/60%    40%/80%    Median

     A_01                  5.475       0.369       0.000    0.16%       4.000      5.000      5.000
             614.000       1.479      -0.130       9.000    0.98%       6.000      6.000
     A_04                  5.062      -0.547       0.000    2.80%       4.000      5.000      5.000
             286.000       0.963       2.472       8.000    0.70%       5.000      6.000
     A_05                  5.057      -0.615       0.000    4.50%       4.000      5.000      5.000
             200.000       0.934       3.909       8.000    1.50%       5.000      6.000
     AGE_C80               3.298       1.492      -0.630    0.16%       0.875      1.809      2.425
             622.000       9.183       3.052      17.918    0.16%       3.216      5.784
     EDU_C7                0.340       2.171      -7.000    0.16%      -1.000     -1.000     -1.000
             622.000       6.233       7.037      16.000    0.16%       0.000      1.000


THE MODEL ESTIMATION TERMINATED NORMALLY



MODEL FIT INFORMATION

Number of Free Parameters                       10

Loglikelihood

          H0 Value                       -1166.750
          H0 Scaling Correction Factor      1.1933
            for MLR

Information Criteria

          Akaike (AIC)                    2353.500
          Bayesian (BIC)                  2394.526
          Sample-Size Adjusted BIC        2362.790
            (n* = (n + 2) / 24)



MODEL RESULTS

                                                    Two-Tailed
                    Estimate       S.E.  Est./S.E.    P-Value

 IA         ON
    AGE_C80           -0.068      0.020     -3.376      0.001
    EDU_C7             0.092      0.019      4.816      0.000

 SA         ON
    AGE_C80           -0.002      0.004     -0.402      0.688
    EDU_C7            -0.003      0.004     -0.755      0.450

 IA       WITH
    SA                -0.083      0.016     -5.108      0.000

 Intercepts
    A_01               0.000      0.000    999.000    999.000
    A_04               0.000      0.000    999.000    999.000
    A_05               0.000      0.000    999.000    999.000
    IA                 5.652      0.095     59.364      0.000
    SA                -0.060      0.015     -3.967      0.000

 Residual Variances
    A_01               0.441      0.064      6.948      0.000
    A_04               0.441      0.064      6.948      0.000
    A_05               0.441      0.064      6.948      0.000
    IA                 0.941      0.103      9.121      0.000
    SA                 0.014      0.003      4.330      0.000


QUALITY OF NUMERICAL RESULTS

     Condition Number for the Information Matrix              0.128E-03
       (ratio of smallest to largest eigenvalue)


CONFIDENCE INTERVALS OF MODEL RESULTS

                  Lower .5%  Lower 2.5%    Lower 5%    Estimate    Upper 5%  Upper 2.5%   Upper .5%

 IA       ON
    AGE_C80         -0.119      -0.107      -0.100      -0.068      -0.035      -0.028      -0.016
    EDU_C7           0.043       0.055       0.061       0.092       0.124       0.130       0.142

 SA       ON
    AGE_C80         -0.012      -0.009      -0.008      -0.002       0.005       0.006       0.008
    EDU_C7          -0.013      -0.011      -0.009      -0.003       0.003       0.005       0.007

 IA       WITH
    SA              -0.125      -0.115      -0.110      -0.083      -0.056      -0.051      -0.041

 Intercepts
    A_01             0.000       0.000       0.000       0.000       0.000       0.000       0.000
    A_04             0.000       0.000       0.000       0.000       0.000       0.000       0.000
    A_05             0.000       0.000       0.000       0.000       0.000       0.000       0.000
    IA               5.407       5.466       5.496       5.652       5.809       5.839       5.898
    SA              -0.099      -0.090      -0.085      -0.060      -0.035      -0.030      -0.021

 Residual Variances
    A_01             0.278       0.317       0.337       0.441       0.546       0.566       0.605
    A_04             0.278       0.317       0.337       0.441       0.546       0.566       0.605
    A_05             0.278       0.317       0.337       0.441       0.546       0.566       0.605
    IA               0.675       0.739       0.771       0.941       1.110       1.143       1.206
    SA               0.006       0.007       0.008       0.014       0.019       0.020       0.022


SAMPLE STATISTICS FOR ESTIMATED FACTOR SCORES


     SAMPLE STATISTICS


           Means
              IA            IA_SE         SA            SA_SE
              ________      ________      ________      ________
 1              5.376         0.541        -0.069         0.089


           Covariances
              IA            IA_SE         SA            SA_SE
              ________      ________      ________      ________
 IA             0.763
 IA_SE         -0.004         0.001
 SA            -0.049         0.000         0.007
 SA_SE         -0.001         0.000         0.000         0.000


           Correlations
              IA            IA_SE         SA            SA_SE
              ________      ________      ________      ________
 IA             1.000
 IA_SE         -0.135         1.000
 SA            -0.689         0.014         1.000
 SA_SE         -0.108         0.690         0.053         1.000


RESULTS SAVING INFORMATION

  Order of data

    Parameter estimates
     (saved in order shown in Technical 1 output)
    Standard errors
     (saved in order shown in Technical 1 output)
    H0 Loglikelihood
    H0 Scaling Correction Factor for MLR
    Number of Free Parameters
    Akaike (AIC)
    Bayesian (BIC)
    Sample-Size Adjusted BIC

  Save file
    u1_145_ae_digitspanforward_results.dat

  Save file format           Free


PLOT INFORMATION

The following plots are available:

  Histograms (sample values, estimated factor scores)
  Scatterplots (sample values, estimated factor scores)
  Latent variable distribution plots

SAVEDATA INFORMATION


  Save file
    u1_145_ae_digitspanforward_fscores.dat

  Order and format of variables

    A_01           F10.3
    A_04           F10.3
    A_05           F10.3
    AGE_C80        F10.3
    EDU_C7         F10.3
    TIME_01        F10.3
    TIME_04        F10.3
    TIME_05        F10.3
    _WEIGHT        F10.3
    IA             F10.3
    IA_SE          F10.3
    SA             F10.3
    SA_SE          F10.3
    PAIRID         I6

  Save file format
    13F10.3 I6

  Save file record length    10000


     Beginning Time:  11:47:23
        Ending Time:  11:47:24
       Elapsed Time:  00:00:01



MUTHEN & MUTHEN
3463 Stoner Ave.
Los Angeles, CA  90066

Tel: (310) 391-9971
Fax: (310) 391-8971
Web: www.StatModel.com
Support: Support@StatModel.com

Copyright (c) 1998-2014 Muthen & Muthen
