Mplus VERSION 7.3
MUTHEN & MUTHEN
12/17/2016   6:09 PM

INPUT INSTRUCTIONS

  TITLE:
  Script produced from the prototype in ./sandbox/syntax-creator/
  DATA:
  File = wide-dataset.dat ;
  VARIABLE:
  NAMES are
   Case PairID female age_c80 edu_c7 sbp_c167 smoke cardio diabetes dementia_ever
      years_since_bl_01 years_since_bl_02 years_since_bl_03 years_since_bl_04
      years_since_bl_05 pef_01 pef_02 pef_03 pef_04 pef_05 grip_01 grip_02 grip_03
      grip_04 grip_05 gait_01 gait_02 gait_03 gait_04 gait_05 block_01 block_02
      block_03 block_04 block_05 digitspanbackward_01 digitspanbackward_02
      digitspanbackward_03 digitspanbackward_04 digitspanbackward_05
      digitspanforward_01 digitspanforward_02 digitspanforward_03 digitspanforward_04
      digitspanforward_05 symbol_01 symbol_02 symbol_03 symbol_04 symbol_05 prose_01
      prose_02 prose_03 prose_04 prose_05 info_01 info_02 info_03 info_04 info_05
      synonyms_01 synonyms_02 synonyms_03 synonyms_04 synonyms_05 psif_01 psif_02
      psif_03 psif_04 psif_05 figure_01 figure_02 figure_03 figure_04 figure_05
      mirrecall_01 mirrecall_02 mirrecall_03 mirrecall_04 mirrecall_05 mmse_01 mmse_02
      mmse_03 mmse_04 mmse_05 mirnaming_01 mirnaming_02 mirnaming_03 mirnaming_04
      mirnaming_05 mirrecog_01 mirrecog_02 mirrecog_03 mirrecog_04 mirrecog_05
      clock_01 clock_02 clock_03 clock_04 clock_05
  	;
  Missing are all (-9999);
  USEVARIABLES are
  	!define the variables used in the analysis
  	! covariates used in the model
  age_c80	
  	!estimated time points
  time_01
  time_02
  time_03
  	!modelled time points of process (A)
  a_01
  a_02
  a_03
  ;
  TSCORES are
  	!estimated time points
  time_01
  time_02
  time_03;
  CLUSTER = PairID;
  SUBPOPULATION are
  	!select a subset of observations
  dementia_ever NE 1
  ;
  DEFINE:
  	! assign variables to the process (A)
  a_01 = digitspanforward_01;
  a_02 = digitspanforward_02;
  a_03 = digitspanforward_03;
  	!assign variables to time points
  time_01 = years_since_bl_01;
  time_02 = years_since_bl_02;
  time_03 = years_since_bl_03;
  	
  ANALYSIS: TYPE = RANDOM COMPLEX;
  COVERAGE=.00;
  MODEL:
  	!first-level equation
  	! assign process (A) to time points
  ia sa qa | a_01 AT time_01 ;
  ia sa qa | a_02 AT time_02 ;
  ia sa qa | a_03 AT time_03 ;
  	!variance of the first-level terms
  ia (v_ia);
  sa (v_sa);
  qa (v_qa);
  	!covariance among first-level terms
  ia WITH sa (c_iasa);
  ia WITH qa (c_iaqa);
  sa WITH qa (c_saqa);
  	!second-level equation
  ia sa qa ON age_c80;
  	!residual covariance of process (A)
  a_01 (res_a);
  a_02 (res_a);
  a_03 (res_a);	
  SAVEDATA:
  FILE is   u2_123_a_digitspanforward_fscores.dat;
  SAVE = FSCORES;
  RESULTS are   u2_123_a_digitspanforward_results.dat;
  	
  OUTPUT: sampstat cinterval;
  PLOT: Type is Plot1 Plot2 Plot3;



*** WARNING
  Data set contains cases with missing on all variables except
  x-variables.  These cases were not included in the analysis.
  Number of cases with missing on all variables except x-variables:  41
   1 WARNING(S) FOUND IN THE INPUT INSTRUCTIONS




Script produced from the prototype in ./sandbox/syntax-creator/

SUMMARY OF ANALYSIS

Number of groups                                                 1
Number of observations                                         456

Number of dependent variables                                    3
Number of independent variables                                  1
Number of continuous latent variables                            3

Observed dependent variables

  Continuous
   A_01        A_02        A_03

Observed independent variables
   AGE_C80

Continuous latent variables
   IA          SA          QA

Variables with special functions

  Cluster variable      PAIRID
  Weight variable       _WEIGHT

  Time scores
   TIME_01     TIME_02     TIME_03


Estimator                                                      MLR
Information matrix                                        OBSERVED
Maximum number of iterations                                   100
Convergence criterion                                    0.100D-05
Maximum number of EM iterations                                500
Convergence criteria for the EM algorithm
  Loglikelihood change                                   0.100D-02
  Relative loglikelihood change                          0.100D-05
  Derivative                                             0.100D-03
Minimum variance                                         0.100D-03
Maximum number of steepest descent iterations                   20
Maximum number of iterations for H1                           2000
Convergence criterion for H1                             0.100D-03
Optimization algorithm                                         EMA

Input data file(s)
  wide-dataset.dat
Input data format  FREE



SAMPLE STATISTICS


     ESTIMATED SAMPLE STATISTICS


           Means
              A_01          A_02          A_03          AGE_C80
              ________      ________      ________      ________
 1              5.467         5.232         5.198         3.329


           Covariances
              A_01          A_02          A_03          AGE_C80
              ________      ________      ________      ________
 A_01           1.497
 A_02           0.685         1.210
 A_03           0.471         0.492         1.133
 AGE_C80       -0.662        -0.513        -0.587         9.266


           Correlations
              A_01          A_02          A_03          AGE_C80
              ________      ________      ________      ________
 A_01           1.000
 A_02           0.509         1.000
 A_03           0.362         0.420         1.000
 AGE_C80       -0.178        -0.153        -0.181         1.000


     MAXIMUM LOG-LIKELIHOOD VALUE FOR THE UNRESTRICTED (H1) MODEL IS -3954.127


UNIVARIATE HIGHER-ORDER MOMENT DESCRIPTIVE STATISTICS


     UNIVARIATE HIGHER-ORDER MOMENT DESCRIPTIVE STATISTICS

         Variable/         Mean/     Skewness/   Minimum/ % with                Percentiles
        Sample Size      Variance    Kurtosis    Maximum  Min/Max      20%/60%    40%/80%    Median

     A_01                  5.475       0.369       0.000    0.48%       4.000      5.000      5.000
             631.000       1.479      -0.130       9.000    0.95%       6.000      6.000
     A_02                  5.242      -0.030       0.000    3.38%       4.000      5.000      5.000
             533.000       1.220       0.717       9.000    0.19%       5.000      6.000
     A_03                  5.246       0.409       0.000    4.05%       4.000      5.000      5.000
             395.000       1.119       0.225       9.000    0.76%       5.000      6.000
     AGE_C80               3.329       1.462      -0.630    0.15%       0.899      1.842      2.492
             661.000       9.266       2.883      17.918    0.15%       3.351      5.921


THE MODEL ESTIMATION TERMINATED NORMALLY



MODEL FIT INFORMATION

Number of Free Parameters                       13

Loglikelihood

          H0 Value                       -1571.200
          H0 Scaling Correction Factor      1.1222
            for MLR

Information Criteria

          Akaike (AIC)                    3168.400
          Bayesian (BIC)                  3221.992
          Sample-Size Adjusted BIC        3180.734
            (n* = (n + 2) / 24)



MODEL RESULTS

                                                    Two-Tailed
                    Estimate       S.E.  Est./S.E.    P-Value

 IA         ON
    AGE_C80           -0.071      0.022     -3.320      0.001

 SA         ON
    AGE_C80            0.014      0.019      0.743      0.458

 QA         ON
    AGE_C80           -0.003      0.004     -0.649      0.516

 IA       WITH
    SA                -0.437      0.180     -2.426      0.015
    QA                 0.054      0.031      1.749      0.080

 SA       WITH
    QA                -0.173      0.084     -2.072      0.038

 Intercepts
    A_01               0.000      0.000    999.000    999.000
    A_02               0.000      0.000    999.000    999.000
    A_03               0.000      0.000    999.000    999.000
    IA                 5.704      0.097     58.839      0.000
    SA                -0.204      0.080     -2.559      0.011
    QA                 0.033      0.019      1.761      0.078

 Residual Variances
    A_01               0.130      0.228      0.570      0.568
    A_02               0.130      0.228      0.570      0.568
    A_03               0.130      0.228      0.570      0.568
    IA                 1.320      0.245      5.400      0.000
    SA                 0.788      0.368      2.142      0.032
    QA                 0.043      0.021      2.062      0.039


QUALITY OF NUMERICAL RESULTS

     Condition Number for the Information Matrix              0.310E-06
       (ratio of smallest to largest eigenvalue)


CONFIDENCE INTERVALS OF MODEL RESULTS

                  Lower .5%  Lower 2.5%    Lower 5%    Estimate    Upper 5%  Upper 2.5%   Upper .5%

 IA       ON
    AGE_C80         -0.127      -0.114      -0.107      -0.071      -0.036      -0.029      -0.016

 SA       ON
    AGE_C80         -0.034      -0.023      -0.017       0.014       0.044       0.050       0.061

 QA       ON
    AGE_C80         -0.014      -0.012      -0.010      -0.003       0.004       0.006       0.009

 IA       WITH
    SA              -0.900      -0.789      -0.733      -0.437      -0.141      -0.084       0.027
    QA              -0.026      -0.007       0.003       0.054       0.106       0.115       0.135

 SA       WITH
    QA              -0.389      -0.338      -0.311      -0.173      -0.036      -0.009       0.042

 Intercepts
    A_01             0.000       0.000       0.000       0.000       0.000       0.000       0.000
    A_02             0.000       0.000       0.000       0.000       0.000       0.000       0.000
    A_03             0.000       0.000       0.000       0.000       0.000       0.000       0.000
    IA               5.454       5.514       5.544       5.704       5.863       5.894       5.954
    SA              -0.410      -0.361      -0.336      -0.204      -0.073      -0.048       0.001
    QA              -0.015      -0.004       0.002       0.033       0.064       0.070       0.081

 Residual Variances
    A_01            -0.457      -0.317      -0.245       0.130       0.505       0.577       0.717
    A_02            -0.457      -0.317      -0.245       0.130       0.505       0.577       0.717
    A_03            -0.457      -0.317      -0.245       0.130       0.505       0.577       0.717
    IA               0.691       0.841       0.918       1.320       1.723       1.800       1.950
    SA              -0.160       0.067       0.183       0.788       1.393       1.509       1.736
    QA              -0.011       0.002       0.009       0.043       0.077       0.083       0.096


SAMPLE STATISTICS FOR ESTIMATED FACTOR SCORES


     SAMPLE STATISTICS


           Means
              IA            IA_SE         SA            SA_SE         QA
              ________      ________      ________      ________      ________
 1              5.332         0.368        -0.199         0.504         0.028


           Means
              QA_SE
              ________
 1              0.125


           Covariances
              IA            IA_SE         SA            SA_SE         QA
              ________      ________      ________      ________      ________
 IA             1.314
 IA_SE         -0.017         0.018
 SA            -0.313         0.003         0.751
 SA_SE         -0.025         0.007         0.010         0.028
 QA             0.035        -0.001        -0.166        -0.001         0.041
 QA_SE         -0.006         0.001         0.001         0.007         0.000


           Covariances
              QA_SE
              ________
 QA_SE          0.002


           Correlations
              IA            IA_SE         SA            SA_SE         QA
              ________      ________      ________      ________      ________
 IA             1.000
 IA_SE         -0.109         1.000
 SA            -0.315         0.023         1.000
 SA_SE         -0.129         0.337         0.067         1.000
 QA             0.152        -0.042        -0.951        -0.043         1.000
 QA_SE         -0.123         0.162         0.021         0.951         0.017


           Correlations
              QA_SE
              ________
 QA_SE          1.000


RESULTS SAVING INFORMATION

  Order of data

    Parameter estimates
     (saved in order shown in Technical 1 output)
    Standard errors
     (saved in order shown in Technical 1 output)
    H0 Loglikelihood
    H0 Scaling Correction Factor for MLR
    Number of Free Parameters
    Akaike (AIC)
    Bayesian (BIC)
    Sample-Size Adjusted BIC

  Save file
    u2_123_a_digitspanforward_results.dat

  Save file format           Free


PLOT INFORMATION

The following plots are available:

  Histograms (sample values, estimated factor scores)
  Scatterplots (sample values, estimated factor scores)
  Latent variable distribution plots

SAVEDATA INFORMATION


  Save file
    u2_123_a_digitspanforward_fscores.dat

  Order and format of variables

    A_01           F10.3
    A_02           F10.3
    A_03           F10.3
    AGE_C80        F10.3
    TIME_01        F10.3
    TIME_02        F10.3
    TIME_03        F10.3
    _WEIGHT        F10.3
    IA             F10.3
    IA_SE          F10.3
    SA             F10.3
    SA_SE          F10.3
    QA             F10.3
    QA_SE          F10.3
    PAIRID         I6

  Save file format
    14F10.3 I6

  Save file record length    10000


     Beginning Time:  18:09:18
        Ending Time:  18:09:19
       Elapsed Time:  00:00:01



MUTHEN & MUTHEN
3463 Stoner Ave.
Los Angeles, CA  90066

Tel: (310) 391-9971
Fax: (310) 391-8971
Web: www.StatModel.com
Support: Support@StatModel.com

Copyright (c) 1998-2014 Muthen & Muthen
