Mplus VERSION 7.3
MUTHEN & MUTHEN
12/17/2016   6:09 PM

INPUT INSTRUCTIONS

  TITLE:
  Script produced from the prototype in ./sandbox/syntax-creator/
  DATA:
  File = wide-dataset.dat ;
  VARIABLE:
  NAMES are
   Case PairID female age_c80 edu_c7 sbp_c167 smoke cardio diabetes dementia_ever
      years_since_bl_01 years_since_bl_02 years_since_bl_03 years_since_bl_04
      years_since_bl_05 pef_01 pef_02 pef_03 pef_04 pef_05 grip_01 grip_02 grip_03
      grip_04 grip_05 gait_01 gait_02 gait_03 gait_04 gait_05 block_01 block_02
      block_03 block_04 block_05 digitspanbackward_01 digitspanbackward_02
      digitspanbackward_03 digitspanbackward_04 digitspanbackward_05
      digitspanforward_01 digitspanforward_02 digitspanforward_03 digitspanforward_04
      digitspanforward_05 symbol_01 symbol_02 symbol_03 symbol_04 symbol_05 prose_01
      prose_02 prose_03 prose_04 prose_05 info_01 info_02 info_03 info_04 info_05
      synonyms_01 synonyms_02 synonyms_03 synonyms_04 synonyms_05 psif_01 psif_02
      psif_03 psif_04 psif_05 figure_01 figure_02 figure_03 figure_04 figure_05
      mirrecall_01 mirrecall_02 mirrecall_03 mirrecall_04 mirrecall_05 mmse_01 mmse_02
      mmse_03 mmse_04 mmse_05 mirnaming_01 mirnaming_02 mirnaming_03 mirnaming_04
      mirnaming_05 mirrecog_01 mirrecog_02 mirrecog_03 mirrecog_04 mirrecog_05
      clock_01 clock_02 clock_03 clock_04 clock_05
  	;
  Missing are all (-9999);
  USEVARIABLES are
  	!define the variables used in the analysis
  	! covariates used in the model
  age_c80
  edu_c7
  female	
  	!estimated time points
  time_01
  time_02
  time_03
  	!modelled time points of process (A)
  a_01
  a_02
  a_03
  ;
  TSCORES are
  	!estimated time points
  time_01
  time_02
  time_03;
  CLUSTER = PairID;
  SUBPOPULATION are
  	!select a subset of observations
  dementia_ever NE 1
  ;
  DEFINE:
  	! assign variables to the process (A)
  a_01 = digitspanforward_01;
  a_02 = digitspanforward_02;
  a_03 = digitspanforward_03;
  	!assign variables to time points
  time_01 = years_since_bl_01;
  time_02 = years_since_bl_02;
  time_03 = years_since_bl_03;
  	
  ANALYSIS: TYPE = RANDOM COMPLEX;
  COVERAGE=.00;
  MODEL:
  	!first-level equation
  	! assign process (A) to time points
  ia sa qa | a_01 AT time_01 ;
  ia sa qa | a_02 AT time_02 ;
  ia sa qa | a_03 AT time_03 ;
  	!variance of the first-level terms
  ia (v_ia);
  sa (v_sa);
  qa (v_qa);
  	!covariance among first-level terms
  ia WITH sa (c_iasa);
  ia WITH qa (c_iaqa);
  sa WITH qa (c_saqa);
  	!second-level equation
  ia sa qa ON age_c80
  edu_c7
  female;
  	!residual covariance of process (A)
  a_01 (res_a);
  a_02 (res_a);
  a_03 (res_a);	
  SAVEDATA:
  FILE is   u2_123_aef_digitspanforward_fscores.dat;
  SAVE = FSCORES;
  RESULTS are   u2_123_aef_digitspanforward_results.dat;
  	
  OUTPUT: sampstat cinterval;
  PLOT: Type is Plot1 Plot2 Plot3;



*** WARNING
  Data set contains cases with missing on x-variables.
  These cases were not included in the analysis.
  Number of cases with missing on x-variables:  46
*** WARNING
  Data set contains cases with missing on all variables except
  x-variables.  These cases were not included in the analysis.
  Number of cases with missing on all variables except x-variables:  21
   2 WARNING(S) FOUND IN THE INPUT INSTRUCTIONS




Script produced from the prototype in ./sandbox/syntax-creator/

SUMMARY OF ANALYSIS

Number of groups                                                 1
Number of observations                                         453

Number of dependent variables                                    3
Number of independent variables                                  3
Number of continuous latent variables                            3

Observed dependent variables

  Continuous
   A_01        A_02        A_03

Observed independent variables
   AGE_C80     EDU_C7      FEMALE

Continuous latent variables
   IA          SA          QA

Variables with special functions

  Cluster variable      PAIRID
  Weight variable       _WEIGHT

  Time scores
   TIME_01     TIME_02     TIME_03


Estimator                                                      MLR
Information matrix                                        OBSERVED
Maximum number of iterations                                   100
Convergence criterion                                    0.100D-05
Maximum number of EM iterations                                500
Convergence criteria for the EM algorithm
  Loglikelihood change                                   0.100D-02
  Relative loglikelihood change                          0.100D-05
  Derivative                                             0.100D-03
Minimum variance                                         0.100D-03
Maximum number of steepest descent iterations                   20
Maximum number of iterations for H1                           2000
Convergence criterion for H1                             0.100D-03
Optimization algorithm                                         EMA

Input data file(s)
  wide-dataset.dat
Input data format  FREE



SAMPLE STATISTICS


     ESTIMATED SAMPLE STATISTICS


           Means
              A_01          A_02          A_03          AGE_C80       EDU_C7
              ________      ________      ________      ________      ________
 1              5.471         5.237         5.202         3.318         0.320


           Means
              FEMALE
              ________
 1              0.656


           Covariances
              A_01          A_02          A_03          AGE_C80       EDU_C7
              ________      ________      ________      ________      ________
 A_01           1.476
 A_02           0.644         1.126
 A_03           0.457         0.461         1.109
 AGE_C80       -0.668        -0.512        -0.560         9.298
 EDU_C7         0.597         0.580         0.701        -0.548         6.213
 FEMALE        -0.051        -0.018         0.014         0.123        -0.135


           Covariances
              FEMALE
              ________
 FEMALE         0.226


           Correlations
              A_01          A_02          A_03          AGE_C80       EDU_C7
              ________      ________      ________      ________      ________
 A_01           1.000
 A_02           0.499         1.000
 A_03           0.357         0.412         1.000
 AGE_C80       -0.180        -0.158        -0.174         1.000
 EDU_C7         0.197         0.219         0.267        -0.072         1.000
 FEMALE        -0.088        -0.035         0.029         0.085        -0.114


           Correlations
              FEMALE
              ________
 FEMALE         1.000


     MAXIMUM LOG-LIKELIHOOD VALUE FOR THE UNRESTRICTED (H1) MODEL IS -5660.178


UNIVARIATE HIGHER-ORDER MOMENT DESCRIPTIVE STATISTICS


     UNIVARIATE HIGHER-ORDER MOMENT DESCRIPTIVE STATISTICS

         Variable/         Mean/     Skewness/   Minimum/ % with                Percentiles
        Sample Size      Variance    Kurtosis    Maximum  Min/Max      20%/60%    40%/80%    Median

     A_01                  5.475       0.369       0.000    0.16%       4.000      5.000      5.000
             614.000       1.479      -0.130       9.000    0.98%       6.000      6.000
     A_02                  5.250       0.232       0.000    1.75%       4.000      5.000      5.000
             515.000       1.131      -0.434       9.000    0.19%       5.000      6.000
     A_03                  5.255       0.431       0.000    2.60%       4.000      5.000      5.000
             384.000       1.105       0.231       9.000    0.52%       5.000      6.000
     AGE_C80               3.318       1.472      -0.630    0.16%       0.877      1.811      2.454
             635.000       9.298       2.900      17.918    0.16%       3.269      5.816
     EDU_C7                0.320       2.162      -7.000    0.16%      -1.000     -1.000     -1.000
             635.000       6.213       7.060      16.000    0.16%       0.000      1.000
     FEMALE                0.656      -0.655       0.000   34.02%       0.000      1.000      1.000
             635.000       0.226      -1.571       1.000   65.98%       1.000      1.000


THE MODEL ESTIMATION TERMINATED NORMALLY



MODEL FIT INFORMATION

Number of Free Parameters                       19

Loglikelihood

          H0 Value                       -1532.956
          H0 Scaling Correction Factor      1.0711
            for MLR

Information Criteria

          Akaike (AIC)                    3103.911
          Bayesian (BIC)                  3182.113
          Sample-Size Adjusted BIC        3121.814
            (n* = (n + 2) / 24)



MODEL RESULTS

                                                    Two-Tailed
                    Estimate       S.E.  Est./S.E.    P-Value

 IA         ON
    AGE_C80           -0.065      0.020     -3.249      0.001
    EDU_C7             0.088      0.020      4.503      0.000
    FEMALE            -0.134      0.135     -0.998      0.318

 SA         ON
    AGE_C80            0.012      0.019      0.642      0.521
    EDU_C7            -0.005      0.018     -0.291      0.771
    FEMALE             0.060      0.116      0.513      0.608

 QA         ON
    AGE_C80           -0.002      0.005     -0.532      0.595
    EDU_C7             0.003      0.005      0.545      0.586
    FEMALE             0.002      0.028      0.057      0.955

 IA       WITH
    SA                -0.374      0.176     -2.128      0.033
    QA                 0.046      0.030      1.538      0.124

 SA       WITH
    QA                -0.129      0.080     -1.614      0.107

 Intercepts
    A_01               0.000      0.000    999.000    999.000
    A_02               0.000      0.000    999.000    999.000
    A_03               0.000      0.000    999.000    999.000
    IA                 5.745      0.129     44.404      0.000
    SA                -0.231      0.110     -2.094      0.036
    QA                 0.028      0.026      1.059      0.290

 Residual Variances
    A_01               0.238      0.222      1.072      0.284
    A_02               0.238      0.222      1.072      0.284
    A_03               0.238      0.222      1.072      0.284
    IA                 1.133      0.240      4.726      0.000
    SA                 0.596      0.353      1.688      0.091
    QA                 0.032      0.020      1.603      0.109


QUALITY OF NUMERICAL RESULTS

     Condition Number for the Information Matrix              0.200E-06
       (ratio of smallest to largest eigenvalue)


CONFIDENCE INTERVALS OF MODEL RESULTS

                  Lower .5%  Lower 2.5%    Lower 5%    Estimate    Upper 5%  Upper 2.5%   Upper .5%

 IA       ON
    AGE_C80         -0.116      -0.104      -0.098      -0.065      -0.032      -0.026      -0.013
    EDU_C7           0.038       0.050       0.056       0.088       0.120       0.126       0.138
    FEMALE          -0.481      -0.398      -0.356      -0.134       0.087       0.129       0.212

 SA       ON
    AGE_C80         -0.036      -0.025      -0.019       0.012       0.043       0.048       0.060
    EDU_C7          -0.052      -0.041      -0.035      -0.005       0.024       0.030       0.041
    FEMALE          -0.239      -0.168      -0.131       0.060       0.250       0.287       0.358

 QA       ON
    AGE_C80         -0.014      -0.011      -0.010      -0.002       0.005       0.006       0.009
    EDU_C7          -0.009      -0.006      -0.005       0.003       0.010       0.011       0.014
    FEMALE          -0.071      -0.053      -0.044       0.002       0.048       0.057       0.074

 IA       WITH
    SA              -0.826      -0.718      -0.663      -0.374      -0.085      -0.030       0.079
    QA              -0.031      -0.013      -0.003       0.046       0.095       0.105       0.123

 SA       WITH
    QA              -0.335      -0.285      -0.260      -0.129       0.002       0.028       0.077

 Intercepts
    A_01             0.000       0.000       0.000       0.000       0.000       0.000       0.000
    A_02             0.000       0.000       0.000       0.000       0.000       0.000       0.000
    A_03             0.000       0.000       0.000       0.000       0.000       0.000       0.000
    IA               5.412       5.491       5.532       5.745       5.958       5.998       6.078
    SA              -0.515      -0.447      -0.412      -0.231      -0.050      -0.015       0.053
    QA              -0.040      -0.024      -0.015       0.028       0.071       0.080       0.096

 Residual Variances
    A_01            -0.334      -0.197      -0.127       0.238       0.603       0.672       0.809
    A_02            -0.334      -0.197      -0.127       0.238       0.603       0.672       0.809
    A_03            -0.334      -0.197      -0.127       0.238       0.603       0.672       0.809
    IA               0.516       0.663       0.739       1.133       1.528       1.603       1.751
    SA              -0.313      -0.096       0.015       0.596       1.176       1.287       1.505
    QA              -0.019      -0.007      -0.001       0.032       0.064       0.070       0.082


SAMPLE STATISTICS FOR ESTIMATED FACTOR SCORES


     SAMPLE STATISTICS


           Means
              IA            IA_SE         SA            SA_SE         QA
              ________      ________      ________      ________      ________
 1              5.384         0.447        -0.166         0.529         0.020


           Means
              QA_SE
              ________
 1              0.128


           Covariances
              IA            IA_SE         SA            SA_SE         QA
              ________      ________      ________      ________      ________
 IA             1.027
 IA_SE         -0.005         0.007
 SA            -0.248         0.003         0.404
 SA_SE         -0.008         0.003         0.004         0.008
 QA             0.029        -0.001        -0.085        -0.001         0.020
 QA_SE         -0.002         0.000         0.000         0.002         0.000


           Covariances
              QA_SE
              ________
 QA_SE          0.001


           Correlations
              IA            IA_SE         SA            SA_SE         QA
              ________      ________      ________      ________      ________
 IA             1.000
 IA_SE         -0.056         1.000
 SA            -0.385         0.055         1.000
 SA_SE         -0.086         0.375         0.060         1.000
 QA             0.204        -0.075        -0.942        -0.041         1.000
 QA_SE         -0.092         0.175         0.016         0.946         0.020


           Correlations
              QA_SE
              ________
 QA_SE          1.000


RESULTS SAVING INFORMATION

  Order of data

    Parameter estimates
     (saved in order shown in Technical 1 output)
    Standard errors
     (saved in order shown in Technical 1 output)
    H0 Loglikelihood
    H0 Scaling Correction Factor for MLR
    Number of Free Parameters
    Akaike (AIC)
    Bayesian (BIC)
    Sample-Size Adjusted BIC

  Save file
    u2_123_aef_digitspanforward_results.dat

  Save file format           Free


PLOT INFORMATION

The following plots are available:

  Histograms (sample values, estimated factor scores)
  Scatterplots (sample values, estimated factor scores)
  Latent variable distribution plots

SAVEDATA INFORMATION


  Save file
    u2_123_aef_digitspanforward_fscores.dat

  Order and format of variables

    A_01           F10.3
    A_02           F10.3
    A_03           F10.3
    AGE_C80        F10.3
    EDU_C7         F10.3
    FEMALE         F10.3
    TIME_01        F10.3
    TIME_02        F10.3
    TIME_03        F10.3
    _WEIGHT        F10.3
    IA             F10.3
    IA_SE          F10.3
    SA             F10.3
    SA_SE          F10.3
    QA             F10.3
    QA_SE          F10.3
    PAIRID         I6

  Save file format
    16F10.3 I6

  Save file record length    10000


     Beginning Time:  18:09:20
        Ending Time:  18:09:21
       Elapsed Time:  00:00:01



MUTHEN & MUTHEN
3463 Stoner Ave.
Los Angeles, CA  90066

Tel: (310) 391-9971
Fax: (310) 391-8971
Web: www.StatModel.com
Support: Support@StatModel.com

Copyright (c) 1998-2014 Muthen & Muthen
