Mplus VERSION 7.3
MUTHEN & MUTHEN
12/17/2016   6:23 PM

INPUT INSTRUCTIONS

  TITLE:
  Script produced from the prototype in ./sandbox/syntax-creator/
  DATA:
  File = wide-dataset.dat ;
  VARIABLE:
  NAMES are
   Case PairID female age_c80 edu_c7 sbp_c167 smoke cardio diabetes dementia_ever
      years_since_bl_01 years_since_bl_02 years_since_bl_03 years_since_bl_04
      years_since_bl_05 pef_01 pef_02 pef_03 pef_04 pef_05 grip_01 grip_02 grip_03
      grip_04 grip_05 gait_01 gait_02 gait_03 gait_04 gait_05 block_01 block_02
      block_03 block_04 block_05 digitspanbackward_01 digitspanbackward_02
      digitspanbackward_03 digitspanbackward_04 digitspanbackward_05
      digitspanforward_01 digitspanforward_02 digitspanforward_03 digitspanforward_04
      digitspanforward_05 symbol_01 symbol_02 symbol_03 symbol_04 symbol_05 prose_01
      prose_02 prose_03 prose_04 prose_05 info_01 info_02 info_03 info_04 info_05
      synonyms_01 synonyms_02 synonyms_03 synonyms_04 synonyms_05 psif_01 psif_02
      psif_03 psif_04 psif_05 figure_01 figure_02 figure_03 figure_04 figure_05
      mirrecall_01 mirrecall_02 mirrecall_03 mirrecall_04 mirrecall_05 mmse_01 mmse_02
      mmse_03 mmse_04 mmse_05 mirnaming_01 mirnaming_02 mirnaming_03 mirnaming_04
      mirnaming_05 mirrecog_01 mirrecog_02 mirrecog_03 mirrecog_04 mirrecog_05
      clock_01 clock_02 clock_03 clock_04 clock_05
  	;
  Missing are all (-9999);
  USEVARIABLES are
  	!define the variables used in the analysis
  	! covariates used in the model
  age_c80
  edu_c7
  female	
  	!estimated time points
  time_01
  time_03
  time_04
  	!modelled time points of process (A)
  a_01
  a_03
  a_04
  ;
  TSCORES are
  	!estimated time points
  time_01
  time_03
  time_04;
  CLUSTER = PairID;
  SUBPOPULATION are
  	!select a subset of observations
  dementia_ever NE 1
  ;
  DEFINE:
  	! assign variables to the process (A)
  a_01 = digitspanforward_01;
  a_03 = digitspanforward_03;
  a_04 = digitspanforward_04;
  	!assign variables to time points
  time_01 = years_since_bl_01;
  time_03 = years_since_bl_03;
  time_04 = years_since_bl_04;
  	
  ANALYSIS: TYPE = RANDOM COMPLEX;
  COVERAGE=.00;
  MODEL:
  	!first-level equation
  	! assign process (A) to time points
  ia sa qa | a_01 AT time_01 ;
  ia sa qa | a_03 AT time_03 ;
  ia sa qa | a_04 AT time_04 ;
  	!variance of the first-level terms
  ia (v_ia);
  sa (v_sa);
  qa (v_qa);
  	!covariance among first-level terms
  ia WITH sa (c_iasa);
  ia WITH qa (c_iaqa);
  sa WITH qa (c_saqa);
  	!second-level equation
  ia sa qa ON age_c80
  edu_c7
  female;
  	!residual covariance of process (A)
  a_01 (res_a);
  a_03 (res_a);
  a_04 (res_a);	
  SAVEDATA:
  FILE is   u2_134_aef_digitspanforward_fscores.dat;
  SAVE = FSCORES;
  RESULTS are   u2_134_aef_digitspanforward_results.dat;
  	
  OUTPUT: sampstat cinterval;
  PLOT: Type is Plot1 Plot2 Plot3;



*** WARNING
  Data set contains cases with missing on x-variables.
  These cases were not included in the analysis.
  Number of cases with missing on x-variables:  46
*** WARNING
  Data set contains cases with missing on all variables except
  x-variables.  These cases were not included in the analysis.
  Number of cases with missing on all variables except x-variables:  31
   2 WARNING(S) FOUND IN THE INPUT INSTRUCTIONS




Script produced from the prototype in ./sandbox/syntax-creator/

SUMMARY OF ANALYSIS

Number of groups                                                 1
Number of observations                                         449

Number of dependent variables                                    3
Number of independent variables                                  3
Number of continuous latent variables                            3

Observed dependent variables

  Continuous
   A_01        A_03        A_04

Observed independent variables
   AGE_C80     EDU_C7      FEMALE

Continuous latent variables
   IA          SA          QA

Variables with special functions

  Cluster variable      PAIRID
  Weight variable       _WEIGHT

  Time scores
   TIME_01     TIME_03     TIME_04


Estimator                                                      MLR
Information matrix                                        OBSERVED
Maximum number of iterations                                   100
Convergence criterion                                    0.100D-05
Maximum number of EM iterations                                500
Convergence criteria for the EM algorithm
  Loglikelihood change                                   0.100D-02
  Relative loglikelihood change                          0.100D-05
  Derivative                                             0.100D-03
Minimum variance                                         0.100D-03
Maximum number of steepest descent iterations                   20
Maximum number of iterations for H1                           2000
Convergence criterion for H1                             0.100D-03
Optimization algorithm                                         EMA

Input data file(s)
  wide-dataset.dat
Input data format  FREE



SAMPLE STATISTICS


     ESTIMATED SAMPLE STATISTICS


           Means
              A_01          A_03          A_04          AGE_C80       EDU_C7
              ________      ________      ________      ________      ________
 1              5.465         5.204         5.007         3.302         0.327


           Means
              FEMALE
              ________
 1              0.653


           Covariances
              A_01          A_03          A_04          AGE_C80       EDU_C7
              ________      ________      ________      ________      ________
 A_01           1.492
 A_03           0.472         1.118
 A_04           0.476         0.434         0.963
 AGE_C80       -0.673        -0.571        -0.731         9.190
 EDU_C7         0.614         0.692         0.476        -0.523         6.251
 FEMALE        -0.046         0.021         0.022         0.103        -0.133


           Covariances
              FEMALE
              ________
 FEMALE         0.227


           Correlations
              A_01          A_03          A_04          AGE_C80       EDU_C7
              ________      ________      ________      ________      ________
 A_01           1.000
 A_03           0.365         1.000
 A_04           0.397         0.419         1.000
 AGE_C80       -0.182        -0.178        -0.246         1.000
 EDU_C7         0.201         0.262         0.194        -0.069         1.000
 FEMALE        -0.079         0.041         0.047         0.071        -0.112


           Correlations
              FEMALE
              ________
 FEMALE         1.000


     MAXIMUM LOG-LIKELIHOOD VALUE FOR THE UNRESTRICTED (H1) MODEL IS -5313.741


UNIVARIATE HIGHER-ORDER MOMENT DESCRIPTIVE STATISTICS


     UNIVARIATE HIGHER-ORDER MOMENT DESCRIPTIVE STATISTICS

         Variable/         Mean/     Skewness/   Minimum/ % with                Percentiles
        Sample Size      Variance    Kurtosis    Maximum  Min/Max      20%/60%    40%/80%    Median

     A_01                  5.475       0.369       0.000    0.16%       4.000      5.000      5.000
             614.000       1.479      -0.130       9.000    0.98%       6.000      6.000
     A_03                  5.255       0.431       0.000    2.60%       4.000      5.000      5.000
             384.000       1.105       0.231       9.000    0.52%       5.000      6.000
     A_04                  5.062      -0.547       0.000    2.80%       4.000      5.000      5.000
             286.000       0.963       2.472       8.000    0.70%       5.000      6.000
     AGE_C80               3.302       1.484      -0.630    0.16%       0.877      1.805      2.425
             625.000       9.190       3.015      17.918    0.16%       3.216      5.784
     EDU_C7                0.327       2.155      -7.000    0.16%      -1.000     -1.000     -1.000
             625.000       6.251       6.999      16.000    0.16%       0.000      1.000
     FEMALE                0.653      -0.641       0.000   34.40%       0.000      1.000      1.000
             625.000       0.227      -1.589       1.000   65.60%       1.000      1.000


THE MODEL ESTIMATION TERMINATED NORMALLY



MODEL FIT INFORMATION

Number of Free Parameters                       19

Loglikelihood

          H0 Value                       -1332.869
          H0 Scaling Correction Factor      1.1052
            for MLR

Information Criteria

          Akaike (AIC)                    2703.737
          Bayesian (BIC)                  2781.771
          Sample-Size Adjusted BIC        2721.472
            (n* = (n + 2) / 24)



MODEL RESULTS

                                                    Two-Tailed
                    Estimate       S.E.  Est./S.E.    P-Value

 IA         ON
    AGE_C80           -0.067      0.020     -3.303      0.001
    EDU_C7             0.090      0.020      4.580      0.000
    FEMALE            -0.119      0.136     -0.871      0.384

 SA         ON
    AGE_C80            0.011      0.016      0.705      0.481
    EDU_C7             0.019      0.020      0.962      0.336
    FEMALE             0.121      0.104      1.155      0.248

 QA         ON
    AGE_C80           -0.002      0.003     -0.784      0.433
    EDU_C7            -0.004      0.003     -1.055      0.292
    FEMALE            -0.012      0.018     -0.653      0.514

 IA       WITH
    SA                -0.381      0.089     -4.279      0.000
    QA                 0.038      0.013      3.074      0.002

 SA       WITH
    QA                -0.081      0.022     -3.691      0.000

 Intercepts
    A_01               0.000      0.000    999.000    999.000
    A_03               0.000      0.000    999.000    999.000
    A_04               0.000      0.000    999.000    999.000
    IA                 5.734      0.131     43.938      0.000
    SA                -0.161      0.098     -1.645      0.100
    QA                 0.009      0.016      0.577      0.564

 Residual Variances
    A_01               0.101      0.121      0.838      0.402
    A_03               0.101      0.121      0.838      0.402
    A_04               0.101      0.121      0.838      0.402
    IA                 1.285      0.151      8.484      0.000
    SA                 0.523      0.134      3.895      0.000
    QA                 0.013      0.004      3.579      0.000


QUALITY OF NUMERICAL RESULTS

     Condition Number for the Information Matrix              0.203E-07
       (ratio of smallest to largest eigenvalue)


CONFIDENCE INTERVALS OF MODEL RESULTS

                  Lower .5%  Lower 2.5%    Lower 5%    Estimate    Upper 5%  Upper 2.5%   Upper .5%

 IA       ON
    AGE_C80         -0.119      -0.106      -0.100      -0.067      -0.034      -0.027      -0.015
    EDU_C7           0.039       0.051       0.058       0.090       0.122       0.129       0.141
    FEMALE          -0.469      -0.386      -0.343      -0.119       0.105       0.148       0.232

 SA       ON
    AGE_C80         -0.031      -0.020      -0.015       0.011       0.038       0.043       0.054
    EDU_C7          -0.033      -0.020      -0.014       0.019       0.053       0.059       0.072
    FEMALE          -0.148      -0.084      -0.051       0.121       0.293       0.325       0.390

 QA       ON
    AGE_C80         -0.010      -0.008      -0.007      -0.002       0.002       0.003       0.005
    EDU_C7          -0.013      -0.010      -0.009      -0.004       0.002       0.003       0.005
    FEMALE          -0.058      -0.047      -0.041      -0.012       0.018       0.024       0.035

 IA       WITH
    SA              -0.610      -0.555      -0.527      -0.381      -0.234      -0.206      -0.152
    QA               0.006       0.014       0.018       0.038       0.059       0.063       0.071

 SA       WITH
    QA              -0.137      -0.124      -0.117      -0.081      -0.045      -0.038      -0.024

 Intercepts
    A_01             0.000       0.000       0.000       0.000       0.000       0.000       0.000
    A_03             0.000       0.000       0.000       0.000       0.000       0.000       0.000
    A_04             0.000       0.000       0.000       0.000       0.000       0.000       0.000
    IA               5.398       5.478       5.519       5.734       5.949       5.990       6.070
    SA              -0.413      -0.353      -0.322      -0.161       0.000       0.031       0.091
    QA              -0.033      -0.023      -0.018       0.009       0.036       0.042       0.052

 Residual Variances
    A_01            -0.210      -0.135      -0.097       0.101       0.300       0.338       0.412
    A_03            -0.210      -0.135      -0.097       0.101       0.300       0.338       0.412
    A_04            -0.210      -0.135      -0.097       0.101       0.300       0.338       0.412
    IA               0.895       0.988       1.036       1.285       1.534       1.582       1.675
    SA               0.177       0.260       0.302       0.523       0.744       0.787       0.869
    QA               0.004       0.006       0.007       0.013       0.020       0.021       0.023


SAMPLE STATISTICS FOR ESTIMATED FACTOR SCORES


     SAMPLE STATISTICS


           Means
              IA            IA_SE         SA            SA_SE         QA
              ________      ________      ________      ________      ________
 1              5.382         0.318        -0.078         0.434        -0.002


           Means
              QA_SE
              ________
 1              0.075


           Covariances
              IA            IA_SE         SA            SA_SE         QA
              ________      ________      ________      ________      ________
 IA             1.282
 IA_SE         -0.011         0.009
 SA            -0.303        -0.003         0.399
 SA_SE         -0.019         0.001         0.008         0.030
 QA             0.029         0.000        -0.060        -0.001         0.010
 QA_SE         -0.003         0.000         0.001         0.005         0.000


           Covariances
              QA_SE
              ________
 QA_SE          0.001


           Correlations
              IA            IA_SE         SA            SA_SE         QA
              ________      ________      ________      ________      ________
 IA             1.000
 IA_SE         -0.101         1.000
 SA            -0.423        -0.044         1.000
 SA_SE         -0.098         0.085         0.073         1.000
 QA             0.265         0.037        -0.965        -0.043         1.000
 QA_SE         -0.089         0.002         0.055         0.984        -0.024


           Correlations
              QA_SE
              ________
 QA_SE          1.000


RESULTS SAVING INFORMATION

  Order of data

    Parameter estimates
     (saved in order shown in Technical 1 output)
    Standard errors
     (saved in order shown in Technical 1 output)
    H0 Loglikelihood
    H0 Scaling Correction Factor for MLR
    Number of Free Parameters
    Akaike (AIC)
    Bayesian (BIC)
    Sample-Size Adjusted BIC

  Save file
    u2_134_aef_digitspanforward_results.dat

  Save file format           Free


PLOT INFORMATION

The following plots are available:

  Histograms (sample values, estimated factor scores)
  Scatterplots (sample values, estimated factor scores)
  Latent variable distribution plots

SAVEDATA INFORMATION


  Save file
    u2_134_aef_digitspanforward_fscores.dat

  Order and format of variables

    A_01           F10.3
    A_03           F10.3
    A_04           F10.3
    AGE_C80        F10.3
    EDU_C7         F10.3
    FEMALE         F10.3
    TIME_01        F10.3
    TIME_03        F10.3
    TIME_04        F10.3
    _WEIGHT        F10.3
    IA             F10.3
    IA_SE          F10.3
    SA             F10.3
    SA_SE          F10.3
    QA             F10.3
    QA_SE          F10.3
    PAIRID         I6

  Save file format
    16F10.3 I6

  Save file record length    10000


     Beginning Time:  18:23:59
        Ending Time:  18:24:00
       Elapsed Time:  00:00:01



MUTHEN & MUTHEN
3463 Stoner Ave.
Los Angeles, CA  90066

Tel: (310) 391-9971
Fax: (310) 391-8971
Web: www.StatModel.com
Support: Support@StatModel.com

Copyright (c) 1998-2014 Muthen & Muthen
