Mplus VERSION 7.3
MUTHEN & MUTHEN
12/17/2016  12:04 PM

INPUT INSTRUCTIONS

  TITLE:
  Script produced from the prototype in ./sandbox/syntax-creator/
  DATA:
  File = wide-dataset.dat ;
  VARIABLE:
  NAMES are
   Case PairID female age_c80 edu_c7 sbp_c167 smoke cardio diabetes dementia_ever
      years_since_bl_01 years_since_bl_02 years_since_bl_03 years_since_bl_04
      years_since_bl_05 pef_01 pef_02 pef_03 pef_04 pef_05 grip_01 grip_02 grip_03
      grip_04 grip_05 gait_01 gait_02 gait_03 gait_04 gait_05 block_01 block_02
      block_03 block_04 block_05 digitspanbackward_01 digitspanbackward_02
      digitspanbackward_03 digitspanbackward_04 digitspanbackward_05
      digitspanforward_01 digitspanforward_02 digitspanforward_03 digitspanforward_04
      digitspanforward_05 symbol_01 symbol_02 symbol_03 symbol_04 symbol_05 prose_01
      prose_02 prose_03 prose_04 prose_05 info_01 info_02 info_03 info_04 info_05
      synonyms_01 synonyms_02 synonyms_03 synonyms_04 synonyms_05 psif_01 psif_02
      psif_03 psif_04 psif_05 figure_01 figure_02 figure_03 figure_04 figure_05
      mirrecall_01 mirrecall_02 mirrecall_03 mirrecall_04 mirrecall_05 mmse_01 mmse_02
      mmse_03 mmse_04 mmse_05 mirnaming_01 mirnaming_02 mirnaming_03 mirnaming_04
      mirnaming_05 mirrecog_01 mirrecog_02 mirrecog_03 mirrecog_04 mirrecog_05
      clock_01 clock_02 clock_03 clock_04 clock_05
  	;
  Missing are all (-9999);
  USEVARIABLES are
  	!define the variables used in the analysis
  	! covariates used in the model
  age_c80
  edu_c7
  female	
  	!estimated time points
  time_01
  time_02
  time_03
  time_04
  time_05
  	!modelled time points of process (A)
  a_01
  a_02
  a_03
  a_04
  a_05
  ;
  TSCORES are
  	!estimated time points
  time_01
  time_02
  time_03
  time_04
  time_05;
  CLUSTER = PairID;
  SUBPOPULATION are
  	!select a subset of observations
  dementia_ever NE 1
  ;
  DEFINE:
  	! assign variables to the process (A)
  a_01 = digitspanforward_01;
  a_02 = digitspanforward_02;
  a_03 = digitspanforward_03;
  a_04 = digitspanforward_04;
  a_05 = digitspanforward_05;
  	!assign variables to time points
  time_01 = years_since_bl_01;
  time_02 = years_since_bl_02;
  time_03 = years_since_bl_03;
  time_04 = years_since_bl_04;
  time_05 = years_since_bl_05;
  	
  ANALYSIS: TYPE = RANDOM COMPLEX;
  COVERAGE=.00;
  MODEL:
  	!first-level equation
  	! assign process (A) to time points
  ia sa qa | a_01 AT time_01 ;
  ia sa qa | a_02 AT time_02 ;
  ia sa qa | a_03 AT time_03 ;
  ia sa qa | a_04 AT time_04 ;
  ia sa qa | a_05 AT time_05 ;
  	!variance of the first-level terms
  ia (v_ia);
  sa (v_sa);
  qa (v_qa);
  	!covariance among first-level terms
  ia WITH sa (c_iasa);
  ia WITH qa (c_iaqa);
  sa WITH qa (c_saqa);
  	!second-level equation
  ia sa qa ON age_c80
  edu_c7
  female;
  	!residual covariance of process (A)
  a_01 (res_a);
  a_02 (res_a);
  a_03 (res_a);
  a_04 (res_a);
  a_05 (res_a);	
  SAVEDATA:
  FILE is   u2_12345_aef_digitspanforward_fscores.dat;
  SAVE = FSCORES;
  RESULTS are   u2_12345_aef_digitspanforward_results.dat;
  	
  OUTPUT: sampstat cinterval;
  PLOT: Type is Plot1 Plot2 Plot3;



*** WARNING
  Data set contains cases with missing on x-variables.
  These cases were not included in the analysis.
  Number of cases with missing on x-variables:  46
*** WARNING
  Data set contains cases with missing on all variables except
  x-variables.  These cases were not included in the analysis.
  Number of cases with missing on all variables except x-variables:  20
   2 WARNING(S) FOUND IN THE INPUT INSTRUCTIONS




Script produced from the prototype in ./sandbox/syntax-creator/

SUMMARY OF ANALYSIS

Number of groups                                                 1
Number of observations                                         454

Number of dependent variables                                    5
Number of independent variables                                  3
Number of continuous latent variables                            3

Observed dependent variables

  Continuous
   A_01        A_02        A_03        A_04        A_05

Observed independent variables
   AGE_C80     EDU_C7      FEMALE

Continuous latent variables
   IA          SA          QA

Variables with special functions

  Cluster variable      PAIRID
  Weight variable       _WEIGHT

  Time scores
   TIME_01     TIME_02     TIME_03     TIME_04     TIME_05


Estimator                                                      MLR
Information matrix                                        OBSERVED
Maximum number of iterations                                   100
Convergence criterion                                    0.100D-05
Maximum number of EM iterations                                500
Convergence criteria for the EM algorithm
  Loglikelihood change                                   0.100D-02
  Relative loglikelihood change                          0.100D-05
  Derivative                                             0.100D-03
Minimum variance                                         0.100D-03
Maximum number of steepest descent iterations                   20
Maximum number of iterations for H1                           2000
Convergence criterion for H1                             0.100D-03
Optimization algorithm                                         EMA

Input data file(s)
  wide-dataset.dat
Input data format  FREE



SAMPLE STATISTICS


     ESTIMATED SAMPLE STATISTICS


           Means
              A_01          A_02          A_03          A_04          A_05
              ________      ________      ________      ________      ________
 1              5.466         5.230         5.193         4.995         4.975


           Means
              AGE_C80       EDU_C7        FEMALE
              ________      ________      ________
 1              3.329         0.317         0.654


           Covariances
              A_01          A_02          A_03          A_04          A_05
              ________      ________      ________      ________      ________
 A_01           1.486
 A_02           0.657         1.140
 A_03           0.475         0.478         1.127
 A_04           0.475         0.462         0.464         0.986
 A_05           0.430         0.349         0.509         0.566         0.996
 AGE_C80       -0.690        -0.539        -0.584        -0.748        -0.888
 EDU_C7         0.603         0.586         0.707         0.501         0.526
 FEMALE        -0.047        -0.014         0.018         0.025        -0.029


           Covariances
              AGE_C80       EDU_C7        FEMALE
              ________      ________      ________
 AGE_C80        9.327
 EDU_C7        -0.561         6.203
 FEMALE         0.116        -0.133         0.226


           Correlations
              A_01          A_02          A_03          A_04          A_05
              ________      ________      ________      ________      ________
 A_01           1.000
 A_02           0.505         1.000
 A_03           0.367         0.422         1.000
 A_04           0.392         0.436         0.441         1.000
 A_05           0.353         0.328         0.481         0.571         1.000
 AGE_C80       -0.185        -0.165        -0.180        -0.247        -0.291
 EDU_C7         0.199         0.220         0.267         0.202         0.212
 FEMALE        -0.081        -0.027         0.035         0.053        -0.062


           Correlations
              AGE_C80       EDU_C7        FEMALE
              ________      ________      ________
 AGE_C80        1.000
 EDU_C7        -0.074         1.000
 FEMALE         0.080        -0.112         1.000


     MAXIMUM LOG-LIKELIHOOD VALUE FOR THE UNRESTRICTED (H1) MODEL IS -6284.622


UNIVARIATE HIGHER-ORDER MOMENT DESCRIPTIVE STATISTICS


     UNIVARIATE HIGHER-ORDER MOMENT DESCRIPTIVE STATISTICS

         Variable/         Mean/     Skewness/   Minimum/ % with                Percentiles
        Sample Size      Variance    Kurtosis    Maximum  Min/Max      20%/60%    40%/80%    Median

     A_01                  5.475       0.369       0.000    0.16%       4.000      5.000      5.000
             614.000       1.479      -0.130       9.000    0.98%       6.000      6.000
     A_02                  5.250       0.232       0.000    1.75%       4.000      5.000      5.000
             515.000       1.131      -0.434       9.000    0.19%       5.000      6.000
     A_03                  5.255       0.431       0.000    2.60%       4.000      5.000      5.000
             384.000       1.105       0.231       9.000    0.52%       5.000      6.000
     A_04                  5.062      -0.547       0.000    2.80%       4.000      5.000      5.000
             286.000       0.963       2.472       8.000    0.70%       5.000      6.000
     A_05                  5.057      -0.615       0.000    4.50%       4.000      5.000      5.000
             200.000       0.934       3.909       8.000    1.50%       5.000      6.000
     AGE_C80               3.329       1.460      -0.630    0.16%       0.877      1.811      2.454
             636.000       9.327       2.843      17.918    0.16%       3.277      5.819
     EDU_C7                0.317       2.166      -7.000    0.16%      -1.000     -1.000     -1.000
             636.000       6.203       7.080      16.000    0.16%       0.000      1.000
     FEMALE                0.654      -0.648       0.000   34.12%       0.000      1.000      1.000
             636.000       0.226      -1.580       1.000   65.88%       1.000      1.000


THE MODEL ESTIMATION TERMINATED NORMALLY



MODEL FIT INFORMATION

Number of Free Parameters                       19

Loglikelihood

          H0 Value                       -1984.982
          H0 Scaling Correction Factor      1.1514
            for MLR

Information Criteria

          Akaike (AIC)                    4007.965
          Bayesian (BIC)                  4086.209
          Sample-Size Adjusted BIC        4025.909
            (n* = (n + 2) / 24)



MODEL RESULTS

                                                    Two-Tailed
                    Estimate       S.E.  Est./S.E.    P-Value

 IA         ON
    AGE_C80           -0.066      0.019     -3.381      0.001
    EDU_C7             0.087      0.020      4.437      0.000
    FEMALE            -0.137      0.133     -1.036      0.300

 SA         ON
    AGE_C80            0.008      0.010      0.789      0.430
    EDU_C7             0.007      0.011      0.646      0.518
    FEMALE             0.125      0.059      2.142      0.032

 QA         ON
    AGE_C80           -0.001      0.001     -1.129      0.259
    EDU_C7            -0.001      0.001     -0.792      0.428
    FEMALE            -0.014      0.007     -1.921      0.055

 IA       WITH
    SA                -0.122      0.040     -3.082      0.002
    QA                 0.008      0.005      1.714      0.087

 SA       WITH
    QA                -0.003      0.003     -1.091      0.275

 Intercepts
    A_01               0.000      0.000    999.000    999.000
    A_02               0.000      0.000    999.000    999.000
    A_03               0.000      0.000    999.000    999.000
    A_04               0.000      0.000    999.000    999.000
    A_05               0.000      0.000    999.000    999.000
    IA                 5.740      0.126     45.455      0.000
    SA                -0.213      0.057     -3.723      0.000
    QA                 0.019      0.007      2.747      0.006

 Residual Variances
    A_01               0.576      0.045     12.857      0.000
    A_02               0.576      0.045     12.857      0.000
    A_03               0.576      0.045     12.857      0.000
    A_04               0.576      0.045     12.857      0.000
    A_05               0.576      0.045     12.857      0.000
    IA                 0.789      0.093      8.454      0.000
    SA                 0.040      0.022      1.764      0.078
    QA                 0.000      0.000      0.651      0.515


QUALITY OF NUMERICAL RESULTS

     Condition Number for the Information Matrix              0.295E-05
       (ratio of smallest to largest eigenvalue)


CONFIDENCE INTERVALS OF MODEL RESULTS

                  Lower .5%  Lower 2.5%    Lower 5%    Estimate    Upper 5%  Upper 2.5%   Upper .5%

 IA       ON
    AGE_C80         -0.116      -0.104      -0.098      -0.066      -0.034      -0.028      -0.016
    EDU_C7           0.037       0.049       0.055       0.087       0.120       0.126       0.138
    FEMALE          -0.479      -0.397      -0.356      -0.137       0.081       0.123       0.204

 SA       ON
    AGE_C80         -0.017      -0.011      -0.008       0.008       0.024       0.027       0.033
    EDU_C7          -0.021      -0.014      -0.011       0.007       0.025       0.029       0.035
    FEMALE          -0.025       0.011       0.029       0.125       0.222       0.240       0.276

 QA       ON
    AGE_C80         -0.005      -0.004      -0.003      -0.001       0.001       0.001       0.002
    EDU_C7          -0.005      -0.004      -0.003      -0.001       0.001       0.002       0.002
    FEMALE          -0.032      -0.028      -0.026      -0.014      -0.002       0.000       0.005

 IA       WITH
    SA              -0.225      -0.200      -0.188      -0.122      -0.057      -0.045      -0.020
    QA              -0.004      -0.001       0.000       0.008       0.015       0.017       0.019

 SA       WITH
    QA              -0.009      -0.008      -0.007      -0.003       0.001       0.002       0.004

 Intercepts
    A_01             0.000       0.000       0.000       0.000       0.000       0.000       0.000
    A_02             0.000       0.000       0.000       0.000       0.000       0.000       0.000
    A_03             0.000       0.000       0.000       0.000       0.000       0.000       0.000
    A_04             0.000       0.000       0.000       0.000       0.000       0.000       0.000
    A_05             0.000       0.000       0.000       0.000       0.000       0.000       0.000
    IA               5.415       5.492       5.532       5.740       5.948       5.987       6.065
    SA              -0.360      -0.325      -0.307      -0.213      -0.119      -0.101      -0.066
    QA               0.001       0.006       0.008       0.019       0.031       0.033       0.038

 Residual Variances
    A_01             0.460       0.488       0.502       0.576       0.649       0.663       0.691
    A_02             0.460       0.488       0.502       0.576       0.649       0.663       0.691
    A_03             0.460       0.488       0.502       0.576       0.649       0.663       0.691
    A_04             0.460       0.488       0.502       0.576       0.649       0.663       0.691
    A_05             0.460       0.488       0.502       0.576       0.649       0.663       0.691
    IA               0.549       0.606       0.636       0.789       0.943       0.972       1.030
    SA              -0.018      -0.004       0.003       0.040       0.076       0.083       0.097
    QA              -0.001       0.000       0.000       0.000       0.001       0.001       0.001


SAMPLE STATISTICS FOR ESTIMATED FACTOR SCORES


     SAMPLE STATISTICS


           Means
              IA            IA_SE         SA            SA_SE         QA
              ________      ________      ________      ________      ________
 1              5.348         0.519        -0.111         0.164         0.006


           Means
              QA_SE
              ________
 1              0.012


           Covariances
              IA            IA_SE         SA            SA_SE         QA
              ________      ________      ________      ________      ________
 IA             0.685
 IA_SE         -0.004         0.002
 SA            -0.066         0.000         0.018
 SA_SE         -0.001         0.000         0.000         0.000
 QA             0.004         0.000        -0.001         0.000         0.000
 QA_SE          0.000         0.000         0.000         0.000         0.000


           Covariances
              QA_SE
              ________
 QA_SE          0.000


           Correlations
              IA            IA_SE         SA            SA_SE         QA
              ________      ________      ________      ________      ________
 IA             1.000
 IA_SE         -0.110         1.000
 SA            -0.594         0.045         1.000
 SA_SE         -0.139         0.812         0.045         1.000
 QA             0.479        -0.056        -0.943        -0.045         1.000
 QA_SE         -0.139         0.799         0.057         0.996        -0.056


           Correlations
              QA_SE
              ________
 QA_SE          1.000


RESULTS SAVING INFORMATION

  Order of data

    Parameter estimates
     (saved in order shown in Technical 1 output)
    Standard errors
     (saved in order shown in Technical 1 output)
    H0 Loglikelihood
    H0 Scaling Correction Factor for MLR
    Number of Free Parameters
    Akaike (AIC)
    Bayesian (BIC)
    Sample-Size Adjusted BIC

  Save file
    u2_12345_aef_digitspanforward_results.dat

  Save file format           Free


PLOT INFORMATION

The following plots are available:

  Histograms (sample values, estimated factor scores)
  Scatterplots (sample values, estimated factor scores)
  Latent variable distribution plots

SAVEDATA INFORMATION


  Save file
    u2_12345_aef_digitspanforward_fscores.dat

  Order and format of variables

    A_01           F10.3
    A_02           F10.3
    A_03           F10.3
    A_04           F10.3
    A_05           F10.3
    AGE_C80        F10.3
    EDU_C7         F10.3
    FEMALE         F10.3
    TIME_01        F10.3
    TIME_02        F10.3
    TIME_03        F10.3
    TIME_04        F10.3
    TIME_05        F10.3
    _WEIGHT        F10.3
    IA             F10.3
    IA_SE          F10.3
    SA             F10.3
    SA_SE          F10.3
    QA             F10.3
    QA_SE          F10.3
    PAIRID         I6

  Save file format
    20F10.3 I6

  Save file record length    10000


     Beginning Time:  12:04:50
        Ending Time:  12:04:52
       Elapsed Time:  00:00:02



MUTHEN & MUTHEN
3463 Stoner Ave.
Los Angeles, CA  90066

Tel: (310) 391-9971
Fax: (310) 391-8971
Web: www.StatModel.com
Support: Support@StatModel.com

Copyright (c) 1998-2014 Muthen & Muthen
