Mplus VERSION 7.3
MUTHEN & MUTHEN
12/17/2016  12:05 PM

INPUT INSTRUCTIONS

  TITLE:
  Script produced from the prototype in ./sandbox/syntax-creator/
  DATA:
  File = wide-dataset.dat ;
  VARIABLE:
  NAMES are
   Case PairID female age_c80 edu_c7 sbp_c167 smoke cardio diabetes dementia_ever
      years_since_bl_01 years_since_bl_02 years_since_bl_03 years_since_bl_04
      years_since_bl_05 pef_01 pef_02 pef_03 pef_04 pef_05 grip_01 grip_02 grip_03
      grip_04 grip_05 gait_01 gait_02 gait_03 gait_04 gait_05 block_01 block_02
      block_03 block_04 block_05 digitspanbackward_01 digitspanbackward_02
      digitspanbackward_03 digitspanbackward_04 digitspanbackward_05
      digitspanforward_01 digitspanforward_02 digitspanforward_03 digitspanforward_04
      digitspanforward_05 symbol_01 symbol_02 symbol_03 symbol_04 symbol_05 prose_01
      prose_02 prose_03 prose_04 prose_05 info_01 info_02 info_03 info_04 info_05
      synonyms_01 synonyms_02 synonyms_03 synonyms_04 synonyms_05 psif_01 psif_02
      psif_03 psif_04 psif_05 figure_01 figure_02 figure_03 figure_04 figure_05
      mirrecall_01 mirrecall_02 mirrecall_03 mirrecall_04 mirrecall_05 mmse_01 mmse_02
      mmse_03 mmse_04 mmse_05 mirnaming_01 mirnaming_02 mirnaming_03 mirnaming_04
      mirnaming_05 mirrecog_01 mirrecog_02 mirrecog_03 mirrecog_04 mirrecog_05
      clock_01 clock_02 clock_03 clock_04 clock_05
  	;
  Missing are all (-9999);
  USEVARIABLES are
  	!define the variables used in the analysis
  	! covariates used in the model
  age_c80
  edu_c7
  female	
  	!estimated time points
  time_01
  time_02
  time_03
  time_05
  	!modelled time points of process (A)
  a_01
  a_02
  a_03
  a_05
  ;
  TSCORES are
  	!estimated time points
  time_01
  time_02
  time_03
  time_05;
  CLUSTER = PairID;
  SUBPOPULATION are
  	!select a subset of observations
  dementia_ever NE 1
  ;
  DEFINE:
  	! assign variables to the process (A)
  a_01 = digitspanforward_01;
  a_02 = digitspanforward_02;
  a_03 = digitspanforward_03;
  a_05 = digitspanforward_05;
  	!assign variables to time points
  time_01 = years_since_bl_01;
  time_02 = years_since_bl_02;
  time_03 = years_since_bl_03;
  time_05 = years_since_bl_05;
  	
  ANALYSIS: TYPE = RANDOM COMPLEX;
  COVERAGE=.00;
  MODEL:
  	!first-level equation
  	! assign process (A) to time points
  ia sa qa | a_01 AT time_01 ;
  ia sa qa | a_02 AT time_02 ;
  ia sa qa | a_03 AT time_03 ;
  ia sa qa | a_05 AT time_05 ;
  	!variance of the first-level terms
  ia (v_ia);
  sa (v_sa);
  qa (v_qa);
  	!covariance among first-level terms
  ia WITH sa (c_iasa);
  ia WITH qa (c_iaqa);
  sa WITH qa (c_saqa);
  	!second-level equation
  ia sa qa ON age_c80
  edu_c7
  female;
  	!residual covariance of process (A)
  a_01 (res_a);
  a_02 (res_a);
  a_03 (res_a);
  a_05 (res_a);	
  SAVEDATA:
  FILE is   u2_1235_aef_digitspanforward_fscores.dat;
  SAVE = FSCORES;
  RESULTS are   u2_1235_aef_digitspanforward_results.dat;
  	
  OUTPUT: sampstat cinterval;
  PLOT: Type is Plot1 Plot2 Plot3;



*** WARNING
  Data set contains cases with missing on x-variables.
  These cases were not included in the analysis.
  Number of cases with missing on x-variables:  46
*** WARNING
  Data set contains cases with missing on all variables except
  x-variables.  These cases were not included in the analysis.
  Number of cases with missing on all variables except x-variables:  21
   2 WARNING(S) FOUND IN THE INPUT INSTRUCTIONS




Script produced from the prototype in ./sandbox/syntax-creator/

SUMMARY OF ANALYSIS

Number of groups                                                 1
Number of observations                                         453

Number of dependent variables                                    4
Number of independent variables                                  3
Number of continuous latent variables                            3

Observed dependent variables

  Continuous
   A_01        A_02        A_03        A_05

Observed independent variables
   AGE_C80     EDU_C7      FEMALE

Continuous latent variables
   IA          SA          QA

Variables with special functions

  Cluster variable      PAIRID
  Weight variable       _WEIGHT

  Time scores
   TIME_01     TIME_02     TIME_03     TIME_05


Estimator                                                      MLR
Information matrix                                        OBSERVED
Maximum number of iterations                                   100
Convergence criterion                                    0.100D-05
Maximum number of EM iterations                                500
Convergence criteria for the EM algorithm
  Loglikelihood change                                   0.100D-02
  Relative loglikelihood change                          0.100D-05
  Derivative                                             0.100D-03
Minimum variance                                         0.100D-03
Maximum number of steepest descent iterations                   20
Maximum number of iterations for H1                           2000
Convergence criterion for H1                             0.100D-03
Optimization algorithm                                         EMA

Input data file(s)
  wide-dataset.dat
Input data format  FREE



SAMPLE STATISTICS


     ESTIMATED SAMPLE STATISTICS


           Means
              A_01          A_02          A_03          A_05          AGE_C80
              ________      ________      ________      ________      ________
 1              5.471         5.236         5.200         5.023         3.318


           Means
              EDU_C7        FEMALE
              ________      ________
 1              0.320         0.656


           Covariances
              A_01          A_02          A_03          A_05          AGE_C80
              ________      ________      ________      ________      ________
 A_01           1.476
 A_02           0.645         1.127
 A_03           0.459         0.462         1.109
 A_05           0.411         0.333         0.463         0.945
 AGE_C80       -0.669        -0.512        -0.552        -0.806         9.298
 EDU_C7         0.597         0.581         0.700         0.548        -0.548
 FEMALE        -0.051        -0.018         0.015        -0.045         0.123


           Covariances
              EDU_C7        FEMALE
              ________      ________
 EDU_C7         6.213
 FEMALE        -0.135         0.226


           Correlations
              A_01          A_02          A_03          A_05          AGE_C80
              ________      ________      ________      ________      ________
 A_01           1.000
 A_02           0.500         1.000
 A_03           0.358         0.413         1.000
 A_05           0.348         0.323         0.452         1.000
 AGE_C80       -0.181        -0.158        -0.172        -0.272         1.000
 EDU_C7         0.197         0.219         0.267         0.226        -0.072
 FEMALE        -0.088        -0.035         0.029        -0.096         0.085


           Correlations
              EDU_C7        FEMALE
              ________      ________
 EDU_C7         1.000
 FEMALE        -0.114         1.000


     MAXIMUM LOG-LIKELIHOOD VALUE FOR THE UNRESTRICTED (H1) MODEL IS -5932.395


UNIVARIATE HIGHER-ORDER MOMENT DESCRIPTIVE STATISTICS


     UNIVARIATE HIGHER-ORDER MOMENT DESCRIPTIVE STATISTICS

         Variable/         Mean/     Skewness/   Minimum/ % with                Percentiles
        Sample Size      Variance    Kurtosis    Maximum  Min/Max      20%/60%    40%/80%    Median

     A_01                  5.475       0.369       0.000    0.16%       4.000      5.000      5.000
             614.000       1.479      -0.130       9.000    0.98%       6.000      6.000
     A_02                  5.250       0.232       0.000    1.75%       4.000      5.000      5.000
             515.000       1.131      -0.434       9.000    0.19%       5.000      6.000
     A_03                  5.255       0.431       0.000    2.60%       4.000      5.000      5.000
             384.000       1.105       0.231       9.000    0.52%       5.000      6.000
     A_05                  5.057      -0.615       0.000    4.50%       4.000      5.000      5.000
             200.000       0.934       3.909       8.000    1.50%       5.000      6.000
     AGE_C80               3.318       1.472      -0.630    0.16%       0.877      1.811      2.454
             635.000       9.298       2.900      17.918    0.16%       3.269      5.816
     EDU_C7                0.320       2.162      -7.000    0.16%      -1.000     -1.000     -1.000
             635.000       6.213       7.060      16.000    0.16%       0.000      1.000
     FEMALE                0.656      -0.655       0.000   34.02%       0.000      1.000      1.000
             635.000       0.226      -1.571       1.000   65.98%       1.000      1.000


THE MODEL ESTIMATION TERMINATED NORMALLY



MODEL FIT INFORMATION

Number of Free Parameters                       19

Loglikelihood

          H0 Value                       -1731.459
          H0 Scaling Correction Factor      1.1137
            for MLR

Information Criteria

          Akaike (AIC)                    3500.919
          Bayesian (BIC)                  3579.121
          Sample-Size Adjusted BIC        3518.822
            (n* = (n + 2) / 24)



MODEL RESULTS

                                                    Two-Tailed
                    Estimate       S.E.  Est./S.E.    P-Value

 IA         ON
    AGE_C80           -0.064      0.020     -3.291      0.001
    EDU_C7             0.086      0.020      4.322      0.000
    FEMALE            -0.145      0.133     -1.087      0.277

 SA         ON
    AGE_C80            0.008      0.010      0.838      0.402
    EDU_C7             0.008      0.012      0.701      0.483
    FEMALE             0.122      0.062      1.958      0.050

 QA         ON
    AGE_C80           -0.001      0.001     -1.071      0.284
    EDU_C7            -0.001      0.001     -0.764      0.445
    FEMALE            -0.015      0.007     -1.980      0.048

 IA       WITH
    SA                -0.144      0.045     -3.180      0.001
    QA                 0.010      0.005      2.011      0.044

 SA       WITH
    QA                -0.005      0.003     -1.621      0.105

 Intercepts
    A_01               0.000      0.000    999.000    999.000
    A_02               0.000      0.000    999.000    999.000
    A_03               0.000      0.000    999.000    999.000
    A_05               0.000      0.000    999.000    999.000
    IA                 5.741      0.127     45.153      0.000
    SA                -0.210      0.061     -3.437      0.001
    QA                 0.020      0.007      2.752      0.006

 Residual Variances
    A_01               0.579      0.053     11.015      0.000
    A_02               0.579      0.053     11.015      0.000
    A_03               0.579      0.053     11.015      0.000
    A_05               0.579      0.053     11.015      0.000
    IA                 0.799      0.099      8.033      0.000
    SA                 0.062      0.030      2.078      0.038
    QA                 0.001      0.000      1.283      0.199


QUALITY OF NUMERICAL RESULTS

     Condition Number for the Information Matrix              0.239E-05
       (ratio of smallest to largest eigenvalue)


CONFIDENCE INTERVALS OF MODEL RESULTS

                  Lower .5%  Lower 2.5%    Lower 5%    Estimate    Upper 5%  Upper 2.5%   Upper .5%

 IA       ON
    AGE_C80         -0.115      -0.103      -0.097      -0.064      -0.032      -0.026      -0.014
    EDU_C7           0.035       0.047       0.053       0.086       0.118       0.124       0.137
    FEMALE          -0.488      -0.406      -0.364      -0.145       0.074       0.116       0.198

 SA       ON
    AGE_C80         -0.018      -0.011      -0.008       0.008       0.025       0.028       0.034
    EDU_C7          -0.022      -0.015      -0.011       0.008       0.027       0.031       0.038
    FEMALE          -0.039       0.000       0.019       0.122       0.224       0.244       0.282

 QA       ON
    AGE_C80         -0.005      -0.004      -0.003      -0.001       0.001       0.001       0.002
    EDU_C7          -0.005      -0.004      -0.003      -0.001       0.001       0.002       0.003
    FEMALE          -0.034      -0.029      -0.027      -0.015      -0.002       0.000       0.004

 IA       WITH
    SA              -0.260      -0.232      -0.218      -0.144      -0.069      -0.055      -0.027
    QA              -0.003       0.000       0.002       0.010       0.018       0.020       0.023

 SA       WITH
    QA              -0.014      -0.012      -0.011      -0.005       0.000       0.001       0.003

 Intercepts
    A_01             0.000       0.000       0.000       0.000       0.000       0.000       0.000
    A_02             0.000       0.000       0.000       0.000       0.000       0.000       0.000
    A_03             0.000       0.000       0.000       0.000       0.000       0.000       0.000
    A_05             0.000       0.000       0.000       0.000       0.000       0.000       0.000
    IA               5.414       5.492       5.532       5.741       5.950       5.990       6.069
    SA              -0.367      -0.329      -0.310      -0.210      -0.109      -0.090      -0.052
    QA               0.001       0.006       0.008       0.020       0.032       0.035       0.039

 Residual Variances
    A_01             0.444       0.476       0.493       0.579       0.665       0.682       0.714
    A_02             0.444       0.476       0.493       0.579       0.665       0.682       0.714
    A_03             0.444       0.476       0.493       0.579       0.665       0.682       0.714
    A_05             0.444       0.476       0.493       0.579       0.665       0.682       0.714
    IA               0.543       0.604       0.635       0.799       0.962       0.994       1.055
    SA              -0.015       0.004       0.013       0.062       0.112       0.121       0.140
    QA              -0.001       0.000       0.000       0.001       0.001       0.001       0.002


SAMPLE STATISTICS FOR ESTIMATED FACTOR SCORES


     SAMPLE STATISTICS


           Means
              IA            IA_SE         SA            SA_SE         QA
              ________      ________      ________      ________      ________
 1              5.358         0.532        -0.107         0.212         0.007


           Means
              QA_SE
              ________
 1              0.020


           Covariances
              IA            IA_SE         SA            SA_SE         QA
              ________      ________      ________      ________      ________
 IA             0.662
 IA_SE         -0.003         0.002
 SA            -0.071         0.000         0.022
 SA_SE         -0.001         0.000         0.000         0.000
 QA             0.005         0.000        -0.002         0.000         0.000
 QA_SE          0.000         0.000         0.000         0.000         0.000


           Covariances
              QA_SE
              ________
 QA_SE          0.000


           Correlations
              IA            IA_SE         SA            SA_SE         QA
              ________      ________      ________      ________      ________
 IA             1.000
 IA_SE         -0.088         1.000
 SA            -0.587         0.033         1.000
 SA_SE         -0.123         0.893         0.048         1.000
 QA             0.418        -0.039        -0.952        -0.042         1.000
 QA_SE         -0.129         0.854         0.075         0.962        -0.068


           Correlations
              QA_SE
              ________
 QA_SE          1.000


RESULTS SAVING INFORMATION

  Order of data

    Parameter estimates
     (saved in order shown in Technical 1 output)
    Standard errors
     (saved in order shown in Technical 1 output)
    H0 Loglikelihood
    H0 Scaling Correction Factor for MLR
    Number of Free Parameters
    Akaike (AIC)
    Bayesian (BIC)
    Sample-Size Adjusted BIC

  Save file
    u2_1235_aef_digitspanforward_results.dat

  Save file format           Free


PLOT INFORMATION

The following plots are available:

  Histograms (sample values, estimated factor scores)
  Scatterplots (sample values, estimated factor scores)
  Latent variable distribution plots

SAVEDATA INFORMATION


  Save file
    u2_1235_aef_digitspanforward_fscores.dat

  Order and format of variables

    A_01           F10.3
    A_02           F10.3
    A_03           F10.3
    A_05           F10.3
    AGE_C80        F10.3
    EDU_C7         F10.3
    FEMALE         F10.3
    TIME_01        F10.3
    TIME_02        F10.3
    TIME_03        F10.3
    TIME_05        F10.3
    _WEIGHT        F10.3
    IA             F10.3
    IA_SE          F10.3
    SA             F10.3
    SA_SE          F10.3
    QA             F10.3
    QA_SE          F10.3
    PAIRID         I6

  Save file format
    18F10.3 I6

  Save file record length    10000


     Beginning Time:  12:05:28
        Ending Time:  12:05:49
       Elapsed Time:  00:00:21



MUTHEN & MUTHEN
3463 Stoner Ave.
Los Angeles, CA  90066

Tel: (310) 391-9971
Fax: (310) 391-8971
Web: www.StatModel.com
Support: Support@StatModel.com

Copyright (c) 1998-2014 Muthen & Muthen
