Mplus VERSION 7.3
MUTHEN & MUTHEN
12/17/2016   6:19 PM

INPUT INSTRUCTIONS

  TITLE:
  Script produced from the prototype in ./sandbox/syntax-creator/
  DATA:
  File = wide-dataset.dat ;
  VARIABLE:
  NAMES are
   Case PairID female age_c80 edu_c7 sbp_c167 smoke cardio diabetes dementia_ever
      years_since_bl_01 years_since_bl_02 years_since_bl_03 years_since_bl_04
      years_since_bl_05 pef_01 pef_02 pef_03 pef_04 pef_05 grip_01 grip_02 grip_03
      grip_04 grip_05 gait_01 gait_02 gait_03 gait_04 gait_05 block_01 block_02
      block_03 block_04 block_05 digitspanbackward_01 digitspanbackward_02
      digitspanbackward_03 digitspanbackward_04 digitspanbackward_05
      digitspanforward_01 digitspanforward_02 digitspanforward_03 digitspanforward_04
      digitspanforward_05 symbol_01 symbol_02 symbol_03 symbol_04 symbol_05 prose_01
      prose_02 prose_03 prose_04 prose_05 info_01 info_02 info_03 info_04 info_05
      synonyms_01 synonyms_02 synonyms_03 synonyms_04 synonyms_05 psif_01 psif_02
      psif_03 psif_04 psif_05 figure_01 figure_02 figure_03 figure_04 figure_05
      mirrecall_01 mirrecall_02 mirrecall_03 mirrecall_04 mirrecall_05 mmse_01 mmse_02
      mmse_03 mmse_04 mmse_05 mirnaming_01 mirnaming_02 mirnaming_03 mirnaming_04
      mirnaming_05 mirrecog_01 mirrecog_02 mirrecog_03 mirrecog_04 mirrecog_05
      clock_01 clock_02 clock_03 clock_04 clock_05
  	;
  Missing are all (-9999);
  USEVARIABLES are
  	!define the variables used in the analysis
  	! covariates used in the model
  age_c80
  edu_c7
  female
  sbp_c167	
  	!estimated time points
  time_01
  time_04
  time_05
  	!modelled time points of process (A)
  a_01
  a_04
  a_05
  ;
  TSCORES are
  	!estimated time points
  time_01
  time_04
  time_05;
  CLUSTER = PairID;
  SUBPOPULATION are
  	!select a subset of observations
  dementia_ever NE 1
  ;
  DEFINE:
  	! assign variables to the process (A)
  a_01 = digitspanforward_01;
  a_04 = digitspanforward_04;
  a_05 = digitspanforward_05;
  	!assign variables to time points
  time_01 = years_since_bl_01;
  time_04 = years_since_bl_04;
  time_05 = years_since_bl_05;
  	
  ANALYSIS: TYPE = RANDOM COMPLEX;
  COVERAGE=.00;
  MODEL:
  	!first-level equation
  	! assign process (A) to time points
  ia sa qa | a_01 AT time_01 ;
  ia sa qa | a_04 AT time_04 ;
  ia sa qa | a_05 AT time_05 ;
  	!variance of the first-level terms
  ia (v_ia);
  sa (v_sa);
  qa (v_qa);
  	!covariance among first-level terms
  ia WITH sa (c_iasa);
  ia WITH qa (c_iaqa);
  sa WITH qa (c_saqa);
  	!second-level equation
  ia sa qa ON age_c80
  edu_c7
  female
  sbp_c167;
  	!residual covariance of process (A)
  a_01 (res_a);
  a_04 (res_a);
  a_05 (res_a);	
  SAVEDATA:
  FILE is   u2_145_aefb_digitspanforward_fscores.dat;
  SAVE = FSCORES;
  RESULTS are   u2_145_aefb_digitspanforward_results.dat;
  	
  OUTPUT: sampstat cinterval;
  PLOT: Type is Plot1 Plot2 Plot3;



*** WARNING
  Data set contains cases with missing on x-variables.
  These cases were not included in the analysis.
  Number of cases with missing on x-variables:  92
*** WARNING
  Data set contains cases with missing on all variables except
  x-variables.  These cases were not included in the analysis.
  Number of cases with missing on all variables except x-variables:  20
   2 WARNING(S) FOUND IN THE INPUT INSTRUCTIONS




Script produced from the prototype in ./sandbox/syntax-creator/

SUMMARY OF ANALYSIS

Number of groups                                                 1
Number of observations                                         429

Number of dependent variables                                    3
Number of independent variables                                  4
Number of continuous latent variables                            3

Observed dependent variables

  Continuous
   A_01        A_04        A_05

Observed independent variables
   AGE_C80     EDU_C7      FEMALE      SBP_C167

Continuous latent variables
   IA          SA          QA

Variables with special functions

  Cluster variable      PAIRID
  Weight variable       _WEIGHT

  Time scores
   TIME_01     TIME_04     TIME_05


Estimator                                                      MLR
Information matrix                                        OBSERVED
Maximum number of iterations                                   100
Convergence criterion                                    0.100D-05
Maximum number of EM iterations                                500
Convergence criteria for the EM algorithm
  Loglikelihood change                                   0.100D-02
  Relative loglikelihood change                          0.100D-05
  Derivative                                             0.100D-03
Minimum variance                                         0.100D-03
Maximum number of steepest descent iterations                   20
Maximum number of iterations for H1                           2000
Convergence criterion for H1                             0.100D-03
Optimization algorithm                                         EMA

Input data file(s)
  wide-dataset.dat
Input data format  FREE



SAMPLE STATISTICS


     ESTIMATED SAMPLE STATISTICS


           Means
              A_01          A_04          A_05          AGE_C80       EDU_C7
              ________      ________      ________      ________      ________
 1              5.494         5.055         5.012         3.287         0.336


           Means
              FEMALE        SBP_C167
              ________      ________
 1              0.657        -6.429


           Covariances
              A_01          A_04          A_05          AGE_C80       EDU_C7
              ________      ________      ________      ________      ________
 A_01           1.440
 A_04           0.409         0.840
 A_05           0.399         0.474         0.954
 AGE_C80       -0.570        -0.480        -0.710         8.795
 EDU_C7         0.601         0.482         0.496        -0.370         6.228
 FEMALE        -0.054         0.002        -0.039         0.091        -0.132
 SBP_C167      -0.200         1.467         3.270        -4.875         1.032


           Covariances
              FEMALE        SBP_C167
              ________      ________
 FEMALE         0.225
 SBP_C167       0.709       507.891


           Correlations
              A_01          A_04          A_05          AGE_C80       EDU_C7
              ________      ________      ________      ________      ________
 A_01           1.000
 A_04           0.372         1.000
 A_05           0.340         0.530         1.000
 AGE_C80       -0.160        -0.176        -0.245         1.000
 EDU_C7         0.201         0.211         0.204        -0.050         1.000
 FEMALE        -0.095         0.005        -0.084         0.065        -0.112
 SBP_C167      -0.007         0.071         0.149        -0.073         0.018


           Correlations
              FEMALE        SBP_C167
              ________      ________
 FEMALE         1.000
 SBP_C167       0.066         1.000


     MAXIMUM LOG-LIKELIHOOD VALUE FOR THE UNRESTRICTED (H1) MODEL IS -7446.592


UNIVARIATE HIGHER-ORDER MOMENT DESCRIPTIVE STATISTICS


     UNIVARIATE HIGHER-ORDER MOMENT DESCRIPTIVE STATISTICS

         Variable/         Mean/     Skewness/   Minimum/ % with                Percentiles
        Sample Size      Variance    Kurtosis    Maximum  Min/Max      20%/60%    40%/80%    Median

     A_01                  5.496       0.350       0.000    0.17%       4.000      5.000      5.000
             584.000       1.440      -0.175       9.000    0.86%       6.000      6.000
     A_04                  5.083       0.028       0.000    2.15%       4.000      5.000      5.000
             279.000       0.833      -0.254       8.000    0.72%       5.000      6.000
     A_05                  5.057      -0.614       0.000    4.55%       4.000      5.000      5.000
             198.000       0.940       3.867       8.000    1.52%       5.000      6.000
     AGE_C80               3.287       1.391      -0.630    0.17%       0.877      1.809      2.376
             590.000       8.795       2.525      17.918    0.17%       3.194      5.696
     EDU_C7                0.336       2.196      -7.000    0.17%      -1.000     -1.000     -1.000
             590.000       6.228       7.246      16.000    0.17%       0.000      1.000
     FEMALE                0.657      -0.663       0.000   34.07%       0.000      1.000      1.000
             590.000       0.225      -1.560       1.000   65.93%       1.000      1.000
     SBP_C167             -6.429       0.385     -57.000    1.53%     -27.000    -17.000     -7.000
             590.000     507.891       0.692      93.000    0.17%      -7.000     13.000


THE MODEL ESTIMATION TERMINATED NORMALLY



MODEL FIT INFORMATION

Number of Free Parameters                       22

Loglikelihood

          H0 Value                       -1110.228
          H0 Scaling Correction Factor      1.1063
            for MLR

Information Criteria

          Akaike (AIC)                    2264.455
          Bayesian (BIC)                  2353.807
          Sample-Size Adjusted BIC        2283.992
            (n* = (n + 2) / 24)



MODEL RESULTS

                                                    Two-Tailed
                    Estimate       S.E.  Est./S.E.    P-Value

 IA         ON
    AGE_C80           -0.060      0.020     -2.934      0.003
    EDU_C7             0.090      0.020      4.565      0.000
    FEMALE            -0.160      0.138     -1.161      0.245
    SBP_C167          -0.001      0.002     -0.381      0.703

 SA         ON
    AGE_C80            0.013      0.015      0.867      0.386
    EDU_C7            -0.004      0.015     -0.244      0.808
    FEMALE             0.139      0.079      1.768      0.077
    SBP_C167          -0.001      0.001     -0.452      0.651

 QA         ON
    AGE_C80           -0.002      0.002     -0.891      0.373
    EDU_C7             0.000      0.002      0.097      0.923
    FEMALE            -0.017      0.010     -1.685      0.092
    SBP_C167           0.000      0.000      0.911      0.362

 IA       WITH
    SA                -0.180      0.093     -1.949      0.051
    QA                 0.011      0.008      1.354      0.176

 SA       WITH
    QA                -0.009      0.027     -0.315      0.752

 Intercepts
    A_01               0.000      0.000    999.000    999.000
    A_04               0.000      0.000    999.000    999.000
    A_05               0.000      0.000    999.000    999.000
    IA                 5.760      0.133     43.243      0.000
    SA                -0.249      0.076     -3.259      0.001
    QA                 0.025      0.010      2.439      0.015

 Residual Variances
    A_01               0.330      0.291      1.134      0.257
    A_04               0.330      0.291      1.134      0.257
    A_05               0.330      0.291      1.134      0.257
    IA                 1.014      0.310      3.266      0.001
    SA                 0.089      0.214      0.417      0.677
    QA                 0.001      0.004      0.271      0.786


QUALITY OF NUMERICAL RESULTS

     Condition Number for the Information Matrix              0.199E-06
       (ratio of smallest to largest eigenvalue)


CONFIDENCE INTERVALS OF MODEL RESULTS

                  Lower .5%  Lower 2.5%    Lower 5%    Estimate    Upper 5%  Upper 2.5%   Upper .5%

 IA       ON
    AGE_C80         -0.113      -0.100      -0.094      -0.060      -0.026      -0.020      -0.007
    EDU_C7           0.039       0.051       0.057       0.090       0.122       0.128       0.140
    FEMALE          -0.515      -0.430      -0.387      -0.160       0.067       0.110       0.195
    SBP_C167        -0.007      -0.006      -0.005      -0.001       0.003       0.004       0.005

 SA       ON
    AGE_C80         -0.025      -0.016      -0.012       0.013       0.037       0.042       0.051
    EDU_C7          -0.041      -0.032      -0.028      -0.004       0.021       0.025       0.034
    FEMALE          -0.063      -0.015       0.010       0.139       0.268       0.293       0.341
    SBP_C167        -0.004      -0.004      -0.003      -0.001       0.002       0.002       0.003

 QA       ON
    AGE_C80         -0.007      -0.006      -0.005      -0.002       0.002       0.002       0.003
    EDU_C7          -0.005      -0.003      -0.003       0.000       0.003       0.004       0.005
    FEMALE          -0.042      -0.036      -0.033      -0.017       0.000       0.003       0.009
    SBP_C167         0.000       0.000       0.000       0.000       0.001       0.001       0.001

 IA       WITH
    SA              -0.419      -0.362      -0.332      -0.180      -0.028       0.001       0.058
    QA              -0.010      -0.005      -0.002       0.011       0.025       0.028       0.033

 SA       WITH
    QA              -0.079      -0.062      -0.053      -0.009       0.036       0.045       0.061

 Intercepts
    A_01             0.000       0.000       0.000       0.000       0.000       0.000       0.000
    A_04             0.000       0.000       0.000       0.000       0.000       0.000       0.000
    A_05             0.000       0.000       0.000       0.000       0.000       0.000       0.000
    IA               5.417       5.499       5.541       5.760       5.979       6.021       6.103
    SA              -0.445      -0.398      -0.374      -0.249      -0.123      -0.099      -0.052
    QA              -0.001       0.005       0.008       0.025       0.041       0.044       0.051

 Residual Variances
    A_01            -0.419      -0.240      -0.149       0.330       0.808       0.900       1.079
    A_04            -0.419      -0.240      -0.149       0.330       0.808       0.900       1.079
    A_05            -0.419      -0.240      -0.149       0.330       0.808       0.900       1.079
    IA               0.214       0.405       0.503       1.014       1.524       1.622       1.813
    SA              -0.461      -0.330      -0.262       0.089       0.441       0.508       0.640
    QA              -0.008      -0.006      -0.005       0.001       0.007       0.008       0.010


SAMPLE STATISTICS FOR ESTIMATED FACTOR SCORES


     SAMPLE STATISTICS


           Means
              IA            IA_SE         SA            SA_SE         QA
              ________      ________      ________      ________      ________
 1              5.415         0.498        -0.118         0.243         0.007


           Means
              QA_SE
              ________
 1              0.029


           Covariances
              IA            IA_SE         SA            SA_SE         QA
              ________      ________      ________      ________      ________
 IA             0.875
 IA_SE         -0.003         0.002
 SA            -0.137         0.000         0.039
 SA_SE         -0.001         0.000         0.000         0.000
 QA             0.010         0.000        -0.003         0.000         0.000
 QA_SE          0.000         0.000         0.000         0.000         0.000


           Covariances
              QA_SE
              ________
 QA_SE          0.000


           Correlations
              IA            IA_SE         SA            SA_SE         QA
              ________      ________      ________      ________      ________
 IA             1.000
 IA_SE         -0.082         1.000
 SA            -0.739         0.022         1.000
 SA_SE         -0.059         0.473         0.088         1.000
 QA             0.607        -0.041        -0.908        -0.071         1.000
 QA_SE         -0.045         0.211         0.043         0.917        -0.014


           Correlations
              QA_SE
              ________
 QA_SE          1.000


RESULTS SAVING INFORMATION

  Order of data

    Parameter estimates
     (saved in order shown in Technical 1 output)
    Standard errors
     (saved in order shown in Technical 1 output)
    H0 Loglikelihood
    H0 Scaling Correction Factor for MLR
    Number of Free Parameters
    Akaike (AIC)
    Bayesian (BIC)
    Sample-Size Adjusted BIC

  Save file
    u2_145_aefb_digitspanforward_results.dat

  Save file format           Free


PLOT INFORMATION

The following plots are available:

  Histograms (sample values, estimated factor scores)
  Scatterplots (sample values, estimated factor scores)
  Latent variable distribution plots

SAVEDATA INFORMATION


  Save file
    u2_145_aefb_digitspanforward_fscores.dat

  Order and format of variables

    A_01           F10.3
    A_04           F10.3
    A_05           F10.3
    AGE_C80        F10.3
    EDU_C7         F10.3
    FEMALE         F10.3
    SBP_C167       F10.3
    TIME_01        F10.3
    TIME_04        F10.3
    TIME_05        F10.3
    _WEIGHT        F10.3
    IA             F10.3
    IA_SE          F10.3
    SA             F10.3
    SA_SE          F10.3
    QA             F10.3
    QA_SE          F10.3
    PAIRID         I6

  Save file format
    17F10.3 I6

  Save file record length    10000


     Beginning Time:  18:19:27
        Ending Time:  18:19:32
       Elapsed Time:  00:00:05



MUTHEN & MUTHEN
3463 Stoner Ave.
Los Angeles, CA  90066

Tel: (310) 391-9971
Fax: (310) 391-8971
Web: www.StatModel.com
Support: Support@StatModel.com

Copyright (c) 1998-2014 Muthen & Muthen
