Mplus VERSION 7.3
MUTHEN & MUTHEN
12/17/2016  12:05 PM

INPUT INSTRUCTIONS

  TITLE:
  Script produced from the prototype in ./sandbox/syntax-creator/
  DATA:
  File = wide-dataset.dat ;
  VARIABLE:
  NAMES are
   Case PairID female age_c80 edu_c7 sbp_c167 smoke cardio diabetes dementia_ever
      years_since_bl_01 years_since_bl_02 years_since_bl_03 years_since_bl_04
      years_since_bl_05 pef_01 pef_02 pef_03 pef_04 pef_05 grip_01 grip_02 grip_03
      grip_04 grip_05 gait_01 gait_02 gait_03 gait_04 gait_05 block_01 block_02
      block_03 block_04 block_05 digitspanbackward_01 digitspanbackward_02
      digitspanbackward_03 digitspanbackward_04 digitspanbackward_05
      digitspanforward_01 digitspanforward_02 digitspanforward_03 digitspanforward_04
      digitspanforward_05 symbol_01 symbol_02 symbol_03 symbol_04 symbol_05 prose_01
      prose_02 prose_03 prose_04 prose_05 info_01 info_02 info_03 info_04 info_05
      synonyms_01 synonyms_02 synonyms_03 synonyms_04 synonyms_05 psif_01 psif_02
      psif_03 psif_04 psif_05 figure_01 figure_02 figure_03 figure_04 figure_05
      mirrecall_01 mirrecall_02 mirrecall_03 mirrecall_04 mirrecall_05 mmse_01 mmse_02
      mmse_03 mmse_04 mmse_05 mirnaming_01 mirnaming_02 mirnaming_03 mirnaming_04
      mirnaming_05 mirrecog_01 mirrecog_02 mirrecog_03 mirrecog_04 mirrecog_05
      clock_01 clock_02 clock_03 clock_04 clock_05
  	;
  Missing are all (-9999);
  USEVARIABLES are
  	!define the variables used in the analysis
  	! covariates used in the model
  age_c80
  edu_c7
  female	
  	!estimated time points
  time_01
  time_02
  time_03
  time_04
  	!modelled time points of process (A)
  a_01
  a_02
  a_03
  a_04
  ;
  TSCORES are
  	!estimated time points
  time_01
  time_02
  time_03
  time_04;
  CLUSTER = PairID;
  SUBPOPULATION are
  	!select a subset of observations
  dementia_ever NE 1
  ;
  DEFINE:
  	! assign variables to the process (A)
  a_01 = digitspanforward_01;
  a_02 = digitspanforward_02;
  a_03 = digitspanforward_03;
  a_04 = digitspanforward_04;
  	!assign variables to time points
  time_01 = years_since_bl_01;
  time_02 = years_since_bl_02;
  time_03 = years_since_bl_03;
  time_04 = years_since_bl_04;
  	
  ANALYSIS: TYPE = RANDOM COMPLEX;
  COVERAGE=.00;
  MODEL:
  	!first-level equation
  	! assign process (A) to time points
  ia sa qa | a_01 AT time_01 ;
  ia sa qa | a_02 AT time_02 ;
  ia sa qa | a_03 AT time_03 ;
  ia sa qa | a_04 AT time_04 ;
  	!variance of the first-level terms
  ia (v_ia);
  sa (v_sa);
  qa (v_qa);
  	!covariance among first-level terms
  ia WITH sa (c_iasa);
  ia WITH qa (c_iaqa);
  sa WITH qa (c_saqa);
  	!second-level equation
  ia sa qa ON age_c80
  edu_c7
  female;
  	!residual covariance of process (A)
  a_01 (res_a);
  a_02 (res_a);
  a_03 (res_a);
  a_04 (res_a);	
  SAVEDATA:
  FILE is   u2_1234_aef_digitspanforward_fscores.dat;
  SAVE = FSCORES;
  RESULTS are   u2_1234_aef_digitspanforward_results.dat;
  	
  OUTPUT: sampstat cinterval;
  PLOT: Type is Plot1 Plot2 Plot3;



*** WARNING
  Data set contains cases with missing on x-variables.
  These cases were not included in the analysis.
  Number of cases with missing on x-variables:  46
*** WARNING
  Data set contains cases with missing on all variables except
  x-variables.  These cases were not included in the analysis.
  Number of cases with missing on all variables except x-variables:  20
   2 WARNING(S) FOUND IN THE INPUT INSTRUCTIONS




Script produced from the prototype in ./sandbox/syntax-creator/

SUMMARY OF ANALYSIS

Number of groups                                                 1
Number of observations                                         454

Number of dependent variables                                    4
Number of independent variables                                  3
Number of continuous latent variables                            3

Observed dependent variables

  Continuous
   A_01        A_02        A_03        A_04

Observed independent variables
   AGE_C80     EDU_C7      FEMALE

Continuous latent variables
   IA          SA          QA

Variables with special functions

  Cluster variable      PAIRID
  Weight variable       _WEIGHT

  Time scores
   TIME_01     TIME_02     TIME_03     TIME_04


Estimator                                                      MLR
Information matrix                                        OBSERVED
Maximum number of iterations                                   100
Convergence criterion                                    0.100D-05
Maximum number of EM iterations                                500
Convergence criteria for the EM algorithm
  Loglikelihood change                                   0.100D-02
  Relative loglikelihood change                          0.100D-05
  Derivative                                             0.100D-03
Minimum variance                                         0.100D-03
Maximum number of steepest descent iterations                   20
Maximum number of iterations for H1                           2000
Convergence criterion for H1                             0.100D-03
Optimization algorithm                                         EMA

Input data file(s)
  wide-dataset.dat
Input data format  FREE



SAMPLE STATISTICS


     ESTIMATED SAMPLE STATISTICS


           Means
              A_01          A_02          A_03          A_04          AGE_C80
              ________      ________      ________      ________      ________
 1              5.466         5.231         5.195         4.997         3.329


           Means
              EDU_C7        FEMALE
              ________      ________
 1              0.317         0.654


           Covariances
              A_01          A_02          A_03          A_04          AGE_C80
              ________      ________      ________      ________      ________
 A_01           1.486
 A_02           0.655         1.138
 A_03           0.474         0.477         1.125
 A_04           0.469         0.457         0.457         0.975
 AGE_C80       -0.690        -0.538        -0.588        -0.750         9.327
 EDU_C7         0.603         0.585         0.706         0.508        -0.561
 FEMALE        -0.047        -0.014         0.018         0.024         0.116


           Covariances
              EDU_C7        FEMALE
              ________      ________
 EDU_C7         6.203
 FEMALE        -0.133         0.226


           Correlations
              A_01          A_02          A_03          A_04          AGE_C80
              ________      ________      ________      ________      ________
 A_01           1.000
 A_02           0.504         1.000
 A_03           0.367         0.421         1.000
 A_04           0.390         0.434         0.436         1.000
 AGE_C80       -0.185        -0.165        -0.182        -0.249         1.000
 EDU_C7         0.199         0.220         0.267         0.206        -0.074
 FEMALE        -0.082        -0.027         0.035         0.050         0.080


           Correlations
              EDU_C7        FEMALE
              ________      ________
 EDU_C7         1.000
 FEMALE        -0.112         1.000


     MAXIMUM LOG-LIKELIHOOD VALUE FOR THE UNRESTRICTED (H1) MODEL IS -6028.146


UNIVARIATE HIGHER-ORDER MOMENT DESCRIPTIVE STATISTICS


     UNIVARIATE HIGHER-ORDER MOMENT DESCRIPTIVE STATISTICS

         Variable/         Mean/     Skewness/   Minimum/ % with                Percentiles
        Sample Size      Variance    Kurtosis    Maximum  Min/Max      20%/60%    40%/80%    Median

     A_01                  5.475       0.369       0.000    0.16%       4.000      5.000      5.000
             614.000       1.479      -0.130       9.000    0.98%       6.000      6.000
     A_02                  5.250       0.232       0.000    1.75%       4.000      5.000      5.000
             515.000       1.131      -0.434       9.000    0.19%       5.000      6.000
     A_03                  5.255       0.431       0.000    2.60%       4.000      5.000      5.000
             384.000       1.105       0.231       9.000    0.52%       5.000      6.000
     A_04                  5.062      -0.547       0.000    2.80%       4.000      5.000      5.000
             286.000       0.963       2.472       8.000    0.70%       5.000      6.000
     AGE_C80               3.329       1.460      -0.630    0.16%       0.877      1.811      2.454
             636.000       9.327       2.843      17.918    0.16%       3.277      5.819
     EDU_C7                0.317       2.166      -7.000    0.16%      -1.000     -1.000     -1.000
             636.000       6.203       7.080      16.000    0.16%       0.000      1.000
     FEMALE                0.654      -0.648       0.000   34.12%       0.000      1.000      1.000
             636.000       0.226      -1.580       1.000   65.88%       1.000      1.000


THE MODEL ESTIMATION TERMINATED NORMALLY



MODEL FIT INFORMATION

Number of Free Parameters                       19

Loglikelihood

          H0 Value                       -1795.814
          H0 Scaling Correction Factor      1.1119
            for MLR

Information Criteria

          Akaike (AIC)                    3629.627
          Bayesian (BIC)                  3707.871
          Sample-Size Adjusted BIC        3647.572
            (n* = (n + 2) / 24)



MODEL RESULTS

                                                    Two-Tailed
                    Estimate       S.E.  Est./S.E.    P-Value

 IA         ON
    AGE_C80           -0.066      0.020     -3.318      0.001
    EDU_C7             0.087      0.020      4.408      0.000
    FEMALE            -0.123      0.134     -0.918      0.358

 SA         ON
    AGE_C80            0.010      0.012      0.764      0.445
    EDU_C7             0.008      0.013      0.636      0.525
    FEMALE             0.086      0.077      1.114      0.265

 QA         ON
    AGE_C80           -0.002      0.002     -0.915      0.360
    EDU_C7            -0.001      0.002     -0.675      0.500
    FEMALE            -0.006      0.013     -0.432      0.666

 IA       WITH
    SA                -0.151      0.059     -2.566      0.010
    QA                 0.013      0.009      1.473      0.141

 SA       WITH
    QA                -0.009      0.008     -1.216      0.224

 Intercepts
    A_01               0.000      0.000    999.000    999.000
    A_02               0.000      0.000    999.000    999.000
    A_03               0.000      0.000    999.000    999.000
    A_04               0.000      0.000    999.000    999.000
    IA                 5.728      0.128     44.904      0.000
    SA                -0.183      0.073     -2.489      0.013
    QA                 0.013      0.012      1.166      0.243

 Residual Variances
    A_01               0.581      0.054     10.793      0.000
    A_02               0.581      0.054     10.793      0.000
    A_03               0.581      0.054     10.793      0.000
    A_04               0.581      0.054     10.793      0.000
    IA                 0.802      0.103      7.753      0.000
    SA                 0.078      0.050      1.576      0.115
    QA                 0.001      0.001      1.008      0.314


QUALITY OF NUMERICAL RESULTS

     Condition Number for the Information Matrix              0.582E-05
       (ratio of smallest to largest eigenvalue)


CONFIDENCE INTERVALS OF MODEL RESULTS

                  Lower .5%  Lower 2.5%    Lower 5%    Estimate    Upper 5%  Upper 2.5%   Upper .5%

 IA       ON
    AGE_C80         -0.118      -0.105      -0.099      -0.066      -0.033      -0.027      -0.015
    EDU_C7           0.036       0.048       0.055       0.087       0.120       0.126       0.138
    FEMALE          -0.469      -0.386      -0.344      -0.123       0.098       0.140       0.222

 SA       ON
    AGE_C80         -0.023      -0.015      -0.011       0.010       0.030       0.034       0.042
    EDU_C7          -0.026      -0.018      -0.013       0.008       0.030       0.034       0.043
    FEMALE          -0.113      -0.065      -0.041       0.086       0.213       0.237       0.285

 QA       ON
    AGE_C80         -0.007      -0.006      -0.005      -0.002       0.001       0.002       0.003
    EDU_C7          -0.007      -0.006      -0.005      -0.001       0.002       0.003       0.004
    FEMALE          -0.038      -0.030      -0.026      -0.006       0.015       0.019       0.027

 IA       WITH
    SA              -0.302      -0.266      -0.247      -0.151      -0.054      -0.036       0.001
    QA              -0.010      -0.004      -0.002       0.013       0.027       0.030       0.035

 SA       WITH
    QA              -0.028      -0.024      -0.022      -0.009       0.003       0.006       0.010

 Intercepts
    A_01             0.000       0.000       0.000       0.000       0.000       0.000       0.000
    A_02             0.000       0.000       0.000       0.000       0.000       0.000       0.000
    A_03             0.000       0.000       0.000       0.000       0.000       0.000       0.000
    A_04             0.000       0.000       0.000       0.000       0.000       0.000       0.000
    IA               5.400       5.478       5.518       5.728       5.938       5.978       6.057
    SA              -0.371      -0.326      -0.303      -0.183      -0.062      -0.039       0.006
    QA              -0.016      -0.009      -0.006       0.013       0.032       0.036       0.043

 Residual Variances
    A_01             0.442       0.475       0.492       0.581       0.669       0.686       0.719
    A_02             0.442       0.475       0.492       0.581       0.669       0.686       0.719
    A_03             0.442       0.475       0.492       0.581       0.669       0.686       0.719
    A_04             0.442       0.475       0.492       0.581       0.669       0.686       0.719
    IA               0.535       0.599       0.632       0.802       0.972       1.005       1.068
    SA              -0.050      -0.019      -0.003       0.078       0.160       0.176       0.206
    QA              -0.002      -0.001      -0.001       0.001       0.003       0.004       0.004


SAMPLE STATISTICS FOR ESTIMATED FACTOR SCORES


     SAMPLE STATISTICS


           Means
              IA            IA_SE         SA            SA_SE         QA
              ________      ________      ________      ________      ________
 1              5.348         0.530        -0.099         0.244         0.004


           Means
              QA_SE
              ________
 1              0.032


           Covariances
              IA            IA_SE         SA            SA_SE         QA
              ________      ________      ________      ________      ________
 IA             0.677
 IA_SE         -0.004         0.002
 SA            -0.068         0.000         0.022
 SA_SE         -0.001         0.000         0.000         0.000
 QA             0.004         0.000        -0.002         0.000         0.000
 QA_SE          0.000         0.000         0.000         0.000         0.000


           Covariances
              QA_SE
              ________
 QA_SE          0.000


           Correlations
              IA            IA_SE         SA            SA_SE         QA
              ________      ________      ________      ________      ________
 IA             1.000
 IA_SE         -0.114         1.000
 SA            -0.558         0.060         1.000
 SA_SE         -0.130         0.934         0.056         1.000
 QA             0.338        -0.075        -0.935        -0.061         1.000
 QA_SE         -0.128         0.926         0.085         0.935        -0.088


           Correlations
              QA_SE
              ________
 QA_SE          1.000


RESULTS SAVING INFORMATION

  Order of data

    Parameter estimates
     (saved in order shown in Technical 1 output)
    Standard errors
     (saved in order shown in Technical 1 output)
    H0 Loglikelihood
    H0 Scaling Correction Factor for MLR
    Number of Free Parameters
    Akaike (AIC)
    Bayesian (BIC)
    Sample-Size Adjusted BIC

  Save file
    u2_1234_aef_digitspanforward_results.dat

  Save file format           Free


PLOT INFORMATION

The following plots are available:

  Histograms (sample values, estimated factor scores)
  Scatterplots (sample values, estimated factor scores)
  Latent variable distribution plots

SAVEDATA INFORMATION


  Save file
    u2_1234_aef_digitspanforward_fscores.dat

  Order and format of variables

    A_01           F10.3
    A_02           F10.3
    A_03           F10.3
    A_04           F10.3
    AGE_C80        F10.3
    EDU_C7         F10.3
    FEMALE         F10.3
    TIME_01        F10.3
    TIME_02        F10.3
    TIME_03        F10.3
    TIME_04        F10.3
    _WEIGHT        F10.3
    IA             F10.3
    IA_SE          F10.3
    SA             F10.3
    SA_SE          F10.3
    QA             F10.3
    QA_SE          F10.3
    PAIRID         I6

  Save file format
    18F10.3 I6

  Save file record length    10000


     Beginning Time:  12:05:05
        Ending Time:  12:05:10
       Elapsed Time:  00:00:05



MUTHEN & MUTHEN
3463 Stoner Ave.
Los Angeles, CA  90066

Tel: (310) 391-9971
Fax: (310) 391-8971
Web: www.StatModel.com
Support: Support@StatModel.com

Copyright (c) 1998-2014 Muthen & Muthen
