Mplus VERSION 7.3
MUTHEN & MUTHEN
12/17/2016  12:06 PM

INPUT INSTRUCTIONS

  TITLE:
  Script produced from the prototype in ./sandbox/syntax-creator/
  DATA:
  File = wide-dataset.dat ;
  VARIABLE:
  NAMES are
   Case PairID female age_c80 edu_c7 sbp_c167 smoke cardio diabetes dementia_ever
      years_since_bl_01 years_since_bl_02 years_since_bl_03 years_since_bl_04
      years_since_bl_05 pef_01 pef_02 pef_03 pef_04 pef_05 grip_01 grip_02 grip_03
      grip_04 grip_05 gait_01 gait_02 gait_03 gait_04 gait_05 block_01 block_02
      block_03 block_04 block_05 digitspanbackward_01 digitspanbackward_02
      digitspanbackward_03 digitspanbackward_04 digitspanbackward_05
      digitspanforward_01 digitspanforward_02 digitspanforward_03 digitspanforward_04
      digitspanforward_05 symbol_01 symbol_02 symbol_03 symbol_04 symbol_05 prose_01
      prose_02 prose_03 prose_04 prose_05 info_01 info_02 info_03 info_04 info_05
      synonyms_01 synonyms_02 synonyms_03 synonyms_04 synonyms_05 psif_01 psif_02
      psif_03 psif_04 psif_05 figure_01 figure_02 figure_03 figure_04 figure_05
      mirrecall_01 mirrecall_02 mirrecall_03 mirrecall_04 mirrecall_05 mmse_01 mmse_02
      mmse_03 mmse_04 mmse_05 mirnaming_01 mirnaming_02 mirnaming_03 mirnaming_04
      mirnaming_05 mirrecog_01 mirrecog_02 mirrecog_03 mirrecog_04 mirrecog_05
      clock_01 clock_02 clock_03 clock_04 clock_05
  	;
  Missing are all (-9999);
  USEVARIABLES are
  	!define the variables used in the analysis
  	! covariates used in the model
  age_c80
  edu_c7
  female
  sbp_c167	
  	!estimated time points
  time_01
  time_03
  time_04
  time_05
  	!modelled time points of process (A)
  a_01
  a_03
  a_04
  a_05
  ;
  TSCORES are
  	!estimated time points
  time_01
  time_03
  time_04
  time_05;
  CLUSTER = PairID;
  SUBPOPULATION are
  	!select a subset of observations
  dementia_ever NE 1
  ;
  DEFINE:
  	! assign variables to the process (A)
  a_01 = digitspanforward_01;
  a_03 = digitspanforward_03;
  a_04 = digitspanforward_04;
  a_05 = digitspanforward_05;
  	!assign variables to time points
  time_01 = years_since_bl_01;
  time_03 = years_since_bl_03;
  time_04 = years_since_bl_04;
  time_05 = years_since_bl_05;
  	
  ANALYSIS: TYPE = RANDOM COMPLEX;
  COVERAGE=.00;
  MODEL:
  	!first-level equation
  	! assign process (A) to time points
  ia sa qa | a_01 AT time_01 ;
  ia sa qa | a_03 AT time_03 ;
  ia sa qa | a_04 AT time_04 ;
  ia sa qa | a_05 AT time_05 ;
  	!variance of the first-level terms
  ia (v_ia);
  sa (v_sa);
  qa (v_qa);
  	!covariance among first-level terms
  ia WITH sa (c_iasa);
  ia WITH qa (c_iaqa);
  sa WITH qa (c_saqa);
  	!second-level equation
  ia sa qa ON age_c80
  edu_c7
  female
  sbp_c167;
  	!residual covariance of process (A)
  a_01 (res_a);
  a_03 (res_a);
  a_04 (res_a);
  a_05 (res_a);	
  SAVEDATA:
  FILE is   u2_1345_aefb_digitspanforward_fscores.dat;
  SAVE = FSCORES;
  RESULTS are   u2_1345_aefb_digitspanforward_results.dat;
  	
  OUTPUT: sampstat cinterval;
  PLOT: Type is Plot1 Plot2 Plot3;



*** WARNING
  Data set contains cases with missing on x-variables.
  These cases were not included in the analysis.
  Number of cases with missing on x-variables:  92
*** WARNING
  Data set contains cases with missing on all variables except
  x-variables.  These cases were not included in the analysis.
  Number of cases with missing on all variables except x-variables:  17
   2 WARNING(S) FOUND IN THE INPUT INSTRUCTIONS




Script produced from the prototype in ./sandbox/syntax-creator/

SUMMARY OF ANALYSIS

Number of groups                                                 1
Number of observations                                         431

Number of dependent variables                                    4
Number of independent variables                                  4
Number of continuous latent variables                            3

Observed dependent variables

  Continuous
   A_01        A_03        A_04        A_05

Observed independent variables
   AGE_C80     EDU_C7      FEMALE      SBP_C167

Continuous latent variables
   IA          SA          QA

Variables with special functions

  Cluster variable      PAIRID
  Weight variable       _WEIGHT

  Time scores
   TIME_01     TIME_03     TIME_04     TIME_05


Estimator                                                      MLR
Information matrix                                        OBSERVED
Maximum number of iterations                                   100
Convergence criterion                                    0.100D-05
Maximum number of EM iterations                                500
Convergence criteria for the EM algorithm
  Loglikelihood change                                   0.100D-02
  Relative loglikelihood change                          0.100D-05
  Derivative                                             0.100D-03
Minimum variance                                         0.100D-03
Maximum number of steepest descent iterations                   20
Maximum number of iterations for H1                           2000
Convergence criterion for H1                             0.100D-03
Optimization algorithm                                         EMA

Input data file(s)
  wide-dataset.dat
Input data format  FREE



SAMPLE STATISTICS


     ESTIMATED SAMPLE STATISTICS


           Means
              A_01          A_03          A_04          A_05          AGE_C80
              ________      ________      ________      ________      ________
 1              5.492         5.213         5.054         5.013         3.292


           Means
              EDU_C7        FEMALE        SBP_C167
              ________      ________      ________
 1              0.323         0.654        -6.408


           Covariances
              A_01          A_03          A_04          A_05          AGE_C80
              ________      ________      ________      ________      ________
 A_01           1.441
 A_03           0.448         1.112
 A_04           0.416         0.392         0.843
 A_05           0.394         0.469         0.477         0.944
 AGE_C80       -0.574        -0.495        -0.506        -0.727         8.804
 EDU_C7         0.606         0.675         0.475         0.505        -0.403
 FEMALE        -0.053         0.021         0.009        -0.029         0.088
 SBP_C167      -0.222         1.239         1.369         2.999        -4.614


           Covariances
              EDU_C7        FEMALE        SBP_C167
              ________      ________      ________
 EDU_C7         6.246
 FEMALE        -0.123         0.226
 SBP_C167       0.865         0.692       506.669


           Correlations
              A_01          A_03          A_04          A_05          AGE_C80
              ________      ________      ________      ________      ________
 A_01           1.000
 A_03           0.354         1.000
 A_04           0.378         0.405         1.000
 A_05           0.338         0.458         0.535         1.000
 AGE_C80       -0.161        -0.158        -0.186        -0.252         1.000
 EDU_C7         0.202         0.256         0.207         0.208        -0.054
 FEMALE        -0.093         0.043         0.021        -0.063         0.062
 SBP_C167      -0.008         0.052         0.066         0.137        -0.069


           Correlations
              EDU_C7        FEMALE        SBP_C167
              ________      ________      ________
 EDU_C7         1.000
 FEMALE        -0.103         1.000
 SBP_C167       0.015         0.065         1.000


     MAXIMUM LOG-LIKELIHOOD VALUE FOR THE UNRESTRICTED (H1) MODEL IS -7959.436


UNIVARIATE HIGHER-ORDER MOMENT DESCRIPTIVE STATISTICS


     UNIVARIATE HIGHER-ORDER MOMENT DESCRIPTIVE STATISTICS

         Variable/         Mean/     Skewness/   Minimum/ % with                Percentiles
        Sample Size      Variance    Kurtosis    Maximum  Min/Max      20%/60%    40%/80%    Median

     A_01                  5.496       0.350       0.000    0.17%       4.000      5.000      5.000
             584.000       1.440      -0.175       9.000    0.86%       6.000      6.000
     A_03                  5.249       0.452       0.000    1.88%       4.000      5.000      5.000
             372.000       1.115       0.241       9.000    0.54%       5.000      6.000
     A_04                  5.083       0.028       0.000    2.15%       4.000      5.000      5.000
             279.000       0.833      -0.254       8.000    0.72%       5.000      6.000
     A_05                  5.057      -0.614       0.000    4.55%       4.000      5.000      5.000
             198.000       0.940       3.867       8.000    1.52%       5.000      6.000
     AGE_C80               3.292       1.383      -0.630    0.17%       0.877      1.805      2.342
             593.000       8.804       2.489      17.918    0.17%       3.194      5.696
     EDU_C7                0.323       2.179      -7.000    0.17%      -1.000     -1.000     -1.000
             593.000       6.246       7.205      16.000    0.17%       0.000      1.000
     FEMALE                0.654      -0.649       0.000   34.40%       0.000      1.000      1.000
             593.000       0.226      -1.579       1.000   65.60%       1.000      1.000
     SBP_C167             -6.408       0.383     -57.000    1.52%     -27.000    -17.000     -7.000
             593.000     506.669       0.693      93.000    0.17%      -7.000     13.000


THE MODEL ESTIMATION TERMINATED NORMALLY



MODEL FIT INFORMATION

Number of Free Parameters                       22

Loglikelihood

          H0 Value                       -1466.081
          H0 Scaling Correction Factor      1.1160
            for MLR

Information Criteria

          Akaike (AIC)                    2976.163
          Bayesian (BIC)                  3065.617
          Sample-Size Adjusted BIC        2995.802
            (n* = (n + 2) / 24)



MODEL RESULTS

                                                    Two-Tailed
                    Estimate       S.E.  Est./S.E.    P-Value

 IA         ON
    AGE_C80           -0.061      0.020     -2.972      0.003
    EDU_C7             0.091      0.020      4.618      0.000
    FEMALE            -0.158      0.137     -1.154      0.249
    SBP_C167          -0.001      0.002     -0.349      0.727

 SA         ON
    AGE_C80            0.008      0.010      0.830      0.407
    EDU_C7             0.008      0.012      0.627      0.530
    FEMALE             0.151      0.063      2.409      0.016
    SBP_C167           0.000      0.001      0.175      0.861

 QA         ON
    AGE_C80           -0.001      0.001     -0.981      0.327
    EDU_C7            -0.001      0.002     -0.810      0.418
    FEMALE            -0.018      0.008     -2.280      0.023
    SBP_C167           0.000      0.000      0.462      0.644

 IA       WITH
    SA                -0.144      0.046     -3.163      0.002
    QA                 0.010      0.005      1.970      0.049

 SA       WITH
    QA                -0.005      0.003     -1.398      0.162

 Intercepts
    A_01               0.000      0.000    999.000    999.000
    A_03               0.000      0.000    999.000    999.000
    A_04               0.000      0.000    999.000    999.000
    A_05               0.000      0.000    999.000    999.000
    IA                 5.764      0.133     43.349      0.000
    SA                -0.216      0.061     -3.513      0.000
    QA                 0.020      0.008      2.584      0.010

 Residual Variances
    A_01               0.529      0.060      8.758      0.000
    A_03               0.529      0.060      8.758      0.000
    A_04               0.529      0.060      8.758      0.000
    A_05               0.529      0.060      8.758      0.000
    IA                 0.808      0.104      7.802      0.000
    SA                 0.054      0.028      1.951      0.051
    QA                 0.000      0.000      1.004      0.315


QUALITY OF NUMERICAL RESULTS

     Condition Number for the Information Matrix              0.181E-05
       (ratio of smallest to largest eigenvalue)


CONFIDENCE INTERVALS OF MODEL RESULTS

                  Lower .5%  Lower 2.5%    Lower 5%    Estimate    Upper 5%  Upper 2.5%   Upper .5%

 IA       ON
    AGE_C80         -0.113      -0.101      -0.094      -0.061      -0.027      -0.021      -0.008
    EDU_C7           0.040       0.052       0.059       0.091       0.123       0.129       0.142
    FEMALE          -0.512      -0.428      -0.384      -0.158       0.068       0.111       0.195
    SBP_C167        -0.007      -0.006      -0.005      -0.001       0.003       0.004       0.005

 SA       ON
    AGE_C80         -0.018      -0.012      -0.008       0.008       0.025       0.028       0.035
    EDU_C7          -0.024      -0.016      -0.012       0.008       0.028       0.032       0.039
    FEMALE          -0.010       0.028       0.048       0.151       0.254       0.274       0.312
    SBP_C167        -0.003      -0.002      -0.002       0.000       0.002       0.002       0.003

 QA       ON
    AGE_C80         -0.005      -0.004      -0.004      -0.001       0.001       0.001       0.002
    EDU_C7          -0.005      -0.004      -0.004      -0.001       0.001       0.002       0.003
    FEMALE          -0.038      -0.033      -0.030      -0.018      -0.005      -0.002       0.002
    SBP_C167         0.000       0.000       0.000       0.000       0.000       0.000       0.000

 IA       WITH
    SA              -0.262      -0.234      -0.220      -0.144      -0.069      -0.055      -0.027
    QA              -0.003       0.000       0.002       0.010       0.019       0.021       0.024

 SA       WITH
    QA              -0.013      -0.011      -0.010      -0.005       0.001       0.002       0.004

 Intercepts
    A_01             0.000       0.000       0.000       0.000       0.000       0.000       0.000
    A_03             0.000       0.000       0.000       0.000       0.000       0.000       0.000
    A_04             0.000       0.000       0.000       0.000       0.000       0.000       0.000
    A_05             0.000       0.000       0.000       0.000       0.000       0.000       0.000
    IA               5.422       5.504       5.545       5.764       5.983       6.025       6.107
    SA              -0.374      -0.336      -0.317      -0.216      -0.115      -0.095      -0.058
    QA               0.000       0.005       0.007       0.020       0.033       0.035       0.040

 Residual Variances
    A_01             0.373       0.410       0.429       0.529       0.628       0.647       0.684
    A_03             0.373       0.410       0.429       0.529       0.628       0.647       0.684
    A_04             0.373       0.410       0.429       0.529       0.628       0.647       0.684
    A_05             0.373       0.410       0.429       0.529       0.628       0.647       0.684
    IA               0.541       0.605       0.638       0.808       0.979       1.011       1.075
    SA              -0.017       0.000       0.009       0.054       0.100       0.109       0.126
    QA              -0.001       0.000       0.000       0.000       0.001       0.001       0.001


SAMPLE STATISTICS FOR ESTIMATED FACTOR SCORES


     SAMPLE STATISTICS


           Means
              IA            IA_SE         SA            SA_SE         QA
              ________      ________      ________      ________      ________
 1              5.402         0.547        -0.097         0.191         0.004


           Means
              QA_SE
              ________
 1              0.017


           Covariances
              IA            IA_SE         SA            SA_SE         QA
              ________      ________      ________      ________      ________
 IA             0.652
 IA_SE         -0.003         0.001
 SA            -0.078         0.000         0.025
 SA_SE         -0.001         0.000         0.000         0.000
 QA             0.006         0.000        -0.002         0.000         0.000
 QA_SE          0.000         0.000         0.000         0.000         0.000


           Covariances
              QA_SE
              ________
 QA_SE          0.000


           Correlations
              IA            IA_SE         SA            SA_SE         QA
              ________      ________      ________      ________      ________
 IA             1.000
 IA_SE         -0.106         1.000
 SA            -0.608         0.015         1.000
 SA_SE         -0.096         0.951         0.038         1.000
 QA             0.498         0.003        -0.957        -0.021         1.000
 QA_SE         -0.089         0.896         0.055         0.983        -0.043


           Correlations
              QA_SE
              ________
 QA_SE          1.000


RESULTS SAVING INFORMATION

  Order of data

    Parameter estimates
     (saved in order shown in Technical 1 output)
    Standard errors
     (saved in order shown in Technical 1 output)
    H0 Loglikelihood
    H0 Scaling Correction Factor for MLR
    Number of Free Parameters
    Akaike (AIC)
    Bayesian (BIC)
    Sample-Size Adjusted BIC

  Save file
    u2_1345_aefb_digitspanforward_results.dat

  Save file format           Free


PLOT INFORMATION

The following plots are available:

  Histograms (sample values, estimated factor scores)
  Scatterplots (sample values, estimated factor scores)
  Latent variable distribution plots

SAVEDATA INFORMATION


  Save file
    u2_1345_aefb_digitspanforward_fscores.dat

  Order and format of variables

    A_01           F10.3
    A_03           F10.3
    A_04           F10.3
    A_05           F10.3
    AGE_C80        F10.3
    EDU_C7         F10.3
    FEMALE         F10.3
    SBP_C167       F10.3
    TIME_01        F10.3
    TIME_03        F10.3
    TIME_04        F10.3
    TIME_05        F10.3
    _WEIGHT        F10.3
    IA             F10.3
    IA_SE          F10.3
    SA             F10.3
    SA_SE          F10.3
    QA             F10.3
    QA_SE          F10.3
    PAIRID         I6

  Save file format
    19F10.3 I6

  Save file record length    10000


     Beginning Time:  12:06:22
        Ending Time:  12:06:28
       Elapsed Time:  00:00:06



MUTHEN & MUTHEN
3463 Stoner Ave.
Los Angeles, CA  90066

Tel: (310) 391-9971
Fax: (310) 391-8971
Web: www.StatModel.com
Support: Support@StatModel.com

Copyright (c) 1998-2014 Muthen & Muthen
