Mplus VERSION 7.3
MUTHEN & MUTHEN
12/17/2016  12:05 PM

INPUT INSTRUCTIONS

  TITLE:
  Script produced from the prototype in ./sandbox/syntax-creator/
  DATA:
  File = wide-dataset.dat ;
  VARIABLE:
  NAMES are
   Case PairID female age_c80 edu_c7 sbp_c167 smoke cardio diabetes dementia_ever
      years_since_bl_01 years_since_bl_02 years_since_bl_03 years_since_bl_04
      years_since_bl_05 pef_01 pef_02 pef_03 pef_04 pef_05 grip_01 grip_02 grip_03
      grip_04 grip_05 gait_01 gait_02 gait_03 gait_04 gait_05 block_01 block_02
      block_03 block_04 block_05 digitspanbackward_01 digitspanbackward_02
      digitspanbackward_03 digitspanbackward_04 digitspanbackward_05
      digitspanforward_01 digitspanforward_02 digitspanforward_03 digitspanforward_04
      digitspanforward_05 symbol_01 symbol_02 symbol_03 symbol_04 symbol_05 prose_01
      prose_02 prose_03 prose_04 prose_05 info_01 info_02 info_03 info_04 info_05
      synonyms_01 synonyms_02 synonyms_03 synonyms_04 synonyms_05 psif_01 psif_02
      psif_03 psif_04 psif_05 figure_01 figure_02 figure_03 figure_04 figure_05
      mirrecall_01 mirrecall_02 mirrecall_03 mirrecall_04 mirrecall_05 mmse_01 mmse_02
      mmse_03 mmse_04 mmse_05 mirnaming_01 mirnaming_02 mirnaming_03 mirnaming_04
      mirnaming_05 mirrecog_01 mirrecog_02 mirrecog_03 mirrecog_04 mirrecog_05
      clock_01 clock_02 clock_03 clock_04 clock_05
  	;
  Missing are all (-9999);
  USEVARIABLES are
  	!define the variables used in the analysis
  	! covariates used in the model
  age_c80
  edu_c7	
  	!estimated time points
  time_01
  time_02
  time_03
  time_04
  	!modelled time points of process (A)
  a_01
  a_02
  a_03
  a_04
  ;
  TSCORES are
  	!estimated time points
  time_01
  time_02
  time_03
  time_04;
  CLUSTER = PairID;
  SUBPOPULATION are
  	!select a subset of observations
  dementia_ever NE 1
  ;
  DEFINE:
  	! assign variables to the process (A)
  a_01 = digitspanforward_01;
  a_02 = digitspanforward_02;
  a_03 = digitspanforward_03;
  a_04 = digitspanforward_04;
  	!assign variables to time points
  time_01 = years_since_bl_01;
  time_02 = years_since_bl_02;
  time_03 = years_since_bl_03;
  time_04 = years_since_bl_04;
  	
  ANALYSIS: TYPE = RANDOM COMPLEX;
  COVERAGE=.00;
  MODEL:
  	!first-level equation
  	! assign process (A) to time points
  ia sa qa | a_01 AT time_01 ;
  ia sa qa | a_02 AT time_02 ;
  ia sa qa | a_03 AT time_03 ;
  ia sa qa | a_04 AT time_04 ;
  	!variance of the first-level terms
  ia (v_ia);
  sa (v_sa);
  qa (v_qa);
  	!covariance among first-level terms
  ia WITH sa (c_iasa);
  ia WITH qa (c_iaqa);
  sa WITH qa (c_saqa);
  	!second-level equation
  ia sa qa ON age_c80
  edu_c7;
  	!residual covariance of process (A)
  a_01 (res_a);
  a_02 (res_a);
  a_03 (res_a);
  a_04 (res_a);	
  SAVEDATA:
  FILE is   u2_1234_ae_digitspanforward_fscores.dat;
  SAVE = FSCORES;
  RESULTS are   u2_1234_ae_digitspanforward_results.dat;
  	
  OUTPUT: sampstat cinterval;
  PLOT: Type is Plot1 Plot2 Plot3;



*** WARNING
  Data set contains cases with missing on x-variables.
  These cases were not included in the analysis.
  Number of cases with missing on x-variables:  46
*** WARNING
  Data set contains cases with missing on all variables except
  x-variables.  These cases were not included in the analysis.
  Number of cases with missing on all variables except x-variables:  20
   2 WARNING(S) FOUND IN THE INPUT INSTRUCTIONS




Script produced from the prototype in ./sandbox/syntax-creator/

SUMMARY OF ANALYSIS

Number of groups                                                 1
Number of observations                                         454

Number of dependent variables                                    4
Number of independent variables                                  2
Number of continuous latent variables                            3

Observed dependent variables

  Continuous
   A_01        A_02        A_03        A_04

Observed independent variables
   AGE_C80     EDU_C7

Continuous latent variables
   IA          SA          QA

Variables with special functions

  Cluster variable      PAIRID
  Weight variable       _WEIGHT

  Time scores
   TIME_01     TIME_02     TIME_03     TIME_04


Estimator                                                      MLR
Information matrix                                        OBSERVED
Maximum number of iterations                                   100
Convergence criterion                                    0.100D-05
Maximum number of EM iterations                                500
Convergence criteria for the EM algorithm
  Loglikelihood change                                   0.100D-02
  Relative loglikelihood change                          0.100D-05
  Derivative                                             0.100D-03
Minimum variance                                         0.100D-03
Maximum number of steepest descent iterations                   20
Maximum number of iterations for H1                           2000
Convergence criterion for H1                             0.100D-03
Optimization algorithm                                         EMA

Input data file(s)
  wide-dataset.dat
Input data format  FREE



SAMPLE STATISTICS


     ESTIMATED SAMPLE STATISTICS


           Means
              A_01          A_02          A_03          A_04          AGE_C80
              ________      ________      ________      ________      ________
 1              5.465         5.232         5.198         5.011         3.329


           Means
              EDU_C7
              ________
 1              0.317


           Covariances
              A_01          A_02          A_03          A_04          AGE_C80
              ________      ________      ________      ________      ________
 A_01           1.488
 A_02           0.657         1.140
 A_03           0.476         0.479         1.127
 A_04           0.473         0.455         0.454         0.971
 AGE_C80       -0.692        -0.536        -0.603        -0.737         9.327
 EDU_C7         0.607         0.587         0.703         0.516        -0.561


           Covariances
              EDU_C7
              ________
 EDU_C7         6.203


           Correlations
              A_01          A_02          A_03          A_04          AGE_C80
              ________      ________      ________      ________      ________
 A_01           1.000
 A_02           0.505         1.000
 A_03           0.367         0.423         1.000
 A_04           0.394         0.433         0.434         1.000
 AGE_C80       -0.186        -0.164        -0.186        -0.245         1.000
 EDU_C7         0.200         0.221         0.266         0.210        -0.074


           Correlations
              EDU_C7
              ________
 EDU_C7         1.000


     MAXIMUM LOG-LIKELIHOOD VALUE FOR THE UNRESTRICTED (H1) MODEL IS -5607.920


UNIVARIATE HIGHER-ORDER MOMENT DESCRIPTIVE STATISTICS


     UNIVARIATE HIGHER-ORDER MOMENT DESCRIPTIVE STATISTICS

         Variable/         Mean/     Skewness/   Minimum/ % with                Percentiles
        Sample Size      Variance    Kurtosis    Maximum  Min/Max      20%/60%    40%/80%    Median

     A_01                  5.475       0.369       0.000    0.16%       4.000      5.000      5.000
             614.000       1.479      -0.130       9.000    0.98%       6.000      6.000
     A_02                  5.250       0.232       0.000    1.75%       4.000      5.000      5.000
             515.000       1.131      -0.434       9.000    0.19%       5.000      6.000
     A_03                  5.255       0.431       0.000    2.60%       4.000      5.000      5.000
             384.000       1.105       0.231       9.000    0.52%       5.000      6.000
     A_04                  5.062      -0.547       0.000    2.80%       4.000      5.000      5.000
             286.000       0.963       2.472       8.000    0.70%       5.000      6.000
     AGE_C80               3.329       1.460      -0.630    0.16%       0.877      1.811      2.454
             636.000       9.327       2.843      17.918    0.16%       3.277      5.819
     EDU_C7                0.317       2.166      -7.000    0.16%      -1.000     -1.000     -1.000
             636.000       6.203       7.080      16.000    0.16%       0.000      1.000


THE MODEL ESTIMATION TERMINATED NORMALLY



MODEL FIT INFORMATION

Number of Free Parameters                       16

Loglikelihood

          H0 Value                       -1798.168
          H0 Scaling Correction Factor      1.1159
            for MLR

Information Criteria

          Akaike (AIC)                    3628.337
          Bayesian (BIC)                  3694.226
          Sample-Size Adjusted BIC        3643.448
            (n* = (n + 2) / 24)



MODEL RESULTS

                                                    Two-Tailed
                    Estimate       S.E.  Est./S.E.    P-Value

 IA         ON
    AGE_C80           -0.068      0.020     -3.426      0.001
    EDU_C7             0.090      0.020      4.632      0.000

 SA         ON
    AGE_C80            0.010      0.012      0.813      0.416
    EDU_C7             0.006      0.013      0.442      0.658

 QA         ON
    AGE_C80           -0.002      0.002     -0.916      0.360
    EDU_C7            -0.001      0.002     -0.537      0.591

 IA       WITH
    SA                -0.140      0.059     -2.369      0.018
    QA                 0.011      0.009      1.301      0.193

 SA       WITH
    QA                -0.006      0.007     -0.805      0.421

 Intercepts
    A_01               0.000      0.000    999.000    999.000
    A_02               0.000      0.000    999.000    999.000
    A_03               0.000      0.000    999.000    999.000
    A_04               0.000      0.000    999.000    999.000
    IA                 5.651      0.095     59.721      0.000
    SA                -0.128      0.057     -2.262      0.024
    QA                 0.010      0.009      1.139      0.255

 Residual Variances
    A_01               0.599      0.057     10.588      0.000
    A_02               0.599      0.057     10.588      0.000
    A_03               0.599      0.057     10.588      0.000
    A_04               0.599      0.057     10.588      0.000
    IA                 0.787      0.105      7.473      0.000
    SA                 0.061      0.050      1.214      0.225
    QA                 0.001      0.001      0.533      0.594


QUALITY OF NUMERICAL RESULTS

     Condition Number for the Information Matrix              0.608E-05
       (ratio of smallest to largest eigenvalue)


CONFIDENCE INTERVALS OF MODEL RESULTS

                  Lower .5%  Lower 2.5%    Lower 5%    Estimate    Upper 5%  Upper 2.5%   Upper .5%

 IA       ON
    AGE_C80         -0.119      -0.106      -0.100      -0.068      -0.035      -0.029      -0.017
    EDU_C7           0.040       0.052       0.058       0.090       0.122       0.129       0.141

 SA       ON
    AGE_C80         -0.022      -0.014      -0.010       0.010       0.031       0.035       0.042
    EDU_C7          -0.028      -0.020      -0.016       0.006       0.027       0.031       0.039

 QA       ON
    AGE_C80         -0.007      -0.006      -0.005      -0.002       0.001       0.002       0.003
    EDU_C7          -0.006      -0.005      -0.005      -0.001       0.002       0.003       0.004

 IA       WITH
    SA              -0.292      -0.255      -0.237      -0.140      -0.043      -0.024       0.012
    QA              -0.011      -0.006      -0.003       0.011       0.025       0.028       0.034

 SA       WITH
    QA              -0.025      -0.021      -0.018      -0.006       0.006       0.009       0.013

 Intercepts
    A_01             0.000       0.000       0.000       0.000       0.000       0.000       0.000
    A_02             0.000       0.000       0.000       0.000       0.000       0.000       0.000
    A_03             0.000       0.000       0.000       0.000       0.000       0.000       0.000
    A_04             0.000       0.000       0.000       0.000       0.000       0.000       0.000
    IA               5.407       5.465       5.495       5.651       5.806       5.836       5.894
    SA              -0.275      -0.240      -0.222      -0.128      -0.035      -0.017       0.018
    QA              -0.013      -0.007      -0.005       0.010       0.025       0.028       0.033

 Residual Variances
    A_01             0.453       0.488       0.506       0.599       0.692       0.710       0.745
    A_02             0.453       0.488       0.506       0.599       0.692       0.710       0.745
    A_03             0.453       0.488       0.506       0.599       0.692       0.710       0.745
    A_04             0.453       0.488       0.506       0.599       0.692       0.710       0.745
    IA               0.516       0.580       0.614       0.787       0.960       0.993       1.058
    SA              -0.068      -0.037      -0.022       0.061       0.143       0.159       0.189
    QA              -0.002      -0.002      -0.001       0.001       0.003       0.003       0.004


SAMPLE STATISTICS FOR ESTIMATED FACTOR SCORES


     SAMPLE STATISTICS


           Means
              IA            IA_SE         SA            SA_SE         QA
              ________      ________      ________      ________      ________
 1              5.347         0.530        -0.100         0.212         0.005


           Means
              QA_SE
              ________
 1              0.022


           Covariances
              IA            IA_SE         SA            SA_SE         QA
              ________      ________      ________      ________      ________
 IA             0.658
 IA_SE         -0.004         0.002
 SA            -0.062         0.000         0.018
 SA_SE         -0.001         0.000         0.000         0.000
 QA             0.004         0.000        -0.002         0.000         0.000
 QA_SE          0.000         0.000         0.000         0.000         0.000


           Covariances
              QA_SE
              ________
 QA_SE          0.000


           Correlations
              IA            IA_SE         SA            SA_SE         QA
              ________      ________      ________      ________      ________
 IA             1.000
 IA_SE         -0.118         1.000
 SA            -0.577         0.079         1.000
 SA_SE         -0.143         0.903         0.075         1.000
 QA             0.370        -0.090        -0.947        -0.078         1.000
 QA_SE         -0.145         0.885         0.109         0.952        -0.115


           Correlations
              QA_SE
              ________
 QA_SE          1.000


RESULTS SAVING INFORMATION

  Order of data

    Parameter estimates
     (saved in order shown in Technical 1 output)
    Standard errors
     (saved in order shown in Technical 1 output)
    H0 Loglikelihood
    H0 Scaling Correction Factor for MLR
    Number of Free Parameters
    Akaike (AIC)
    Bayesian (BIC)
    Sample-Size Adjusted BIC

  Save file
    u2_1234_ae_digitspanforward_results.dat

  Save file format           Free


PLOT INFORMATION

The following plots are available:

  Histograms (sample values, estimated factor scores)
  Scatterplots (sample values, estimated factor scores)
  Latent variable distribution plots

SAVEDATA INFORMATION


  Save file
    u2_1234_ae_digitspanforward_fscores.dat

  Order and format of variables

    A_01           F10.3
    A_02           F10.3
    A_03           F10.3
    A_04           F10.3
    AGE_C80        F10.3
    EDU_C7         F10.3
    TIME_01        F10.3
    TIME_02        F10.3
    TIME_03        F10.3
    TIME_04        F10.3
    _WEIGHT        F10.3
    IA             F10.3
    IA_SE          F10.3
    SA             F10.3
    SA_SE          F10.3
    QA             F10.3
    QA_SE          F10.3
    PAIRID         I6

  Save file format
    17F10.3 I6

  Save file record length    10000


     Beginning Time:  12:05:03
        Ending Time:  12:05:05
       Elapsed Time:  00:00:02



MUTHEN & MUTHEN
3463 Stoner Ave.
Los Angeles, CA  90066

Tel: (310) 391-9971
Fax: (310) 391-8971
Web: www.StatModel.com
Support: Support@StatModel.com

Copyright (c) 1998-2014 Muthen & Muthen
